<?xml version="1.0" encoding="UTF-8"?>
<testsuite name="com.board.Board_Upgraded.domainTest.MemberTest" tests="1" skipped="0" failures="0" errors="0" timestamp="2023-01-11T06:53:35" hostname="ijanghuiui-MacBookPro.local" time="0.121">
  <properties/>
  <testcase name="이메일을 수정하면, 변경된 이메일이 나온다." classname="com.board.Board_Upgraded.domainTest.MemberTest" time="0.121"/>
  <system-out><![CDATA[]]></system-out>
  <system-err><![CDATA[]]></system-err>
</testsuite>
