<?xml version="1.0" encoding="UTF-8"?>
<testsuite name="com.board.Board_Upgraded.repository.MemberRepositoryTest" tests="1" skipped="0" failures="0" errors="0" timestamp="2023-02-02T13:05:33" hostname="ijanghuiui-MacBookPro.local" time="0.182">
  <properties/>
  <testcase name="수정시 변경감지로 쿼리가 나가고 조회해오면 변경이 반영되었는지 테스트" classname="com.board.Board_Upgraded.repository.MemberRepositoryTest" time="0.182"/>
  <system-out><![CDATA[22:05:30.967 [Test worker] DEBUG org.springframework.test.context.BootstrapUtils - Instantiating CacheAwareContextLoaderDelegate from class [org.springframework.test.context.cache.DefaultCacheAwareContextLoaderDelegate]
22:05:30.971 [Test worker] DEBUG org.springframework.test.context.BootstrapUtils - Instantiating BootstrapContext using constructor [public org.springframework.test.context.support.DefaultBootstrapContext(java.lang.Class,org.springframework.test.context.CacheAwareContextLoaderDelegate)]
22:05:30.985 [Test worker] DEBUG org.springframework.test.context.BootstrapUtils - Instantiating TestContextBootstrapper for test class [com.board.Board_Upgraded.repository.MemberRepositoryTest] from class [org.springframework.boot.test.context.SpringBootTestContextBootstrapper]
22:05:30.990 [Test worker] INFO org.springframework.boot.test.context.SpringBootTestContextBootstrapper - Neither @ContextConfiguration nor @ContextHierarchy found for test class [com.board.Board_Upgraded.repository.MemberRepositoryTest], using SpringBootContextLoader
22:05:30.992 [Test worker] DEBUG org.springframework.test.context.support.AbstractContextLoader - Did not detect default resource location for test class [com.board.Board_Upgraded.repository.MemberRepositoryTest]: class path resource [com/board/Board_Upgraded/repository/MemberRepositoryTest-context.xml] does not exist
22:05:30.992 [Test worker] DEBUG org.springframework.test.context.support.AbstractContextLoader - Did not detect default resource location for test class [com.board.Board_Upgraded.repository.MemberRepositoryTest]: class path resource [com/board/Board_Upgraded/repository/MemberRepositoryTestContext.groovy] does not exist
22:05:30.992 [Test worker] INFO org.springframework.test.context.support.AbstractContextLoader - Could not detect default resource locations for test class [com.board.Board_Upgraded.repository.MemberRepositoryTest]: no resource found for suffixes {-context.xml, Context.groovy}.
22:05:30.992 [Test worker] INFO org.springframework.test.context.support.AnnotationConfigContextLoaderUtils - Could not detect default configuration classes for test class [com.board.Board_Upgraded.repository.MemberRepositoryTest]: MemberRepositoryTest does not declare any static, non-private, non-final, nested classes annotated with @Configuration.
22:05:31.011 [Test worker] DEBUG org.springframework.test.context.support.ActiveProfilesUtils - Could not find an 'annotation declaring class' for annotation type [org.springframework.test.context.ActiveProfiles] and class [com.board.Board_Upgraded.repository.MemberRepositoryTest]
22:05:31.037 [Test worker] DEBUG org.springframework.context.annotation.ClassPathScanningCandidateComponentProvider - Identified candidate component class: file [/Users/leeeehgnaj/Desktop/Coding/Board_Upgraded/build/classes/java/main/com/board/Board_Upgraded/BoardUpgradedApplication.class]
22:05:31.037 [Test worker] INFO org.springframework.boot.test.context.SpringBootTestContextBootstrapper - Found @SpringBootConfiguration com.board.Board_Upgraded.BoardUpgradedApplication for test class com.board.Board_Upgraded.repository.MemberRepositoryTest
22:05:31.072 [Test worker] DEBUG org.springframework.boot.test.context.SpringBootTestContextBootstrapper - @TestExecutionListeners is not present for class [com.board.Board_Upgraded.repository.MemberRepositoryTest]: using defaults.
22:05:31.072 [Test worker] INFO org.springframework.boot.test.context.SpringBootTestContextBootstrapper - Loaded default TestExecutionListener class names from location [META-INF/spring.factories]: [org.springframework.security.test.context.support.WithSecurityContextTestExecutionListener, org.springframework.security.test.context.support.ReactorContextTestExecutionListener, org.springframework.boot.test.autoconfigure.restdocs.RestDocsTestExecutionListener, org.springframework.boot.test.autoconfigure.web.client.MockRestServiceServerResetTestExecutionListener, org.springframework.boot.test.autoconfigure.web.servlet.MockMvcPrintOnlyOnFailureTestExecutionListener, org.springframework.boot.test.autoconfigure.web.servlet.WebDriverTestExecutionListener, org.springframework.boot.test.autoconfigure.webservices.client.MockWebServiceServerTestExecutionListener, org.springframework.boot.test.mock.mockito.MockitoTestExecutionListener, org.springframework.boot.test.mock.mockito.ResetMocksTestExecutionListener, org.springframework.test.context.web.ServletTestExecutionListener, org.springframework.test.context.support.DirtiesContextBeforeModesTestExecutionListener, org.springframework.test.context.event.ApplicationEventsTestExecutionListener, org.springframework.test.context.support.DependencyInjectionTestExecutionListener, org.springframework.test.context.support.DirtiesContextTestExecutionListener, org.springframework.test.context.transaction.TransactionalTestExecutionListener, org.springframework.test.context.jdbc.SqlScriptsTestExecutionListener, org.springframework.test.context.event.EventPublishingTestExecutionListener]
22:05:31.082 [Test worker] INFO org.springframework.boot.test.context.SpringBootTestContextBootstrapper - Using TestExecutionListeners: [org.springframework.test.context.web.ServletTestExecutionListener@6e1d8f9e, org.springframework.test.context.support.DirtiesContextBeforeModesTestExecutionListener@3e34ace1, org.springframework.test.context.event.ApplicationEventsTestExecutionListener@62fe6067, org.springframework.boot.test.mock.mockito.MockitoTestExecutionListener@4f071df8, org.springframework.boot.test.autoconfigure.SpringBootDependencyInjectionTestExecutionListener@4de41af9, org.springframework.test.context.support.DirtiesContextTestExecutionListener@56ace400, org.springframework.test.context.transaction.TransactionalTestExecutionListener@47404bea, org.springframework.test.context.jdbc.SqlScriptsTestExecutionListener@305f7627, org.springframework.security.test.context.support.WithSecurityContextTestExecutionListener@5d018107, org.springframework.test.context.event.EventPublishingTestExecutionListener@6cbcf243, org.springframework.security.test.context.support.ReactorContextTestExecutionListener@29e6eb25, org.springframework.boot.test.autoconfigure.restdocs.RestDocsTestExecutionListener@62435e70, org.springframework.boot.test.autoconfigure.web.client.MockRestServiceServerResetTestExecutionListener@339bf286, org.springframework.boot.test.autoconfigure.web.servlet.MockMvcPrintOnlyOnFailureTestExecutionListener@38be305c, org.springframework.boot.test.autoconfigure.web.servlet.WebDriverTestExecutionListener@269f4bad, org.springframework.boot.test.autoconfigure.webservices.client.MockWebServiceServerTestExecutionListener@5ed731d0, org.springframework.boot.test.mock.mockito.ResetMocksTestExecutionListener@3234f74e]
22:05:31.083 [Test worker] DEBUG org.springframework.test.context.support.AbstractDirtiesContextTestExecutionListener - Before test class: context [DefaultTestContext@72445aba testClass = MemberRepositoryTest, testInstance = [null], testMethod = [null], testException = [null], mergedContextConfiguration = [WebMergedContextConfiguration@61bcd567 testClass = MemberRepositoryTest, locations = '{}', classes = '{class com.board.Board_Upgraded.BoardUpgradedApplication}', contextInitializerClasses = '[]', activeProfiles = '{}', propertySourceLocations = '{}', propertySourceProperties = '{org.springframework.boot.test.context.SpringBootTestContextBootstrapper=true}', contextCustomizers = set[org.springframework.boot.test.autoconfigure.actuate.metrics.MetricsExportContextCustomizerFactory$DisableMetricExportContextCustomizer@600b90df, org.springframework.boot.test.autoconfigure.properties.PropertyMappingContextCustomizer@0, org.springframework.boot.test.autoconfigure.web.servlet.WebDriverContextCustomizerFactory$Customizer@60df60da, org.springframework.boot.test.context.filter.ExcludeFilterContextCustomizer@632ceb35, org.springframework.boot.test.json.DuplicateJsonObjectContextCustomizerFactory$DuplicateJsonObjectContextCustomizer@130e116b, org.springframework.boot.test.mock.mockito.MockitoContextCustomizer@0, org.springframework.boot.test.web.client.TestRestTemplateContextCustomizer@9ebe38b, org.springframework.boot.test.context.SpringBootTestArgs@1, org.springframework.boot.test.context.SpringBootTestWebEnvironment@57250572], resourceBasePath = 'src/main/webapp', contextLoader = 'org.springframework.boot.test.context.SpringBootContextLoader', parent = [null]], attributes = map['org.springframework.test.context.web.ServletTestExecutionListener.activateListener' -> true]], class annotated with @DirtiesContext [false] with mode [null].

  .   ____          _            __ _ _
 /\\ / ___'_ __ _ _(_)_ __  __ _ \ \ \ \
( ( )\___ | '_ | '_| | '_ \/ _` | \ \ \ \
 \\/  ___)| |_)| | | | | || (_| |  ) ) ) )
  '  |____| .__|_| |_|_| |_\__, | / / / /
 =========|_|==============|___/=/_/_/_/
 :: Spring Boot ::                (v2.7.0)

2023-02-02 22:05:31.235  INFO 88558 --- [    Test worker] c.b.B.repository.MemberRepositoryTest    : Starting MemberRepositoryTest using Java 17.0.2 on ijanghuiui-MacBookPro.local with PID 88558 (started by leeeehgnaj in /Users/leeeehgnaj/Desktop/Coding/Board_Upgraded)
2023-02-02 22:05:31.235  INFO 88558 --- [    Test worker] c.b.B.repository.MemberRepositoryTest    : The following 1 profile is active: "local"
2023-02-02 22:05:31.605  INFO 88558 --- [    Test worker] .s.d.r.c.RepositoryConfigurationDelegate : Bootstrapping Spring Data JPA repositories in DEFAULT mode.
2023-02-02 22:05:31.627  INFO 88558 --- [    Test worker] .s.d.r.c.RepositoryConfigurationDelegate : Finished Spring Data repository scanning in 19 ms. Found 2 JPA repository interfaces.
2023-02-02 22:05:31.891  INFO 88558 --- [    Test worker] o.hibernate.jpa.internal.util.LogHelper  : HHH000204: Processing PersistenceUnitInfo [name: default]
2023-02-02 22:05:31.914  INFO 88558 --- [    Test worker] org.hibernate.Version                    : HHH000412: Hibernate ORM core version 5.6.9.Final
2023-02-02 22:05:31.987  INFO 88558 --- [    Test worker] o.hibernate.annotations.common.Version   : HCANN000001: Hibernate Commons Annotations {5.1.2.Final}
2023-02-02 22:05:31.997 DEBUG 88558 --- [    Test worker] org.hibernate.type.BasicTypeRegistry     : Adding type registration boolean -> org.hibernate.type.BooleanType@6451a288
2023-02-02 22:05:31.997 DEBUG 88558 --- [    Test worker] org.hibernate.type.BasicTypeRegistry     : Adding type registration boolean -> org.hibernate.type.BooleanType@6451a288
2023-02-02 22:05:31.997 DEBUG 88558 --- [    Test worker] org.hibernate.type.BasicTypeRegistry     : Adding type registration java.lang.Boolean -> org.hibernate.type.BooleanType@6451a288
2023-02-02 22:05:31.997 DEBUG 88558 --- [    Test worker] org.hibernate.type.BasicTypeRegistry     : Adding type registration numeric_boolean -> org.hibernate.type.NumericBooleanType@7198ab9a
2023-02-02 22:05:31.998 DEBUG 88558 --- [    Test worker] org.hibernate.type.BasicTypeRegistry     : Adding type registration true_false -> org.hibernate.type.TrueFalseType@2913ca3e
2023-02-02 22:05:31.998 DEBUG 88558 --- [    Test worker] org.hibernate.type.BasicTypeRegistry     : Adding type registration yes_no -> org.hibernate.type.YesNoType@734f8317
2023-02-02 22:05:31.998 DEBUG 88558 --- [    Test worker] org.hibernate.type.BasicTypeRegistry     : Adding type registration byte -> org.hibernate.type.ByteType@38d42ab7
2023-02-02 22:05:31.998 DEBUG 88558 --- [    Test worker] org.hibernate.type.BasicTypeRegistry     : Adding type registration byte -> org.hibernate.type.ByteType@38d42ab7
2023-02-02 22:05:31.998 DEBUG 88558 --- [    Test worker] org.hibernate.type.BasicTypeRegistry     : Adding type registration java.lang.Byte -> org.hibernate.type.ByteType@38d42ab7
2023-02-02 22:05:31.998 DEBUG 88558 --- [    Test worker] org.hibernate.type.BasicTypeRegistry     : Adding type registration character -> org.hibernate.type.CharacterType@8f6b4ab
2023-02-02 22:05:31.999 DEBUG 88558 --- [    Test worker] org.hibernate.type.BasicTypeRegistry     : Adding type registration char -> org.hibernate.type.CharacterType@8f6b4ab
2023-02-02 22:05:31.999 DEBUG 88558 --- [    Test worker] org.hibernate.type.BasicTypeRegistry     : Adding type registration java.lang.Character -> org.hibernate.type.CharacterType@8f6b4ab
2023-02-02 22:05:31.999 DEBUG 88558 --- [    Test worker] org.hibernate.type.BasicTypeRegistry     : Adding type registration short -> org.hibernate.type.ShortType@6723cce7
2023-02-02 22:05:31.999 DEBUG 88558 --- [    Test worker] org.hibernate.type.BasicTypeRegistry     : Adding type registration short -> org.hibernate.type.ShortType@6723cce7
2023-02-02 22:05:31.999 DEBUG 88558 --- [    Test worker] org.hibernate.type.BasicTypeRegistry     : Adding type registration java.lang.Short -> org.hibernate.type.ShortType@6723cce7
2023-02-02 22:05:31.999 DEBUG 88558 --- [    Test worker] org.hibernate.type.BasicTypeRegistry     : Adding type registration integer -> org.hibernate.type.IntegerType@261275ae
2023-02-02 22:05:31.999 DEBUG 88558 --- [    Test worker] org.hibernate.type.BasicTypeRegistry     : Adding type registration int -> org.hibernate.type.IntegerType@261275ae
2023-02-02 22:05:32.000 DEBUG 88558 --- [    Test worker] org.hibernate.type.BasicTypeRegistry     : Adding type registration java.lang.Integer -> org.hibernate.type.IntegerType@261275ae
2023-02-02 22:05:32.000 DEBUG 88558 --- [    Test worker] org.hibernate.type.BasicTypeRegistry     : Adding type registration long -> org.hibernate.type.LongType@60ed0b9d
2023-02-02 22:05:32.000 DEBUG 88558 --- [    Test worker] org.hibernate.type.BasicTypeRegistry     : Adding type registration long -> org.hibernate.type.LongType@60ed0b9d
2023-02-02 22:05:32.000 DEBUG 88558 --- [    Test worker] org.hibernate.type.BasicTypeRegistry     : Adding type registration java.lang.Long -> org.hibernate.type.LongType@60ed0b9d
2023-02-02 22:05:32.000 DEBUG 88558 --- [    Test worker] org.hibernate.type.BasicTypeRegistry     : Adding type registration float -> org.hibernate.type.FloatType@2d73e8c4
2023-02-02 22:05:32.000 DEBUG 88558 --- [    Test worker] org.hibernate.type.BasicTypeRegistry     : Adding type registration float -> org.hibernate.type.FloatType@2d73e8c4
2023-02-02 22:05:32.000 DEBUG 88558 --- [    Test worker] org.hibernate.type.BasicTypeRegistry     : Adding type registration java.lang.Float -> org.hibernate.type.FloatType@2d73e8c4
2023-02-02 22:05:32.001 DEBUG 88558 --- [    Test worker] org.hibernate.type.BasicTypeRegistry     : Adding type registration double -> org.hibernate.type.DoubleType@52d9d817
2023-02-02 22:05:32.001 DEBUG 88558 --- [    Test worker] org.hibernate.type.BasicTypeRegistry     : Adding type registration double -> org.hibernate.type.DoubleType@52d9d817
2023-02-02 22:05:32.001 DEBUG 88558 --- [    Test worker] org.hibernate.type.BasicTypeRegistry     : Adding type registration java.lang.Double -> org.hibernate.type.DoubleType@52d9d817
2023-02-02 22:05:32.001 DEBUG 88558 --- [    Test worker] org.hibernate.type.BasicTypeRegistry     : Adding type registration big_decimal -> org.hibernate.type.BigDecimalType@a1e912f
2023-02-02 22:05:32.001 DEBUG 88558 --- [    Test worker] org.hibernate.type.BasicTypeRegistry     : Adding type registration java.math.BigDecimal -> org.hibernate.type.BigDecimalType@a1e912f
2023-02-02 22:05:32.001 DEBUG 88558 --- [    Test worker] org.hibernate.type.BasicTypeRegistry     : Adding type registration big_integer -> org.hibernate.type.BigIntegerType@3ae2702a
2023-02-02 22:05:32.001 DEBUG 88558 --- [    Test worker] org.hibernate.type.BasicTypeRegistry     : Adding type registration java.math.BigInteger -> org.hibernate.type.BigIntegerType@3ae2702a
2023-02-02 22:05:32.002 DEBUG 88558 --- [    Test worker] org.hibernate.type.BasicTypeRegistry     : Adding type registration string -> org.hibernate.type.StringType@20dd5870
2023-02-02 22:05:32.002 DEBUG 88558 --- [    Test worker] org.hibernate.type.BasicTypeRegistry     : Adding type registration java.lang.String -> org.hibernate.type.StringType@20dd5870
2023-02-02 22:05:32.002 DEBUG 88558 --- [    Test worker] org.hibernate.type.BasicTypeRegistry     : Adding type registration nstring -> org.hibernate.type.StringNVarcharType@24405466
2023-02-02 22:05:32.002 DEBUG 88558 --- [    Test worker] org.hibernate.type.BasicTypeRegistry     : Adding type registration ncharacter -> org.hibernate.type.CharacterNCharType@21280cbb
2023-02-02 22:05:32.002 DEBUG 88558 --- [    Test worker] org.hibernate.type.BasicTypeRegistry     : Adding type registration url -> org.hibernate.type.UrlType@2c7ad4f3
2023-02-02 22:05:32.002 DEBUG 88558 --- [    Test worker] org.hibernate.type.BasicTypeRegistry     : Adding type registration java.net.URL -> org.hibernate.type.UrlType@2c7ad4f3
2023-02-02 22:05:32.002 DEBUG 88558 --- [    Test worker] org.hibernate.type.BasicTypeRegistry     : Adding type registration Duration -> org.hibernate.type.DurationType@3dbb3fb7
2023-02-02 22:05:32.002 DEBUG 88558 --- [    Test worker] org.hibernate.type.BasicTypeRegistry     : Adding type registration java.time.Duration -> org.hibernate.type.DurationType@3dbb3fb7
2023-02-02 22:05:32.003 DEBUG 88558 --- [    Test worker] org.hibernate.type.BasicTypeRegistry     : Adding type registration Instant -> org.hibernate.type.InstantType@7bf65e0f
2023-02-02 22:05:32.003 DEBUG 88558 --- [    Test worker] org.hibernate.type.BasicTypeRegistry     : Adding type registration java.time.Instant -> org.hibernate.type.InstantType@7bf65e0f
2023-02-02 22:05:32.003 DEBUG 88558 --- [    Test worker] org.hibernate.type.BasicTypeRegistry     : Adding type registration LocalDateTime -> org.hibernate.type.LocalDateTimeType@4b343b6d
2023-02-02 22:05:32.003 DEBUG 88558 --- [    Test worker] org.hibernate.type.BasicTypeRegistry     : Adding type registration java.time.LocalDateTime -> org.hibernate.type.LocalDateTimeType@4b343b6d
2023-02-02 22:05:32.003 DEBUG 88558 --- [    Test worker] org.hibernate.type.BasicTypeRegistry     : Adding type registration LocalDate -> org.hibernate.type.LocalDateType@7645e64
2023-02-02 22:05:32.003 DEBUG 88558 --- [    Test worker] org.hibernate.type.BasicTypeRegistry     : Adding type registration java.time.LocalDate -> org.hibernate.type.LocalDateType@7645e64
2023-02-02 22:05:32.004 DEBUG 88558 --- [    Test worker] org.hibernate.type.BasicTypeRegistry     : Adding type registration LocalTime -> org.hibernate.type.LocalTimeType@11574592
2023-02-02 22:05:32.004 DEBUG 88558 --- [    Test worker] org.hibernate.type.BasicTypeRegistry     : Adding type registration java.time.LocalTime -> org.hibernate.type.LocalTimeType@11574592
2023-02-02 22:05:32.004 DEBUG 88558 --- [    Test worker] org.hibernate.type.BasicTypeRegistry     : Adding type registration OffsetDateTime -> org.hibernate.type.OffsetDateTimeType@13234ac9
2023-02-02 22:05:32.004 DEBUG 88558 --- [    Test worker] org.hibernate.type.BasicTypeRegistry     : Adding type registration java.time.OffsetDateTime -> org.hibernate.type.OffsetDateTimeType@13234ac9
2023-02-02 22:05:32.004 DEBUG 88558 --- [    Test worker] org.hibernate.type.BasicTypeRegistry     : Adding type registration OffsetTime -> org.hibernate.type.OffsetTimeType@2513155a
2023-02-02 22:05:32.004 DEBUG 88558 --- [    Test worker] org.hibernate.type.BasicTypeRegistry     : Adding type registration java.time.OffsetTime -> org.hibernate.type.OffsetTimeType@2513155a
2023-02-02 22:05:32.005 DEBUG 88558 --- [    Test worker] org.hibernate.type.BasicTypeRegistry     : Adding type registration ZonedDateTime -> org.hibernate.type.ZonedDateTimeType@66d2885c
2023-02-02 22:05:32.005 DEBUG 88558 --- [    Test worker] org.hibernate.type.BasicTypeRegistry     : Adding type registration java.time.ZonedDateTime -> org.hibernate.type.ZonedDateTimeType@66d2885c
2023-02-02 22:05:32.005 DEBUG 88558 --- [    Test worker] org.hibernate.type.BasicTypeRegistry     : Adding type registration date -> org.hibernate.type.DateType@4f402027
2023-02-02 22:05:32.005 DEBUG 88558 --- [    Test worker] org.hibernate.type.BasicTypeRegistry     : Adding type registration java.sql.Date -> org.hibernate.type.DateType@4f402027
2023-02-02 22:05:32.006 DEBUG 88558 --- [    Test worker] org.hibernate.type.BasicTypeRegistry     : Adding type registration time -> org.hibernate.type.TimeType@3eb9c575
2023-02-02 22:05:32.006 DEBUG 88558 --- [    Test worker] org.hibernate.type.BasicTypeRegistry     : Adding type registration java.sql.Time -> org.hibernate.type.TimeType@3eb9c575
2023-02-02 22:05:32.006 DEBUG 88558 --- [    Test worker] org.hibernate.type.BasicTypeRegistry     : Adding type registration timestamp -> org.hibernate.type.TimestampType@708769b7
2023-02-02 22:05:32.006 DEBUG 88558 --- [    Test worker] org.hibernate.type.BasicTypeRegistry     : Adding type registration java.sql.Timestamp -> org.hibernate.type.TimestampType@708769b7
2023-02-02 22:05:32.006 DEBUG 88558 --- [    Test worker] org.hibernate.type.BasicTypeRegistry     : Adding type registration java.util.Date -> org.hibernate.type.TimestampType@708769b7
2023-02-02 22:05:32.007 DEBUG 88558 --- [    Test worker] org.hibernate.type.BasicTypeRegistry     : Adding type registration dbtimestamp -> org.hibernate.type.DbTimestampType@10b87ff6
2023-02-02 22:05:32.007 DEBUG 88558 --- [    Test worker] org.hibernate.type.BasicTypeRegistry     : Adding type registration calendar -> org.hibernate.type.CalendarType@41938e1e
2023-02-02 22:05:32.007 DEBUG 88558 --- [    Test worker] org.hibernate.type.BasicTypeRegistry     : Adding type registration java.util.Calendar -> org.hibernate.type.CalendarType@41938e1e
2023-02-02 22:05:32.007 DEBUG 88558 --- [    Test worker] org.hibernate.type.BasicTypeRegistry     : Adding type registration java.util.GregorianCalendar -> org.hibernate.type.CalendarType@41938e1e
2023-02-02 22:05:32.007 DEBUG 88558 --- [    Test worker] org.hibernate.type.BasicTypeRegistry     : Adding type registration calendar_date -> org.hibernate.type.CalendarDateType@74764622
2023-02-02 22:05:32.008 DEBUG 88558 --- [    Test worker] org.hibernate.type.BasicTypeRegistry     : Adding type registration calendar_time -> org.hibernate.type.CalendarTimeType@60c98f25
2023-02-02 22:05:32.008 DEBUG 88558 --- [    Test worker] org.hibernate.type.BasicTypeRegistry     : Adding type registration locale -> org.hibernate.type.LocaleType@46e388ec
2023-02-02 22:05:32.008 DEBUG 88558 --- [    Test worker] org.hibernate.type.BasicTypeRegistry     : Adding type registration java.util.Locale -> org.hibernate.type.LocaleType@46e388ec
2023-02-02 22:05:32.008 DEBUG 88558 --- [    Test worker] org.hibernate.type.BasicTypeRegistry     : Adding type registration currency -> org.hibernate.type.CurrencyType@26463a6
2023-02-02 22:05:32.008 DEBUG 88558 --- [    Test worker] org.hibernate.type.BasicTypeRegistry     : Adding type registration java.util.Currency -> org.hibernate.type.CurrencyType@26463a6
2023-02-02 22:05:32.009 DEBUG 88558 --- [    Test worker] org.hibernate.type.BasicTypeRegistry     : Adding type registration timezone -> org.hibernate.type.TimeZoneType@4cc7e3ad
2023-02-02 22:05:32.009 DEBUG 88558 --- [    Test worker] org.hibernate.type.BasicTypeRegistry     : Adding type registration java.util.TimeZone -> org.hibernate.type.TimeZoneType@4cc7e3ad
2023-02-02 22:05:32.009 DEBUG 88558 --- [    Test worker] org.hibernate.type.BasicTypeRegistry     : Adding type registration class -> org.hibernate.type.ClassType@77a2688d
2023-02-02 22:05:32.009 DEBUG 88558 --- [    Test worker] org.hibernate.type.BasicTypeRegistry     : Adding type registration java.lang.Class -> org.hibernate.type.ClassType@77a2688d
2023-02-02 22:05:32.009 DEBUG 88558 --- [    Test worker] org.hibernate.type.BasicTypeRegistry     : Adding type registration uuid-binary -> org.hibernate.type.UUIDBinaryType@d85b399
2023-02-02 22:05:32.009 DEBUG 88558 --- [    Test worker] org.hibernate.type.BasicTypeRegistry     : Adding type registration java.util.UUID -> org.hibernate.type.UUIDBinaryType@d85b399
2023-02-02 22:05:32.009 DEBUG 88558 --- [    Test worker] org.hibernate.type.BasicTypeRegistry     : Adding type registration uuid-char -> org.hibernate.type.UUIDCharType@67a0ff25
2023-02-02 22:05:32.009 DEBUG 88558 --- [    Test worker] org.hibernate.type.BasicTypeRegistry     : Adding type registration binary -> org.hibernate.type.BinaryType@284d4885
2023-02-02 22:05:32.009 DEBUG 88558 --- [    Test worker] org.hibernate.type.BasicTypeRegistry     : Adding type registration byte[] -> org.hibernate.type.BinaryType@284d4885
2023-02-02 22:05:32.010 DEBUG 88558 --- [    Test worker] org.hibernate.type.BasicTypeRegistry     : Adding type registration [B -> org.hibernate.type.BinaryType@284d4885
2023-02-02 22:05:32.010 DEBUG 88558 --- [    Test worker] org.hibernate.type.BasicTypeRegistry     : Adding type registration wrapper-binary -> org.hibernate.type.WrapperBinaryType@573a078
2023-02-02 22:05:32.010 DEBUG 88558 --- [    Test worker] org.hibernate.type.BasicTypeRegistry     : Adding type registration Byte[] -> org.hibernate.type.WrapperBinaryType@573a078
2023-02-02 22:05:32.010 DEBUG 88558 --- [    Test worker] org.hibernate.type.BasicTypeRegistry     : Adding type registration [Ljava.lang.Byte; -> org.hibernate.type.WrapperBinaryType@573a078
2023-02-02 22:05:32.010 DEBUG 88558 --- [    Test worker] org.hibernate.type.BasicTypeRegistry     : Adding type registration row_version -> org.hibernate.type.RowVersionType@4b5798c2
2023-02-02 22:05:32.010 DEBUG 88558 --- [    Test worker] org.hibernate.type.BasicTypeRegistry     : Adding type registration image -> org.hibernate.type.ImageType@44aed6a4
2023-02-02 22:05:32.011 DEBUG 88558 --- [    Test worker] org.hibernate.type.BasicTypeRegistry     : Adding type registration characters -> org.hibernate.type.CharArrayType@a84338a
2023-02-02 22:05:32.011 DEBUG 88558 --- [    Test worker] org.hibernate.type.BasicTypeRegistry     : Adding type registration char[] -> org.hibernate.type.CharArrayType@a84338a
2023-02-02 22:05:32.011 DEBUG 88558 --- [    Test worker] org.hibernate.type.BasicTypeRegistry     : Adding type registration [C -> org.hibernate.type.CharArrayType@a84338a
2023-02-02 22:05:32.011 DEBUG 88558 --- [    Test worker] org.hibernate.type.BasicTypeRegistry     : Adding type registration wrapper-characters -> org.hibernate.type.CharacterArrayType@278de2b2
2023-02-02 22:05:32.011 DEBUG 88558 --- [    Test worker] org.hibernate.type.BasicTypeRegistry     : Adding type registration [Ljava.lang.Character; -> org.hibernate.type.CharacterArrayType@278de2b2
2023-02-02 22:05:32.011 DEBUG 88558 --- [    Test worker] org.hibernate.type.BasicTypeRegistry     : Adding type registration Character[] -> org.hibernate.type.CharacterArrayType@278de2b2
2023-02-02 22:05:32.011 DEBUG 88558 --- [    Test worker] org.hibernate.type.BasicTypeRegistry     : Adding type registration text -> org.hibernate.type.TextType@29c59b6e
2023-02-02 22:05:32.011 DEBUG 88558 --- [    Test worker] org.hibernate.type.BasicTypeRegistry     : Adding type registration ntext -> org.hibernate.type.NTextType@24a3d414
2023-02-02 22:05:32.012 DEBUG 88558 --- [    Test worker] org.hibernate.type.BasicTypeRegistry     : Adding type registration blob -> org.hibernate.type.BlobType@4fa91d5b
2023-02-02 22:05:32.012 DEBUG 88558 --- [    Test worker] org.hibernate.type.BasicTypeRegistry     : Adding type registration java.sql.Blob -> org.hibernate.type.BlobType@4fa91d5b
2023-02-02 22:05:32.012 DEBUG 88558 --- [    Test worker] org.hibernate.type.BasicTypeRegistry     : Adding type registration materialized_blob -> org.hibernate.type.MaterializedBlobType@531a716c
2023-02-02 22:05:32.012 DEBUG 88558 --- [    Test worker] org.hibernate.type.BasicTypeRegistry     : Adding type registration clob -> org.hibernate.type.ClobType@4a833595
2023-02-02 22:05:32.012 DEBUG 88558 --- [    Test worker] org.hibernate.type.BasicTypeRegistry     : Adding type registration java.sql.Clob -> org.hibernate.type.ClobType@4a833595
2023-02-02 22:05:32.013 DEBUG 88558 --- [    Test worker] org.hibernate.type.BasicTypeRegistry     : Adding type registration nclob -> org.hibernate.type.NClobType@1e29a81a
2023-02-02 22:05:32.013 DEBUG 88558 --- [    Test worker] org.hibernate.type.BasicTypeRegistry     : Adding type registration java.sql.NClob -> org.hibernate.type.NClobType@1e29a81a
2023-02-02 22:05:32.013 DEBUG 88558 --- [    Test worker] org.hibernate.type.BasicTypeRegistry     : Adding type registration materialized_clob -> org.hibernate.type.MaterializedClobType@3cf4dec7
2023-02-02 22:05:32.013 DEBUG 88558 --- [    Test worker] org.hibernate.type.BasicTypeRegistry     : Adding type registration materialized_nclob -> org.hibernate.type.MaterializedNClobType@2a425cf5
2023-02-02 22:05:32.013 DEBUG 88558 --- [    Test worker] org.hibernate.type.BasicTypeRegistry     : Adding type registration serializable -> org.hibernate.type.SerializableType@3d71e10b
2023-02-02 22:05:32.014 DEBUG 88558 --- [    Test worker] org.hibernate.type.BasicTypeRegistry     : Adding type registration object -> org.hibernate.type.ObjectType@702096ef
2023-02-02 22:05:32.014 DEBUG 88558 --- [    Test worker] org.hibernate.type.BasicTypeRegistry     : Adding type registration java.lang.Object -> org.hibernate.type.ObjectType@702096ef
2023-02-02 22:05:32.015 DEBUG 88558 --- [    Test worker] org.hibernate.type.BasicTypeRegistry     : Adding type registration imm_date -> org.hibernate.type.AdaptedImmutableType@24a8e40d
2023-02-02 22:05:32.015 DEBUG 88558 --- [    Test worker] org.hibernate.type.BasicTypeRegistry     : Adding type registration imm_time -> org.hibernate.type.AdaptedImmutableType@175f859e
2023-02-02 22:05:32.015 DEBUG 88558 --- [    Test worker] org.hibernate.type.BasicTypeRegistry     : Adding type registration imm_timestamp -> org.hibernate.type.AdaptedImmutableType@69fe7090
2023-02-02 22:05:32.015 DEBUG 88558 --- [    Test worker] org.hibernate.type.BasicTypeRegistry     : Adding type registration imm_dbtimestamp -> org.hibernate.type.AdaptedImmutableType@6501b105
2023-02-02 22:05:32.015 DEBUG 88558 --- [    Test worker] org.hibernate.type.BasicTypeRegistry     : Adding type registration imm_calendar -> org.hibernate.type.AdaptedImmutableType@66ab924
2023-02-02 22:05:32.015 DEBUG 88558 --- [    Test worker] org.hibernate.type.BasicTypeRegistry     : Adding type registration imm_calendar_date -> org.hibernate.type.AdaptedImmutableType@6df2af02
2023-02-02 22:05:32.015 DEBUG 88558 --- [    Test worker] org.hibernate.type.BasicTypeRegistry     : Adding type registration imm_binary -> org.hibernate.type.AdaptedImmutableType@779228dc
2023-02-02 22:05:32.015 DEBUG 88558 --- [    Test worker] org.hibernate.type.BasicTypeRegistry     : Adding type registration imm_serializable -> org.hibernate.type.AdaptedImmutableType@1f7336b2
2023-02-02 22:05:32.030  INFO 88558 --- [    Test worker] com.zaxxer.hikari.HikariDataSource       : HikariPool-1 - Starting...
2023-02-02 22:05:32.074  INFO 88558 --- [    Test worker] com.zaxxer.hikari.HikariDataSource       : HikariPool-1 - Start completed.
2023-02-02 22:05:32.087  INFO 88558 --- [    Test worker] org.hibernate.dialect.Dialect            : HHH000400: Using dialect: org.hibernate.dialect.H2Dialect
2023-02-02 22:05:32.104 DEBUG 88558 --- [    Test worker] o.h.type.spi.TypeConfiguration$Scope     : Scoping TypeConfiguration [org.hibernate.type.spi.TypeConfiguration@42a05533] to MetadataBuildingContext [org.hibernate.boot.internal.MetadataBuildingContextRootImpl@17053b5]
2023-02-02 22:05:32.203 DEBUG 88558 --- [    Test worker] org.hibernate.type.EnumType              : Using NAMED-based conversion for Enum com.board.Board_Upgraded.entity.member.Role
2023-02-02 22:05:32.203 DEBUG 88558 --- [    Test worker] o.h.type.spi.TypeConfiguration$Scope     : Scoping TypeConfiguration [org.hibernate.type.spi.TypeConfiguration@42a05533] to SessionFactoryImpl [org.hibernate.internal.SessionFactoryImpl@4ba1c1a2]
2023-02-02 22:05:32.326 DEBUG 88558 --- [    Test worker] org.hibernate.SQL                        : 
    
    drop table if exists member CASCADE 
2023-02-02 22:05:32.329 DEBUG 88558 --- [    Test worker] org.hibernate.SQL                        : 
    
    drop table if exists refresh_token CASCADE 
2023-02-02 22:05:32.331 DEBUG 88558 --- [    Test worker] org.hibernate.SQL                        : 
    
    create table member (
       id bigint generated by default as identity,
        created_time timestamp not null,
        last_modified_time timestamp not null,
        member_email varchar(255),
        member_nickname varchar(255),
        member_password varchar(255),
        member_role varchar(255),
        member_username varchar(255),
        primary key (id)
    )
2023-02-02 22:05:32.332 DEBUG 88558 --- [    Test worker] org.hibernate.SQL                        : 
    
    create table refresh_token (
       rt_key varchar(255) not null,
        rt_value varchar(255),
        primary key (rt_key)
    )
2023-02-02 22:05:32.333  INFO 88558 --- [    Test worker] o.h.e.t.j.p.i.JtaPlatformInitiator       : HHH000490: Using JtaPlatform implementation: [org.hibernate.engine.transaction.jta.platform.internal.NoJtaPlatform]
2023-02-02 22:05:32.336 TRACE 88558 --- [    Test worker] o.h.type.spi.TypeConfiguration$Scope     : Handling #sessionFactoryCreated from [org.hibernate.internal.SessionFactoryImpl@4ba1c1a2] for TypeConfiguration
2023-02-02 22:05:32.337  INFO 88558 --- [    Test worker] j.LocalContainerEntityManagerFactoryBean : Initialized JPA EntityManagerFactory for persistence unit 'default'
2023-02-02 22:05:32.607  WARN 88558 --- [    Test worker] JpaBaseConfiguration$JpaWebConfiguration : spring.jpa.open-in-view is enabled by default. Therefore, database queries may be performed during view rendering. Explicitly configure spring.jpa.open-in-view to disable this warning
2023-02-02 22:05:32.758  INFO 88558 --- [    Test worker] o.s.s.web.DefaultSecurityFilterChain     : Will secure any request with [org.springframework.security.web.session.DisableEncodeUrlFilter@759c53e5, org.springframework.security.web.context.request.async.WebAsyncManagerIntegrationFilter@28d37d43, org.springframework.security.web.context.SecurityContextPersistenceFilter@2723b0d0, org.springframework.security.web.header.HeaderWriterFilter@58cd6088, org.springframework.security.web.csrf.CsrfFilter@70ca8e72, org.springframework.security.web.authentication.logout.LogoutFilter@5cef5fc9, org.springframework.security.web.authentication.www.BasicAuthenticationFilter@3abb6aa, org.springframework.security.web.savedrequest.RequestCacheAwareFilter@6de2344a, org.springframework.security.web.servletapi.SecurityContextHolderAwareRequestFilter@238c63df, org.springframework.security.web.authentication.AnonymousAuthenticationFilter@2c02cf78, org.springframework.security.web.session.SessionManagementFilter@372e972d, org.springframework.security.web.access.ExceptionTranslationFilter@5e1bfe66, org.springframework.security.web.access.intercept.AuthorizationFilter@362e6fe]
2023-02-02 22:05:32.761  WARN 88558 --- [    Test worker] o.s.s.c.a.web.builders.WebSecurity       : You are asking Spring Security to ignore Ant [pattern='/api/test/getTest']. This is not recommended -- please use permitAll via HttpSecurity#authorizeHttpRequests instead.
2023-02-02 22:05:32.761  INFO 88558 --- [    Test worker] o.s.s.web.DefaultSecurityFilterChain     : Will not secure Ant [pattern='/api/test/getTest']
2023-02-02 22:05:32.761  WARN 88558 --- [    Test worker] o.s.s.c.a.web.builders.WebSecurity       : You are asking Spring Security to ignore Ant [pattern='/api/join']. This is not recommended -- please use permitAll via HttpSecurity#authorizeHttpRequests instead.
2023-02-02 22:05:32.761  INFO 88558 --- [    Test worker] o.s.s.web.DefaultSecurityFilterChain     : Will not secure Ant [pattern='/api/join']
2023-02-02 22:05:33.110  INFO 88558 --- [    Test worker] c.b.B.repository.MemberRepositoryTest    : Started MemberRepositoryTest in 2.013 seconds (JVM running for 2.445)
2023-02-02 22:05:33.124  INFO 88558 --- [    Test worker] o.s.t.c.transaction.TransactionContext   : Began transaction (1) for test context [DefaultTestContext@72445aba testClass = MemberRepositoryTest, testInstance = com.board.Board_Upgraded.repository.MemberRepositoryTest@50b1dfab, testMethod = updateTest@MemberRepositoryTest, testException = [null], mergedContextConfiguration = [WebMergedContextConfiguration@61bcd567 testClass = MemberRepositoryTest, locations = '{}', classes = '{class com.board.Board_Upgraded.BoardUpgradedApplication}', contextInitializerClasses = '[]', activeProfiles = '{}', propertySourceLocations = '{}', propertySourceProperties = '{org.springframework.boot.test.context.SpringBootTestContextBootstrapper=true}', contextCustomizers = set[org.springframework.boot.test.autoconfigure.actuate.metrics.MetricsExportContextCustomizerFactory$DisableMetricExportContextCustomizer@600b90df, org.springframework.boot.test.autoconfigure.properties.PropertyMappingContextCustomizer@0, org.springframework.boot.test.autoconfigure.web.servlet.WebDriverContextCustomizerFactory$Customizer@60df60da, org.springframework.boot.test.context.filter.ExcludeFilterContextCustomizer@632ceb35, org.springframework.boot.test.json.DuplicateJsonObjectContextCustomizerFactory$DuplicateJsonObjectContextCustomizer@130e116b, org.springframework.boot.test.mock.mockito.MockitoContextCustomizer@0, org.springframework.boot.test.web.client.TestRestTemplateContextCustomizer@9ebe38b, org.springframework.boot.test.context.SpringBootTestArgs@1, org.springframework.boot.test.context.SpringBootTestWebEnvironment@57250572], resourceBasePath = 'src/main/webapp', contextLoader = 'org.springframework.boot.test.context.SpringBootContextLoader', parent = [null]], attributes = map['org.springframework.test.context.web.ServletTestExecutionListener.activateListener' -> true, 'org.springframework.test.context.web.ServletTestExecutionListener.populatedRequestContextHolder' -> true, 'org.springframework.test.context.web.ServletTestExecutionListener.resetRequestContextHolder' -> true, 'org.springframework.test.context.event.ApplicationEventsTestExecutionListener.recordApplicationEvents' -> false]]; transaction manager [org.springframework.orm.jpa.JpaTransactionManager@5482b32a]; rollback [true]
2023-02-02 22:05:33.208 DEBUG 88558 --- [    Test worker] org.hibernate.SQL                        : 
    insert 
    into
        member
        (id, created_time, last_modified_time, member_email, member_nickname, member_password, member_role, member_username) 
    values
        (default, ?, ?, ?, ?, ?, ?, ?)
2023-02-02 22:05:33.211 TRACE 88558 --- [    Test worker] o.h.type.descriptor.sql.BasicBinder      : binding parameter [1] as [TIMESTAMP] - [2023-02-02T22:05:33.197743]
2023-02-02 22:05:33.212 TRACE 88558 --- [    Test worker] o.h.type.descriptor.sql.BasicBinder      : binding parameter [2] as [TIMESTAMP] - [2023-02-02T22:05:33.186771]
2023-02-02 22:05:33.212 TRACE 88558 --- [    Test worker] o.h.type.descriptor.sql.BasicBinder      : binding parameter [3] as [VARCHAR] - [test@test.com]
2023-02-02 22:05:33.212 TRACE 88558 --- [    Test worker] o.h.type.descriptor.sql.BasicBinder      : binding parameter [4] as [VARCHAR] - [test]
2023-02-02 22:05:33.212 TRACE 88558 --- [    Test worker] o.h.type.descriptor.sql.BasicBinder      : binding parameter [5] as [VARCHAR] - [password]
2023-02-02 22:05:33.212 TRACE 88558 --- [    Test worker] o.h.type.descriptor.sql.BasicBinder      : binding parameter [6] as [VARCHAR] - [USER]
2023-02-02 22:05:33.212 TRACE 88558 --- [    Test worker] o.h.type.descriptor.sql.BasicBinder      : binding parameter [7] as [VARCHAR] - [testUser]
2023-02-02 22:05:33.260 DEBUG 88558 --- [    Test worker] org.hibernate.SQL                        : 
    select
        member0_.id as id1_0_,
        member0_.created_time as created_2_0_,
        member0_.last_modified_time as last_mod3_0_,
        member0_.member_email as member_e4_0_,
        member0_.member_nickname as member_n5_0_,
        member0_.member_password as member_p6_0_,
        member0_.member_role as member_r7_0_,
        member0_.member_username as member_u8_0_ 
    from
        member member0_ 
    where
        member0_.member_username=?
2023-02-02 22:05:33.262 TRACE 88558 --- [    Test worker] o.h.type.descriptor.sql.BasicBinder      : binding parameter [1] as [VARCHAR] - [testUser]
2023-02-02 22:05:33.262 TRACE 88558 --- [    Test worker] o.h.type.descriptor.sql.BasicExtractor   : extracted value ([id1_0_] : [BIGINT]) - [1]
2023-02-02 22:05:33.263 TRACE 88558 --- [    Test worker] o.h.type.descriptor.sql.BasicExtractor   : extracted value ([created_2_0_] : [TIMESTAMP]) - [2023-02-02T22:05:33.197743]
2023-02-02 22:05:33.263 TRACE 88558 --- [    Test worker] o.h.type.descriptor.sql.BasicExtractor   : extracted value ([last_mod3_0_] : [TIMESTAMP]) - [2023-02-02T22:05:33.186771]
2023-02-02 22:05:33.263 TRACE 88558 --- [    Test worker] o.h.type.descriptor.sql.BasicExtractor   : extracted value ([member_e4_0_] : [VARCHAR]) - [test@test.com]
2023-02-02 22:05:33.263 TRACE 88558 --- [    Test worker] o.h.type.descriptor.sql.BasicExtractor   : extracted value ([member_n5_0_] : [VARCHAR]) - [test]
2023-02-02 22:05:33.263 TRACE 88558 --- [    Test worker] o.h.type.descriptor.sql.BasicExtractor   : extracted value ([member_p6_0_] : [VARCHAR]) - [password]
2023-02-02 22:05:33.264 TRACE 88558 --- [    Test worker] o.h.type.descriptor.sql.BasicExtractor   : extracted value ([member_r7_0_] : [VARCHAR]) - [USER]
2023-02-02 22:05:33.264 TRACE 88558 --- [    Test worker] o.h.type.descriptor.sql.BasicExtractor   : extracted value ([member_u8_0_] : [VARCHAR]) - [testUser]
2023-02-02 22:05:33.268 DEBUG 88558 --- [    Test worker] org.hibernate.SQL                        : 
    update
        member 
    set
        last_modified_time=?,
        member_email=?,
        member_nickname=?,
        member_password=?,
        member_role=?,
        member_username=? 
    where
        id=?
2023-02-02 22:05:33.270 TRACE 88558 --- [    Test worker] o.h.type.descriptor.sql.BasicBinder      : binding parameter [1] as [TIMESTAMP] - [2023-02-02T22:05:33.186771]
2023-02-02 22:05:33.271 TRACE 88558 --- [    Test worker] o.h.type.descriptor.sql.BasicBinder      : binding parameter [2] as [VARCHAR] - [test@test.com]
2023-02-02 22:05:33.271 TRACE 88558 --- [    Test worker] o.h.type.descriptor.sql.BasicBinder      : binding parameter [3] as [VARCHAR] - [이건줄 몰랐지]
2023-02-02 22:05:33.271 TRACE 88558 --- [    Test worker] o.h.type.descriptor.sql.BasicBinder      : binding parameter [4] as [VARCHAR] - [password]
2023-02-02 22:05:33.271 TRACE 88558 --- [    Test worker] o.h.type.descriptor.sql.BasicBinder      : binding parameter [5] as [VARCHAR] - [USER]
2023-02-02 22:05:33.271 TRACE 88558 --- [    Test worker] o.h.type.descriptor.sql.BasicBinder      : binding parameter [6] as [VARCHAR] - [testUser]
2023-02-02 22:05:33.271 TRACE 88558 --- [    Test worker] o.h.type.descriptor.sql.BasicBinder      : binding parameter [7] as [BIGINT] - [1]
2023-02-02 22:05:33.273 DEBUG 88558 --- [    Test worker] org.hibernate.SQL                        : 
    select
        member0_.id as id1_0_,
        member0_.created_time as created_2_0_,
        member0_.last_modified_time as last_mod3_0_,
        member0_.member_email as member_e4_0_,
        member0_.member_nickname as member_n5_0_,
        member0_.member_password as member_p6_0_,
        member0_.member_role as member_r7_0_,
        member0_.member_username as member_u8_0_ 
    from
        member member0_ 
    where
        member0_.member_username=?
2023-02-02 22:05:33.273 TRACE 88558 --- [    Test worker] o.h.type.descriptor.sql.BasicBinder      : binding parameter [1] as [VARCHAR] - [testUser]
2023-02-02 22:05:33.274 TRACE 88558 --- [    Test worker] o.h.type.descriptor.sql.BasicExtractor   : extracted value ([id1_0_] : [BIGINT]) - [1]
2023-02-02 22:05:33.274 TRACE 88558 --- [    Test worker] o.h.type.descriptor.sql.BasicExtractor   : extracted value ([created_2_0_] : [TIMESTAMP]) - [2023-02-02T22:05:33.197743]
2023-02-02 22:05:33.274 TRACE 88558 --- [    Test worker] o.h.type.descriptor.sql.BasicExtractor   : extracted value ([last_mod3_0_] : [TIMESTAMP]) - [2023-02-02T22:05:33.186771]
2023-02-02 22:05:33.274 TRACE 88558 --- [    Test worker] o.h.type.descriptor.sql.BasicExtractor   : extracted value ([member_e4_0_] : [VARCHAR]) - [test@test.com]
2023-02-02 22:05:33.274 TRACE 88558 --- [    Test worker] o.h.type.descriptor.sql.BasicExtractor   : extracted value ([member_n5_0_] : [VARCHAR]) - [이건줄 몰랐지]
2023-02-02 22:05:33.274 TRACE 88558 --- [    Test worker] o.h.type.descriptor.sql.BasicExtractor   : extracted value ([member_p6_0_] : [VARCHAR]) - [password]
2023-02-02 22:05:33.274 TRACE 88558 --- [    Test worker] o.h.type.descriptor.sql.BasicExtractor   : extracted value ([member_r7_0_] : [VARCHAR]) - [USER]
2023-02-02 22:05:33.274 TRACE 88558 --- [    Test worker] o.h.type.descriptor.sql.BasicExtractor   : extracted value ([member_u8_0_] : [VARCHAR]) - [testUser]
2023-02-02 22:05:33.300  INFO 88558 --- [    Test worker] o.s.t.c.transaction.TransactionContext   : Rolled back transaction for test: [DefaultTestContext@72445aba testClass = MemberRepositoryTest, testInstance = com.board.Board_Upgraded.repository.MemberRepositoryTest@50b1dfab, testMethod = updateTest@MemberRepositoryTest, testException = [null], mergedContextConfiguration = [WebMergedContextConfiguration@61bcd567 testClass = MemberRepositoryTest, locations = '{}', classes = '{class com.board.Board_Upgraded.BoardUpgradedApplication}', contextInitializerClasses = '[]', activeProfiles = '{}', propertySourceLocations = '{}', propertySourceProperties = '{org.springframework.boot.test.context.SpringBootTestContextBootstrapper=true}', contextCustomizers = set[org.springframework.boot.test.autoconfigure.actuate.metrics.MetricsExportContextCustomizerFactory$DisableMetricExportContextCustomizer@600b90df, org.springframework.boot.test.autoconfigure.properties.PropertyMappingContextCustomizer@0, org.springframework.boot.test.autoconfigure.web.servlet.WebDriverContextCustomizerFactory$Customizer@60df60da, org.springframework.boot.test.context.filter.ExcludeFilterContextCustomizer@632ceb35, org.springframework.boot.test.json.DuplicateJsonObjectContextCustomizerFactory$DuplicateJsonObjectContextCustomizer@130e116b, org.springframework.boot.test.mock.mockito.MockitoContextCustomizer@0, org.springframework.boot.test.web.client.TestRestTemplateContextCustomizer@9ebe38b, org.springframework.boot.test.context.SpringBootTestArgs@1, org.springframework.boot.test.context.SpringBootTestWebEnvironment@57250572], resourceBasePath = 'src/main/webapp', contextLoader = 'org.springframework.boot.test.context.SpringBootContextLoader', parent = [null]], attributes = map['org.springframework.test.context.web.ServletTestExecutionListener.activateListener' -> true, 'org.springframework.test.context.web.ServletTestExecutionListener.populatedRequestContextHolder' -> true, 'org.springframework.test.context.web.ServletTestExecutionListener.resetRequestContextHolder' -> true, 'org.springframework.test.context.event.ApplicationEventsTestExecutionListener.recordApplicationEvents' -> false]]
]]></system-out>
  <system-err><![CDATA[]]></system-err>
</testsuite>
