<?xml version="1.0" encoding="UTF-8"?>
<testsuite name="com.board.Board_Upgraded.controller.post.MembersPostTest" tests="1" skipped="0" failures="1" errors="0" timestamp="2023-03-05T06:34:32" hostname="ijanghuiui-MacBookPro.local" time="1.51">
  <properties/>
  <testcase name="searchNoMember()" classname="com.board.Board_Upgraded.controller.post.MembersPostTest" time="1.51">
    <failure message="java.lang.AssertionError: Status expected:&lt;404&gt; but was:&lt;200&gt;" type="java.lang.AssertionError">java.lang.AssertionError: Status expected:&lt;404&gt; but was:&lt;200&gt;
	at org.springframework.test.util.AssertionErrors.fail(AssertionErrors.java:59)
	at org.springframework.test.util.AssertionErrors.assertEquals(AssertionErrors.java:122)
	at org.springframework.test.web.servlet.result.StatusResultMatchers.lambda$matcher$9(StatusResultMatchers.java:627)
	at org.springframework.test.web.servlet.MockMvc$1.andExpect(MockMvc.java:212)
	at com.board.Board_Upgraded.controller.post.MembersPostTest.searchNoMember(MembersPostTest.java:98)
	at java.base/jdk.internal.reflect.NativeMethodAccessorImpl.invoke0(Native Method)
	at java.base/jdk.internal.reflect.NativeMethodAccessorImpl.invoke(NativeMethodAccessorImpl.java:77)
	at java.base/jdk.internal.reflect.DelegatingMethodAccessorImpl.invoke(DelegatingMethodAccessorImpl.java:43)
	at java.base/java.lang.reflect.Method.invoke(Method.java:568)
	at org.junit.platform.commons.util.ReflectionUtils.invokeMethod(ReflectionUtils.java:725)
	at org.junit.jupiter.engine.execution.MethodInvocation.proceed(MethodInvocation.java:60)
	at org.junit.jupiter.engine.execution.InvocationInterceptorChain$ValidatingInvocation.proceed(InvocationInterceptorChain.java:131)
	at org.junit.jupiter.engine.extension.TimeoutExtension.intercept(TimeoutExtension.java:149)
	at org.junit.jupiter.engine.extension.TimeoutExtension.interceptTestableMethod(TimeoutExtension.java:140)
	at org.junit.jupiter.engine.extension.TimeoutExtension.interceptTestMethod(TimeoutExtension.java:84)
	at org.junit.jupiter.engine.execution.ExecutableInvoker$ReflectiveInterceptorCall.lambda$ofVoidMethod$0(ExecutableInvoker.java:115)
	at org.junit.jupiter.engine.execution.ExecutableInvoker.lambda$invoke$0(ExecutableInvoker.java:105)
	at org.junit.jupiter.engine.execution.InvocationInterceptorChain$InterceptedInvocation.proceed(InvocationInterceptorChain.java:106)
	at org.junit.jupiter.engine.execution.InvocationInterceptorChain.proceed(InvocationInterceptorChain.java:64)
	at org.junit.jupiter.engine.execution.InvocationInterceptorChain.chainAndInvoke(InvocationInterceptorChain.java:45)
	at org.junit.jupiter.engine.execution.InvocationInterceptorChain.invoke(InvocationInterceptorChain.java:37)
	at org.junit.jupiter.engine.execution.ExecutableInvoker.invoke(ExecutableInvoker.java:104)
	at org.junit.jupiter.engine.execution.ExecutableInvoker.invoke(ExecutableInvoker.java:98)
	at org.junit.jupiter.engine.descriptor.TestMethodTestDescriptor.lambda$invokeTestMethod$7(TestMethodTestDescriptor.java:214)
	at org.junit.platform.engine.support.hierarchical.ThrowableCollector.execute(ThrowableCollector.java:73)
	at org.junit.jupiter.engine.descriptor.TestMethodTestDescriptor.invokeTestMethod(TestMethodTestDescriptor.java:210)
	at org.junit.jupiter.engine.descriptor.TestMethodTestDescriptor.execute(TestMethodTestDescriptor.java:135)
	at org.junit.jupiter.engine.descriptor.TestMethodTestDescriptor.execute(TestMethodTestDescriptor.java:66)
	at org.junit.platform.engine.support.hierarchical.NodeTestTask.lambda$executeRecursively$6(NodeTestTask.java:151)
	at org.junit.platform.engine.support.hierarchical.ThrowableCollector.execute(ThrowableCollector.java:73)
	at org.junit.platform.engine.support.hierarchical.NodeTestTask.lambda$executeRecursively$8(NodeTestTask.java:141)
	at org.junit.platform.engine.support.hierarchical.Node.around(Node.java:137)
	at org.junit.platform.engine.support.hierarchical.NodeTestTask.lambda$executeRecursively$9(NodeTestTask.java:139)
	at org.junit.platform.engine.support.hierarchical.ThrowableCollector.execute(ThrowableCollector.java:73)
	at org.junit.platform.engine.support.hierarchical.NodeTestTask.executeRecursively(NodeTestTask.java:138)
	at org.junit.platform.engine.support.hierarchical.NodeTestTask.execute(NodeTestTask.java:95)
	at java.base/java.util.ArrayList.forEach(ArrayList.java:1511)
	at org.junit.platform.engine.support.hierarchical.SameThreadHierarchicalTestExecutorService.invokeAll(SameThreadHierarchicalTestExecutorService.java:41)
	at org.junit.platform.engine.support.hierarchical.NodeTestTask.lambda$executeRecursively$6(NodeTestTask.java:155)
	at org.junit.platform.engine.support.hierarchical.ThrowableCollector.execute(ThrowableCollector.java:73)
	at org.junit.platform.engine.support.hierarchical.NodeTestTask.lambda$executeRecursively$8(NodeTestTask.java:141)
	at org.junit.platform.engine.support.hierarchical.Node.around(Node.java:137)
	at org.junit.platform.engine.support.hierarchical.NodeTestTask.lambda$executeRecursively$9(NodeTestTask.java:139)
	at org.junit.platform.engine.support.hierarchical.ThrowableCollector.execute(ThrowableCollector.java:73)
	at org.junit.platform.engine.support.hierarchical.NodeTestTask.executeRecursively(NodeTestTask.java:138)
	at org.junit.platform.engine.support.hierarchical.NodeTestTask.execute(NodeTestTask.java:95)
	at java.base/java.util.ArrayList.forEach(ArrayList.java:1511)
	at org.junit.platform.engine.support.hierarchical.SameThreadHierarchicalTestExecutorService.invokeAll(SameThreadHierarchicalTestExecutorService.java:41)
	at org.junit.platform.engine.support.hierarchical.NodeTestTask.lambda$executeRecursively$6(NodeTestTask.java:155)
	at org.junit.platform.engine.support.hierarchical.ThrowableCollector.execute(ThrowableCollector.java:73)
	at org.junit.platform.engine.support.hierarchical.NodeTestTask.lambda$executeRecursively$8(NodeTestTask.java:141)
	at org.junit.platform.engine.support.hierarchical.Node.around(Node.java:137)
	at org.junit.platform.engine.support.hierarchical.NodeTestTask.lambda$executeRecursively$9(NodeTestTask.java:139)
	at org.junit.platform.engine.support.hierarchical.ThrowableCollector.execute(ThrowableCollector.java:73)
	at org.junit.platform.engine.support.hierarchical.NodeTestTask.executeRecursively(NodeTestTask.java:138)
	at org.junit.platform.engine.support.hierarchical.NodeTestTask.execute(NodeTestTask.java:95)
	at org.junit.platform.engine.support.hierarchical.SameThreadHierarchicalTestExecutorService.submit(SameThreadHierarchicalTestExecutorService.java:35)
	at org.junit.platform.engine.support.hierarchical.HierarchicalTestExecutor.execute(HierarchicalTestExecutor.java:57)
	at org.junit.platform.engine.support.hierarchical.HierarchicalTestEngine.execute(HierarchicalTestEngine.java:54)
	at org.junit.platform.launcher.core.DefaultLauncher.execute(DefaultLauncher.java:229)
	at org.junit.platform.launcher.core.DefaultLauncher.lambda$execute$6(DefaultLauncher.java:197)
	at org.junit.platform.launcher.core.DefaultLauncher.withInterceptedStreams(DefaultLauncher.java:211)
	at org.junit.platform.launcher.core.DefaultLauncher.execute(DefaultLauncher.java:191)
	at org.junit.platform.launcher.core.DefaultLauncher.execute(DefaultLauncher.java:128)
	at org.gradle.api.internal.tasks.testing.junitplatform.JUnitPlatformTestClassProcessor$CollectAllTestClassesExecutor.processAllTestClasses(JUnitPlatformTestClassProcessor.java:99)
	at org.gradle.api.internal.tasks.testing.junitplatform.JUnitPlatformTestClassProcessor$CollectAllTestClassesExecutor.access$000(JUnitPlatformTestClassProcessor.java:79)
	at org.gradle.api.internal.tasks.testing.junitplatform.JUnitPlatformTestClassProcessor.stop(JUnitPlatformTestClassProcessor.java:75)
	at org.gradle.api.internal.tasks.testing.SuiteTestClassProcessor.stop(SuiteTestClassProcessor.java:62)
	at java.base/jdk.internal.reflect.NativeMethodAccessorImpl.invoke0(Native Method)
	at java.base/jdk.internal.reflect.NativeMethodAccessorImpl.invoke(NativeMethodAccessorImpl.java:77)
	at java.base/jdk.internal.reflect.DelegatingMethodAccessorImpl.invoke(DelegatingMethodAccessorImpl.java:43)
	at java.base/java.lang.reflect.Method.invoke(Method.java:568)
	at org.gradle.internal.dispatch.ReflectionDispatch.dispatch(ReflectionDispatch.java:36)
	at org.gradle.internal.dispatch.ReflectionDispatch.dispatch(ReflectionDispatch.java:24)
	at org.gradle.internal.dispatch.ContextClassLoaderDispatch.dispatch(ContextClassLoaderDispatch.java:33)
	at org.gradle.internal.dispatch.ProxyDispatchAdapter$DispatchingInvocationHandler.invoke(ProxyDispatchAdapter.java:94)
	at jdk.proxy1/jdk.proxy1.$Proxy2.stop(Unknown Source)
	at org.gradle.api.internal.tasks.testing.worker.TestWorker$3.run(TestWorker.java:193)
	at org.gradle.api.internal.tasks.testing.worker.TestWorker.executeAndMaintainThreadName(TestWorker.java:129)
	at org.gradle.api.internal.tasks.testing.worker.TestWorker.execute(TestWorker.java:100)
	at org.gradle.api.internal.tasks.testing.worker.TestWorker.execute(TestWorker.java:60)
	at org.gradle.process.internal.worker.child.ActionExecutionWorker.execute(ActionExecutionWorker.java:56)
	at org.gradle.process.internal.worker.child.SystemApplicationClassLoaderWorker.call(SystemApplicationClassLoaderWorker.java:113)
	at org.gradle.process.internal.worker.child.SystemApplicationClassLoaderWorker.call(SystemApplicationClassLoaderWorker.java:65)
	at worker.org.gradle.process.internal.worker.GradleWorkerMain.run(GradleWorkerMain.java:69)
	at worker.org.gradle.process.internal.worker.GradleWorkerMain.main(GradleWorkerMain.java:74)
</failure>
  </testcase>
  <system-out><![CDATA[15:34:29.785 [Test worker] DEBUG org.springframework.test.context.BootstrapUtils - Instantiating CacheAwareContextLoaderDelegate from class [org.springframework.test.context.cache.DefaultCacheAwareContextLoaderDelegate]
15:34:29.788 [Test worker] DEBUG org.springframework.test.context.BootstrapUtils - Instantiating BootstrapContext using constructor [public org.springframework.test.context.support.DefaultBootstrapContext(java.lang.Class,org.springframework.test.context.CacheAwareContextLoaderDelegate)]
15:34:29.803 [Test worker] DEBUG org.springframework.test.context.BootstrapUtils - Instantiating TestContextBootstrapper for test class [com.board.Board_Upgraded.controller.post.MembersPostTest] from class [org.springframework.boot.test.context.SpringBootTestContextBootstrapper]
15:34:29.808 [Test worker] INFO org.springframework.boot.test.context.SpringBootTestContextBootstrapper - Neither @ContextConfiguration nor @ContextHierarchy found for test class [com.board.Board_Upgraded.controller.post.MembersPostTest], using SpringBootContextLoader
15:34:29.809 [Test worker] DEBUG org.springframework.test.context.support.AbstractContextLoader - Did not detect default resource location for test class [com.board.Board_Upgraded.controller.post.MembersPostTest]: class path resource [com/board/Board_Upgraded/controller/post/MembersPostTest-context.xml] does not exist
15:34:29.809 [Test worker] DEBUG org.springframework.test.context.support.AbstractContextLoader - Did not detect default resource location for test class [com.board.Board_Upgraded.controller.post.MembersPostTest]: class path resource [com/board/Board_Upgraded/controller/post/MembersPostTestContext.groovy] does not exist
15:34:29.809 [Test worker] INFO org.springframework.test.context.support.AbstractContextLoader - Could not detect default resource locations for test class [com.board.Board_Upgraded.controller.post.MembersPostTest]: no resource found for suffixes {-context.xml, Context.groovy}.
15:34:29.810 [Test worker] INFO org.springframework.test.context.support.AnnotationConfigContextLoaderUtils - Could not detect default configuration classes for test class [com.board.Board_Upgraded.controller.post.MembersPostTest]: MembersPostTest does not declare any static, non-private, non-final, nested classes annotated with @Configuration.
15:34:29.834 [Test worker] DEBUG org.springframework.test.context.support.ActiveProfilesUtils - Could not find an 'annotation declaring class' for annotation type [org.springframework.test.context.ActiveProfiles] and class [com.board.Board_Upgraded.controller.post.MembersPostTest]
15:34:29.867 [Test worker] DEBUG org.springframework.context.annotation.ClassPathScanningCandidateComponentProvider - Identified candidate component class: file [/Users/leeeehgnaj/Desktop/Coding/Board_Upgraded/build/classes/java/main/com/board/Board_Upgraded/BoardUpgradedApplication.class]
15:34:29.867 [Test worker] INFO org.springframework.boot.test.context.SpringBootTestContextBootstrapper - Found @SpringBootConfiguration com.board.Board_Upgraded.BoardUpgradedApplication for test class com.board.Board_Upgraded.controller.post.MembersPostTest
15:34:29.899 [Test worker] DEBUG org.springframework.boot.test.context.SpringBootTestContextBootstrapper - @TestExecutionListeners is not present for class [com.board.Board_Upgraded.controller.post.MembersPostTest]: using defaults.
15:34:29.900 [Test worker] INFO org.springframework.boot.test.context.SpringBootTestContextBootstrapper - Loaded default TestExecutionListener class names from location [META-INF/spring.factories]: [org.springframework.security.test.context.support.WithSecurityContextTestExecutionListener, org.springframework.security.test.context.support.ReactorContextTestExecutionListener, org.springframework.boot.test.autoconfigure.restdocs.RestDocsTestExecutionListener, org.springframework.boot.test.autoconfigure.web.client.MockRestServiceServerResetTestExecutionListener, org.springframework.boot.test.autoconfigure.web.servlet.MockMvcPrintOnlyOnFailureTestExecutionListener, org.springframework.boot.test.autoconfigure.web.servlet.WebDriverTestExecutionListener, org.springframework.boot.test.autoconfigure.webservices.client.MockWebServiceServerTestExecutionListener, org.springframework.boot.test.mock.mockito.MockitoTestExecutionListener, org.springframework.boot.test.mock.mockito.ResetMocksTestExecutionListener, org.springframework.test.context.web.ServletTestExecutionListener, org.springframework.test.context.support.DirtiesContextBeforeModesTestExecutionListener, org.springframework.test.context.event.ApplicationEventsTestExecutionListener, org.springframework.test.context.support.DependencyInjectionTestExecutionListener, org.springframework.test.context.support.DirtiesContextTestExecutionListener, org.springframework.test.context.transaction.TransactionalTestExecutionListener, org.springframework.test.context.jdbc.SqlScriptsTestExecutionListener, org.springframework.test.context.event.EventPublishingTestExecutionListener]
15:34:29.905 [Test worker] INFO org.springframework.boot.test.context.SpringBootTestContextBootstrapper - Using TestExecutionListeners: [org.springframework.test.context.web.ServletTestExecutionListener@4ebea12c, org.springframework.test.context.support.DirtiesContextBeforeModesTestExecutionListener@2a1edad4, org.springframework.test.context.event.ApplicationEventsTestExecutionListener@6256ac4f, org.springframework.boot.test.mock.mockito.MockitoTestExecutionListener@44c79f32, org.springframework.boot.test.autoconfigure.SpringBootDependencyInjectionTestExecutionListener@7fcbe147, org.springframework.test.context.support.DirtiesContextTestExecutionListener@235f4c10, org.springframework.test.context.transaction.TransactionalTestExecutionListener@743cb8e0, org.springframework.test.context.jdbc.SqlScriptsTestExecutionListener@c7a975a, org.springframework.security.test.context.support.WithSecurityContextTestExecutionListener@2c1b9e4b, org.springframework.test.context.event.EventPublishingTestExecutionListener@757d6814, org.springframework.security.test.context.support.ReactorContextTestExecutionListener@649725e3, org.springframework.boot.test.autoconfigure.restdocs.RestDocsTestExecutionListener@3c0fae6c, org.springframework.boot.test.autoconfigure.web.client.MockRestServiceServerResetTestExecutionListener@4c168660, org.springframework.boot.test.autoconfigure.web.servlet.MockMvcPrintOnlyOnFailureTestExecutionListener@52b56a3e, org.springframework.boot.test.autoconfigure.web.servlet.WebDriverTestExecutionListener@fd0e5b6, org.springframework.boot.test.autoconfigure.webservices.client.MockWebServiceServerTestExecutionListener@4eed46ee, org.springframework.boot.test.mock.mockito.ResetMocksTestExecutionListener@36b0fcd5]
15:34:29.907 [Test worker] DEBUG org.springframework.test.context.support.AbstractDirtiesContextTestExecutionListener - Before test class: context [DefaultTestContext@751d3241 testClass = MembersPostTest, testInstance = [null], testMethod = [null], testException = [null], mergedContextConfiguration = [WebMergedContextConfiguration@76c7beb3 testClass = MembersPostTest, locations = '{}', classes = '{class com.board.Board_Upgraded.BoardUpgradedApplication}', contextInitializerClasses = '[]', activeProfiles = '{}', propertySourceLocations = '{}', propertySourceProperties = '{org.springframework.boot.test.context.SpringBootTestContextBootstrapper=true}', contextCustomizers = set[org.springframework.boot.test.autoconfigure.actuate.metrics.MetricsExportContextCustomizerFactory$DisableMetricExportContextCustomizer@2c4d1ac, org.springframework.boot.test.autoconfigure.properties.PropertyMappingContextCustomizer@4b3fa0b3, org.springframework.boot.test.autoconfigure.web.servlet.WebDriverContextCustomizerFactory$Customizer@7a1234bf, [ImportsContextCustomizer@64337702 key = [org.springframework.boot.test.autoconfigure.web.servlet.MockMvcAutoConfiguration, org.springframework.boot.test.autoconfigure.web.servlet.MockMvcWebClientAutoConfiguration, org.springframework.boot.test.autoconfigure.web.servlet.MockMvcWebDriverAutoConfiguration, org.springframework.boot.autoconfigure.security.oauth2.client.servlet.OAuth2ClientAutoConfiguration, org.springframework.boot.autoconfigure.security.oauth2.resource.servlet.OAuth2ResourceServerAutoConfiguration, org.springframework.boot.autoconfigure.security.servlet.SecurityAutoConfiguration, org.springframework.boot.autoconfigure.security.servlet.SecurityFilterAutoConfiguration, org.springframework.boot.autoconfigure.security.servlet.UserDetailsServiceAutoConfiguration, org.springframework.boot.test.autoconfigure.web.servlet.MockMvcSecurityConfiguration, org.springframework.boot.test.autoconfigure.web.reactive.WebTestClientAutoConfiguration]], org.springframework.boot.test.context.filter.ExcludeFilterContextCustomizer@2a62b5bc, org.springframework.boot.test.json.DuplicateJsonObjectContextCustomizerFactory$DuplicateJsonObjectContextCustomizer@4ce1d6d0, org.springframework.boot.test.mock.mockito.MockitoContextCustomizer@0, org.springframework.boot.test.web.client.TestRestTemplateContextCustomizer@40238dd0, org.springframework.boot.test.context.SpringBootTestArgs@1, org.springframework.boot.test.context.SpringBootTestWebEnvironment@f2ff811], resourceBasePath = 'src/main/webapp', contextLoader = 'org.springframework.boot.test.context.SpringBootContextLoader', parent = [null]], attributes = map['org.springframework.test.context.web.ServletTestExecutionListener.activateListener' -> true]], class annotated with @DirtiesContext [false] with mode [null].

  .   ____          _            __ _ _
 /\\ / ___'_ __ _ _(_)_ __  __ _ \ \ \ \
( ( )\___ | '_ | '_| | '_ \/ _` | \ \ \ \
 \\/  ___)| |_)| | | | | || (_| |  ) ) ) )
  '  |____| .__|_| |_|_| |_\__, | / / / /
 =========|_|==============|___/=/_/_/_/
 :: Spring Boot ::                (v2.7.0)

2023-03-05 15:34:30.046  INFO 24036 --- [    Test worker] c.b.B.controller.post.MembersPostTest    : Starting MembersPostTest using Java 17.0.2 on ijanghuiui-MacBookPro.local with PID 24036 (started by leeeehgnaj in /Users/leeeehgnaj/Desktop/Coding/Board_Upgraded)
2023-03-05 15:34:30.046  INFO 24036 --- [    Test worker] c.b.B.controller.post.MembersPostTest    : The following 1 profile is active: "local"
2023-03-05 15:34:30.403  INFO 24036 --- [    Test worker] .s.d.r.c.RepositoryConfigurationDelegate : Bootstrapping Spring Data JPA repositories in DEFAULT mode.
2023-03-05 15:34:30.431  INFO 24036 --- [    Test worker] .s.d.r.c.RepositoryConfigurationDelegate : Finished Spring Data repository scanning in 25 ms. Found 3 JPA repository interfaces.
2023-03-05 15:34:30.685  INFO 24036 --- [    Test worker] o.hibernate.jpa.internal.util.LogHelper  : HHH000204: Processing PersistenceUnitInfo [name: default]
2023-03-05 15:34:30.703  INFO 24036 --- [    Test worker] org.hibernate.Version                    : HHH000412: Hibernate ORM core version 5.6.9.Final
2023-03-05 15:34:30.789  INFO 24036 --- [    Test worker] o.hibernate.annotations.common.Version   : HCANN000001: Hibernate Commons Annotations {5.1.2.Final}
2023-03-05 15:34:30.798 DEBUG 24036 --- [    Test worker] org.hibernate.type.BasicTypeRegistry     : Adding type registration boolean -> org.hibernate.type.BooleanType@25fa6889
2023-03-05 15:34:30.799 DEBUG 24036 --- [    Test worker] org.hibernate.type.BasicTypeRegistry     : Adding type registration boolean -> org.hibernate.type.BooleanType@25fa6889
2023-03-05 15:34:30.799 DEBUG 24036 --- [    Test worker] org.hibernate.type.BasicTypeRegistry     : Adding type registration java.lang.Boolean -> org.hibernate.type.BooleanType@25fa6889
2023-03-05 15:34:30.799 DEBUG 24036 --- [    Test worker] org.hibernate.type.BasicTypeRegistry     : Adding type registration numeric_boolean -> org.hibernate.type.NumericBooleanType@1f9a7684
2023-03-05 15:34:30.799 DEBUG 24036 --- [    Test worker] org.hibernate.type.BasicTypeRegistry     : Adding type registration true_false -> org.hibernate.type.TrueFalseType@71139e77
2023-03-05 15:34:30.799 DEBUG 24036 --- [    Test worker] org.hibernate.type.BasicTypeRegistry     : Adding type registration yes_no -> org.hibernate.type.YesNoType@7bc2bb58
2023-03-05 15:34:30.799 DEBUG 24036 --- [    Test worker] org.hibernate.type.BasicTypeRegistry     : Adding type registration byte -> org.hibernate.type.ByteType@778c2e7c
2023-03-05 15:34:30.799 DEBUG 24036 --- [    Test worker] org.hibernate.type.BasicTypeRegistry     : Adding type registration byte -> org.hibernate.type.ByteType@778c2e7c
2023-03-05 15:34:30.800 DEBUG 24036 --- [    Test worker] org.hibernate.type.BasicTypeRegistry     : Adding type registration java.lang.Byte -> org.hibernate.type.ByteType@778c2e7c
2023-03-05 15:34:30.800 DEBUG 24036 --- [    Test worker] org.hibernate.type.BasicTypeRegistry     : Adding type registration character -> org.hibernate.type.CharacterType@702096ef
2023-03-05 15:34:30.800 DEBUG 24036 --- [    Test worker] org.hibernate.type.BasicTypeRegistry     : Adding type registration char -> org.hibernate.type.CharacterType@702096ef
2023-03-05 15:34:30.800 DEBUG 24036 --- [    Test worker] org.hibernate.type.BasicTypeRegistry     : Adding type registration java.lang.Character -> org.hibernate.type.CharacterType@702096ef
2023-03-05 15:34:30.800 DEBUG 24036 --- [    Test worker] org.hibernate.type.BasicTypeRegistry     : Adding type registration short -> org.hibernate.type.ShortType@6501b105
2023-03-05 15:34:30.800 DEBUG 24036 --- [    Test worker] org.hibernate.type.BasicTypeRegistry     : Adding type registration short -> org.hibernate.type.ShortType@6501b105
2023-03-05 15:34:30.800 DEBUG 24036 --- [    Test worker] org.hibernate.type.BasicTypeRegistry     : Adding type registration java.lang.Short -> org.hibernate.type.ShortType@6501b105
2023-03-05 15:34:30.801 DEBUG 24036 --- [    Test worker] org.hibernate.type.BasicTypeRegistry     : Adding type registration integer -> org.hibernate.type.IntegerType@52433946
2023-03-05 15:34:30.801 DEBUG 24036 --- [    Test worker] org.hibernate.type.BasicTypeRegistry     : Adding type registration int -> org.hibernate.type.IntegerType@52433946
2023-03-05 15:34:30.801 DEBUG 24036 --- [    Test worker] org.hibernate.type.BasicTypeRegistry     : Adding type registration java.lang.Integer -> org.hibernate.type.IntegerType@52433946
2023-03-05 15:34:30.801 DEBUG 24036 --- [    Test worker] org.hibernate.type.BasicTypeRegistry     : Adding type registration long -> org.hibernate.type.LongType@10745a02
2023-03-05 15:34:30.801 DEBUG 24036 --- [    Test worker] org.hibernate.type.BasicTypeRegistry     : Adding type registration long -> org.hibernate.type.LongType@10745a02
2023-03-05 15:34:30.801 DEBUG 24036 --- [    Test worker] org.hibernate.type.BasicTypeRegistry     : Adding type registration java.lang.Long -> org.hibernate.type.LongType@10745a02
2023-03-05 15:34:30.801 DEBUG 24036 --- [    Test worker] org.hibernate.type.BasicTypeRegistry     : Adding type registration float -> org.hibernate.type.FloatType@23469199
2023-03-05 15:34:30.801 DEBUG 24036 --- [    Test worker] org.hibernate.type.BasicTypeRegistry     : Adding type registration float -> org.hibernate.type.FloatType@23469199
2023-03-05 15:34:30.801 DEBUG 24036 --- [    Test worker] org.hibernate.type.BasicTypeRegistry     : Adding type registration java.lang.Float -> org.hibernate.type.FloatType@23469199
2023-03-05 15:34:30.802 DEBUG 24036 --- [    Test worker] org.hibernate.type.BasicTypeRegistry     : Adding type registration double -> org.hibernate.type.DoubleType@3355168
2023-03-05 15:34:30.802 DEBUG 24036 --- [    Test worker] org.hibernate.type.BasicTypeRegistry     : Adding type registration double -> org.hibernate.type.DoubleType@3355168
2023-03-05 15:34:30.802 DEBUG 24036 --- [    Test worker] org.hibernate.type.BasicTypeRegistry     : Adding type registration java.lang.Double -> org.hibernate.type.DoubleType@3355168
2023-03-05 15:34:30.802 DEBUG 24036 --- [    Test worker] org.hibernate.type.BasicTypeRegistry     : Adding type registration big_decimal -> org.hibernate.type.BigDecimalType@15f861ee
2023-03-05 15:34:30.802 DEBUG 24036 --- [    Test worker] org.hibernate.type.BasicTypeRegistry     : Adding type registration java.math.BigDecimal -> org.hibernate.type.BigDecimalType@15f861ee
2023-03-05 15:34:30.802 DEBUG 24036 --- [    Test worker] org.hibernate.type.BasicTypeRegistry     : Adding type registration big_integer -> org.hibernate.type.BigIntegerType@405d8a80
2023-03-05 15:34:30.802 DEBUG 24036 --- [    Test worker] org.hibernate.type.BasicTypeRegistry     : Adding type registration java.math.BigInteger -> org.hibernate.type.BigIntegerType@405d8a80
2023-03-05 15:34:30.803 DEBUG 24036 --- [    Test worker] org.hibernate.type.BasicTypeRegistry     : Adding type registration string -> org.hibernate.type.StringType@416b1265
2023-03-05 15:34:30.803 DEBUG 24036 --- [    Test worker] org.hibernate.type.BasicTypeRegistry     : Adding type registration java.lang.String -> org.hibernate.type.StringType@416b1265
2023-03-05 15:34:30.803 DEBUG 24036 --- [    Test worker] org.hibernate.type.BasicTypeRegistry     : Adding type registration nstring -> org.hibernate.type.StringNVarcharType@6c24f61d
2023-03-05 15:34:30.803 DEBUG 24036 --- [    Test worker] org.hibernate.type.BasicTypeRegistry     : Adding type registration ncharacter -> org.hibernate.type.CharacterNCharType@338d47b
2023-03-05 15:34:30.803 DEBUG 24036 --- [    Test worker] org.hibernate.type.BasicTypeRegistry     : Adding type registration url -> org.hibernate.type.UrlType@5f6e2ad9
2023-03-05 15:34:30.803 DEBUG 24036 --- [    Test worker] org.hibernate.type.BasicTypeRegistry     : Adding type registration java.net.URL -> org.hibernate.type.UrlType@5f6e2ad9
2023-03-05 15:34:30.804 DEBUG 24036 --- [    Test worker] org.hibernate.type.BasicTypeRegistry     : Adding type registration Duration -> org.hibernate.type.DurationType@4d8056bf
2023-03-05 15:34:30.804 DEBUG 24036 --- [    Test worker] org.hibernate.type.BasicTypeRegistry     : Adding type registration java.time.Duration -> org.hibernate.type.DurationType@4d8056bf
2023-03-05 15:34:30.804 DEBUG 24036 --- [    Test worker] org.hibernate.type.BasicTypeRegistry     : Adding type registration Instant -> org.hibernate.type.InstantType@2a667f44
2023-03-05 15:34:30.804 DEBUG 24036 --- [    Test worker] org.hibernate.type.BasicTypeRegistry     : Adding type registration java.time.Instant -> org.hibernate.type.InstantType@2a667f44
2023-03-05 15:34:30.805 DEBUG 24036 --- [    Test worker] org.hibernate.type.BasicTypeRegistry     : Adding type registration LocalDateTime -> org.hibernate.type.LocalDateTimeType@32d0d7eb
2023-03-05 15:34:30.805 DEBUG 24036 --- [    Test worker] org.hibernate.type.BasicTypeRegistry     : Adding type registration java.time.LocalDateTime -> org.hibernate.type.LocalDateTimeType@32d0d7eb
2023-03-05 15:34:30.805 DEBUG 24036 --- [    Test worker] org.hibernate.type.BasicTypeRegistry     : Adding type registration LocalDate -> org.hibernate.type.LocalDateType@6c421123
2023-03-05 15:34:30.805 DEBUG 24036 --- [    Test worker] org.hibernate.type.BasicTypeRegistry     : Adding type registration java.time.LocalDate -> org.hibernate.type.LocalDateType@6c421123
2023-03-05 15:34:30.805 DEBUG 24036 --- [    Test worker] org.hibernate.type.BasicTypeRegistry     : Adding type registration LocalTime -> org.hibernate.type.LocalTimeType@2c815fdc
2023-03-05 15:34:30.805 DEBUG 24036 --- [    Test worker] org.hibernate.type.BasicTypeRegistry     : Adding type registration java.time.LocalTime -> org.hibernate.type.LocalTimeType@2c815fdc
2023-03-05 15:34:30.806 DEBUG 24036 --- [    Test worker] org.hibernate.type.BasicTypeRegistry     : Adding type registration OffsetDateTime -> org.hibernate.type.OffsetDateTimeType@150f41b9
2023-03-05 15:34:30.806 DEBUG 24036 --- [    Test worker] org.hibernate.type.BasicTypeRegistry     : Adding type registration java.time.OffsetDateTime -> org.hibernate.type.OffsetDateTimeType@150f41b9
2023-03-05 15:34:30.806 DEBUG 24036 --- [    Test worker] org.hibernate.type.BasicTypeRegistry     : Adding type registration OffsetTime -> org.hibernate.type.OffsetTimeType@11bdab37
2023-03-05 15:34:30.806 DEBUG 24036 --- [    Test worker] org.hibernate.type.BasicTypeRegistry     : Adding type registration java.time.OffsetTime -> org.hibernate.type.OffsetTimeType@11bdab37
2023-03-05 15:34:30.806 DEBUG 24036 --- [    Test worker] org.hibernate.type.BasicTypeRegistry     : Adding type registration ZonedDateTime -> org.hibernate.type.ZonedDateTimeType@5c0e2ec
2023-03-05 15:34:30.807 DEBUG 24036 --- [    Test worker] org.hibernate.type.BasicTypeRegistry     : Adding type registration java.time.ZonedDateTime -> org.hibernate.type.ZonedDateTimeType@5c0e2ec
2023-03-05 15:34:30.807 DEBUG 24036 --- [    Test worker] org.hibernate.type.BasicTypeRegistry     : Adding type registration date -> org.hibernate.type.DateType@305e95a4
2023-03-05 15:34:30.807 DEBUG 24036 --- [    Test worker] org.hibernate.type.BasicTypeRegistry     : Adding type registration java.sql.Date -> org.hibernate.type.DateType@305e95a4
2023-03-05 15:34:30.807 DEBUG 24036 --- [    Test worker] org.hibernate.type.BasicTypeRegistry     : Adding type registration time -> org.hibernate.type.TimeType@34cf0e80
2023-03-05 15:34:30.807 DEBUG 24036 --- [    Test worker] org.hibernate.type.BasicTypeRegistry     : Adding type registration java.sql.Time -> org.hibernate.type.TimeType@34cf0e80
2023-03-05 15:34:30.808 DEBUG 24036 --- [    Test worker] org.hibernate.type.BasicTypeRegistry     : Adding type registration timestamp -> org.hibernate.type.TimestampType@27db45f
2023-03-05 15:34:30.808 DEBUG 24036 --- [    Test worker] org.hibernate.type.BasicTypeRegistry     : Adding type registration java.sql.Timestamp -> org.hibernate.type.TimestampType@27db45f
2023-03-05 15:34:30.808 DEBUG 24036 --- [    Test worker] org.hibernate.type.BasicTypeRegistry     : Adding type registration java.util.Date -> org.hibernate.type.TimestampType@27db45f
2023-03-05 15:34:30.808 DEBUG 24036 --- [    Test worker] org.hibernate.type.BasicTypeRegistry     : Adding type registration dbtimestamp -> org.hibernate.type.DbTimestampType@101c15ad
2023-03-05 15:34:30.809 DEBUG 24036 --- [    Test worker] org.hibernate.type.BasicTypeRegistry     : Adding type registration calendar -> org.hibernate.type.CalendarType@1179fc8c
2023-03-05 15:34:30.809 DEBUG 24036 --- [    Test worker] org.hibernate.type.BasicTypeRegistry     : Adding type registration java.util.Calendar -> org.hibernate.type.CalendarType@1179fc8c
2023-03-05 15:34:30.809 DEBUG 24036 --- [    Test worker] org.hibernate.type.BasicTypeRegistry     : Adding type registration java.util.GregorianCalendar -> org.hibernate.type.CalendarType@1179fc8c
2023-03-05 15:34:30.809 DEBUG 24036 --- [    Test worker] org.hibernate.type.BasicTypeRegistry     : Adding type registration calendar_date -> org.hibernate.type.CalendarDateType@4b32465
2023-03-05 15:34:30.809 DEBUG 24036 --- [    Test worker] org.hibernate.type.BasicTypeRegistry     : Adding type registration calendar_time -> org.hibernate.type.CalendarTimeType@60f9dc7e
2023-03-05 15:34:30.810 DEBUG 24036 --- [    Test worker] org.hibernate.type.BasicTypeRegistry     : Adding type registration locale -> org.hibernate.type.LocaleType@57f0bfc3
2023-03-05 15:34:30.810 DEBUG 24036 --- [    Test worker] org.hibernate.type.BasicTypeRegistry     : Adding type registration java.util.Locale -> org.hibernate.type.LocaleType@57f0bfc3
2023-03-05 15:34:30.810 DEBUG 24036 --- [    Test worker] org.hibernate.type.BasicTypeRegistry     : Adding type registration currency -> org.hibernate.type.CurrencyType@f10d055
2023-03-05 15:34:30.810 DEBUG 24036 --- [    Test worker] org.hibernate.type.BasicTypeRegistry     : Adding type registration java.util.Currency -> org.hibernate.type.CurrencyType@f10d055
2023-03-05 15:34:30.810 DEBUG 24036 --- [    Test worker] org.hibernate.type.BasicTypeRegistry     : Adding type registration timezone -> org.hibernate.type.TimeZoneType@3c6bd624
2023-03-05 15:34:30.810 DEBUG 24036 --- [    Test worker] org.hibernate.type.BasicTypeRegistry     : Adding type registration java.util.TimeZone -> org.hibernate.type.TimeZoneType@3c6bd624
2023-03-05 15:34:30.810 DEBUG 24036 --- [    Test worker] org.hibernate.type.BasicTypeRegistry     : Adding type registration class -> org.hibernate.type.ClassType@58fbcb71
2023-03-05 15:34:30.810 DEBUG 24036 --- [    Test worker] org.hibernate.type.BasicTypeRegistry     : Adding type registration java.lang.Class -> org.hibernate.type.ClassType@58fbcb71
2023-03-05 15:34:30.811 DEBUG 24036 --- [    Test worker] org.hibernate.type.BasicTypeRegistry     : Adding type registration uuid-binary -> org.hibernate.type.UUIDBinaryType@46524ebe
2023-03-05 15:34:30.811 DEBUG 24036 --- [    Test worker] org.hibernate.type.BasicTypeRegistry     : Adding type registration java.util.UUID -> org.hibernate.type.UUIDBinaryType@46524ebe
2023-03-05 15:34:30.811 DEBUG 24036 --- [    Test worker] org.hibernate.type.BasicTypeRegistry     : Adding type registration uuid-char -> org.hibernate.type.UUIDCharType@3c27f72
2023-03-05 15:34:30.811 DEBUG 24036 --- [    Test worker] org.hibernate.type.BasicTypeRegistry     : Adding type registration binary -> org.hibernate.type.BinaryType@43d3995f
2023-03-05 15:34:30.811 DEBUG 24036 --- [    Test worker] org.hibernate.type.BasicTypeRegistry     : Adding type registration byte[] -> org.hibernate.type.BinaryType@43d3995f
2023-03-05 15:34:30.811 DEBUG 24036 --- [    Test worker] org.hibernate.type.BasicTypeRegistry     : Adding type registration [B -> org.hibernate.type.BinaryType@43d3995f
2023-03-05 15:34:30.811 DEBUG 24036 --- [    Test worker] org.hibernate.type.BasicTypeRegistry     : Adding type registration wrapper-binary -> org.hibernate.type.WrapperBinaryType@2c2a903f
2023-03-05 15:34:30.812 DEBUG 24036 --- [    Test worker] org.hibernate.type.BasicTypeRegistry     : Adding type registration Byte[] -> org.hibernate.type.WrapperBinaryType@2c2a903f
2023-03-05 15:34:30.812 DEBUG 24036 --- [    Test worker] org.hibernate.type.BasicTypeRegistry     : Adding type registration [Ljava.lang.Byte; -> org.hibernate.type.WrapperBinaryType@2c2a903f
2023-03-05 15:34:30.812 DEBUG 24036 --- [    Test worker] org.hibernate.type.BasicTypeRegistry     : Adding type registration row_version -> org.hibernate.type.RowVersionType@e06ec83
2023-03-05 15:34:30.812 DEBUG 24036 --- [    Test worker] org.hibernate.type.BasicTypeRegistry     : Adding type registration image -> org.hibernate.type.ImageType@c4cceb
2023-03-05 15:34:30.812 DEBUG 24036 --- [    Test worker] org.hibernate.type.BasicTypeRegistry     : Adding type registration characters -> org.hibernate.type.CharArrayType@693f2c89
2023-03-05 15:34:30.812 DEBUG 24036 --- [    Test worker] org.hibernate.type.BasicTypeRegistry     : Adding type registration char[] -> org.hibernate.type.CharArrayType@693f2c89
2023-03-05 15:34:30.812 DEBUG 24036 --- [    Test worker] org.hibernate.type.BasicTypeRegistry     : Adding type registration [C -> org.hibernate.type.CharArrayType@693f2c89
2023-03-05 15:34:30.812 DEBUG 24036 --- [    Test worker] org.hibernate.type.BasicTypeRegistry     : Adding type registration wrapper-characters -> org.hibernate.type.CharacterArrayType@1ba35152
2023-03-05 15:34:30.813 DEBUG 24036 --- [    Test worker] org.hibernate.type.BasicTypeRegistry     : Adding type registration [Ljava.lang.Character; -> org.hibernate.type.CharacterArrayType@1ba35152
2023-03-05 15:34:30.813 DEBUG 24036 --- [    Test worker] org.hibernate.type.BasicTypeRegistry     : Adding type registration Character[] -> org.hibernate.type.CharacterArrayType@1ba35152
2023-03-05 15:34:30.813 DEBUG 24036 --- [    Test worker] org.hibernate.type.BasicTypeRegistry     : Adding type registration text -> org.hibernate.type.TextType@54275b5d
2023-03-05 15:34:30.813 DEBUG 24036 --- [    Test worker] org.hibernate.type.BasicTypeRegistry     : Adding type registration ntext -> org.hibernate.type.NTextType@61e14b53
2023-03-05 15:34:30.813 DEBUG 24036 --- [    Test worker] org.hibernate.type.BasicTypeRegistry     : Adding type registration blob -> org.hibernate.type.BlobType@6851b296
2023-03-05 15:34:30.813 DEBUG 24036 --- [    Test worker] org.hibernate.type.BasicTypeRegistry     : Adding type registration java.sql.Blob -> org.hibernate.type.BlobType@6851b296
2023-03-05 15:34:30.813 DEBUG 24036 --- [    Test worker] org.hibernate.type.BasicTypeRegistry     : Adding type registration materialized_blob -> org.hibernate.type.MaterializedBlobType@79b7c350
2023-03-05 15:34:30.814 DEBUG 24036 --- [    Test worker] org.hibernate.type.BasicTypeRegistry     : Adding type registration clob -> org.hibernate.type.ClobType@194224ca
2023-03-05 15:34:30.814 DEBUG 24036 --- [    Test worker] org.hibernate.type.BasicTypeRegistry     : Adding type registration java.sql.Clob -> org.hibernate.type.ClobType@194224ca
2023-03-05 15:34:30.814 DEBUG 24036 --- [    Test worker] org.hibernate.type.BasicTypeRegistry     : Adding type registration nclob -> org.hibernate.type.NClobType@1a89414e
2023-03-05 15:34:30.814 DEBUG 24036 --- [    Test worker] org.hibernate.type.BasicTypeRegistry     : Adding type registration java.sql.NClob -> org.hibernate.type.NClobType@1a89414e
2023-03-05 15:34:30.814 DEBUG 24036 --- [    Test worker] org.hibernate.type.BasicTypeRegistry     : Adding type registration materialized_clob -> org.hibernate.type.MaterializedClobType@c94bd18
2023-03-05 15:34:30.814 DEBUG 24036 --- [    Test worker] org.hibernate.type.BasicTypeRegistry     : Adding type registration materialized_nclob -> org.hibernate.type.MaterializedNClobType@318e3942
2023-03-05 15:34:30.815 DEBUG 24036 --- [    Test worker] org.hibernate.type.BasicTypeRegistry     : Adding type registration serializable -> org.hibernate.type.SerializableType@1224e1b6
2023-03-05 15:34:30.816 DEBUG 24036 --- [    Test worker] org.hibernate.type.BasicTypeRegistry     : Adding type registration object -> org.hibernate.type.ObjectType@6c70b7c3
2023-03-05 15:34:30.816 DEBUG 24036 --- [    Test worker] org.hibernate.type.BasicTypeRegistry     : Adding type registration java.lang.Object -> org.hibernate.type.ObjectType@6c70b7c3
2023-03-05 15:34:30.816 DEBUG 24036 --- [    Test worker] org.hibernate.type.BasicTypeRegistry     : Adding type registration imm_date -> org.hibernate.type.AdaptedImmutableType@1d3a03fe
2023-03-05 15:34:30.816 DEBUG 24036 --- [    Test worker] org.hibernate.type.BasicTypeRegistry     : Adding type registration imm_time -> org.hibernate.type.AdaptedImmutableType@f48a080
2023-03-05 15:34:30.816 DEBUG 24036 --- [    Test worker] org.hibernate.type.BasicTypeRegistry     : Adding type registration imm_timestamp -> org.hibernate.type.AdaptedImmutableType@5f7cd50e
2023-03-05 15:34:30.816 DEBUG 24036 --- [    Test worker] org.hibernate.type.BasicTypeRegistry     : Adding type registration imm_dbtimestamp -> org.hibernate.type.AdaptedImmutableType@401ec794
2023-03-05 15:34:30.816 DEBUG 24036 --- [    Test worker] org.hibernate.type.BasicTypeRegistry     : Adding type registration imm_calendar -> org.hibernate.type.AdaptedImmutableType@d76099a
2023-03-05 15:34:30.816 DEBUG 24036 --- [    Test worker] org.hibernate.type.BasicTypeRegistry     : Adding type registration imm_calendar_date -> org.hibernate.type.AdaptedImmutableType@47f0f414
2023-03-05 15:34:30.816 DEBUG 24036 --- [    Test worker] org.hibernate.type.BasicTypeRegistry     : Adding type registration imm_binary -> org.hibernate.type.AdaptedImmutableType@7e1d8d41
2023-03-05 15:34:30.816 DEBUG 24036 --- [    Test worker] org.hibernate.type.BasicTypeRegistry     : Adding type registration imm_serializable -> org.hibernate.type.AdaptedImmutableType@4809c771
2023-03-05 15:34:30.831  INFO 24036 --- [    Test worker] com.zaxxer.hikari.HikariDataSource       : HikariPool-1 - Starting...
2023-03-05 15:34:30.866  INFO 24036 --- [    Test worker] com.zaxxer.hikari.HikariDataSource       : HikariPool-1 - Start completed.
2023-03-05 15:34:30.879  INFO 24036 --- [    Test worker] org.hibernate.dialect.Dialect            : HHH000400: Using dialect: org.hibernate.dialect.H2Dialect
2023-03-05 15:34:30.893 DEBUG 24036 --- [    Test worker] o.h.type.spi.TypeConfiguration$Scope     : Scoping TypeConfiguration [org.hibernate.type.spi.TypeConfiguration@7b29cdea] to MetadataBuildingContext [org.hibernate.boot.internal.MetadataBuildingContextRootImpl@f08d676]
2023-03-05 15:34:31.002 DEBUG 24036 --- [    Test worker] org.hibernate.type.EnumType              : Using NAMED-based conversion for Enum com.board.Board_Upgraded.entity.member.Role
2023-03-05 15:34:31.003 DEBUG 24036 --- [    Test worker] o.h.type.spi.TypeConfiguration$Scope     : Scoping TypeConfiguration [org.hibernate.type.spi.TypeConfiguration@7b29cdea] to SessionFactoryImpl [org.hibernate.internal.SessionFactoryImpl@6aae82cc]
2023-03-05 15:34:31.133 DEBUG 24036 --- [    Test worker] org.hibernate.SQL                        : 
    
    drop table if exists member CASCADE 
2023-03-05 15:34:31.134 DEBUG 24036 --- [    Test worker] org.hibernate.SQL                        : 
    
    drop table if exists post CASCADE 
2023-03-05 15:34:31.135 DEBUG 24036 --- [    Test worker] org.hibernate.SQL                        : 
    
    drop table if exists refresh_token CASCADE 
2023-03-05 15:34:31.136 DEBUG 24036 --- [    Test worker] org.hibernate.SQL                        : 
    
    create table member (
       id bigint generated by default as identity,
        created_time timestamp not null,
        last_modified_time timestamp not null,
        member_email varchar(255),
        member_nickname varchar(255),
        member_password varchar(255),
        member_role varchar(255),
        member_username varchar(255),
        primary key (id)
    )
2023-03-05 15:34:31.137 DEBUG 24036 --- [    Test worker] org.hibernate.SQL                        : 
    
    create table post (
       id bigint generated by default as identity,
        created_time timestamp not null,
        last_modified_time timestamp not null,
        content varchar(255),
        title varchar(255),
        member_id bigint,
        primary key (id)
    )
2023-03-05 15:34:31.138 DEBUG 24036 --- [    Test worker] org.hibernate.SQL                        : 
    
    create table refresh_token (
       rt_key varchar(255) not null,
        rt_value varchar(255),
        primary key (rt_key)
    )
2023-03-05 15:34:31.138 DEBUG 24036 --- [    Test worker] org.hibernate.SQL                        : 
    
    alter table post 
       add constraint FK83s99f4kx8oiqm3ro0sasmpww 
       foreign key (member_id) 
       references member
2023-03-05 15:34:31.140  INFO 24036 --- [    Test worker] o.h.e.t.j.p.i.JtaPlatformInitiator       : HHH000490: Using JtaPlatform implementation: [org.hibernate.engine.transaction.jta.platform.internal.NoJtaPlatform]
2023-03-05 15:34:31.142 TRACE 24036 --- [    Test worker] o.h.type.spi.TypeConfiguration$Scope     : Handling #sessionFactoryCreated from [org.hibernate.internal.SessionFactoryImpl@6aae82cc] for TypeConfiguration
2023-03-05 15:34:31.143  INFO 24036 --- [    Test worker] j.LocalContainerEntityManagerFactoryBean : Initialized JPA EntityManagerFactory for persistence unit 'default'
2023-03-05 15:34:31.455  WARN 24036 --- [    Test worker] JpaBaseConfiguration$JpaWebConfiguration : spring.jpa.open-in-view is enabled by default. Therefore, database queries may be performed during view rendering. Explicitly configure spring.jpa.open-in-view to disable this warning
2023-03-05 15:34:31.623  INFO 24036 --- [    Test worker] o.s.s.web.DefaultSecurityFilterChain     : Will secure any request with [org.springframework.security.web.session.DisableEncodeUrlFilter@117be84a, org.springframework.security.web.context.request.async.WebAsyncManagerIntegrationFilter@140fa482, org.springframework.security.web.context.SecurityContextPersistenceFilter@78d52d4c, org.springframework.security.web.header.HeaderWriterFilter@31d8352e, org.springframework.web.filter.CorsFilter@5de14222, org.springframework.security.web.authentication.logout.LogoutFilter@129b0ed, com.board.Board_Upgraded.config.jwt.JwtFilter@78de0f6f, org.springframework.security.web.savedrequest.RequestCacheAwareFilter@4b8c9729, org.springframework.security.web.servletapi.SecurityContextHolderAwareRequestFilter@1ae26c59, org.springframework.security.web.authentication.AnonymousAuthenticationFilter@588614f9, org.springframework.security.web.session.SessionManagementFilter@5cb64b9c, org.springframework.security.web.access.ExceptionTranslationFilter@6a7cbeed, org.springframework.security.web.access.intercept.FilterSecurityInterceptor@1d160161]
2023-03-05 15:34:31.884  INFO 24036 --- [    Test worker] o.s.b.t.m.w.SpringBootMockServletContext : Initializing Spring TestDispatcherServlet ''
2023-03-05 15:34:31.884  INFO 24036 --- [    Test worker] o.s.t.web.servlet.TestDispatcherServlet  : Initializing Servlet ''
2023-03-05 15:34:31.885  INFO 24036 --- [    Test worker] o.s.t.web.servlet.TestDispatcherServlet  : Completed initialization in 1 ms
2023-03-05 15:34:32.010  INFO 24036 --- [    Test worker] c.b.B.controller.post.MembersPostTest    : Started MembersPostTest in 2.086 seconds (JVM running for 2.519)
2023-03-05 15:34:32.024  INFO 24036 --- [    Test worker] o.s.t.c.transaction.TransactionContext   : Began transaction (1) for test context [DefaultTestContext@751d3241 testClass = MembersPostTest, testInstance = com.board.Board_Upgraded.controller.post.MembersPostTest@24710e61, testMethod = searchNoMember@MembersPostTest, testException = [null], mergedContextConfiguration = [WebMergedContextConfiguration@76c7beb3 testClass = MembersPostTest, locations = '{}', classes = '{class com.board.Board_Upgraded.BoardUpgradedApplication}', contextInitializerClasses = '[]', activeProfiles = '{}', propertySourceLocations = '{}', propertySourceProperties = '{org.springframework.boot.test.context.SpringBootTestContextBootstrapper=true}', contextCustomizers = set[org.springframework.boot.test.autoconfigure.actuate.metrics.MetricsExportContextCustomizerFactory$DisableMetricExportContextCustomizer@2c4d1ac, org.springframework.boot.test.autoconfigure.properties.PropertyMappingContextCustomizer@4b3fa0b3, org.springframework.boot.test.autoconfigure.web.servlet.WebDriverContextCustomizerFactory$Customizer@7a1234bf, [ImportsContextCustomizer@64337702 key = [org.springframework.boot.test.autoconfigure.web.servlet.MockMvcAutoConfiguration, org.springframework.boot.test.autoconfigure.web.servlet.MockMvcWebClientAutoConfiguration, org.springframework.boot.test.autoconfigure.web.servlet.MockMvcWebDriverAutoConfiguration, org.springframework.boot.autoconfigure.security.oauth2.client.servlet.OAuth2ClientAutoConfiguration, org.springframework.boot.autoconfigure.security.oauth2.resource.servlet.OAuth2ResourceServerAutoConfiguration, org.springframework.boot.autoconfigure.security.servlet.SecurityAutoConfiguration, org.springframework.boot.autoconfigure.security.servlet.SecurityFilterAutoConfiguration, org.springframework.boot.autoconfigure.security.servlet.UserDetailsServiceAutoConfiguration, org.springframework.boot.test.autoconfigure.web.servlet.MockMvcSecurityConfiguration, org.springframework.boot.test.autoconfigure.web.reactive.WebTestClientAutoConfiguration]], org.springframework.boot.test.context.filter.ExcludeFilterContextCustomizer@2a62b5bc, org.springframework.boot.test.json.DuplicateJsonObjectContextCustomizerFactory$DuplicateJsonObjectContextCustomizer@4ce1d6d0, org.springframework.boot.test.mock.mockito.MockitoContextCustomizer@0, org.springframework.boot.test.web.client.TestRestTemplateContextCustomizer@40238dd0, org.springframework.boot.test.context.SpringBootTestArgs@1, org.springframework.boot.test.context.SpringBootTestWebEnvironment@f2ff811], resourceBasePath = 'src/main/webapp', contextLoader = 'org.springframework.boot.test.context.SpringBootContextLoader', parent = [null]], attributes = map['org.springframework.test.context.web.ServletTestExecutionListener.activateListener' -> true, 'org.springframework.test.context.web.ServletTestExecutionListener.populatedRequestContextHolder' -> true, 'org.springframework.test.context.web.ServletTestExecutionListener.resetRequestContextHolder' -> true, 'org.springframework.test.context.event.ApplicationEventsTestExecutionListener.recordApplicationEvents' -> false]]; transaction manager [org.springframework.orm.jpa.JpaTransactionManager@4ab959e8]; rollback [true]
2023-03-05 15:34:32.131 DEBUG 24036 --- [    Test worker] org.hibernate.SQL                        : 
    select
        post0_.id as id1_1_,
        post0_.created_time as created_2_1_,
        post0_.last_modified_time as last_mod3_1_,
        post0_.content as content4_1_,
        post0_.member_id as member_i6_1_,
        post0_.title as title5_1_ 
    from
        post post0_
2023-03-05 15:34:32.141 DEBUG 24036 --- [    Test worker] org.hibernate.SQL                        : 
    select
        member0_.id as id1_0_,
        member0_.created_time as created_2_0_,
        member0_.last_modified_time as last_mod3_0_,
        member0_.member_email as member_e4_0_,
        member0_.member_nickname as member_n5_0_,
        member0_.member_password as member_p6_0_,
        member0_.member_role as member_r7_0_,
        member0_.member_username as member_u8_0_ 
    from
        member member0_
2023-03-05 15:34:32.150 DEBUG 24036 --- [    Test worker] org.hibernate.SQL                        : 
    select
        member0_.id as id1_0_,
        member0_.created_time as created_2_0_,
        member0_.last_modified_time as last_mod3_0_,
        member0_.member_email as member_e4_0_,
        member0_.member_nickname as member_n5_0_,
        member0_.member_password as member_p6_0_,
        member0_.member_role as member_r7_0_,
        member0_.member_username as member_u8_0_ 
    from
        member member0_ 
    where
        member0_.member_username=?
2023-03-05 15:34:32.151 TRACE 24036 --- [    Test worker] o.h.type.descriptor.sql.BasicBinder      : binding parameter [1] as [VARCHAR] - [test1]
2023-03-05 15:34:32.153 DEBUG 24036 --- [    Test worker] org.hibernate.SQL                        : 
    select
        member0_.id as id1_0_,
        member0_.created_time as created_2_0_,
        member0_.last_modified_time as last_mod3_0_,
        member0_.member_email as member_e4_0_,
        member0_.member_nickname as member_n5_0_,
        member0_.member_password as member_p6_0_,
        member0_.member_role as member_r7_0_,
        member0_.member_username as member_u8_0_ 
    from
        member member0_ 
    where
        member0_.member_nickname=?
2023-03-05 15:34:32.153 TRACE 24036 --- [    Test worker] o.h.type.descriptor.sql.BasicBinder      : binding parameter [1] as [VARCHAR] - [nick1]
2023-03-05 15:34:32.154 DEBUG 24036 --- [    Test worker] org.hibernate.SQL                        : 
    select
        member0_.id as id1_0_,
        member0_.created_time as created_2_0_,
        member0_.last_modified_time as last_mod3_0_,
        member0_.member_email as member_e4_0_,
        member0_.member_nickname as member_n5_0_,
        member0_.member_password as member_p6_0_,
        member0_.member_role as member_r7_0_,
        member0_.member_username as member_u8_0_ 
    from
        member member0_ 
    where
        member0_.member_email=?
2023-03-05 15:34:32.155 TRACE 24036 --- [    Test worker] o.h.type.descriptor.sql.BasicBinder      : binding parameter [1] as [VARCHAR] - [test1@test.com]
2023-03-05 15:34:32.258 DEBUG 24036 --- [    Test worker] org.hibernate.SQL                        : 
    insert 
    into
        member
        (id, created_time, last_modified_time, member_email, member_nickname, member_password, member_role, member_username) 
    values
        (default, ?, ?, ?, ?, ?, ?, ?)
2023-03-05 15:34:32.258 TRACE 24036 --- [    Test worker] o.h.type.descriptor.sql.BasicBinder      : binding parameter [1] as [TIMESTAMP] - [2023-03-05T15:34:32.245106]
2023-03-05 15:34:32.259 TRACE 24036 --- [    Test worker] o.h.type.descriptor.sql.BasicBinder      : binding parameter [2] as [TIMESTAMP] - [2023-03-05T15:34:32.235752]
2023-03-05 15:34:32.259 TRACE 24036 --- [    Test worker] o.h.type.descriptor.sql.BasicBinder      : binding parameter [3] as [VARCHAR] - [test1@test.com]
2023-03-05 15:34:32.259 TRACE 24036 --- [    Test worker] o.h.type.descriptor.sql.BasicBinder      : binding parameter [4] as [VARCHAR] - [nick1]
2023-03-05 15:34:32.259 TRACE 24036 --- [    Test worker] o.h.type.descriptor.sql.BasicBinder      : binding parameter [5] as [VARCHAR] - [$2a$10$OR816OG0Ail/VUEOw9A8zOOv7AkKcU0445IwQ8/VSt3D3sqnQimJ.]
2023-03-05 15:34:32.259 TRACE 24036 --- [    Test worker] o.h.type.descriptor.sql.BasicBinder      : binding parameter [6] as [VARCHAR] - [USER]
2023-03-05 15:34:32.259 TRACE 24036 --- [    Test worker] o.h.type.descriptor.sql.BasicBinder      : binding parameter [7] as [VARCHAR] - [test1]
2023-03-05 15:34:32.263 DEBUG 24036 --- [    Test worker] org.hibernate.SQL                        : 
    select
        member0_.id as id1_0_,
        member0_.created_time as created_2_0_,
        member0_.last_modified_time as last_mod3_0_,
        member0_.member_email as member_e4_0_,
        member0_.member_nickname as member_n5_0_,
        member0_.member_password as member_p6_0_,
        member0_.member_role as member_r7_0_,
        member0_.member_username as member_u8_0_ 
    from
        member member0_ 
    where
        member0_.member_username=?
2023-03-05 15:34:32.264 TRACE 24036 --- [    Test worker] o.h.type.descriptor.sql.BasicBinder      : binding parameter [1] as [VARCHAR] - [test2]
2023-03-05 15:34:32.264 DEBUG 24036 --- [    Test worker] org.hibernate.SQL                        : 
    select
        member0_.id as id1_0_,
        member0_.created_time as created_2_0_,
        member0_.last_modified_time as last_mod3_0_,
        member0_.member_email as member_e4_0_,
        member0_.member_nickname as member_n5_0_,
        member0_.member_password as member_p6_0_,
        member0_.member_role as member_r7_0_,
        member0_.member_username as member_u8_0_ 
    from
        member member0_ 
    where
        member0_.member_nickname=?
2023-03-05 15:34:32.264 TRACE 24036 --- [    Test worker] o.h.type.descriptor.sql.BasicBinder      : binding parameter [1] as [VARCHAR] - [nick2]
2023-03-05 15:34:32.265 DEBUG 24036 --- [    Test worker] org.hibernate.SQL                        : 
    select
        member0_.id as id1_0_,
        member0_.created_time as created_2_0_,
        member0_.last_modified_time as last_mod3_0_,
        member0_.member_email as member_e4_0_,
        member0_.member_nickname as member_n5_0_,
        member0_.member_password as member_p6_0_,
        member0_.member_role as member_r7_0_,
        member0_.member_username as member_u8_0_ 
    from
        member member0_ 
    where
        member0_.member_email=?
2023-03-05 15:34:32.265 TRACE 24036 --- [    Test worker] o.h.type.descriptor.sql.BasicBinder      : binding parameter [1] as [VARCHAR] - [test2@test.com]
2023-03-05 15:34:32.342 DEBUG 24036 --- [    Test worker] org.hibernate.SQL                        : 
    insert 
    into
        member
        (id, created_time, last_modified_time, member_email, member_nickname, member_password, member_role, member_username) 
    values
        (default, ?, ?, ?, ?, ?, ?, ?)
2023-03-05 15:34:32.343 TRACE 24036 --- [    Test worker] o.h.type.descriptor.sql.BasicBinder      : binding parameter [1] as [TIMESTAMP] - [2023-03-05T15:34:32.342696]
2023-03-05 15:34:32.343 TRACE 24036 --- [    Test worker] o.h.type.descriptor.sql.BasicBinder      : binding parameter [2] as [TIMESTAMP] - [2023-03-05T15:34:32.342394]
2023-03-05 15:34:32.343 TRACE 24036 --- [    Test worker] o.h.type.descriptor.sql.BasicBinder      : binding parameter [3] as [VARCHAR] - [test2@test.com]
2023-03-05 15:34:32.343 TRACE 24036 --- [    Test worker] o.h.type.descriptor.sql.BasicBinder      : binding parameter [4] as [VARCHAR] - [nick2]
2023-03-05 15:34:32.343 TRACE 24036 --- [    Test worker] o.h.type.descriptor.sql.BasicBinder      : binding parameter [5] as [VARCHAR] - [$2a$10$x5Jd7GVpBWLqWi67JMai3u7d9/JroYDkUEh/I77cw2Wp6ghwXWfhm]
2023-03-05 15:34:32.343 TRACE 24036 --- [    Test worker] o.h.type.descriptor.sql.BasicBinder      : binding parameter [6] as [VARCHAR] - [USER]
2023-03-05 15:34:32.343 TRACE 24036 --- [    Test worker] o.h.type.descriptor.sql.BasicBinder      : binding parameter [7] as [VARCHAR] - [test2]
2023-03-05 15:34:32.345 DEBUG 24036 --- [    Test worker] org.hibernate.SQL                        : 
    select
        member0_.id as id1_0_,
        member0_.created_time as created_2_0_,
        member0_.last_modified_time as last_mod3_0_,
        member0_.member_email as member_e4_0_,
        member0_.member_nickname as member_n5_0_,
        member0_.member_password as member_p6_0_,
        member0_.member_role as member_r7_0_,
        member0_.member_username as member_u8_0_ 
    from
        member member0_ 
    where
        member0_.member_username=?
2023-03-05 15:34:32.345 TRACE 24036 --- [    Test worker] o.h.type.descriptor.sql.BasicBinder      : binding parameter [1] as [VARCHAR] - [test3]
2023-03-05 15:34:32.346 DEBUG 24036 --- [    Test worker] org.hibernate.SQL                        : 
    select
        member0_.id as id1_0_,
        member0_.created_time as created_2_0_,
        member0_.last_modified_time as last_mod3_0_,
        member0_.member_email as member_e4_0_,
        member0_.member_nickname as member_n5_0_,
        member0_.member_password as member_p6_0_,
        member0_.member_role as member_r7_0_,
        member0_.member_username as member_u8_0_ 
    from
        member member0_ 
    where
        member0_.member_nickname=?
2023-03-05 15:34:32.346 TRACE 24036 --- [    Test worker] o.h.type.descriptor.sql.BasicBinder      : binding parameter [1] as [VARCHAR] - [nick3]
2023-03-05 15:34:32.346 DEBUG 24036 --- [    Test worker] org.hibernate.SQL                        : 
    select
        member0_.id as id1_0_,
        member0_.created_time as created_2_0_,
        member0_.last_modified_time as last_mod3_0_,
        member0_.member_email as member_e4_0_,
        member0_.member_nickname as member_n5_0_,
        member0_.member_password as member_p6_0_,
        member0_.member_role as member_r7_0_,
        member0_.member_username as member_u8_0_ 
    from
        member member0_ 
    where
        member0_.member_email=?
2023-03-05 15:34:32.347 TRACE 24036 --- [    Test worker] o.h.type.descriptor.sql.BasicBinder      : binding parameter [1] as [VARCHAR] - [test3@test.com]
2023-03-05 15:34:32.428 DEBUG 24036 --- [    Test worker] org.hibernate.SQL                        : 
    insert 
    into
        member
        (id, created_time, last_modified_time, member_email, member_nickname, member_password, member_role, member_username) 
    values
        (default, ?, ?, ?, ?, ?, ?, ?)
2023-03-05 15:34:32.429 TRACE 24036 --- [    Test worker] o.h.type.descriptor.sql.BasicBinder      : binding parameter [1] as [TIMESTAMP] - [2023-03-05T15:34:32.428188]
2023-03-05 15:34:32.429 TRACE 24036 --- [    Test worker] o.h.type.descriptor.sql.BasicBinder      : binding parameter [2] as [TIMESTAMP] - [2023-03-05T15:34:32.427862]
2023-03-05 15:34:32.429 TRACE 24036 --- [    Test worker] o.h.type.descriptor.sql.BasicBinder      : binding parameter [3] as [VARCHAR] - [test3@test.com]
2023-03-05 15:34:32.429 TRACE 24036 --- [    Test worker] o.h.type.descriptor.sql.BasicBinder      : binding parameter [4] as [VARCHAR] - [nick3]
2023-03-05 15:34:32.429 TRACE 24036 --- [    Test worker] o.h.type.descriptor.sql.BasicBinder      : binding parameter [5] as [VARCHAR] - [$2a$10$ipTwA8HVHBRNraahT97sKuldslhQiL2OVPwau2DejecNRPb8lRfPe]
2023-03-05 15:34:32.429 TRACE 24036 --- [    Test worker] o.h.type.descriptor.sql.BasicBinder      : binding parameter [6] as [VARCHAR] - [USER]
2023-03-05 15:34:32.429 TRACE 24036 --- [    Test worker] o.h.type.descriptor.sql.BasicBinder      : binding parameter [7] as [VARCHAR] - [test3]
2023-03-05 15:34:32.430 DEBUG 24036 --- [    Test worker] org.hibernate.SQL                        : 
    select
        member0_.id as id1_0_,
        member0_.created_time as created_2_0_,
        member0_.last_modified_time as last_mod3_0_,
        member0_.member_email as member_e4_0_,
        member0_.member_nickname as member_n5_0_,
        member0_.member_password as member_p6_0_,
        member0_.member_role as member_r7_0_,
        member0_.member_username as member_u8_0_ 
    from
        member member0_ 
    where
        member0_.member_username=?
2023-03-05 15:34:32.430 TRACE 24036 --- [    Test worker] o.h.type.descriptor.sql.BasicBinder      : binding parameter [1] as [VARCHAR] - [test4]
2023-03-05 15:34:32.431 DEBUG 24036 --- [    Test worker] org.hibernate.SQL                        : 
    select
        member0_.id as id1_0_,
        member0_.created_time as created_2_0_,
        member0_.last_modified_time as last_mod3_0_,
        member0_.member_email as member_e4_0_,
        member0_.member_nickname as member_n5_0_,
        member0_.member_password as member_p6_0_,
        member0_.member_role as member_r7_0_,
        member0_.member_username as member_u8_0_ 
    from
        member member0_ 
    where
        member0_.member_nickname=?
2023-03-05 15:34:32.431 TRACE 24036 --- [    Test worker] o.h.type.descriptor.sql.BasicBinder      : binding parameter [1] as [VARCHAR] - [nick4]
2023-03-05 15:34:32.431 DEBUG 24036 --- [    Test worker] org.hibernate.SQL                        : 
    select
        member0_.id as id1_0_,
        member0_.created_time as created_2_0_,
        member0_.last_modified_time as last_mod3_0_,
        member0_.member_email as member_e4_0_,
        member0_.member_nickname as member_n5_0_,
        member0_.member_password as member_p6_0_,
        member0_.member_role as member_r7_0_,
        member0_.member_username as member_u8_0_ 
    from
        member member0_ 
    where
        member0_.member_email=?
2023-03-05 15:34:32.431 TRACE 24036 --- [    Test worker] o.h.type.descriptor.sql.BasicBinder      : binding parameter [1] as [VARCHAR] - [test4@test.com]
2023-03-05 15:34:32.507 DEBUG 24036 --- [    Test worker] org.hibernate.SQL                        : 
    insert 
    into
        member
        (id, created_time, last_modified_time, member_email, member_nickname, member_password, member_role, member_username) 
    values
        (default, ?, ?, ?, ?, ?, ?, ?)
2023-03-05 15:34:32.508 TRACE 24036 --- [    Test worker] o.h.type.descriptor.sql.BasicBinder      : binding parameter [1] as [TIMESTAMP] - [2023-03-05T15:34:32.507668]
2023-03-05 15:34:32.508 TRACE 24036 --- [    Test worker] o.h.type.descriptor.sql.BasicBinder      : binding parameter [2] as [TIMESTAMP] - [2023-03-05T15:34:32.507427]
2023-03-05 15:34:32.508 TRACE 24036 --- [    Test worker] o.h.type.descriptor.sql.BasicBinder      : binding parameter [3] as [VARCHAR] - [test4@test.com]
2023-03-05 15:34:32.508 TRACE 24036 --- [    Test worker] o.h.type.descriptor.sql.BasicBinder      : binding parameter [4] as [VARCHAR] - [nick4]
2023-03-05 15:34:32.508 TRACE 24036 --- [    Test worker] o.h.type.descriptor.sql.BasicBinder      : binding parameter [5] as [VARCHAR] - [$2a$10$OManoFzO7pRKneC60On9HOvwQhKl2KDVnBnHLqmIHi.r.4TYRBkJ.]
2023-03-05 15:34:32.508 TRACE 24036 --- [    Test worker] o.h.type.descriptor.sql.BasicBinder      : binding parameter [6] as [VARCHAR] - [USER]
2023-03-05 15:34:32.508 TRACE 24036 --- [    Test worker] o.h.type.descriptor.sql.BasicBinder      : binding parameter [7] as [VARCHAR] - [test4]
2023-03-05 15:34:32.509 DEBUG 24036 --- [    Test worker] org.hibernate.SQL                        : 
    select
        member0_.id as id1_0_,
        member0_.created_time as created_2_0_,
        member0_.last_modified_time as last_mod3_0_,
        member0_.member_email as member_e4_0_,
        member0_.member_nickname as member_n5_0_,
        member0_.member_password as member_p6_0_,
        member0_.member_role as member_r7_0_,
        member0_.member_username as member_u8_0_ 
    from
        member member0_ 
    where
        member0_.member_username=?
2023-03-05 15:34:32.509 TRACE 24036 --- [    Test worker] o.h.type.descriptor.sql.BasicBinder      : binding parameter [1] as [VARCHAR] - [test5]
2023-03-05 15:34:32.510 DEBUG 24036 --- [    Test worker] org.hibernate.SQL                        : 
    select
        member0_.id as id1_0_,
        member0_.created_time as created_2_0_,
        member0_.last_modified_time as last_mod3_0_,
        member0_.member_email as member_e4_0_,
        member0_.member_nickname as member_n5_0_,
        member0_.member_password as member_p6_0_,
        member0_.member_role as member_r7_0_,
        member0_.member_username as member_u8_0_ 
    from
        member member0_ 
    where
        member0_.member_nickname=?
2023-03-05 15:34:32.510 TRACE 24036 --- [    Test worker] o.h.type.descriptor.sql.BasicBinder      : binding parameter [1] as [VARCHAR] - [nick5]
2023-03-05 15:34:32.511 DEBUG 24036 --- [    Test worker] org.hibernate.SQL                        : 
    select
        member0_.id as id1_0_,
        member0_.created_time as created_2_0_,
        member0_.last_modified_time as last_mod3_0_,
        member0_.member_email as member_e4_0_,
        member0_.member_nickname as member_n5_0_,
        member0_.member_password as member_p6_0_,
        member0_.member_role as member_r7_0_,
        member0_.member_username as member_u8_0_ 
    from
        member member0_ 
    where
        member0_.member_email=?
2023-03-05 15:34:32.511 TRACE 24036 --- [    Test worker] o.h.type.descriptor.sql.BasicBinder      : binding parameter [1] as [VARCHAR] - [test5@test.com]
2023-03-05 15:34:32.588 DEBUG 24036 --- [    Test worker] org.hibernate.SQL                        : 
    insert 
    into
        member
        (id, created_time, last_modified_time, member_email, member_nickname, member_password, member_role, member_username) 
    values
        (default, ?, ?, ?, ?, ?, ?, ?)
2023-03-05 15:34:32.588 TRACE 24036 --- [    Test worker] o.h.type.descriptor.sql.BasicBinder      : binding parameter [1] as [TIMESTAMP] - [2023-03-05T15:34:32.587665]
2023-03-05 15:34:32.588 TRACE 24036 --- [    Test worker] o.h.type.descriptor.sql.BasicBinder      : binding parameter [2] as [TIMESTAMP] - [2023-03-05T15:34:32.587362]
2023-03-05 15:34:32.588 TRACE 24036 --- [    Test worker] o.h.type.descriptor.sql.BasicBinder      : binding parameter [3] as [VARCHAR] - [test5@test.com]
2023-03-05 15:34:32.588 TRACE 24036 --- [    Test worker] o.h.type.descriptor.sql.BasicBinder      : binding parameter [4] as [VARCHAR] - [nick5]
2023-03-05 15:34:32.588 TRACE 24036 --- [    Test worker] o.h.type.descriptor.sql.BasicBinder      : binding parameter [5] as [VARCHAR] - [$2a$10$DKiGmUojVMAcTG.tEcEKvuYPL666DW4L.rl5VD8btSDbExGP01bWe]
2023-03-05 15:34:32.588 TRACE 24036 --- [    Test worker] o.h.type.descriptor.sql.BasicBinder      : binding parameter [6] as [VARCHAR] - [USER]
2023-03-05 15:34:32.588 TRACE 24036 --- [    Test worker] o.h.type.descriptor.sql.BasicBinder      : binding parameter [7] as [VARCHAR] - [test5]
2023-03-05 15:34:32.589 DEBUG 24036 --- [    Test worker] org.hibernate.SQL                        : 
    select
        member0_.id as id1_0_,
        member0_.created_time as created_2_0_,
        member0_.last_modified_time as last_mod3_0_,
        member0_.member_email as member_e4_0_,
        member0_.member_nickname as member_n5_0_,
        member0_.member_password as member_p6_0_,
        member0_.member_role as member_r7_0_,
        member0_.member_username as member_u8_0_ 
    from
        member member0_ 
    where
        member0_.member_username=?
2023-03-05 15:34:32.590 TRACE 24036 --- [    Test worker] o.h.type.descriptor.sql.BasicBinder      : binding parameter [1] as [VARCHAR] - [test6]
2023-03-05 15:34:32.590 DEBUG 24036 --- [    Test worker] org.hibernate.SQL                        : 
    select
        member0_.id as id1_0_,
        member0_.created_time as created_2_0_,
        member0_.last_modified_time as last_mod3_0_,
        member0_.member_email as member_e4_0_,
        member0_.member_nickname as member_n5_0_,
        member0_.member_password as member_p6_0_,
        member0_.member_role as member_r7_0_,
        member0_.member_username as member_u8_0_ 
    from
        member member0_ 
    where
        member0_.member_nickname=?
2023-03-05 15:34:32.590 TRACE 24036 --- [    Test worker] o.h.type.descriptor.sql.BasicBinder      : binding parameter [1] as [VARCHAR] - [nick6]
2023-03-05 15:34:32.591 DEBUG 24036 --- [    Test worker] org.hibernate.SQL                        : 
    select
        member0_.id as id1_0_,
        member0_.created_time as created_2_0_,
        member0_.last_modified_time as last_mod3_0_,
        member0_.member_email as member_e4_0_,
        member0_.member_nickname as member_n5_0_,
        member0_.member_password as member_p6_0_,
        member0_.member_role as member_r7_0_,
        member0_.member_username as member_u8_0_ 
    from
        member member0_ 
    where
        member0_.member_email=?
2023-03-05 15:34:32.591 TRACE 24036 --- [    Test worker] o.h.type.descriptor.sql.BasicBinder      : binding parameter [1] as [VARCHAR] - [test6@test.com]
2023-03-05 15:34:32.668 DEBUG 24036 --- [    Test worker] org.hibernate.SQL                        : 
    insert 
    into
        member
        (id, created_time, last_modified_time, member_email, member_nickname, member_password, member_role, member_username) 
    values
        (default, ?, ?, ?, ?, ?, ?, ?)
2023-03-05 15:34:32.668 TRACE 24036 --- [    Test worker] o.h.type.descriptor.sql.BasicBinder      : binding parameter [1] as [TIMESTAMP] - [2023-03-05T15:34:32.667864]
2023-03-05 15:34:32.668 TRACE 24036 --- [    Test worker] o.h.type.descriptor.sql.BasicBinder      : binding parameter [2] as [TIMESTAMP] - [2023-03-05T15:34:32.667665]
2023-03-05 15:34:32.668 TRACE 24036 --- [    Test worker] o.h.type.descriptor.sql.BasicBinder      : binding parameter [3] as [VARCHAR] - [test6@test.com]
2023-03-05 15:34:32.668 TRACE 24036 --- [    Test worker] o.h.type.descriptor.sql.BasicBinder      : binding parameter [4] as [VARCHAR] - [nick6]
2023-03-05 15:34:32.668 TRACE 24036 --- [    Test worker] o.h.type.descriptor.sql.BasicBinder      : binding parameter [5] as [VARCHAR] - [$2a$10$K5fugN8rpJDN2IR.v3lpJuLxqmheq0cMbM1FvB.tIGoW0Ssfamini]
2023-03-05 15:34:32.668 TRACE 24036 --- [    Test worker] o.h.type.descriptor.sql.BasicBinder      : binding parameter [6] as [VARCHAR] - [USER]
2023-03-05 15:34:32.668 TRACE 24036 --- [    Test worker] o.h.type.descriptor.sql.BasicBinder      : binding parameter [7] as [VARCHAR] - [test6]
2023-03-05 15:34:32.669 DEBUG 24036 --- [    Test worker] org.hibernate.SQL                        : 
    select
        member0_.id as id1_0_,
        member0_.created_time as created_2_0_,
        member0_.last_modified_time as last_mod3_0_,
        member0_.member_email as member_e4_0_,
        member0_.member_nickname as member_n5_0_,
        member0_.member_password as member_p6_0_,
        member0_.member_role as member_r7_0_,
        member0_.member_username as member_u8_0_ 
    from
        member member0_ 
    where
        member0_.member_username=?
2023-03-05 15:34:32.669 TRACE 24036 --- [    Test worker] o.h.type.descriptor.sql.BasicBinder      : binding parameter [1] as [VARCHAR] - [test7]
2023-03-05 15:34:32.670 DEBUG 24036 --- [    Test worker] org.hibernate.SQL                        : 
    select
        member0_.id as id1_0_,
        member0_.created_time as created_2_0_,
        member0_.last_modified_time as last_mod3_0_,
        member0_.member_email as member_e4_0_,
        member0_.member_nickname as member_n5_0_,
        member0_.member_password as member_p6_0_,
        member0_.member_role as member_r7_0_,
        member0_.member_username as member_u8_0_ 
    from
        member member0_ 
    where
        member0_.member_nickname=?
2023-03-05 15:34:32.670 TRACE 24036 --- [    Test worker] o.h.type.descriptor.sql.BasicBinder      : binding parameter [1] as [VARCHAR] - [nick7]
2023-03-05 15:34:32.671 DEBUG 24036 --- [    Test worker] org.hibernate.SQL                        : 
    select
        member0_.id as id1_0_,
        member0_.created_time as created_2_0_,
        member0_.last_modified_time as last_mod3_0_,
        member0_.member_email as member_e4_0_,
        member0_.member_nickname as member_n5_0_,
        member0_.member_password as member_p6_0_,
        member0_.member_role as member_r7_0_,
        member0_.member_username as member_u8_0_ 
    from
        member member0_ 
    where
        member0_.member_email=?
2023-03-05 15:34:32.671 TRACE 24036 --- [    Test worker] o.h.type.descriptor.sql.BasicBinder      : binding parameter [1] as [VARCHAR] - [test7@test.com]
2023-03-05 15:34:32.746 DEBUG 24036 --- [    Test worker] org.hibernate.SQL                        : 
    insert 
    into
        member
        (id, created_time, last_modified_time, member_email, member_nickname, member_password, member_role, member_username) 
    values
        (default, ?, ?, ?, ?, ?, ?, ?)
2023-03-05 15:34:32.747 TRACE 24036 --- [    Test worker] o.h.type.descriptor.sql.BasicBinder      : binding parameter [1] as [TIMESTAMP] - [2023-03-05T15:34:32.746752]
2023-03-05 15:34:32.747 TRACE 24036 --- [    Test worker] o.h.type.descriptor.sql.BasicBinder      : binding parameter [2] as [TIMESTAMP] - [2023-03-05T15:34:32.746556]
2023-03-05 15:34:32.747 TRACE 24036 --- [    Test worker] o.h.type.descriptor.sql.BasicBinder      : binding parameter [3] as [VARCHAR] - [test7@test.com]
2023-03-05 15:34:32.747 TRACE 24036 --- [    Test worker] o.h.type.descriptor.sql.BasicBinder      : binding parameter [4] as [VARCHAR] - [nick7]
2023-03-05 15:34:32.747 TRACE 24036 --- [    Test worker] o.h.type.descriptor.sql.BasicBinder      : binding parameter [5] as [VARCHAR] - [$2a$10$Ir8rIHkhqh5NTD6c3u94y.YC272lBaOIulDtUCSmElAx26iEJJDyC]
2023-03-05 15:34:32.747 TRACE 24036 --- [    Test worker] o.h.type.descriptor.sql.BasicBinder      : binding parameter [6] as [VARCHAR] - [USER]
2023-03-05 15:34:32.747 TRACE 24036 --- [    Test worker] o.h.type.descriptor.sql.BasicBinder      : binding parameter [7] as [VARCHAR] - [test7]
2023-03-05 15:34:32.748 DEBUG 24036 --- [    Test worker] org.hibernate.SQL                        : 
    select
        member0_.id as id1_0_,
        member0_.created_time as created_2_0_,
        member0_.last_modified_time as last_mod3_0_,
        member0_.member_email as member_e4_0_,
        member0_.member_nickname as member_n5_0_,
        member0_.member_password as member_p6_0_,
        member0_.member_role as member_r7_0_,
        member0_.member_username as member_u8_0_ 
    from
        member member0_ 
    where
        member0_.member_username=?
2023-03-05 15:34:32.748 TRACE 24036 --- [    Test worker] o.h.type.descriptor.sql.BasicBinder      : binding parameter [1] as [VARCHAR] - [test8]
2023-03-05 15:34:32.749 DEBUG 24036 --- [    Test worker] org.hibernate.SQL                        : 
    select
        member0_.id as id1_0_,
        member0_.created_time as created_2_0_,
        member0_.last_modified_time as last_mod3_0_,
        member0_.member_email as member_e4_0_,
        member0_.member_nickname as member_n5_0_,
        member0_.member_password as member_p6_0_,
        member0_.member_role as member_r7_0_,
        member0_.member_username as member_u8_0_ 
    from
        member member0_ 
    where
        member0_.member_nickname=?
2023-03-05 15:34:32.749 TRACE 24036 --- [    Test worker] o.h.type.descriptor.sql.BasicBinder      : binding parameter [1] as [VARCHAR] - [nick8]
2023-03-05 15:34:32.749 DEBUG 24036 --- [    Test worker] org.hibernate.SQL                        : 
    select
        member0_.id as id1_0_,
        member0_.created_time as created_2_0_,
        member0_.last_modified_time as last_mod3_0_,
        member0_.member_email as member_e4_0_,
        member0_.member_nickname as member_n5_0_,
        member0_.member_password as member_p6_0_,
        member0_.member_role as member_r7_0_,
        member0_.member_username as member_u8_0_ 
    from
        member member0_ 
    where
        member0_.member_email=?
2023-03-05 15:34:32.749 TRACE 24036 --- [    Test worker] o.h.type.descriptor.sql.BasicBinder      : binding parameter [1] as [VARCHAR] - [test8@test.com]
2023-03-05 15:34:32.825 DEBUG 24036 --- [    Test worker] org.hibernate.SQL                        : 
    insert 
    into
        member
        (id, created_time, last_modified_time, member_email, member_nickname, member_password, member_role, member_username) 
    values
        (default, ?, ?, ?, ?, ?, ?, ?)
2023-03-05 15:34:32.825 TRACE 24036 --- [    Test worker] o.h.type.descriptor.sql.BasicBinder      : binding parameter [1] as [TIMESTAMP] - [2023-03-05T15:34:32.824949]
2023-03-05 15:34:32.825 TRACE 24036 --- [    Test worker] o.h.type.descriptor.sql.BasicBinder      : binding parameter [2] as [TIMESTAMP] - [2023-03-05T15:34:32.824760]
2023-03-05 15:34:32.825 TRACE 24036 --- [    Test worker] o.h.type.descriptor.sql.BasicBinder      : binding parameter [3] as [VARCHAR] - [test8@test.com]
2023-03-05 15:34:32.825 TRACE 24036 --- [    Test worker] o.h.type.descriptor.sql.BasicBinder      : binding parameter [4] as [VARCHAR] - [nick8]
2023-03-05 15:34:32.825 TRACE 24036 --- [    Test worker] o.h.type.descriptor.sql.BasicBinder      : binding parameter [5] as [VARCHAR] - [$2a$10$C77jvyyNJgtn15RoqhGi6uCXOAFKDEhi93MQdf48qPheTIZxotkte]
2023-03-05 15:34:32.825 TRACE 24036 --- [    Test worker] o.h.type.descriptor.sql.BasicBinder      : binding parameter [6] as [VARCHAR] - [USER]
2023-03-05 15:34:32.825 TRACE 24036 --- [    Test worker] o.h.type.descriptor.sql.BasicBinder      : binding parameter [7] as [VARCHAR] - [test8]
2023-03-05 15:34:32.826 DEBUG 24036 --- [    Test worker] org.hibernate.SQL                        : 
    select
        member0_.id as id1_0_,
        member0_.created_time as created_2_0_,
        member0_.last_modified_time as last_mod3_0_,
        member0_.member_email as member_e4_0_,
        member0_.member_nickname as member_n5_0_,
        member0_.member_password as member_p6_0_,
        member0_.member_role as member_r7_0_,
        member0_.member_username as member_u8_0_ 
    from
        member member0_ 
    where
        member0_.member_username=?
2023-03-05 15:34:32.826 TRACE 24036 --- [    Test worker] o.h.type.descriptor.sql.BasicBinder      : binding parameter [1] as [VARCHAR] - [test9]
2023-03-05 15:34:32.827 DEBUG 24036 --- [    Test worker] org.hibernate.SQL                        : 
    select
        member0_.id as id1_0_,
        member0_.created_time as created_2_0_,
        member0_.last_modified_time as last_mod3_0_,
        member0_.member_email as member_e4_0_,
        member0_.member_nickname as member_n5_0_,
        member0_.member_password as member_p6_0_,
        member0_.member_role as member_r7_0_,
        member0_.member_username as member_u8_0_ 
    from
        member member0_ 
    where
        member0_.member_nickname=?
2023-03-05 15:34:32.827 TRACE 24036 --- [    Test worker] o.h.type.descriptor.sql.BasicBinder      : binding parameter [1] as [VARCHAR] - [nick9]
2023-03-05 15:34:32.828 DEBUG 24036 --- [    Test worker] org.hibernate.SQL                        : 
    select
        member0_.id as id1_0_,
        member0_.created_time as created_2_0_,
        member0_.last_modified_time as last_mod3_0_,
        member0_.member_email as member_e4_0_,
        member0_.member_nickname as member_n5_0_,
        member0_.member_password as member_p6_0_,
        member0_.member_role as member_r7_0_,
        member0_.member_username as member_u8_0_ 
    from
        member member0_ 
    where
        member0_.member_email=?
2023-03-05 15:34:32.828 TRACE 24036 --- [    Test worker] o.h.type.descriptor.sql.BasicBinder      : binding parameter [1] as [VARCHAR] - [test9@test.com]
2023-03-05 15:34:32.903 DEBUG 24036 --- [    Test worker] org.hibernate.SQL                        : 
    insert 
    into
        member
        (id, created_time, last_modified_time, member_email, member_nickname, member_password, member_role, member_username) 
    values
        (default, ?, ?, ?, ?, ?, ?, ?)
2023-03-05 15:34:32.904 TRACE 24036 --- [    Test worker] o.h.type.descriptor.sql.BasicBinder      : binding parameter [1] as [TIMESTAMP] - [2023-03-05T15:34:32.903763]
2023-03-05 15:34:32.904 TRACE 24036 --- [    Test worker] o.h.type.descriptor.sql.BasicBinder      : binding parameter [2] as [TIMESTAMP] - [2023-03-05T15:34:32.903546]
2023-03-05 15:34:32.904 TRACE 24036 --- [    Test worker] o.h.type.descriptor.sql.BasicBinder      : binding parameter [3] as [VARCHAR] - [test9@test.com]
2023-03-05 15:34:32.904 TRACE 24036 --- [    Test worker] o.h.type.descriptor.sql.BasicBinder      : binding parameter [4] as [VARCHAR] - [nick9]
2023-03-05 15:34:32.904 TRACE 24036 --- [    Test worker] o.h.type.descriptor.sql.BasicBinder      : binding parameter [5] as [VARCHAR] - [$2a$10$3hbdZUMo6xW36OczGT9nyeFrJw0EuRPevYIdZwLgl59ckq65MXfLq]
2023-03-05 15:34:32.904 TRACE 24036 --- [    Test worker] o.h.type.descriptor.sql.BasicBinder      : binding parameter [6] as [VARCHAR] - [USER]
2023-03-05 15:34:32.904 TRACE 24036 --- [    Test worker] o.h.type.descriptor.sql.BasicBinder      : binding parameter [7] as [VARCHAR] - [test9]
2023-03-05 15:34:32.905 DEBUG 24036 --- [    Test worker] org.hibernate.SQL                        : 
    select
        member0_.id as id1_0_,
        member0_.created_time as created_2_0_,
        member0_.last_modified_time as last_mod3_0_,
        member0_.member_email as member_e4_0_,
        member0_.member_nickname as member_n5_0_,
        member0_.member_password as member_p6_0_,
        member0_.member_role as member_r7_0_,
        member0_.member_username as member_u8_0_ 
    from
        member member0_ 
    where
        member0_.member_username=?
2023-03-05 15:34:32.905 TRACE 24036 --- [    Test worker] o.h.type.descriptor.sql.BasicBinder      : binding parameter [1] as [VARCHAR] - [test10]
2023-03-05 15:34:32.906 DEBUG 24036 --- [    Test worker] org.hibernate.SQL                        : 
    select
        member0_.id as id1_0_,
        member0_.created_time as created_2_0_,
        member0_.last_modified_time as last_mod3_0_,
        member0_.member_email as member_e4_0_,
        member0_.member_nickname as member_n5_0_,
        member0_.member_password as member_p6_0_,
        member0_.member_role as member_r7_0_,
        member0_.member_username as member_u8_0_ 
    from
        member member0_ 
    where
        member0_.member_nickname=?
2023-03-05 15:34:32.906 TRACE 24036 --- [    Test worker] o.h.type.descriptor.sql.BasicBinder      : binding parameter [1] as [VARCHAR] - [nick10]
2023-03-05 15:34:32.907 DEBUG 24036 --- [    Test worker] org.hibernate.SQL                        : 
    select
        member0_.id as id1_0_,
        member0_.created_time as created_2_0_,
        member0_.last_modified_time as last_mod3_0_,
        member0_.member_email as member_e4_0_,
        member0_.member_nickname as member_n5_0_,
        member0_.member_password as member_p6_0_,
        member0_.member_role as member_r7_0_,
        member0_.member_username as member_u8_0_ 
    from
        member member0_ 
    where
        member0_.member_email=?
2023-03-05 15:34:32.907 TRACE 24036 --- [    Test worker] o.h.type.descriptor.sql.BasicBinder      : binding parameter [1] as [VARCHAR] - [test10@test.com]
2023-03-05 15:34:32.984 DEBUG 24036 --- [    Test worker] org.hibernate.SQL                        : 
    insert 
    into
        member
        (id, created_time, last_modified_time, member_email, member_nickname, member_password, member_role, member_username) 
    values
        (default, ?, ?, ?, ?, ?, ?, ?)
2023-03-05 15:34:32.984 TRACE 24036 --- [    Test worker] o.h.type.descriptor.sql.BasicBinder      : binding parameter [1] as [TIMESTAMP] - [2023-03-05T15:34:32.983914]
2023-03-05 15:34:32.984 TRACE 24036 --- [    Test worker] o.h.type.descriptor.sql.BasicBinder      : binding parameter [2] as [TIMESTAMP] - [2023-03-05T15:34:32.983704]
2023-03-05 15:34:32.984 TRACE 24036 --- [    Test worker] o.h.type.descriptor.sql.BasicBinder      : binding parameter [3] as [VARCHAR] - [test10@test.com]
2023-03-05 15:34:32.984 TRACE 24036 --- [    Test worker] o.h.type.descriptor.sql.BasicBinder      : binding parameter [4] as [VARCHAR] - [nick10]
2023-03-05 15:34:32.984 TRACE 24036 --- [    Test worker] o.h.type.descriptor.sql.BasicBinder      : binding parameter [5] as [VARCHAR] - [$2a$10$NnH2Jdq9ApY6wNf207sq5exILslgdfOTj7vQSeCSYOoAVZT3oyOsO]
2023-03-05 15:34:32.984 TRACE 24036 --- [    Test worker] o.h.type.descriptor.sql.BasicBinder      : binding parameter [6] as [VARCHAR] - [USER]
2023-03-05 15:34:32.984 TRACE 24036 --- [    Test worker] o.h.type.descriptor.sql.BasicBinder      : binding parameter [7] as [VARCHAR] - [test10]
2023-03-05 15:34:32.985 DEBUG 24036 --- [    Test worker] org.hibernate.SQL                        : 
    select
        member0_.id as id1_0_,
        member0_.created_time as created_2_0_,
        member0_.last_modified_time as last_mod3_0_,
        member0_.member_email as member_e4_0_,
        member0_.member_nickname as member_n5_0_,
        member0_.member_password as member_p6_0_,
        member0_.member_role as member_r7_0_,
        member0_.member_username as member_u8_0_ 
    from
        member member0_ 
    where
        member0_.member_username=?
2023-03-05 15:34:32.985 TRACE 24036 --- [    Test worker] o.h.type.descriptor.sql.BasicBinder      : binding parameter [1] as [VARCHAR] - [test1]
2023-03-05 15:34:32.986 TRACE 24036 --- [    Test worker] o.h.type.descriptor.sql.BasicExtractor   : extracted value ([id1_0_] : [BIGINT]) - [1]
2023-03-05 15:34:32.990 DEBUG 24036 --- [    Test worker] org.hibernate.SQL                        : 
    insert 
    into
        post
        (id, created_time, last_modified_time, content, member_id, title) 
    values
        (default, ?, ?, ?, ?, ?)
2023-03-05 15:34:32.991 TRACE 24036 --- [    Test worker] o.h.type.descriptor.sql.BasicBinder      : binding parameter [1] as [TIMESTAMP] - [2023-03-05T15:34:32.990607]
2023-03-05 15:34:32.991 TRACE 24036 --- [    Test worker] o.h.type.descriptor.sql.BasicBinder      : binding parameter [2] as [TIMESTAMP] - [2023-03-05T15:34:32.988958]
2023-03-05 15:34:32.991 TRACE 24036 --- [    Test worker] o.h.type.descriptor.sql.BasicBinder      : binding parameter [3] as [VARCHAR] - [내용1]
2023-03-05 15:34:32.991 TRACE 24036 --- [    Test worker] o.h.type.descriptor.sql.BasicBinder      : binding parameter [4] as [BIGINT] - [1]
2023-03-05 15:34:32.991 TRACE 24036 --- [    Test worker] o.h.type.descriptor.sql.BasicBinder      : binding parameter [5] as [VARCHAR] - [제목1]
2023-03-05 15:34:32.992 DEBUG 24036 --- [    Test worker] org.hibernate.SQL                        : 
    select
        member0_.id as id1_0_,
        member0_.created_time as created_2_0_,
        member0_.last_modified_time as last_mod3_0_,
        member0_.member_email as member_e4_0_,
        member0_.member_nickname as member_n5_0_,
        member0_.member_password as member_p6_0_,
        member0_.member_role as member_r7_0_,
        member0_.member_username as member_u8_0_ 
    from
        member member0_ 
    where
        member0_.member_username=?
2023-03-05 15:34:32.992 TRACE 24036 --- [    Test worker] o.h.type.descriptor.sql.BasicBinder      : binding parameter [1] as [VARCHAR] - [test1]
2023-03-05 15:34:32.993 TRACE 24036 --- [    Test worker] o.h.type.descriptor.sql.BasicExtractor   : extracted value ([id1_0_] : [BIGINT]) - [1]
2023-03-05 15:34:32.993 DEBUG 24036 --- [    Test worker] org.hibernate.SQL                        : 
    insert 
    into
        post
        (id, created_time, last_modified_time, content, member_id, title) 
    values
        (default, ?, ?, ?, ?, ?)
2023-03-05 15:34:32.994 TRACE 24036 --- [    Test worker] o.h.type.descriptor.sql.BasicBinder      : binding parameter [1] as [TIMESTAMP] - [2023-03-05T15:34:32.993735]
2023-03-05 15:34:32.994 TRACE 24036 --- [    Test worker] o.h.type.descriptor.sql.BasicBinder      : binding parameter [2] as [TIMESTAMP] - [2023-03-05T15:34:32.993447]
2023-03-05 15:34:32.994 TRACE 24036 --- [    Test worker] o.h.type.descriptor.sql.BasicBinder      : binding parameter [3] as [VARCHAR] - [내용2]
2023-03-05 15:34:32.994 TRACE 24036 --- [    Test worker] o.h.type.descriptor.sql.BasicBinder      : binding parameter [4] as [BIGINT] - [1]
2023-03-05 15:34:32.994 TRACE 24036 --- [    Test worker] o.h.type.descriptor.sql.BasicBinder      : binding parameter [5] as [VARCHAR] - [제목2]
2023-03-05 15:34:32.995 DEBUG 24036 --- [    Test worker] org.hibernate.SQL                        : 
    select
        member0_.id as id1_0_,
        member0_.created_time as created_2_0_,
        member0_.last_modified_time as last_mod3_0_,
        member0_.member_email as member_e4_0_,
        member0_.member_nickname as member_n5_0_,
        member0_.member_password as member_p6_0_,
        member0_.member_role as member_r7_0_,
        member0_.member_username as member_u8_0_ 
    from
        member member0_ 
    where
        member0_.member_username=?
2023-03-05 15:34:32.996 TRACE 24036 --- [    Test worker] o.h.type.descriptor.sql.BasicBinder      : binding parameter [1] as [VARCHAR] - [test1]
2023-03-05 15:34:32.996 TRACE 24036 --- [    Test worker] o.h.type.descriptor.sql.BasicExtractor   : extracted value ([id1_0_] : [BIGINT]) - [1]
2023-03-05 15:34:32.996 DEBUG 24036 --- [    Test worker] org.hibernate.SQL                        : 
    insert 
    into
        post
        (id, created_time, last_modified_time, content, member_id, title) 
    values
        (default, ?, ?, ?, ?, ?)
2023-03-05 15:34:32.997 TRACE 24036 --- [    Test worker] o.h.type.descriptor.sql.BasicBinder      : binding parameter [1] as [TIMESTAMP] - [2023-03-05T15:34:32.996788]
2023-03-05 15:34:32.997 TRACE 24036 --- [    Test worker] o.h.type.descriptor.sql.BasicBinder      : binding parameter [2] as [TIMESTAMP] - [2023-03-05T15:34:32.996656]
2023-03-05 15:34:32.997 TRACE 24036 --- [    Test worker] o.h.type.descriptor.sql.BasicBinder      : binding parameter [3] as [VARCHAR] - [내용3]
2023-03-05 15:34:32.997 TRACE 24036 --- [    Test worker] o.h.type.descriptor.sql.BasicBinder      : binding parameter [4] as [BIGINT] - [1]
2023-03-05 15:34:32.997 TRACE 24036 --- [    Test worker] o.h.type.descriptor.sql.BasicBinder      : binding parameter [5] as [VARCHAR] - [제목3]
2023-03-05 15:34:32.997 DEBUG 24036 --- [    Test worker] org.hibernate.SQL                        : 
    select
        member0_.id as id1_0_,
        member0_.created_time as created_2_0_,
        member0_.last_modified_time as last_mod3_0_,
        member0_.member_email as member_e4_0_,
        member0_.member_nickname as member_n5_0_,
        member0_.member_password as member_p6_0_,
        member0_.member_role as member_r7_0_,
        member0_.member_username as member_u8_0_ 
    from
        member member0_ 
    where
        member0_.member_username=?
2023-03-05 15:34:32.998 TRACE 24036 --- [    Test worker] o.h.type.descriptor.sql.BasicBinder      : binding parameter [1] as [VARCHAR] - [test1]
2023-03-05 15:34:32.998 TRACE 24036 --- [    Test worker] o.h.type.descriptor.sql.BasicExtractor   : extracted value ([id1_0_] : [BIGINT]) - [1]
2023-03-05 15:34:32.998 DEBUG 24036 --- [    Test worker] org.hibernate.SQL                        : 
    insert 
    into
        post
        (id, created_time, last_modified_time, content, member_id, title) 
    values
        (default, ?, ?, ?, ?, ?)
2023-03-05 15:34:32.998 TRACE 24036 --- [    Test worker] o.h.type.descriptor.sql.BasicBinder      : binding parameter [1] as [TIMESTAMP] - [2023-03-05T15:34:32.998459]
2023-03-05 15:34:32.998 TRACE 24036 --- [    Test worker] o.h.type.descriptor.sql.BasicBinder      : binding parameter [2] as [TIMESTAMP] - [2023-03-05T15:34:32.998373]
2023-03-05 15:34:32.998 TRACE 24036 --- [    Test worker] o.h.type.descriptor.sql.BasicBinder      : binding parameter [3] as [VARCHAR] - [내용4]
2023-03-05 15:34:32.998 TRACE 24036 --- [    Test worker] o.h.type.descriptor.sql.BasicBinder      : binding parameter [4] as [BIGINT] - [1]
2023-03-05 15:34:32.998 TRACE 24036 --- [    Test worker] o.h.type.descriptor.sql.BasicBinder      : binding parameter [5] as [VARCHAR] - [제목4]
2023-03-05 15:34:32.999 DEBUG 24036 --- [    Test worker] org.hibernate.SQL                        : 
    select
        member0_.id as id1_0_,
        member0_.created_time as created_2_0_,
        member0_.last_modified_time as last_mod3_0_,
        member0_.member_email as member_e4_0_,
        member0_.member_nickname as member_n5_0_,
        member0_.member_password as member_p6_0_,
        member0_.member_role as member_r7_0_,
        member0_.member_username as member_u8_0_ 
    from
        member member0_ 
    where
        member0_.member_username=?
2023-03-05 15:34:32.999 TRACE 24036 --- [    Test worker] o.h.type.descriptor.sql.BasicBinder      : binding parameter [1] as [VARCHAR] - [test1]
2023-03-05 15:34:32.999 TRACE 24036 --- [    Test worker] o.h.type.descriptor.sql.BasicExtractor   : extracted value ([id1_0_] : [BIGINT]) - [1]
2023-03-05 15:34:33.000 DEBUG 24036 --- [    Test worker] org.hibernate.SQL                        : 
    insert 
    into
        post
        (id, created_time, last_modified_time, content, member_id, title) 
    values
        (default, ?, ?, ?, ?, ?)
2023-03-05 15:34:33.000 TRACE 24036 --- [    Test worker] o.h.type.descriptor.sql.BasicBinder      : binding parameter [1] as [TIMESTAMP] - [2023-03-05T15:34:32.999959]
2023-03-05 15:34:33.000 TRACE 24036 --- [    Test worker] o.h.type.descriptor.sql.BasicBinder      : binding parameter [2] as [TIMESTAMP] - [2023-03-05T15:34:32.999878]
2023-03-05 15:34:33.000 TRACE 24036 --- [    Test worker] o.h.type.descriptor.sql.BasicBinder      : binding parameter [3] as [VARCHAR] - [내용5]
2023-03-05 15:34:33.000 TRACE 24036 --- [    Test worker] o.h.type.descriptor.sql.BasicBinder      : binding parameter [4] as [BIGINT] - [1]
2023-03-05 15:34:33.000 TRACE 24036 --- [    Test worker] o.h.type.descriptor.sql.BasicBinder      : binding parameter [5] as [VARCHAR] - [제목5]
2023-03-05 15:34:33.000 DEBUG 24036 --- [    Test worker] org.hibernate.SQL                        : 
    select
        member0_.id as id1_0_,
        member0_.created_time as created_2_0_,
        member0_.last_modified_time as last_mod3_0_,
        member0_.member_email as member_e4_0_,
        member0_.member_nickname as member_n5_0_,
        member0_.member_password as member_p6_0_,
        member0_.member_role as member_r7_0_,
        member0_.member_username as member_u8_0_ 
    from
        member member0_ 
    where
        member0_.member_username=?
2023-03-05 15:34:33.001 TRACE 24036 --- [    Test worker] o.h.type.descriptor.sql.BasicBinder      : binding parameter [1] as [VARCHAR] - [test1]
2023-03-05 15:34:33.001 TRACE 24036 --- [    Test worker] o.h.type.descriptor.sql.BasicExtractor   : extracted value ([id1_0_] : [BIGINT]) - [1]
2023-03-05 15:34:33.001 DEBUG 24036 --- [    Test worker] org.hibernate.SQL                        : 
    insert 
    into
        post
        (id, created_time, last_modified_time, content, member_id, title) 
    values
        (default, ?, ?, ?, ?, ?)
2023-03-05 15:34:33.002 TRACE 24036 --- [    Test worker] o.h.type.descriptor.sql.BasicBinder      : binding parameter [1] as [TIMESTAMP] - [2023-03-05T15:34:33.001760]
2023-03-05 15:34:33.002 TRACE 24036 --- [    Test worker] o.h.type.descriptor.sql.BasicBinder      : binding parameter [2] as [TIMESTAMP] - [2023-03-05T15:34:33.001408]
2023-03-05 15:34:33.002 TRACE 24036 --- [    Test worker] o.h.type.descriptor.sql.BasicBinder      : binding parameter [3] as [VARCHAR] - [내용6]
2023-03-05 15:34:33.002 TRACE 24036 --- [    Test worker] o.h.type.descriptor.sql.BasicBinder      : binding parameter [4] as [BIGINT] - [1]
2023-03-05 15:34:33.002 TRACE 24036 --- [    Test worker] o.h.type.descriptor.sql.BasicBinder      : binding parameter [5] as [VARCHAR] - [제목6]
2023-03-05 15:34:33.003 DEBUG 24036 --- [    Test worker] org.hibernate.SQL                        : 
    select
        member0_.id as id1_0_,
        member0_.created_time as created_2_0_,
        member0_.last_modified_time as last_mod3_0_,
        member0_.member_email as member_e4_0_,
        member0_.member_nickname as member_n5_0_,
        member0_.member_password as member_p6_0_,
        member0_.member_role as member_r7_0_,
        member0_.member_username as member_u8_0_ 
    from
        member member0_ 
    where
        member0_.member_username=?
2023-03-05 15:34:33.003 TRACE 24036 --- [    Test worker] o.h.type.descriptor.sql.BasicBinder      : binding parameter [1] as [VARCHAR] - [test1]
2023-03-05 15:34:33.003 TRACE 24036 --- [    Test worker] o.h.type.descriptor.sql.BasicExtractor   : extracted value ([id1_0_] : [BIGINT]) - [1]
2023-03-05 15:34:33.003 DEBUG 24036 --- [    Test worker] org.hibernate.SQL                        : 
    insert 
    into
        post
        (id, created_time, last_modified_time, content, member_id, title) 
    values
        (default, ?, ?, ?, ?, ?)
2023-03-05 15:34:33.003 TRACE 24036 --- [    Test worker] o.h.type.descriptor.sql.BasicBinder      : binding parameter [1] as [TIMESTAMP] - [2023-03-05T15:34:33.003629]
2023-03-05 15:34:33.003 TRACE 24036 --- [    Test worker] o.h.type.descriptor.sql.BasicBinder      : binding parameter [2] as [TIMESTAMP] - [2023-03-05T15:34:33.003531]
2023-03-05 15:34:33.003 TRACE 24036 --- [    Test worker] o.h.type.descriptor.sql.BasicBinder      : binding parameter [3] as [VARCHAR] - [내용7]
2023-03-05 15:34:33.003 TRACE 24036 --- [    Test worker] o.h.type.descriptor.sql.BasicBinder      : binding parameter [4] as [BIGINT] - [1]
2023-03-05 15:34:33.004 TRACE 24036 --- [    Test worker] o.h.type.descriptor.sql.BasicBinder      : binding parameter [5] as [VARCHAR] - [제목7]
2023-03-05 15:34:33.004 DEBUG 24036 --- [    Test worker] org.hibernate.SQL                        : 
    select
        member0_.id as id1_0_,
        member0_.created_time as created_2_0_,
        member0_.last_modified_time as last_mod3_0_,
        member0_.member_email as member_e4_0_,
        member0_.member_nickname as member_n5_0_,
        member0_.member_password as member_p6_0_,
        member0_.member_role as member_r7_0_,
        member0_.member_username as member_u8_0_ 
    from
        member member0_ 
    where
        member0_.member_username=?
2023-03-05 15:34:33.004 TRACE 24036 --- [    Test worker] o.h.type.descriptor.sql.BasicBinder      : binding parameter [1] as [VARCHAR] - [test1]
2023-03-05 15:34:33.004 TRACE 24036 --- [    Test worker] o.h.type.descriptor.sql.BasicExtractor   : extracted value ([id1_0_] : [BIGINT]) - [1]
2023-03-05 15:34:33.005 DEBUG 24036 --- [    Test worker] org.hibernate.SQL                        : 
    insert 
    into
        post
        (id, created_time, last_modified_time, content, member_id, title) 
    values
        (default, ?, ?, ?, ?, ?)
2023-03-05 15:34:33.005 TRACE 24036 --- [    Test worker] o.h.type.descriptor.sql.BasicBinder      : binding parameter [1] as [TIMESTAMP] - [2023-03-05T15:34:33.005086]
2023-03-05 15:34:33.005 TRACE 24036 --- [    Test worker] o.h.type.descriptor.sql.BasicBinder      : binding parameter [2] as [TIMESTAMP] - [2023-03-05T15:34:33.005016]
2023-03-05 15:34:33.005 TRACE 24036 --- [    Test worker] o.h.type.descriptor.sql.BasicBinder      : binding parameter [3] as [VARCHAR] - [내용8]
2023-03-05 15:34:33.005 TRACE 24036 --- [    Test worker] o.h.type.descriptor.sql.BasicBinder      : binding parameter [4] as [BIGINT] - [1]
2023-03-05 15:34:33.005 TRACE 24036 --- [    Test worker] o.h.type.descriptor.sql.BasicBinder      : binding parameter [5] as [VARCHAR] - [제목8]
2023-03-05 15:34:33.006 DEBUG 24036 --- [    Test worker] org.hibernate.SQL                        : 
    select
        member0_.id as id1_0_,
        member0_.created_time as created_2_0_,
        member0_.last_modified_time as last_mod3_0_,
        member0_.member_email as member_e4_0_,
        member0_.member_nickname as member_n5_0_,
        member0_.member_password as member_p6_0_,
        member0_.member_role as member_r7_0_,
        member0_.member_username as member_u8_0_ 
    from
        member member0_ 
    where
        member0_.member_username=?
2023-03-05 15:34:33.006 TRACE 24036 --- [    Test worker] o.h.type.descriptor.sql.BasicBinder      : binding parameter [1] as [VARCHAR] - [test1]
2023-03-05 15:34:33.006 TRACE 24036 --- [    Test worker] o.h.type.descriptor.sql.BasicExtractor   : extracted value ([id1_0_] : [BIGINT]) - [1]
2023-03-05 15:34:33.006 DEBUG 24036 --- [    Test worker] org.hibernate.SQL                        : 
    insert 
    into
        post
        (id, created_time, last_modified_time, content, member_id, title) 
    values
        (default, ?, ?, ?, ?, ?)
2023-03-05 15:34:33.006 TRACE 24036 --- [    Test worker] o.h.type.descriptor.sql.BasicBinder      : binding parameter [1] as [TIMESTAMP] - [2023-03-05T15:34:33.006552]
2023-03-05 15:34:33.006 TRACE 24036 --- [    Test worker] o.h.type.descriptor.sql.BasicBinder      : binding parameter [2] as [TIMESTAMP] - [2023-03-05T15:34:33.006476]
2023-03-05 15:34:33.006 TRACE 24036 --- [    Test worker] o.h.type.descriptor.sql.BasicBinder      : binding parameter [3] as [VARCHAR] - [내용9]
2023-03-05 15:34:33.006 TRACE 24036 --- [    Test worker] o.h.type.descriptor.sql.BasicBinder      : binding parameter [4] as [BIGINT] - [1]
2023-03-05 15:34:33.006 TRACE 24036 --- [    Test worker] o.h.type.descriptor.sql.BasicBinder      : binding parameter [5] as [VARCHAR] - [제목9]
2023-03-05 15:34:33.007 DEBUG 24036 --- [    Test worker] org.hibernate.SQL                        : 
    select
        member0_.id as id1_0_,
        member0_.created_time as created_2_0_,
        member0_.last_modified_time as last_mod3_0_,
        member0_.member_email as member_e4_0_,
        member0_.member_nickname as member_n5_0_,
        member0_.member_password as member_p6_0_,
        member0_.member_role as member_r7_0_,
        member0_.member_username as member_u8_0_ 
    from
        member member0_ 
    where
        member0_.member_username=?
2023-03-05 15:34:33.007 TRACE 24036 --- [    Test worker] o.h.type.descriptor.sql.BasicBinder      : binding parameter [1] as [VARCHAR] - [test1]
2023-03-05 15:34:33.007 TRACE 24036 --- [    Test worker] o.h.type.descriptor.sql.BasicExtractor   : extracted value ([id1_0_] : [BIGINT]) - [1]
2023-03-05 15:34:33.008 DEBUG 24036 --- [    Test worker] org.hibernate.SQL                        : 
    insert 
    into
        post
        (id, created_time, last_modified_time, content, member_id, title) 
    values
        (default, ?, ?, ?, ?, ?)
2023-03-05 15:34:33.008 TRACE 24036 --- [    Test worker] o.h.type.descriptor.sql.BasicBinder      : binding parameter [1] as [TIMESTAMP] - [2023-03-05T15:34:33.008075]
2023-03-05 15:34:33.008 TRACE 24036 --- [    Test worker] o.h.type.descriptor.sql.BasicBinder      : binding parameter [2] as [TIMESTAMP] - [2023-03-05T15:34:33.007998]
2023-03-05 15:34:33.008 TRACE 24036 --- [    Test worker] o.h.type.descriptor.sql.BasicBinder      : binding parameter [3] as [VARCHAR] - [내용10]
2023-03-05 15:34:33.008 TRACE 24036 --- [    Test worker] o.h.type.descriptor.sql.BasicBinder      : binding parameter [4] as [BIGINT] - [1]
2023-03-05 15:34:33.008 TRACE 24036 --- [    Test worker] o.h.type.descriptor.sql.BasicBinder      : binding parameter [5] as [VARCHAR] - [제목10]
2023-03-05 15:34:33.009 DEBUG 24036 --- [    Test worker] org.hibernate.SQL                        : 
    select
        member0_.id as id1_0_,
        member0_.created_time as created_2_0_,
        member0_.last_modified_time as last_mod3_0_,
        member0_.member_email as member_e4_0_,
        member0_.member_nickname as member_n5_0_,
        member0_.member_password as member_p6_0_,
        member0_.member_role as member_r7_0_,
        member0_.member_username as member_u8_0_ 
    from
        member member0_ 
    where
        member0_.member_username=?
2023-03-05 15:34:33.009 TRACE 24036 --- [    Test worker] o.h.type.descriptor.sql.BasicBinder      : binding parameter [1] as [VARCHAR] - [test2]
2023-03-05 15:34:33.009 TRACE 24036 --- [    Test worker] o.h.type.descriptor.sql.BasicExtractor   : extracted value ([id1_0_] : [BIGINT]) - [2]
2023-03-05 15:34:33.009 DEBUG 24036 --- [    Test worker] org.hibernate.SQL                        : 
    insert 
    into
        post
        (id, created_time, last_modified_time, content, member_id, title) 
    values
        (default, ?, ?, ?, ?, ?)
2023-03-05 15:34:33.010 TRACE 24036 --- [    Test worker] o.h.type.descriptor.sql.BasicBinder      : binding parameter [1] as [TIMESTAMP] - [2023-03-05T15:34:33.009803]
2023-03-05 15:34:33.010 TRACE 24036 --- [    Test worker] o.h.type.descriptor.sql.BasicBinder      : binding parameter [2] as [TIMESTAMP] - [2023-03-05T15:34:33.009697]
2023-03-05 15:34:33.010 TRACE 24036 --- [    Test worker] o.h.type.descriptor.sql.BasicBinder      : binding parameter [3] as [VARCHAR] - [내용11]
2023-03-05 15:34:33.010 TRACE 24036 --- [    Test worker] o.h.type.descriptor.sql.BasicBinder      : binding parameter [4] as [BIGINT] - [2]
2023-03-05 15:34:33.010 TRACE 24036 --- [    Test worker] o.h.type.descriptor.sql.BasicBinder      : binding parameter [5] as [VARCHAR] - [제목11]
2023-03-05 15:34:33.011 DEBUG 24036 --- [    Test worker] org.hibernate.SQL                        : 
    select
        member0_.id as id1_0_,
        member0_.created_time as created_2_0_,
        member0_.last_modified_time as last_mod3_0_,
        member0_.member_email as member_e4_0_,
        member0_.member_nickname as member_n5_0_,
        member0_.member_password as member_p6_0_,
        member0_.member_role as member_r7_0_,
        member0_.member_username as member_u8_0_ 
    from
        member member0_ 
    where
        member0_.member_username=?
2023-03-05 15:34:33.011 TRACE 24036 --- [    Test worker] o.h.type.descriptor.sql.BasicBinder      : binding parameter [1] as [VARCHAR] - [test2]
2023-03-05 15:34:33.011 TRACE 24036 --- [    Test worker] o.h.type.descriptor.sql.BasicExtractor   : extracted value ([id1_0_] : [BIGINT]) - [2]
2023-03-05 15:34:33.012 DEBUG 24036 --- [    Test worker] org.hibernate.SQL                        : 
    insert 
    into
        post
        (id, created_time, last_modified_time, content, member_id, title) 
    values
        (default, ?, ?, ?, ?, ?)
2023-03-05 15:34:33.012 TRACE 24036 --- [    Test worker] o.h.type.descriptor.sql.BasicBinder      : binding parameter [1] as [TIMESTAMP] - [2023-03-05T15:34:33.012228]
2023-03-05 15:34:33.012 TRACE 24036 --- [    Test worker] o.h.type.descriptor.sql.BasicBinder      : binding parameter [2] as [TIMESTAMP] - [2023-03-05T15:34:33.012099]
2023-03-05 15:34:33.012 TRACE 24036 --- [    Test worker] o.h.type.descriptor.sql.BasicBinder      : binding parameter [3] as [VARCHAR] - [내용12]
2023-03-05 15:34:33.012 TRACE 24036 --- [    Test worker] o.h.type.descriptor.sql.BasicBinder      : binding parameter [4] as [BIGINT] - [2]
2023-03-05 15:34:33.012 TRACE 24036 --- [    Test worker] o.h.type.descriptor.sql.BasicBinder      : binding parameter [5] as [VARCHAR] - [제목12]
2023-03-05 15:34:33.013 DEBUG 24036 --- [    Test worker] org.hibernate.SQL                        : 
    select
        member0_.id as id1_0_,
        member0_.created_time as created_2_0_,
        member0_.last_modified_time as last_mod3_0_,
        member0_.member_email as member_e4_0_,
        member0_.member_nickname as member_n5_0_,
        member0_.member_password as member_p6_0_,
        member0_.member_role as member_r7_0_,
        member0_.member_username as member_u8_0_ 
    from
        member member0_ 
    where
        member0_.member_username=?
2023-03-05 15:34:33.013 TRACE 24036 --- [    Test worker] o.h.type.descriptor.sql.BasicBinder      : binding parameter [1] as [VARCHAR] - [test2]
2023-03-05 15:34:33.013 TRACE 24036 --- [    Test worker] o.h.type.descriptor.sql.BasicExtractor   : extracted value ([id1_0_] : [BIGINT]) - [2]
2023-03-05 15:34:33.013 DEBUG 24036 --- [    Test worker] org.hibernate.SQL                        : 
    insert 
    into
        post
        (id, created_time, last_modified_time, content, member_id, title) 
    values
        (default, ?, ?, ?, ?, ?)
2023-03-05 15:34:33.014 TRACE 24036 --- [    Test worker] o.h.type.descriptor.sql.BasicBinder      : binding parameter [1] as [TIMESTAMP] - [2023-03-05T15:34:33.013879]
2023-03-05 15:34:33.014 TRACE 24036 --- [    Test worker] o.h.type.descriptor.sql.BasicBinder      : binding parameter [2] as [TIMESTAMP] - [2023-03-05T15:34:33.013794]
2023-03-05 15:34:33.014 TRACE 24036 --- [    Test worker] o.h.type.descriptor.sql.BasicBinder      : binding parameter [3] as [VARCHAR] - [내용13]
2023-03-05 15:34:33.014 TRACE 24036 --- [    Test worker] o.h.type.descriptor.sql.BasicBinder      : binding parameter [4] as [BIGINT] - [2]
2023-03-05 15:34:33.014 TRACE 24036 --- [    Test worker] o.h.type.descriptor.sql.BasicBinder      : binding parameter [5] as [VARCHAR] - [제목13]
2023-03-05 15:34:33.015 DEBUG 24036 --- [    Test worker] org.hibernate.SQL                        : 
    select
        member0_.id as id1_0_,
        member0_.created_time as created_2_0_,
        member0_.last_modified_time as last_mod3_0_,
        member0_.member_email as member_e4_0_,
        member0_.member_nickname as member_n5_0_,
        member0_.member_password as member_p6_0_,
        member0_.member_role as member_r7_0_,
        member0_.member_username as member_u8_0_ 
    from
        member member0_ 
    where
        member0_.member_username=?
2023-03-05 15:34:33.015 TRACE 24036 --- [    Test worker] o.h.type.descriptor.sql.BasicBinder      : binding parameter [1] as [VARCHAR] - [test2]
2023-03-05 15:34:33.015 TRACE 24036 --- [    Test worker] o.h.type.descriptor.sql.BasicExtractor   : extracted value ([id1_0_] : [BIGINT]) - [2]
2023-03-05 15:34:33.015 DEBUG 24036 --- [    Test worker] org.hibernate.SQL                        : 
    insert 
    into
        post
        (id, created_time, last_modified_time, content, member_id, title) 
    values
        (default, ?, ?, ?, ?, ?)
2023-03-05 15:34:33.015 TRACE 24036 --- [    Test worker] o.h.type.descriptor.sql.BasicBinder      : binding parameter [1] as [TIMESTAMP] - [2023-03-05T15:34:33.015571]
2023-03-05 15:34:33.015 TRACE 24036 --- [    Test worker] o.h.type.descriptor.sql.BasicBinder      : binding parameter [2] as [TIMESTAMP] - [2023-03-05T15:34:33.015493]
2023-03-05 15:34:33.015 TRACE 24036 --- [    Test worker] o.h.type.descriptor.sql.BasicBinder      : binding parameter [3] as [VARCHAR] - [내용14]
2023-03-05 15:34:33.015 TRACE 24036 --- [    Test worker] o.h.type.descriptor.sql.BasicBinder      : binding parameter [4] as [BIGINT] - [2]
2023-03-05 15:34:33.015 TRACE 24036 --- [    Test worker] o.h.type.descriptor.sql.BasicBinder      : binding parameter [5] as [VARCHAR] - [제목14]
2023-03-05 15:34:33.016 DEBUG 24036 --- [    Test worker] org.hibernate.SQL                        : 
    select
        member0_.id as id1_0_,
        member0_.created_time as created_2_0_,
        member0_.last_modified_time as last_mod3_0_,
        member0_.member_email as member_e4_0_,
        member0_.member_nickname as member_n5_0_,
        member0_.member_password as member_p6_0_,
        member0_.member_role as member_r7_0_,
        member0_.member_username as member_u8_0_ 
    from
        member member0_ 
    where
        member0_.member_username=?
2023-03-05 15:34:33.016 TRACE 24036 --- [    Test worker] o.h.type.descriptor.sql.BasicBinder      : binding parameter [1] as [VARCHAR] - [test2]
2023-03-05 15:34:33.016 TRACE 24036 --- [    Test worker] o.h.type.descriptor.sql.BasicExtractor   : extracted value ([id1_0_] : [BIGINT]) - [2]
2023-03-05 15:34:33.017 DEBUG 24036 --- [    Test worker] org.hibernate.SQL                        : 
    insert 
    into
        post
        (id, created_time, last_modified_time, content, member_id, title) 
    values
        (default, ?, ?, ?, ?, ?)
2023-03-05 15:34:33.017 TRACE 24036 --- [    Test worker] o.h.type.descriptor.sql.BasicBinder      : binding parameter [1] as [TIMESTAMP] - [2023-03-05T15:34:33.016991]
2023-03-05 15:34:33.017 TRACE 24036 --- [    Test worker] o.h.type.descriptor.sql.BasicBinder      : binding parameter [2] as [TIMESTAMP] - [2023-03-05T15:34:33.016919]
2023-03-05 15:34:33.017 TRACE 24036 --- [    Test worker] o.h.type.descriptor.sql.BasicBinder      : binding parameter [3] as [VARCHAR] - [내용15]
2023-03-05 15:34:33.017 TRACE 24036 --- [    Test worker] o.h.type.descriptor.sql.BasicBinder      : binding parameter [4] as [BIGINT] - [2]
2023-03-05 15:34:33.017 TRACE 24036 --- [    Test worker] o.h.type.descriptor.sql.BasicBinder      : binding parameter [5] as [VARCHAR] - [제목15]
2023-03-05 15:34:33.017 DEBUG 24036 --- [    Test worker] org.hibernate.SQL                        : 
    select
        member0_.id as id1_0_,
        member0_.created_time as created_2_0_,
        member0_.last_modified_time as last_mod3_0_,
        member0_.member_email as member_e4_0_,
        member0_.member_nickname as member_n5_0_,
        member0_.member_password as member_p6_0_,
        member0_.member_role as member_r7_0_,
        member0_.member_username as member_u8_0_ 
    from
        member member0_ 
    where
        member0_.member_username=?
2023-03-05 15:34:33.018 TRACE 24036 --- [    Test worker] o.h.type.descriptor.sql.BasicBinder      : binding parameter [1] as [VARCHAR] - [test2]
2023-03-05 15:34:33.018 TRACE 24036 --- [    Test worker] o.h.type.descriptor.sql.BasicExtractor   : extracted value ([id1_0_] : [BIGINT]) - [2]
2023-03-05 15:34:33.018 DEBUG 24036 --- [    Test worker] org.hibernate.SQL                        : 
    insert 
    into
        post
        (id, created_time, last_modified_time, content, member_id, title) 
    values
        (default, ?, ?, ?, ?, ?)
2023-03-05 15:34:33.018 TRACE 24036 --- [    Test worker] o.h.type.descriptor.sql.BasicBinder      : binding parameter [1] as [TIMESTAMP] - [2023-03-05T15:34:33.018624]
2023-03-05 15:34:33.018 TRACE 24036 --- [    Test worker] o.h.type.descriptor.sql.BasicBinder      : binding parameter [2] as [TIMESTAMP] - [2023-03-05T15:34:33.018379]
2023-03-05 15:34:33.018 TRACE 24036 --- [    Test worker] o.h.type.descriptor.sql.BasicBinder      : binding parameter [3] as [VARCHAR] - [내용16]
2023-03-05 15:34:33.019 TRACE 24036 --- [    Test worker] o.h.type.descriptor.sql.BasicBinder      : binding parameter [4] as [BIGINT] - [2]
2023-03-05 15:34:33.019 TRACE 24036 --- [    Test worker] o.h.type.descriptor.sql.BasicBinder      : binding parameter [5] as [VARCHAR] - [제목16]
2023-03-05 15:34:33.019 DEBUG 24036 --- [    Test worker] org.hibernate.SQL                        : 
    select
        member0_.id as id1_0_,
        member0_.created_time as created_2_0_,
        member0_.last_modified_time as last_mod3_0_,
        member0_.member_email as member_e4_0_,
        member0_.member_nickname as member_n5_0_,
        member0_.member_password as member_p6_0_,
        member0_.member_role as member_r7_0_,
        member0_.member_username as member_u8_0_ 
    from
        member member0_ 
    where
        member0_.member_username=?
2023-03-05 15:34:33.019 TRACE 24036 --- [    Test worker] o.h.type.descriptor.sql.BasicBinder      : binding parameter [1] as [VARCHAR] - [test2]
2023-03-05 15:34:33.019 TRACE 24036 --- [    Test worker] o.h.type.descriptor.sql.BasicExtractor   : extracted value ([id1_0_] : [BIGINT]) - [2]
2023-03-05 15:34:33.020 DEBUG 24036 --- [    Test worker] org.hibernate.SQL                        : 
    insert 
    into
        post
        (id, created_time, last_modified_time, content, member_id, title) 
    values
        (default, ?, ?, ?, ?, ?)
2023-03-05 15:34:33.020 TRACE 24036 --- [    Test worker] o.h.type.descriptor.sql.BasicBinder      : binding parameter [1] as [TIMESTAMP] - [2023-03-05T15:34:33.020044]
2023-03-05 15:34:33.020 TRACE 24036 --- [    Test worker] o.h.type.descriptor.sql.BasicBinder      : binding parameter [2] as [TIMESTAMP] - [2023-03-05T15:34:33.019973]
2023-03-05 15:34:33.020 TRACE 24036 --- [    Test worker] o.h.type.descriptor.sql.BasicBinder      : binding parameter [3] as [VARCHAR] - [내용17]
2023-03-05 15:34:33.020 TRACE 24036 --- [    Test worker] o.h.type.descriptor.sql.BasicBinder      : binding parameter [4] as [BIGINT] - [2]
2023-03-05 15:34:33.020 TRACE 24036 --- [    Test worker] o.h.type.descriptor.sql.BasicBinder      : binding parameter [5] as [VARCHAR] - [제목17]
2023-03-05 15:34:33.020 DEBUG 24036 --- [    Test worker] org.hibernate.SQL                        : 
    select
        member0_.id as id1_0_,
        member0_.created_time as created_2_0_,
        member0_.last_modified_time as last_mod3_0_,
        member0_.member_email as member_e4_0_,
        member0_.member_nickname as member_n5_0_,
        member0_.member_password as member_p6_0_,
        member0_.member_role as member_r7_0_,
        member0_.member_username as member_u8_0_ 
    from
        member member0_ 
    where
        member0_.member_username=?
2023-03-05 15:34:33.021 TRACE 24036 --- [    Test worker] o.h.type.descriptor.sql.BasicBinder      : binding parameter [1] as [VARCHAR] - [test2]
2023-03-05 15:34:33.021 TRACE 24036 --- [    Test worker] o.h.type.descriptor.sql.BasicExtractor   : extracted value ([id1_0_] : [BIGINT]) - [2]
2023-03-05 15:34:33.021 DEBUG 24036 --- [    Test worker] org.hibernate.SQL                        : 
    insert 
    into
        post
        (id, created_time, last_modified_time, content, member_id, title) 
    values
        (default, ?, ?, ?, ?, ?)
2023-03-05 15:34:33.021 TRACE 24036 --- [    Test worker] o.h.type.descriptor.sql.BasicBinder      : binding parameter [1] as [TIMESTAMP] - [2023-03-05T15:34:33.021429]
2023-03-05 15:34:33.021 TRACE 24036 --- [    Test worker] o.h.type.descriptor.sql.BasicBinder      : binding parameter [2] as [TIMESTAMP] - [2023-03-05T15:34:33.021367]
2023-03-05 15:34:33.021 TRACE 24036 --- [    Test worker] o.h.type.descriptor.sql.BasicBinder      : binding parameter [3] as [VARCHAR] - [내용18]
2023-03-05 15:34:33.021 TRACE 24036 --- [    Test worker] o.h.type.descriptor.sql.BasicBinder      : binding parameter [4] as [BIGINT] - [2]
2023-03-05 15:34:33.021 TRACE 24036 --- [    Test worker] o.h.type.descriptor.sql.BasicBinder      : binding parameter [5] as [VARCHAR] - [제목18]
2023-03-05 15:34:33.022 DEBUG 24036 --- [    Test worker] org.hibernate.SQL                        : 
    select
        member0_.id as id1_0_,
        member0_.created_time as created_2_0_,
        member0_.last_modified_time as last_mod3_0_,
        member0_.member_email as member_e4_0_,
        member0_.member_nickname as member_n5_0_,
        member0_.member_password as member_p6_0_,
        member0_.member_role as member_r7_0_,
        member0_.member_username as member_u8_0_ 
    from
        member member0_ 
    where
        member0_.member_username=?
2023-03-05 15:34:33.022 TRACE 24036 --- [    Test worker] o.h.type.descriptor.sql.BasicBinder      : binding parameter [1] as [VARCHAR] - [test2]
2023-03-05 15:34:33.022 TRACE 24036 --- [    Test worker] o.h.type.descriptor.sql.BasicExtractor   : extracted value ([id1_0_] : [BIGINT]) - [2]
2023-03-05 15:34:33.022 DEBUG 24036 --- [    Test worker] org.hibernate.SQL                        : 
    insert 
    into
        post
        (id, created_time, last_modified_time, content, member_id, title) 
    values
        (default, ?, ?, ?, ?, ?)
2023-03-05 15:34:33.022 TRACE 24036 --- [    Test worker] o.h.type.descriptor.sql.BasicBinder      : binding parameter [1] as [TIMESTAMP] - [2023-03-05T15:34:33.022723]
2023-03-05 15:34:33.022 TRACE 24036 --- [    Test worker] o.h.type.descriptor.sql.BasicBinder      : binding parameter [2] as [TIMESTAMP] - [2023-03-05T15:34:33.022660]
2023-03-05 15:34:33.023 TRACE 24036 --- [    Test worker] o.h.type.descriptor.sql.BasicBinder      : binding parameter [3] as [VARCHAR] - [내용19]
2023-03-05 15:34:33.023 TRACE 24036 --- [    Test worker] o.h.type.descriptor.sql.BasicBinder      : binding parameter [4] as [BIGINT] - [2]
2023-03-05 15:34:33.023 TRACE 24036 --- [    Test worker] o.h.type.descriptor.sql.BasicBinder      : binding parameter [5] as [VARCHAR] - [제목19]
2023-03-05 15:34:33.023 DEBUG 24036 --- [    Test worker] org.hibernate.SQL                        : 
    select
        member0_.id as id1_0_,
        member0_.created_time as created_2_0_,
        member0_.last_modified_time as last_mod3_0_,
        member0_.member_email as member_e4_0_,
        member0_.member_nickname as member_n5_0_,
        member0_.member_password as member_p6_0_,
        member0_.member_role as member_r7_0_,
        member0_.member_username as member_u8_0_ 
    from
        member member0_ 
    where
        member0_.member_username=?
2023-03-05 15:34:33.023 TRACE 24036 --- [    Test worker] o.h.type.descriptor.sql.BasicBinder      : binding parameter [1] as [VARCHAR] - [test2]
2023-03-05 15:34:33.024 TRACE 24036 --- [    Test worker] o.h.type.descriptor.sql.BasicExtractor   : extracted value ([id1_0_] : [BIGINT]) - [2]
2023-03-05 15:34:33.024 DEBUG 24036 --- [    Test worker] org.hibernate.SQL                        : 
    insert 
    into
        post
        (id, created_time, last_modified_time, content, member_id, title) 
    values
        (default, ?, ?, ?, ?, ?)
2023-03-05 15:34:33.024 TRACE 24036 --- [    Test worker] o.h.type.descriptor.sql.BasicBinder      : binding parameter [1] as [TIMESTAMP] - [2023-03-05T15:34:33.024184]
2023-03-05 15:34:33.024 TRACE 24036 --- [    Test worker] o.h.type.descriptor.sql.BasicBinder      : binding parameter [2] as [TIMESTAMP] - [2023-03-05T15:34:33.024107]
2023-03-05 15:34:33.024 TRACE 24036 --- [    Test worker] o.h.type.descriptor.sql.BasicBinder      : binding parameter [3] as [VARCHAR] - [내용20]
2023-03-05 15:34:33.024 TRACE 24036 --- [    Test worker] o.h.type.descriptor.sql.BasicBinder      : binding parameter [4] as [BIGINT] - [2]
2023-03-05 15:34:33.024 TRACE 24036 --- [    Test worker] o.h.type.descriptor.sql.BasicBinder      : binding parameter [5] as [VARCHAR] - [제목20]
2023-03-05 15:34:33.025 DEBUG 24036 --- [    Test worker] org.hibernate.SQL                        : 
    select
        member0_.id as id1_0_,
        member0_.created_time as created_2_0_,
        member0_.last_modified_time as last_mod3_0_,
        member0_.member_email as member_e4_0_,
        member0_.member_nickname as member_n5_0_,
        member0_.member_password as member_p6_0_,
        member0_.member_role as member_r7_0_,
        member0_.member_username as member_u8_0_ 
    from
        member member0_ 
    where
        member0_.member_username=?
2023-03-05 15:34:33.025 TRACE 24036 --- [    Test worker] o.h.type.descriptor.sql.BasicBinder      : binding parameter [1] as [VARCHAR] - [test3]
2023-03-05 15:34:33.025 TRACE 24036 --- [    Test worker] o.h.type.descriptor.sql.BasicExtractor   : extracted value ([id1_0_] : [BIGINT]) - [3]
2023-03-05 15:34:33.025 DEBUG 24036 --- [    Test worker] org.hibernate.SQL                        : 
    insert 
    into
        post
        (id, created_time, last_modified_time, content, member_id, title) 
    values
        (default, ?, ?, ?, ?, ?)
2023-03-05 15:34:33.026 TRACE 24036 --- [    Test worker] o.h.type.descriptor.sql.BasicBinder      : binding parameter [1] as [TIMESTAMP] - [2023-03-05T15:34:33.025817]
2023-03-05 15:34:33.026 TRACE 24036 --- [    Test worker] o.h.type.descriptor.sql.BasicBinder      : binding parameter [2] as [TIMESTAMP] - [2023-03-05T15:34:33.025731]
2023-03-05 15:34:33.026 TRACE 24036 --- [    Test worker] o.h.type.descriptor.sql.BasicBinder      : binding parameter [3] as [VARCHAR] - [내용21]
2023-03-05 15:34:33.026 TRACE 24036 --- [    Test worker] o.h.type.descriptor.sql.BasicBinder      : binding parameter [4] as [BIGINT] - [3]
2023-03-05 15:34:33.026 TRACE 24036 --- [    Test worker] o.h.type.descriptor.sql.BasicBinder      : binding parameter [5] as [VARCHAR] - [제목21]
2023-03-05 15:34:33.026 DEBUG 24036 --- [    Test worker] org.hibernate.SQL                        : 
    select
        member0_.id as id1_0_,
        member0_.created_time as created_2_0_,
        member0_.last_modified_time as last_mod3_0_,
        member0_.member_email as member_e4_0_,
        member0_.member_nickname as member_n5_0_,
        member0_.member_password as member_p6_0_,
        member0_.member_role as member_r7_0_,
        member0_.member_username as member_u8_0_ 
    from
        member member0_ 
    where
        member0_.member_username=?
2023-03-05 15:34:33.027 TRACE 24036 --- [    Test worker] o.h.type.descriptor.sql.BasicBinder      : binding parameter [1] as [VARCHAR] - [test3]
2023-03-05 15:34:33.027 TRACE 24036 --- [    Test worker] o.h.type.descriptor.sql.BasicExtractor   : extracted value ([id1_0_] : [BIGINT]) - [3]
2023-03-05 15:34:33.027 DEBUG 24036 --- [    Test worker] org.hibernate.SQL                        : 
    insert 
    into
        post
        (id, created_time, last_modified_time, content, member_id, title) 
    values
        (default, ?, ?, ?, ?, ?)
2023-03-05 15:34:33.027 TRACE 24036 --- [    Test worker] o.h.type.descriptor.sql.BasicBinder      : binding parameter [1] as [TIMESTAMP] - [2023-03-05T15:34:33.027557]
2023-03-05 15:34:33.027 TRACE 24036 --- [    Test worker] o.h.type.descriptor.sql.BasicBinder      : binding parameter [2] as [TIMESTAMP] - [2023-03-05T15:34:33.027452]
2023-03-05 15:34:33.027 TRACE 24036 --- [    Test worker] o.h.type.descriptor.sql.BasicBinder      : binding parameter [3] as [VARCHAR] - [내용22]
2023-03-05 15:34:33.027 TRACE 24036 --- [    Test worker] o.h.type.descriptor.sql.BasicBinder      : binding parameter [4] as [BIGINT] - [3]
2023-03-05 15:34:33.027 TRACE 24036 --- [    Test worker] o.h.type.descriptor.sql.BasicBinder      : binding parameter [5] as [VARCHAR] - [제목22]
2023-03-05 15:34:33.028 DEBUG 24036 --- [    Test worker] org.hibernate.SQL                        : 
    select
        member0_.id as id1_0_,
        member0_.created_time as created_2_0_,
        member0_.last_modified_time as last_mod3_0_,
        member0_.member_email as member_e4_0_,
        member0_.member_nickname as member_n5_0_,
        member0_.member_password as member_p6_0_,
        member0_.member_role as member_r7_0_,
        member0_.member_username as member_u8_0_ 
    from
        member member0_ 
    where
        member0_.member_username=?
2023-03-05 15:34:33.029 TRACE 24036 --- [    Test worker] o.h.type.descriptor.sql.BasicBinder      : binding parameter [1] as [VARCHAR] - [test3]
2023-03-05 15:34:33.029 TRACE 24036 --- [    Test worker] o.h.type.descriptor.sql.BasicExtractor   : extracted value ([id1_0_] : [BIGINT]) - [3]
2023-03-05 15:34:33.029 DEBUG 24036 --- [    Test worker] org.hibernate.SQL                        : 
    insert 
    into
        post
        (id, created_time, last_modified_time, content, member_id, title) 
    values
        (default, ?, ?, ?, ?, ?)
2023-03-05 15:34:33.029 TRACE 24036 --- [    Test worker] o.h.type.descriptor.sql.BasicBinder      : binding parameter [1] as [TIMESTAMP] - [2023-03-05T15:34:33.029407]
2023-03-05 15:34:33.029 TRACE 24036 --- [    Test worker] o.h.type.descriptor.sql.BasicBinder      : binding parameter [2] as [TIMESTAMP] - [2023-03-05T15:34:33.029305]
2023-03-05 15:34:33.029 TRACE 24036 --- [    Test worker] o.h.type.descriptor.sql.BasicBinder      : binding parameter [3] as [VARCHAR] - [내용23]
2023-03-05 15:34:33.029 TRACE 24036 --- [    Test worker] o.h.type.descriptor.sql.BasicBinder      : binding parameter [4] as [BIGINT] - [3]
2023-03-05 15:34:33.029 TRACE 24036 --- [    Test worker] o.h.type.descriptor.sql.BasicBinder      : binding parameter [5] as [VARCHAR] - [제목23]
2023-03-05 15:34:33.030 DEBUG 24036 --- [    Test worker] org.hibernate.SQL                        : 
    select
        member0_.id as id1_0_,
        member0_.created_time as created_2_0_,
        member0_.last_modified_time as last_mod3_0_,
        member0_.member_email as member_e4_0_,
        member0_.member_nickname as member_n5_0_,
        member0_.member_password as member_p6_0_,
        member0_.member_role as member_r7_0_,
        member0_.member_username as member_u8_0_ 
    from
        member member0_ 
    where
        member0_.member_username=?
2023-03-05 15:34:33.030 TRACE 24036 --- [    Test worker] o.h.type.descriptor.sql.BasicBinder      : binding parameter [1] as [VARCHAR] - [test3]
2023-03-05 15:34:33.030 TRACE 24036 --- [    Test worker] o.h.type.descriptor.sql.BasicExtractor   : extracted value ([id1_0_] : [BIGINT]) - [3]
2023-03-05 15:34:33.033 DEBUG 24036 --- [    Test worker] org.hibernate.SQL                        : 
    insert 
    into
        post
        (id, created_time, last_modified_time, content, member_id, title) 
    values
        (default, ?, ?, ?, ?, ?)
2023-03-05 15:34:33.033 TRACE 24036 --- [    Test worker] o.h.type.descriptor.sql.BasicBinder      : binding parameter [1] as [TIMESTAMP] - [2023-03-05T15:34:33.033109]
2023-03-05 15:34:33.033 TRACE 24036 --- [    Test worker] o.h.type.descriptor.sql.BasicBinder      : binding parameter [2] as [TIMESTAMP] - [2023-03-05T15:34:33.031118]
2023-03-05 15:34:33.033 TRACE 24036 --- [    Test worker] o.h.type.descriptor.sql.BasicBinder      : binding parameter [3] as [VARCHAR] - [내용24]
2023-03-05 15:34:33.033 TRACE 24036 --- [    Test worker] o.h.type.descriptor.sql.BasicBinder      : binding parameter [4] as [BIGINT] - [3]
2023-03-05 15:34:33.033 TRACE 24036 --- [    Test worker] o.h.type.descriptor.sql.BasicBinder      : binding parameter [5] as [VARCHAR] - [제목24]
2023-03-05 15:34:33.034 DEBUG 24036 --- [    Test worker] org.hibernate.SQL                        : 
    select
        member0_.id as id1_0_,
        member0_.created_time as created_2_0_,
        member0_.last_modified_time as last_mod3_0_,
        member0_.member_email as member_e4_0_,
        member0_.member_nickname as member_n5_0_,
        member0_.member_password as member_p6_0_,
        member0_.member_role as member_r7_0_,
        member0_.member_username as member_u8_0_ 
    from
        member member0_ 
    where
        member0_.member_username=?
2023-03-05 15:34:33.034 TRACE 24036 --- [    Test worker] o.h.type.descriptor.sql.BasicBinder      : binding parameter [1] as [VARCHAR] - [test3]
2023-03-05 15:34:33.034 TRACE 24036 --- [    Test worker] o.h.type.descriptor.sql.BasicExtractor   : extracted value ([id1_0_] : [BIGINT]) - [3]
2023-03-05 15:34:33.035 DEBUG 24036 --- [    Test worker] org.hibernate.SQL                        : 
    insert 
    into
        post
        (id, created_time, last_modified_time, content, member_id, title) 
    values
        (default, ?, ?, ?, ?, ?)
2023-03-05 15:34:33.035 TRACE 24036 --- [    Test worker] o.h.type.descriptor.sql.BasicBinder      : binding parameter [1] as [TIMESTAMP] - [2023-03-05T15:34:33.035105]
2023-03-05 15:34:33.035 TRACE 24036 --- [    Test worker] o.h.type.descriptor.sql.BasicBinder      : binding parameter [2] as [TIMESTAMP] - [2023-03-05T15:34:33.035014]
2023-03-05 15:34:33.035 TRACE 24036 --- [    Test worker] o.h.type.descriptor.sql.BasicBinder      : binding parameter [3] as [VARCHAR] - [내용25]
2023-03-05 15:34:33.035 TRACE 24036 --- [    Test worker] o.h.type.descriptor.sql.BasicBinder      : binding parameter [4] as [BIGINT] - [3]
2023-03-05 15:34:33.035 TRACE 24036 --- [    Test worker] o.h.type.descriptor.sql.BasicBinder      : binding parameter [5] as [VARCHAR] - [제목25]
2023-03-05 15:34:33.036 DEBUG 24036 --- [    Test worker] org.hibernate.SQL                        : 
    select
        member0_.id as id1_0_,
        member0_.created_time as created_2_0_,
        member0_.last_modified_time as last_mod3_0_,
        member0_.member_email as member_e4_0_,
        member0_.member_nickname as member_n5_0_,
        member0_.member_password as member_p6_0_,
        member0_.member_role as member_r7_0_,
        member0_.member_username as member_u8_0_ 
    from
        member member0_ 
    where
        member0_.member_username=?
2023-03-05 15:34:33.036 TRACE 24036 --- [    Test worker] o.h.type.descriptor.sql.BasicBinder      : binding parameter [1] as [VARCHAR] - [test3]
2023-03-05 15:34:33.036 TRACE 24036 --- [    Test worker] o.h.type.descriptor.sql.BasicExtractor   : extracted value ([id1_0_] : [BIGINT]) - [3]
2023-03-05 15:34:33.036 DEBUG 24036 --- [    Test worker] org.hibernate.SQL                        : 
    insert 
    into
        post
        (id, created_time, last_modified_time, content, member_id, title) 
    values
        (default, ?, ?, ?, ?, ?)
2023-03-05 15:34:33.036 TRACE 24036 --- [    Test worker] o.h.type.descriptor.sql.BasicBinder      : binding parameter [1] as [TIMESTAMP] - [2023-03-05T15:34:33.036628]
2023-03-05 15:34:33.036 TRACE 24036 --- [    Test worker] o.h.type.descriptor.sql.BasicBinder      : binding parameter [2] as [TIMESTAMP] - [2023-03-05T15:34:33.036543]
2023-03-05 15:34:33.036 TRACE 24036 --- [    Test worker] o.h.type.descriptor.sql.BasicBinder      : binding parameter [3] as [VARCHAR] - [내용26]
2023-03-05 15:34:33.036 TRACE 24036 --- [    Test worker] o.h.type.descriptor.sql.BasicBinder      : binding parameter [4] as [BIGINT] - [3]
2023-03-05 15:34:33.036 TRACE 24036 --- [    Test worker] o.h.type.descriptor.sql.BasicBinder      : binding parameter [5] as [VARCHAR] - [제목26]
2023-03-05 15:34:33.037 DEBUG 24036 --- [    Test worker] org.hibernate.SQL                        : 
    select
        member0_.id as id1_0_,
        member0_.created_time as created_2_0_,
        member0_.last_modified_time as last_mod3_0_,
        member0_.member_email as member_e4_0_,
        member0_.member_nickname as member_n5_0_,
        member0_.member_password as member_p6_0_,
        member0_.member_role as member_r7_0_,
        member0_.member_username as member_u8_0_ 
    from
        member member0_ 
    where
        member0_.member_username=?
2023-03-05 15:34:33.037 TRACE 24036 --- [    Test worker] o.h.type.descriptor.sql.BasicBinder      : binding parameter [1] as [VARCHAR] - [test3]
2023-03-05 15:34:33.037 TRACE 24036 --- [    Test worker] o.h.type.descriptor.sql.BasicExtractor   : extracted value ([id1_0_] : [BIGINT]) - [3]
2023-03-05 15:34:33.038 DEBUG 24036 --- [    Test worker] org.hibernate.SQL                        : 
    insert 
    into
        post
        (id, created_time, last_modified_time, content, member_id, title) 
    values
        (default, ?, ?, ?, ?, ?)
2023-03-05 15:34:33.038 TRACE 24036 --- [    Test worker] o.h.type.descriptor.sql.BasicBinder      : binding parameter [1] as [TIMESTAMP] - [2023-03-05T15:34:33.038141]
2023-03-05 15:34:33.038 TRACE 24036 --- [    Test worker] o.h.type.descriptor.sql.BasicBinder      : binding parameter [2] as [TIMESTAMP] - [2023-03-05T15:34:33.038049]
2023-03-05 15:34:33.038 TRACE 24036 --- [    Test worker] o.h.type.descriptor.sql.BasicBinder      : binding parameter [3] as [VARCHAR] - [내용27]
2023-03-05 15:34:33.038 TRACE 24036 --- [    Test worker] o.h.type.descriptor.sql.BasicBinder      : binding parameter [4] as [BIGINT] - [3]
2023-03-05 15:34:33.038 TRACE 24036 --- [    Test worker] o.h.type.descriptor.sql.BasicBinder      : binding parameter [5] as [VARCHAR] - [제목27]
2023-03-05 15:34:33.039 DEBUG 24036 --- [    Test worker] org.hibernate.SQL                        : 
    select
        member0_.id as id1_0_,
        member0_.created_time as created_2_0_,
        member0_.last_modified_time as last_mod3_0_,
        member0_.member_email as member_e4_0_,
        member0_.member_nickname as member_n5_0_,
        member0_.member_password as member_p6_0_,
        member0_.member_role as member_r7_0_,
        member0_.member_username as member_u8_0_ 
    from
        member member0_ 
    where
        member0_.member_username=?
2023-03-05 15:34:33.039 TRACE 24036 --- [    Test worker] o.h.type.descriptor.sql.BasicBinder      : binding parameter [1] as [VARCHAR] - [test3]
2023-03-05 15:34:33.039 TRACE 24036 --- [    Test worker] o.h.type.descriptor.sql.BasicExtractor   : extracted value ([id1_0_] : [BIGINT]) - [3]
2023-03-05 15:34:33.039 DEBUG 24036 --- [    Test worker] org.hibernate.SQL                        : 
    insert 
    into
        post
        (id, created_time, last_modified_time, content, member_id, title) 
    values
        (default, ?, ?, ?, ?, ?)
2023-03-05 15:34:33.039 TRACE 24036 --- [    Test worker] o.h.type.descriptor.sql.BasicBinder      : binding parameter [1] as [TIMESTAMP] - [2023-03-05T15:34:33.039756]
2023-03-05 15:34:33.040 TRACE 24036 --- [    Test worker] o.h.type.descriptor.sql.BasicBinder      : binding parameter [2] as [TIMESTAMP] - [2023-03-05T15:34:33.039681]
2023-03-05 15:34:33.040 TRACE 24036 --- [    Test worker] o.h.type.descriptor.sql.BasicBinder      : binding parameter [3] as [VARCHAR] - [내용28]
2023-03-05 15:34:33.040 TRACE 24036 --- [    Test worker] o.h.type.descriptor.sql.BasicBinder      : binding parameter [4] as [BIGINT] - [3]
2023-03-05 15:34:33.040 TRACE 24036 --- [    Test worker] o.h.type.descriptor.sql.BasicBinder      : binding parameter [5] as [VARCHAR] - [제목28]
2023-03-05 15:34:33.040 DEBUG 24036 --- [    Test worker] org.hibernate.SQL                        : 
    select
        member0_.id as id1_0_,
        member0_.created_time as created_2_0_,
        member0_.last_modified_time as last_mod3_0_,
        member0_.member_email as member_e4_0_,
        member0_.member_nickname as member_n5_0_,
        member0_.member_password as member_p6_0_,
        member0_.member_role as member_r7_0_,
        member0_.member_username as member_u8_0_ 
    from
        member member0_ 
    where
        member0_.member_username=?
2023-03-05 15:34:33.040 TRACE 24036 --- [    Test worker] o.h.type.descriptor.sql.BasicBinder      : binding parameter [1] as [VARCHAR] - [test3]
2023-03-05 15:34:33.040 TRACE 24036 --- [    Test worker] o.h.type.descriptor.sql.BasicExtractor   : extracted value ([id1_0_] : [BIGINT]) - [3]
2023-03-05 15:34:33.041 DEBUG 24036 --- [    Test worker] org.hibernate.SQL                        : 
    insert 
    into
        post
        (id, created_time, last_modified_time, content, member_id, title) 
    values
        (default, ?, ?, ?, ?, ?)
2023-03-05 15:34:33.041 TRACE 24036 --- [    Test worker] o.h.type.descriptor.sql.BasicBinder      : binding parameter [1] as [TIMESTAMP] - [2023-03-05T15:34:33.041136]
2023-03-05 15:34:33.041 TRACE 24036 --- [    Test worker] o.h.type.descriptor.sql.BasicBinder      : binding parameter [2] as [TIMESTAMP] - [2023-03-05T15:34:33.041061]
2023-03-05 15:34:33.041 TRACE 24036 --- [    Test worker] o.h.type.descriptor.sql.BasicBinder      : binding parameter [3] as [VARCHAR] - [내용29]
2023-03-05 15:34:33.041 TRACE 24036 --- [    Test worker] o.h.type.descriptor.sql.BasicBinder      : binding parameter [4] as [BIGINT] - [3]
2023-03-05 15:34:33.041 TRACE 24036 --- [    Test worker] o.h.type.descriptor.sql.BasicBinder      : binding parameter [5] as [VARCHAR] - [제목29]
2023-03-05 15:34:33.042 DEBUG 24036 --- [    Test worker] org.hibernate.SQL                        : 
    select
        member0_.id as id1_0_,
        member0_.created_time as created_2_0_,
        member0_.last_modified_time as last_mod3_0_,
        member0_.member_email as member_e4_0_,
        member0_.member_nickname as member_n5_0_,
        member0_.member_password as member_p6_0_,
        member0_.member_role as member_r7_0_,
        member0_.member_username as member_u8_0_ 
    from
        member member0_ 
    where
        member0_.member_username=?
2023-03-05 15:34:33.042 TRACE 24036 --- [    Test worker] o.h.type.descriptor.sql.BasicBinder      : binding parameter [1] as [VARCHAR] - [test3]
2023-03-05 15:34:33.042 TRACE 24036 --- [    Test worker] o.h.type.descriptor.sql.BasicExtractor   : extracted value ([id1_0_] : [BIGINT]) - [3]
2023-03-05 15:34:33.042 DEBUG 24036 --- [    Test worker] org.hibernate.SQL                        : 
    insert 
    into
        post
        (id, created_time, last_modified_time, content, member_id, title) 
    values
        (default, ?, ?, ?, ?, ?)
2023-03-05 15:34:33.042 TRACE 24036 --- [    Test worker] o.h.type.descriptor.sql.BasicBinder      : binding parameter [1] as [TIMESTAMP] - [2023-03-05T15:34:33.042594]
2023-03-05 15:34:33.042 TRACE 24036 --- [    Test worker] o.h.type.descriptor.sql.BasicBinder      : binding parameter [2] as [TIMESTAMP] - [2023-03-05T15:34:33.042511]
2023-03-05 15:34:33.042 TRACE 24036 --- [    Test worker] o.h.type.descriptor.sql.BasicBinder      : binding parameter [3] as [VARCHAR] - [내용30]
2023-03-05 15:34:33.042 TRACE 24036 --- [    Test worker] o.h.type.descriptor.sql.BasicBinder      : binding parameter [4] as [BIGINT] - [3]
2023-03-05 15:34:33.042 TRACE 24036 --- [    Test worker] o.h.type.descriptor.sql.BasicBinder      : binding parameter [5] as [VARCHAR] - [제목30]
2023-03-05 15:34:33.043 DEBUG 24036 --- [    Test worker] org.hibernate.SQL                        : 
    select
        member0_.id as id1_0_,
        member0_.created_time as created_2_0_,
        member0_.last_modified_time as last_mod3_0_,
        member0_.member_email as member_e4_0_,
        member0_.member_nickname as member_n5_0_,
        member0_.member_password as member_p6_0_,
        member0_.member_role as member_r7_0_,
        member0_.member_username as member_u8_0_ 
    from
        member member0_ 
    where
        member0_.member_username=?
2023-03-05 15:34:33.043 TRACE 24036 --- [    Test worker] o.h.type.descriptor.sql.BasicBinder      : binding parameter [1] as [VARCHAR] - [test4]
2023-03-05 15:34:33.043 TRACE 24036 --- [    Test worker] o.h.type.descriptor.sql.BasicExtractor   : extracted value ([id1_0_] : [BIGINT]) - [4]
2023-03-05 15:34:33.044 DEBUG 24036 --- [    Test worker] org.hibernate.SQL                        : 
    insert 
    into
        post
        (id, created_time, last_modified_time, content, member_id, title) 
    values
        (default, ?, ?, ?, ?, ?)
2023-03-05 15:34:33.044 TRACE 24036 --- [    Test worker] o.h.type.descriptor.sql.BasicBinder      : binding parameter [1] as [TIMESTAMP] - [2023-03-05T15:34:33.044256]
2023-03-05 15:34:33.044 TRACE 24036 --- [    Test worker] o.h.type.descriptor.sql.BasicBinder      : binding parameter [2] as [TIMESTAMP] - [2023-03-05T15:34:33.044150]
2023-03-05 15:34:33.044 TRACE 24036 --- [    Test worker] o.h.type.descriptor.sql.BasicBinder      : binding parameter [3] as [VARCHAR] - [내용31]
2023-03-05 15:34:33.044 TRACE 24036 --- [    Test worker] o.h.type.descriptor.sql.BasicBinder      : binding parameter [4] as [BIGINT] - [4]
2023-03-05 15:34:33.044 TRACE 24036 --- [    Test worker] o.h.type.descriptor.sql.BasicBinder      : binding parameter [5] as [VARCHAR] - [제목31]
2023-03-05 15:34:33.045 DEBUG 24036 --- [    Test worker] org.hibernate.SQL                        : 
    select
        member0_.id as id1_0_,
        member0_.created_time as created_2_0_,
        member0_.last_modified_time as last_mod3_0_,
        member0_.member_email as member_e4_0_,
        member0_.member_nickname as member_n5_0_,
        member0_.member_password as member_p6_0_,
        member0_.member_role as member_r7_0_,
        member0_.member_username as member_u8_0_ 
    from
        member member0_ 
    where
        member0_.member_username=?
2023-03-05 15:34:33.045 TRACE 24036 --- [    Test worker] o.h.type.descriptor.sql.BasicBinder      : binding parameter [1] as [VARCHAR] - [test4]
2023-03-05 15:34:33.045 TRACE 24036 --- [    Test worker] o.h.type.descriptor.sql.BasicExtractor   : extracted value ([id1_0_] : [BIGINT]) - [4]
2023-03-05 15:34:33.046 DEBUG 24036 --- [    Test worker] org.hibernate.SQL                        : 
    insert 
    into
        post
        (id, created_time, last_modified_time, content, member_id, title) 
    values
        (default, ?, ?, ?, ?, ?)
2023-03-05 15:34:33.046 TRACE 24036 --- [    Test worker] o.h.type.descriptor.sql.BasicBinder      : binding parameter [1] as [TIMESTAMP] - [2023-03-05T15:34:33.046143]
2023-03-05 15:34:33.046 TRACE 24036 --- [    Test worker] o.h.type.descriptor.sql.BasicBinder      : binding parameter [2] as [TIMESTAMP] - [2023-03-05T15:34:33.046052]
2023-03-05 15:34:33.046 TRACE 24036 --- [    Test worker] o.h.type.descriptor.sql.BasicBinder      : binding parameter [3] as [VARCHAR] - [내용32]
2023-03-05 15:34:33.046 TRACE 24036 --- [    Test worker] o.h.type.descriptor.sql.BasicBinder      : binding parameter [4] as [BIGINT] - [4]
2023-03-05 15:34:33.046 TRACE 24036 --- [    Test worker] o.h.type.descriptor.sql.BasicBinder      : binding parameter [5] as [VARCHAR] - [제목32]
2023-03-05 15:34:33.047 DEBUG 24036 --- [    Test worker] org.hibernate.SQL                        : 
    select
        member0_.id as id1_0_,
        member0_.created_time as created_2_0_,
        member0_.last_modified_time as last_mod3_0_,
        member0_.member_email as member_e4_0_,
        member0_.member_nickname as member_n5_0_,
        member0_.member_password as member_p6_0_,
        member0_.member_role as member_r7_0_,
        member0_.member_username as member_u8_0_ 
    from
        member member0_ 
    where
        member0_.member_username=?
2023-03-05 15:34:33.047 TRACE 24036 --- [    Test worker] o.h.type.descriptor.sql.BasicBinder      : binding parameter [1] as [VARCHAR] - [test4]
2023-03-05 15:34:33.047 TRACE 24036 --- [    Test worker] o.h.type.descriptor.sql.BasicExtractor   : extracted value ([id1_0_] : [BIGINT]) - [4]
2023-03-05 15:34:33.047 DEBUG 24036 --- [    Test worker] org.hibernate.SQL                        : 
    insert 
    into
        post
        (id, created_time, last_modified_time, content, member_id, title) 
    values
        (default, ?, ?, ?, ?, ?)
2023-03-05 15:34:33.047 TRACE 24036 --- [    Test worker] o.h.type.descriptor.sql.BasicBinder      : binding parameter [1] as [TIMESTAMP] - [2023-03-05T15:34:33.047512]
2023-03-05 15:34:33.047 TRACE 24036 --- [    Test worker] o.h.type.descriptor.sql.BasicBinder      : binding parameter [2] as [TIMESTAMP] - [2023-03-05T15:34:33.047432]
2023-03-05 15:34:33.047 TRACE 24036 --- [    Test worker] o.h.type.descriptor.sql.BasicBinder      : binding parameter [3] as [VARCHAR] - [내용33]
2023-03-05 15:34:33.047 TRACE 24036 --- [    Test worker] o.h.type.descriptor.sql.BasicBinder      : binding parameter [4] as [BIGINT] - [4]
2023-03-05 15:34:33.047 TRACE 24036 --- [    Test worker] o.h.type.descriptor.sql.BasicBinder      : binding parameter [5] as [VARCHAR] - [제목33]
2023-03-05 15:34:33.048 DEBUG 24036 --- [    Test worker] org.hibernate.SQL                        : 
    select
        member0_.id as id1_0_,
        member0_.created_time as created_2_0_,
        member0_.last_modified_time as last_mod3_0_,
        member0_.member_email as member_e4_0_,
        member0_.member_nickname as member_n5_0_,
        member0_.member_password as member_p6_0_,
        member0_.member_role as member_r7_0_,
        member0_.member_username as member_u8_0_ 
    from
        member member0_ 
    where
        member0_.member_username=?
2023-03-05 15:34:33.048 TRACE 24036 --- [    Test worker] o.h.type.descriptor.sql.BasicBinder      : binding parameter [1] as [VARCHAR] - [test4]
2023-03-05 15:34:33.048 TRACE 24036 --- [    Test worker] o.h.type.descriptor.sql.BasicExtractor   : extracted value ([id1_0_] : [BIGINT]) - [4]
2023-03-05 15:34:33.049 DEBUG 24036 --- [    Test worker] org.hibernate.SQL                        : 
    insert 
    into
        post
        (id, created_time, last_modified_time, content, member_id, title) 
    values
        (default, ?, ?, ?, ?, ?)
2023-03-05 15:34:33.049 TRACE 24036 --- [    Test worker] o.h.type.descriptor.sql.BasicBinder      : binding parameter [1] as [TIMESTAMP] - [2023-03-05T15:34:33.049058]
2023-03-05 15:34:33.049 TRACE 24036 --- [    Test worker] o.h.type.descriptor.sql.BasicBinder      : binding parameter [2] as [TIMESTAMP] - [2023-03-05T15:34:33.048977]
2023-03-05 15:34:33.049 TRACE 24036 --- [    Test worker] o.h.type.descriptor.sql.BasicBinder      : binding parameter [3] as [VARCHAR] - [내용34]
2023-03-05 15:34:33.049 TRACE 24036 --- [    Test worker] o.h.type.descriptor.sql.BasicBinder      : binding parameter [4] as [BIGINT] - [4]
2023-03-05 15:34:33.049 TRACE 24036 --- [    Test worker] o.h.type.descriptor.sql.BasicBinder      : binding parameter [5] as [VARCHAR] - [제목34]
2023-03-05 15:34:33.049 DEBUG 24036 --- [    Test worker] org.hibernate.SQL                        : 
    select
        member0_.id as id1_0_,
        member0_.created_time as created_2_0_,
        member0_.last_modified_time as last_mod3_0_,
        member0_.member_email as member_e4_0_,
        member0_.member_nickname as member_n5_0_,
        member0_.member_password as member_p6_0_,
        member0_.member_role as member_r7_0_,
        member0_.member_username as member_u8_0_ 
    from
        member member0_ 
    where
        member0_.member_username=?
2023-03-05 15:34:33.050 TRACE 24036 --- [    Test worker] o.h.type.descriptor.sql.BasicBinder      : binding parameter [1] as [VARCHAR] - [test4]
2023-03-05 15:34:33.050 TRACE 24036 --- [    Test worker] o.h.type.descriptor.sql.BasicExtractor   : extracted value ([id1_0_] : [BIGINT]) - [4]
2023-03-05 15:34:33.050 DEBUG 24036 --- [    Test worker] org.hibernate.SQL                        : 
    insert 
    into
        post
        (id, created_time, last_modified_time, content, member_id, title) 
    values
        (default, ?, ?, ?, ?, ?)
2023-03-05 15:34:33.050 TRACE 24036 --- [    Test worker] o.h.type.descriptor.sql.BasicBinder      : binding parameter [1] as [TIMESTAMP] - [2023-03-05T15:34:33.050457]
2023-03-05 15:34:33.050 TRACE 24036 --- [    Test worker] o.h.type.descriptor.sql.BasicBinder      : binding parameter [2] as [TIMESTAMP] - [2023-03-05T15:34:33.050377]
2023-03-05 15:34:33.050 TRACE 24036 --- [    Test worker] o.h.type.descriptor.sql.BasicBinder      : binding parameter [3] as [VARCHAR] - [내용35]
2023-03-05 15:34:33.050 TRACE 24036 --- [    Test worker] o.h.type.descriptor.sql.BasicBinder      : binding parameter [4] as [BIGINT] - [4]
2023-03-05 15:34:33.050 TRACE 24036 --- [    Test worker] o.h.type.descriptor.sql.BasicBinder      : binding parameter [5] as [VARCHAR] - [제목35]
2023-03-05 15:34:33.051 DEBUG 24036 --- [    Test worker] org.hibernate.SQL                        : 
    select
        member0_.id as id1_0_,
        member0_.created_time as created_2_0_,
        member0_.last_modified_time as last_mod3_0_,
        member0_.member_email as member_e4_0_,
        member0_.member_nickname as member_n5_0_,
        member0_.member_password as member_p6_0_,
        member0_.member_role as member_r7_0_,
        member0_.member_username as member_u8_0_ 
    from
        member member0_ 
    where
        member0_.member_username=?
2023-03-05 15:34:33.051 TRACE 24036 --- [    Test worker] o.h.type.descriptor.sql.BasicBinder      : binding parameter [1] as [VARCHAR] - [test4]
2023-03-05 15:34:33.051 TRACE 24036 --- [    Test worker] o.h.type.descriptor.sql.BasicExtractor   : extracted value ([id1_0_] : [BIGINT]) - [4]
2023-03-05 15:34:33.051 DEBUG 24036 --- [    Test worker] org.hibernate.SQL                        : 
    insert 
    into
        post
        (id, created_time, last_modified_time, content, member_id, title) 
    values
        (default, ?, ?, ?, ?, ?)
2023-03-05 15:34:33.052 TRACE 24036 --- [    Test worker] o.h.type.descriptor.sql.BasicBinder      : binding parameter [1] as [TIMESTAMP] - [2023-03-05T15:34:33.051833]
2023-03-05 15:34:33.052 TRACE 24036 --- [    Test worker] o.h.type.descriptor.sql.BasicBinder      : binding parameter [2] as [TIMESTAMP] - [2023-03-05T15:34:33.051751]
2023-03-05 15:34:33.052 TRACE 24036 --- [    Test worker] o.h.type.descriptor.sql.BasicBinder      : binding parameter [3] as [VARCHAR] - [내용36]
2023-03-05 15:34:33.052 TRACE 24036 --- [    Test worker] o.h.type.descriptor.sql.BasicBinder      : binding parameter [4] as [BIGINT] - [4]
2023-03-05 15:34:33.052 TRACE 24036 --- [    Test worker] o.h.type.descriptor.sql.BasicBinder      : binding parameter [5] as [VARCHAR] - [제목36]
2023-03-05 15:34:33.052 DEBUG 24036 --- [    Test worker] org.hibernate.SQL                        : 
    select
        member0_.id as id1_0_,
        member0_.created_time as created_2_0_,
        member0_.last_modified_time as last_mod3_0_,
        member0_.member_email as member_e4_0_,
        member0_.member_nickname as member_n5_0_,
        member0_.member_password as member_p6_0_,
        member0_.member_role as member_r7_0_,
        member0_.member_username as member_u8_0_ 
    from
        member member0_ 
    where
        member0_.member_username=?
2023-03-05 15:34:33.052 TRACE 24036 --- [    Test worker] o.h.type.descriptor.sql.BasicBinder      : binding parameter [1] as [VARCHAR] - [test4]
2023-03-05 15:34:33.053 TRACE 24036 --- [    Test worker] o.h.type.descriptor.sql.BasicExtractor   : extracted value ([id1_0_] : [BIGINT]) - [4]
2023-03-05 15:34:33.053 DEBUG 24036 --- [    Test worker] org.hibernate.SQL                        : 
    insert 
    into
        post
        (id, created_time, last_modified_time, content, member_id, title) 
    values
        (default, ?, ?, ?, ?, ?)
2023-03-05 15:34:33.053 TRACE 24036 --- [    Test worker] o.h.type.descriptor.sql.BasicBinder      : binding parameter [1] as [TIMESTAMP] - [2023-03-05T15:34:33.053233]
2023-03-05 15:34:33.053 TRACE 24036 --- [    Test worker] o.h.type.descriptor.sql.BasicBinder      : binding parameter [2] as [TIMESTAMP] - [2023-03-05T15:34:33.053152]
2023-03-05 15:34:33.053 TRACE 24036 --- [    Test worker] o.h.type.descriptor.sql.BasicBinder      : binding parameter [3] as [VARCHAR] - [내용37]
2023-03-05 15:34:33.053 TRACE 24036 --- [    Test worker] o.h.type.descriptor.sql.BasicBinder      : binding parameter [4] as [BIGINT] - [4]
2023-03-05 15:34:33.053 TRACE 24036 --- [    Test worker] o.h.type.descriptor.sql.BasicBinder      : binding parameter [5] as [VARCHAR] - [제목37]
2023-03-05 15:34:33.054 DEBUG 24036 --- [    Test worker] org.hibernate.SQL                        : 
    select
        member0_.id as id1_0_,
        member0_.created_time as created_2_0_,
        member0_.last_modified_time as last_mod3_0_,
        member0_.member_email as member_e4_0_,
        member0_.member_nickname as member_n5_0_,
        member0_.member_password as member_p6_0_,
        member0_.member_role as member_r7_0_,
        member0_.member_username as member_u8_0_ 
    from
        member member0_ 
    where
        member0_.member_username=?
2023-03-05 15:34:33.054 TRACE 24036 --- [    Test worker] o.h.type.descriptor.sql.BasicBinder      : binding parameter [1] as [VARCHAR] - [test4]
2023-03-05 15:34:33.054 TRACE 24036 --- [    Test worker] o.h.type.descriptor.sql.BasicExtractor   : extracted value ([id1_0_] : [BIGINT]) - [4]
2023-03-05 15:34:33.055 DEBUG 24036 --- [    Test worker] org.hibernate.SQL                        : 
    insert 
    into
        post
        (id, created_time, last_modified_time, content, member_id, title) 
    values
        (default, ?, ?, ?, ?, ?)
2023-03-05 15:34:33.055 TRACE 24036 --- [    Test worker] o.h.type.descriptor.sql.BasicBinder      : binding parameter [1] as [TIMESTAMP] - [2023-03-05T15:34:33.055080]
2023-03-05 15:34:33.055 TRACE 24036 --- [    Test worker] o.h.type.descriptor.sql.BasicBinder      : binding parameter [2] as [TIMESTAMP] - [2023-03-05T15:34:33.054981]
2023-03-05 15:34:33.055 TRACE 24036 --- [    Test worker] o.h.type.descriptor.sql.BasicBinder      : binding parameter [3] as [VARCHAR] - [내용38]
2023-03-05 15:34:33.055 TRACE 24036 --- [    Test worker] o.h.type.descriptor.sql.BasicBinder      : binding parameter [4] as [BIGINT] - [4]
2023-03-05 15:34:33.055 TRACE 24036 --- [    Test worker] o.h.type.descriptor.sql.BasicBinder      : binding parameter [5] as [VARCHAR] - [제목38]
2023-03-05 15:34:33.055 DEBUG 24036 --- [    Test worker] org.hibernate.SQL                        : 
    select
        member0_.id as id1_0_,
        member0_.created_time as created_2_0_,
        member0_.last_modified_time as last_mod3_0_,
        member0_.member_email as member_e4_0_,
        member0_.member_nickname as member_n5_0_,
        member0_.member_password as member_p6_0_,
        member0_.member_role as member_r7_0_,
        member0_.member_username as member_u8_0_ 
    from
        member member0_ 
    where
        member0_.member_username=?
2023-03-05 15:34:33.056 TRACE 24036 --- [    Test worker] o.h.type.descriptor.sql.BasicBinder      : binding parameter [1] as [VARCHAR] - [test4]
2023-03-05 15:34:33.056 TRACE 24036 --- [    Test worker] o.h.type.descriptor.sql.BasicExtractor   : extracted value ([id1_0_] : [BIGINT]) - [4]
2023-03-05 15:34:33.056 DEBUG 24036 --- [    Test worker] org.hibernate.SQL                        : 
    insert 
    into
        post
        (id, created_time, last_modified_time, content, member_id, title) 
    values
        (default, ?, ?, ?, ?, ?)
2023-03-05 15:34:33.056 TRACE 24036 --- [    Test worker] o.h.type.descriptor.sql.BasicBinder      : binding parameter [1] as [TIMESTAMP] - [2023-03-05T15:34:33.056393]
2023-03-05 15:34:33.056 TRACE 24036 --- [    Test worker] o.h.type.descriptor.sql.BasicBinder      : binding parameter [2] as [TIMESTAMP] - [2023-03-05T15:34:33.056318]
2023-03-05 15:34:33.056 TRACE 24036 --- [    Test worker] o.h.type.descriptor.sql.BasicBinder      : binding parameter [3] as [VARCHAR] - [내용39]
2023-03-05 15:34:33.056 TRACE 24036 --- [    Test worker] o.h.type.descriptor.sql.BasicBinder      : binding parameter [4] as [BIGINT] - [4]
2023-03-05 15:34:33.056 TRACE 24036 --- [    Test worker] o.h.type.descriptor.sql.BasicBinder      : binding parameter [5] as [VARCHAR] - [제목39]
2023-03-05 15:34:33.057 DEBUG 24036 --- [    Test worker] org.hibernate.SQL                        : 
    select
        member0_.id as id1_0_,
        member0_.created_time as created_2_0_,
        member0_.last_modified_time as last_mod3_0_,
        member0_.member_email as member_e4_0_,
        member0_.member_nickname as member_n5_0_,
        member0_.member_password as member_p6_0_,
        member0_.member_role as member_r7_0_,
        member0_.member_username as member_u8_0_ 
    from
        member member0_ 
    where
        member0_.member_username=?
2023-03-05 15:34:33.057 TRACE 24036 --- [    Test worker] o.h.type.descriptor.sql.BasicBinder      : binding parameter [1] as [VARCHAR] - [test4]
2023-03-05 15:34:33.057 TRACE 24036 --- [    Test worker] o.h.type.descriptor.sql.BasicExtractor   : extracted value ([id1_0_] : [BIGINT]) - [4]
2023-03-05 15:34:33.057 DEBUG 24036 --- [    Test worker] org.hibernate.SQL                        : 
    insert 
    into
        post
        (id, created_time, last_modified_time, content, member_id, title) 
    values
        (default, ?, ?, ?, ?, ?)
2023-03-05 15:34:33.057 TRACE 24036 --- [    Test worker] o.h.type.descriptor.sql.BasicBinder      : binding parameter [1] as [TIMESTAMP] - [2023-03-05T15:34:33.057721]
2023-03-05 15:34:33.057 TRACE 24036 --- [    Test worker] o.h.type.descriptor.sql.BasicBinder      : binding parameter [2] as [TIMESTAMP] - [2023-03-05T15:34:33.057644]
2023-03-05 15:34:33.058 TRACE 24036 --- [    Test worker] o.h.type.descriptor.sql.BasicBinder      : binding parameter [3] as [VARCHAR] - [내용40]
2023-03-05 15:34:33.058 TRACE 24036 --- [    Test worker] o.h.type.descriptor.sql.BasicBinder      : binding parameter [4] as [BIGINT] - [4]
2023-03-05 15:34:33.058 TRACE 24036 --- [    Test worker] o.h.type.descriptor.sql.BasicBinder      : binding parameter [5] as [VARCHAR] - [제목40]
2023-03-05 15:34:33.058 DEBUG 24036 --- [    Test worker] org.hibernate.SQL                        : 
    select
        member0_.id as id1_0_,
        member0_.created_time as created_2_0_,
        member0_.last_modified_time as last_mod3_0_,
        member0_.member_email as member_e4_0_,
        member0_.member_nickname as member_n5_0_,
        member0_.member_password as member_p6_0_,
        member0_.member_role as member_r7_0_,
        member0_.member_username as member_u8_0_ 
    from
        member member0_ 
    where
        member0_.member_username=?
2023-03-05 15:34:33.058 TRACE 24036 --- [    Test worker] o.h.type.descriptor.sql.BasicBinder      : binding parameter [1] as [VARCHAR] - [test5]
2023-03-05 15:34:33.058 TRACE 24036 --- [    Test worker] o.h.type.descriptor.sql.BasicExtractor   : extracted value ([id1_0_] : [BIGINT]) - [5]
2023-03-05 15:34:33.059 DEBUG 24036 --- [    Test worker] org.hibernate.SQL                        : 
    insert 
    into
        post
        (id, created_time, last_modified_time, content, member_id, title) 
    values
        (default, ?, ?, ?, ?, ?)
2023-03-05 15:34:33.059 TRACE 24036 --- [    Test worker] o.h.type.descriptor.sql.BasicBinder      : binding parameter [1] as [TIMESTAMP] - [2023-03-05T15:34:33.059161]
2023-03-05 15:34:33.059 TRACE 24036 --- [    Test worker] o.h.type.descriptor.sql.BasicBinder      : binding parameter [2] as [TIMESTAMP] - [2023-03-05T15:34:33.059071]
2023-03-05 15:34:33.059 TRACE 24036 --- [    Test worker] o.h.type.descriptor.sql.BasicBinder      : binding parameter [3] as [VARCHAR] - [내용41]
2023-03-05 15:34:33.059 TRACE 24036 --- [    Test worker] o.h.type.descriptor.sql.BasicBinder      : binding parameter [4] as [BIGINT] - [5]
2023-03-05 15:34:33.059 TRACE 24036 --- [    Test worker] o.h.type.descriptor.sql.BasicBinder      : binding parameter [5] as [VARCHAR] - [제목41]
2023-03-05 15:34:33.060 DEBUG 24036 --- [    Test worker] org.hibernate.SQL                        : 
    select
        member0_.id as id1_0_,
        member0_.created_time as created_2_0_,
        member0_.last_modified_time as last_mod3_0_,
        member0_.member_email as member_e4_0_,
        member0_.member_nickname as member_n5_0_,
        member0_.member_password as member_p6_0_,
        member0_.member_role as member_r7_0_,
        member0_.member_username as member_u8_0_ 
    from
        member member0_ 
    where
        member0_.member_username=?
2023-03-05 15:34:33.060 TRACE 24036 --- [    Test worker] o.h.type.descriptor.sql.BasicBinder      : binding parameter [1] as [VARCHAR] - [test5]
2023-03-05 15:34:33.060 TRACE 24036 --- [    Test worker] o.h.type.descriptor.sql.BasicExtractor   : extracted value ([id1_0_] : [BIGINT]) - [5]
2023-03-05 15:34:33.060 DEBUG 24036 --- [    Test worker] org.hibernate.SQL                        : 
    insert 
    into
        post
        (id, created_time, last_modified_time, content, member_id, title) 
    values
        (default, ?, ?, ?, ?, ?)
2023-03-05 15:34:33.061 TRACE 24036 --- [    Test worker] o.h.type.descriptor.sql.BasicBinder      : binding parameter [1] as [TIMESTAMP] - [2023-03-05T15:34:33.060841]
2023-03-05 15:34:33.061 TRACE 24036 --- [    Test worker] o.h.type.descriptor.sql.BasicBinder      : binding parameter [2] as [TIMESTAMP] - [2023-03-05T15:34:33.060743]
2023-03-05 15:34:33.061 TRACE 24036 --- [    Test worker] o.h.type.descriptor.sql.BasicBinder      : binding parameter [3] as [VARCHAR] - [내용42]
2023-03-05 15:34:33.061 TRACE 24036 --- [    Test worker] o.h.type.descriptor.sql.BasicBinder      : binding parameter [4] as [BIGINT] - [5]
2023-03-05 15:34:33.061 TRACE 24036 --- [    Test worker] o.h.type.descriptor.sql.BasicBinder      : binding parameter [5] as [VARCHAR] - [제목42]
2023-03-05 15:34:33.062 DEBUG 24036 --- [    Test worker] org.hibernate.SQL                        : 
    select
        member0_.id as id1_0_,
        member0_.created_time as created_2_0_,
        member0_.last_modified_time as last_mod3_0_,
        member0_.member_email as member_e4_0_,
        member0_.member_nickname as member_n5_0_,
        member0_.member_password as member_p6_0_,
        member0_.member_role as member_r7_0_,
        member0_.member_username as member_u8_0_ 
    from
        member member0_ 
    where
        member0_.member_username=?
2023-03-05 15:34:33.062 TRACE 24036 --- [    Test worker] o.h.type.descriptor.sql.BasicBinder      : binding parameter [1] as [VARCHAR] - [test5]
2023-03-05 15:34:33.062 TRACE 24036 --- [    Test worker] o.h.type.descriptor.sql.BasicExtractor   : extracted value ([id1_0_] : [BIGINT]) - [5]
2023-03-05 15:34:33.062 DEBUG 24036 --- [    Test worker] org.hibernate.SQL                        : 
    insert 
    into
        post
        (id, created_time, last_modified_time, content, member_id, title) 
    values
        (default, ?, ?, ?, ?, ?)
2023-03-05 15:34:33.062 TRACE 24036 --- [    Test worker] o.h.type.descriptor.sql.BasicBinder      : binding parameter [1] as [TIMESTAMP] - [2023-03-05T15:34:33.062687]
2023-03-05 15:34:33.062 TRACE 24036 --- [    Test worker] o.h.type.descriptor.sql.BasicBinder      : binding parameter [2] as [TIMESTAMP] - [2023-03-05T15:34:33.062574]
2023-03-05 15:34:33.063 TRACE 24036 --- [    Test worker] o.h.type.descriptor.sql.BasicBinder      : binding parameter [3] as [VARCHAR] - [내용43]
2023-03-05 15:34:33.063 TRACE 24036 --- [    Test worker] o.h.type.descriptor.sql.BasicBinder      : binding parameter [4] as [BIGINT] - [5]
2023-03-05 15:34:33.063 TRACE 24036 --- [    Test worker] o.h.type.descriptor.sql.BasicBinder      : binding parameter [5] as [VARCHAR] - [제목43]
2023-03-05 15:34:33.063 DEBUG 24036 --- [    Test worker] org.hibernate.SQL                        : 
    select
        member0_.id as id1_0_,
        member0_.created_time as created_2_0_,
        member0_.last_modified_time as last_mod3_0_,
        member0_.member_email as member_e4_0_,
        member0_.member_nickname as member_n5_0_,
        member0_.member_password as member_p6_0_,
        member0_.member_role as member_r7_0_,
        member0_.member_username as member_u8_0_ 
    from
        member member0_ 
    where
        member0_.member_username=?
2023-03-05 15:34:33.063 TRACE 24036 --- [    Test worker] o.h.type.descriptor.sql.BasicBinder      : binding parameter [1] as [VARCHAR] - [test5]
2023-03-05 15:34:33.064 TRACE 24036 --- [    Test worker] o.h.type.descriptor.sql.BasicExtractor   : extracted value ([id1_0_] : [BIGINT]) - [5]
2023-03-05 15:34:33.064 DEBUG 24036 --- [    Test worker] org.hibernate.SQL                        : 
    insert 
    into
        post
        (id, created_time, last_modified_time, content, member_id, title) 
    values
        (default, ?, ?, ?, ?, ?)
2023-03-05 15:34:33.064 TRACE 24036 --- [    Test worker] o.h.type.descriptor.sql.BasicBinder      : binding parameter [1] as [TIMESTAMP] - [2023-03-05T15:34:33.064312]
2023-03-05 15:34:33.064 TRACE 24036 --- [    Test worker] o.h.type.descriptor.sql.BasicBinder      : binding parameter [2] as [TIMESTAMP] - [2023-03-05T15:34:33.064226]
2023-03-05 15:34:33.064 TRACE 24036 --- [    Test worker] o.h.type.descriptor.sql.BasicBinder      : binding parameter [3] as [VARCHAR] - [내용44]
2023-03-05 15:34:33.064 TRACE 24036 --- [    Test worker] o.h.type.descriptor.sql.BasicBinder      : binding parameter [4] as [BIGINT] - [5]
2023-03-05 15:34:33.064 TRACE 24036 --- [    Test worker] o.h.type.descriptor.sql.BasicBinder      : binding parameter [5] as [VARCHAR] - [제목44]
2023-03-05 15:34:33.065 DEBUG 24036 --- [    Test worker] org.hibernate.SQL                        : 
    select
        member0_.id as id1_0_,
        member0_.created_time as created_2_0_,
        member0_.last_modified_time as last_mod3_0_,
        member0_.member_email as member_e4_0_,
        member0_.member_nickname as member_n5_0_,
        member0_.member_password as member_p6_0_,
        member0_.member_role as member_r7_0_,
        member0_.member_username as member_u8_0_ 
    from
        member member0_ 
    where
        member0_.member_username=?
2023-03-05 15:34:33.065 TRACE 24036 --- [    Test worker] o.h.type.descriptor.sql.BasicBinder      : binding parameter [1] as [VARCHAR] - [test5]
2023-03-05 15:34:33.065 TRACE 24036 --- [    Test worker] o.h.type.descriptor.sql.BasicExtractor   : extracted value ([id1_0_] : [BIGINT]) - [5]
2023-03-05 15:34:33.065 DEBUG 24036 --- [    Test worker] org.hibernate.SQL                        : 
    insert 
    into
        post
        (id, created_time, last_modified_time, content, member_id, title) 
    values
        (default, ?, ?, ?, ?, ?)
2023-03-05 15:34:33.065 TRACE 24036 --- [    Test worker] o.h.type.descriptor.sql.BasicBinder      : binding parameter [1] as [TIMESTAMP] - [2023-03-05T15:34:33.065698]
2023-03-05 15:34:33.065 TRACE 24036 --- [    Test worker] o.h.type.descriptor.sql.BasicBinder      : binding parameter [2] as [TIMESTAMP] - [2023-03-05T15:34:33.065624]
2023-03-05 15:34:33.065 TRACE 24036 --- [    Test worker] o.h.type.descriptor.sql.BasicBinder      : binding parameter [3] as [VARCHAR] - [내용45]
2023-03-05 15:34:33.065 TRACE 24036 --- [    Test worker] o.h.type.descriptor.sql.BasicBinder      : binding parameter [4] as [BIGINT] - [5]
2023-03-05 15:34:33.066 TRACE 24036 --- [    Test worker] o.h.type.descriptor.sql.BasicBinder      : binding parameter [5] as [VARCHAR] - [제목45]
2023-03-05 15:34:33.066 DEBUG 24036 --- [    Test worker] org.hibernate.SQL                        : 
    select
        member0_.id as id1_0_,
        member0_.created_time as created_2_0_,
        member0_.last_modified_time as last_mod3_0_,
        member0_.member_email as member_e4_0_,
        member0_.member_nickname as member_n5_0_,
        member0_.member_password as member_p6_0_,
        member0_.member_role as member_r7_0_,
        member0_.member_username as member_u8_0_ 
    from
        member member0_ 
    where
        member0_.member_username=?
2023-03-05 15:34:33.066 TRACE 24036 --- [    Test worker] o.h.type.descriptor.sql.BasicBinder      : binding parameter [1] as [VARCHAR] - [test5]
2023-03-05 15:34:33.066 TRACE 24036 --- [    Test worker] o.h.type.descriptor.sql.BasicExtractor   : extracted value ([id1_0_] : [BIGINT]) - [5]
2023-03-05 15:34:33.067 DEBUG 24036 --- [    Test worker] org.hibernate.SQL                        : 
    insert 
    into
        post
        (id, created_time, last_modified_time, content, member_id, title) 
    values
        (default, ?, ?, ?, ?, ?)
2023-03-05 15:34:33.067 TRACE 24036 --- [    Test worker] o.h.type.descriptor.sql.BasicBinder      : binding parameter [1] as [TIMESTAMP] - [2023-03-05T15:34:33.067038]
2023-03-05 15:34:33.067 TRACE 24036 --- [    Test worker] o.h.type.descriptor.sql.BasicBinder      : binding parameter [2] as [TIMESTAMP] - [2023-03-05T15:34:33.066964]
2023-03-05 15:34:33.067 TRACE 24036 --- [    Test worker] o.h.type.descriptor.sql.BasicBinder      : binding parameter [3] as [VARCHAR] - [내용46]
2023-03-05 15:34:33.067 TRACE 24036 --- [    Test worker] o.h.type.descriptor.sql.BasicBinder      : binding parameter [4] as [BIGINT] - [5]
2023-03-05 15:34:33.067 TRACE 24036 --- [    Test worker] o.h.type.descriptor.sql.BasicBinder      : binding parameter [5] as [VARCHAR] - [제목46]
2023-03-05 15:34:33.067 DEBUG 24036 --- [    Test worker] org.hibernate.SQL                        : 
    select
        member0_.id as id1_0_,
        member0_.created_time as created_2_0_,
        member0_.last_modified_time as last_mod3_0_,
        member0_.member_email as member_e4_0_,
        member0_.member_nickname as member_n5_0_,
        member0_.member_password as member_p6_0_,
        member0_.member_role as member_r7_0_,
        member0_.member_username as member_u8_0_ 
    from
        member member0_ 
    where
        member0_.member_username=?
2023-03-05 15:34:33.068 TRACE 24036 --- [    Test worker] o.h.type.descriptor.sql.BasicBinder      : binding parameter [1] as [VARCHAR] - [test5]
2023-03-05 15:34:33.068 TRACE 24036 --- [    Test worker] o.h.type.descriptor.sql.BasicExtractor   : extracted value ([id1_0_] : [BIGINT]) - [5]
2023-03-05 15:34:33.068 DEBUG 24036 --- [    Test worker] org.hibernate.SQL                        : 
    insert 
    into
        post
        (id, created_time, last_modified_time, content, member_id, title) 
    values
        (default, ?, ?, ?, ?, ?)
2023-03-05 15:34:33.068 TRACE 24036 --- [    Test worker] o.h.type.descriptor.sql.BasicBinder      : binding parameter [1] as [TIMESTAMP] - [2023-03-05T15:34:33.068382]
2023-03-05 15:34:33.068 TRACE 24036 --- [    Test worker] o.h.type.descriptor.sql.BasicBinder      : binding parameter [2] as [TIMESTAMP] - [2023-03-05T15:34:33.068300]
2023-03-05 15:34:33.068 TRACE 24036 --- [    Test worker] o.h.type.descriptor.sql.BasicBinder      : binding parameter [3] as [VARCHAR] - [내용47]
2023-03-05 15:34:33.068 TRACE 24036 --- [    Test worker] o.h.type.descriptor.sql.BasicBinder      : binding parameter [4] as [BIGINT] - [5]
2023-03-05 15:34:33.068 TRACE 24036 --- [    Test worker] o.h.type.descriptor.sql.BasicBinder      : binding parameter [5] as [VARCHAR] - [제목47]
2023-03-05 15:34:33.069 DEBUG 24036 --- [    Test worker] org.hibernate.SQL                        : 
    select
        member0_.id as id1_0_,
        member0_.created_time as created_2_0_,
        member0_.last_modified_time as last_mod3_0_,
        member0_.member_email as member_e4_0_,
        member0_.member_nickname as member_n5_0_,
        member0_.member_password as member_p6_0_,
        member0_.member_role as member_r7_0_,
        member0_.member_username as member_u8_0_ 
    from
        member member0_ 
    where
        member0_.member_username=?
2023-03-05 15:34:33.069 TRACE 24036 --- [    Test worker] o.h.type.descriptor.sql.BasicBinder      : binding parameter [1] as [VARCHAR] - [test5]
2023-03-05 15:34:33.069 TRACE 24036 --- [    Test worker] o.h.type.descriptor.sql.BasicExtractor   : extracted value ([id1_0_] : [BIGINT]) - [5]
2023-03-05 15:34:33.069 DEBUG 24036 --- [    Test worker] org.hibernate.SQL                        : 
    insert 
    into
        post
        (id, created_time, last_modified_time, content, member_id, title) 
    values
        (default, ?, ?, ?, ?, ?)
2023-03-05 15:34:33.069 TRACE 24036 --- [    Test worker] o.h.type.descriptor.sql.BasicBinder      : binding parameter [1] as [TIMESTAMP] - [2023-03-05T15:34:33.069564]
2023-03-05 15:34:33.069 TRACE 24036 --- [    Test worker] o.h.type.descriptor.sql.BasicBinder      : binding parameter [2] as [TIMESTAMP] - [2023-03-05T15:34:33.069496]
2023-03-05 15:34:33.069 TRACE 24036 --- [    Test worker] o.h.type.descriptor.sql.BasicBinder      : binding parameter [3] as [VARCHAR] - [내용48]
2023-03-05 15:34:33.069 TRACE 24036 --- [    Test worker] o.h.type.descriptor.sql.BasicBinder      : binding parameter [4] as [BIGINT] - [5]
2023-03-05 15:34:33.069 TRACE 24036 --- [    Test worker] o.h.type.descriptor.sql.BasicBinder      : binding parameter [5] as [VARCHAR] - [제목48]
2023-03-05 15:34:33.070 DEBUG 24036 --- [    Test worker] org.hibernate.SQL                        : 
    select
        member0_.id as id1_0_,
        member0_.created_time as created_2_0_,
        member0_.last_modified_time as last_mod3_0_,
        member0_.member_email as member_e4_0_,
        member0_.member_nickname as member_n5_0_,
        member0_.member_password as member_p6_0_,
        member0_.member_role as member_r7_0_,
        member0_.member_username as member_u8_0_ 
    from
        member member0_ 
    where
        member0_.member_username=?
2023-03-05 15:34:33.070 TRACE 24036 --- [    Test worker] o.h.type.descriptor.sql.BasicBinder      : binding parameter [1] as [VARCHAR] - [test5]
2023-03-05 15:34:33.070 TRACE 24036 --- [    Test worker] o.h.type.descriptor.sql.BasicExtractor   : extracted value ([id1_0_] : [BIGINT]) - [5]
2023-03-05 15:34:33.071 DEBUG 24036 --- [    Test worker] org.hibernate.SQL                        : 
    insert 
    into
        post
        (id, created_time, last_modified_time, content, member_id, title) 
    values
        (default, ?, ?, ?, ?, ?)
2023-03-05 15:34:33.071 TRACE 24036 --- [    Test worker] o.h.type.descriptor.sql.BasicBinder      : binding parameter [1] as [TIMESTAMP] - [2023-03-05T15:34:33.070916]
2023-03-05 15:34:33.071 TRACE 24036 --- [    Test worker] o.h.type.descriptor.sql.BasicBinder      : binding parameter [2] as [TIMESTAMP] - [2023-03-05T15:34:33.070830]
2023-03-05 15:34:33.071 TRACE 24036 --- [    Test worker] o.h.type.descriptor.sql.BasicBinder      : binding parameter [3] as [VARCHAR] - [내용49]
2023-03-05 15:34:33.071 TRACE 24036 --- [    Test worker] o.h.type.descriptor.sql.BasicBinder      : binding parameter [4] as [BIGINT] - [5]
2023-03-05 15:34:33.071 TRACE 24036 --- [    Test worker] o.h.type.descriptor.sql.BasicBinder      : binding parameter [5] as [VARCHAR] - [제목49]
2023-03-05 15:34:33.071 DEBUG 24036 --- [    Test worker] org.hibernate.SQL                        : 
    select
        member0_.id as id1_0_,
        member0_.created_time as created_2_0_,
        member0_.last_modified_time as last_mod3_0_,
        member0_.member_email as member_e4_0_,
        member0_.member_nickname as member_n5_0_,
        member0_.member_password as member_p6_0_,
        member0_.member_role as member_r7_0_,
        member0_.member_username as member_u8_0_ 
    from
        member member0_ 
    where
        member0_.member_username=?
2023-03-05 15:34:33.072 TRACE 24036 --- [    Test worker] o.h.type.descriptor.sql.BasicBinder      : binding parameter [1] as [VARCHAR] - [test5]
2023-03-05 15:34:33.072 TRACE 24036 --- [    Test worker] o.h.type.descriptor.sql.BasicExtractor   : extracted value ([id1_0_] : [BIGINT]) - [5]
2023-03-05 15:34:33.072 DEBUG 24036 --- [    Test worker] org.hibernate.SQL                        : 
    insert 
    into
        post
        (id, created_time, last_modified_time, content, member_id, title) 
    values
        (default, ?, ?, ?, ?, ?)
2023-03-05 15:34:33.072 TRACE 24036 --- [    Test worker] o.h.type.descriptor.sql.BasicBinder      : binding parameter [1] as [TIMESTAMP] - [2023-03-05T15:34:33.072529]
2023-03-05 15:34:33.072 TRACE 24036 --- [    Test worker] o.h.type.descriptor.sql.BasicBinder      : binding parameter [2] as [TIMESTAMP] - [2023-03-05T15:34:33.072436]
2023-03-05 15:34:33.072 TRACE 24036 --- [    Test worker] o.h.type.descriptor.sql.BasicBinder      : binding parameter [3] as [VARCHAR] - [내용50]
2023-03-05 15:34:33.072 TRACE 24036 --- [    Test worker] o.h.type.descriptor.sql.BasicBinder      : binding parameter [4] as [BIGINT] - [5]
2023-03-05 15:34:33.072 TRACE 24036 --- [    Test worker] o.h.type.descriptor.sql.BasicBinder      : binding parameter [5] as [VARCHAR] - [제목50]
2023-03-05 15:34:33.073 DEBUG 24036 --- [    Test worker] org.hibernate.SQL                        : 
    select
        member0_.id as id1_0_,
        member0_.created_time as created_2_0_,
        member0_.last_modified_time as last_mod3_0_,
        member0_.member_email as member_e4_0_,
        member0_.member_nickname as member_n5_0_,
        member0_.member_password as member_p6_0_,
        member0_.member_role as member_r7_0_,
        member0_.member_username as member_u8_0_ 
    from
        member member0_ 
    where
        member0_.member_username=?
2023-03-05 15:34:33.073 TRACE 24036 --- [    Test worker] o.h.type.descriptor.sql.BasicBinder      : binding parameter [1] as [VARCHAR] - [test6]
2023-03-05 15:34:33.073 TRACE 24036 --- [    Test worker] o.h.type.descriptor.sql.BasicExtractor   : extracted value ([id1_0_] : [BIGINT]) - [6]
2023-03-05 15:34:33.074 DEBUG 24036 --- [    Test worker] org.hibernate.SQL                        : 
    insert 
    into
        post
        (id, created_time, last_modified_time, content, member_id, title) 
    values
        (default, ?, ?, ?, ?, ?)
2023-03-05 15:34:33.074 TRACE 24036 --- [    Test worker] o.h.type.descriptor.sql.BasicBinder      : binding parameter [1] as [TIMESTAMP] - [2023-03-05T15:34:33.074159]
2023-03-05 15:34:33.074 TRACE 24036 --- [    Test worker] o.h.type.descriptor.sql.BasicBinder      : binding parameter [2] as [TIMESTAMP] - [2023-03-05T15:34:33.074065]
2023-03-05 15:34:33.074 TRACE 24036 --- [    Test worker] o.h.type.descriptor.sql.BasicBinder      : binding parameter [3] as [VARCHAR] - [내용51]
2023-03-05 15:34:33.074 TRACE 24036 --- [    Test worker] o.h.type.descriptor.sql.BasicBinder      : binding parameter [4] as [BIGINT] - [6]
2023-03-05 15:34:33.074 TRACE 24036 --- [    Test worker] o.h.type.descriptor.sql.BasicBinder      : binding parameter [5] as [VARCHAR] - [제목51]
2023-03-05 15:34:33.075 DEBUG 24036 --- [    Test worker] org.hibernate.SQL                        : 
    select
        member0_.id as id1_0_,
        member0_.created_time as created_2_0_,
        member0_.last_modified_time as last_mod3_0_,
        member0_.member_email as member_e4_0_,
        member0_.member_nickname as member_n5_0_,
        member0_.member_password as member_p6_0_,
        member0_.member_role as member_r7_0_,
        member0_.member_username as member_u8_0_ 
    from
        member member0_ 
    where
        member0_.member_username=?
2023-03-05 15:34:33.075 TRACE 24036 --- [    Test worker] o.h.type.descriptor.sql.BasicBinder      : binding parameter [1] as [VARCHAR] - [test6]
2023-03-05 15:34:33.076 TRACE 24036 --- [    Test worker] o.h.type.descriptor.sql.BasicExtractor   : extracted value ([id1_0_] : [BIGINT]) - [6]
2023-03-05 15:34:33.076 DEBUG 24036 --- [    Test worker] org.hibernate.SQL                        : 
    insert 
    into
        post
        (id, created_time, last_modified_time, content, member_id, title) 
    values
        (default, ?, ?, ?, ?, ?)
2023-03-05 15:34:33.076 TRACE 24036 --- [    Test worker] o.h.type.descriptor.sql.BasicBinder      : binding parameter [1] as [TIMESTAMP] - [2023-03-05T15:34:33.076559]
2023-03-05 15:34:33.076 TRACE 24036 --- [    Test worker] o.h.type.descriptor.sql.BasicBinder      : binding parameter [2] as [TIMESTAMP] - [2023-03-05T15:34:33.076420]
2023-03-05 15:34:33.076 TRACE 24036 --- [    Test worker] o.h.type.descriptor.sql.BasicBinder      : binding parameter [3] as [VARCHAR] - [내용52]
2023-03-05 15:34:33.076 TRACE 24036 --- [    Test worker] o.h.type.descriptor.sql.BasicBinder      : binding parameter [4] as [BIGINT] - [6]
2023-03-05 15:34:33.076 TRACE 24036 --- [    Test worker] o.h.type.descriptor.sql.BasicBinder      : binding parameter [5] as [VARCHAR] - [제목52]
2023-03-05 15:34:33.077 DEBUG 24036 --- [    Test worker] org.hibernate.SQL                        : 
    select
        member0_.id as id1_0_,
        member0_.created_time as created_2_0_,
        member0_.last_modified_time as last_mod3_0_,
        member0_.member_email as member_e4_0_,
        member0_.member_nickname as member_n5_0_,
        member0_.member_password as member_p6_0_,
        member0_.member_role as member_r7_0_,
        member0_.member_username as member_u8_0_ 
    from
        member member0_ 
    where
        member0_.member_username=?
2023-03-05 15:34:33.078 TRACE 24036 --- [    Test worker] o.h.type.descriptor.sql.BasicBinder      : binding parameter [1] as [VARCHAR] - [test6]
2023-03-05 15:34:33.078 TRACE 24036 --- [    Test worker] o.h.type.descriptor.sql.BasicExtractor   : extracted value ([id1_0_] : [BIGINT]) - [6]
2023-03-05 15:34:33.079 DEBUG 24036 --- [    Test worker] org.hibernate.SQL                        : 
    insert 
    into
        post
        (id, created_time, last_modified_time, content, member_id, title) 
    values
        (default, ?, ?, ?, ?, ?)
2023-03-05 15:34:33.079 TRACE 24036 --- [    Test worker] o.h.type.descriptor.sql.BasicBinder      : binding parameter [1] as [TIMESTAMP] - [2023-03-05T15:34:33.079082]
2023-03-05 15:34:33.079 TRACE 24036 --- [    Test worker] o.h.type.descriptor.sql.BasicBinder      : binding parameter [2] as [TIMESTAMP] - [2023-03-05T15:34:33.078869]
2023-03-05 15:34:33.079 TRACE 24036 --- [    Test worker] o.h.type.descriptor.sql.BasicBinder      : binding parameter [3] as [VARCHAR] - [내용53]
2023-03-05 15:34:33.079 TRACE 24036 --- [    Test worker] o.h.type.descriptor.sql.BasicBinder      : binding parameter [4] as [BIGINT] - [6]
2023-03-05 15:34:33.079 TRACE 24036 --- [    Test worker] o.h.type.descriptor.sql.BasicBinder      : binding parameter [5] as [VARCHAR] - [제목53]
2023-03-05 15:34:33.080 DEBUG 24036 --- [    Test worker] org.hibernate.SQL                        : 
    select
        member0_.id as id1_0_,
        member0_.created_time as created_2_0_,
        member0_.last_modified_time as last_mod3_0_,
        member0_.member_email as member_e4_0_,
        member0_.member_nickname as member_n5_0_,
        member0_.member_password as member_p6_0_,
        member0_.member_role as member_r7_0_,
        member0_.member_username as member_u8_0_ 
    from
        member member0_ 
    where
        member0_.member_username=?
2023-03-05 15:34:33.081 TRACE 24036 --- [    Test worker] o.h.type.descriptor.sql.BasicBinder      : binding parameter [1] as [VARCHAR] - [test6]
2023-03-05 15:34:33.082 TRACE 24036 --- [    Test worker] o.h.type.descriptor.sql.BasicExtractor   : extracted value ([id1_0_] : [BIGINT]) - [6]
2023-03-05 15:34:33.083 DEBUG 24036 --- [    Test worker] org.hibernate.SQL                        : 
    insert 
    into
        post
        (id, created_time, last_modified_time, content, member_id, title) 
    values
        (default, ?, ?, ?, ?, ?)
2023-03-05 15:34:33.083 TRACE 24036 --- [    Test worker] o.h.type.descriptor.sql.BasicBinder      : binding parameter [1] as [TIMESTAMP] - [2023-03-05T15:34:33.083267]
2023-03-05 15:34:33.084 TRACE 24036 --- [    Test worker] o.h.type.descriptor.sql.BasicBinder      : binding parameter [2] as [TIMESTAMP] - [2023-03-05T15:34:33.083005]
2023-03-05 15:34:33.084 TRACE 24036 --- [    Test worker] o.h.type.descriptor.sql.BasicBinder      : binding parameter [3] as [VARCHAR] - [내용54]
2023-03-05 15:34:33.084 TRACE 24036 --- [    Test worker] o.h.type.descriptor.sql.BasicBinder      : binding parameter [4] as [BIGINT] - [6]
2023-03-05 15:34:33.084 TRACE 24036 --- [    Test worker] o.h.type.descriptor.sql.BasicBinder      : binding parameter [5] as [VARCHAR] - [제목54]
2023-03-05 15:34:33.086 DEBUG 24036 --- [    Test worker] org.hibernate.SQL                        : 
    select
        member0_.id as id1_0_,
        member0_.created_time as created_2_0_,
        member0_.last_modified_time as last_mod3_0_,
        member0_.member_email as member_e4_0_,
        member0_.member_nickname as member_n5_0_,
        member0_.member_password as member_p6_0_,
        member0_.member_role as member_r7_0_,
        member0_.member_username as member_u8_0_ 
    from
        member member0_ 
    where
        member0_.member_username=?
2023-03-05 15:34:33.087 TRACE 24036 --- [    Test worker] o.h.type.descriptor.sql.BasicBinder      : binding parameter [1] as [VARCHAR] - [test6]
2023-03-05 15:34:33.087 TRACE 24036 --- [    Test worker] o.h.type.descriptor.sql.BasicExtractor   : extracted value ([id1_0_] : [BIGINT]) - [6]
2023-03-05 15:34:33.087 DEBUG 24036 --- [    Test worker] org.hibernate.SQL                        : 
    insert 
    into
        post
        (id, created_time, last_modified_time, content, member_id, title) 
    values
        (default, ?, ?, ?, ?, ?)
2023-03-05 15:34:33.088 TRACE 24036 --- [    Test worker] o.h.type.descriptor.sql.BasicBinder      : binding parameter [1] as [TIMESTAMP] - [2023-03-05T15:34:33.087694]
2023-03-05 15:34:33.088 TRACE 24036 --- [    Test worker] o.h.type.descriptor.sql.BasicBinder      : binding parameter [2] as [TIMESTAMP] - [2023-03-05T15:34:33.087560]
2023-03-05 15:34:33.088 TRACE 24036 --- [    Test worker] o.h.type.descriptor.sql.BasicBinder      : binding parameter [3] as [VARCHAR] - [내용55]
2023-03-05 15:34:33.088 TRACE 24036 --- [    Test worker] o.h.type.descriptor.sql.BasicBinder      : binding parameter [4] as [BIGINT] - [6]
2023-03-05 15:34:33.088 TRACE 24036 --- [    Test worker] o.h.type.descriptor.sql.BasicBinder      : binding parameter [5] as [VARCHAR] - [제목55]
2023-03-05 15:34:33.088 DEBUG 24036 --- [    Test worker] org.hibernate.SQL                        : 
    select
        member0_.id as id1_0_,
        member0_.created_time as created_2_0_,
        member0_.last_modified_time as last_mod3_0_,
        member0_.member_email as member_e4_0_,
        member0_.member_nickname as member_n5_0_,
        member0_.member_password as member_p6_0_,
        member0_.member_role as member_r7_0_,
        member0_.member_username as member_u8_0_ 
    from
        member member0_ 
    where
        member0_.member_username=?
2023-03-05 15:34:33.088 TRACE 24036 --- [    Test worker] o.h.type.descriptor.sql.BasicBinder      : binding parameter [1] as [VARCHAR] - [test6]
2023-03-05 15:34:33.089 TRACE 24036 --- [    Test worker] o.h.type.descriptor.sql.BasicExtractor   : extracted value ([id1_0_] : [BIGINT]) - [6]
2023-03-05 15:34:33.089 DEBUG 24036 --- [    Test worker] org.hibernate.SQL                        : 
    insert 
    into
        post
        (id, created_time, last_modified_time, content, member_id, title) 
    values
        (default, ?, ?, ?, ?, ?)
2023-03-05 15:34:33.089 TRACE 24036 --- [    Test worker] o.h.type.descriptor.sql.BasicBinder      : binding parameter [1] as [TIMESTAMP] - [2023-03-05T15:34:33.089356]
2023-03-05 15:34:33.089 TRACE 24036 --- [    Test worker] o.h.type.descriptor.sql.BasicBinder      : binding parameter [2] as [TIMESTAMP] - [2023-03-05T15:34:33.089255]
2023-03-05 15:34:33.089 TRACE 24036 --- [    Test worker] o.h.type.descriptor.sql.BasicBinder      : binding parameter [3] as [VARCHAR] - [내용56]
2023-03-05 15:34:33.089 TRACE 24036 --- [    Test worker] o.h.type.descriptor.sql.BasicBinder      : binding parameter [4] as [BIGINT] - [6]
2023-03-05 15:34:33.089 TRACE 24036 --- [    Test worker] o.h.type.descriptor.sql.BasicBinder      : binding parameter [5] as [VARCHAR] - [제목56]
2023-03-05 15:34:33.090 DEBUG 24036 --- [    Test worker] org.hibernate.SQL                        : 
    select
        member0_.id as id1_0_,
        member0_.created_time as created_2_0_,
        member0_.last_modified_time as last_mod3_0_,
        member0_.member_email as member_e4_0_,
        member0_.member_nickname as member_n5_0_,
        member0_.member_password as member_p6_0_,
        member0_.member_role as member_r7_0_,
        member0_.member_username as member_u8_0_ 
    from
        member member0_ 
    where
        member0_.member_username=?
2023-03-05 15:34:33.090 TRACE 24036 --- [    Test worker] o.h.type.descriptor.sql.BasicBinder      : binding parameter [1] as [VARCHAR] - [test6]
2023-03-05 15:34:33.090 TRACE 24036 --- [    Test worker] o.h.type.descriptor.sql.BasicExtractor   : extracted value ([id1_0_] : [BIGINT]) - [6]
2023-03-05 15:34:33.090 DEBUG 24036 --- [    Test worker] org.hibernate.SQL                        : 
    insert 
    into
        post
        (id, created_time, last_modified_time, content, member_id, title) 
    values
        (default, ?, ?, ?, ?, ?)
2023-03-05 15:34:33.090 TRACE 24036 --- [    Test worker] o.h.type.descriptor.sql.BasicBinder      : binding parameter [1] as [TIMESTAMP] - [2023-03-05T15:34:33.090541]
2023-03-05 15:34:33.090 TRACE 24036 --- [    Test worker] o.h.type.descriptor.sql.BasicBinder      : binding parameter [2] as [TIMESTAMP] - [2023-03-05T15:34:33.090465]
2023-03-05 15:34:33.090 TRACE 24036 --- [    Test worker] o.h.type.descriptor.sql.BasicBinder      : binding parameter [3] as [VARCHAR] - [내용57]
2023-03-05 15:34:33.090 TRACE 24036 --- [    Test worker] o.h.type.descriptor.sql.BasicBinder      : binding parameter [4] as [BIGINT] - [6]
2023-03-05 15:34:33.090 TRACE 24036 --- [    Test worker] o.h.type.descriptor.sql.BasicBinder      : binding parameter [5] as [VARCHAR] - [제목57]
2023-03-05 15:34:33.091 DEBUG 24036 --- [    Test worker] org.hibernate.SQL                        : 
    select
        member0_.id as id1_0_,
        member0_.created_time as created_2_0_,
        member0_.last_modified_time as last_mod3_0_,
        member0_.member_email as member_e4_0_,
        member0_.member_nickname as member_n5_0_,
        member0_.member_password as member_p6_0_,
        member0_.member_role as member_r7_0_,
        member0_.member_username as member_u8_0_ 
    from
        member member0_ 
    where
        member0_.member_username=?
2023-03-05 15:34:33.091 TRACE 24036 --- [    Test worker] o.h.type.descriptor.sql.BasicBinder      : binding parameter [1] as [VARCHAR] - [test6]
2023-03-05 15:34:33.091 TRACE 24036 --- [    Test worker] o.h.type.descriptor.sql.BasicExtractor   : extracted value ([id1_0_] : [BIGINT]) - [6]
2023-03-05 15:34:33.091 DEBUG 24036 --- [    Test worker] org.hibernate.SQL                        : 
    insert 
    into
        post
        (id, created_time, last_modified_time, content, member_id, title) 
    values
        (default, ?, ?, ?, ?, ?)
2023-03-05 15:34:33.092 TRACE 24036 --- [    Test worker] o.h.type.descriptor.sql.BasicBinder      : binding parameter [1] as [TIMESTAMP] - [2023-03-05T15:34:33.091785]
2023-03-05 15:34:33.092 TRACE 24036 --- [    Test worker] o.h.type.descriptor.sql.BasicBinder      : binding parameter [2] as [TIMESTAMP] - [2023-03-05T15:34:33.091716]
2023-03-05 15:34:33.092 TRACE 24036 --- [    Test worker] o.h.type.descriptor.sql.BasicBinder      : binding parameter [3] as [VARCHAR] - [내용58]
2023-03-05 15:34:33.092 TRACE 24036 --- [    Test worker] o.h.type.descriptor.sql.BasicBinder      : binding parameter [4] as [BIGINT] - [6]
2023-03-05 15:34:33.092 TRACE 24036 --- [    Test worker] o.h.type.descriptor.sql.BasicBinder      : binding parameter [5] as [VARCHAR] - [제목58]
2023-03-05 15:34:33.092 DEBUG 24036 --- [    Test worker] org.hibernate.SQL                        : 
    select
        member0_.id as id1_0_,
        member0_.created_time as created_2_0_,
        member0_.last_modified_time as last_mod3_0_,
        member0_.member_email as member_e4_0_,
        member0_.member_nickname as member_n5_0_,
        member0_.member_password as member_p6_0_,
        member0_.member_role as member_r7_0_,
        member0_.member_username as member_u8_0_ 
    from
        member member0_ 
    where
        member0_.member_username=?
2023-03-05 15:34:33.092 TRACE 24036 --- [    Test worker] o.h.type.descriptor.sql.BasicBinder      : binding parameter [1] as [VARCHAR] - [test6]
2023-03-05 15:34:33.092 TRACE 24036 --- [    Test worker] o.h.type.descriptor.sql.BasicExtractor   : extracted value ([id1_0_] : [BIGINT]) - [6]
2023-03-05 15:34:33.093 DEBUG 24036 --- [    Test worker] org.hibernate.SQL                        : 
    insert 
    into
        post
        (id, created_time, last_modified_time, content, member_id, title) 
    values
        (default, ?, ?, ?, ?, ?)
2023-03-05 15:34:33.093 TRACE 24036 --- [    Test worker] o.h.type.descriptor.sql.BasicBinder      : binding parameter [1] as [TIMESTAMP] - [2023-03-05T15:34:33.093055]
2023-03-05 15:34:33.093 TRACE 24036 --- [    Test worker] o.h.type.descriptor.sql.BasicBinder      : binding parameter [2] as [TIMESTAMP] - [2023-03-05T15:34:33.092980]
2023-03-05 15:34:33.093 TRACE 24036 --- [    Test worker] o.h.type.descriptor.sql.BasicBinder      : binding parameter [3] as [VARCHAR] - [내용59]
2023-03-05 15:34:33.093 TRACE 24036 --- [    Test worker] o.h.type.descriptor.sql.BasicBinder      : binding parameter [4] as [BIGINT] - [6]
2023-03-05 15:34:33.093 TRACE 24036 --- [    Test worker] o.h.type.descriptor.sql.BasicBinder      : binding parameter [5] as [VARCHAR] - [제목59]
2023-03-05 15:34:33.093 DEBUG 24036 --- [    Test worker] org.hibernate.SQL                        : 
    select
        member0_.id as id1_0_,
        member0_.created_time as created_2_0_,
        member0_.last_modified_time as last_mod3_0_,
        member0_.member_email as member_e4_0_,
        member0_.member_nickname as member_n5_0_,
        member0_.member_password as member_p6_0_,
        member0_.member_role as member_r7_0_,
        member0_.member_username as member_u8_0_ 
    from
        member member0_ 
    where
        member0_.member_username=?
2023-03-05 15:34:33.094 TRACE 24036 --- [    Test worker] o.h.type.descriptor.sql.BasicBinder      : binding parameter [1] as [VARCHAR] - [test6]
2023-03-05 15:34:33.094 TRACE 24036 --- [    Test worker] o.h.type.descriptor.sql.BasicExtractor   : extracted value ([id1_0_] : [BIGINT]) - [6]
2023-03-05 15:34:33.094 DEBUG 24036 --- [    Test worker] org.hibernate.SQL                        : 
    insert 
    into
        post
        (id, created_time, last_modified_time, content, member_id, title) 
    values
        (default, ?, ?, ?, ?, ?)
2023-03-05 15:34:33.094 TRACE 24036 --- [    Test worker] o.h.type.descriptor.sql.BasicBinder      : binding parameter [1] as [TIMESTAMP] - [2023-03-05T15:34:33.094524]
2023-03-05 15:34:33.094 TRACE 24036 --- [    Test worker] o.h.type.descriptor.sql.BasicBinder      : binding parameter [2] as [TIMESTAMP] - [2023-03-05T15:34:33.094425]
2023-03-05 15:34:33.094 TRACE 24036 --- [    Test worker] o.h.type.descriptor.sql.BasicBinder      : binding parameter [3] as [VARCHAR] - [내용60]
2023-03-05 15:34:33.094 TRACE 24036 --- [    Test worker] o.h.type.descriptor.sql.BasicBinder      : binding parameter [4] as [BIGINT] - [6]
2023-03-05 15:34:33.094 TRACE 24036 --- [    Test worker] o.h.type.descriptor.sql.BasicBinder      : binding parameter [5] as [VARCHAR] - [제목60]
2023-03-05 15:34:33.095 DEBUG 24036 --- [    Test worker] org.hibernate.SQL                        : 
    select
        member0_.id as id1_0_,
        member0_.created_time as created_2_0_,
        member0_.last_modified_time as last_mod3_0_,
        member0_.member_email as member_e4_0_,
        member0_.member_nickname as member_n5_0_,
        member0_.member_password as member_p6_0_,
        member0_.member_role as member_r7_0_,
        member0_.member_username as member_u8_0_ 
    from
        member member0_ 
    where
        member0_.member_username=?
2023-03-05 15:34:33.095 TRACE 24036 --- [    Test worker] o.h.type.descriptor.sql.BasicBinder      : binding parameter [1] as [VARCHAR] - [test7]
2023-03-05 15:34:33.096 TRACE 24036 --- [    Test worker] o.h.type.descriptor.sql.BasicExtractor   : extracted value ([id1_0_] : [BIGINT]) - [7]
2023-03-05 15:34:33.096 DEBUG 24036 --- [    Test worker] org.hibernate.SQL                        : 
    insert 
    into
        post
        (id, created_time, last_modified_time, content, member_id, title) 
    values
        (default, ?, ?, ?, ?, ?)
2023-03-05 15:34:33.096 TRACE 24036 --- [    Test worker] o.h.type.descriptor.sql.BasicBinder      : binding parameter [1] as [TIMESTAMP] - [2023-03-05T15:34:33.096257]
2023-03-05 15:34:33.096 TRACE 24036 --- [    Test worker] o.h.type.descriptor.sql.BasicBinder      : binding parameter [2] as [TIMESTAMP] - [2023-03-05T15:34:33.096152]
2023-03-05 15:34:33.096 TRACE 24036 --- [    Test worker] o.h.type.descriptor.sql.BasicBinder      : binding parameter [3] as [VARCHAR] - [내용61]
2023-03-05 15:34:33.096 TRACE 24036 --- [    Test worker] o.h.type.descriptor.sql.BasicBinder      : binding parameter [4] as [BIGINT] - [7]
2023-03-05 15:34:33.096 TRACE 24036 --- [    Test worker] o.h.type.descriptor.sql.BasicBinder      : binding parameter [5] as [VARCHAR] - [제목61]
2023-03-05 15:34:33.097 DEBUG 24036 --- [    Test worker] org.hibernate.SQL                        : 
    select
        member0_.id as id1_0_,
        member0_.created_time as created_2_0_,
        member0_.last_modified_time as last_mod3_0_,
        member0_.member_email as member_e4_0_,
        member0_.member_nickname as member_n5_0_,
        member0_.member_password as member_p6_0_,
        member0_.member_role as member_r7_0_,
        member0_.member_username as member_u8_0_ 
    from
        member member0_ 
    where
        member0_.member_username=?
2023-03-05 15:34:33.097 TRACE 24036 --- [    Test worker] o.h.type.descriptor.sql.BasicBinder      : binding parameter [1] as [VARCHAR] - [test7]
2023-03-05 15:34:33.097 TRACE 24036 --- [    Test worker] o.h.type.descriptor.sql.BasicExtractor   : extracted value ([id1_0_] : [BIGINT]) - [7]
2023-03-05 15:34:33.098 DEBUG 24036 --- [    Test worker] org.hibernate.SQL                        : 
    insert 
    into
        post
        (id, created_time, last_modified_time, content, member_id, title) 
    values
        (default, ?, ?, ?, ?, ?)
2023-03-05 15:34:33.098 TRACE 24036 --- [    Test worker] o.h.type.descriptor.sql.BasicBinder      : binding parameter [1] as [TIMESTAMP] - [2023-03-05T15:34:33.097885]
2023-03-05 15:34:33.098 TRACE 24036 --- [    Test worker] o.h.type.descriptor.sql.BasicBinder      : binding parameter [2] as [TIMESTAMP] - [2023-03-05T15:34:33.097778]
2023-03-05 15:34:33.098 TRACE 24036 --- [    Test worker] o.h.type.descriptor.sql.BasicBinder      : binding parameter [3] as [VARCHAR] - [내용62]
2023-03-05 15:34:33.098 TRACE 24036 --- [    Test worker] o.h.type.descriptor.sql.BasicBinder      : binding parameter [4] as [BIGINT] - [7]
2023-03-05 15:34:33.098 TRACE 24036 --- [    Test worker] o.h.type.descriptor.sql.BasicBinder      : binding parameter [5] as [VARCHAR] - [제목62]
2023-03-05 15:34:33.098 DEBUG 24036 --- [    Test worker] org.hibernate.SQL                        : 
    select
        member0_.id as id1_0_,
        member0_.created_time as created_2_0_,
        member0_.last_modified_time as last_mod3_0_,
        member0_.member_email as member_e4_0_,
        member0_.member_nickname as member_n5_0_,
        member0_.member_password as member_p6_0_,
        member0_.member_role as member_r7_0_,
        member0_.member_username as member_u8_0_ 
    from
        member member0_ 
    where
        member0_.member_username=?
2023-03-05 15:34:33.098 TRACE 24036 --- [    Test worker] o.h.type.descriptor.sql.BasicBinder      : binding parameter [1] as [VARCHAR] - [test7]
2023-03-05 15:34:33.099 TRACE 24036 --- [    Test worker] o.h.type.descriptor.sql.BasicExtractor   : extracted value ([id1_0_] : [BIGINT]) - [7]
2023-03-05 15:34:33.099 DEBUG 24036 --- [    Test worker] org.hibernate.SQL                        : 
    insert 
    into
        post
        (id, created_time, last_modified_time, content, member_id, title) 
    values
        (default, ?, ?, ?, ?, ?)
2023-03-05 15:34:33.099 TRACE 24036 --- [    Test worker] o.h.type.descriptor.sql.BasicBinder      : binding parameter [1] as [TIMESTAMP] - [2023-03-05T15:34:33.099290]
2023-03-05 15:34:33.099 TRACE 24036 --- [    Test worker] o.h.type.descriptor.sql.BasicBinder      : binding parameter [2] as [TIMESTAMP] - [2023-03-05T15:34:33.099197]
2023-03-05 15:34:33.099 TRACE 24036 --- [    Test worker] o.h.type.descriptor.sql.BasicBinder      : binding parameter [3] as [VARCHAR] - [내용63]
2023-03-05 15:34:33.099 TRACE 24036 --- [    Test worker] o.h.type.descriptor.sql.BasicBinder      : binding parameter [4] as [BIGINT] - [7]
2023-03-05 15:34:33.099 TRACE 24036 --- [    Test worker] o.h.type.descriptor.sql.BasicBinder      : binding parameter [5] as [VARCHAR] - [제목63]
2023-03-05 15:34:33.100 DEBUG 24036 --- [    Test worker] org.hibernate.SQL                        : 
    select
        member0_.id as id1_0_,
        member0_.created_time as created_2_0_,
        member0_.last_modified_time as last_mod3_0_,
        member0_.member_email as member_e4_0_,
        member0_.member_nickname as member_n5_0_,
        member0_.member_password as member_p6_0_,
        member0_.member_role as member_r7_0_,
        member0_.member_username as member_u8_0_ 
    from
        member member0_ 
    where
        member0_.member_username=?
2023-03-05 15:34:33.100 TRACE 24036 --- [    Test worker] o.h.type.descriptor.sql.BasicBinder      : binding parameter [1] as [VARCHAR] - [test7]
2023-03-05 15:34:33.100 TRACE 24036 --- [    Test worker] o.h.type.descriptor.sql.BasicExtractor   : extracted value ([id1_0_] : [BIGINT]) - [7]
2023-03-05 15:34:33.100 DEBUG 24036 --- [    Test worker] org.hibernate.SQL                        : 
    insert 
    into
        post
        (id, created_time, last_modified_time, content, member_id, title) 
    values
        (default, ?, ?, ?, ?, ?)
2023-03-05 15:34:33.100 TRACE 24036 --- [    Test worker] o.h.type.descriptor.sql.BasicBinder      : binding parameter [1] as [TIMESTAMP] - [2023-03-05T15:34:33.100534]
2023-03-05 15:34:33.100 TRACE 24036 --- [    Test worker] o.h.type.descriptor.sql.BasicBinder      : binding parameter [2] as [TIMESTAMP] - [2023-03-05T15:34:33.100461]
2023-03-05 15:34:33.100 TRACE 24036 --- [    Test worker] o.h.type.descriptor.sql.BasicBinder      : binding parameter [3] as [VARCHAR] - [내용64]
2023-03-05 15:34:33.100 TRACE 24036 --- [    Test worker] o.h.type.descriptor.sql.BasicBinder      : binding parameter [4] as [BIGINT] - [7]
2023-03-05 15:34:33.100 TRACE 24036 --- [    Test worker] o.h.type.descriptor.sql.BasicBinder      : binding parameter [5] as [VARCHAR] - [제목64]
2023-03-05 15:34:33.101 DEBUG 24036 --- [    Test worker] org.hibernate.SQL                        : 
    select
        member0_.id as id1_0_,
        member0_.created_time as created_2_0_,
        member0_.last_modified_time as last_mod3_0_,
        member0_.member_email as member_e4_0_,
        member0_.member_nickname as member_n5_0_,
        member0_.member_password as member_p6_0_,
        member0_.member_role as member_r7_0_,
        member0_.member_username as member_u8_0_ 
    from
        member member0_ 
    where
        member0_.member_username=?
2023-03-05 15:34:33.101 TRACE 24036 --- [    Test worker] o.h.type.descriptor.sql.BasicBinder      : binding parameter [1] as [VARCHAR] - [test7]
2023-03-05 15:34:33.101 TRACE 24036 --- [    Test worker] o.h.type.descriptor.sql.BasicExtractor   : extracted value ([id1_0_] : [BIGINT]) - [7]
2023-03-05 15:34:33.101 DEBUG 24036 --- [    Test worker] org.hibernate.SQL                        : 
    insert 
    into
        post
        (id, created_time, last_modified_time, content, member_id, title) 
    values
        (default, ?, ?, ?, ?, ?)
2023-03-05 15:34:33.102 TRACE 24036 --- [    Test worker] o.h.type.descriptor.sql.BasicBinder      : binding parameter [1] as [TIMESTAMP] - [2023-03-05T15:34:33.101813]
2023-03-05 15:34:33.102 TRACE 24036 --- [    Test worker] o.h.type.descriptor.sql.BasicBinder      : binding parameter [2] as [TIMESTAMP] - [2023-03-05T15:34:33.101742]
2023-03-05 15:34:33.102 TRACE 24036 --- [    Test worker] o.h.type.descriptor.sql.BasicBinder      : binding parameter [3] as [VARCHAR] - [내용65]
2023-03-05 15:34:33.102 TRACE 24036 --- [    Test worker] o.h.type.descriptor.sql.BasicBinder      : binding parameter [4] as [BIGINT] - [7]
2023-03-05 15:34:33.102 TRACE 24036 --- [    Test worker] o.h.type.descriptor.sql.BasicBinder      : binding parameter [5] as [VARCHAR] - [제목65]
2023-03-05 15:34:33.102 DEBUG 24036 --- [    Test worker] org.hibernate.SQL                        : 
    select
        member0_.id as id1_0_,
        member0_.created_time as created_2_0_,
        member0_.last_modified_time as last_mod3_0_,
        member0_.member_email as member_e4_0_,
        member0_.member_nickname as member_n5_0_,
        member0_.member_password as member_p6_0_,
        member0_.member_role as member_r7_0_,
        member0_.member_username as member_u8_0_ 
    from
        member member0_ 
    where
        member0_.member_username=?
2023-03-05 15:34:33.102 TRACE 24036 --- [    Test worker] o.h.type.descriptor.sql.BasicBinder      : binding parameter [1] as [VARCHAR] - [test7]
2023-03-05 15:34:33.102 TRACE 24036 --- [    Test worker] o.h.type.descriptor.sql.BasicExtractor   : extracted value ([id1_0_] : [BIGINT]) - [7]
2023-03-05 15:34:33.103 DEBUG 24036 --- [    Test worker] org.hibernate.SQL                        : 
    insert 
    into
        post
        (id, created_time, last_modified_time, content, member_id, title) 
    values
        (default, ?, ?, ?, ?, ?)
2023-03-05 15:34:33.103 TRACE 24036 --- [    Test worker] o.h.type.descriptor.sql.BasicBinder      : binding parameter [1] as [TIMESTAMP] - [2023-03-05T15:34:33.103112]
2023-03-05 15:34:33.103 TRACE 24036 --- [    Test worker] o.h.type.descriptor.sql.BasicBinder      : binding parameter [2] as [TIMESTAMP] - [2023-03-05T15:34:33.103045]
2023-03-05 15:34:33.103 TRACE 24036 --- [    Test worker] o.h.type.descriptor.sql.BasicBinder      : binding parameter [3] as [VARCHAR] - [내용66]
2023-03-05 15:34:33.103 TRACE 24036 --- [    Test worker] o.h.type.descriptor.sql.BasicBinder      : binding parameter [4] as [BIGINT] - [7]
2023-03-05 15:34:33.103 TRACE 24036 --- [    Test worker] o.h.type.descriptor.sql.BasicBinder      : binding parameter [5] as [VARCHAR] - [제목66]
2023-03-05 15:34:33.103 DEBUG 24036 --- [    Test worker] org.hibernate.SQL                        : 
    select
        member0_.id as id1_0_,
        member0_.created_time as created_2_0_,
        member0_.last_modified_time as last_mod3_0_,
        member0_.member_email as member_e4_0_,
        member0_.member_nickname as member_n5_0_,
        member0_.member_password as member_p6_0_,
        member0_.member_role as member_r7_0_,
        member0_.member_username as member_u8_0_ 
    from
        member member0_ 
    where
        member0_.member_username=?
2023-03-05 15:34:33.103 TRACE 24036 --- [    Test worker] o.h.type.descriptor.sql.BasicBinder      : binding parameter [1] as [VARCHAR] - [test7]
2023-03-05 15:34:33.104 TRACE 24036 --- [    Test worker] o.h.type.descriptor.sql.BasicExtractor   : extracted value ([id1_0_] : [BIGINT]) - [7]
2023-03-05 15:34:33.104 DEBUG 24036 --- [    Test worker] org.hibernate.SQL                        : 
    insert 
    into
        post
        (id, created_time, last_modified_time, content, member_id, title) 
    values
        (default, ?, ?, ?, ?, ?)
2023-03-05 15:34:33.104 TRACE 24036 --- [    Test worker] o.h.type.descriptor.sql.BasicBinder      : binding parameter [1] as [TIMESTAMP] - [2023-03-05T15:34:33.104224]
2023-03-05 15:34:33.104 TRACE 24036 --- [    Test worker] o.h.type.descriptor.sql.BasicBinder      : binding parameter [2] as [TIMESTAMP] - [2023-03-05T15:34:33.104165]
2023-03-05 15:34:33.104 TRACE 24036 --- [    Test worker] o.h.type.descriptor.sql.BasicBinder      : binding parameter [3] as [VARCHAR] - [내용67]
2023-03-05 15:34:33.104 TRACE 24036 --- [    Test worker] o.h.type.descriptor.sql.BasicBinder      : binding parameter [4] as [BIGINT] - [7]
2023-03-05 15:34:33.104 TRACE 24036 --- [    Test worker] o.h.type.descriptor.sql.BasicBinder      : binding parameter [5] as [VARCHAR] - [제목67]
2023-03-05 15:34:33.104 DEBUG 24036 --- [    Test worker] org.hibernate.SQL                        : 
    select
        member0_.id as id1_0_,
        member0_.created_time as created_2_0_,
        member0_.last_modified_time as last_mod3_0_,
        member0_.member_email as member_e4_0_,
        member0_.member_nickname as member_n5_0_,
        member0_.member_password as member_p6_0_,
        member0_.member_role as member_r7_0_,
        member0_.member_username as member_u8_0_ 
    from
        member member0_ 
    where
        member0_.member_username=?
2023-03-05 15:34:33.105 TRACE 24036 --- [    Test worker] o.h.type.descriptor.sql.BasicBinder      : binding parameter [1] as [VARCHAR] - [test7]
2023-03-05 15:34:33.105 TRACE 24036 --- [    Test worker] o.h.type.descriptor.sql.BasicExtractor   : extracted value ([id1_0_] : [BIGINT]) - [7]
2023-03-05 15:34:33.106 DEBUG 24036 --- [    Test worker] org.hibernate.SQL                        : 
    insert 
    into
        post
        (id, created_time, last_modified_time, content, member_id, title) 
    values
        (default, ?, ?, ?, ?, ?)
2023-03-05 15:34:33.106 TRACE 24036 --- [    Test worker] o.h.type.descriptor.sql.BasicBinder      : binding parameter [1] as [TIMESTAMP] - [2023-03-05T15:34:33.106261]
2023-03-05 15:34:33.106 TRACE 24036 --- [    Test worker] o.h.type.descriptor.sql.BasicBinder      : binding parameter [2] as [TIMESTAMP] - [2023-03-05T15:34:33.105391]
2023-03-05 15:34:33.106 TRACE 24036 --- [    Test worker] o.h.type.descriptor.sql.BasicBinder      : binding parameter [3] as [VARCHAR] - [내용68]
2023-03-05 15:34:33.106 TRACE 24036 --- [    Test worker] o.h.type.descriptor.sql.BasicBinder      : binding parameter [4] as [BIGINT] - [7]
2023-03-05 15:34:33.106 TRACE 24036 --- [    Test worker] o.h.type.descriptor.sql.BasicBinder      : binding parameter [5] as [VARCHAR] - [제목68]
2023-03-05 15:34:33.107 DEBUG 24036 --- [    Test worker] org.hibernate.SQL                        : 
    select
        member0_.id as id1_0_,
        member0_.created_time as created_2_0_,
        member0_.last_modified_time as last_mod3_0_,
        member0_.member_email as member_e4_0_,
        member0_.member_nickname as member_n5_0_,
        member0_.member_password as member_p6_0_,
        member0_.member_role as member_r7_0_,
        member0_.member_username as member_u8_0_ 
    from
        member member0_ 
    where
        member0_.member_username=?
2023-03-05 15:34:33.107 TRACE 24036 --- [    Test worker] o.h.type.descriptor.sql.BasicBinder      : binding parameter [1] as [VARCHAR] - [test7]
2023-03-05 15:34:33.107 TRACE 24036 --- [    Test worker] o.h.type.descriptor.sql.BasicExtractor   : extracted value ([id1_0_] : [BIGINT]) - [7]
2023-03-05 15:34:33.107 DEBUG 24036 --- [    Test worker] org.hibernate.SQL                        : 
    insert 
    into
        post
        (id, created_time, last_modified_time, content, member_id, title) 
    values
        (default, ?, ?, ?, ?, ?)
2023-03-05 15:34:33.107 TRACE 24036 --- [    Test worker] o.h.type.descriptor.sql.BasicBinder      : binding parameter [1] as [TIMESTAMP] - [2023-03-05T15:34:33.107503]
2023-03-05 15:34:33.107 TRACE 24036 --- [    Test worker] o.h.type.descriptor.sql.BasicBinder      : binding parameter [2] as [TIMESTAMP] - [2023-03-05T15:34:33.107439]
2023-03-05 15:34:33.107 TRACE 24036 --- [    Test worker] o.h.type.descriptor.sql.BasicBinder      : binding parameter [3] as [VARCHAR] - [내용69]
2023-03-05 15:34:33.107 TRACE 24036 --- [    Test worker] o.h.type.descriptor.sql.BasicBinder      : binding parameter [4] as [BIGINT] - [7]
2023-03-05 15:34:33.107 TRACE 24036 --- [    Test worker] o.h.type.descriptor.sql.BasicBinder      : binding parameter [5] as [VARCHAR] - [제목69]
2023-03-05 15:34:33.108 DEBUG 24036 --- [    Test worker] org.hibernate.SQL                        : 
    select
        member0_.id as id1_0_,
        member0_.created_time as created_2_0_,
        member0_.last_modified_time as last_mod3_0_,
        member0_.member_email as member_e4_0_,
        member0_.member_nickname as member_n5_0_,
        member0_.member_password as member_p6_0_,
        member0_.member_role as member_r7_0_,
        member0_.member_username as member_u8_0_ 
    from
        member member0_ 
    where
        member0_.member_username=?
2023-03-05 15:34:33.108 TRACE 24036 --- [    Test worker] o.h.type.descriptor.sql.BasicBinder      : binding parameter [1] as [VARCHAR] - [test7]
2023-03-05 15:34:33.108 TRACE 24036 --- [    Test worker] o.h.type.descriptor.sql.BasicExtractor   : extracted value ([id1_0_] : [BIGINT]) - [7]
2023-03-05 15:34:33.108 DEBUG 24036 --- [    Test worker] org.hibernate.SQL                        : 
    insert 
    into
        post
        (id, created_time, last_modified_time, content, member_id, title) 
    values
        (default, ?, ?, ?, ?, ?)
2023-03-05 15:34:33.108 TRACE 24036 --- [    Test worker] o.h.type.descriptor.sql.BasicBinder      : binding parameter [1] as [TIMESTAMP] - [2023-03-05T15:34:33.108722]
2023-03-05 15:34:33.108 TRACE 24036 --- [    Test worker] o.h.type.descriptor.sql.BasicBinder      : binding parameter [2] as [TIMESTAMP] - [2023-03-05T15:34:33.108657]
2023-03-05 15:34:33.108 TRACE 24036 --- [    Test worker] o.h.type.descriptor.sql.BasicBinder      : binding parameter [3] as [VARCHAR] - [내용70]
2023-03-05 15:34:33.109 TRACE 24036 --- [    Test worker] o.h.type.descriptor.sql.BasicBinder      : binding parameter [4] as [BIGINT] - [7]
2023-03-05 15:34:33.109 TRACE 24036 --- [    Test worker] o.h.type.descriptor.sql.BasicBinder      : binding parameter [5] as [VARCHAR] - [제목70]
2023-03-05 15:34:33.109 DEBUG 24036 --- [    Test worker] org.hibernate.SQL                        : 
    select
        member0_.id as id1_0_,
        member0_.created_time as created_2_0_,
        member0_.last_modified_time as last_mod3_0_,
        member0_.member_email as member_e4_0_,
        member0_.member_nickname as member_n5_0_,
        member0_.member_password as member_p6_0_,
        member0_.member_role as member_r7_0_,
        member0_.member_username as member_u8_0_ 
    from
        member member0_ 
    where
        member0_.member_username=?
2023-03-05 15:34:33.109 TRACE 24036 --- [    Test worker] o.h.type.descriptor.sql.BasicBinder      : binding parameter [1] as [VARCHAR] - [test8]
2023-03-05 15:34:33.109 TRACE 24036 --- [    Test worker] o.h.type.descriptor.sql.BasicExtractor   : extracted value ([id1_0_] : [BIGINT]) - [8]
2023-03-05 15:34:33.109 DEBUG 24036 --- [    Test worker] org.hibernate.SQL                        : 
    insert 
    into
        post
        (id, created_time, last_modified_time, content, member_id, title) 
    values
        (default, ?, ?, ?, ?, ?)
2023-03-05 15:34:33.110 TRACE 24036 --- [    Test worker] o.h.type.descriptor.sql.BasicBinder      : binding parameter [1] as [TIMESTAMP] - [2023-03-05T15:34:33.109867]
2023-03-05 15:34:33.110 TRACE 24036 --- [    Test worker] o.h.type.descriptor.sql.BasicBinder      : binding parameter [2] as [TIMESTAMP] - [2023-03-05T15:34:33.109803]
2023-03-05 15:34:33.110 TRACE 24036 --- [    Test worker] o.h.type.descriptor.sql.BasicBinder      : binding parameter [3] as [VARCHAR] - [내용71]
2023-03-05 15:34:33.110 TRACE 24036 --- [    Test worker] o.h.type.descriptor.sql.BasicBinder      : binding parameter [4] as [BIGINT] - [8]
2023-03-05 15:34:33.110 TRACE 24036 --- [    Test worker] o.h.type.descriptor.sql.BasicBinder      : binding parameter [5] as [VARCHAR] - [제목71]
2023-03-05 15:34:33.110 DEBUG 24036 --- [    Test worker] org.hibernate.SQL                        : 
    select
        member0_.id as id1_0_,
        member0_.created_time as created_2_0_,
        member0_.last_modified_time as last_mod3_0_,
        member0_.member_email as member_e4_0_,
        member0_.member_nickname as member_n5_0_,
        member0_.member_password as member_p6_0_,
        member0_.member_role as member_r7_0_,
        member0_.member_username as member_u8_0_ 
    from
        member member0_ 
    where
        member0_.member_username=?
2023-03-05 15:34:33.110 TRACE 24036 --- [    Test worker] o.h.type.descriptor.sql.BasicBinder      : binding parameter [1] as [VARCHAR] - [test8]
2023-03-05 15:34:33.110 TRACE 24036 --- [    Test worker] o.h.type.descriptor.sql.BasicExtractor   : extracted value ([id1_0_] : [BIGINT]) - [8]
2023-03-05 15:34:33.110 DEBUG 24036 --- [    Test worker] org.hibernate.SQL                        : 
    insert 
    into
        post
        (id, created_time, last_modified_time, content, member_id, title) 
    values
        (default, ?, ?, ?, ?, ?)
2023-03-05 15:34:33.111 TRACE 24036 --- [    Test worker] o.h.type.descriptor.sql.BasicBinder      : binding parameter [1] as [TIMESTAMP] - [2023-03-05T15:34:33.110878]
2023-03-05 15:34:33.111 TRACE 24036 --- [    Test worker] o.h.type.descriptor.sql.BasicBinder      : binding parameter [2] as [TIMESTAMP] - [2023-03-05T15:34:33.110818]
2023-03-05 15:34:33.111 TRACE 24036 --- [    Test worker] o.h.type.descriptor.sql.BasicBinder      : binding parameter [3] as [VARCHAR] - [내용72]
2023-03-05 15:34:33.111 TRACE 24036 --- [    Test worker] o.h.type.descriptor.sql.BasicBinder      : binding parameter [4] as [BIGINT] - [8]
2023-03-05 15:34:33.111 TRACE 24036 --- [    Test worker] o.h.type.descriptor.sql.BasicBinder      : binding parameter [5] as [VARCHAR] - [제목72]
2023-03-05 15:34:33.111 DEBUG 24036 --- [    Test worker] org.hibernate.SQL                        : 
    select
        member0_.id as id1_0_,
        member0_.created_time as created_2_0_,
        member0_.last_modified_time as last_mod3_0_,
        member0_.member_email as member_e4_0_,
        member0_.member_nickname as member_n5_0_,
        member0_.member_password as member_p6_0_,
        member0_.member_role as member_r7_0_,
        member0_.member_username as member_u8_0_ 
    from
        member member0_ 
    where
        member0_.member_username=?
2023-03-05 15:34:33.111 TRACE 24036 --- [    Test worker] o.h.type.descriptor.sql.BasicBinder      : binding parameter [1] as [VARCHAR] - [test8]
2023-03-05 15:34:33.111 TRACE 24036 --- [    Test worker] o.h.type.descriptor.sql.BasicExtractor   : extracted value ([id1_0_] : [BIGINT]) - [8]
2023-03-05 15:34:33.111 DEBUG 24036 --- [    Test worker] org.hibernate.SQL                        : 
    insert 
    into
        post
        (id, created_time, last_modified_time, content, member_id, title) 
    values
        (default, ?, ?, ?, ?, ?)
2023-03-05 15:34:33.112 TRACE 24036 --- [    Test worker] o.h.type.descriptor.sql.BasicBinder      : binding parameter [1] as [TIMESTAMP] - [2023-03-05T15:34:33.111883]
2023-03-05 15:34:33.112 TRACE 24036 --- [    Test worker] o.h.type.descriptor.sql.BasicBinder      : binding parameter [2] as [TIMESTAMP] - [2023-03-05T15:34:33.111821]
2023-03-05 15:34:33.112 TRACE 24036 --- [    Test worker] o.h.type.descriptor.sql.BasicBinder      : binding parameter [3] as [VARCHAR] - [내용73]
2023-03-05 15:34:33.112 TRACE 24036 --- [    Test worker] o.h.type.descriptor.sql.BasicBinder      : binding parameter [4] as [BIGINT] - [8]
2023-03-05 15:34:33.112 TRACE 24036 --- [    Test worker] o.h.type.descriptor.sql.BasicBinder      : binding parameter [5] as [VARCHAR] - [제목73]
2023-03-05 15:34:33.112 DEBUG 24036 --- [    Test worker] org.hibernate.SQL                        : 
    select
        member0_.id as id1_0_,
        member0_.created_time as created_2_0_,
        member0_.last_modified_time as last_mod3_0_,
        member0_.member_email as member_e4_0_,
        member0_.member_nickname as member_n5_0_,
        member0_.member_password as member_p6_0_,
        member0_.member_role as member_r7_0_,
        member0_.member_username as member_u8_0_ 
    from
        member member0_ 
    where
        member0_.member_username=?
2023-03-05 15:34:33.112 TRACE 24036 --- [    Test worker] o.h.type.descriptor.sql.BasicBinder      : binding parameter [1] as [VARCHAR] - [test8]
2023-03-05 15:34:33.112 TRACE 24036 --- [    Test worker] o.h.type.descriptor.sql.BasicExtractor   : extracted value ([id1_0_] : [BIGINT]) - [8]
2023-03-05 15:34:33.113 DEBUG 24036 --- [    Test worker] org.hibernate.SQL                        : 
    insert 
    into
        post
        (id, created_time, last_modified_time, content, member_id, title) 
    values
        (default, ?, ?, ?, ?, ?)
2023-03-05 15:34:33.113 TRACE 24036 --- [    Test worker] o.h.type.descriptor.sql.BasicBinder      : binding parameter [1] as [TIMESTAMP] - [2023-03-05T15:34:33.113]
2023-03-05 15:34:33.113 TRACE 24036 --- [    Test worker] o.h.type.descriptor.sql.BasicBinder      : binding parameter [2] as [TIMESTAMP] - [2023-03-05T15:34:33.112942]
2023-03-05 15:34:33.113 TRACE 24036 --- [    Test worker] o.h.type.descriptor.sql.BasicBinder      : binding parameter [3] as [VARCHAR] - [내용74]
2023-03-05 15:34:33.113 TRACE 24036 --- [    Test worker] o.h.type.descriptor.sql.BasicBinder      : binding parameter [4] as [BIGINT] - [8]
2023-03-05 15:34:33.113 TRACE 24036 --- [    Test worker] o.h.type.descriptor.sql.BasicBinder      : binding parameter [5] as [VARCHAR] - [제목74]
2023-03-05 15:34:33.113 DEBUG 24036 --- [    Test worker] org.hibernate.SQL                        : 
    select
        member0_.id as id1_0_,
        member0_.created_time as created_2_0_,
        member0_.last_modified_time as last_mod3_0_,
        member0_.member_email as member_e4_0_,
        member0_.member_nickname as member_n5_0_,
        member0_.member_password as member_p6_0_,
        member0_.member_role as member_r7_0_,
        member0_.member_username as member_u8_0_ 
    from
        member member0_ 
    where
        member0_.member_username=?
2023-03-05 15:34:33.113 TRACE 24036 --- [    Test worker] o.h.type.descriptor.sql.BasicBinder      : binding parameter [1] as [VARCHAR] - [test8]
2023-03-05 15:34:33.113 TRACE 24036 --- [    Test worker] o.h.type.descriptor.sql.BasicExtractor   : extracted value ([id1_0_] : [BIGINT]) - [8]
2023-03-05 15:34:33.114 DEBUG 24036 --- [    Test worker] org.hibernate.SQL                        : 
    insert 
    into
        post
        (id, created_time, last_modified_time, content, member_id, title) 
    values
        (default, ?, ?, ?, ?, ?)
2023-03-05 15:34:33.114 TRACE 24036 --- [    Test worker] o.h.type.descriptor.sql.BasicBinder      : binding parameter [1] as [TIMESTAMP] - [2023-03-05T15:34:33.114043]
2023-03-05 15:34:33.114 TRACE 24036 --- [    Test worker] o.h.type.descriptor.sql.BasicBinder      : binding parameter [2] as [TIMESTAMP] - [2023-03-05T15:34:33.113985]
2023-03-05 15:34:33.114 TRACE 24036 --- [    Test worker] o.h.type.descriptor.sql.BasicBinder      : binding parameter [3] as [VARCHAR] - [내용75]
2023-03-05 15:34:33.114 TRACE 24036 --- [    Test worker] o.h.type.descriptor.sql.BasicBinder      : binding parameter [4] as [BIGINT] - [8]
2023-03-05 15:34:33.114 TRACE 24036 --- [    Test worker] o.h.type.descriptor.sql.BasicBinder      : binding parameter [5] as [VARCHAR] - [제목75]
2023-03-05 15:34:33.114 DEBUG 24036 --- [    Test worker] org.hibernate.SQL                        : 
    select
        member0_.id as id1_0_,
        member0_.created_time as created_2_0_,
        member0_.last_modified_time as last_mod3_0_,
        member0_.member_email as member_e4_0_,
        member0_.member_nickname as member_n5_0_,
        member0_.member_password as member_p6_0_,
        member0_.member_role as member_r7_0_,
        member0_.member_username as member_u8_0_ 
    from
        member member0_ 
    where
        member0_.member_username=?
2023-03-05 15:34:33.114 TRACE 24036 --- [    Test worker] o.h.type.descriptor.sql.BasicBinder      : binding parameter [1] as [VARCHAR] - [test8]
2023-03-05 15:34:33.114 TRACE 24036 --- [    Test worker] o.h.type.descriptor.sql.BasicExtractor   : extracted value ([id1_0_] : [BIGINT]) - [8]
2023-03-05 15:34:33.115 DEBUG 24036 --- [    Test worker] org.hibernate.SQL                        : 
    insert 
    into
        post
        (id, created_time, last_modified_time, content, member_id, title) 
    values
        (default, ?, ?, ?, ?, ?)
2023-03-05 15:34:33.115 TRACE 24036 --- [    Test worker] o.h.type.descriptor.sql.BasicBinder      : binding parameter [1] as [TIMESTAMP] - [2023-03-05T15:34:33.115088]
2023-03-05 15:34:33.115 TRACE 24036 --- [    Test worker] o.h.type.descriptor.sql.BasicBinder      : binding parameter [2] as [TIMESTAMP] - [2023-03-05T15:34:33.115029]
2023-03-05 15:34:33.115 TRACE 24036 --- [    Test worker] o.h.type.descriptor.sql.BasicBinder      : binding parameter [3] as [VARCHAR] - [내용76]
2023-03-05 15:34:33.115 TRACE 24036 --- [    Test worker] o.h.type.descriptor.sql.BasicBinder      : binding parameter [4] as [BIGINT] - [8]
2023-03-05 15:34:33.115 TRACE 24036 --- [    Test worker] o.h.type.descriptor.sql.BasicBinder      : binding parameter [5] as [VARCHAR] - [제목76]
2023-03-05 15:34:33.115 DEBUG 24036 --- [    Test worker] org.hibernate.SQL                        : 
    select
        member0_.id as id1_0_,
        member0_.created_time as created_2_0_,
        member0_.last_modified_time as last_mod3_0_,
        member0_.member_email as member_e4_0_,
        member0_.member_nickname as member_n5_0_,
        member0_.member_password as member_p6_0_,
        member0_.member_role as member_r7_0_,
        member0_.member_username as member_u8_0_ 
    from
        member member0_ 
    where
        member0_.member_username=?
2023-03-05 15:34:33.115 TRACE 24036 --- [    Test worker] o.h.type.descriptor.sql.BasicBinder      : binding parameter [1] as [VARCHAR] - [test8]
2023-03-05 15:34:33.116 TRACE 24036 --- [    Test worker] o.h.type.descriptor.sql.BasicExtractor   : extracted value ([id1_0_] : [BIGINT]) - [8]
2023-03-05 15:34:33.116 DEBUG 24036 --- [    Test worker] org.hibernate.SQL                        : 
    insert 
    into
        post
        (id, created_time, last_modified_time, content, member_id, title) 
    values
        (default, ?, ?, ?, ?, ?)
2023-03-05 15:34:33.116 TRACE 24036 --- [    Test worker] o.h.type.descriptor.sql.BasicBinder      : binding parameter [1] as [TIMESTAMP] - [2023-03-05T15:34:33.116194]
2023-03-05 15:34:33.116 TRACE 24036 --- [    Test worker] o.h.type.descriptor.sql.BasicBinder      : binding parameter [2] as [TIMESTAMP] - [2023-03-05T15:34:33.116124]
2023-03-05 15:34:33.116 TRACE 24036 --- [    Test worker] o.h.type.descriptor.sql.BasicBinder      : binding parameter [3] as [VARCHAR] - [내용77]
2023-03-05 15:34:33.116 TRACE 24036 --- [    Test worker] o.h.type.descriptor.sql.BasicBinder      : binding parameter [4] as [BIGINT] - [8]
2023-03-05 15:34:33.116 TRACE 24036 --- [    Test worker] o.h.type.descriptor.sql.BasicBinder      : binding parameter [5] as [VARCHAR] - [제목77]
2023-03-05 15:34:33.116 DEBUG 24036 --- [    Test worker] org.hibernate.SQL                        : 
    select
        member0_.id as id1_0_,
        member0_.created_time as created_2_0_,
        member0_.last_modified_time as last_mod3_0_,
        member0_.member_email as member_e4_0_,
        member0_.member_nickname as member_n5_0_,
        member0_.member_password as member_p6_0_,
        member0_.member_role as member_r7_0_,
        member0_.member_username as member_u8_0_ 
    from
        member member0_ 
    where
        member0_.member_username=?
2023-03-05 15:34:33.116 TRACE 24036 --- [    Test worker] o.h.type.descriptor.sql.BasicBinder      : binding parameter [1] as [VARCHAR] - [test8]
2023-03-05 15:34:33.117 TRACE 24036 --- [    Test worker] o.h.type.descriptor.sql.BasicExtractor   : extracted value ([id1_0_] : [BIGINT]) - [8]
2023-03-05 15:34:33.117 DEBUG 24036 --- [    Test worker] org.hibernate.SQL                        : 
    insert 
    into
        post
        (id, created_time, last_modified_time, content, member_id, title) 
    values
        (default, ?, ?, ?, ?, ?)
2023-03-05 15:34:33.117 TRACE 24036 --- [    Test worker] o.h.type.descriptor.sql.BasicBinder      : binding parameter [1] as [TIMESTAMP] - [2023-03-05T15:34:33.117308]
2023-03-05 15:34:33.117 TRACE 24036 --- [    Test worker] o.h.type.descriptor.sql.BasicBinder      : binding parameter [2] as [TIMESTAMP] - [2023-03-05T15:34:33.117249]
2023-03-05 15:34:33.117 TRACE 24036 --- [    Test worker] o.h.type.descriptor.sql.BasicBinder      : binding parameter [3] as [VARCHAR] - [내용78]
2023-03-05 15:34:33.117 TRACE 24036 --- [    Test worker] o.h.type.descriptor.sql.BasicBinder      : binding parameter [4] as [BIGINT] - [8]
2023-03-05 15:34:33.117 TRACE 24036 --- [    Test worker] o.h.type.descriptor.sql.BasicBinder      : binding parameter [5] as [VARCHAR] - [제목78]
2023-03-05 15:34:33.117 DEBUG 24036 --- [    Test worker] org.hibernate.SQL                        : 
    select
        member0_.id as id1_0_,
        member0_.created_time as created_2_0_,
        member0_.last_modified_time as last_mod3_0_,
        member0_.member_email as member_e4_0_,
        member0_.member_nickname as member_n5_0_,
        member0_.member_password as member_p6_0_,
        member0_.member_role as member_r7_0_,
        member0_.member_username as member_u8_0_ 
    from
        member member0_ 
    where
        member0_.member_username=?
2023-03-05 15:34:33.118 TRACE 24036 --- [    Test worker] o.h.type.descriptor.sql.BasicBinder      : binding parameter [1] as [VARCHAR] - [test8]
2023-03-05 15:34:33.118 TRACE 24036 --- [    Test worker] o.h.type.descriptor.sql.BasicExtractor   : extracted value ([id1_0_] : [BIGINT]) - [8]
2023-03-05 15:34:33.118 DEBUG 24036 --- [    Test worker] org.hibernate.SQL                        : 
    insert 
    into
        post
        (id, created_time, last_modified_time, content, member_id, title) 
    values
        (default, ?, ?, ?, ?, ?)
2023-03-05 15:34:33.118 TRACE 24036 --- [    Test worker] o.h.type.descriptor.sql.BasicBinder      : binding parameter [1] as [TIMESTAMP] - [2023-03-05T15:34:33.118352]
2023-03-05 15:34:33.118 TRACE 24036 --- [    Test worker] o.h.type.descriptor.sql.BasicBinder      : binding parameter [2] as [TIMESTAMP] - [2023-03-05T15:34:33.118291]
2023-03-05 15:34:33.118 TRACE 24036 --- [    Test worker] o.h.type.descriptor.sql.BasicBinder      : binding parameter [3] as [VARCHAR] - [내용79]
2023-03-05 15:34:33.118 TRACE 24036 --- [    Test worker] o.h.type.descriptor.sql.BasicBinder      : binding parameter [4] as [BIGINT] - [8]
2023-03-05 15:34:33.118 TRACE 24036 --- [    Test worker] o.h.type.descriptor.sql.BasicBinder      : binding parameter [5] as [VARCHAR] - [제목79]
2023-03-05 15:34:33.119 DEBUG 24036 --- [    Test worker] org.hibernate.SQL                        : 
    select
        member0_.id as id1_0_,
        member0_.created_time as created_2_0_,
        member0_.last_modified_time as last_mod3_0_,
        member0_.member_email as member_e4_0_,
        member0_.member_nickname as member_n5_0_,
        member0_.member_password as member_p6_0_,
        member0_.member_role as member_r7_0_,
        member0_.member_username as member_u8_0_ 
    from
        member member0_ 
    where
        member0_.member_username=?
2023-03-05 15:34:33.119 TRACE 24036 --- [    Test worker] o.h.type.descriptor.sql.BasicBinder      : binding parameter [1] as [VARCHAR] - [test8]
2023-03-05 15:34:33.119 TRACE 24036 --- [    Test worker] o.h.type.descriptor.sql.BasicExtractor   : extracted value ([id1_0_] : [BIGINT]) - [8]
2023-03-05 15:34:33.119 DEBUG 24036 --- [    Test worker] org.hibernate.SQL                        : 
    insert 
    into
        post
        (id, created_time, last_modified_time, content, member_id, title) 
    values
        (default, ?, ?, ?, ?, ?)
2023-03-05 15:34:33.119 TRACE 24036 --- [    Test worker] o.h.type.descriptor.sql.BasicBinder      : binding parameter [1] as [TIMESTAMP] - [2023-03-05T15:34:33.119430]
2023-03-05 15:34:33.119 TRACE 24036 --- [    Test worker] o.h.type.descriptor.sql.BasicBinder      : binding parameter [2] as [TIMESTAMP] - [2023-03-05T15:34:33.119373]
2023-03-05 15:34:33.119 TRACE 24036 --- [    Test worker] o.h.type.descriptor.sql.BasicBinder      : binding parameter [3] as [VARCHAR] - [내용80]
2023-03-05 15:34:33.119 TRACE 24036 --- [    Test worker] o.h.type.descriptor.sql.BasicBinder      : binding parameter [4] as [BIGINT] - [8]
2023-03-05 15:34:33.119 TRACE 24036 --- [    Test worker] o.h.type.descriptor.sql.BasicBinder      : binding parameter [5] as [VARCHAR] - [제목80]
2023-03-05 15:34:33.120 DEBUG 24036 --- [    Test worker] org.hibernate.SQL                        : 
    select
        member0_.id as id1_0_,
        member0_.created_time as created_2_0_,
        member0_.last_modified_time as last_mod3_0_,
        member0_.member_email as member_e4_0_,
        member0_.member_nickname as member_n5_0_,
        member0_.member_password as member_p6_0_,
        member0_.member_role as member_r7_0_,
        member0_.member_username as member_u8_0_ 
    from
        member member0_ 
    where
        member0_.member_username=?
2023-03-05 15:34:33.120 TRACE 24036 --- [    Test worker] o.h.type.descriptor.sql.BasicBinder      : binding parameter [1] as [VARCHAR] - [test9]
2023-03-05 15:34:33.120 TRACE 24036 --- [    Test worker] o.h.type.descriptor.sql.BasicExtractor   : extracted value ([id1_0_] : [BIGINT]) - [9]
2023-03-05 15:34:33.120 DEBUG 24036 --- [    Test worker] org.hibernate.SQL                        : 
    insert 
    into
        post
        (id, created_time, last_modified_time, content, member_id, title) 
    values
        (default, ?, ?, ?, ?, ?)
2023-03-05 15:34:33.120 TRACE 24036 --- [    Test worker] o.h.type.descriptor.sql.BasicBinder      : binding parameter [1] as [TIMESTAMP] - [2023-03-05T15:34:33.120636]
2023-03-05 15:34:33.120 TRACE 24036 --- [    Test worker] o.h.type.descriptor.sql.BasicBinder      : binding parameter [2] as [TIMESTAMP] - [2023-03-05T15:34:33.120570]
2023-03-05 15:34:33.120 TRACE 24036 --- [    Test worker] o.h.type.descriptor.sql.BasicBinder      : binding parameter [3] as [VARCHAR] - [내용81]
2023-03-05 15:34:33.120 TRACE 24036 --- [    Test worker] o.h.type.descriptor.sql.BasicBinder      : binding parameter [4] as [BIGINT] - [9]
2023-03-05 15:34:33.120 TRACE 24036 --- [    Test worker] o.h.type.descriptor.sql.BasicBinder      : binding parameter [5] as [VARCHAR] - [제목81]
2023-03-05 15:34:33.121 DEBUG 24036 --- [    Test worker] org.hibernate.SQL                        : 
    select
        member0_.id as id1_0_,
        member0_.created_time as created_2_0_,
        member0_.last_modified_time as last_mod3_0_,
        member0_.member_email as member_e4_0_,
        member0_.member_nickname as member_n5_0_,
        member0_.member_password as member_p6_0_,
        member0_.member_role as member_r7_0_,
        member0_.member_username as member_u8_0_ 
    from
        member member0_ 
    where
        member0_.member_username=?
2023-03-05 15:34:33.121 TRACE 24036 --- [    Test worker] o.h.type.descriptor.sql.BasicBinder      : binding parameter [1] as [VARCHAR] - [test9]
2023-03-05 15:34:33.121 TRACE 24036 --- [    Test worker] o.h.type.descriptor.sql.BasicExtractor   : extracted value ([id1_0_] : [BIGINT]) - [9]
2023-03-05 15:34:33.121 DEBUG 24036 --- [    Test worker] org.hibernate.SQL                        : 
    insert 
    into
        post
        (id, created_time, last_modified_time, content, member_id, title) 
    values
        (default, ?, ?, ?, ?, ?)
2023-03-05 15:34:33.121 TRACE 24036 --- [    Test worker] o.h.type.descriptor.sql.BasicBinder      : binding parameter [1] as [TIMESTAMP] - [2023-03-05T15:34:33.121773]
2023-03-05 15:34:33.122 TRACE 24036 --- [    Test worker] o.h.type.descriptor.sql.BasicBinder      : binding parameter [2] as [TIMESTAMP] - [2023-03-05T15:34:33.121711]
2023-03-05 15:34:33.122 TRACE 24036 --- [    Test worker] o.h.type.descriptor.sql.BasicBinder      : binding parameter [3] as [VARCHAR] - [내용82]
2023-03-05 15:34:33.122 TRACE 24036 --- [    Test worker] o.h.type.descriptor.sql.BasicBinder      : binding parameter [4] as [BIGINT] - [9]
2023-03-05 15:34:33.122 TRACE 24036 --- [    Test worker] o.h.type.descriptor.sql.BasicBinder      : binding parameter [5] as [VARCHAR] - [제목82]
2023-03-05 15:34:33.122 DEBUG 24036 --- [    Test worker] org.hibernate.SQL                        : 
    select
        member0_.id as id1_0_,
        member0_.created_time as created_2_0_,
        member0_.last_modified_time as last_mod3_0_,
        member0_.member_email as member_e4_0_,
        member0_.member_nickname as member_n5_0_,
        member0_.member_password as member_p6_0_,
        member0_.member_role as member_r7_0_,
        member0_.member_username as member_u8_0_ 
    from
        member member0_ 
    where
        member0_.member_username=?
2023-03-05 15:34:33.122 TRACE 24036 --- [    Test worker] o.h.type.descriptor.sql.BasicBinder      : binding parameter [1] as [VARCHAR] - [test9]
2023-03-05 15:34:33.122 TRACE 24036 --- [    Test worker] o.h.type.descriptor.sql.BasicExtractor   : extracted value ([id1_0_] : [BIGINT]) - [9]
2023-03-05 15:34:33.123 DEBUG 24036 --- [    Test worker] org.hibernate.SQL                        : 
    insert 
    into
        post
        (id, created_time, last_modified_time, content, member_id, title) 
    values
        (default, ?, ?, ?, ?, ?)
2023-03-05 15:34:33.123 TRACE 24036 --- [    Test worker] o.h.type.descriptor.sql.BasicBinder      : binding parameter [1] as [TIMESTAMP] - [2023-03-05T15:34:33.123079]
2023-03-05 15:34:33.123 TRACE 24036 --- [    Test worker] o.h.type.descriptor.sql.BasicBinder      : binding parameter [2] as [TIMESTAMP] - [2023-03-05T15:34:33.123018]
2023-03-05 15:34:33.123 TRACE 24036 --- [    Test worker] o.h.type.descriptor.sql.BasicBinder      : binding parameter [3] as [VARCHAR] - [내용83]
2023-03-05 15:34:33.123 TRACE 24036 --- [    Test worker] o.h.type.descriptor.sql.BasicBinder      : binding parameter [4] as [BIGINT] - [9]
2023-03-05 15:34:33.123 TRACE 24036 --- [    Test worker] o.h.type.descriptor.sql.BasicBinder      : binding parameter [5] as [VARCHAR] - [제목83]
2023-03-05 15:34:33.123 DEBUG 24036 --- [    Test worker] org.hibernate.SQL                        : 
    select
        member0_.id as id1_0_,
        member0_.created_time as created_2_0_,
        member0_.last_modified_time as last_mod3_0_,
        member0_.member_email as member_e4_0_,
        member0_.member_nickname as member_n5_0_,
        member0_.member_password as member_p6_0_,
        member0_.member_role as member_r7_0_,
        member0_.member_username as member_u8_0_ 
    from
        member member0_ 
    where
        member0_.member_username=?
2023-03-05 15:34:33.123 TRACE 24036 --- [    Test worker] o.h.type.descriptor.sql.BasicBinder      : binding parameter [1] as [VARCHAR] - [test9]
2023-03-05 15:34:33.124 TRACE 24036 --- [    Test worker] o.h.type.descriptor.sql.BasicExtractor   : extracted value ([id1_0_] : [BIGINT]) - [9]
2023-03-05 15:34:33.124 DEBUG 24036 --- [    Test worker] org.hibernate.SQL                        : 
    insert 
    into
        post
        (id, created_time, last_modified_time, content, member_id, title) 
    values
        (default, ?, ?, ?, ?, ?)
2023-03-05 15:34:33.124 TRACE 24036 --- [    Test worker] o.h.type.descriptor.sql.BasicBinder      : binding parameter [1] as [TIMESTAMP] - [2023-03-05T15:34:33.124239]
2023-03-05 15:34:33.124 TRACE 24036 --- [    Test worker] o.h.type.descriptor.sql.BasicBinder      : binding parameter [2] as [TIMESTAMP] - [2023-03-05T15:34:33.124176]
2023-03-05 15:34:33.124 TRACE 24036 --- [    Test worker] o.h.type.descriptor.sql.BasicBinder      : binding parameter [3] as [VARCHAR] - [내용84]
2023-03-05 15:34:33.124 TRACE 24036 --- [    Test worker] o.h.type.descriptor.sql.BasicBinder      : binding parameter [4] as [BIGINT] - [9]
2023-03-05 15:34:33.124 TRACE 24036 --- [    Test worker] o.h.type.descriptor.sql.BasicBinder      : binding parameter [5] as [VARCHAR] - [제목84]
2023-03-05 15:34:33.124 DEBUG 24036 --- [    Test worker] org.hibernate.SQL                        : 
    select
        member0_.id as id1_0_,
        member0_.created_time as created_2_0_,
        member0_.last_modified_time as last_mod3_0_,
        member0_.member_email as member_e4_0_,
        member0_.member_nickname as member_n5_0_,
        member0_.member_password as member_p6_0_,
        member0_.member_role as member_r7_0_,
        member0_.member_username as member_u8_0_ 
    from
        member member0_ 
    where
        member0_.member_username=?
2023-03-05 15:34:33.124 TRACE 24036 --- [    Test worker] o.h.type.descriptor.sql.BasicBinder      : binding parameter [1] as [VARCHAR] - [test9]
2023-03-05 15:34:33.125 TRACE 24036 --- [    Test worker] o.h.type.descriptor.sql.BasicExtractor   : extracted value ([id1_0_] : [BIGINT]) - [9]
2023-03-05 15:34:33.125 DEBUG 24036 --- [    Test worker] org.hibernate.SQL                        : 
    insert 
    into
        post
        (id, created_time, last_modified_time, content, member_id, title) 
    values
        (default, ?, ?, ?, ?, ?)
2023-03-05 15:34:33.127 TRACE 24036 --- [    Test worker] o.h.type.descriptor.sql.BasicBinder      : binding parameter [1] as [TIMESTAMP] - [2023-03-05T15:34:33.125298]
2023-03-05 15:34:33.127 TRACE 24036 --- [    Test worker] o.h.type.descriptor.sql.BasicBinder      : binding parameter [2] as [TIMESTAMP] - [2023-03-05T15:34:33.125233]
2023-03-05 15:34:33.127 TRACE 24036 --- [    Test worker] o.h.type.descriptor.sql.BasicBinder      : binding parameter [3] as [VARCHAR] - [내용85]
2023-03-05 15:34:33.127 TRACE 24036 --- [    Test worker] o.h.type.descriptor.sql.BasicBinder      : binding parameter [4] as [BIGINT] - [9]
2023-03-05 15:34:33.127 TRACE 24036 --- [    Test worker] o.h.type.descriptor.sql.BasicBinder      : binding parameter [5] as [VARCHAR] - [제목85]
2023-03-05 15:34:33.129 DEBUG 24036 --- [    Test worker] org.hibernate.SQL                        : 
    select
        member0_.id as id1_0_,
        member0_.created_time as created_2_0_,
        member0_.last_modified_time as last_mod3_0_,
        member0_.member_email as member_e4_0_,
        member0_.member_nickname as member_n5_0_,
        member0_.member_password as member_p6_0_,
        member0_.member_role as member_r7_0_,
        member0_.member_username as member_u8_0_ 
    from
        member member0_ 
    where
        member0_.member_username=?
2023-03-05 15:34:33.130 TRACE 24036 --- [    Test worker] o.h.type.descriptor.sql.BasicBinder      : binding parameter [1] as [VARCHAR] - [test9]
2023-03-05 15:34:33.131 TRACE 24036 --- [    Test worker] o.h.type.descriptor.sql.BasicExtractor   : extracted value ([id1_0_] : [BIGINT]) - [9]
2023-03-05 15:34:33.131 DEBUG 24036 --- [    Test worker] org.hibernate.SQL                        : 
    insert 
    into
        post
        (id, created_time, last_modified_time, content, member_id, title) 
    values
        (default, ?, ?, ?, ?, ?)
2023-03-05 15:34:33.131 TRACE 24036 --- [    Test worker] o.h.type.descriptor.sql.BasicBinder      : binding parameter [1] as [TIMESTAMP] - [2023-03-05T15:34:33.131504]
2023-03-05 15:34:33.131 TRACE 24036 --- [    Test worker] o.h.type.descriptor.sql.BasicBinder      : binding parameter [2] as [TIMESTAMP] - [2023-03-05T15:34:33.131343]
2023-03-05 15:34:33.131 TRACE 24036 --- [    Test worker] o.h.type.descriptor.sql.BasicBinder      : binding parameter [3] as [VARCHAR] - [내용86]
2023-03-05 15:34:33.132 TRACE 24036 --- [    Test worker] o.h.type.descriptor.sql.BasicBinder      : binding parameter [4] as [BIGINT] - [9]
2023-03-05 15:34:33.132 TRACE 24036 --- [    Test worker] o.h.type.descriptor.sql.BasicBinder      : binding parameter [5] as [VARCHAR] - [제목86]
2023-03-05 15:34:33.132 DEBUG 24036 --- [    Test worker] org.hibernate.SQL                        : 
    select
        member0_.id as id1_0_,
        member0_.created_time as created_2_0_,
        member0_.last_modified_time as last_mod3_0_,
        member0_.member_email as member_e4_0_,
        member0_.member_nickname as member_n5_0_,
        member0_.member_password as member_p6_0_,
        member0_.member_role as member_r7_0_,
        member0_.member_username as member_u8_0_ 
    from
        member member0_ 
    where
        member0_.member_username=?
2023-03-05 15:34:33.132 TRACE 24036 --- [    Test worker] o.h.type.descriptor.sql.BasicBinder      : binding parameter [1] as [VARCHAR] - [test9]
2023-03-05 15:34:33.132 TRACE 24036 --- [    Test worker] o.h.type.descriptor.sql.BasicExtractor   : extracted value ([id1_0_] : [BIGINT]) - [9]
2023-03-05 15:34:33.133 DEBUG 24036 --- [    Test worker] org.hibernate.SQL                        : 
    insert 
    into
        post
        (id, created_time, last_modified_time, content, member_id, title) 
    values
        (default, ?, ?, ?, ?, ?)
2023-03-05 15:34:33.138 TRACE 24036 --- [    Test worker] o.h.type.descriptor.sql.BasicBinder      : binding parameter [1] as [TIMESTAMP] - [2023-03-05T15:34:33.133151]
2023-03-05 15:34:33.138 TRACE 24036 --- [    Test worker] o.h.type.descriptor.sql.BasicBinder      : binding parameter [2] as [TIMESTAMP] - [2023-03-05T15:34:33.133054]
2023-03-05 15:34:33.138 TRACE 24036 --- [    Test worker] o.h.type.descriptor.sql.BasicBinder      : binding parameter [3] as [VARCHAR] - [내용87]
2023-03-05 15:34:33.138 TRACE 24036 --- [    Test worker] o.h.type.descriptor.sql.BasicBinder      : binding parameter [4] as [BIGINT] - [9]
2023-03-05 15:34:33.138 TRACE 24036 --- [    Test worker] o.h.type.descriptor.sql.BasicBinder      : binding parameter [5] as [VARCHAR] - [제목87]
2023-03-05 15:34:33.139 DEBUG 24036 --- [    Test worker] org.hibernate.SQL                        : 
    select
        member0_.id as id1_0_,
        member0_.created_time as created_2_0_,
        member0_.last_modified_time as last_mod3_0_,
        member0_.member_email as member_e4_0_,
        member0_.member_nickname as member_n5_0_,
        member0_.member_password as member_p6_0_,
        member0_.member_role as member_r7_0_,
        member0_.member_username as member_u8_0_ 
    from
        member member0_ 
    where
        member0_.member_username=?
2023-03-05 15:34:33.139 TRACE 24036 --- [    Test worker] o.h.type.descriptor.sql.BasicBinder      : binding parameter [1] as [VARCHAR] - [test9]
2023-03-05 15:34:33.139 TRACE 24036 --- [    Test worker] o.h.type.descriptor.sql.BasicExtractor   : extracted value ([id1_0_] : [BIGINT]) - [9]
2023-03-05 15:34:33.140 DEBUG 24036 --- [    Test worker] org.hibernate.SQL                        : 
    insert 
    into
        post
        (id, created_time, last_modified_time, content, member_id, title) 
    values
        (default, ?, ?, ?, ?, ?)
2023-03-05 15:34:33.140 TRACE 24036 --- [    Test worker] o.h.type.descriptor.sql.BasicBinder      : binding parameter [1] as [TIMESTAMP] - [2023-03-05T15:34:33.140192]
2023-03-05 15:34:33.140 TRACE 24036 --- [    Test worker] o.h.type.descriptor.sql.BasicBinder      : binding parameter [2] as [TIMESTAMP] - [2023-03-05T15:34:33.140079]
2023-03-05 15:34:33.140 TRACE 24036 --- [    Test worker] o.h.type.descriptor.sql.BasicBinder      : binding parameter [3] as [VARCHAR] - [내용88]
2023-03-05 15:34:33.140 TRACE 24036 --- [    Test worker] o.h.type.descriptor.sql.BasicBinder      : binding parameter [4] as [BIGINT] - [9]
2023-03-05 15:34:33.140 TRACE 24036 --- [    Test worker] o.h.type.descriptor.sql.BasicBinder      : binding parameter [5] as [VARCHAR] - [제목88]
2023-03-05 15:34:33.140 DEBUG 24036 --- [    Test worker] org.hibernate.SQL                        : 
    select
        member0_.id as id1_0_,
        member0_.created_time as created_2_0_,
        member0_.last_modified_time as last_mod3_0_,
        member0_.member_email as member_e4_0_,
        member0_.member_nickname as member_n5_0_,
        member0_.member_password as member_p6_0_,
        member0_.member_role as member_r7_0_,
        member0_.member_username as member_u8_0_ 
    from
        member member0_ 
    where
        member0_.member_username=?
2023-03-05 15:34:33.141 TRACE 24036 --- [    Test worker] o.h.type.descriptor.sql.BasicBinder      : binding parameter [1] as [VARCHAR] - [test9]
2023-03-05 15:34:33.141 TRACE 24036 --- [    Test worker] o.h.type.descriptor.sql.BasicExtractor   : extracted value ([id1_0_] : [BIGINT]) - [9]
2023-03-05 15:34:33.141 DEBUG 24036 --- [    Test worker] org.hibernate.SQL                        : 
    insert 
    into
        post
        (id, created_time, last_modified_time, content, member_id, title) 
    values
        (default, ?, ?, ?, ?, ?)
2023-03-05 15:34:33.141 TRACE 24036 --- [    Test worker] o.h.type.descriptor.sql.BasicBinder      : binding parameter [1] as [TIMESTAMP] - [2023-03-05T15:34:33.141346]
2023-03-05 15:34:33.141 TRACE 24036 --- [    Test worker] o.h.type.descriptor.sql.BasicBinder      : binding parameter [2] as [TIMESTAMP] - [2023-03-05T15:34:33.141283]
2023-03-05 15:34:33.141 TRACE 24036 --- [    Test worker] o.h.type.descriptor.sql.BasicBinder      : binding parameter [3] as [VARCHAR] - [내용89]
2023-03-05 15:34:33.141 TRACE 24036 --- [    Test worker] o.h.type.descriptor.sql.BasicBinder      : binding parameter [4] as [BIGINT] - [9]
2023-03-05 15:34:33.141 TRACE 24036 --- [    Test worker] o.h.type.descriptor.sql.BasicBinder      : binding parameter [5] as [VARCHAR] - [제목89]
2023-03-05 15:34:33.142 DEBUG 24036 --- [    Test worker] org.hibernate.SQL                        : 
    select
        member0_.id as id1_0_,
        member0_.created_time as created_2_0_,
        member0_.last_modified_time as last_mod3_0_,
        member0_.member_email as member_e4_0_,
        member0_.member_nickname as member_n5_0_,
        member0_.member_password as member_p6_0_,
        member0_.member_role as member_r7_0_,
        member0_.member_username as member_u8_0_ 
    from
        member member0_ 
    where
        member0_.member_username=?
2023-03-05 15:34:33.142 TRACE 24036 --- [    Test worker] o.h.type.descriptor.sql.BasicBinder      : binding parameter [1] as [VARCHAR] - [test9]
2023-03-05 15:34:33.142 TRACE 24036 --- [    Test worker] o.h.type.descriptor.sql.BasicExtractor   : extracted value ([id1_0_] : [BIGINT]) - [9]
2023-03-05 15:34:33.142 DEBUG 24036 --- [    Test worker] org.hibernate.SQL                        : 
    insert 
    into
        post
        (id, created_time, last_modified_time, content, member_id, title) 
    values
        (default, ?, ?, ?, ?, ?)
2023-03-05 15:34:33.142 TRACE 24036 --- [    Test worker] o.h.type.descriptor.sql.BasicBinder      : binding parameter [1] as [TIMESTAMP] - [2023-03-05T15:34:33.142510]
2023-03-05 15:34:33.142 TRACE 24036 --- [    Test worker] o.h.type.descriptor.sql.BasicBinder      : binding parameter [2] as [TIMESTAMP] - [2023-03-05T15:34:33.142417]
2023-03-05 15:34:33.142 TRACE 24036 --- [    Test worker] o.h.type.descriptor.sql.BasicBinder      : binding parameter [3] as [VARCHAR] - [내용90]
2023-03-05 15:34:33.142 TRACE 24036 --- [    Test worker] o.h.type.descriptor.sql.BasicBinder      : binding parameter [4] as [BIGINT] - [9]
2023-03-05 15:34:33.142 TRACE 24036 --- [    Test worker] o.h.type.descriptor.sql.BasicBinder      : binding parameter [5] as [VARCHAR] - [제목90]
2023-03-05 15:34:33.143 DEBUG 24036 --- [    Test worker] org.hibernate.SQL                        : 
    select
        member0_.id as id1_0_,
        member0_.created_time as created_2_0_,
        member0_.last_modified_time as last_mod3_0_,
        member0_.member_email as member_e4_0_,
        member0_.member_nickname as member_n5_0_,
        member0_.member_password as member_p6_0_,
        member0_.member_role as member_r7_0_,
        member0_.member_username as member_u8_0_ 
    from
        member member0_ 
    where
        member0_.member_username=?
2023-03-05 15:34:33.143 TRACE 24036 --- [    Test worker] o.h.type.descriptor.sql.BasicBinder      : binding parameter [1] as [VARCHAR] - [test10]
2023-03-05 15:34:33.143 TRACE 24036 --- [    Test worker] o.h.type.descriptor.sql.BasicExtractor   : extracted value ([id1_0_] : [BIGINT]) - [10]
2023-03-05 15:34:33.143 DEBUG 24036 --- [    Test worker] org.hibernate.SQL                        : 
    insert 
    into
        post
        (id, created_time, last_modified_time, content, member_id, title) 
    values
        (default, ?, ?, ?, ?, ?)
2023-03-05 15:34:33.143 TRACE 24036 --- [    Test worker] o.h.type.descriptor.sql.BasicBinder      : binding parameter [1] as [TIMESTAMP] - [2023-03-05T15:34:33.143684]
2023-03-05 15:34:33.143 TRACE 24036 --- [    Test worker] o.h.type.descriptor.sql.BasicBinder      : binding parameter [2] as [TIMESTAMP] - [2023-03-05T15:34:33.143618]
2023-03-05 15:34:33.143 TRACE 24036 --- [    Test worker] o.h.type.descriptor.sql.BasicBinder      : binding parameter [3] as [VARCHAR] - [내용91]
2023-03-05 15:34:33.144 TRACE 24036 --- [    Test worker] o.h.type.descriptor.sql.BasicBinder      : binding parameter [4] as [BIGINT] - [10]
2023-03-05 15:34:33.144 TRACE 24036 --- [    Test worker] o.h.type.descriptor.sql.BasicBinder      : binding parameter [5] as [VARCHAR] - [제목91]
2023-03-05 15:34:33.144 DEBUG 24036 --- [    Test worker] org.hibernate.SQL                        : 
    select
        member0_.id as id1_0_,
        member0_.created_time as created_2_0_,
        member0_.last_modified_time as last_mod3_0_,
        member0_.member_email as member_e4_0_,
        member0_.member_nickname as member_n5_0_,
        member0_.member_password as member_p6_0_,
        member0_.member_role as member_r7_0_,
        member0_.member_username as member_u8_0_ 
    from
        member member0_ 
    where
        member0_.member_username=?
2023-03-05 15:34:33.144 TRACE 24036 --- [    Test worker] o.h.type.descriptor.sql.BasicBinder      : binding parameter [1] as [VARCHAR] - [test10]
2023-03-05 15:34:33.144 TRACE 24036 --- [    Test worker] o.h.type.descriptor.sql.BasicExtractor   : extracted value ([id1_0_] : [BIGINT]) - [10]
2023-03-05 15:34:33.144 DEBUG 24036 --- [    Test worker] org.hibernate.SQL                        : 
    insert 
    into
        post
        (id, created_time, last_modified_time, content, member_id, title) 
    values
        (default, ?, ?, ?, ?, ?)
2023-03-05 15:34:33.145 TRACE 24036 --- [    Test worker] o.h.type.descriptor.sql.BasicBinder      : binding parameter [1] as [TIMESTAMP] - [2023-03-05T15:34:33.144865]
2023-03-05 15:34:33.145 TRACE 24036 --- [    Test worker] o.h.type.descriptor.sql.BasicBinder      : binding parameter [2] as [TIMESTAMP] - [2023-03-05T15:34:33.144804]
2023-03-05 15:34:33.145 TRACE 24036 --- [    Test worker] o.h.type.descriptor.sql.BasicBinder      : binding parameter [3] as [VARCHAR] - [내용92]
2023-03-05 15:34:33.145 TRACE 24036 --- [    Test worker] o.h.type.descriptor.sql.BasicBinder      : binding parameter [4] as [BIGINT] - [10]
2023-03-05 15:34:33.145 TRACE 24036 --- [    Test worker] o.h.type.descriptor.sql.BasicBinder      : binding parameter [5] as [VARCHAR] - [제목92]
2023-03-05 15:34:33.145 DEBUG 24036 --- [    Test worker] org.hibernate.SQL                        : 
    select
        member0_.id as id1_0_,
        member0_.created_time as created_2_0_,
        member0_.last_modified_time as last_mod3_0_,
        member0_.member_email as member_e4_0_,
        member0_.member_nickname as member_n5_0_,
        member0_.member_password as member_p6_0_,
        member0_.member_role as member_r7_0_,
        member0_.member_username as member_u8_0_ 
    from
        member member0_ 
    where
        member0_.member_username=?
2023-03-05 15:34:33.145 TRACE 24036 --- [    Test worker] o.h.type.descriptor.sql.BasicBinder      : binding parameter [1] as [VARCHAR] - [test10]
2023-03-05 15:34:33.145 TRACE 24036 --- [    Test worker] o.h.type.descriptor.sql.BasicExtractor   : extracted value ([id1_0_] : [BIGINT]) - [10]
2023-03-05 15:34:33.146 DEBUG 24036 --- [    Test worker] org.hibernate.SQL                        : 
    insert 
    into
        post
        (id, created_time, last_modified_time, content, member_id, title) 
    values
        (default, ?, ?, ?, ?, ?)
2023-03-05 15:34:33.146 TRACE 24036 --- [    Test worker] o.h.type.descriptor.sql.BasicBinder      : binding parameter [1] as [TIMESTAMP] - [2023-03-05T15:34:33.146024]
2023-03-05 15:34:33.146 TRACE 24036 --- [    Test worker] o.h.type.descriptor.sql.BasicBinder      : binding parameter [2] as [TIMESTAMP] - [2023-03-05T15:34:33.145968]
2023-03-05 15:34:33.146 TRACE 24036 --- [    Test worker] o.h.type.descriptor.sql.BasicBinder      : binding parameter [3] as [VARCHAR] - [내용93]
2023-03-05 15:34:33.146 TRACE 24036 --- [    Test worker] o.h.type.descriptor.sql.BasicBinder      : binding parameter [4] as [BIGINT] - [10]
2023-03-05 15:34:33.146 TRACE 24036 --- [    Test worker] o.h.type.descriptor.sql.BasicBinder      : binding parameter [5] as [VARCHAR] - [제목93]
2023-03-05 15:34:33.147 DEBUG 24036 --- [    Test worker] org.hibernate.SQL                        : 
    select
        member0_.id as id1_0_,
        member0_.created_time as created_2_0_,
        member0_.last_modified_time as last_mod3_0_,
        member0_.member_email as member_e4_0_,
        member0_.member_nickname as member_n5_0_,
        member0_.member_password as member_p6_0_,
        member0_.member_role as member_r7_0_,
        member0_.member_username as member_u8_0_ 
    from
        member member0_ 
    where
        member0_.member_username=?
2023-03-05 15:34:33.147 TRACE 24036 --- [    Test worker] o.h.type.descriptor.sql.BasicBinder      : binding parameter [1] as [VARCHAR] - [test10]
2023-03-05 15:34:33.147 TRACE 24036 --- [    Test worker] o.h.type.descriptor.sql.BasicExtractor   : extracted value ([id1_0_] : [BIGINT]) - [10]
2023-03-05 15:34:33.147 DEBUG 24036 --- [    Test worker] org.hibernate.SQL                        : 
    insert 
    into
        post
        (id, created_time, last_modified_time, content, member_id, title) 
    values
        (default, ?, ?, ?, ?, ?)
2023-03-05 15:34:33.147 TRACE 24036 --- [    Test worker] o.h.type.descriptor.sql.BasicBinder      : binding parameter [1] as [TIMESTAMP] - [2023-03-05T15:34:33.147590]
2023-03-05 15:34:33.147 TRACE 24036 --- [    Test worker] o.h.type.descriptor.sql.BasicBinder      : binding parameter [2] as [TIMESTAMP] - [2023-03-05T15:34:33.147529]
2023-03-05 15:34:33.147 TRACE 24036 --- [    Test worker] o.h.type.descriptor.sql.BasicBinder      : binding parameter [3] as [VARCHAR] - [내용94]
2023-03-05 15:34:33.147 TRACE 24036 --- [    Test worker] o.h.type.descriptor.sql.BasicBinder      : binding parameter [4] as [BIGINT] - [10]
2023-03-05 15:34:33.147 TRACE 24036 --- [    Test worker] o.h.type.descriptor.sql.BasicBinder      : binding parameter [5] as [VARCHAR] - [제목94]
2023-03-05 15:34:33.148 DEBUG 24036 --- [    Test worker] org.hibernate.SQL                        : 
    select
        member0_.id as id1_0_,
        member0_.created_time as created_2_0_,
        member0_.last_modified_time as last_mod3_0_,
        member0_.member_email as member_e4_0_,
        member0_.member_nickname as member_n5_0_,
        member0_.member_password as member_p6_0_,
        member0_.member_role as member_r7_0_,
        member0_.member_username as member_u8_0_ 
    from
        member member0_ 
    where
        member0_.member_username=?
2023-03-05 15:34:33.148 TRACE 24036 --- [    Test worker] o.h.type.descriptor.sql.BasicBinder      : binding parameter [1] as [VARCHAR] - [test10]
2023-03-05 15:34:33.148 TRACE 24036 --- [    Test worker] o.h.type.descriptor.sql.BasicExtractor   : extracted value ([id1_0_] : [BIGINT]) - [10]
2023-03-05 15:34:33.148 DEBUG 24036 --- [    Test worker] org.hibernate.SQL                        : 
    insert 
    into
        post
        (id, created_time, last_modified_time, content, member_id, title) 
    values
        (default, ?, ?, ?, ?, ?)
2023-03-05 15:34:33.148 TRACE 24036 --- [    Test worker] o.h.type.descriptor.sql.BasicBinder      : binding parameter [1] as [TIMESTAMP] - [2023-03-05T15:34:33.148625]
2023-03-05 15:34:33.148 TRACE 24036 --- [    Test worker] o.h.type.descriptor.sql.BasicBinder      : binding parameter [2] as [TIMESTAMP] - [2023-03-05T15:34:33.148571]
2023-03-05 15:34:33.148 TRACE 24036 --- [    Test worker] o.h.type.descriptor.sql.BasicBinder      : binding parameter [3] as [VARCHAR] - [내용95]
2023-03-05 15:34:33.148 TRACE 24036 --- [    Test worker] o.h.type.descriptor.sql.BasicBinder      : binding parameter [4] as [BIGINT] - [10]
2023-03-05 15:34:33.148 TRACE 24036 --- [    Test worker] o.h.type.descriptor.sql.BasicBinder      : binding parameter [5] as [VARCHAR] - [제목95]
2023-03-05 15:34:33.149 DEBUG 24036 --- [    Test worker] org.hibernate.SQL                        : 
    select
        member0_.id as id1_0_,
        member0_.created_time as created_2_0_,
        member0_.last_modified_time as last_mod3_0_,
        member0_.member_email as member_e4_0_,
        member0_.member_nickname as member_n5_0_,
        member0_.member_password as member_p6_0_,
        member0_.member_role as member_r7_0_,
        member0_.member_username as member_u8_0_ 
    from
        member member0_ 
    where
        member0_.member_username=?
2023-03-05 15:34:33.149 TRACE 24036 --- [    Test worker] o.h.type.descriptor.sql.BasicBinder      : binding parameter [1] as [VARCHAR] - [test10]
2023-03-05 15:34:33.149 TRACE 24036 --- [    Test worker] o.h.type.descriptor.sql.BasicExtractor   : extracted value ([id1_0_] : [BIGINT]) - [10]
2023-03-05 15:34:33.150 DEBUG 24036 --- [    Test worker] org.hibernate.SQL                        : 
    insert 
    into
        post
        (id, created_time, last_modified_time, content, member_id, title) 
    values
        (default, ?, ?, ?, ?, ?)
2023-03-05 15:34:33.150 TRACE 24036 --- [    Test worker] o.h.type.descriptor.sql.BasicBinder      : binding parameter [1] as [TIMESTAMP] - [2023-03-05T15:34:33.149997]
2023-03-05 15:34:33.150 TRACE 24036 --- [    Test worker] o.h.type.descriptor.sql.BasicBinder      : binding parameter [2] as [TIMESTAMP] - [2023-03-05T15:34:33.149936]
2023-03-05 15:34:33.150 TRACE 24036 --- [    Test worker] o.h.type.descriptor.sql.BasicBinder      : binding parameter [3] as [VARCHAR] - [내용96]
2023-03-05 15:34:33.150 TRACE 24036 --- [    Test worker] o.h.type.descriptor.sql.BasicBinder      : binding parameter [4] as [BIGINT] - [10]
2023-03-05 15:34:33.150 TRACE 24036 --- [    Test worker] o.h.type.descriptor.sql.BasicBinder      : binding parameter [5] as [VARCHAR] - [제목96]
2023-03-05 15:34:33.150 DEBUG 24036 --- [    Test worker] org.hibernate.SQL                        : 
    select
        member0_.id as id1_0_,
        member0_.created_time as created_2_0_,
        member0_.last_modified_time as last_mod3_0_,
        member0_.member_email as member_e4_0_,
        member0_.member_nickname as member_n5_0_,
        member0_.member_password as member_p6_0_,
        member0_.member_role as member_r7_0_,
        member0_.member_username as member_u8_0_ 
    from
        member member0_ 
    where
        member0_.member_username=?
2023-03-05 15:34:33.150 TRACE 24036 --- [    Test worker] o.h.type.descriptor.sql.BasicBinder      : binding parameter [1] as [VARCHAR] - [test10]
2023-03-05 15:34:33.150 TRACE 24036 --- [    Test worker] o.h.type.descriptor.sql.BasicExtractor   : extracted value ([id1_0_] : [BIGINT]) - [10]
2023-03-05 15:34:33.151 DEBUG 24036 --- [    Test worker] org.hibernate.SQL                        : 
    insert 
    into
        post
        (id, created_time, last_modified_time, content, member_id, title) 
    values
        (default, ?, ?, ?, ?, ?)
2023-03-05 15:34:33.151 TRACE 24036 --- [    Test worker] o.h.type.descriptor.sql.BasicBinder      : binding parameter [1] as [TIMESTAMP] - [2023-03-05T15:34:33.151110]
2023-03-05 15:34:33.151 TRACE 24036 --- [    Test worker] o.h.type.descriptor.sql.BasicBinder      : binding parameter [2] as [TIMESTAMP] - [2023-03-05T15:34:33.151052]
2023-03-05 15:34:33.151 TRACE 24036 --- [    Test worker] o.h.type.descriptor.sql.BasicBinder      : binding parameter [3] as [VARCHAR] - [내용97]
2023-03-05 15:34:33.151 TRACE 24036 --- [    Test worker] o.h.type.descriptor.sql.BasicBinder      : binding parameter [4] as [BIGINT] - [10]
2023-03-05 15:34:33.151 TRACE 24036 --- [    Test worker] o.h.type.descriptor.sql.BasicBinder      : binding parameter [5] as [VARCHAR] - [제목97]
2023-03-05 15:34:33.151 DEBUG 24036 --- [    Test worker] org.hibernate.SQL                        : 
    select
        member0_.id as id1_0_,
        member0_.created_time as created_2_0_,
        member0_.last_modified_time as last_mod3_0_,
        member0_.member_email as member_e4_0_,
        member0_.member_nickname as member_n5_0_,
        member0_.member_password as member_p6_0_,
        member0_.member_role as member_r7_0_,
        member0_.member_username as member_u8_0_ 
    from
        member member0_ 
    where
        member0_.member_username=?
2023-03-05 15:34:33.152 TRACE 24036 --- [    Test worker] o.h.type.descriptor.sql.BasicBinder      : binding parameter [1] as [VARCHAR] - [test10]
2023-03-05 15:34:33.152 TRACE 24036 --- [    Test worker] o.h.type.descriptor.sql.BasicExtractor   : extracted value ([id1_0_] : [BIGINT]) - [10]
2023-03-05 15:34:33.152 DEBUG 24036 --- [    Test worker] org.hibernate.SQL                        : 
    insert 
    into
        post
        (id, created_time, last_modified_time, content, member_id, title) 
    values
        (default, ?, ?, ?, ?, ?)
2023-03-05 15:34:33.152 TRACE 24036 --- [    Test worker] o.h.type.descriptor.sql.BasicBinder      : binding parameter [1] as [TIMESTAMP] - [2023-03-05T15:34:33.152385]
2023-03-05 15:34:33.152 TRACE 24036 --- [    Test worker] o.h.type.descriptor.sql.BasicBinder      : binding parameter [2] as [TIMESTAMP] - [2023-03-05T15:34:33.152321]
2023-03-05 15:34:33.152 TRACE 24036 --- [    Test worker] o.h.type.descriptor.sql.BasicBinder      : binding parameter [3] as [VARCHAR] - [내용98]
2023-03-05 15:34:33.152 TRACE 24036 --- [    Test worker] o.h.type.descriptor.sql.BasicBinder      : binding parameter [4] as [BIGINT] - [10]
2023-03-05 15:34:33.152 TRACE 24036 --- [    Test worker] o.h.type.descriptor.sql.BasicBinder      : binding parameter [5] as [VARCHAR] - [제목98]
2023-03-05 15:34:33.153 DEBUG 24036 --- [    Test worker] org.hibernate.SQL                        : 
    select
        member0_.id as id1_0_,
        member0_.created_time as created_2_0_,
        member0_.last_modified_time as last_mod3_0_,
        member0_.member_email as member_e4_0_,
        member0_.member_nickname as member_n5_0_,
        member0_.member_password as member_p6_0_,
        member0_.member_role as member_r7_0_,
        member0_.member_username as member_u8_0_ 
    from
        member member0_ 
    where
        member0_.member_username=?
2023-03-05 15:34:33.153 TRACE 24036 --- [    Test worker] o.h.type.descriptor.sql.BasicBinder      : binding parameter [1] as [VARCHAR] - [test10]
2023-03-05 15:34:33.153 TRACE 24036 --- [    Test worker] o.h.type.descriptor.sql.BasicExtractor   : extracted value ([id1_0_] : [BIGINT]) - [10]
2023-03-05 15:34:33.153 DEBUG 24036 --- [    Test worker] org.hibernate.SQL                        : 
    insert 
    into
        post
        (id, created_time, last_modified_time, content, member_id, title) 
    values
        (default, ?, ?, ?, ?, ?)
2023-03-05 15:34:33.153 TRACE 24036 --- [    Test worker] o.h.type.descriptor.sql.BasicBinder      : binding parameter [1] as [TIMESTAMP] - [2023-03-05T15:34:33.153433]
2023-03-05 15:34:33.153 TRACE 24036 --- [    Test worker] o.h.type.descriptor.sql.BasicBinder      : binding parameter [2] as [TIMESTAMP] - [2023-03-05T15:34:33.153374]
2023-03-05 15:34:33.153 TRACE 24036 --- [    Test worker] o.h.type.descriptor.sql.BasicBinder      : binding parameter [3] as [VARCHAR] - [내용99]
2023-03-05 15:34:33.153 TRACE 24036 --- [    Test worker] o.h.type.descriptor.sql.BasicBinder      : binding parameter [4] as [BIGINT] - [10]
2023-03-05 15:34:33.153 TRACE 24036 --- [    Test worker] o.h.type.descriptor.sql.BasicBinder      : binding parameter [5] as [VARCHAR] - [제목99]
2023-03-05 15:34:33.154 DEBUG 24036 --- [    Test worker] org.hibernate.SQL                        : 
    select
        member0_.id as id1_0_,
        member0_.created_time as created_2_0_,
        member0_.last_modified_time as last_mod3_0_,
        member0_.member_email as member_e4_0_,
        member0_.member_nickname as member_n5_0_,
        member0_.member_password as member_p6_0_,
        member0_.member_role as member_r7_0_,
        member0_.member_username as member_u8_0_ 
    from
        member member0_ 
    where
        member0_.member_username=?
2023-03-05 15:34:33.154 TRACE 24036 --- [    Test worker] o.h.type.descriptor.sql.BasicBinder      : binding parameter [1] as [VARCHAR] - [test10]
2023-03-05 15:34:33.154 TRACE 24036 --- [    Test worker] o.h.type.descriptor.sql.BasicExtractor   : extracted value ([id1_0_] : [BIGINT]) - [10]
2023-03-05 15:34:33.154 DEBUG 24036 --- [    Test worker] org.hibernate.SQL                        : 
    insert 
    into
        post
        (id, created_time, last_modified_time, content, member_id, title) 
    values
        (default, ?, ?, ?, ?, ?)
2023-03-05 15:34:33.154 TRACE 24036 --- [    Test worker] o.h.type.descriptor.sql.BasicBinder      : binding parameter [1] as [TIMESTAMP] - [2023-03-05T15:34:33.154377]
2023-03-05 15:34:33.154 TRACE 24036 --- [    Test worker] o.h.type.descriptor.sql.BasicBinder      : binding parameter [2] as [TIMESTAMP] - [2023-03-05T15:34:33.154327]
2023-03-05 15:34:33.154 TRACE 24036 --- [    Test worker] o.h.type.descriptor.sql.BasicBinder      : binding parameter [3] as [VARCHAR] - [내용100]
2023-03-05 15:34:33.154 TRACE 24036 --- [    Test worker] o.h.type.descriptor.sql.BasicBinder      : binding parameter [4] as [BIGINT] - [10]
2023-03-05 15:34:33.154 TRACE 24036 --- [    Test worker] o.h.type.descriptor.sql.BasicBinder      : binding parameter [5] as [VARCHAR] - [제목100]
2023-03-05 15:34:33.156 DEBUG 24036 --- [    Test worker] org.hibernate.SQL                        : 
    select
        member0_.id as id1_0_,
        member0_.created_time as created_2_0_,
        member0_.last_modified_time as last_mod3_0_,
        member0_.member_email as member_e4_0_,
        member0_.member_nickname as member_n5_0_,
        member0_.member_password as member_p6_0_,
        member0_.member_role as member_r7_0_,
        member0_.member_username as member_u8_0_ 
    from
        member member0_ 
    where
        member0_.member_username=?
2023-03-05 15:34:33.156 TRACE 24036 --- [    Test worker] o.h.type.descriptor.sql.BasicBinder      : binding parameter [1] as [VARCHAR] - [test1]
2023-03-05 15:34:33.156 TRACE 24036 --- [    Test worker] o.h.type.descriptor.sql.BasicExtractor   : extracted value ([id1_0_] : [BIGINT]) - [1]
2023-03-05 15:34:33.313 DEBUG 24036 --- [    Test worker] org.hibernate.SQL                        : 
    select
        member0_.id as id1_0_,
        member0_.created_time as created_2_0_,
        member0_.last_modified_time as last_mod3_0_,
        member0_.member_email as member_e4_0_,
        member0_.member_nickname as member_n5_0_,
        member0_.member_password as member_p6_0_,
        member0_.member_role as member_r7_0_,
        member0_.member_username as member_u8_0_ 
    from
        member member0_ 
    where
        member0_.member_username=?
2023-03-05 15:34:33.313 TRACE 24036 --- [    Test worker] o.h.type.descriptor.sql.BasicBinder      : binding parameter [1] as [VARCHAR] - [test1]
2023-03-05 15:34:33.314 TRACE 24036 --- [    Test worker] o.h.type.descriptor.sql.BasicExtractor   : extracted value ([id1_0_] : [BIGINT]) - [1]
2023-03-05 15:34:33.424 DEBUG 24036 --- [    Test worker] org.hibernate.SQL                        : 
    select
        refreshtok0_.rt_key as rt_key1_2_0_,
        refreshtok0_.rt_value as rt_value2_2_0_ 
    from
        refresh_token refreshtok0_ 
    where
        refreshtok0_.rt_key=?
2023-03-05 15:34:33.424 TRACE 24036 --- [    Test worker] o.h.type.descriptor.sql.BasicBinder      : binding parameter [1] as [VARCHAR] - [test1]
2023-03-05 15:34:33.499 DEBUG 24036 --- [    Test worker] org.hibernate.SQL                        : 
    insert 
    into
        refresh_token
        (rt_value, rt_key) 
    values
        (?, ?)
2023-03-05 15:34:33.499 TRACE 24036 --- [    Test worker] o.h.type.descriptor.sql.BasicBinder      : binding parameter [1] as [VARCHAR] - [eyJhbGciOiJIUzUxMiJ9.eyJleHAiOjE2Nzg2MDI4NzN9.ZC1cwDotCBMGgYZoCAdw4Uzz0zA1NSHlhRyT5y9zVdvlH7ocaRioEa30OCfkFSK-Vf0q2ydp0171Bz0ZP1kYsA]
2023-03-05 15:34:33.499 TRACE 24036 --- [    Test worker] o.h.type.descriptor.sql.BasicBinder      : binding parameter [2] as [VARCHAR] - [test1]
2023-03-05 15:34:33.501 DEBUG 24036 --- [    Test worker] org.hibernate.SQL                        : 
    select
        count(post0_.id) as col_0_0_ 
    from
        post post0_ 
    left outer join
        member member1_ 
            on post0_.member_id=member1_.id 
    where
        member1_.id=?
2023-03-05 15:34:33.501 TRACE 24036 --- [    Test worker] o.h.type.descriptor.sql.BasicBinder      : binding parameter [1] as [BIGINT] - [20]
2023-03-05 15:34:33.502 TRACE 24036 --- [    Test worker] o.h.type.descriptor.sql.BasicExtractor   : extracted value ([col_0_0_] : [BIGINT]) - [0]

MockHttpServletRequest:
      HTTP Method = GET
      Request URI = /api/posts
       Parameters = {member=[20], page=[0]}
          Headers = [Content-Type:"application/json;charset=UTF-8", Authorization:"Bearer eyJhbGciOiJIUzUxMiJ9.eyJzdWIiOiJ0ZXN0MSIsImF1dGgiOiJVU0VSIiwiZXhwIjoxNjc4MDg0NDczfQ.OKgqm6HOUVWzlFrzlF7uOjzbLkRG6RnGdReWsRUwe1ohMhYPHSmZdzVSsgSl2nFA6GaBQjFQnE8s-zYYYZAB2A", RefreshToken:"Bearer eyJhbGciOiJIUzUxMiJ9.eyJleHAiOjE2Nzg2MDI4NzN9.ZC1cwDotCBMGgYZoCAdw4Uzz0zA1NSHlhRyT5y9zVdvlH7ocaRioEa30OCfkFSK-Vf0q2ydp0171Bz0ZP1kYsA"]
             Body = null
    Session Attrs = {}

Handler:
             Type = com.board.Board_Upgraded.controller.post.PostController
           Method = com.board.Board_Upgraded.controller.post.PostController#getPostOf(Long, Pageable)

Async:
    Async started = false
     Async result = null

Resolved Exception:
             Type = null

ModelAndView:
        View name = null
             View = null
            Model = null

FlashMap:
       Attributes = null

MockHttpServletResponse:
           Status = 200
    Error message = null
          Headers = [Vary:"Origin", "Access-Control-Request-Method", "Access-Control-Request-Headers", Content-Type:"application/json", X-Content-Type-Options:"nosniff", X-XSS-Protection:"1; mode=block", Cache-Control:"no-cache, no-store, max-age=0, must-revalidate", Pragma:"no-cache", Expires:"0", X-Frame-Options:"DENY"]
     Content type = application/json
             Body = {"success":true,"code":200,"result":{"data":{"content":[],"pageable":{"sort":{"empty":true,"sorted":false,"unsorted":true},"offset":0,"pageNumber":0,"pageSize":10,"paged":true,"unpaged":false},"last":true,"totalPages":0,"totalElements":0,"first":true,"size":10,"number":0,"sort":{"empty":true,"sorted":false,"unsorted":true},"numberOfElements":0,"empty":true}}}
    Forwarded URL = null
   Redirected URL = null
          Cookies = []
2023-03-05 15:34:33.526  INFO 24036 --- [    Test worker] o.s.t.c.transaction.TransactionContext   : Rolled back transaction for test: [DefaultTestContext@751d3241 testClass = MembersPostTest, testInstance = com.board.Board_Upgraded.controller.post.MembersPostTest@24710e61, testMethod = searchNoMember@MembersPostTest, testException = java.lang.AssertionError: Status expected:<404> but was:<200>, mergedContextConfiguration = [WebMergedContextConfiguration@76c7beb3 testClass = MembersPostTest, locations = '{}', classes = '{class com.board.Board_Upgraded.BoardUpgradedApplication}', contextInitializerClasses = '[]', activeProfiles = '{}', propertySourceLocations = '{}', propertySourceProperties = '{org.springframework.boot.test.context.SpringBootTestContextBootstrapper=true}', contextCustomizers = set[org.springframework.boot.test.autoconfigure.actuate.metrics.MetricsExportContextCustomizerFactory$DisableMetricExportContextCustomizer@2c4d1ac, org.springframework.boot.test.autoconfigure.properties.PropertyMappingContextCustomizer@4b3fa0b3, org.springframework.boot.test.autoconfigure.web.servlet.WebDriverContextCustomizerFactory$Customizer@7a1234bf, [ImportsContextCustomizer@64337702 key = [org.springframework.boot.test.autoconfigure.web.servlet.MockMvcAutoConfiguration, org.springframework.boot.test.autoconfigure.web.servlet.MockMvcWebClientAutoConfiguration, org.springframework.boot.test.autoconfigure.web.servlet.MockMvcWebDriverAutoConfiguration, org.springframework.boot.autoconfigure.security.oauth2.client.servlet.OAuth2ClientAutoConfiguration, org.springframework.boot.autoconfigure.security.oauth2.resource.servlet.OAuth2ResourceServerAutoConfiguration, org.springframework.boot.autoconfigure.security.servlet.SecurityAutoConfiguration, org.springframework.boot.autoconfigure.security.servlet.SecurityFilterAutoConfiguration, org.springframework.boot.autoconfigure.security.servlet.UserDetailsServiceAutoConfiguration, org.springframework.boot.test.autoconfigure.web.servlet.MockMvcSecurityConfiguration, org.springframework.boot.test.autoconfigure.web.reactive.WebTestClientAutoConfiguration]], org.springframework.boot.test.context.filter.ExcludeFilterContextCustomizer@2a62b5bc, org.springframework.boot.test.json.DuplicateJsonObjectContextCustomizerFactory$DuplicateJsonObjectContextCustomizer@4ce1d6d0, org.springframework.boot.test.mock.mockito.MockitoContextCustomizer@0, org.springframework.boot.test.web.client.TestRestTemplateContextCustomizer@40238dd0, org.springframework.boot.test.context.SpringBootTestArgs@1, org.springframework.boot.test.context.SpringBootTestWebEnvironment@f2ff811], resourceBasePath = 'src/main/webapp', contextLoader = 'org.springframework.boot.test.context.SpringBootContextLoader', parent = [null]], attributes = map['org.springframework.test.context.web.ServletTestExecutionListener.activateListener' -> true, 'org.springframework.test.context.web.ServletTestExecutionListener.populatedRequestContextHolder' -> true, 'org.springframework.test.context.web.ServletTestExecutionListener.resetRequestContextHolder' -> true, 'org.springframework.test.context.event.ApplicationEventsTestExecutionListener.recordApplicationEvents' -> false]]
]]></system-out>
  <system-err><![CDATA[]]></system-err>
</testsuite>
