<?xml version="1.0" encoding="UTF-8"?>
<testsuite name="com.board.Board_Upgraded.domainTest.MemberTest" tests="1" skipped="0" failures="0" errors="0" timestamp="2023-01-11T07:22:49" hostname="ijanghuiui-MacBookPro.local" time="0.026">
  <properties/>
  <testcase name="최종 수정일이 한달이 되지 않았을 경우, 거짓을 반환한다." classname="com.board.Board_Upgraded.domainTest.MemberTest" time="0.026"/>
  <system-out><![CDATA[]]></system-out>
  <system-err><![CDATA[]]></system-err>
</testsuite>
