<?xml version="1.0" encoding="UTF-8"?>
<testsuite name="com.board.Board_Upgraded.controller.post.CreateEditDeleteTest" tests="8" skipped="0" failures="0" errors="0" timestamp="2023-02-27T14:41:34" hostname="ijanghuiui-MacBookPro.local" time="2.14">
  <properties/>
  <testcase name="게시물을 작성할 때, 내용이 빈 문자열이면 400(bad request)에러와 제목을 입력해야함을 반환한다." classname="com.board.Board_Upgraded.controller.post.CreateEditDeleteTest" time="0.638"/>
  <testcase name="게시물을 작성할 때, 내용이 null이면 400(bad request)에러와 제목을 입력해야함을 반환한다." classname="com.board.Board_Upgraded.controller.post.CreateEditDeleteTest" time="0.251"/>
  <testcase name="게시물을 작성할 때, 회원권한이 있으면 정상적으로 게시물을 생성한다." classname="com.board.Board_Upgraded.controller.post.CreateEditDeleteTest" time="0.256"/>
  <testcase name="게시물을 작성할 때, 제목이 null이면 400(bad request)에러와 제목을 입력해야함을 반환한다." classname="com.board.Board_Upgraded.controller.post.CreateEditDeleteTest" time="0.256"/>
  <testcase name="게시물을 작성할 때, 토큰이 없으면 401에러를 반환한다." classname="com.board.Board_Upgraded.controller.post.CreateEditDeleteTest" time="0.008"/>
  <testcase name="게시물을 작성할 때, 제목이 빈 문자열이면 400(bad request)에러와 제목을 입력해야함을 반환한다." classname="com.board.Board_Upgraded.controller.post.CreateEditDeleteTest" time="0.241"/>
  <testcase name="게시물을 작성할 때, 제목이 공백문자이면 400(bad request)에러와 제목을 입력해야함을 반환한다." classname="com.board.Board_Upgraded.controller.post.CreateEditDeleteTest" time="0.243"/>
  <testcase name="게시물을 작성할 때, 내용이 공백문자이면 400(bad request)에러와 제목을 입력해야함을 반환한다." classname="com.board.Board_Upgraded.controller.post.CreateEditDeleteTest" time="0.244"/>
  <system-out><![CDATA[23:41:32.399 [Test worker] DEBUG org.springframework.test.context.BootstrapUtils - Instantiating CacheAwareContextLoaderDelegate from class [org.springframework.test.context.cache.DefaultCacheAwareContextLoaderDelegate]
23:41:32.403 [Test worker] DEBUG org.springframework.test.context.BootstrapUtils - Instantiating BootstrapContext using constructor [public org.springframework.test.context.support.DefaultBootstrapContext(java.lang.Class,org.springframework.test.context.CacheAwareContextLoaderDelegate)]
23:41:32.420 [Test worker] DEBUG org.springframework.test.context.BootstrapUtils - Instantiating TestContextBootstrapper for test class [com.board.Board_Upgraded.controller.post.CreateEditDeleteTest] from class [org.springframework.boot.test.context.SpringBootTestContextBootstrapper]
23:41:32.424 [Test worker] INFO org.springframework.boot.test.context.SpringBootTestContextBootstrapper - Neither @ContextConfiguration nor @ContextHierarchy found for test class [com.board.Board_Upgraded.controller.post.CreateEditDeleteTest], using SpringBootContextLoader
23:41:32.426 [Test worker] DEBUG org.springframework.test.context.support.AbstractContextLoader - Did not detect default resource location for test class [com.board.Board_Upgraded.controller.post.CreateEditDeleteTest]: class path resource [com/board/Board_Upgraded/controller/post/CreateEditDeleteTest-context.xml] does not exist
23:41:32.426 [Test worker] DEBUG org.springframework.test.context.support.AbstractContextLoader - Did not detect default resource location for test class [com.board.Board_Upgraded.controller.post.CreateEditDeleteTest]: class path resource [com/board/Board_Upgraded/controller/post/CreateEditDeleteTestContext.groovy] does not exist
23:41:32.426 [Test worker] INFO org.springframework.test.context.support.AbstractContextLoader - Could not detect default resource locations for test class [com.board.Board_Upgraded.controller.post.CreateEditDeleteTest]: no resource found for suffixes {-context.xml, Context.groovy}.
23:41:32.426 [Test worker] INFO org.springframework.test.context.support.AnnotationConfigContextLoaderUtils - Could not detect default configuration classes for test class [com.board.Board_Upgraded.controller.post.CreateEditDeleteTest]: CreateEditDeleteTest does not declare any static, non-private, non-final, nested classes annotated with @Configuration.
23:41:32.451 [Test worker] DEBUG org.springframework.test.context.support.ActiveProfilesUtils - Could not find an 'annotation declaring class' for annotation type [org.springframework.test.context.ActiveProfiles] and class [com.board.Board_Upgraded.controller.post.CreateEditDeleteTest]
23:41:32.489 [Test worker] DEBUG org.springframework.context.annotation.ClassPathScanningCandidateComponentProvider - Identified candidate component class: file [/Users/leeeehgnaj/Desktop/Coding/Board_Upgraded/build/classes/java/main/com/board/Board_Upgraded/BoardUpgradedApplication.class]
23:41:32.489 [Test worker] INFO org.springframework.boot.test.context.SpringBootTestContextBootstrapper - Found @SpringBootConfiguration com.board.Board_Upgraded.BoardUpgradedApplication for test class com.board.Board_Upgraded.controller.post.CreateEditDeleteTest
23:41:32.523 [Test worker] DEBUG org.springframework.boot.test.context.SpringBootTestContextBootstrapper - @TestExecutionListeners is not present for class [com.board.Board_Upgraded.controller.post.CreateEditDeleteTest]: using defaults.
23:41:32.524 [Test worker] INFO org.springframework.boot.test.context.SpringBootTestContextBootstrapper - Loaded default TestExecutionListener class names from location [META-INF/spring.factories]: [org.springframework.security.test.context.support.WithSecurityContextTestExecutionListener, org.springframework.security.test.context.support.ReactorContextTestExecutionListener, org.springframework.boot.test.autoconfigure.restdocs.RestDocsTestExecutionListener, org.springframework.boot.test.autoconfigure.web.client.MockRestServiceServerResetTestExecutionListener, org.springframework.boot.test.autoconfigure.web.servlet.MockMvcPrintOnlyOnFailureTestExecutionListener, org.springframework.boot.test.autoconfigure.web.servlet.WebDriverTestExecutionListener, org.springframework.boot.test.autoconfigure.webservices.client.MockWebServiceServerTestExecutionListener, org.springframework.boot.test.mock.mockito.MockitoTestExecutionListener, org.springframework.boot.test.mock.mockito.ResetMocksTestExecutionListener, org.springframework.test.context.web.ServletTestExecutionListener, org.springframework.test.context.support.DirtiesContextBeforeModesTestExecutionListener, org.springframework.test.context.event.ApplicationEventsTestExecutionListener, org.springframework.test.context.support.DependencyInjectionTestExecutionListener, org.springframework.test.context.support.DirtiesContextTestExecutionListener, org.springframework.test.context.transaction.TransactionalTestExecutionListener, org.springframework.test.context.jdbc.SqlScriptsTestExecutionListener, org.springframework.test.context.event.EventPublishingTestExecutionListener]
23:41:32.535 [Test worker] INFO org.springframework.boot.test.context.SpringBootTestContextBootstrapper - Using TestExecutionListeners: [org.springframework.test.context.web.ServletTestExecutionListener@b40bb6e, org.springframework.test.context.support.DirtiesContextBeforeModesTestExecutionListener@3a94964, org.springframework.test.context.event.ApplicationEventsTestExecutionListener@5049d8b2, org.springframework.boot.test.mock.mockito.MockitoTestExecutionListener@6d0b5baf, org.springframework.boot.test.autoconfigure.SpringBootDependencyInjectionTestExecutionListener@631e06ab, org.springframework.test.context.support.DirtiesContextTestExecutionListener@2a3591c5, org.springframework.test.context.transaction.TransactionalTestExecutionListener@34a75079, org.springframework.test.context.jdbc.SqlScriptsTestExecutionListener@346a361, org.springframework.security.test.context.support.WithSecurityContextTestExecutionListener@107ed6fc, org.springframework.test.context.event.EventPublishingTestExecutionListener@1643d68f, org.springframework.security.test.context.support.ReactorContextTestExecutionListener@186978a6, org.springframework.boot.test.autoconfigure.restdocs.RestDocsTestExecutionListener@2e029d61, org.springframework.boot.test.autoconfigure.web.client.MockRestServiceServerResetTestExecutionListener@482d776b, org.springframework.boot.test.autoconfigure.web.servlet.MockMvcPrintOnlyOnFailureTestExecutionListener@4052274f, org.springframework.boot.test.autoconfigure.web.servlet.WebDriverTestExecutionListener@132ddbab, org.springframework.boot.test.autoconfigure.webservices.client.MockWebServiceServerTestExecutionListener@297ea53a, org.springframework.boot.test.mock.mockito.ResetMocksTestExecutionListener@acb0951]
23:41:32.537 [Test worker] DEBUG org.springframework.test.context.support.AbstractDirtiesContextTestExecutionListener - Before test class: context [DefaultTestContext@ab7a938 testClass = CreateEditDeleteTest, testInstance = [null], testMethod = [null], testException = [null], mergedContextConfiguration = [WebMergedContextConfiguration@3faf2e7d testClass = CreateEditDeleteTest, locations = '{}', classes = '{class com.board.Board_Upgraded.BoardUpgradedApplication}', contextInitializerClasses = '[]', activeProfiles = '{}', propertySourceLocations = '{}', propertySourceProperties = '{org.springframework.boot.test.context.SpringBootTestContextBootstrapper=true}', contextCustomizers = set[org.springframework.boot.test.autoconfigure.actuate.metrics.MetricsExportContextCustomizerFactory$DisableMetricExportContextCustomizer@1800a575, org.springframework.boot.test.autoconfigure.properties.PropertyMappingContextCustomizer@4b3fa0b3, org.springframework.boot.test.autoconfigure.web.servlet.WebDriverContextCustomizerFactory$Customizer@9ebe38b, [ImportsContextCustomizer@4648ce9 key = [org.springframework.boot.test.autoconfigure.web.servlet.MockMvcAutoConfiguration, org.springframework.boot.test.autoconfigure.web.servlet.MockMvcWebClientAutoConfiguration, org.springframework.boot.test.autoconfigure.web.servlet.MockMvcWebDriverAutoConfiguration, org.springframework.boot.autoconfigure.security.oauth2.client.servlet.OAuth2ClientAutoConfiguration, org.springframework.boot.autoconfigure.security.oauth2.resource.servlet.OAuth2ResourceServerAutoConfiguration, org.springframework.boot.autoconfigure.security.servlet.SecurityAutoConfiguration, org.springframework.boot.autoconfigure.security.servlet.SecurityFilterAutoConfiguration, org.springframework.boot.autoconfigure.security.servlet.UserDetailsServiceAutoConfiguration, org.springframework.boot.test.autoconfigure.web.servlet.MockMvcSecurityConfiguration, org.springframework.boot.test.autoconfigure.web.reactive.WebTestClientAutoConfiguration]], org.springframework.boot.test.context.filter.ExcludeFilterContextCustomizer@2f16c6b3, org.springframework.boot.test.json.DuplicateJsonObjectContextCustomizerFactory$DuplicateJsonObjectContextCustomizer@53941c2f, org.springframework.boot.test.mock.mockito.MockitoContextCustomizer@0, org.springframework.boot.test.web.client.TestRestTemplateContextCustomizer@7e6ef134, org.springframework.boot.test.context.SpringBootTestArgs@1, org.springframework.boot.test.context.SpringBootTestWebEnvironment@6497b078], resourceBasePath = 'src/main/webapp', contextLoader = 'org.springframework.boot.test.context.SpringBootContextLoader', parent = [null]], attributes = map['org.springframework.test.context.web.ServletTestExecutionListener.activateListener' -> true]], class annotated with @DirtiesContext [false] with mode [null].

  .   ____          _            __ _ _
 /\\ / ___'_ __ _ _(_)_ __  __ _ \ \ \ \
( ( )\___ | '_ | '_| | '_ \/ _` | \ \ \ \
 \\/  ___)| |_)| | | | | || (_| |  ) ) ) )
  '  |____| .__|_| |_|_| |_\__, | / / / /
 =========|_|==============|___/=/_/_/_/
 :: Spring Boot ::                (v2.7.0)

2023-02-27 23:41:32.697  INFO 30159 --- [    Test worker] c.b.B.c.post.CreateEditDeleteTest        : Starting CreateEditDeleteTest using Java 17.0.2 on ijanghuiui-MacBookPro.local with PID 30159 (started by leeeehgnaj in /Users/leeeehgnaj/Desktop/Coding/Board_Upgraded)
2023-02-27 23:41:32.698  INFO 30159 --- [    Test worker] c.b.B.c.post.CreateEditDeleteTest        : The following 1 profile is active: "local"
2023-02-27 23:41:33.099  INFO 30159 --- [    Test worker] .s.d.r.c.RepositoryConfigurationDelegate : Bootstrapping Spring Data JPA repositories in DEFAULT mode.
2023-02-27 23:41:33.130  INFO 30159 --- [    Test worker] .s.d.r.c.RepositoryConfigurationDelegate : Finished Spring Data repository scanning in 28 ms. Found 3 JPA repository interfaces.
2023-02-27 23:41:33.445  INFO 30159 --- [    Test worker] o.hibernate.jpa.internal.util.LogHelper  : HHH000204: Processing PersistenceUnitInfo [name: default]
2023-02-27 23:41:33.468  INFO 30159 --- [    Test worker] org.hibernate.Version                    : HHH000412: Hibernate ORM core version 5.6.9.Final
2023-02-27 23:41:33.543  INFO 30159 --- [    Test worker] o.hibernate.annotations.common.Version   : HCANN000001: Hibernate Commons Annotations {5.1.2.Final}
2023-02-27 23:41:33.554 DEBUG 30159 --- [    Test worker] org.hibernate.type.BasicTypeRegistry     : Adding type registration boolean -> org.hibernate.type.BooleanType@24a3d414
2023-02-27 23:41:33.554 DEBUG 30159 --- [    Test worker] org.hibernate.type.BasicTypeRegistry     : Adding type registration boolean -> org.hibernate.type.BooleanType@24a3d414
2023-02-27 23:41:33.554 DEBUG 30159 --- [    Test worker] org.hibernate.type.BasicTypeRegistry     : Adding type registration java.lang.Boolean -> org.hibernate.type.BooleanType@24a3d414
2023-02-27 23:41:33.555 DEBUG 30159 --- [    Test worker] org.hibernate.type.BasicTypeRegistry     : Adding type registration numeric_boolean -> org.hibernate.type.NumericBooleanType@5871a482
2023-02-27 23:41:33.555 DEBUG 30159 --- [    Test worker] org.hibernate.type.BasicTypeRegistry     : Adding type registration true_false -> org.hibernate.type.TrueFalseType@58f7215c
2023-02-27 23:41:33.555 DEBUG 30159 --- [    Test worker] org.hibernate.type.BasicTypeRegistry     : Adding type registration yes_no -> org.hibernate.type.YesNoType@1d7f2f0a
2023-02-27 23:41:33.555 DEBUG 30159 --- [    Test worker] org.hibernate.type.BasicTypeRegistry     : Adding type registration byte -> org.hibernate.type.ByteType@ff1f465
2023-02-27 23:41:33.556 DEBUG 30159 --- [    Test worker] org.hibernate.type.BasicTypeRegistry     : Adding type registration byte -> org.hibernate.type.ByteType@ff1f465
2023-02-27 23:41:33.556 DEBUG 30159 --- [    Test worker] org.hibernate.type.BasicTypeRegistry     : Adding type registration java.lang.Byte -> org.hibernate.type.ByteType@ff1f465
2023-02-27 23:41:33.556 DEBUG 30159 --- [    Test worker] org.hibernate.type.BasicTypeRegistry     : Adding type registration character -> org.hibernate.type.CharacterType@e97f115
2023-02-27 23:41:33.556 DEBUG 30159 --- [    Test worker] org.hibernate.type.BasicTypeRegistry     : Adding type registration char -> org.hibernate.type.CharacterType@e97f115
2023-02-27 23:41:33.556 DEBUG 30159 --- [    Test worker] org.hibernate.type.BasicTypeRegistry     : Adding type registration java.lang.Character -> org.hibernate.type.CharacterType@e97f115
2023-02-27 23:41:33.556 DEBUG 30159 --- [    Test worker] org.hibernate.type.BasicTypeRegistry     : Adding type registration short -> org.hibernate.type.ShortType@1e29a81a
2023-02-27 23:41:33.556 DEBUG 30159 --- [    Test worker] org.hibernate.type.BasicTypeRegistry     : Adding type registration short -> org.hibernate.type.ShortType@1e29a81a
2023-02-27 23:41:33.556 DEBUG 30159 --- [    Test worker] org.hibernate.type.BasicTypeRegistry     : Adding type registration java.lang.Short -> org.hibernate.type.ShortType@1e29a81a
2023-02-27 23:41:33.557 DEBUG 30159 --- [    Test worker] org.hibernate.type.BasicTypeRegistry     : Adding type registration integer -> org.hibernate.type.IntegerType@305aaedf
2023-02-27 23:41:33.557 DEBUG 30159 --- [    Test worker] org.hibernate.type.BasicTypeRegistry     : Adding type registration int -> org.hibernate.type.IntegerType@305aaedf
2023-02-27 23:41:33.557 DEBUG 30159 --- [    Test worker] org.hibernate.type.BasicTypeRegistry     : Adding type registration java.lang.Integer -> org.hibernate.type.IntegerType@305aaedf
2023-02-27 23:41:33.557 DEBUG 30159 --- [    Test worker] org.hibernate.type.BasicTypeRegistry     : Adding type registration long -> org.hibernate.type.LongType@69d2e517
2023-02-27 23:41:33.557 DEBUG 30159 --- [    Test worker] org.hibernate.type.BasicTypeRegistry     : Adding type registration long -> org.hibernate.type.LongType@69d2e517
2023-02-27 23:41:33.557 DEBUG 30159 --- [    Test worker] org.hibernate.type.BasicTypeRegistry     : Adding type registration java.lang.Long -> org.hibernate.type.LongType@69d2e517
2023-02-27 23:41:33.558 DEBUG 30159 --- [    Test worker] org.hibernate.type.BasicTypeRegistry     : Adding type registration float -> org.hibernate.type.FloatType@2404abe2
2023-02-27 23:41:33.558 DEBUG 30159 --- [    Test worker] org.hibernate.type.BasicTypeRegistry     : Adding type registration float -> org.hibernate.type.FloatType@2404abe2
2023-02-27 23:41:33.558 DEBUG 30159 --- [    Test worker] org.hibernate.type.BasicTypeRegistry     : Adding type registration java.lang.Float -> org.hibernate.type.FloatType@2404abe2
2023-02-27 23:41:33.558 DEBUG 30159 --- [    Test worker] org.hibernate.type.BasicTypeRegistry     : Adding type registration double -> org.hibernate.type.DoubleType@6113a26f
2023-02-27 23:41:33.558 DEBUG 30159 --- [    Test worker] org.hibernate.type.BasicTypeRegistry     : Adding type registration double -> org.hibernate.type.DoubleType@6113a26f
2023-02-27 23:41:33.558 DEBUG 30159 --- [    Test worker] org.hibernate.type.BasicTypeRegistry     : Adding type registration java.lang.Double -> org.hibernate.type.DoubleType@6113a26f
2023-02-27 23:41:33.558 DEBUG 30159 --- [    Test worker] org.hibernate.type.BasicTypeRegistry     : Adding type registration big_decimal -> org.hibernate.type.BigDecimalType@68d8eb4f
2023-02-27 23:41:33.558 DEBUG 30159 --- [    Test worker] org.hibernate.type.BasicTypeRegistry     : Adding type registration java.math.BigDecimal -> org.hibernate.type.BigDecimalType@68d8eb4f
2023-02-27 23:41:33.559 DEBUG 30159 --- [    Test worker] org.hibernate.type.BasicTypeRegistry     : Adding type registration big_integer -> org.hibernate.type.BigIntegerType@24a8e40d
2023-02-27 23:41:33.559 DEBUG 30159 --- [    Test worker] org.hibernate.type.BasicTypeRegistry     : Adding type registration java.math.BigInteger -> org.hibernate.type.BigIntegerType@24a8e40d
2023-02-27 23:41:33.559 DEBUG 30159 --- [    Test worker] org.hibernate.type.BasicTypeRegistry     : Adding type registration string -> org.hibernate.type.StringType@1f7336b2
2023-02-27 23:41:33.559 DEBUG 30159 --- [    Test worker] org.hibernate.type.BasicTypeRegistry     : Adding type registration java.lang.String -> org.hibernate.type.StringType@1f7336b2
2023-02-27 23:41:33.560 DEBUG 30159 --- [    Test worker] org.hibernate.type.BasicTypeRegistry     : Adding type registration nstring -> org.hibernate.type.StringNVarcharType@5403431a
2023-02-27 23:41:33.560 DEBUG 30159 --- [    Test worker] org.hibernate.type.BasicTypeRegistry     : Adding type registration ncharacter -> org.hibernate.type.CharacterNCharType@386e9fd8
2023-02-27 23:41:33.560 DEBUG 30159 --- [    Test worker] org.hibernate.type.BasicTypeRegistry     : Adding type registration url -> org.hibernate.type.UrlType@8af1c49
2023-02-27 23:41:33.560 DEBUG 30159 --- [    Test worker] org.hibernate.type.BasicTypeRegistry     : Adding type registration java.net.URL -> org.hibernate.type.UrlType@8af1c49
2023-02-27 23:41:33.560 DEBUG 30159 --- [    Test worker] org.hibernate.type.BasicTypeRegistry     : Adding type registration Duration -> org.hibernate.type.DurationType@59d5c537
2023-02-27 23:41:33.560 DEBUG 30159 --- [    Test worker] org.hibernate.type.BasicTypeRegistry     : Adding type registration java.time.Duration -> org.hibernate.type.DurationType@59d5c537
2023-02-27 23:41:33.561 DEBUG 30159 --- [    Test worker] org.hibernate.type.BasicTypeRegistry     : Adding type registration Instant -> org.hibernate.type.InstantType@13c90c06
2023-02-27 23:41:33.561 DEBUG 30159 --- [    Test worker] org.hibernate.type.BasicTypeRegistry     : Adding type registration java.time.Instant -> org.hibernate.type.InstantType@13c90c06
2023-02-27 23:41:33.561 DEBUG 30159 --- [    Test worker] org.hibernate.type.BasicTypeRegistry     : Adding type registration LocalDateTime -> org.hibernate.type.LocalDateTimeType@29892a77
2023-02-27 23:41:33.561 DEBUG 30159 --- [    Test worker] org.hibernate.type.BasicTypeRegistry     : Adding type registration java.time.LocalDateTime -> org.hibernate.type.LocalDateTimeType@29892a77
2023-02-27 23:41:33.562 DEBUG 30159 --- [    Test worker] org.hibernate.type.BasicTypeRegistry     : Adding type registration LocalDate -> org.hibernate.type.LocalDateType@37a3ec27
2023-02-27 23:41:33.562 DEBUG 30159 --- [    Test worker] org.hibernate.type.BasicTypeRegistry     : Adding type registration java.time.LocalDate -> org.hibernate.type.LocalDateType@37a3ec27
2023-02-27 23:41:33.562 DEBUG 30159 --- [    Test worker] org.hibernate.type.BasicTypeRegistry     : Adding type registration LocalTime -> org.hibernate.type.LocalTimeType@4537880f
2023-02-27 23:41:33.562 DEBUG 30159 --- [    Test worker] org.hibernate.type.BasicTypeRegistry     : Adding type registration java.time.LocalTime -> org.hibernate.type.LocalTimeType@4537880f
2023-02-27 23:41:33.562 DEBUG 30159 --- [    Test worker] org.hibernate.type.BasicTypeRegistry     : Adding type registration OffsetDateTime -> org.hibernate.type.OffsetDateTimeType@10d98940
2023-02-27 23:41:33.563 DEBUG 30159 --- [    Test worker] org.hibernate.type.BasicTypeRegistry     : Adding type registration java.time.OffsetDateTime -> org.hibernate.type.OffsetDateTimeType@10d98940
2023-02-27 23:41:33.563 DEBUG 30159 --- [    Test worker] org.hibernate.type.BasicTypeRegistry     : Adding type registration OffsetTime -> org.hibernate.type.OffsetTimeType@1d1cfe4
2023-02-27 23:41:33.563 DEBUG 30159 --- [    Test worker] org.hibernate.type.BasicTypeRegistry     : Adding type registration java.time.OffsetTime -> org.hibernate.type.OffsetTimeType@1d1cfe4
2023-02-27 23:41:33.563 DEBUG 30159 --- [    Test worker] org.hibernate.type.BasicTypeRegistry     : Adding type registration ZonedDateTime -> org.hibernate.type.ZonedDateTimeType@7e50eeb9
2023-02-27 23:41:33.563 DEBUG 30159 --- [    Test worker] org.hibernate.type.BasicTypeRegistry     : Adding type registration java.time.ZonedDateTime -> org.hibernate.type.ZonedDateTimeType@7e50eeb9
2023-02-27 23:41:33.564 DEBUG 30159 --- [    Test worker] org.hibernate.type.BasicTypeRegistry     : Adding type registration date -> org.hibernate.type.DateType@cae2a97
2023-02-27 23:41:33.564 DEBUG 30159 --- [    Test worker] org.hibernate.type.BasicTypeRegistry     : Adding type registration java.sql.Date -> org.hibernate.type.DateType@cae2a97
2023-02-27 23:41:33.564 DEBUG 30159 --- [    Test worker] org.hibernate.type.BasicTypeRegistry     : Adding type registration time -> org.hibernate.type.TimeType@2a631049
2023-02-27 23:41:33.565 DEBUG 30159 --- [    Test worker] org.hibernate.type.BasicTypeRegistry     : Adding type registration java.sql.Time -> org.hibernate.type.TimeType@2a631049
2023-02-27 23:41:33.565 DEBUG 30159 --- [    Test worker] org.hibernate.type.BasicTypeRegistry     : Adding type registration timestamp -> org.hibernate.type.TimestampType@59a94d0f
2023-02-27 23:41:33.565 DEBUG 30159 --- [    Test worker] org.hibernate.type.BasicTypeRegistry     : Adding type registration java.sql.Timestamp -> org.hibernate.type.TimestampType@59a94d0f
2023-02-27 23:41:33.565 DEBUG 30159 --- [    Test worker] org.hibernate.type.BasicTypeRegistry     : Adding type registration java.util.Date -> org.hibernate.type.TimestampType@59a94d0f
2023-02-27 23:41:33.566 DEBUG 30159 --- [    Test worker] org.hibernate.type.BasicTypeRegistry     : Adding type registration dbtimestamp -> org.hibernate.type.DbTimestampType@150f41b9
2023-02-27 23:41:33.566 DEBUG 30159 --- [    Test worker] org.hibernate.type.BasicTypeRegistry     : Adding type registration calendar -> org.hibernate.type.CalendarType@280484c7
2023-02-27 23:41:33.566 DEBUG 30159 --- [    Test worker] org.hibernate.type.BasicTypeRegistry     : Adding type registration java.util.Calendar -> org.hibernate.type.CalendarType@280484c7
2023-02-27 23:41:33.566 DEBUG 30159 --- [    Test worker] org.hibernate.type.BasicTypeRegistry     : Adding type registration java.util.GregorianCalendar -> org.hibernate.type.CalendarType@280484c7
2023-02-27 23:41:33.566 DEBUG 30159 --- [    Test worker] org.hibernate.type.BasicTypeRegistry     : Adding type registration calendar_date -> org.hibernate.type.CalendarDateType@7417ef4f
2023-02-27 23:41:33.566 DEBUG 30159 --- [    Test worker] org.hibernate.type.BasicTypeRegistry     : Adding type registration calendar_time -> org.hibernate.type.CalendarTimeType@222d9d4f
2023-02-27 23:41:33.567 DEBUG 30159 --- [    Test worker] org.hibernate.type.BasicTypeRegistry     : Adding type registration locale -> org.hibernate.type.LocaleType@18d610e1
2023-02-27 23:41:33.567 DEBUG 30159 --- [    Test worker] org.hibernate.type.BasicTypeRegistry     : Adding type registration java.util.Locale -> org.hibernate.type.LocaleType@18d610e1
2023-02-27 23:41:33.567 DEBUG 30159 --- [    Test worker] org.hibernate.type.BasicTypeRegistry     : Adding type registration currency -> org.hibernate.type.CurrencyType@38ef1a0a
2023-02-27 23:41:33.567 DEBUG 30159 --- [    Test worker] org.hibernate.type.BasicTypeRegistry     : Adding type registration java.util.Currency -> org.hibernate.type.CurrencyType@38ef1a0a
2023-02-27 23:41:33.567 DEBUG 30159 --- [    Test worker] org.hibernate.type.BasicTypeRegistry     : Adding type registration timezone -> org.hibernate.type.TimeZoneType@27db45f
2023-02-27 23:41:33.568 DEBUG 30159 --- [    Test worker] org.hibernate.type.BasicTypeRegistry     : Adding type registration java.util.TimeZone -> org.hibernate.type.TimeZoneType@27db45f
2023-02-27 23:41:33.568 DEBUG 30159 --- [    Test worker] org.hibernate.type.BasicTypeRegistry     : Adding type registration class -> org.hibernate.type.ClassType@1ed9d173
2023-02-27 23:41:33.568 DEBUG 30159 --- [    Test worker] org.hibernate.type.BasicTypeRegistry     : Adding type registration java.lang.Class -> org.hibernate.type.ClassType@1ed9d173
2023-02-27 23:41:33.568 DEBUG 30159 --- [    Test worker] org.hibernate.type.BasicTypeRegistry     : Adding type registration uuid-binary -> org.hibernate.type.UUIDBinaryType@1760e594
2023-02-27 23:41:33.568 DEBUG 30159 --- [    Test worker] org.hibernate.type.BasicTypeRegistry     : Adding type registration java.util.UUID -> org.hibernate.type.UUIDBinaryType@1760e594
2023-02-27 23:41:33.568 DEBUG 30159 --- [    Test worker] org.hibernate.type.BasicTypeRegistry     : Adding type registration uuid-char -> org.hibernate.type.UUIDCharType@146f3d22
2023-02-27 23:41:33.569 DEBUG 30159 --- [    Test worker] org.hibernate.type.BasicTypeRegistry     : Adding type registration binary -> org.hibernate.type.BinaryType@503556cb
2023-02-27 23:41:33.569 DEBUG 30159 --- [    Test worker] org.hibernate.type.BasicTypeRegistry     : Adding type registration byte[] -> org.hibernate.type.BinaryType@503556cb
2023-02-27 23:41:33.569 DEBUG 30159 --- [    Test worker] org.hibernate.type.BasicTypeRegistry     : Adding type registration [B -> org.hibernate.type.BinaryType@503556cb
2023-02-27 23:41:33.569 DEBUG 30159 --- [    Test worker] org.hibernate.type.BasicTypeRegistry     : Adding type registration wrapper-binary -> org.hibernate.type.WrapperBinaryType@5922cff3
2023-02-27 23:41:33.569 DEBUG 30159 --- [    Test worker] org.hibernate.type.BasicTypeRegistry     : Adding type registration Byte[] -> org.hibernate.type.WrapperBinaryType@5922cff3
2023-02-27 23:41:33.569 DEBUG 30159 --- [    Test worker] org.hibernate.type.BasicTypeRegistry     : Adding type registration [Ljava.lang.Byte; -> org.hibernate.type.WrapperBinaryType@5922cff3
2023-02-27 23:41:33.569 DEBUG 30159 --- [    Test worker] org.hibernate.type.BasicTypeRegistry     : Adding type registration row_version -> org.hibernate.type.RowVersionType@2d801d8
2023-02-27 23:41:33.570 DEBUG 30159 --- [    Test worker] org.hibernate.type.BasicTypeRegistry     : Adding type registration image -> org.hibernate.type.ImageType@6b9a1205
2023-02-27 23:41:33.570 DEBUG 30159 --- [    Test worker] org.hibernate.type.BasicTypeRegistry     : Adding type registration characters -> org.hibernate.type.CharArrayType@536da29c
2023-02-27 23:41:33.570 DEBUG 30159 --- [    Test worker] org.hibernate.type.BasicTypeRegistry     : Adding type registration char[] -> org.hibernate.type.CharArrayType@536da29c
2023-02-27 23:41:33.570 DEBUG 30159 --- [    Test worker] org.hibernate.type.BasicTypeRegistry     : Adding type registration [C -> org.hibernate.type.CharArrayType@536da29c
2023-02-27 23:41:33.570 DEBUG 30159 --- [    Test worker] org.hibernate.type.BasicTypeRegistry     : Adding type registration wrapper-characters -> org.hibernate.type.CharacterArrayType@2c2a7d53
2023-02-27 23:41:33.570 DEBUG 30159 --- [    Test worker] org.hibernate.type.BasicTypeRegistry     : Adding type registration [Ljava.lang.Character; -> org.hibernate.type.CharacterArrayType@2c2a7d53
2023-02-27 23:41:33.570 DEBUG 30159 --- [    Test worker] org.hibernate.type.BasicTypeRegistry     : Adding type registration Character[] -> org.hibernate.type.CharacterArrayType@2c2a7d53
2023-02-27 23:41:33.570 DEBUG 30159 --- [    Test worker] org.hibernate.type.BasicTypeRegistry     : Adding type registration text -> org.hibernate.type.TextType@57b1ec84
2023-02-27 23:41:33.570 DEBUG 30159 --- [    Test worker] org.hibernate.type.BasicTypeRegistry     : Adding type registration ntext -> org.hibernate.type.NTextType@5a82bc58
2023-02-27 23:41:33.571 DEBUG 30159 --- [    Test worker] org.hibernate.type.BasicTypeRegistry     : Adding type registration blob -> org.hibernate.type.BlobType@65af05b2
2023-02-27 23:41:33.572 DEBUG 30159 --- [    Test worker] org.hibernate.type.BasicTypeRegistry     : Adding type registration java.sql.Blob -> org.hibernate.type.BlobType@65af05b2
2023-02-27 23:41:33.572 DEBUG 30159 --- [    Test worker] org.hibernate.type.BasicTypeRegistry     : Adding type registration materialized_blob -> org.hibernate.type.MaterializedBlobType@604c7e9b
2023-02-27 23:41:33.572 DEBUG 30159 --- [    Test worker] org.hibernate.type.BasicTypeRegistry     : Adding type registration clob -> org.hibernate.type.ClobType@29f3185c
2023-02-27 23:41:33.572 DEBUG 30159 --- [    Test worker] org.hibernate.type.BasicTypeRegistry     : Adding type registration java.sql.Clob -> org.hibernate.type.ClobType@29f3185c
2023-02-27 23:41:33.573 DEBUG 30159 --- [    Test worker] org.hibernate.type.BasicTypeRegistry     : Adding type registration nclob -> org.hibernate.type.NClobType@28ce75ec
2023-02-27 23:41:33.573 DEBUG 30159 --- [    Test worker] org.hibernate.type.BasicTypeRegistry     : Adding type registration java.sql.NClob -> org.hibernate.type.NClobType@28ce75ec
2023-02-27 23:41:33.573 DEBUG 30159 --- [    Test worker] org.hibernate.type.BasicTypeRegistry     : Adding type registration materialized_clob -> org.hibernate.type.MaterializedClobType@401926df
2023-02-27 23:41:33.573 DEBUG 30159 --- [    Test worker] org.hibernate.type.BasicTypeRegistry     : Adding type registration materialized_nclob -> org.hibernate.type.MaterializedNClobType@5d01b0d8
2023-02-27 23:41:33.573 DEBUG 30159 --- [    Test worker] org.hibernate.type.BasicTypeRegistry     : Adding type registration serializable -> org.hibernate.type.SerializableType@7752c0e7
2023-02-27 23:41:33.574 DEBUG 30159 --- [    Test worker] org.hibernate.type.BasicTypeRegistry     : Adding type registration object -> org.hibernate.type.ObjectType@147c00aa
2023-02-27 23:41:33.574 DEBUG 30159 --- [    Test worker] org.hibernate.type.BasicTypeRegistry     : Adding type registration java.lang.Object -> org.hibernate.type.ObjectType@147c00aa
2023-02-27 23:41:33.575 DEBUG 30159 --- [    Test worker] org.hibernate.type.BasicTypeRegistry     : Adding type registration imm_date -> org.hibernate.type.AdaptedImmutableType@74bdfa0b
2023-02-27 23:41:33.575 DEBUG 30159 --- [    Test worker] org.hibernate.type.BasicTypeRegistry     : Adding type registration imm_time -> org.hibernate.type.AdaptedImmutableType@68a5aadd
2023-02-27 23:41:33.575 DEBUG 30159 --- [    Test worker] org.hibernate.type.BasicTypeRegistry     : Adding type registration imm_timestamp -> org.hibernate.type.AdaptedImmutableType@1c2096c6
2023-02-27 23:41:33.575 DEBUG 30159 --- [    Test worker] org.hibernate.type.BasicTypeRegistry     : Adding type registration imm_dbtimestamp -> org.hibernate.type.AdaptedImmutableType@1a89414e
2023-02-27 23:41:33.575 DEBUG 30159 --- [    Test worker] org.hibernate.type.BasicTypeRegistry     : Adding type registration imm_calendar -> org.hibernate.type.AdaptedImmutableType@17f8db6
2023-02-27 23:41:33.575 DEBUG 30159 --- [    Test worker] org.hibernate.type.BasicTypeRegistry     : Adding type registration imm_calendar_date -> org.hibernate.type.AdaptedImmutableType@44492c06
2023-02-27 23:41:33.575 DEBUG 30159 --- [    Test worker] org.hibernate.type.BasicTypeRegistry     : Adding type registration imm_binary -> org.hibernate.type.AdaptedImmutableType@5c4714ef
2023-02-27 23:41:33.575 DEBUG 30159 --- [    Test worker] org.hibernate.type.BasicTypeRegistry     : Adding type registration imm_serializable -> org.hibernate.type.AdaptedImmutableType@c94bd18
2023-02-27 23:41:33.590  INFO 30159 --- [    Test worker] com.zaxxer.hikari.HikariDataSource       : HikariPool-1 - Starting...
2023-02-27 23:41:33.631  INFO 30159 --- [    Test worker] com.zaxxer.hikari.HikariDataSource       : HikariPool-1 - Start completed.
2023-02-27 23:41:33.643  INFO 30159 --- [    Test worker] org.hibernate.dialect.Dialect            : HHH000400: Using dialect: org.hibernate.dialect.H2Dialect
2023-02-27 23:41:33.656 DEBUG 30159 --- [    Test worker] o.h.type.spi.TypeConfiguration$Scope     : Scoping TypeConfiguration [org.hibernate.type.spi.TypeConfiguration@14239223] to MetadataBuildingContext [org.hibernate.boot.internal.MetadataBuildingContextRootImpl@68df8c6]
2023-02-27 23:41:33.771 DEBUG 30159 --- [    Test worker] org.hibernate.type.EnumType              : Using NAMED-based conversion for Enum com.board.Board_Upgraded.entity.member.Role
2023-02-27 23:41:33.772 DEBUG 30159 --- [    Test worker] o.h.type.spi.TypeConfiguration$Scope     : Scoping TypeConfiguration [org.hibernate.type.spi.TypeConfiguration@14239223] to SessionFactoryImpl [org.hibernate.internal.SessionFactoryImpl@3134b261]
2023-02-27 23:41:33.909 DEBUG 30159 --- [    Test worker] org.hibernate.SQL                        : 
    
    drop table if exists member CASCADE 
2023-02-27 23:41:33.911 DEBUG 30159 --- [    Test worker] org.hibernate.SQL                        : 
    
    drop table if exists post CASCADE 
2023-02-27 23:41:33.912 DEBUG 30159 --- [    Test worker] org.hibernate.SQL                        : 
    
    drop table if exists refresh_token CASCADE 
2023-02-27 23:41:33.913 DEBUG 30159 --- [    Test worker] org.hibernate.SQL                        : 
    
    create table member (
       id bigint generated by default as identity,
        created_time timestamp not null,
        last_modified_time timestamp not null,
        member_email varchar(255),
        member_nickname varchar(255),
        member_password varchar(255),
        member_role varchar(255),
        member_username varchar(255),
        primary key (id)
    )
2023-02-27 23:41:33.914 DEBUG 30159 --- [    Test worker] org.hibernate.SQL                        : 
    
    create table post (
       id bigint generated by default as identity,
        created_time timestamp not null,
        last_modified_time timestamp not null,
        content varchar(255),
        title varchar(255),
        member_id bigint,
        primary key (id)
    )
2023-02-27 23:41:33.915 DEBUG 30159 --- [    Test worker] org.hibernate.SQL                        : 
    
    create table refresh_token (
       rt_key varchar(255) not null,
        rt_value varchar(255),
        primary key (rt_key)
    )
2023-02-27 23:41:33.915 DEBUG 30159 --- [    Test worker] org.hibernate.SQL                        : 
    
    alter table post 
       add constraint FK83s99f4kx8oiqm3ro0sasmpww 
       foreign key (member_id) 
       references member
2023-02-27 23:41:33.917  INFO 30159 --- [    Test worker] o.h.e.t.j.p.i.JtaPlatformInitiator       : HHH000490: Using JtaPlatform implementation: [org.hibernate.engine.transaction.jta.platform.internal.NoJtaPlatform]
2023-02-27 23:41:33.919 TRACE 30159 --- [    Test worker] o.h.type.spi.TypeConfiguration$Scope     : Handling #sessionFactoryCreated from [org.hibernate.internal.SessionFactoryImpl@3134b261] for TypeConfiguration
2023-02-27 23:41:33.919  INFO 30159 --- [    Test worker] j.LocalContainerEntityManagerFactoryBean : Initialized JPA EntityManagerFactory for persistence unit 'default'
2023-02-27 23:41:34.286  WARN 30159 --- [    Test worker] JpaBaseConfiguration$JpaWebConfiguration : spring.jpa.open-in-view is enabled by default. Therefore, database queries may be performed during view rendering. Explicitly configure spring.jpa.open-in-view to disable this warning
2023-02-27 23:41:34.461  INFO 30159 --- [    Test worker] o.s.s.web.DefaultSecurityFilterChain     : Will secure any request with [org.springframework.security.web.session.DisableEncodeUrlFilter@d98ce13, org.springframework.security.web.context.request.async.WebAsyncManagerIntegrationFilter@1e86b2d1, org.springframework.security.web.context.SecurityContextPersistenceFilter@7fb2645b, org.springframework.security.web.header.HeaderWriterFilter@69c335c4, org.springframework.web.filter.CorsFilter@175745fc, org.springframework.security.web.authentication.logout.LogoutFilter@77902ed6, com.board.Board_Upgraded.config.jwt.JwtFilter@65029fc, org.springframework.security.web.savedrequest.RequestCacheAwareFilter@17b9c9ff, org.springframework.security.web.servletapi.SecurityContextHolderAwareRequestFilter@7b45f7ef, org.springframework.security.web.authentication.AnonymousAuthenticationFilter@4865434e, org.springframework.security.web.session.SessionManagementFilter@3b3dc752, org.springframework.security.web.access.ExceptionTranslationFilter@52518ee1, org.springframework.security.web.access.intercept.FilterSecurityInterceptor@823f978]
2023-02-27 23:41:34.755  INFO 30159 --- [    Test worker] o.s.b.t.m.w.SpringBootMockServletContext : Initializing Spring TestDispatcherServlet ''
2023-02-27 23:41:34.755  INFO 30159 --- [    Test worker] o.s.t.web.servlet.TestDispatcherServlet  : Initializing Servlet ''
2023-02-27 23:41:34.756  INFO 30159 --- [    Test worker] o.s.t.web.servlet.TestDispatcherServlet  : Completed initialization in 1 ms
2023-02-27 23:41:34.901  INFO 30159 --- [    Test worker] c.b.B.c.post.CreateEditDeleteTest        : Started CreateEditDeleteTest in 2.348 seconds (JVM running for 2.807)
2023-02-27 23:41:35.020 DEBUG 30159 --- [    Test worker] org.hibernate.SQL                        : 
    select
        post0_.id as id1_1_,
        post0_.created_time as created_2_1_,
        post0_.last_modified_time as last_mod3_1_,
        post0_.content as content4_1_,
        post0_.member_id as member_i6_1_,
        post0_.title as title5_1_ 
    from
        post post0_
2023-02-27 23:41:35.031 DEBUG 30159 --- [    Test worker] org.hibernate.SQL                        : 
    select
        member0_.id as id1_0_,
        member0_.created_time as created_2_0_,
        member0_.last_modified_time as last_mod3_0_,
        member0_.member_email as member_e4_0_,
        member0_.member_nickname as member_n5_0_,
        member0_.member_password as member_p6_0_,
        member0_.member_role as member_r7_0_,
        member0_.member_username as member_u8_0_ 
    from
        member member0_
2023-02-27 23:41:35.041 DEBUG 30159 --- [    Test worker] org.hibernate.SQL                        : 
    select
        member0_.id as id1_0_,
        member0_.created_time as created_2_0_,
        member0_.last_modified_time as last_mod3_0_,
        member0_.member_email as member_e4_0_,
        member0_.member_nickname as member_n5_0_,
        member0_.member_password as member_p6_0_,
        member0_.member_role as member_r7_0_,
        member0_.member_username as member_u8_0_ 
    from
        member member0_ 
    where
        member0_.member_username=?
2023-02-27 23:41:35.042 TRACE 30159 --- [    Test worker] o.h.type.descriptor.sql.BasicBinder      : binding parameter [1] as [VARCHAR] - [test]
2023-02-27 23:41:35.044 DEBUG 30159 --- [    Test worker] org.hibernate.SQL                        : 
    select
        member0_.id as id1_0_,
        member0_.created_time as created_2_0_,
        member0_.last_modified_time as last_mod3_0_,
        member0_.member_email as member_e4_0_,
        member0_.member_nickname as member_n5_0_,
        member0_.member_password as member_p6_0_,
        member0_.member_role as member_r7_0_,
        member0_.member_username as member_u8_0_ 
    from
        member member0_ 
    where
        member0_.member_nickname=?
2023-02-27 23:41:35.044 TRACE 30159 --- [    Test worker] o.h.type.descriptor.sql.BasicBinder      : binding parameter [1] as [VARCHAR] - [test]
2023-02-27 23:41:35.046 DEBUG 30159 --- [    Test worker] org.hibernate.SQL                        : 
    select
        member0_.id as id1_0_,
        member0_.created_time as created_2_0_,
        member0_.last_modified_time as last_mod3_0_,
        member0_.member_email as member_e4_0_,
        member0_.member_nickname as member_n5_0_,
        member0_.member_password as member_p6_0_,
        member0_.member_role as member_r7_0_,
        member0_.member_username as member_u8_0_ 
    from
        member member0_ 
    where
        member0_.member_email=?
2023-02-27 23:41:35.046 TRACE 30159 --- [    Test worker] o.h.type.descriptor.sql.BasicBinder      : binding parameter [1] as [VARCHAR] - [test@test.com]
2023-02-27 23:41:35.150 DEBUG 30159 --- [    Test worker] org.hibernate.SQL                        : 
    insert 
    into
        member
        (id, created_time, last_modified_time, member_email, member_nickname, member_password, member_role, member_username) 
    values
        (default, ?, ?, ?, ?, ?, ?, ?)
2023-02-27 23:41:35.151 TRACE 30159 --- [    Test worker] o.h.type.descriptor.sql.BasicBinder      : binding parameter [1] as [TIMESTAMP] - [2023-02-27T23:41:35.137185]
2023-02-27 23:41:35.152 TRACE 30159 --- [    Test worker] o.h.type.descriptor.sql.BasicBinder      : binding parameter [2] as [TIMESTAMP] - [2023-02-27T23:41:35.128701]
2023-02-27 23:41:35.152 TRACE 30159 --- [    Test worker] o.h.type.descriptor.sql.BasicBinder      : binding parameter [3] as [VARCHAR] - [test@test.com]
2023-02-27 23:41:35.152 TRACE 30159 --- [    Test worker] o.h.type.descriptor.sql.BasicBinder      : binding parameter [4] as [VARCHAR] - [test]
2023-02-27 23:41:35.152 TRACE 30159 --- [    Test worker] o.h.type.descriptor.sql.BasicBinder      : binding parameter [5] as [VARCHAR] - [$2a$10$DiYE1DaA/S58S/zeGZJILuVkSOS5qyQq4lbnXckA.3eOD.oV4iHo.]
2023-02-27 23:41:35.152 TRACE 30159 --- [    Test worker] o.h.type.descriptor.sql.BasicBinder      : binding parameter [6] as [VARCHAR] - [USER]
2023-02-27 23:41:35.152 TRACE 30159 --- [    Test worker] o.h.type.descriptor.sql.BasicBinder      : binding parameter [7] as [VARCHAR] - [test]
2023-02-27 23:41:35.158 DEBUG 30159 --- [    Test worker] org.hibernate.SQL                        : 
    select
        member0_.id as id1_0_,
        member0_.created_time as created_2_0_,
        member0_.last_modified_time as last_mod3_0_,
        member0_.member_email as member_e4_0_,
        member0_.member_nickname as member_n5_0_,
        member0_.member_password as member_p6_0_,
        member0_.member_role as member_r7_0_,
        member0_.member_username as member_u8_0_ 
    from
        member member0_ 
    where
        member0_.member_username=?
2023-02-27 23:41:35.158 TRACE 30159 --- [    Test worker] o.h.type.descriptor.sql.BasicBinder      : binding parameter [1] as [VARCHAR] - [test]
2023-02-27 23:41:35.159 TRACE 30159 --- [    Test worker] o.h.type.descriptor.sql.BasicExtractor   : extracted value ([id1_0_] : [BIGINT]) - [1]
2023-02-27 23:41:35.160 TRACE 30159 --- [    Test worker] o.h.type.descriptor.sql.BasicExtractor   : extracted value ([created_2_0_] : [TIMESTAMP]) - [2023-02-27T23:41:35.137185]
2023-02-27 23:41:35.160 TRACE 30159 --- [    Test worker] o.h.type.descriptor.sql.BasicExtractor   : extracted value ([last_mod3_0_] : [TIMESTAMP]) - [2023-02-27T23:41:35.128701]
2023-02-27 23:41:35.160 TRACE 30159 --- [    Test worker] o.h.type.descriptor.sql.BasicExtractor   : extracted value ([member_e4_0_] : [VARCHAR]) - [test@test.com]
2023-02-27 23:41:35.160 TRACE 30159 --- [    Test worker] o.h.type.descriptor.sql.BasicExtractor   : extracted value ([member_n5_0_] : [VARCHAR]) - [test]
2023-02-27 23:41:35.160 TRACE 30159 --- [    Test worker] o.h.type.descriptor.sql.BasicExtractor   : extracted value ([member_p6_0_] : [VARCHAR]) - [$2a$10$DiYE1DaA/S58S/zeGZJILuVkSOS5qyQq4lbnXckA.3eOD.oV4iHo.]
2023-02-27 23:41:35.160 TRACE 30159 --- [    Test worker] o.h.type.descriptor.sql.BasicExtractor   : extracted value ([member_r7_0_] : [VARCHAR]) - [USER]
2023-02-27 23:41:35.160 TRACE 30159 --- [    Test worker] o.h.type.descriptor.sql.BasicExtractor   : extracted value ([member_u8_0_] : [VARCHAR]) - [test]
2023-02-27 23:41:35.161 TRACE 30159 --- [    Test worker] org.hibernate.type.CollectionType        : Created collection wrapper: [com.board.Board_Upgraded.entity.member.Member.posts#1]
2023-02-27 23:41:35.313 DEBUG 30159 --- [    Test worker] org.hibernate.SQL                        : 
    select
        member0_.id as id1_0_,
        member0_.created_time as created_2_0_,
        member0_.last_modified_time as last_mod3_0_,
        member0_.member_email as member_e4_0_,
        member0_.member_nickname as member_n5_0_,
        member0_.member_password as member_p6_0_,
        member0_.member_role as member_r7_0_,
        member0_.member_username as member_u8_0_ 
    from
        member member0_ 
    where
        member0_.member_username=?
2023-02-27 23:41:35.314 TRACE 30159 --- [    Test worker] o.h.type.descriptor.sql.BasicBinder      : binding parameter [1] as [VARCHAR] - [test]
2023-02-27 23:41:35.314 TRACE 30159 --- [    Test worker] o.h.type.descriptor.sql.BasicExtractor   : extracted value ([id1_0_] : [BIGINT]) - [1]
2023-02-27 23:41:35.429 DEBUG 30159 --- [    Test worker] org.hibernate.SQL                        : 
    select
        refreshtok0_.rt_key as rt_key1_2_0_,
        refreshtok0_.rt_value as rt_value2_2_0_ 
    from
        refresh_token refreshtok0_ 
    where
        refreshtok0_.rt_key=?
2023-02-27 23:41:35.430 TRACE 30159 --- [    Test worker] o.h.type.descriptor.sql.BasicBinder      : binding parameter [1] as [VARCHAR] - [test]
2023-02-27 23:41:35.433 DEBUG 30159 --- [    Test worker] org.hibernate.SQL                        : 
    insert 
    into
        refresh_token
        (rt_value, rt_key) 
    values
        (?, ?)
2023-02-27 23:41:35.434 TRACE 30159 --- [    Test worker] o.h.type.descriptor.sql.BasicBinder      : binding parameter [1] as [VARCHAR] - [eyJhbGciOiJIUzUxMiJ9.eyJleHAiOjE2NzgxMTM2OTV9.AHFur14sBCIKSJsgttZuBJpzGF2u-tk3llbmlXmjAcjgXh3Wx1u7omqUutR8fZlG5WiGLg8Oagdx48688izZyg]
2023-02-27 23:41:35.434 TRACE 30159 --- [    Test worker] o.h.type.descriptor.sql.BasicBinder      : binding parameter [2] as [VARCHAR] - [test]

MockHttpServletRequest:
      HTTP Method = POST
      Request URI = /api/posts/write
       Parameters = {}
          Headers = [Content-Type:"application/json;charset=UTF-8", Authorization:"Bearer eyJhbGciOiJIUzUxMiJ9.eyJzdWIiOiJ0ZXN0IiwiYXV0aCI6IlVTRVIiLCJleHAiOjE2Nzc1OTUyOTV9.cHJZ0AWYXBiSXajpo4wgnldSSaqxom6zMhWWgtZzNBiXeXBL5qLCu7RTxZfWsVxm-u9cvoJXjqxU5QcvGYfTjQ", RefreshToken:"Bearer eyJhbGciOiJIUzUxMiJ9.eyJleHAiOjE2NzgxMTM2OTV9.AHFur14sBCIKSJsgttZuBJpzGF2u-tk3llbmlXmjAcjgXh3Wx1u7omqUutR8fZlG5WiGLg8Oagdx48688izZyg", Content-Length:"41"]
             Body = {"title":"제목입니다.","content":""}
    Session Attrs = {}

Handler:
             Type = com.board.Board_Upgraded.controller.post.PostController
           Method = com.board.Board_Upgraded.controller.post.PostController#write(WritePostRequestDto)

Async:
    Async started = false
     Async result = null

Resolved Exception:
             Type = org.springframework.web.bind.MethodArgumentNotValidException

ModelAndView:
        View name = null
             View = null
            Model = null

FlashMap:
       Attributes = null

MockHttpServletResponse:
           Status = 400
    Error message = null
          Headers = [Vary:"Origin", "Access-Control-Request-Method", "Access-Control-Request-Headers", Content-Type:"application/json", X-Content-Type-Options:"nosniff", X-XSS-Protection:"1; mode=block", Cache-Control:"no-cache, no-store, max-age=0, must-revalidate", Pragma:"no-cache", Expires:"0", X-Frame-Options:"DENY"]
     Content type = application/json
             Body = {"success":false,"code":400,"result":{"failMessage":"내용을 입력하세요."}}
    Forwarded URL = null
   Redirected URL = null
          Cookies = []
2023-02-27 23:41:35.550 DEBUG 30159 --- [    Test worker] org.hibernate.SQL                        : 
    select
        post0_.id as id1_1_,
        post0_.created_time as created_2_1_,
        post0_.last_modified_time as last_mod3_1_,
        post0_.content as content4_1_,
        post0_.member_id as member_i6_1_,
        post0_.title as title5_1_ 
    from
        post post0_
2023-02-27 23:41:35.552 DEBUG 30159 --- [    Test worker] org.hibernate.SQL                        : 
    select
        member0_.id as id1_0_,
        member0_.created_time as created_2_0_,
        member0_.last_modified_time as last_mod3_0_,
        member0_.member_email as member_e4_0_,
        member0_.member_nickname as member_n5_0_,
        member0_.member_password as member_p6_0_,
        member0_.member_role as member_r7_0_,
        member0_.member_username as member_u8_0_ 
    from
        member member0_
2023-02-27 23:41:35.552 TRACE 30159 --- [    Test worker] o.h.type.descriptor.sql.BasicExtractor   : extracted value ([id1_0_] : [BIGINT]) - [1]
2023-02-27 23:41:35.553 TRACE 30159 --- [    Test worker] o.h.type.descriptor.sql.BasicExtractor   : extracted value ([created_2_0_] : [TIMESTAMP]) - [2023-02-27T23:41:35.137185]
2023-02-27 23:41:35.553 TRACE 30159 --- [    Test worker] o.h.type.descriptor.sql.BasicExtractor   : extracted value ([last_mod3_0_] : [TIMESTAMP]) - [2023-02-27T23:41:35.128701]
2023-02-27 23:41:35.553 TRACE 30159 --- [    Test worker] o.h.type.descriptor.sql.BasicExtractor   : extracted value ([member_e4_0_] : [VARCHAR]) - [test@test.com]
2023-02-27 23:41:35.553 TRACE 30159 --- [    Test worker] o.h.type.descriptor.sql.BasicExtractor   : extracted value ([member_n5_0_] : [VARCHAR]) - [test]
2023-02-27 23:41:35.553 TRACE 30159 --- [    Test worker] o.h.type.descriptor.sql.BasicExtractor   : extracted value ([member_p6_0_] : [VARCHAR]) - [$2a$10$DiYE1DaA/S58S/zeGZJILuVkSOS5qyQq4lbnXckA.3eOD.oV4iHo.]
2023-02-27 23:41:35.553 TRACE 30159 --- [    Test worker] o.h.type.descriptor.sql.BasicExtractor   : extracted value ([member_r7_0_] : [VARCHAR]) - [USER]
2023-02-27 23:41:35.553 TRACE 30159 --- [    Test worker] o.h.type.descriptor.sql.BasicExtractor   : extracted value ([member_u8_0_] : [VARCHAR]) - [test]
2023-02-27 23:41:35.553 TRACE 30159 --- [    Test worker] org.hibernate.type.CollectionType        : Created collection wrapper: [com.board.Board_Upgraded.entity.member.Member.posts#1]
2023-02-27 23:41:35.555 DEBUG 30159 --- [    Test worker] org.hibernate.SQL                        : 
    delete 
    from
        member 
    where
        id=?
2023-02-27 23:41:35.555 TRACE 30159 --- [    Test worker] o.h.type.descriptor.sql.BasicBinder      : binding parameter [1] as [BIGINT] - [1]
2023-02-27 23:41:35.557 DEBUG 30159 --- [    Test worker] org.hibernate.SQL                        : 
    select
        member0_.id as id1_0_,
        member0_.created_time as created_2_0_,
        member0_.last_modified_time as last_mod3_0_,
        member0_.member_email as member_e4_0_,
        member0_.member_nickname as member_n5_0_,
        member0_.member_password as member_p6_0_,
        member0_.member_role as member_r7_0_,
        member0_.member_username as member_u8_0_ 
    from
        member member0_ 
    where
        member0_.member_username=?
2023-02-27 23:41:35.557 TRACE 30159 --- [    Test worker] o.h.type.descriptor.sql.BasicBinder      : binding parameter [1] as [VARCHAR] - [test]
2023-02-27 23:41:35.558 DEBUG 30159 --- [    Test worker] org.hibernate.SQL                        : 
    select
        member0_.id as id1_0_,
        member0_.created_time as created_2_0_,
        member0_.last_modified_time as last_mod3_0_,
        member0_.member_email as member_e4_0_,
        member0_.member_nickname as member_n5_0_,
        member0_.member_password as member_p6_0_,
        member0_.member_role as member_r7_0_,
        member0_.member_username as member_u8_0_ 
    from
        member member0_ 
    where
        member0_.member_nickname=?
2023-02-27 23:41:35.558 TRACE 30159 --- [    Test worker] o.h.type.descriptor.sql.BasicBinder      : binding parameter [1] as [VARCHAR] - [test]
2023-02-27 23:41:35.559 DEBUG 30159 --- [    Test worker] org.hibernate.SQL                        : 
    select
        member0_.id as id1_0_,
        member0_.created_time as created_2_0_,
        member0_.last_modified_time as last_mod3_0_,
        member0_.member_email as member_e4_0_,
        member0_.member_nickname as member_n5_0_,
        member0_.member_password as member_p6_0_,
        member0_.member_role as member_r7_0_,
        member0_.member_username as member_u8_0_ 
    from
        member member0_ 
    where
        member0_.member_email=?
2023-02-27 23:41:35.559 TRACE 30159 --- [    Test worker] o.h.type.descriptor.sql.BasicBinder      : binding parameter [1] as [VARCHAR] - [test@test.com]
2023-02-27 23:41:35.638 DEBUG 30159 --- [    Test worker] org.hibernate.SQL                        : 
    insert 
    into
        member
        (id, created_time, last_modified_time, member_email, member_nickname, member_password, member_role, member_username) 
    values
        (default, ?, ?, ?, ?, ?, ?, ?)
2023-02-27 23:41:35.639 TRACE 30159 --- [    Test worker] o.h.type.descriptor.sql.BasicBinder      : binding parameter [1] as [TIMESTAMP] - [2023-02-27T23:41:35.638394]
2023-02-27 23:41:35.639 TRACE 30159 --- [    Test worker] o.h.type.descriptor.sql.BasicBinder      : binding parameter [2] as [TIMESTAMP] - [2023-02-27T23:41:35.638131]
2023-02-27 23:41:35.639 TRACE 30159 --- [    Test worker] o.h.type.descriptor.sql.BasicBinder      : binding parameter [3] as [VARCHAR] - [test@test.com]
2023-02-27 23:41:35.639 TRACE 30159 --- [    Test worker] o.h.type.descriptor.sql.BasicBinder      : binding parameter [4] as [VARCHAR] - [test]
2023-02-27 23:41:35.639 TRACE 30159 --- [    Test worker] o.h.type.descriptor.sql.BasicBinder      : binding parameter [5] as [VARCHAR] - [$2a$10$RLx5eG5qpcqYDBMa3KXv6e.W7xUZgA7MLuRGkAJOAF7JyhBflNvIK]
2023-02-27 23:41:35.639 TRACE 30159 --- [    Test worker] o.h.type.descriptor.sql.BasicBinder      : binding parameter [6] as [VARCHAR] - [USER]
2023-02-27 23:41:35.639 TRACE 30159 --- [    Test worker] o.h.type.descriptor.sql.BasicBinder      : binding parameter [7] as [VARCHAR] - [test]
2023-02-27 23:41:35.640 DEBUG 30159 --- [    Test worker] org.hibernate.SQL                        : 
    select
        member0_.id as id1_0_,
        member0_.created_time as created_2_0_,
        member0_.last_modified_time as last_mod3_0_,
        member0_.member_email as member_e4_0_,
        member0_.member_nickname as member_n5_0_,
        member0_.member_password as member_p6_0_,
        member0_.member_role as member_r7_0_,
        member0_.member_username as member_u8_0_ 
    from
        member member0_ 
    where
        member0_.member_username=?
2023-02-27 23:41:35.640 TRACE 30159 --- [    Test worker] o.h.type.descriptor.sql.BasicBinder      : binding parameter [1] as [VARCHAR] - [test]
2023-02-27 23:41:35.641 TRACE 30159 --- [    Test worker] o.h.type.descriptor.sql.BasicExtractor   : extracted value ([id1_0_] : [BIGINT]) - [2]
2023-02-27 23:41:35.641 TRACE 30159 --- [    Test worker] o.h.type.descriptor.sql.BasicExtractor   : extracted value ([created_2_0_] : [TIMESTAMP]) - [2023-02-27T23:41:35.638394]
2023-02-27 23:41:35.641 TRACE 30159 --- [    Test worker] o.h.type.descriptor.sql.BasicExtractor   : extracted value ([last_mod3_0_] : [TIMESTAMP]) - [2023-02-27T23:41:35.638131]
2023-02-27 23:41:35.641 TRACE 30159 --- [    Test worker] o.h.type.descriptor.sql.BasicExtractor   : extracted value ([member_e4_0_] : [VARCHAR]) - [test@test.com]
2023-02-27 23:41:35.641 TRACE 30159 --- [    Test worker] o.h.type.descriptor.sql.BasicExtractor   : extracted value ([member_n5_0_] : [VARCHAR]) - [test]
2023-02-27 23:41:35.641 TRACE 30159 --- [    Test worker] o.h.type.descriptor.sql.BasicExtractor   : extracted value ([member_p6_0_] : [VARCHAR]) - [$2a$10$RLx5eG5qpcqYDBMa3KXv6e.W7xUZgA7MLuRGkAJOAF7JyhBflNvIK]
2023-02-27 23:41:35.641 TRACE 30159 --- [    Test worker] o.h.type.descriptor.sql.BasicExtractor   : extracted value ([member_r7_0_] : [VARCHAR]) - [USER]
2023-02-27 23:41:35.641 TRACE 30159 --- [    Test worker] o.h.type.descriptor.sql.BasicExtractor   : extracted value ([member_u8_0_] : [VARCHAR]) - [test]
2023-02-27 23:41:35.641 TRACE 30159 --- [    Test worker] org.hibernate.type.CollectionType        : Created collection wrapper: [com.board.Board_Upgraded.entity.member.Member.posts#2]
2023-02-27 23:41:35.717 DEBUG 30159 --- [    Test worker] org.hibernate.SQL                        : 
    select
        member0_.id as id1_0_,
        member0_.created_time as created_2_0_,
        member0_.last_modified_time as last_mod3_0_,
        member0_.member_email as member_e4_0_,
        member0_.member_nickname as member_n5_0_,
        member0_.member_password as member_p6_0_,
        member0_.member_role as member_r7_0_,
        member0_.member_username as member_u8_0_ 
    from
        member member0_ 
    where
        member0_.member_username=?
2023-02-27 23:41:35.717 TRACE 30159 --- [    Test worker] o.h.type.descriptor.sql.BasicBinder      : binding parameter [1] as [VARCHAR] - [test]
2023-02-27 23:41:35.718 TRACE 30159 --- [    Test worker] o.h.type.descriptor.sql.BasicExtractor   : extracted value ([id1_0_] : [BIGINT]) - [2]
2023-02-27 23:41:35.794 DEBUG 30159 --- [    Test worker] org.hibernate.SQL                        : 
    select
        refreshtok0_.rt_key as rt_key1_2_0_,
        refreshtok0_.rt_value as rt_value2_2_0_ 
    from
        refresh_token refreshtok0_ 
    where
        refreshtok0_.rt_key=?
2023-02-27 23:41:35.794 TRACE 30159 --- [    Test worker] o.h.type.descriptor.sql.BasicBinder      : binding parameter [1] as [VARCHAR] - [test]
2023-02-27 23:41:35.794 TRACE 30159 --- [    Test worker] o.h.type.descriptor.sql.BasicExtractor   : extracted value ([rt_value2_2_0_] : [VARCHAR]) - [eyJhbGciOiJIUzUxMiJ9.eyJleHAiOjE2NzgxMTM2OTV9.AHFur14sBCIKSJsgttZuBJpzGF2u-tk3llbmlXmjAcjgXh3Wx1u7omqUutR8fZlG5WiGLg8Oagdx48688izZyg]

MockHttpServletRequest:
      HTTP Method = POST
      Request URI = /api/posts/write
       Parameters = {}
          Headers = [Content-Type:"application/json;charset=UTF-8", Authorization:"Bearer eyJhbGciOiJIUzUxMiJ9.eyJzdWIiOiJ0ZXN0IiwiYXV0aCI6IlVTRVIiLCJleHAiOjE2Nzc1OTUyOTV9.cHJZ0AWYXBiSXajpo4wgnldSSaqxom6zMhWWgtZzNBiXeXBL5qLCu7RTxZfWsVxm-u9cvoJXjqxU5QcvGYfTjQ", RefreshToken:"Bearer eyJhbGciOiJIUzUxMiJ9.eyJleHAiOjE2NzgxMTM2OTV9.AHFur14sBCIKSJsgttZuBJpzGF2u-tk3llbmlXmjAcjgXh3Wx1u7omqUutR8fZlG5WiGLg8Oagdx48688izZyg", Content-Length:"43"]
             Body = {"title":"제목입니다.","content":null}
    Session Attrs = {}

Handler:
             Type = com.board.Board_Upgraded.controller.post.PostController
           Method = com.board.Board_Upgraded.controller.post.PostController#write(WritePostRequestDto)

Async:
    Async started = false
     Async result = null

Resolved Exception:
             Type = org.springframework.web.bind.MethodArgumentNotValidException

ModelAndView:
        View name = null
             View = null
            Model = null

FlashMap:
       Attributes = null

MockHttpServletResponse:
           Status = 400
    Error message = null
          Headers = [Vary:"Origin", "Access-Control-Request-Method", "Access-Control-Request-Headers", Content-Type:"application/json", X-Content-Type-Options:"nosniff", X-XSS-Protection:"1; mode=block", Cache-Control:"no-cache, no-store, max-age=0, must-revalidate", Pragma:"no-cache", Expires:"0", X-Frame-Options:"DENY"]
     Content type = application/json
             Body = {"success":false,"code":400,"result":{"failMessage":"내용을 입력하세요."}}
    Forwarded URL = null
   Redirected URL = null
          Cookies = []
2023-02-27 23:41:35.801 DEBUG 30159 --- [    Test worker] org.hibernate.SQL                        : 
    select
        post0_.id as id1_1_,
        post0_.created_time as created_2_1_,
        post0_.last_modified_time as last_mod3_1_,
        post0_.content as content4_1_,
        post0_.member_id as member_i6_1_,
        post0_.title as title5_1_ 
    from
        post post0_
2023-02-27 23:41:35.803 DEBUG 30159 --- [    Test worker] org.hibernate.SQL                        : 
    select
        member0_.id as id1_0_,
        member0_.created_time as created_2_0_,
        member0_.last_modified_time as last_mod3_0_,
        member0_.member_email as member_e4_0_,
        member0_.member_nickname as member_n5_0_,
        member0_.member_password as member_p6_0_,
        member0_.member_role as member_r7_0_,
        member0_.member_username as member_u8_0_ 
    from
        member member0_
2023-02-27 23:41:35.803 TRACE 30159 --- [    Test worker] o.h.type.descriptor.sql.BasicExtractor   : extracted value ([id1_0_] : [BIGINT]) - [2]
2023-02-27 23:41:35.803 TRACE 30159 --- [    Test worker] o.h.type.descriptor.sql.BasicExtractor   : extracted value ([created_2_0_] : [TIMESTAMP]) - [2023-02-27T23:41:35.638394]
2023-02-27 23:41:35.803 TRACE 30159 --- [    Test worker] o.h.type.descriptor.sql.BasicExtractor   : extracted value ([last_mod3_0_] : [TIMESTAMP]) - [2023-02-27T23:41:35.638131]
2023-02-27 23:41:35.803 TRACE 30159 --- [    Test worker] o.h.type.descriptor.sql.BasicExtractor   : extracted value ([member_e4_0_] : [VARCHAR]) - [test@test.com]
2023-02-27 23:41:35.803 TRACE 30159 --- [    Test worker] o.h.type.descriptor.sql.BasicExtractor   : extracted value ([member_n5_0_] : [VARCHAR]) - [test]
2023-02-27 23:41:35.803 TRACE 30159 --- [    Test worker] o.h.type.descriptor.sql.BasicExtractor   : extracted value ([member_p6_0_] : [VARCHAR]) - [$2a$10$RLx5eG5qpcqYDBMa3KXv6e.W7xUZgA7MLuRGkAJOAF7JyhBflNvIK]
2023-02-27 23:41:35.803 TRACE 30159 --- [    Test worker] o.h.type.descriptor.sql.BasicExtractor   : extracted value ([member_r7_0_] : [VARCHAR]) - [USER]
2023-02-27 23:41:35.803 TRACE 30159 --- [    Test worker] o.h.type.descriptor.sql.BasicExtractor   : extracted value ([member_u8_0_] : [VARCHAR]) - [test]
2023-02-27 23:41:35.803 TRACE 30159 --- [    Test worker] org.hibernate.type.CollectionType        : Created collection wrapper: [com.board.Board_Upgraded.entity.member.Member.posts#2]
2023-02-27 23:41:35.804 DEBUG 30159 --- [    Test worker] org.hibernate.SQL                        : 
    delete 
    from
        member 
    where
        id=?
2023-02-27 23:41:35.804 TRACE 30159 --- [    Test worker] o.h.type.descriptor.sql.BasicBinder      : binding parameter [1] as [BIGINT] - [2]
2023-02-27 23:41:35.805 DEBUG 30159 --- [    Test worker] org.hibernate.SQL                        : 
    select
        member0_.id as id1_0_,
        member0_.created_time as created_2_0_,
        member0_.last_modified_time as last_mod3_0_,
        member0_.member_email as member_e4_0_,
        member0_.member_nickname as member_n5_0_,
        member0_.member_password as member_p6_0_,
        member0_.member_role as member_r7_0_,
        member0_.member_username as member_u8_0_ 
    from
        member member0_ 
    where
        member0_.member_username=?
2023-02-27 23:41:35.805 TRACE 30159 --- [    Test worker] o.h.type.descriptor.sql.BasicBinder      : binding parameter [1] as [VARCHAR] - [test]
2023-02-27 23:41:35.805 DEBUG 30159 --- [    Test worker] org.hibernate.SQL                        : 
    select
        member0_.id as id1_0_,
        member0_.created_time as created_2_0_,
        member0_.last_modified_time as last_mod3_0_,
        member0_.member_email as member_e4_0_,
        member0_.member_nickname as member_n5_0_,
        member0_.member_password as member_p6_0_,
        member0_.member_role as member_r7_0_,
        member0_.member_username as member_u8_0_ 
    from
        member member0_ 
    where
        member0_.member_nickname=?
2023-02-27 23:41:35.806 TRACE 30159 --- [    Test worker] o.h.type.descriptor.sql.BasicBinder      : binding parameter [1] as [VARCHAR] - [test]
2023-02-27 23:41:35.806 DEBUG 30159 --- [    Test worker] org.hibernate.SQL                        : 
    select
        member0_.id as id1_0_,
        member0_.created_time as created_2_0_,
        member0_.last_modified_time as last_mod3_0_,
        member0_.member_email as member_e4_0_,
        member0_.member_nickname as member_n5_0_,
        member0_.member_password as member_p6_0_,
        member0_.member_role as member_r7_0_,
        member0_.member_username as member_u8_0_ 
    from
        member member0_ 
    where
        member0_.member_email=?
2023-02-27 23:41:35.806 TRACE 30159 --- [    Test worker] o.h.type.descriptor.sql.BasicBinder      : binding parameter [1] as [VARCHAR] - [test@test.com]
2023-02-27 23:41:35.882 DEBUG 30159 --- [    Test worker] org.hibernate.SQL                        : 
    insert 
    into
        member
        (id, created_time, last_modified_time, member_email, member_nickname, member_password, member_role, member_username) 
    values
        (default, ?, ?, ?, ?, ?, ?, ?)
2023-02-27 23:41:35.882 TRACE 30159 --- [    Test worker] o.h.type.descriptor.sql.BasicBinder      : binding parameter [1] as [TIMESTAMP] - [2023-02-27T23:41:35.881920]
2023-02-27 23:41:35.882 TRACE 30159 --- [    Test worker] o.h.type.descriptor.sql.BasicBinder      : binding parameter [2] as [TIMESTAMP] - [2023-02-27T23:41:35.881712]
2023-02-27 23:41:35.882 TRACE 30159 --- [    Test worker] o.h.type.descriptor.sql.BasicBinder      : binding parameter [3] as [VARCHAR] - [test@test.com]
2023-02-27 23:41:35.882 TRACE 30159 --- [    Test worker] o.h.type.descriptor.sql.BasicBinder      : binding parameter [4] as [VARCHAR] - [test]
2023-02-27 23:41:35.882 TRACE 30159 --- [    Test worker] o.h.type.descriptor.sql.BasicBinder      : binding parameter [5] as [VARCHAR] - [$2a$10$pLwcAgK4S0gkUnaTyAijNuuiIKnszBR3lE6dCaQyQ4g9WJnfGMPsC]
2023-02-27 23:41:35.882 TRACE 30159 --- [    Test worker] o.h.type.descriptor.sql.BasicBinder      : binding parameter [6] as [VARCHAR] - [USER]
2023-02-27 23:41:35.882 TRACE 30159 --- [    Test worker] o.h.type.descriptor.sql.BasicBinder      : binding parameter [7] as [VARCHAR] - [test]
2023-02-27 23:41:35.883 DEBUG 30159 --- [    Test worker] org.hibernate.SQL                        : 
    select
        member0_.id as id1_0_,
        member0_.created_time as created_2_0_,
        member0_.last_modified_time as last_mod3_0_,
        member0_.member_email as member_e4_0_,
        member0_.member_nickname as member_n5_0_,
        member0_.member_password as member_p6_0_,
        member0_.member_role as member_r7_0_,
        member0_.member_username as member_u8_0_ 
    from
        member member0_ 
    where
        member0_.member_username=?
2023-02-27 23:41:35.884 TRACE 30159 --- [    Test worker] o.h.type.descriptor.sql.BasicBinder      : binding parameter [1] as [VARCHAR] - [test]
2023-02-27 23:41:35.884 TRACE 30159 --- [    Test worker] o.h.type.descriptor.sql.BasicExtractor   : extracted value ([id1_0_] : [BIGINT]) - [3]
2023-02-27 23:41:35.884 TRACE 30159 --- [    Test worker] o.h.type.descriptor.sql.BasicExtractor   : extracted value ([created_2_0_] : [TIMESTAMP]) - [2023-02-27T23:41:35.881920]
2023-02-27 23:41:35.884 TRACE 30159 --- [    Test worker] o.h.type.descriptor.sql.BasicExtractor   : extracted value ([last_mod3_0_] : [TIMESTAMP]) - [2023-02-27T23:41:35.881712]
2023-02-27 23:41:35.884 TRACE 30159 --- [    Test worker] o.h.type.descriptor.sql.BasicExtractor   : extracted value ([member_e4_0_] : [VARCHAR]) - [test@test.com]
2023-02-27 23:41:35.884 TRACE 30159 --- [    Test worker] o.h.type.descriptor.sql.BasicExtractor   : extracted value ([member_n5_0_] : [VARCHAR]) - [test]
2023-02-27 23:41:35.884 TRACE 30159 --- [    Test worker] o.h.type.descriptor.sql.BasicExtractor   : extracted value ([member_p6_0_] : [VARCHAR]) - [$2a$10$pLwcAgK4S0gkUnaTyAijNuuiIKnszBR3lE6dCaQyQ4g9WJnfGMPsC]
2023-02-27 23:41:35.884 TRACE 30159 --- [    Test worker] o.h.type.descriptor.sql.BasicExtractor   : extracted value ([member_r7_0_] : [VARCHAR]) - [USER]
2023-02-27 23:41:35.884 TRACE 30159 --- [    Test worker] o.h.type.descriptor.sql.BasicExtractor   : extracted value ([member_u8_0_] : [VARCHAR]) - [test]
2023-02-27 23:41:35.884 TRACE 30159 --- [    Test worker] org.hibernate.type.CollectionType        : Created collection wrapper: [com.board.Board_Upgraded.entity.member.Member.posts#3]
2023-02-27 23:41:35.959 DEBUG 30159 --- [    Test worker] org.hibernate.SQL                        : 
    select
        member0_.id as id1_0_,
        member0_.created_time as created_2_0_,
        member0_.last_modified_time as last_mod3_0_,
        member0_.member_email as member_e4_0_,
        member0_.member_nickname as member_n5_0_,
        member0_.member_password as member_p6_0_,
        member0_.member_role as member_r7_0_,
        member0_.member_username as member_u8_0_ 
    from
        member member0_ 
    where
        member0_.member_username=?
2023-02-27 23:41:35.959 TRACE 30159 --- [    Test worker] o.h.type.descriptor.sql.BasicBinder      : binding parameter [1] as [VARCHAR] - [test]
2023-02-27 23:41:35.960 TRACE 30159 --- [    Test worker] o.h.type.descriptor.sql.BasicExtractor   : extracted value ([id1_0_] : [BIGINT]) - [3]
2023-02-27 23:41:36.037 DEBUG 30159 --- [    Test worker] org.hibernate.SQL                        : 
    select
        refreshtok0_.rt_key as rt_key1_2_0_,
        refreshtok0_.rt_value as rt_value2_2_0_ 
    from
        refresh_token refreshtok0_ 
    where
        refreshtok0_.rt_key=?
2023-02-27 23:41:36.038 TRACE 30159 --- [    Test worker] o.h.type.descriptor.sql.BasicBinder      : binding parameter [1] as [VARCHAR] - [test]
2023-02-27 23:41:36.038 TRACE 30159 --- [    Test worker] o.h.type.descriptor.sql.BasicExtractor   : extracted value ([rt_value2_2_0_] : [VARCHAR]) - [eyJhbGciOiJIUzUxMiJ9.eyJleHAiOjE2NzgxMTM2OTV9.AHFur14sBCIKSJsgttZuBJpzGF2u-tk3llbmlXmjAcjgXh3Wx1u7omqUutR8fZlG5WiGLg8Oagdx48688izZyg]
2023-02-27 23:41:36.039 DEBUG 30159 --- [    Test worker] org.hibernate.SQL                        : 
    update
        refresh_token 
    set
        rt_value=? 
    where
        rt_key=?
2023-02-27 23:41:36.039 TRACE 30159 --- [    Test worker] o.h.type.descriptor.sql.BasicBinder      : binding parameter [1] as [VARCHAR] - [eyJhbGciOiJIUzUxMiJ9.eyJleHAiOjE2NzgxMTM2OTZ9.GReJi04Rf2v0p3SNd1OA5adHgsL6kr04UTP_fUT-DlPj1haXTdCvnfnulpLc9gc28rRsOzNXby8gWGzVh6A4AQ]
2023-02-27 23:41:36.039 TRACE 30159 --- [    Test worker] o.h.type.descriptor.sql.BasicBinder      : binding parameter [2] as [VARCHAR] - [test]
2023-02-27 23:41:36.043 DEBUG 30159 --- [    Test worker] org.hibernate.SQL                        : 
    select
        member0_.id as id1_0_,
        member0_.created_time as created_2_0_,
        member0_.last_modified_time as last_mod3_0_,
        member0_.member_email as member_e4_0_,
        member0_.member_nickname as member_n5_0_,
        member0_.member_password as member_p6_0_,
        member0_.member_role as member_r7_0_,
        member0_.member_username as member_u8_0_ 
    from
        member member0_ 
    where
        member0_.member_username=?
2023-02-27 23:41:36.043 TRACE 30159 --- [    Test worker] o.h.type.descriptor.sql.BasicBinder      : binding parameter [1] as [VARCHAR] - [test]
2023-02-27 23:41:36.043 TRACE 30159 --- [    Test worker] o.h.type.descriptor.sql.BasicExtractor   : extracted value ([id1_0_] : [BIGINT]) - [3]
2023-02-27 23:41:36.044 TRACE 30159 --- [    Test worker] o.h.type.descriptor.sql.BasicExtractor   : extracted value ([created_2_0_] : [TIMESTAMP]) - [2023-02-27T23:41:35.881920]
2023-02-27 23:41:36.044 TRACE 30159 --- [    Test worker] o.h.type.descriptor.sql.BasicExtractor   : extracted value ([last_mod3_0_] : [TIMESTAMP]) - [2023-02-27T23:41:35.881712]
2023-02-27 23:41:36.044 TRACE 30159 --- [    Test worker] o.h.type.descriptor.sql.BasicExtractor   : extracted value ([member_e4_0_] : [VARCHAR]) - [test@test.com]
2023-02-27 23:41:36.044 TRACE 30159 --- [    Test worker] o.h.type.descriptor.sql.BasicExtractor   : extracted value ([member_n5_0_] : [VARCHAR]) - [test]
2023-02-27 23:41:36.044 TRACE 30159 --- [    Test worker] o.h.type.descriptor.sql.BasicExtractor   : extracted value ([member_p6_0_] : [VARCHAR]) - [$2a$10$pLwcAgK4S0gkUnaTyAijNuuiIKnszBR3lE6dCaQyQ4g9WJnfGMPsC]
2023-02-27 23:41:36.044 TRACE 30159 --- [    Test worker] o.h.type.descriptor.sql.BasicExtractor   : extracted value ([member_r7_0_] : [VARCHAR]) - [USER]
2023-02-27 23:41:36.044 TRACE 30159 --- [    Test worker] o.h.type.descriptor.sql.BasicExtractor   : extracted value ([member_u8_0_] : [VARCHAR]) - [test]
2023-02-27 23:41:36.044 TRACE 30159 --- [    Test worker] org.hibernate.type.CollectionType        : Created collection wrapper: [com.board.Board_Upgraded.entity.member.Member.posts#3]
2023-02-27 23:41:36.048 DEBUG 30159 --- [    Test worker] org.hibernate.SQL                        : 
    insert 
    into
        post
        (id, created_time, last_modified_time, content, member_id, title) 
    values
        (default, ?, ?, ?, ?, ?)
2023-02-27 23:41:36.049 TRACE 30159 --- [    Test worker] o.h.type.descriptor.sql.BasicBinder      : binding parameter [1] as [TIMESTAMP] - [2023-02-27T23:41:36.048636]
2023-02-27 23:41:36.049 TRACE 30159 --- [    Test worker] o.h.type.descriptor.sql.BasicBinder      : binding parameter [2] as [TIMESTAMP] - [2023-02-27T23:41:36.047027]
2023-02-27 23:41:36.049 TRACE 30159 --- [    Test worker] o.h.type.descriptor.sql.BasicBinder      : binding parameter [3] as [VARCHAR] - [내용입니다.]
2023-02-27 23:41:36.049 TRACE 30159 --- [    Test worker] o.h.type.descriptor.sql.BasicBinder      : binding parameter [4] as [BIGINT] - [3]
2023-02-27 23:41:36.049 TRACE 30159 --- [    Test worker] o.h.type.descriptor.sql.BasicBinder      : binding parameter [5] as [VARCHAR] - [제목입니다.]

MockHttpServletRequest:
      HTTP Method = POST
      Request URI = /api/posts/write
       Parameters = {}
          Headers = [Content-Type:"application/json;charset=UTF-8", Authorization:"Bearer eyJhbGciOiJIUzUxMiJ9.eyJzdWIiOiJ0ZXN0IiwiYXV0aCI6IlVTRVIiLCJleHAiOjE2Nzc1OTUyOTZ9.7pxklpySK2Qq3hJwzBqgt1Q2tGSFvRr_tJ_GrdnvDcHWazu_Z_JTcDL9hHXE53nu-xnhYFjwk6uuVwmgJoNsUQ", RefreshToken:"Bearer eyJhbGciOiJIUzUxMiJ9.eyJleHAiOjE2NzgxMTM2OTZ9.GReJi04Rf2v0p3SNd1OA5adHgsL6kr04UTP_fUT-DlPj1haXTdCvnfnulpLc9gc28rRsOzNXby8gWGzVh6A4AQ", Content-Length:"57"]
             Body = {"title":"제목입니다.","content":"내용입니다."}
    Session Attrs = {}

Handler:
             Type = com.board.Board_Upgraded.controller.post.PostController
           Method = com.board.Board_Upgraded.controller.post.PostController#write(WritePostRequestDto)

Async:
    Async started = false
     Async result = null

Resolved Exception:
             Type = null

ModelAndView:
        View name = null
             View = null
            Model = null

FlashMap:
       Attributes = null

MockHttpServletResponse:
           Status = 200
    Error message = null
          Headers = [Vary:"Origin", "Access-Control-Request-Method", "Access-Control-Request-Headers", Content-Type:"application/json", X-Content-Type-Options:"nosniff", X-XSS-Protection:"1; mode=block", Cache-Control:"no-cache, no-store, max-age=0, must-revalidate", Pragma:"no-cache", Expires:"0", X-Frame-Options:"DENY"]
     Content type = application/json
             Body = {"success":true,"code":200,"result":{"data":{"writer":"test","title":"제목입니다.","content":"내용입니다.","lastModifiedDate":[2023,2,27,23,41,36,47027000]}}}
    Forwarded URL = null
   Redirected URL = null
          Cookies = []
2023-02-27 23:41:36.059 DEBUG 30159 --- [    Test worker] org.hibernate.SQL                        : 
    select
        post0_.id as id1_1_,
        post0_.created_time as created_2_1_,
        post0_.last_modified_time as last_mod3_1_,
        post0_.content as content4_1_,
        post0_.member_id as member_i6_1_,
        post0_.title as title5_1_ 
    from
        post post0_
2023-02-27 23:41:36.059 TRACE 30159 --- [    Test worker] o.h.type.descriptor.sql.BasicExtractor   : extracted value ([id1_1_] : [BIGINT]) - [1]
2023-02-27 23:41:36.059 TRACE 30159 --- [    Test worker] o.h.type.descriptor.sql.BasicExtractor   : extracted value ([created_2_1_] : [TIMESTAMP]) - [2023-02-27T23:41:36.048636]
2023-02-27 23:41:36.059 TRACE 30159 --- [    Test worker] o.h.type.descriptor.sql.BasicExtractor   : extracted value ([last_mod3_1_] : [TIMESTAMP]) - [2023-02-27T23:41:36.047027]
2023-02-27 23:41:36.059 TRACE 30159 --- [    Test worker] o.h.type.descriptor.sql.BasicExtractor   : extracted value ([content4_1_] : [VARCHAR]) - [내용입니다.]
2023-02-27 23:41:36.059 TRACE 30159 --- [    Test worker] o.h.type.descriptor.sql.BasicExtractor   : extracted value ([member_i6_1_] : [BIGINT]) - [3]
2023-02-27 23:41:36.059 TRACE 30159 --- [    Test worker] o.h.type.descriptor.sql.BasicExtractor   : extracted value ([title5_1_] : [VARCHAR]) - [제목입니다.]
2023-02-27 23:41:36.063 DEBUG 30159 --- [    Test worker] org.hibernate.SQL                        : 
    delete 
    from
        post 
    where
        id=?
2023-02-27 23:41:36.063 TRACE 30159 --- [    Test worker] o.h.type.descriptor.sql.BasicBinder      : binding parameter [1] as [BIGINT] - [1]
2023-02-27 23:41:36.065 DEBUG 30159 --- [    Test worker] org.hibernate.SQL                        : 
    select
        member0_.id as id1_0_,
        member0_.created_time as created_2_0_,
        member0_.last_modified_time as last_mod3_0_,
        member0_.member_email as member_e4_0_,
        member0_.member_nickname as member_n5_0_,
        member0_.member_password as member_p6_0_,
        member0_.member_role as member_r7_0_,
        member0_.member_username as member_u8_0_ 
    from
        member member0_
2023-02-27 23:41:36.065 TRACE 30159 --- [    Test worker] o.h.type.descriptor.sql.BasicExtractor   : extracted value ([id1_0_] : [BIGINT]) - [3]
2023-02-27 23:41:36.065 TRACE 30159 --- [    Test worker] o.h.type.descriptor.sql.BasicExtractor   : extracted value ([created_2_0_] : [TIMESTAMP]) - [2023-02-27T23:41:35.881920]
2023-02-27 23:41:36.065 TRACE 30159 --- [    Test worker] o.h.type.descriptor.sql.BasicExtractor   : extracted value ([last_mod3_0_] : [TIMESTAMP]) - [2023-02-27T23:41:35.881712]
2023-02-27 23:41:36.065 TRACE 30159 --- [    Test worker] o.h.type.descriptor.sql.BasicExtractor   : extracted value ([member_e4_0_] : [VARCHAR]) - [test@test.com]
2023-02-27 23:41:36.065 TRACE 30159 --- [    Test worker] o.h.type.descriptor.sql.BasicExtractor   : extracted value ([member_n5_0_] : [VARCHAR]) - [test]
2023-02-27 23:41:36.066 TRACE 30159 --- [    Test worker] o.h.type.descriptor.sql.BasicExtractor   : extracted value ([member_p6_0_] : [VARCHAR]) - [$2a$10$pLwcAgK4S0gkUnaTyAijNuuiIKnszBR3lE6dCaQyQ4g9WJnfGMPsC]
2023-02-27 23:41:36.066 TRACE 30159 --- [    Test worker] o.h.type.descriptor.sql.BasicExtractor   : extracted value ([member_r7_0_] : [VARCHAR]) - [USER]
2023-02-27 23:41:36.066 TRACE 30159 --- [    Test worker] o.h.type.descriptor.sql.BasicExtractor   : extracted value ([member_u8_0_] : [VARCHAR]) - [test]
2023-02-27 23:41:36.066 TRACE 30159 --- [    Test worker] org.hibernate.type.CollectionType        : Created collection wrapper: [com.board.Board_Upgraded.entity.member.Member.posts#3]
2023-02-27 23:41:36.066 DEBUG 30159 --- [    Test worker] org.hibernate.SQL                        : 
    delete 
    from
        member 
    where
        id=?
2023-02-27 23:41:36.066 TRACE 30159 --- [    Test worker] o.h.type.descriptor.sql.BasicBinder      : binding parameter [1] as [BIGINT] - [3]
2023-02-27 23:41:36.068 DEBUG 30159 --- [    Test worker] org.hibernate.SQL                        : 
    select
        member0_.id as id1_0_,
        member0_.created_time as created_2_0_,
        member0_.last_modified_time as last_mod3_0_,
        member0_.member_email as member_e4_0_,
        member0_.member_nickname as member_n5_0_,
        member0_.member_password as member_p6_0_,
        member0_.member_role as member_r7_0_,
        member0_.member_username as member_u8_0_ 
    from
        member member0_ 
    where
        member0_.member_username=?
2023-02-27 23:41:36.068 TRACE 30159 --- [    Test worker] o.h.type.descriptor.sql.BasicBinder      : binding parameter [1] as [VARCHAR] - [test]
2023-02-27 23:41:36.069 DEBUG 30159 --- [    Test worker] org.hibernate.SQL                        : 
    select
        member0_.id as id1_0_,
        member0_.created_time as created_2_0_,
        member0_.last_modified_time as last_mod3_0_,
        member0_.member_email as member_e4_0_,
        member0_.member_nickname as member_n5_0_,
        member0_.member_password as member_p6_0_,
        member0_.member_role as member_r7_0_,
        member0_.member_username as member_u8_0_ 
    from
        member member0_ 
    where
        member0_.member_nickname=?
2023-02-27 23:41:36.069 TRACE 30159 --- [    Test worker] o.h.type.descriptor.sql.BasicBinder      : binding parameter [1] as [VARCHAR] - [test]
2023-02-27 23:41:36.069 DEBUG 30159 --- [    Test worker] org.hibernate.SQL                        : 
    select
        member0_.id as id1_0_,
        member0_.created_time as created_2_0_,
        member0_.last_modified_time as last_mod3_0_,
        member0_.member_email as member_e4_0_,
        member0_.member_nickname as member_n5_0_,
        member0_.member_password as member_p6_0_,
        member0_.member_role as member_r7_0_,
        member0_.member_username as member_u8_0_ 
    from
        member member0_ 
    where
        member0_.member_email=?
2023-02-27 23:41:36.070 TRACE 30159 --- [    Test worker] o.h.type.descriptor.sql.BasicBinder      : binding parameter [1] as [VARCHAR] - [test@test.com]
2023-02-27 23:41:36.148 DEBUG 30159 --- [    Test worker] org.hibernate.SQL                        : 
    insert 
    into
        member
        (id, created_time, last_modified_time, member_email, member_nickname, member_password, member_role, member_username) 
    values
        (default, ?, ?, ?, ?, ?, ?, ?)
2023-02-27 23:41:36.149 TRACE 30159 --- [    Test worker] o.h.type.descriptor.sql.BasicBinder      : binding parameter [1] as [TIMESTAMP] - [2023-02-27T23:41:36.148624]
2023-02-27 23:41:36.149 TRACE 30159 --- [    Test worker] o.h.type.descriptor.sql.BasicBinder      : binding parameter [2] as [TIMESTAMP] - [2023-02-27T23:41:36.148356]
2023-02-27 23:41:36.149 TRACE 30159 --- [    Test worker] o.h.type.descriptor.sql.BasicBinder      : binding parameter [3] as [VARCHAR] - [test@test.com]
2023-02-27 23:41:36.149 TRACE 30159 --- [    Test worker] o.h.type.descriptor.sql.BasicBinder      : binding parameter [4] as [VARCHAR] - [test]
2023-02-27 23:41:36.149 TRACE 30159 --- [    Test worker] o.h.type.descriptor.sql.BasicBinder      : binding parameter [5] as [VARCHAR] - [$2a$10$HM3raXcYo4iPC1FnUqzfh.GNniRqP105q1yBAhkrKEYkbv9fndy/i]
2023-02-27 23:41:36.149 TRACE 30159 --- [    Test worker] o.h.type.descriptor.sql.BasicBinder      : binding parameter [6] as [VARCHAR] - [USER]
2023-02-27 23:41:36.149 TRACE 30159 --- [    Test worker] o.h.type.descriptor.sql.BasicBinder      : binding parameter [7] as [VARCHAR] - [test]
2023-02-27 23:41:36.151 DEBUG 30159 --- [    Test worker] org.hibernate.SQL                        : 
    select
        member0_.id as id1_0_,
        member0_.created_time as created_2_0_,
        member0_.last_modified_time as last_mod3_0_,
        member0_.member_email as member_e4_0_,
        member0_.member_nickname as member_n5_0_,
        member0_.member_password as member_p6_0_,
        member0_.member_role as member_r7_0_,
        member0_.member_username as member_u8_0_ 
    from
        member member0_ 
    where
        member0_.member_username=?
2023-02-27 23:41:36.151 TRACE 30159 --- [    Test worker] o.h.type.descriptor.sql.BasicBinder      : binding parameter [1] as [VARCHAR] - [test]
2023-02-27 23:41:36.153 TRACE 30159 --- [    Test worker] o.h.type.descriptor.sql.BasicExtractor   : extracted value ([id1_0_] : [BIGINT]) - [4]
2023-02-27 23:41:36.153 TRACE 30159 --- [    Test worker] o.h.type.descriptor.sql.BasicExtractor   : extracted value ([created_2_0_] : [TIMESTAMP]) - [2023-02-27T23:41:36.148624]
2023-02-27 23:41:36.153 TRACE 30159 --- [    Test worker] o.h.type.descriptor.sql.BasicExtractor   : extracted value ([last_mod3_0_] : [TIMESTAMP]) - [2023-02-27T23:41:36.148356]
2023-02-27 23:41:36.153 TRACE 30159 --- [    Test worker] o.h.type.descriptor.sql.BasicExtractor   : extracted value ([member_e4_0_] : [VARCHAR]) - [test@test.com]
2023-02-27 23:41:36.153 TRACE 30159 --- [    Test worker] o.h.type.descriptor.sql.BasicExtractor   : extracted value ([member_n5_0_] : [VARCHAR]) - [test]
2023-02-27 23:41:36.153 TRACE 30159 --- [    Test worker] o.h.type.descriptor.sql.BasicExtractor   : extracted value ([member_p6_0_] : [VARCHAR]) - [$2a$10$HM3raXcYo4iPC1FnUqzfh.GNniRqP105q1yBAhkrKEYkbv9fndy/i]
2023-02-27 23:41:36.153 TRACE 30159 --- [    Test worker] o.h.type.descriptor.sql.BasicExtractor   : extracted value ([member_r7_0_] : [VARCHAR]) - [USER]
2023-02-27 23:41:36.153 TRACE 30159 --- [    Test worker] o.h.type.descriptor.sql.BasicExtractor   : extracted value ([member_u8_0_] : [VARCHAR]) - [test]
2023-02-27 23:41:36.153 TRACE 30159 --- [    Test worker] org.hibernate.type.CollectionType        : Created collection wrapper: [com.board.Board_Upgraded.entity.member.Member.posts#4]
2023-02-27 23:41:36.229 DEBUG 30159 --- [    Test worker] org.hibernate.SQL                        : 
    select
        member0_.id as id1_0_,
        member0_.created_time as created_2_0_,
        member0_.last_modified_time as last_mod3_0_,
        member0_.member_email as member_e4_0_,
        member0_.member_nickname as member_n5_0_,
        member0_.member_password as member_p6_0_,
        member0_.member_role as member_r7_0_,
        member0_.member_username as member_u8_0_ 
    from
        member member0_ 
    where
        member0_.member_username=?
2023-02-27 23:41:36.230 TRACE 30159 --- [    Test worker] o.h.type.descriptor.sql.BasicBinder      : binding parameter [1] as [VARCHAR] - [test]
2023-02-27 23:41:36.230 TRACE 30159 --- [    Test worker] o.h.type.descriptor.sql.BasicExtractor   : extracted value ([id1_0_] : [BIGINT]) - [4]
2023-02-27 23:41:36.308 DEBUG 30159 --- [    Test worker] org.hibernate.SQL                        : 
    select
        refreshtok0_.rt_key as rt_key1_2_0_,
        refreshtok0_.rt_value as rt_value2_2_0_ 
    from
        refresh_token refreshtok0_ 
    where
        refreshtok0_.rt_key=?
2023-02-27 23:41:36.308 TRACE 30159 --- [    Test worker] o.h.type.descriptor.sql.BasicBinder      : binding parameter [1] as [VARCHAR] - [test]
2023-02-27 23:41:36.308 TRACE 30159 --- [    Test worker] o.h.type.descriptor.sql.BasicExtractor   : extracted value ([rt_value2_2_0_] : [VARCHAR]) - [eyJhbGciOiJIUzUxMiJ9.eyJleHAiOjE2NzgxMTM2OTZ9.GReJi04Rf2v0p3SNd1OA5adHgsL6kr04UTP_fUT-DlPj1haXTdCvnfnulpLc9gc28rRsOzNXby8gWGzVh6A4AQ]

MockHttpServletRequest:
      HTTP Method = POST
      Request URI = /api/posts/write
       Parameters = {}
          Headers = [Content-Type:"application/json;charset=UTF-8", Authorization:"Bearer eyJhbGciOiJIUzUxMiJ9.eyJzdWIiOiJ0ZXN0IiwiYXV0aCI6IlVTRVIiLCJleHAiOjE2Nzc1OTUyOTZ9.7pxklpySK2Qq3hJwzBqgt1Q2tGSFvRr_tJ_GrdnvDcHWazu_Z_JTcDL9hHXE53nu-xnhYFjwk6uuVwmgJoNsUQ", RefreshToken:"Bearer eyJhbGciOiJIUzUxMiJ9.eyJleHAiOjE2NzgxMTM2OTZ9.GReJi04Rf2v0p3SNd1OA5adHgsL6kr04UTP_fUT-DlPj1haXTdCvnfnulpLc9gc28rRsOzNXby8gWGzVh6A4AQ", Content-Length:"43"]
             Body = {"title":null,"content":"내용입니다."}
    Session Attrs = {}

Handler:
             Type = com.board.Board_Upgraded.controller.post.PostController
           Method = com.board.Board_Upgraded.controller.post.PostController#write(WritePostRequestDto)

Async:
    Async started = false
     Async result = null

Resolved Exception:
             Type = org.springframework.web.bind.MethodArgumentNotValidException

ModelAndView:
        View name = null
             View = null
            Model = null

FlashMap:
       Attributes = null

MockHttpServletResponse:
           Status = 400
    Error message = null
          Headers = [Vary:"Origin", "Access-Control-Request-Method", "Access-Control-Request-Headers", Content-Type:"application/json", X-Content-Type-Options:"nosniff", X-XSS-Protection:"1; mode=block", Cache-Control:"no-cache, no-store, max-age=0, must-revalidate", Pragma:"no-cache", Expires:"0", X-Frame-Options:"DENY"]
     Content type = application/json
             Body = {"success":false,"code":400,"result":{"failMessage":"제목을 입력하세요."}}
    Forwarded URL = null
   Redirected URL = null
          Cookies = []
2023-02-27 23:41:36.315 DEBUG 30159 --- [    Test worker] org.hibernate.SQL                        : 
    select
        post0_.id as id1_1_,
        post0_.created_time as created_2_1_,
        post0_.last_modified_time as last_mod3_1_,
        post0_.content as content4_1_,
        post0_.member_id as member_i6_1_,
        post0_.title as title5_1_ 
    from
        post post0_
2023-02-27 23:41:36.316 DEBUG 30159 --- [    Test worker] org.hibernate.SQL                        : 
    select
        member0_.id as id1_0_,
        member0_.created_time as created_2_0_,
        member0_.last_modified_time as last_mod3_0_,
        member0_.member_email as member_e4_0_,
        member0_.member_nickname as member_n5_0_,
        member0_.member_password as member_p6_0_,
        member0_.member_role as member_r7_0_,
        member0_.member_username as member_u8_0_ 
    from
        member member0_
2023-02-27 23:41:36.317 TRACE 30159 --- [    Test worker] o.h.type.descriptor.sql.BasicExtractor   : extracted value ([id1_0_] : [BIGINT]) - [4]
2023-02-27 23:41:36.317 TRACE 30159 --- [    Test worker] o.h.type.descriptor.sql.BasicExtractor   : extracted value ([created_2_0_] : [TIMESTAMP]) - [2023-02-27T23:41:36.148624]
2023-02-27 23:41:36.317 TRACE 30159 --- [    Test worker] o.h.type.descriptor.sql.BasicExtractor   : extracted value ([last_mod3_0_] : [TIMESTAMP]) - [2023-02-27T23:41:36.148356]
2023-02-27 23:41:36.317 TRACE 30159 --- [    Test worker] o.h.type.descriptor.sql.BasicExtractor   : extracted value ([member_e4_0_] : [VARCHAR]) - [test@test.com]
2023-02-27 23:41:36.317 TRACE 30159 --- [    Test worker] o.h.type.descriptor.sql.BasicExtractor   : extracted value ([member_n5_0_] : [VARCHAR]) - [test]
2023-02-27 23:41:36.317 TRACE 30159 --- [    Test worker] o.h.type.descriptor.sql.BasicExtractor   : extracted value ([member_p6_0_] : [VARCHAR]) - [$2a$10$HM3raXcYo4iPC1FnUqzfh.GNniRqP105q1yBAhkrKEYkbv9fndy/i]
2023-02-27 23:41:36.317 TRACE 30159 --- [    Test worker] o.h.type.descriptor.sql.BasicExtractor   : extracted value ([member_r7_0_] : [VARCHAR]) - [USER]
2023-02-27 23:41:36.317 TRACE 30159 --- [    Test worker] o.h.type.descriptor.sql.BasicExtractor   : extracted value ([member_u8_0_] : [VARCHAR]) - [test]
2023-02-27 23:41:36.317 TRACE 30159 --- [    Test worker] org.hibernate.type.CollectionType        : Created collection wrapper: [com.board.Board_Upgraded.entity.member.Member.posts#4]
2023-02-27 23:41:36.317 DEBUG 30159 --- [    Test worker] org.hibernate.SQL                        : 
    delete 
    from
        member 
    where
        id=?
2023-02-27 23:41:36.318 TRACE 30159 --- [    Test worker] o.h.type.descriptor.sql.BasicBinder      : binding parameter [1] as [BIGINT] - [4]
2023-02-27 23:41:36.320 ERROR 30159 --- [    Test worker] c.b.B.c.jwt.JwtAuthenticationEntryPoint  : Unauthorized request : time : 2023-02-27T23:41:36.320258
request : SecurityContextHolderAwareRequestWrapper[ org.springframework.security.web.header.HeaderWriterFilter$HeaderWriterRequest@3e8cf854]
Exception : Full authentication is required to access this resource

MockHttpServletRequest:
      HTTP Method = POST
      Request URI = /api/posts/write
       Parameters = {}
          Headers = [Content-Type:"application/json;charset=UTF-8", Content-Length:"57"]
             Body = {"title":"제목입니다.","content":"내용입니다."}
    Session Attrs = {}

Handler:
             Type = null

Async:
    Async started = false
     Async result = null

Resolved Exception:
             Type = null

ModelAndView:
        View name = null
             View = null
            Model = null

FlashMap:
       Attributes = null

MockHttpServletResponse:
           Status = 401
    Error message = 다시 로그인해주세요.
          Headers = [Vary:"Origin", "Access-Control-Request-Method", "Access-Control-Request-Headers", X-Content-Type-Options:"nosniff", X-XSS-Protection:"1; mode=block", Cache-Control:"no-cache, no-store, max-age=0, must-revalidate", Pragma:"no-cache", Expires:"0", X-Frame-Options:"DENY"]
     Content type = null
             Body = 
    Forwarded URL = null
   Redirected URL = null
          Cookies = []
2023-02-27 23:41:36.324 DEBUG 30159 --- [    Test worker] org.hibernate.SQL                        : 
    select
        post0_.id as id1_1_,
        post0_.created_time as created_2_1_,
        post0_.last_modified_time as last_mod3_1_,
        post0_.content as content4_1_,
        post0_.member_id as member_i6_1_,
        post0_.title as title5_1_ 
    from
        post post0_
2023-02-27 23:41:36.325 DEBUG 30159 --- [    Test worker] org.hibernate.SQL                        : 
    select
        member0_.id as id1_0_,
        member0_.created_time as created_2_0_,
        member0_.last_modified_time as last_mod3_0_,
        member0_.member_email as member_e4_0_,
        member0_.member_nickname as member_n5_0_,
        member0_.member_password as member_p6_0_,
        member0_.member_role as member_r7_0_,
        member0_.member_username as member_u8_0_ 
    from
        member member0_
2023-02-27 23:41:36.326 DEBUG 30159 --- [    Test worker] org.hibernate.SQL                        : 
    select
        member0_.id as id1_0_,
        member0_.created_time as created_2_0_,
        member0_.last_modified_time as last_mod3_0_,
        member0_.member_email as member_e4_0_,
        member0_.member_nickname as member_n5_0_,
        member0_.member_password as member_p6_0_,
        member0_.member_role as member_r7_0_,
        member0_.member_username as member_u8_0_ 
    from
        member member0_ 
    where
        member0_.member_username=?
2023-02-27 23:41:36.326 TRACE 30159 --- [    Test worker] o.h.type.descriptor.sql.BasicBinder      : binding parameter [1] as [VARCHAR] - [test]
2023-02-27 23:41:36.326 DEBUG 30159 --- [    Test worker] org.hibernate.SQL                        : 
    select
        member0_.id as id1_0_,
        member0_.created_time as created_2_0_,
        member0_.last_modified_time as last_mod3_0_,
        member0_.member_email as member_e4_0_,
        member0_.member_nickname as member_n5_0_,
        member0_.member_password as member_p6_0_,
        member0_.member_role as member_r7_0_,
        member0_.member_username as member_u8_0_ 
    from
        member member0_ 
    where
        member0_.member_nickname=?
2023-02-27 23:41:36.327 TRACE 30159 --- [    Test worker] o.h.type.descriptor.sql.BasicBinder      : binding parameter [1] as [VARCHAR] - [test]
2023-02-27 23:41:36.327 DEBUG 30159 --- [    Test worker] org.hibernate.SQL                        : 
    select
        member0_.id as id1_0_,
        member0_.created_time as created_2_0_,
        member0_.last_modified_time as last_mod3_0_,
        member0_.member_email as member_e4_0_,
        member0_.member_nickname as member_n5_0_,
        member0_.member_password as member_p6_0_,
        member0_.member_role as member_r7_0_,
        member0_.member_username as member_u8_0_ 
    from
        member member0_ 
    where
        member0_.member_email=?
2023-02-27 23:41:36.327 TRACE 30159 --- [    Test worker] o.h.type.descriptor.sql.BasicBinder      : binding parameter [1] as [VARCHAR] - [test@test.com]
2023-02-27 23:41:36.403 DEBUG 30159 --- [    Test worker] org.hibernate.SQL                        : 
    insert 
    into
        member
        (id, created_time, last_modified_time, member_email, member_nickname, member_password, member_role, member_username) 
    values
        (default, ?, ?, ?, ?, ?, ?, ?)
2023-02-27 23:41:36.403 TRACE 30159 --- [    Test worker] o.h.type.descriptor.sql.BasicBinder      : binding parameter [1] as [TIMESTAMP] - [2023-02-27T23:41:36.403080]
2023-02-27 23:41:36.403 TRACE 30159 --- [    Test worker] o.h.type.descriptor.sql.BasicBinder      : binding parameter [2] as [TIMESTAMP] - [2023-02-27T23:41:36.402715]
2023-02-27 23:41:36.403 TRACE 30159 --- [    Test worker] o.h.type.descriptor.sql.BasicBinder      : binding parameter [3] as [VARCHAR] - [test@test.com]
2023-02-27 23:41:36.403 TRACE 30159 --- [    Test worker] o.h.type.descriptor.sql.BasicBinder      : binding parameter [4] as [VARCHAR] - [test]
2023-02-27 23:41:36.403 TRACE 30159 --- [    Test worker] o.h.type.descriptor.sql.BasicBinder      : binding parameter [5] as [VARCHAR] - [$2a$10$EU3J5mzl2RpeWcKv/F9jO.lQnyPdvbF5qFIeu1e2tcmIy5uFGA9u6]
2023-02-27 23:41:36.403 TRACE 30159 --- [    Test worker] o.h.type.descriptor.sql.BasicBinder      : binding parameter [6] as [VARCHAR] - [USER]
2023-02-27 23:41:36.403 TRACE 30159 --- [    Test worker] o.h.type.descriptor.sql.BasicBinder      : binding parameter [7] as [VARCHAR] - [test]
2023-02-27 23:41:36.405 DEBUG 30159 --- [    Test worker] org.hibernate.SQL                        : 
    select
        member0_.id as id1_0_,
        member0_.created_time as created_2_0_,
        member0_.last_modified_time as last_mod3_0_,
        member0_.member_email as member_e4_0_,
        member0_.member_nickname as member_n5_0_,
        member0_.member_password as member_p6_0_,
        member0_.member_role as member_r7_0_,
        member0_.member_username as member_u8_0_ 
    from
        member member0_ 
    where
        member0_.member_username=?
2023-02-27 23:41:36.405 TRACE 30159 --- [    Test worker] o.h.type.descriptor.sql.BasicBinder      : binding parameter [1] as [VARCHAR] - [test]
2023-02-27 23:41:36.405 TRACE 30159 --- [    Test worker] o.h.type.descriptor.sql.BasicExtractor   : extracted value ([id1_0_] : [BIGINT]) - [5]
2023-02-27 23:41:36.405 TRACE 30159 --- [    Test worker] o.h.type.descriptor.sql.BasicExtractor   : extracted value ([created_2_0_] : [TIMESTAMP]) - [2023-02-27T23:41:36.403080]
2023-02-27 23:41:36.405 TRACE 30159 --- [    Test worker] o.h.type.descriptor.sql.BasicExtractor   : extracted value ([last_mod3_0_] : [TIMESTAMP]) - [2023-02-27T23:41:36.402715]
2023-02-27 23:41:36.405 TRACE 30159 --- [    Test worker] o.h.type.descriptor.sql.BasicExtractor   : extracted value ([member_e4_0_] : [VARCHAR]) - [test@test.com]
2023-02-27 23:41:36.405 TRACE 30159 --- [    Test worker] o.h.type.descriptor.sql.BasicExtractor   : extracted value ([member_n5_0_] : [VARCHAR]) - [test]
2023-02-27 23:41:36.405 TRACE 30159 --- [    Test worker] o.h.type.descriptor.sql.BasicExtractor   : extracted value ([member_p6_0_] : [VARCHAR]) - [$2a$10$EU3J5mzl2RpeWcKv/F9jO.lQnyPdvbF5qFIeu1e2tcmIy5uFGA9u6]
2023-02-27 23:41:36.405 TRACE 30159 --- [    Test worker] o.h.type.descriptor.sql.BasicExtractor   : extracted value ([member_r7_0_] : [VARCHAR]) - [USER]
2023-02-27 23:41:36.405 TRACE 30159 --- [    Test worker] o.h.type.descriptor.sql.BasicExtractor   : extracted value ([member_u8_0_] : [VARCHAR]) - [test]
2023-02-27 23:41:36.405 TRACE 30159 --- [    Test worker] org.hibernate.type.CollectionType        : Created collection wrapper: [com.board.Board_Upgraded.entity.member.Member.posts#5]
2023-02-27 23:41:36.481 DEBUG 30159 --- [    Test worker] org.hibernate.SQL                        : 
    select
        member0_.id as id1_0_,
        member0_.created_time as created_2_0_,
        member0_.last_modified_time as last_mod3_0_,
        member0_.member_email as member_e4_0_,
        member0_.member_nickname as member_n5_0_,
        member0_.member_password as member_p6_0_,
        member0_.member_role as member_r7_0_,
        member0_.member_username as member_u8_0_ 
    from
        member member0_ 
    where
        member0_.member_username=?
2023-02-27 23:41:36.481 TRACE 30159 --- [    Test worker] o.h.type.descriptor.sql.BasicBinder      : binding parameter [1] as [VARCHAR] - [test]
2023-02-27 23:41:36.482 TRACE 30159 --- [    Test worker] o.h.type.descriptor.sql.BasicExtractor   : extracted value ([id1_0_] : [BIGINT]) - [5]
2023-02-27 23:41:36.557 DEBUG 30159 --- [    Test worker] org.hibernate.SQL                        : 
    select
        refreshtok0_.rt_key as rt_key1_2_0_,
        refreshtok0_.rt_value as rt_value2_2_0_ 
    from
        refresh_token refreshtok0_ 
    where
        refreshtok0_.rt_key=?
2023-02-27 23:41:36.558 TRACE 30159 --- [    Test worker] o.h.type.descriptor.sql.BasicBinder      : binding parameter [1] as [VARCHAR] - [test]
2023-02-27 23:41:36.558 TRACE 30159 --- [    Test worker] o.h.type.descriptor.sql.BasicExtractor   : extracted value ([rt_value2_2_0_] : [VARCHAR]) - [eyJhbGciOiJIUzUxMiJ9.eyJleHAiOjE2NzgxMTM2OTZ9.GReJi04Rf2v0p3SNd1OA5adHgsL6kr04UTP_fUT-DlPj1haXTdCvnfnulpLc9gc28rRsOzNXby8gWGzVh6A4AQ]

MockHttpServletRequest:
      HTTP Method = POST
      Request URI = /api/posts/write
       Parameters = {}
          Headers = [Content-Type:"application/json;charset=UTF-8", Authorization:"Bearer eyJhbGciOiJIUzUxMiJ9.eyJzdWIiOiJ0ZXN0IiwiYXV0aCI6IlVTRVIiLCJleHAiOjE2Nzc1OTUyOTZ9.7pxklpySK2Qq3hJwzBqgt1Q2tGSFvRr_tJ_GrdnvDcHWazu_Z_JTcDL9hHXE53nu-xnhYFjwk6uuVwmgJoNsUQ", RefreshToken:"Bearer eyJhbGciOiJIUzUxMiJ9.eyJleHAiOjE2NzgxMTM2OTZ9.GReJi04Rf2v0p3SNd1OA5adHgsL6kr04UTP_fUT-DlPj1haXTdCvnfnulpLc9gc28rRsOzNXby8gWGzVh6A4AQ", Content-Length:"41"]
             Body = {"title":"","content":"내용입니다."}
    Session Attrs = {}

Handler:
             Type = com.board.Board_Upgraded.controller.post.PostController
           Method = com.board.Board_Upgraded.controller.post.PostController#write(WritePostRequestDto)

Async:
    Async started = false
     Async result = null

Resolved Exception:
             Type = org.springframework.web.bind.MethodArgumentNotValidException

ModelAndView:
        View name = null
             View = null
            Model = null

FlashMap:
       Attributes = null

MockHttpServletResponse:
           Status = 400
    Error message = null
          Headers = [Vary:"Origin", "Access-Control-Request-Method", "Access-Control-Request-Headers", Content-Type:"application/json", X-Content-Type-Options:"nosniff", X-XSS-Protection:"1; mode=block", Cache-Control:"no-cache, no-store, max-age=0, must-revalidate", Pragma:"no-cache", Expires:"0", X-Frame-Options:"DENY"]
     Content type = application/json
             Body = {"success":false,"code":400,"result":{"failMessage":"제목을 입력하세요."}}
    Forwarded URL = null
   Redirected URL = null
          Cookies = []
2023-02-27 23:41:36.565 DEBUG 30159 --- [    Test worker] org.hibernate.SQL                        : 
    select
        post0_.id as id1_1_,
        post0_.created_time as created_2_1_,
        post0_.last_modified_time as last_mod3_1_,
        post0_.content as content4_1_,
        post0_.member_id as member_i6_1_,
        post0_.title as title5_1_ 
    from
        post post0_
2023-02-27 23:41:36.566 DEBUG 30159 --- [    Test worker] org.hibernate.SQL                        : 
    select
        member0_.id as id1_0_,
        member0_.created_time as created_2_0_,
        member0_.last_modified_time as last_mod3_0_,
        member0_.member_email as member_e4_0_,
        member0_.member_nickname as member_n5_0_,
        member0_.member_password as member_p6_0_,
        member0_.member_role as member_r7_0_,
        member0_.member_username as member_u8_0_ 
    from
        member member0_
2023-02-27 23:41:36.566 TRACE 30159 --- [    Test worker] o.h.type.descriptor.sql.BasicExtractor   : extracted value ([id1_0_] : [BIGINT]) - [5]
2023-02-27 23:41:36.566 TRACE 30159 --- [    Test worker] o.h.type.descriptor.sql.BasicExtractor   : extracted value ([created_2_0_] : [TIMESTAMP]) - [2023-02-27T23:41:36.403080]
2023-02-27 23:41:36.566 TRACE 30159 --- [    Test worker] o.h.type.descriptor.sql.BasicExtractor   : extracted value ([last_mod3_0_] : [TIMESTAMP]) - [2023-02-27T23:41:36.402715]
2023-02-27 23:41:36.566 TRACE 30159 --- [    Test worker] o.h.type.descriptor.sql.BasicExtractor   : extracted value ([member_e4_0_] : [VARCHAR]) - [test@test.com]
2023-02-27 23:41:36.566 TRACE 30159 --- [    Test worker] o.h.type.descriptor.sql.BasicExtractor   : extracted value ([member_n5_0_] : [VARCHAR]) - [test]
2023-02-27 23:41:36.566 TRACE 30159 --- [    Test worker] o.h.type.descriptor.sql.BasicExtractor   : extracted value ([member_p6_0_] : [VARCHAR]) - [$2a$10$EU3J5mzl2RpeWcKv/F9jO.lQnyPdvbF5qFIeu1e2tcmIy5uFGA9u6]
2023-02-27 23:41:36.566 TRACE 30159 --- [    Test worker] o.h.type.descriptor.sql.BasicExtractor   : extracted value ([member_r7_0_] : [VARCHAR]) - [USER]
2023-02-27 23:41:36.566 TRACE 30159 --- [    Test worker] o.h.type.descriptor.sql.BasicExtractor   : extracted value ([member_u8_0_] : [VARCHAR]) - [test]
2023-02-27 23:41:36.567 TRACE 30159 --- [    Test worker] org.hibernate.type.CollectionType        : Created collection wrapper: [com.board.Board_Upgraded.entity.member.Member.posts#5]
2023-02-27 23:41:36.567 DEBUG 30159 --- [    Test worker] org.hibernate.SQL                        : 
    delete 
    from
        member 
    where
        id=?
2023-02-27 23:41:36.567 TRACE 30159 --- [    Test worker] o.h.type.descriptor.sql.BasicBinder      : binding parameter [1] as [BIGINT] - [5]
2023-02-27 23:41:36.568 DEBUG 30159 --- [    Test worker] org.hibernate.SQL                        : 
    select
        member0_.id as id1_0_,
        member0_.created_time as created_2_0_,
        member0_.last_modified_time as last_mod3_0_,
        member0_.member_email as member_e4_0_,
        member0_.member_nickname as member_n5_0_,
        member0_.member_password as member_p6_0_,
        member0_.member_role as member_r7_0_,
        member0_.member_username as member_u8_0_ 
    from
        member member0_ 
    where
        member0_.member_username=?
2023-02-27 23:41:36.569 TRACE 30159 --- [    Test worker] o.h.type.descriptor.sql.BasicBinder      : binding parameter [1] as [VARCHAR] - [test]
2023-02-27 23:41:36.569 DEBUG 30159 --- [    Test worker] org.hibernate.SQL                        : 
    select
        member0_.id as id1_0_,
        member0_.created_time as created_2_0_,
        member0_.last_modified_time as last_mod3_0_,
        member0_.member_email as member_e4_0_,
        member0_.member_nickname as member_n5_0_,
        member0_.member_password as member_p6_0_,
        member0_.member_role as member_r7_0_,
        member0_.member_username as member_u8_0_ 
    from
        member member0_ 
    where
        member0_.member_nickname=?
2023-02-27 23:41:36.569 TRACE 30159 --- [    Test worker] o.h.type.descriptor.sql.BasicBinder      : binding parameter [1] as [VARCHAR] - [test]
2023-02-27 23:41:36.569 DEBUG 30159 --- [    Test worker] org.hibernate.SQL                        : 
    select
        member0_.id as id1_0_,
        member0_.created_time as created_2_0_,
        member0_.last_modified_time as last_mod3_0_,
        member0_.member_email as member_e4_0_,
        member0_.member_nickname as member_n5_0_,
        member0_.member_password as member_p6_0_,
        member0_.member_role as member_r7_0_,
        member0_.member_username as member_u8_0_ 
    from
        member member0_ 
    where
        member0_.member_email=?
2023-02-27 23:41:36.570 TRACE 30159 --- [    Test worker] o.h.type.descriptor.sql.BasicBinder      : binding parameter [1] as [VARCHAR] - [test@test.com]
2023-02-27 23:41:36.645 DEBUG 30159 --- [    Test worker] org.hibernate.SQL                        : 
    insert 
    into
        member
        (id, created_time, last_modified_time, member_email, member_nickname, member_password, member_role, member_username) 
    values
        (default, ?, ?, ?, ?, ?, ?, ?)
2023-02-27 23:41:36.645 TRACE 30159 --- [    Test worker] o.h.type.descriptor.sql.BasicBinder      : binding parameter [1] as [TIMESTAMP] - [2023-02-27T23:41:36.645356]
2023-02-27 23:41:36.646 TRACE 30159 --- [    Test worker] o.h.type.descriptor.sql.BasicBinder      : binding parameter [2] as [TIMESTAMP] - [2023-02-27T23:41:36.645001]
2023-02-27 23:41:36.646 TRACE 30159 --- [    Test worker] o.h.type.descriptor.sql.BasicBinder      : binding parameter [3] as [VARCHAR] - [test@test.com]
2023-02-27 23:41:36.646 TRACE 30159 --- [    Test worker] o.h.type.descriptor.sql.BasicBinder      : binding parameter [4] as [VARCHAR] - [test]
2023-02-27 23:41:36.646 TRACE 30159 --- [    Test worker] o.h.type.descriptor.sql.BasicBinder      : binding parameter [5] as [VARCHAR] - [$2a$10$3XbIK1O7BFBqUzJB7Z/TMutnRdaOdEap/DUoKeysK4XbhXSkEWQwe]
2023-02-27 23:41:36.646 TRACE 30159 --- [    Test worker] o.h.type.descriptor.sql.BasicBinder      : binding parameter [6] as [VARCHAR] - [USER]
2023-02-27 23:41:36.646 TRACE 30159 --- [    Test worker] o.h.type.descriptor.sql.BasicBinder      : binding parameter [7] as [VARCHAR] - [test]
2023-02-27 23:41:36.647 DEBUG 30159 --- [    Test worker] org.hibernate.SQL                        : 
    select
        member0_.id as id1_0_,
        member0_.created_time as created_2_0_,
        member0_.last_modified_time as last_mod3_0_,
        member0_.member_email as member_e4_0_,
        member0_.member_nickname as member_n5_0_,
        member0_.member_password as member_p6_0_,
        member0_.member_role as member_r7_0_,
        member0_.member_username as member_u8_0_ 
    from
        member member0_ 
    where
        member0_.member_username=?
2023-02-27 23:41:36.647 TRACE 30159 --- [    Test worker] o.h.type.descriptor.sql.BasicBinder      : binding parameter [1] as [VARCHAR] - [test]
2023-02-27 23:41:36.647 TRACE 30159 --- [    Test worker] o.h.type.descriptor.sql.BasicExtractor   : extracted value ([id1_0_] : [BIGINT]) - [6]
2023-02-27 23:41:36.648 TRACE 30159 --- [    Test worker] o.h.type.descriptor.sql.BasicExtractor   : extracted value ([created_2_0_] : [TIMESTAMP]) - [2023-02-27T23:41:36.645356]
2023-02-27 23:41:36.648 TRACE 30159 --- [    Test worker] o.h.type.descriptor.sql.BasicExtractor   : extracted value ([last_mod3_0_] : [TIMESTAMP]) - [2023-02-27T23:41:36.645001]
2023-02-27 23:41:36.648 TRACE 30159 --- [    Test worker] o.h.type.descriptor.sql.BasicExtractor   : extracted value ([member_e4_0_] : [VARCHAR]) - [test@test.com]
2023-02-27 23:41:36.648 TRACE 30159 --- [    Test worker] o.h.type.descriptor.sql.BasicExtractor   : extracted value ([member_n5_0_] : [VARCHAR]) - [test]
2023-02-27 23:41:36.648 TRACE 30159 --- [    Test worker] o.h.type.descriptor.sql.BasicExtractor   : extracted value ([member_p6_0_] : [VARCHAR]) - [$2a$10$3XbIK1O7BFBqUzJB7Z/TMutnRdaOdEap/DUoKeysK4XbhXSkEWQwe]
2023-02-27 23:41:36.648 TRACE 30159 --- [    Test worker] o.h.type.descriptor.sql.BasicExtractor   : extracted value ([member_r7_0_] : [VARCHAR]) - [USER]
2023-02-27 23:41:36.648 TRACE 30159 --- [    Test worker] o.h.type.descriptor.sql.BasicExtractor   : extracted value ([member_u8_0_] : [VARCHAR]) - [test]
2023-02-27 23:41:36.648 TRACE 30159 --- [    Test worker] org.hibernate.type.CollectionType        : Created collection wrapper: [com.board.Board_Upgraded.entity.member.Member.posts#6]
2023-02-27 23:41:36.724 DEBUG 30159 --- [    Test worker] org.hibernate.SQL                        : 
    select
        member0_.id as id1_0_,
        member0_.created_time as created_2_0_,
        member0_.last_modified_time as last_mod3_0_,
        member0_.member_email as member_e4_0_,
        member0_.member_nickname as member_n5_0_,
        member0_.member_password as member_p6_0_,
        member0_.member_role as member_r7_0_,
        member0_.member_username as member_u8_0_ 
    from
        member member0_ 
    where
        member0_.member_username=?
2023-02-27 23:41:36.724 TRACE 30159 --- [    Test worker] o.h.type.descriptor.sql.BasicBinder      : binding parameter [1] as [VARCHAR] - [test]
2023-02-27 23:41:36.725 TRACE 30159 --- [    Test worker] o.h.type.descriptor.sql.BasicExtractor   : extracted value ([id1_0_] : [BIGINT]) - [6]
2023-02-27 23:41:36.801 DEBUG 30159 --- [    Test worker] org.hibernate.SQL                        : 
    select
        refreshtok0_.rt_key as rt_key1_2_0_,
        refreshtok0_.rt_value as rt_value2_2_0_ 
    from
        refresh_token refreshtok0_ 
    where
        refreshtok0_.rt_key=?
2023-02-27 23:41:36.801 TRACE 30159 --- [    Test worker] o.h.type.descriptor.sql.BasicBinder      : binding parameter [1] as [VARCHAR] - [test]
2023-02-27 23:41:36.801 TRACE 30159 --- [    Test worker] o.h.type.descriptor.sql.BasicExtractor   : extracted value ([rt_value2_2_0_] : [VARCHAR]) - [eyJhbGciOiJIUzUxMiJ9.eyJleHAiOjE2NzgxMTM2OTZ9.GReJi04Rf2v0p3SNd1OA5adHgsL6kr04UTP_fUT-DlPj1haXTdCvnfnulpLc9gc28rRsOzNXby8gWGzVh6A4AQ]

MockHttpServletRequest:
      HTTP Method = POST
      Request URI = /api/posts/write
       Parameters = {}
          Headers = [Content-Type:"application/json;charset=UTF-8", Authorization:"Bearer eyJhbGciOiJIUzUxMiJ9.eyJzdWIiOiJ0ZXN0IiwiYXV0aCI6IlVTRVIiLCJleHAiOjE2Nzc1OTUyOTZ9.7pxklpySK2Qq3hJwzBqgt1Q2tGSFvRr_tJ_GrdnvDcHWazu_Z_JTcDL9hHXE53nu-xnhYFjwk6uuVwmgJoNsUQ", RefreshToken:"Bearer eyJhbGciOiJIUzUxMiJ9.eyJleHAiOjE2NzgxMTM2OTZ9.GReJi04Rf2v0p3SNd1OA5adHgsL6kr04UTP_fUT-DlPj1haXTdCvnfnulpLc9gc28rRsOzNXby8gWGzVh6A4AQ", Content-Length:"43"]
             Body = {"title":"  ","content":"내용입니다."}
    Session Attrs = {}

Handler:
             Type = com.board.Board_Upgraded.controller.post.PostController
           Method = com.board.Board_Upgraded.controller.post.PostController#write(WritePostRequestDto)

Async:
    Async started = false
     Async result = null

Resolved Exception:
             Type = org.springframework.web.bind.MethodArgumentNotValidException

ModelAndView:
        View name = null
             View = null
            Model = null

FlashMap:
       Attributes = null

MockHttpServletResponse:
           Status = 400
    Error message = null
          Headers = [Vary:"Origin", "Access-Control-Request-Method", "Access-Control-Request-Headers", Content-Type:"application/json", X-Content-Type-Options:"nosniff", X-XSS-Protection:"1; mode=block", Cache-Control:"no-cache, no-store, max-age=0, must-revalidate", Pragma:"no-cache", Expires:"0", X-Frame-Options:"DENY"]
     Content type = application/json
             Body = {"success":false,"code":400,"result":{"failMessage":"제목을 입력하세요."}}
    Forwarded URL = null
   Redirected URL = null
          Cookies = []
2023-02-27 23:41:36.808 DEBUG 30159 --- [    Test worker] org.hibernate.SQL                        : 
    select
        post0_.id as id1_1_,
        post0_.created_time as created_2_1_,
        post0_.last_modified_time as last_mod3_1_,
        post0_.content as content4_1_,
        post0_.member_id as member_i6_1_,
        post0_.title as title5_1_ 
    from
        post post0_
2023-02-27 23:41:36.809 DEBUG 30159 --- [    Test worker] org.hibernate.SQL                        : 
    select
        member0_.id as id1_0_,
        member0_.created_time as created_2_0_,
        member0_.last_modified_time as last_mod3_0_,
        member0_.member_email as member_e4_0_,
        member0_.member_nickname as member_n5_0_,
        member0_.member_password as member_p6_0_,
        member0_.member_role as member_r7_0_,
        member0_.member_username as member_u8_0_ 
    from
        member member0_
2023-02-27 23:41:36.809 TRACE 30159 --- [    Test worker] o.h.type.descriptor.sql.BasicExtractor   : extracted value ([id1_0_] : [BIGINT]) - [6]
2023-02-27 23:41:36.809 TRACE 30159 --- [    Test worker] o.h.type.descriptor.sql.BasicExtractor   : extracted value ([created_2_0_] : [TIMESTAMP]) - [2023-02-27T23:41:36.645356]
2023-02-27 23:41:36.810 TRACE 30159 --- [    Test worker] o.h.type.descriptor.sql.BasicExtractor   : extracted value ([last_mod3_0_] : [TIMESTAMP]) - [2023-02-27T23:41:36.645001]
2023-02-27 23:41:36.810 TRACE 30159 --- [    Test worker] o.h.type.descriptor.sql.BasicExtractor   : extracted value ([member_e4_0_] : [VARCHAR]) - [test@test.com]
2023-02-27 23:41:36.810 TRACE 30159 --- [    Test worker] o.h.type.descriptor.sql.BasicExtractor   : extracted value ([member_n5_0_] : [VARCHAR]) - [test]
2023-02-27 23:41:36.810 TRACE 30159 --- [    Test worker] o.h.type.descriptor.sql.BasicExtractor   : extracted value ([member_p6_0_] : [VARCHAR]) - [$2a$10$3XbIK1O7BFBqUzJB7Z/TMutnRdaOdEap/DUoKeysK4XbhXSkEWQwe]
2023-02-27 23:41:36.810 TRACE 30159 --- [    Test worker] o.h.type.descriptor.sql.BasicExtractor   : extracted value ([member_r7_0_] : [VARCHAR]) - [USER]
2023-02-27 23:41:36.810 TRACE 30159 --- [    Test worker] o.h.type.descriptor.sql.BasicExtractor   : extracted value ([member_u8_0_] : [VARCHAR]) - [test]
2023-02-27 23:41:36.810 TRACE 30159 --- [    Test worker] org.hibernate.type.CollectionType        : Created collection wrapper: [com.board.Board_Upgraded.entity.member.Member.posts#6]
2023-02-27 23:41:36.810 DEBUG 30159 --- [    Test worker] org.hibernate.SQL                        : 
    delete 
    from
        member 
    where
        id=?
2023-02-27 23:41:36.810 TRACE 30159 --- [    Test worker] o.h.type.descriptor.sql.BasicBinder      : binding parameter [1] as [BIGINT] - [6]
2023-02-27 23:41:36.811 DEBUG 30159 --- [    Test worker] org.hibernate.SQL                        : 
    select
        member0_.id as id1_0_,
        member0_.created_time as created_2_0_,
        member0_.last_modified_time as last_mod3_0_,
        member0_.member_email as member_e4_0_,
        member0_.member_nickname as member_n5_0_,
        member0_.member_password as member_p6_0_,
        member0_.member_role as member_r7_0_,
        member0_.member_username as member_u8_0_ 
    from
        member member0_ 
    where
        member0_.member_username=?
2023-02-27 23:41:36.811 TRACE 30159 --- [    Test worker] o.h.type.descriptor.sql.BasicBinder      : binding parameter [1] as [VARCHAR] - [test]
2023-02-27 23:41:36.812 DEBUG 30159 --- [    Test worker] org.hibernate.SQL                        : 
    select
        member0_.id as id1_0_,
        member0_.created_time as created_2_0_,
        member0_.last_modified_time as last_mod3_0_,
        member0_.member_email as member_e4_0_,
        member0_.member_nickname as member_n5_0_,
        member0_.member_password as member_p6_0_,
        member0_.member_role as member_r7_0_,
        member0_.member_username as member_u8_0_ 
    from
        member member0_ 
    where
        member0_.member_nickname=?
2023-02-27 23:41:36.812 TRACE 30159 --- [    Test worker] o.h.type.descriptor.sql.BasicBinder      : binding parameter [1] as [VARCHAR] - [test]
2023-02-27 23:41:36.812 DEBUG 30159 --- [    Test worker] org.hibernate.SQL                        : 
    select
        member0_.id as id1_0_,
        member0_.created_time as created_2_0_,
        member0_.last_modified_time as last_mod3_0_,
        member0_.member_email as member_e4_0_,
        member0_.member_nickname as member_n5_0_,
        member0_.member_password as member_p6_0_,
        member0_.member_role as member_r7_0_,
        member0_.member_username as member_u8_0_ 
    from
        member member0_ 
    where
        member0_.member_email=?
2023-02-27 23:41:36.813 TRACE 30159 --- [    Test worker] o.h.type.descriptor.sql.BasicBinder      : binding parameter [1] as [VARCHAR] - [test@test.com]
2023-02-27 23:41:36.889 DEBUG 30159 --- [    Test worker] org.hibernate.SQL                        : 
    insert 
    into
        member
        (id, created_time, last_modified_time, member_email, member_nickname, member_password, member_role, member_username) 
    values
        (default, ?, ?, ?, ?, ?, ?, ?)
2023-02-27 23:41:36.890 TRACE 30159 --- [    Test worker] o.h.type.descriptor.sql.BasicBinder      : binding parameter [1] as [TIMESTAMP] - [2023-02-27T23:41:36.889335]
2023-02-27 23:41:36.890 TRACE 30159 --- [    Test worker] o.h.type.descriptor.sql.BasicBinder      : binding parameter [2] as [TIMESTAMP] - [2023-02-27T23:41:36.889143]
2023-02-27 23:41:36.890 TRACE 30159 --- [    Test worker] o.h.type.descriptor.sql.BasicBinder      : binding parameter [3] as [VARCHAR] - [test@test.com]
2023-02-27 23:41:36.890 TRACE 30159 --- [    Test worker] o.h.type.descriptor.sql.BasicBinder      : binding parameter [4] as [VARCHAR] - [test]
2023-02-27 23:41:36.890 TRACE 30159 --- [    Test worker] o.h.type.descriptor.sql.BasicBinder      : binding parameter [5] as [VARCHAR] - [$2a$10$ulyG0bjjiL8z75q37n.xCeFazgaBACcpx/pzm4kHnBfbtCJSID9Ge]
2023-02-27 23:41:36.890 TRACE 30159 --- [    Test worker] o.h.type.descriptor.sql.BasicBinder      : binding parameter [6] as [VARCHAR] - [USER]
2023-02-27 23:41:36.890 TRACE 30159 --- [    Test worker] o.h.type.descriptor.sql.BasicBinder      : binding parameter [7] as [VARCHAR] - [test]
2023-02-27 23:41:36.891 DEBUG 30159 --- [    Test worker] org.hibernate.SQL                        : 
    select
        member0_.id as id1_0_,
        member0_.created_time as created_2_0_,
        member0_.last_modified_time as last_mod3_0_,
        member0_.member_email as member_e4_0_,
        member0_.member_nickname as member_n5_0_,
        member0_.member_password as member_p6_0_,
        member0_.member_role as member_r7_0_,
        member0_.member_username as member_u8_0_ 
    from
        member member0_ 
    where
        member0_.member_username=?
2023-02-27 23:41:36.891 TRACE 30159 --- [    Test worker] o.h.type.descriptor.sql.BasicBinder      : binding parameter [1] as [VARCHAR] - [test]
2023-02-27 23:41:36.892 TRACE 30159 --- [    Test worker] o.h.type.descriptor.sql.BasicExtractor   : extracted value ([id1_0_] : [BIGINT]) - [7]
2023-02-27 23:41:36.892 TRACE 30159 --- [    Test worker] o.h.type.descriptor.sql.BasicExtractor   : extracted value ([created_2_0_] : [TIMESTAMP]) - [2023-02-27T23:41:36.889335]
2023-02-27 23:41:36.892 TRACE 30159 --- [    Test worker] o.h.type.descriptor.sql.BasicExtractor   : extracted value ([last_mod3_0_] : [TIMESTAMP]) - [2023-02-27T23:41:36.889143]
2023-02-27 23:41:36.892 TRACE 30159 --- [    Test worker] o.h.type.descriptor.sql.BasicExtractor   : extracted value ([member_e4_0_] : [VARCHAR]) - [test@test.com]
2023-02-27 23:41:36.892 TRACE 30159 --- [    Test worker] o.h.type.descriptor.sql.BasicExtractor   : extracted value ([member_n5_0_] : [VARCHAR]) - [test]
2023-02-27 23:41:36.892 TRACE 30159 --- [    Test worker] o.h.type.descriptor.sql.BasicExtractor   : extracted value ([member_p6_0_] : [VARCHAR]) - [$2a$10$ulyG0bjjiL8z75q37n.xCeFazgaBACcpx/pzm4kHnBfbtCJSID9Ge]
2023-02-27 23:41:36.892 TRACE 30159 --- [    Test worker] o.h.type.descriptor.sql.BasicExtractor   : extracted value ([member_r7_0_] : [VARCHAR]) - [USER]
2023-02-27 23:41:36.892 TRACE 30159 --- [    Test worker] o.h.type.descriptor.sql.BasicExtractor   : extracted value ([member_u8_0_] : [VARCHAR]) - [test]
2023-02-27 23:41:36.892 TRACE 30159 --- [    Test worker] org.hibernate.type.CollectionType        : Created collection wrapper: [com.board.Board_Upgraded.entity.member.Member.posts#7]
2023-02-27 23:41:36.967 DEBUG 30159 --- [    Test worker] org.hibernate.SQL                        : 
    select
        member0_.id as id1_0_,
        member0_.created_time as created_2_0_,
        member0_.last_modified_time as last_mod3_0_,
        member0_.member_email as member_e4_0_,
        member0_.member_nickname as member_n5_0_,
        member0_.member_password as member_p6_0_,
        member0_.member_role as member_r7_0_,
        member0_.member_username as member_u8_0_ 
    from
        member member0_ 
    where
        member0_.member_username=?
2023-02-27 23:41:36.967 TRACE 30159 --- [    Test worker] o.h.type.descriptor.sql.BasicBinder      : binding parameter [1] as [VARCHAR] - [test]
2023-02-27 23:41:36.967 TRACE 30159 --- [    Test worker] o.h.type.descriptor.sql.BasicExtractor   : extracted value ([id1_0_] : [BIGINT]) - [7]
2023-02-27 23:41:37.043 DEBUG 30159 --- [    Test worker] org.hibernate.SQL                        : 
    select
        refreshtok0_.rt_key as rt_key1_2_0_,
        refreshtok0_.rt_value as rt_value2_2_0_ 
    from
        refresh_token refreshtok0_ 
    where
        refreshtok0_.rt_key=?
2023-02-27 23:41:37.044 TRACE 30159 --- [    Test worker] o.h.type.descriptor.sql.BasicBinder      : binding parameter [1] as [VARCHAR] - [test]
2023-02-27 23:41:37.044 TRACE 30159 --- [    Test worker] o.h.type.descriptor.sql.BasicExtractor   : extracted value ([rt_value2_2_0_] : [VARCHAR]) - [eyJhbGciOiJIUzUxMiJ9.eyJleHAiOjE2NzgxMTM2OTZ9.GReJi04Rf2v0p3SNd1OA5adHgsL6kr04UTP_fUT-DlPj1haXTdCvnfnulpLc9gc28rRsOzNXby8gWGzVh6A4AQ]
2023-02-27 23:41:37.044 DEBUG 30159 --- [    Test worker] org.hibernate.SQL                        : 
    update
        refresh_token 
    set
        rt_value=? 
    where
        rt_key=?
2023-02-27 23:41:37.044 TRACE 30159 --- [    Test worker] o.h.type.descriptor.sql.BasicBinder      : binding parameter [1] as [VARCHAR] - [eyJhbGciOiJIUzUxMiJ9.eyJleHAiOjE2NzgxMTM2OTd9.u5GOwqAOuuyG95ihD5xJZOF3VEqkjqTNebOiCpV6fMhI9gMdF0-YikMPcpraUqX3jiQwRRs7uaMFS87DH7hk_Q]
2023-02-27 23:41:37.045 TRACE 30159 --- [    Test worker] o.h.type.descriptor.sql.BasicBinder      : binding parameter [2] as [VARCHAR] - [test]

MockHttpServletRequest:
      HTTP Method = POST
      Request URI = /api/posts/write
       Parameters = {}
          Headers = [Content-Type:"application/json;charset=UTF-8", Authorization:"Bearer eyJhbGciOiJIUzUxMiJ9.eyJzdWIiOiJ0ZXN0IiwiYXV0aCI6IlVTRVIiLCJleHAiOjE2Nzc1OTUyOTd9.3YBddll4FgzkCM_T9traQ8ea0eTVy5RCZoe28j-QNc4Ehjj1iYdPelyw2rQqBG-OcxaFrnEsPpXl7-t3z0toxw", RefreshToken:"Bearer eyJhbGciOiJIUzUxMiJ9.eyJleHAiOjE2NzgxMTM2OTd9.u5GOwqAOuuyG95ihD5xJZOF3VEqkjqTNebOiCpV6fMhI9gMdF0-YikMPcpraUqX3jiQwRRs7uaMFS87DH7hk_Q", Content-Length:"43"]
             Body = {"title":"제목입니다.","content":"  "}
    Session Attrs = {}

Handler:
             Type = com.board.Board_Upgraded.controller.post.PostController
           Method = com.board.Board_Upgraded.controller.post.PostController#write(WritePostRequestDto)

Async:
    Async started = false
     Async result = null

Resolved Exception:
             Type = org.springframework.web.bind.MethodArgumentNotValidException

ModelAndView:
        View name = null
             View = null
            Model = null

FlashMap:
       Attributes = null

MockHttpServletResponse:
           Status = 400
    Error message = null
          Headers = [Vary:"Origin", "Access-Control-Request-Method", "Access-Control-Request-Headers", Content-Type:"application/json", X-Content-Type-Options:"nosniff", X-XSS-Protection:"1; mode=block", Cache-Control:"no-cache, no-store, max-age=0, must-revalidate", Pragma:"no-cache", Expires:"0", X-Frame-Options:"DENY"]
     Content type = application/json
             Body = {"success":false,"code":400,"result":{"failMessage":"내용을 입력하세요."}}
    Forwarded URL = null
   Redirected URL = null
          Cookies = []
]]></system-out>
  <system-err><![CDATA[]]></system-err>
</testsuite>
