<?xml version="1.0" encoding="UTF-8"?>
<testsuite name="com.board.Board_Upgraded.controller.post.EditTest" tests="1" skipped="0" failures="0" errors="0" timestamp="2023-03-01T14:07:49" hostname="ijanghuiui-MacBookPro.local" time="0.618">
  <properties/>
  <testcase name="입력이 없을 경우 게시물이 그대로 나온다." classname="com.board.Board_Upgraded.controller.post.EditTest" time="0.618"/>
  <system-out><![CDATA[23:07:46.714 [Test worker] DEBUG org.springframework.test.context.BootstrapUtils - Instantiating CacheAwareContextLoaderDelegate from class [org.springframework.test.context.cache.DefaultCacheAwareContextLoaderDelegate]
23:07:46.720 [Test worker] DEBUG org.springframework.test.context.BootstrapUtils - Instantiating BootstrapContext using constructor [public org.springframework.test.context.support.DefaultBootstrapContext(java.lang.Class,org.springframework.test.context.CacheAwareContextLoaderDelegate)]
23:07:46.735 [Test worker] DEBUG org.springframework.test.context.BootstrapUtils - Instantiating TestContextBootstrapper for test class [com.board.Board_Upgraded.controller.post.EditTest] from class [org.springframework.boot.test.context.SpringBootTestContextBootstrapper]
23:07:46.742 [Test worker] INFO org.springframework.boot.test.context.SpringBootTestContextBootstrapper - Neither @ContextConfiguration nor @ContextHierarchy found for test class [com.board.Board_Upgraded.controller.post.EditTest], using SpringBootContextLoader
23:07:46.744 [Test worker] DEBUG org.springframework.test.context.support.AbstractContextLoader - Did not detect default resource location for test class [com.board.Board_Upgraded.controller.post.EditTest]: class path resource [com/board/Board_Upgraded/controller/post/EditTest-context.xml] does not exist
23:07:46.744 [Test worker] DEBUG org.springframework.test.context.support.AbstractContextLoader - Did not detect default resource location for test class [com.board.Board_Upgraded.controller.post.EditTest]: class path resource [com/board/Board_Upgraded/controller/post/EditTestContext.groovy] does not exist
23:07:46.744 [Test worker] INFO org.springframework.test.context.support.AbstractContextLoader - Could not detect default resource locations for test class [com.board.Board_Upgraded.controller.post.EditTest]: no resource found for suffixes {-context.xml, Context.groovy}.
23:07:46.744 [Test worker] INFO org.springframework.test.context.support.AnnotationConfigContextLoaderUtils - Could not detect default configuration classes for test class [com.board.Board_Upgraded.controller.post.EditTest]: EditTest does not declare any static, non-private, non-final, nested classes annotated with @Configuration.
23:07:46.770 [Test worker] DEBUG org.springframework.test.context.support.ActiveProfilesUtils - Could not find an 'annotation declaring class' for annotation type [org.springframework.test.context.ActiveProfiles] and class [com.board.Board_Upgraded.controller.post.EditTest]
23:07:46.807 [Test worker] DEBUG org.springframework.context.annotation.ClassPathScanningCandidateComponentProvider - Identified candidate component class: file [/Users/leeeehgnaj/Desktop/Coding/Board_Upgraded/build/classes/java/main/com/board/Board_Upgraded/BoardUpgradedApplication.class]
23:07:46.807 [Test worker] INFO org.springframework.boot.test.context.SpringBootTestContextBootstrapper - Found @SpringBootConfiguration com.board.Board_Upgraded.BoardUpgradedApplication for test class com.board.Board_Upgraded.controller.post.EditTest
23:07:46.843 [Test worker] DEBUG org.springframework.boot.test.context.SpringBootTestContextBootstrapper - @TestExecutionListeners is not present for class [com.board.Board_Upgraded.controller.post.EditTest]: using defaults.
23:07:46.843 [Test worker] INFO org.springframework.boot.test.context.SpringBootTestContextBootstrapper - Loaded default TestExecutionListener class names from location [META-INF/spring.factories]: [org.springframework.security.test.context.support.WithSecurityContextTestExecutionListener, org.springframework.security.test.context.support.ReactorContextTestExecutionListener, org.springframework.boot.test.autoconfigure.restdocs.RestDocsTestExecutionListener, org.springframework.boot.test.autoconfigure.web.client.MockRestServiceServerResetTestExecutionListener, org.springframework.boot.test.autoconfigure.web.servlet.MockMvcPrintOnlyOnFailureTestExecutionListener, org.springframework.boot.test.autoconfigure.web.servlet.WebDriverTestExecutionListener, org.springframework.boot.test.autoconfigure.webservices.client.MockWebServiceServerTestExecutionListener, org.springframework.boot.test.mock.mockito.MockitoTestExecutionListener, org.springframework.boot.test.mock.mockito.ResetMocksTestExecutionListener, org.springframework.test.context.web.ServletTestExecutionListener, org.springframework.test.context.support.DirtiesContextBeforeModesTestExecutionListener, org.springframework.test.context.event.ApplicationEventsTestExecutionListener, org.springframework.test.context.support.DependencyInjectionTestExecutionListener, org.springframework.test.context.support.DirtiesContextTestExecutionListener, org.springframework.test.context.transaction.TransactionalTestExecutionListener, org.springframework.test.context.jdbc.SqlScriptsTestExecutionListener, org.springframework.test.context.event.EventPublishingTestExecutionListener]
23:07:46.852 [Test worker] INFO org.springframework.boot.test.context.SpringBootTestContextBootstrapper - Using TestExecutionListeners: [org.springframework.test.context.web.ServletTestExecutionListener@3185fa6b, org.springframework.test.context.support.DirtiesContextBeforeModesTestExecutionListener@6d366c9b, org.springframework.test.context.event.ApplicationEventsTestExecutionListener@5b58ed3c, org.springframework.boot.test.mock.mockito.MockitoTestExecutionListener@24faea88, org.springframework.boot.test.autoconfigure.SpringBootDependencyInjectionTestExecutionListener@3a320ade, org.springframework.test.context.support.DirtiesContextTestExecutionListener@64beebb7, org.springframework.test.context.transaction.TransactionalTestExecutionListener@7813cb11, org.springframework.test.context.jdbc.SqlScriptsTestExecutionListener@bcec031, org.springframework.security.test.context.support.WithSecurityContextTestExecutionListener@21005f6c, org.springframework.test.context.event.EventPublishingTestExecutionListener@32f0fba8, org.springframework.security.test.context.support.ReactorContextTestExecutionListener@545de5a4, org.springframework.boot.test.autoconfigure.restdocs.RestDocsTestExecutionListener@29ef6856, org.springframework.boot.test.autoconfigure.web.client.MockRestServiceServerResetTestExecutionListener@ab7a938, org.springframework.boot.test.autoconfigure.web.servlet.MockMvcPrintOnlyOnFailureTestExecutionListener@3faf2e7d, org.springframework.boot.test.autoconfigure.web.servlet.WebDriverTestExecutionListener@4648ce9, org.springframework.boot.test.autoconfigure.webservices.client.MockWebServiceServerTestExecutionListener@569bf9eb, org.springframework.boot.test.mock.mockito.ResetMocksTestExecutionListener@61526469]
23:07:46.856 [Test worker] DEBUG org.springframework.test.context.support.AbstractDirtiesContextTestExecutionListener - Before test class: context [DefaultTestContext@7fcbe147 testClass = EditTest, testInstance = [null], testMethod = [null], testException = [null], mergedContextConfiguration = [WebMergedContextConfiguration@235f4c10 testClass = EditTest, locations = '{}', classes = '{class com.board.Board_Upgraded.BoardUpgradedApplication}', contextInitializerClasses = '[]', activeProfiles = '{}', propertySourceLocations = '{}', propertySourceProperties = '{org.springframework.boot.test.context.SpringBootTestContextBootstrapper=true}', contextCustomizers = set[org.springframework.boot.test.autoconfigure.actuate.metrics.MetricsExportContextCustomizerFactory$DisableMetricExportContextCustomizer@4b23c30a, org.springframework.boot.test.autoconfigure.properties.PropertyMappingContextCustomizer@4b3fa0b3, org.springframework.boot.test.autoconfigure.web.servlet.WebDriverContextCustomizerFactory$Customizer@e57b96d, [ImportsContextCustomizer@743cb8e0 key = [org.springframework.boot.test.autoconfigure.web.servlet.MockMvcAutoConfiguration, org.springframework.boot.test.autoconfigure.web.servlet.MockMvcWebClientAutoConfiguration, org.springframework.boot.test.autoconfigure.web.servlet.MockMvcWebDriverAutoConfiguration, org.springframework.boot.autoconfigure.security.oauth2.client.servlet.OAuth2ClientAutoConfiguration, org.springframework.boot.autoconfigure.security.oauth2.resource.servlet.OAuth2ResourceServerAutoConfiguration, org.springframework.boot.autoconfigure.security.servlet.SecurityAutoConfiguration, org.springframework.boot.autoconfigure.security.servlet.SecurityFilterAutoConfiguration, org.springframework.boot.autoconfigure.security.servlet.UserDetailsServiceAutoConfiguration, org.springframework.boot.test.autoconfigure.web.servlet.MockMvcSecurityConfiguration, org.springframework.boot.test.autoconfigure.web.reactive.WebTestClientAutoConfiguration]], org.springframework.boot.test.context.filter.ExcludeFilterContextCustomizer@19b93fa8, org.springframework.boot.test.json.DuplicateJsonObjectContextCustomizerFactory$DuplicateJsonObjectContextCustomizer@1921ad94, org.springframework.boot.test.mock.mockito.MockitoContextCustomizer@0, org.springframework.boot.test.web.client.TestRestTemplateContextCustomizer@4b6e2263, org.springframework.boot.test.context.SpringBootTestArgs@1, org.springframework.boot.test.context.SpringBootTestWebEnvironment@5ab9e72c], resourceBasePath = 'src/main/webapp', contextLoader = 'org.springframework.boot.test.context.SpringBootContextLoader', parent = [null]], attributes = map['org.springframework.test.context.web.ServletTestExecutionListener.activateListener' -> true]], class annotated with @DirtiesContext [false] with mode [null].

  .   ____          _            __ _ _
 /\\ / ___'_ __ _ _(_)_ __  __ _ \ \ \ \
( ( )\___ | '_ | '_| | '_ \/ _` | \ \ \ \
 \\/  ___)| |_)| | | | | || (_| |  ) ) ) )
  '  |____| .__|_| |_|_| |_\__, | / / / /
 =========|_|==============|___/=/_/_/_/
 :: Spring Boot ::                (v2.7.0)

2023-03-01 23:07:47.124  INFO 51376 --- [    Test worker] c.b.B.controller.post.EditTest           : Starting EditTest using Java 17.0.2 on ijanghuiui-MacBookPro.local with PID 51376 (started by leeeehgnaj in /Users/leeeehgnaj/Desktop/Coding/Board_Upgraded)
2023-03-01 23:07:47.125  INFO 51376 --- [    Test worker] c.b.B.controller.post.EditTest           : The following 1 profile is active: "local"
2023-03-01 23:07:47.513  INFO 51376 --- [    Test worker] .s.d.r.c.RepositoryConfigurationDelegate : Bootstrapping Spring Data JPA repositories in DEFAULT mode.
2023-03-01 23:07:47.546  INFO 51376 --- [    Test worker] .s.d.r.c.RepositoryConfigurationDelegate : Finished Spring Data repository scanning in 30 ms. Found 3 JPA repository interfaces.
2023-03-01 23:07:47.811  INFO 51376 --- [    Test worker] o.hibernate.jpa.internal.util.LogHelper  : HHH000204: Processing PersistenceUnitInfo [name: default]
2023-03-01 23:07:47.835  INFO 51376 --- [    Test worker] org.hibernate.Version                    : HHH000412: Hibernate ORM core version 5.6.9.Final
2023-03-01 23:07:47.919  INFO 51376 --- [    Test worker] o.hibernate.annotations.common.Version   : HCANN000001: Hibernate Commons Annotations {5.1.2.Final}
2023-03-01 23:07:47.930 DEBUG 51376 --- [    Test worker] org.hibernate.type.BasicTypeRegistry     : Adding type registration boolean -> org.hibernate.type.BooleanType@2a5c6b76
2023-03-01 23:07:47.930 DEBUG 51376 --- [    Test worker] org.hibernate.type.BasicTypeRegistry     : Adding type registration boolean -> org.hibernate.type.BooleanType@2a5c6b76
2023-03-01 23:07:47.930 DEBUG 51376 --- [    Test worker] org.hibernate.type.BasicTypeRegistry     : Adding type registration java.lang.Boolean -> org.hibernate.type.BooleanType@2a5c6b76
2023-03-01 23:07:47.930 DEBUG 51376 --- [    Test worker] org.hibernate.type.BasicTypeRegistry     : Adding type registration numeric_boolean -> org.hibernate.type.NumericBooleanType@4ad1a276
2023-03-01 23:07:47.931 DEBUG 51376 --- [    Test worker] org.hibernate.type.BasicTypeRegistry     : Adding type registration true_false -> org.hibernate.type.TrueFalseType@e97f115
2023-03-01 23:07:47.931 DEBUG 51376 --- [    Test worker] org.hibernate.type.BasicTypeRegistry     : Adding type registration yes_no -> org.hibernate.type.YesNoType@6ac756b
2023-03-01 23:07:47.931 DEBUG 51376 --- [    Test worker] org.hibernate.type.BasicTypeRegistry     : Adding type registration byte -> org.hibernate.type.ByteType@1b94c789
2023-03-01 23:07:47.931 DEBUG 51376 --- [    Test worker] org.hibernate.type.BasicTypeRegistry     : Adding type registration byte -> org.hibernate.type.ByteType@1b94c789
2023-03-01 23:07:47.931 DEBUG 51376 --- [    Test worker] org.hibernate.type.BasicTypeRegistry     : Adding type registration java.lang.Byte -> org.hibernate.type.ByteType@1b94c789
2023-03-01 23:07:47.932 DEBUG 51376 --- [    Test worker] org.hibernate.type.BasicTypeRegistry     : Adding type registration character -> org.hibernate.type.CharacterType@1de73d37
2023-03-01 23:07:47.932 DEBUG 51376 --- [    Test worker] org.hibernate.type.BasicTypeRegistry     : Adding type registration char -> org.hibernate.type.CharacterType@1de73d37
2023-03-01 23:07:47.932 DEBUG 51376 --- [    Test worker] org.hibernate.type.BasicTypeRegistry     : Adding type registration java.lang.Character -> org.hibernate.type.CharacterType@1de73d37
2023-03-01 23:07:47.932 DEBUG 51376 --- [    Test worker] org.hibernate.type.BasicTypeRegistry     : Adding type registration short -> org.hibernate.type.ShortType@71139e77
2023-03-01 23:07:47.932 DEBUG 51376 --- [    Test worker] org.hibernate.type.BasicTypeRegistry     : Adding type registration short -> org.hibernate.type.ShortType@71139e77
2023-03-01 23:07:47.932 DEBUG 51376 --- [    Test worker] org.hibernate.type.BasicTypeRegistry     : Adding type registration java.lang.Short -> org.hibernate.type.ShortType@71139e77
2023-03-01 23:07:47.932 DEBUG 51376 --- [    Test worker] org.hibernate.type.BasicTypeRegistry     : Adding type registration integer -> org.hibernate.type.IntegerType@12aa519b
2023-03-01 23:07:47.933 DEBUG 51376 --- [    Test worker] org.hibernate.type.BasicTypeRegistry     : Adding type registration int -> org.hibernate.type.IntegerType@12aa519b
2023-03-01 23:07:47.933 DEBUG 51376 --- [    Test worker] org.hibernate.type.BasicTypeRegistry     : Adding type registration java.lang.Integer -> org.hibernate.type.IntegerType@12aa519b
2023-03-01 23:07:47.933 DEBUG 51376 --- [    Test worker] org.hibernate.type.BasicTypeRegistry     : Adding type registration long -> org.hibernate.type.LongType@45c423b3
2023-03-01 23:07:47.933 DEBUG 51376 --- [    Test worker] org.hibernate.type.BasicTypeRegistry     : Adding type registration long -> org.hibernate.type.LongType@45c423b3
2023-03-01 23:07:47.933 DEBUG 51376 --- [    Test worker] org.hibernate.type.BasicTypeRegistry     : Adding type registration java.lang.Long -> org.hibernate.type.LongType@45c423b3
2023-03-01 23:07:47.933 DEBUG 51376 --- [    Test worker] org.hibernate.type.BasicTypeRegistry     : Adding type registration float -> org.hibernate.type.FloatType@105dc04d
2023-03-01 23:07:47.933 DEBUG 51376 --- [    Test worker] org.hibernate.type.BasicTypeRegistry     : Adding type registration float -> org.hibernate.type.FloatType@105dc04d
2023-03-01 23:07:47.933 DEBUG 51376 --- [    Test worker] org.hibernate.type.BasicTypeRegistry     : Adding type registration java.lang.Float -> org.hibernate.type.FloatType@105dc04d
2023-03-01 23:07:47.934 DEBUG 51376 --- [    Test worker] org.hibernate.type.BasicTypeRegistry     : Adding type registration double -> org.hibernate.type.DoubleType@6df2af02
2023-03-01 23:07:47.934 DEBUG 51376 --- [    Test worker] org.hibernate.type.BasicTypeRegistry     : Adding type registration double -> org.hibernate.type.DoubleType@6df2af02
2023-03-01 23:07:47.934 DEBUG 51376 --- [    Test worker] org.hibernate.type.BasicTypeRegistry     : Adding type registration java.lang.Double -> org.hibernate.type.DoubleType@6df2af02
2023-03-01 23:07:47.934 DEBUG 51376 --- [    Test worker] org.hibernate.type.BasicTypeRegistry     : Adding type registration big_decimal -> org.hibernate.type.BigDecimalType@ab327c
2023-03-01 23:07:47.934 DEBUG 51376 --- [    Test worker] org.hibernate.type.BasicTypeRegistry     : Adding type registration java.math.BigDecimal -> org.hibernate.type.BigDecimalType@ab327c
2023-03-01 23:07:47.934 DEBUG 51376 --- [    Test worker] org.hibernate.type.BasicTypeRegistry     : Adding type registration big_integer -> org.hibernate.type.BigIntegerType@72715e61
2023-03-01 23:07:47.934 DEBUG 51376 --- [    Test worker] org.hibernate.type.BasicTypeRegistry     : Adding type registration java.math.BigInteger -> org.hibernate.type.BigIntegerType@72715e61
2023-03-01 23:07:47.935 DEBUG 51376 --- [    Test worker] org.hibernate.type.BasicTypeRegistry     : Adding type registration string -> org.hibernate.type.StringType@5611bba
2023-03-01 23:07:47.935 DEBUG 51376 --- [    Test worker] org.hibernate.type.BasicTypeRegistry     : Adding type registration java.lang.String -> org.hibernate.type.StringType@5611bba
2023-03-01 23:07:47.935 DEBUG 51376 --- [    Test worker] org.hibernate.type.BasicTypeRegistry     : Adding type registration nstring -> org.hibernate.type.StringNVarcharType@5464b97c
2023-03-01 23:07:47.935 DEBUG 51376 --- [    Test worker] org.hibernate.type.BasicTypeRegistry     : Adding type registration ncharacter -> org.hibernate.type.CharacterNCharType@29d2fa84
2023-03-01 23:07:47.935 DEBUG 51376 --- [    Test worker] org.hibernate.type.BasicTypeRegistry     : Adding type registration url -> org.hibernate.type.UrlType@4a4b288a
2023-03-01 23:07:47.935 DEBUG 51376 --- [    Test worker] org.hibernate.type.BasicTypeRegistry     : Adding type registration java.net.URL -> org.hibernate.type.UrlType@4a4b288a
2023-03-01 23:07:47.936 DEBUG 51376 --- [    Test worker] org.hibernate.type.BasicTypeRegistry     : Adding type registration Duration -> org.hibernate.type.DurationType@365bfc5f
2023-03-01 23:07:47.936 DEBUG 51376 --- [    Test worker] org.hibernate.type.BasicTypeRegistry     : Adding type registration java.time.Duration -> org.hibernate.type.DurationType@365bfc5f
2023-03-01 23:07:47.936 DEBUG 51376 --- [    Test worker] org.hibernate.type.BasicTypeRegistry     : Adding type registration Instant -> org.hibernate.type.InstantType@75452aea
2023-03-01 23:07:47.936 DEBUG 51376 --- [    Test worker] org.hibernate.type.BasicTypeRegistry     : Adding type registration java.time.Instant -> org.hibernate.type.InstantType@75452aea
2023-03-01 23:07:47.937 DEBUG 51376 --- [    Test worker] org.hibernate.type.BasicTypeRegistry     : Adding type registration LocalDateTime -> org.hibernate.type.LocalDateTimeType@2729bb71
2023-03-01 23:07:47.937 DEBUG 51376 --- [    Test worker] org.hibernate.type.BasicTypeRegistry     : Adding type registration java.time.LocalDateTime -> org.hibernate.type.LocalDateTimeType@2729bb71
2023-03-01 23:07:47.937 DEBUG 51376 --- [    Test worker] org.hibernate.type.BasicTypeRegistry     : Adding type registration LocalDate -> org.hibernate.type.LocalDateType@1cc9bd9b
2023-03-01 23:07:47.937 DEBUG 51376 --- [    Test worker] org.hibernate.type.BasicTypeRegistry     : Adding type registration java.time.LocalDate -> org.hibernate.type.LocalDateType@1cc9bd9b
2023-03-01 23:07:47.938 DEBUG 51376 --- [    Test worker] org.hibernate.type.BasicTypeRegistry     : Adding type registration LocalTime -> org.hibernate.type.LocalTimeType@6233c6c2
2023-03-01 23:07:47.938 DEBUG 51376 --- [    Test worker] org.hibernate.type.BasicTypeRegistry     : Adding type registration java.time.LocalTime -> org.hibernate.type.LocalTimeType@6233c6c2
2023-03-01 23:07:47.938 DEBUG 51376 --- [    Test worker] org.hibernate.type.BasicTypeRegistry     : Adding type registration OffsetDateTime -> org.hibernate.type.OffsetDateTimeType@3f6f9cef
2023-03-01 23:07:47.938 DEBUG 51376 --- [    Test worker] org.hibernate.type.BasicTypeRegistry     : Adding type registration java.time.OffsetDateTime -> org.hibernate.type.OffsetDateTimeType@3f6f9cef
2023-03-01 23:07:47.938 DEBUG 51376 --- [    Test worker] org.hibernate.type.BasicTypeRegistry     : Adding type registration OffsetTime -> org.hibernate.type.OffsetTimeType@7d12429
2023-03-01 23:07:47.939 DEBUG 51376 --- [    Test worker] org.hibernate.type.BasicTypeRegistry     : Adding type registration java.time.OffsetTime -> org.hibernate.type.OffsetTimeType@7d12429
2023-03-01 23:07:47.939 DEBUG 51376 --- [    Test worker] org.hibernate.type.BasicTypeRegistry     : Adding type registration ZonedDateTime -> org.hibernate.type.ZonedDateTimeType@2a631049
2023-03-01 23:07:47.940 DEBUG 51376 --- [    Test worker] org.hibernate.type.BasicTypeRegistry     : Adding type registration java.time.ZonedDateTime -> org.hibernate.type.ZonedDateTimeType@2a631049
2023-03-01 23:07:47.940 DEBUG 51376 --- [    Test worker] org.hibernate.type.BasicTypeRegistry     : Adding type registration date -> org.hibernate.type.DateType@65db548
2023-03-01 23:07:47.940 DEBUG 51376 --- [    Test worker] org.hibernate.type.BasicTypeRegistry     : Adding type registration java.sql.Date -> org.hibernate.type.DateType@65db548
2023-03-01 23:07:47.940 DEBUG 51376 --- [    Test worker] org.hibernate.type.BasicTypeRegistry     : Adding type registration time -> org.hibernate.type.TimeType@11bdab37
2023-03-01 23:07:47.941 DEBUG 51376 --- [    Test worker] org.hibernate.type.BasicTypeRegistry     : Adding type registration java.sql.Time -> org.hibernate.type.TimeType@11bdab37
2023-03-01 23:07:47.941 DEBUG 51376 --- [    Test worker] org.hibernate.type.BasicTypeRegistry     : Adding type registration timestamp -> org.hibernate.type.TimestampType@4fa8bebb
2023-03-01 23:07:47.941 DEBUG 51376 --- [    Test worker] org.hibernate.type.BasicTypeRegistry     : Adding type registration java.sql.Timestamp -> org.hibernate.type.TimestampType@4fa8bebb
2023-03-01 23:07:47.941 DEBUG 51376 --- [    Test worker] org.hibernate.type.BasicTypeRegistry     : Adding type registration java.util.Date -> org.hibernate.type.TimestampType@4fa8bebb
2023-03-01 23:07:47.942 DEBUG 51376 --- [    Test worker] org.hibernate.type.BasicTypeRegistry     : Adding type registration dbtimestamp -> org.hibernate.type.DbTimestampType@3e98b933
2023-03-01 23:07:47.942 DEBUG 51376 --- [    Test worker] org.hibernate.type.BasicTypeRegistry     : Adding type registration calendar -> org.hibernate.type.CalendarType@18d610e1
2023-03-01 23:07:47.942 DEBUG 51376 --- [    Test worker] org.hibernate.type.BasicTypeRegistry     : Adding type registration java.util.Calendar -> org.hibernate.type.CalendarType@18d610e1
2023-03-01 23:07:47.942 DEBUG 51376 --- [    Test worker] org.hibernate.type.BasicTypeRegistry     : Adding type registration java.util.GregorianCalendar -> org.hibernate.type.CalendarType@18d610e1
2023-03-01 23:07:47.942 DEBUG 51376 --- [    Test worker] org.hibernate.type.BasicTypeRegistry     : Adding type registration calendar_date -> org.hibernate.type.CalendarDateType@6abb7b7d
2023-03-01 23:07:47.942 DEBUG 51376 --- [    Test worker] org.hibernate.type.BasicTypeRegistry     : Adding type registration calendar_time -> org.hibernate.type.CalendarTimeType@73b0ed03
2023-03-01 23:07:47.943 DEBUG 51376 --- [    Test worker] org.hibernate.type.BasicTypeRegistry     : Adding type registration locale -> org.hibernate.type.LocaleType@6068ebb2
2023-03-01 23:07:47.943 DEBUG 51376 --- [    Test worker] org.hibernate.type.BasicTypeRegistry     : Adding type registration java.util.Locale -> org.hibernate.type.LocaleType@6068ebb2
2023-03-01 23:07:47.943 DEBUG 51376 --- [    Test worker] org.hibernate.type.BasicTypeRegistry     : Adding type registration currency -> org.hibernate.type.CurrencyType@1179fc8c
2023-03-01 23:07:47.943 DEBUG 51376 --- [    Test worker] org.hibernate.type.BasicTypeRegistry     : Adding type registration java.util.Currency -> org.hibernate.type.CurrencyType@1179fc8c
2023-03-01 23:07:47.943 DEBUG 51376 --- [    Test worker] org.hibernate.type.BasicTypeRegistry     : Adding type registration timezone -> org.hibernate.type.TimeZoneType@66b6873f
2023-03-01 23:07:47.943 DEBUG 51376 --- [    Test worker] org.hibernate.type.BasicTypeRegistry     : Adding type registration java.util.TimeZone -> org.hibernate.type.TimeZoneType@66b6873f
2023-03-01 23:07:47.944 DEBUG 51376 --- [    Test worker] org.hibernate.type.BasicTypeRegistry     : Adding type registration class -> org.hibernate.type.ClassType@503556cb
2023-03-01 23:07:47.944 DEBUG 51376 --- [    Test worker] org.hibernate.type.BasicTypeRegistry     : Adding type registration java.lang.Class -> org.hibernate.type.ClassType@503556cb
2023-03-01 23:07:47.944 DEBUG 51376 --- [    Test worker] org.hibernate.type.BasicTypeRegistry     : Adding type registration uuid-binary -> org.hibernate.type.UUIDBinaryType@5922cff3
2023-03-01 23:07:47.944 DEBUG 51376 --- [    Test worker] org.hibernate.type.BasicTypeRegistry     : Adding type registration java.util.UUID -> org.hibernate.type.UUIDBinaryType@5922cff3
2023-03-01 23:07:47.944 DEBUG 51376 --- [    Test worker] org.hibernate.type.BasicTypeRegistry     : Adding type registration uuid-char -> org.hibernate.type.UUIDCharType@632d4cf2
2023-03-01 23:07:47.944 DEBUG 51376 --- [    Test worker] org.hibernate.type.BasicTypeRegistry     : Adding type registration binary -> org.hibernate.type.BinaryType@3c6bd624
2023-03-01 23:07:47.944 DEBUG 51376 --- [    Test worker] org.hibernate.type.BasicTypeRegistry     : Adding type registration byte[] -> org.hibernate.type.BinaryType@3c6bd624
2023-03-01 23:07:47.944 DEBUG 51376 --- [    Test worker] org.hibernate.type.BasicTypeRegistry     : Adding type registration [B -> org.hibernate.type.BinaryType@3c6bd624
2023-03-01 23:07:47.945 DEBUG 51376 --- [    Test worker] org.hibernate.type.BasicTypeRegistry     : Adding type registration wrapper-binary -> org.hibernate.type.WrapperBinaryType@58fbcb71
2023-03-01 23:07:47.945 DEBUG 51376 --- [    Test worker] org.hibernate.type.BasicTypeRegistry     : Adding type registration Byte[] -> org.hibernate.type.WrapperBinaryType@58fbcb71
2023-03-01 23:07:47.945 DEBUG 51376 --- [    Test worker] org.hibernate.type.BasicTypeRegistry     : Adding type registration [Ljava.lang.Byte; -> org.hibernate.type.WrapperBinaryType@58fbcb71
2023-03-01 23:07:47.945 DEBUG 51376 --- [    Test worker] org.hibernate.type.BasicTypeRegistry     : Adding type registration row_version -> org.hibernate.type.RowVersionType@46524ebe
2023-03-01 23:07:47.945 DEBUG 51376 --- [    Test worker] org.hibernate.type.BasicTypeRegistry     : Adding type registration image -> org.hibernate.type.ImageType@3c27f72
2023-03-01 23:07:47.945 DEBUG 51376 --- [    Test worker] org.hibernate.type.BasicTypeRegistry     : Adding type registration characters -> org.hibernate.type.CharArrayType@52657d5f
2023-03-01 23:07:47.945 DEBUG 51376 --- [    Test worker] org.hibernate.type.BasicTypeRegistry     : Adding type registration char[] -> org.hibernate.type.CharArrayType@52657d5f
2023-03-01 23:07:47.945 DEBUG 51376 --- [    Test worker] org.hibernate.type.BasicTypeRegistry     : Adding type registration [C -> org.hibernate.type.CharArrayType@52657d5f
2023-03-01 23:07:47.946 DEBUG 51376 --- [    Test worker] org.hibernate.type.BasicTypeRegistry     : Adding type registration wrapper-characters -> org.hibernate.type.CharacterArrayType@11ad095c
2023-03-01 23:07:47.946 DEBUG 51376 --- [    Test worker] org.hibernate.type.BasicTypeRegistry     : Adding type registration [Ljava.lang.Character; -> org.hibernate.type.CharacterArrayType@11ad095c
2023-03-01 23:07:47.946 DEBUG 51376 --- [    Test worker] org.hibernate.type.BasicTypeRegistry     : Adding type registration Character[] -> org.hibernate.type.CharacterArrayType@11ad095c
2023-03-01 23:07:47.946 DEBUG 51376 --- [    Test worker] org.hibernate.type.BasicTypeRegistry     : Adding type registration text -> org.hibernate.type.TextType@19d27c27
2023-03-01 23:07:47.946 DEBUG 51376 --- [    Test worker] org.hibernate.type.BasicTypeRegistry     : Adding type registration ntext -> org.hibernate.type.NTextType@e06ec83
2023-03-01 23:07:47.946 DEBUG 51376 --- [    Test worker] org.hibernate.type.BasicTypeRegistry     : Adding type registration blob -> org.hibernate.type.BlobType@a0d875d
2023-03-01 23:07:47.946 DEBUG 51376 --- [    Test worker] org.hibernate.type.BasicTypeRegistry     : Adding type registration java.sql.Blob -> org.hibernate.type.BlobType@a0d875d
2023-03-01 23:07:47.946 DEBUG 51376 --- [    Test worker] org.hibernate.type.BasicTypeRegistry     : Adding type registration materialized_blob -> org.hibernate.type.MaterializedBlobType@38054d01
2023-03-01 23:07:47.947 DEBUG 51376 --- [    Test worker] org.hibernate.type.BasicTypeRegistry     : Adding type registration clob -> org.hibernate.type.ClobType@271e851e
2023-03-01 23:07:47.947 DEBUG 51376 --- [    Test worker] org.hibernate.type.BasicTypeRegistry     : Adding type registration java.sql.Clob -> org.hibernate.type.ClobType@271e851e
2023-03-01 23:07:47.947 DEBUG 51376 --- [    Test worker] org.hibernate.type.BasicTypeRegistry     : Adding type registration nclob -> org.hibernate.type.NClobType@77ba583
2023-03-01 23:07:47.947 DEBUG 51376 --- [    Test worker] org.hibernate.type.BasicTypeRegistry     : Adding type registration java.sql.NClob -> org.hibernate.type.NClobType@77ba583
2023-03-01 23:07:47.947 DEBUG 51376 --- [    Test worker] org.hibernate.type.BasicTypeRegistry     : Adding type registration materialized_clob -> org.hibernate.type.MaterializedClobType@5368e981
2023-03-01 23:07:47.947 DEBUG 51376 --- [    Test worker] org.hibernate.type.BasicTypeRegistry     : Adding type registration materialized_nclob -> org.hibernate.type.MaterializedNClobType@4cd7e993
2023-03-01 23:07:47.948 DEBUG 51376 --- [    Test worker] org.hibernate.type.BasicTypeRegistry     : Adding type registration serializable -> org.hibernate.type.SerializableType@350f18a6
2023-03-01 23:07:47.950 DEBUG 51376 --- [    Test worker] org.hibernate.type.BasicTypeRegistry     : Adding type registration object -> org.hibernate.type.ObjectType@1c18ee69
2023-03-01 23:07:47.950 DEBUG 51376 --- [    Test worker] org.hibernate.type.BasicTypeRegistry     : Adding type registration java.lang.Object -> org.hibernate.type.ObjectType@1c18ee69
2023-03-01 23:07:47.950 DEBUG 51376 --- [    Test worker] org.hibernate.type.BasicTypeRegistry     : Adding type registration imm_date -> org.hibernate.type.AdaptedImmutableType@6076c66
2023-03-01 23:07:47.950 DEBUG 51376 --- [    Test worker] org.hibernate.type.BasicTypeRegistry     : Adding type registration imm_time -> org.hibernate.type.AdaptedImmutableType@485c84d7
2023-03-01 23:07:47.950 DEBUG 51376 --- [    Test worker] org.hibernate.type.BasicTypeRegistry     : Adding type registration imm_timestamp -> org.hibernate.type.AdaptedImmutableType@1224e1b6
2023-03-01 23:07:47.950 DEBUG 51376 --- [    Test worker] org.hibernate.type.BasicTypeRegistry     : Adding type registration imm_dbtimestamp -> org.hibernate.type.AdaptedImmutableType@72a3462f
2023-03-01 23:07:47.950 DEBUG 51376 --- [    Test worker] org.hibernate.type.BasicTypeRegistry     : Adding type registration imm_calendar -> org.hibernate.type.AdaptedImmutableType@4ffa7041
2023-03-01 23:07:47.950 DEBUG 51376 --- [    Test worker] org.hibernate.type.BasicTypeRegistry     : Adding type registration imm_calendar_date -> org.hibernate.type.AdaptedImmutableType@632c3f55
2023-03-01 23:07:47.950 DEBUG 51376 --- [    Test worker] org.hibernate.type.BasicTypeRegistry     : Adding type registration imm_binary -> org.hibernate.type.AdaptedImmutableType@56b05bd7
2023-03-01 23:07:47.950 DEBUG 51376 --- [    Test worker] org.hibernate.type.BasicTypeRegistry     : Adding type registration imm_serializable -> org.hibernate.type.AdaptedImmutableType@3e4afd10
2023-03-01 23:07:47.968  INFO 51376 --- [    Test worker] com.zaxxer.hikari.HikariDataSource       : HikariPool-1 - Starting...
2023-03-01 23:07:48.013  INFO 51376 --- [    Test worker] com.zaxxer.hikari.HikariDataSource       : HikariPool-1 - Start completed.
2023-03-01 23:07:48.027  INFO 51376 --- [    Test worker] org.hibernate.dialect.Dialect            : HHH000400: Using dialect: org.hibernate.dialect.H2Dialect
2023-03-01 23:07:48.042 DEBUG 51376 --- [    Test worker] o.h.type.spi.TypeConfiguration$Scope     : Scoping TypeConfiguration [org.hibernate.type.spi.TypeConfiguration@a1cb94] to MetadataBuildingContext [org.hibernate.boot.internal.MetadataBuildingContextRootImpl@46d148bd]
2023-03-01 23:07:48.161 DEBUG 51376 --- [    Test worker] org.hibernate.type.EnumType              : Using NAMED-based conversion for Enum com.board.Board_Upgraded.entity.member.Role
2023-03-01 23:07:48.161 DEBUG 51376 --- [    Test worker] o.h.type.spi.TypeConfiguration$Scope     : Scoping TypeConfiguration [org.hibernate.type.spi.TypeConfiguration@a1cb94] to SessionFactoryImpl [org.hibernate.internal.SessionFactoryImpl@3c46e6f6]
2023-03-01 23:07:48.309 DEBUG 51376 --- [    Test worker] org.hibernate.SQL                        : 
    
    drop table if exists member CASCADE 
2023-03-01 23:07:48.311 DEBUG 51376 --- [    Test worker] org.hibernate.SQL                        : 
    
    drop table if exists post CASCADE 
2023-03-01 23:07:48.312 DEBUG 51376 --- [    Test worker] org.hibernate.SQL                        : 
    
    drop table if exists refresh_token CASCADE 
2023-03-01 23:07:48.313 DEBUG 51376 --- [    Test worker] org.hibernate.SQL                        : 
    
    create table member (
       id bigint generated by default as identity,
        created_time timestamp not null,
        last_modified_time timestamp not null,
        member_email varchar(255),
        member_nickname varchar(255),
        member_password varchar(255),
        member_role varchar(255),
        member_username varchar(255),
        primary key (id)
    )
2023-03-01 23:07:48.314 DEBUG 51376 --- [    Test worker] org.hibernate.SQL                        : 
    
    create table post (
       id bigint generated by default as identity,
        created_time timestamp not null,
        last_modified_time timestamp not null,
        content varchar(255),
        title varchar(255),
        member_id bigint,
        primary key (id)
    )
2023-03-01 23:07:48.315 DEBUG 51376 --- [    Test worker] org.hibernate.SQL                        : 
    
    create table refresh_token (
       rt_key varchar(255) not null,
        rt_value varchar(255),
        primary key (rt_key)
    )
2023-03-01 23:07:48.315 DEBUG 51376 --- [    Test worker] org.hibernate.SQL                        : 
    
    alter table post 
       add constraint FK83s99f4kx8oiqm3ro0sasmpww 
       foreign key (member_id) 
       references member
2023-03-01 23:07:48.316  INFO 51376 --- [    Test worker] o.h.e.t.j.p.i.JtaPlatformInitiator       : HHH000490: Using JtaPlatform implementation: [org.hibernate.engine.transaction.jta.platform.internal.NoJtaPlatform]
2023-03-01 23:07:48.319 TRACE 51376 --- [    Test worker] o.h.type.spi.TypeConfiguration$Scope     : Handling #sessionFactoryCreated from [org.hibernate.internal.SessionFactoryImpl@3c46e6f6] for TypeConfiguration
2023-03-01 23:07:48.320  INFO 51376 --- [    Test worker] j.LocalContainerEntityManagerFactoryBean : Initialized JPA EntityManagerFactory for persistence unit 'default'
2023-03-01 23:07:48.644  WARN 51376 --- [    Test worker] JpaBaseConfiguration$JpaWebConfiguration : spring.jpa.open-in-view is enabled by default. Therefore, database queries may be performed during view rendering. Explicitly configure spring.jpa.open-in-view to disable this warning
2023-03-01 23:07:48.812  INFO 51376 --- [    Test worker] o.s.s.web.DefaultSecurityFilterChain     : Will secure any request with [org.springframework.security.web.session.DisableEncodeUrlFilter@1d86b636, org.springframework.security.web.context.request.async.WebAsyncManagerIntegrationFilter@e0c03bd, org.springframework.security.web.context.SecurityContextPersistenceFilter@16b713dd, org.springframework.security.web.header.HeaderWriterFilter@17b9c9ff, org.springframework.web.filter.CorsFilter@55bafbc1, org.springframework.security.web.authentication.logout.LogoutFilter@f943847, com.board.Board_Upgraded.config.jwt.JwtFilter@61e4a072, org.springframework.security.web.savedrequest.RequestCacheAwareFilter@51d41b97, org.springframework.security.web.servletapi.SecurityContextHolderAwareRequestFilter@7fd3c38b, org.springframework.security.web.authentication.AnonymousAuthenticationFilter@32f2de5c, org.springframework.security.web.session.SessionManagementFilter@17d837ab, org.springframework.security.web.access.ExceptionTranslationFilter@29280ca6, org.springframework.security.web.access.intercept.FilterSecurityInterceptor@6764201e]
2023-03-01 23:07:49.076  INFO 51376 --- [    Test worker] o.s.b.t.m.w.SpringBootMockServletContext : Initializing Spring TestDispatcherServlet ''
2023-03-01 23:07:49.076  INFO 51376 --- [    Test worker] o.s.t.web.servlet.TestDispatcherServlet  : Initializing Servlet ''
2023-03-01 23:07:49.077  INFO 51376 --- [    Test worker] o.s.t.web.servlet.TestDispatcherServlet  : Completed initialization in 1 ms
2023-03-01 23:07:49.208  INFO 51376 --- [    Test worker] c.b.B.controller.post.EditTest           : Started EditTest in 2.335 seconds (JVM running for 2.805)
2023-03-01 23:07:49.221  INFO 51376 --- [    Test worker] o.s.t.c.transaction.TransactionContext   : Began transaction (1) for test context [DefaultTestContext@7fcbe147 testClass = EditTest, testInstance = com.board.Board_Upgraded.controller.post.EditTest@10f64bc3, testMethod = editPost_AllNull@EditTest, testException = [null], mergedContextConfiguration = [WebMergedContextConfiguration@235f4c10 testClass = EditTest, locations = '{}', classes = '{class com.board.Board_Upgraded.BoardUpgradedApplication}', contextInitializerClasses = '[]', activeProfiles = '{}', propertySourceLocations = '{}', propertySourceProperties = '{org.springframework.boot.test.context.SpringBootTestContextBootstrapper=true}', contextCustomizers = set[org.springframework.boot.test.autoconfigure.actuate.metrics.MetricsExportContextCustomizerFactory$DisableMetricExportContextCustomizer@4b23c30a, org.springframework.boot.test.autoconfigure.properties.PropertyMappingContextCustomizer@4b3fa0b3, org.springframework.boot.test.autoconfigure.web.servlet.WebDriverContextCustomizerFactory$Customizer@e57b96d, [ImportsContextCustomizer@743cb8e0 key = [org.springframework.boot.test.autoconfigure.web.servlet.MockMvcAutoConfiguration, org.springframework.boot.test.autoconfigure.web.servlet.MockMvcWebClientAutoConfiguration, org.springframework.boot.test.autoconfigure.web.servlet.MockMvcWebDriverAutoConfiguration, org.springframework.boot.autoconfigure.security.oauth2.client.servlet.OAuth2ClientAutoConfiguration, org.springframework.boot.autoconfigure.security.oauth2.resource.servlet.OAuth2ResourceServerAutoConfiguration, org.springframework.boot.autoconfigure.security.servlet.SecurityAutoConfiguration, org.springframework.boot.autoconfigure.security.servlet.SecurityFilterAutoConfiguration, org.springframework.boot.autoconfigure.security.servlet.UserDetailsServiceAutoConfiguration, org.springframework.boot.test.autoconfigure.web.servlet.MockMvcSecurityConfiguration, org.springframework.boot.test.autoconfigure.web.reactive.WebTestClientAutoConfiguration]], org.springframework.boot.test.context.filter.ExcludeFilterContextCustomizer@19b93fa8, org.springframework.boot.test.json.DuplicateJsonObjectContextCustomizerFactory$DuplicateJsonObjectContextCustomizer@1921ad94, org.springframework.boot.test.mock.mockito.MockitoContextCustomizer@0, org.springframework.boot.test.web.client.TestRestTemplateContextCustomizer@4b6e2263, org.springframework.boot.test.context.SpringBootTestArgs@1, org.springframework.boot.test.context.SpringBootTestWebEnvironment@5ab9e72c], resourceBasePath = 'src/main/webapp', contextLoader = 'org.springframework.boot.test.context.SpringBootContextLoader', parent = [null]], attributes = map['org.springframework.test.context.web.ServletTestExecutionListener.activateListener' -> true, 'org.springframework.test.context.web.ServletTestExecutionListener.populatedRequestContextHolder' -> true, 'org.springframework.test.context.web.ServletTestExecutionListener.resetRequestContextHolder' -> true, 'org.springframework.test.context.event.ApplicationEventsTestExecutionListener.recordApplicationEvents' -> false]]; transaction manager [org.springframework.orm.jpa.JpaTransactionManager@73418044]; rollback [true]
2023-03-01 23:07:49.332 DEBUG 51376 --- [    Test worker] org.hibernate.SQL                        : 
    select
        post0_.id as id1_1_,
        post0_.created_time as created_2_1_,
        post0_.last_modified_time as last_mod3_1_,
        post0_.content as content4_1_,
        post0_.member_id as member_i6_1_,
        post0_.title as title5_1_ 
    from
        post post0_
2023-03-01 23:07:49.344 DEBUG 51376 --- [    Test worker] org.hibernate.SQL                        : 
    select
        member0_.id as id1_0_,
        member0_.created_time as created_2_0_,
        member0_.last_modified_time as last_mod3_0_,
        member0_.member_email as member_e4_0_,
        member0_.member_nickname as member_n5_0_,
        member0_.member_password as member_p6_0_,
        member0_.member_role as member_r7_0_,
        member0_.member_username as member_u8_0_ 
    from
        member member0_
2023-03-01 23:07:49.354 DEBUG 51376 --- [    Test worker] org.hibernate.SQL                        : 
    select
        member0_.id as id1_0_,
        member0_.created_time as created_2_0_,
        member0_.last_modified_time as last_mod3_0_,
        member0_.member_email as member_e4_0_,
        member0_.member_nickname as member_n5_0_,
        member0_.member_password as member_p6_0_,
        member0_.member_role as member_r7_0_,
        member0_.member_username as member_u8_0_ 
    from
        member member0_ 
    where
        member0_.member_username=?
2023-03-01 23:07:49.355 TRACE 51376 --- [    Test worker] o.h.type.descriptor.sql.BasicBinder      : binding parameter [1] as [VARCHAR] - [test]
2023-03-01 23:07:49.357 DEBUG 51376 --- [    Test worker] org.hibernate.SQL                        : 
    select
        member0_.id as id1_0_,
        member0_.created_time as created_2_0_,
        member0_.last_modified_time as last_mod3_0_,
        member0_.member_email as member_e4_0_,
        member0_.member_nickname as member_n5_0_,
        member0_.member_password as member_p6_0_,
        member0_.member_role as member_r7_0_,
        member0_.member_username as member_u8_0_ 
    from
        member member0_ 
    where
        member0_.member_nickname=?
2023-03-01 23:07:49.358 TRACE 51376 --- [    Test worker] o.h.type.descriptor.sql.BasicBinder      : binding parameter [1] as [VARCHAR] - [test]
2023-03-01 23:07:49.359 DEBUG 51376 --- [    Test worker] org.hibernate.SQL                        : 
    select
        member0_.id as id1_0_,
        member0_.created_time as created_2_0_,
        member0_.last_modified_time as last_mod3_0_,
        member0_.member_email as member_e4_0_,
        member0_.member_nickname as member_n5_0_,
        member0_.member_password as member_p6_0_,
        member0_.member_role as member_r7_0_,
        member0_.member_username as member_u8_0_ 
    from
        member member0_ 
    where
        member0_.member_email=?
2023-03-01 23:07:49.360 TRACE 51376 --- [    Test worker] o.h.type.descriptor.sql.BasicBinder      : binding parameter [1] as [VARCHAR] - [test@test.com]
2023-03-01 23:07:49.457 DEBUG 51376 --- [    Test worker] org.hibernate.SQL                        : 
    insert 
    into
        member
        (id, created_time, last_modified_time, member_email, member_nickname, member_password, member_role, member_username) 
    values
        (default, ?, ?, ?, ?, ?, ?, ?)
2023-03-01 23:07:49.458 TRACE 51376 --- [    Test worker] o.h.type.descriptor.sql.BasicBinder      : binding parameter [1] as [TIMESTAMP] - [2023-03-01T23:07:49.445240]
2023-03-01 23:07:49.458 TRACE 51376 --- [    Test worker] o.h.type.descriptor.sql.BasicBinder      : binding parameter [2] as [TIMESTAMP] - [2023-03-01T23:07:49.437302]
2023-03-01 23:07:49.458 TRACE 51376 --- [    Test worker] o.h.type.descriptor.sql.BasicBinder      : binding parameter [3] as [VARCHAR] - [test@test.com]
2023-03-01 23:07:49.458 TRACE 51376 --- [    Test worker] o.h.type.descriptor.sql.BasicBinder      : binding parameter [4] as [VARCHAR] - [test]
2023-03-01 23:07:49.458 TRACE 51376 --- [    Test worker] o.h.type.descriptor.sql.BasicBinder      : binding parameter [5] as [VARCHAR] - [$2a$10$GlrgVR27M0v6c35clwfrw.iI/uEAGOXUgQs2saep0lQDfD5KvlGie]
2023-03-01 23:07:49.458 TRACE 51376 --- [    Test worker] o.h.type.descriptor.sql.BasicBinder      : binding parameter [6] as [VARCHAR] - [USER]
2023-03-01 23:07:49.458 TRACE 51376 --- [    Test worker] o.h.type.descriptor.sql.BasicBinder      : binding parameter [7] as [VARCHAR] - [test]
2023-03-01 23:07:49.463 DEBUG 51376 --- [    Test worker] org.hibernate.SQL                        : 
    select
        member0_.id as id1_0_,
        member0_.created_time as created_2_0_,
        member0_.last_modified_time as last_mod3_0_,
        member0_.member_email as member_e4_0_,
        member0_.member_nickname as member_n5_0_,
        member0_.member_password as member_p6_0_,
        member0_.member_role as member_r7_0_,
        member0_.member_username as member_u8_0_ 
    from
        member member0_ 
    where
        member0_.member_username=?
2023-03-01 23:07:49.463 TRACE 51376 --- [    Test worker] o.h.type.descriptor.sql.BasicBinder      : binding parameter [1] as [VARCHAR] - [test]
2023-03-01 23:07:49.464 TRACE 51376 --- [    Test worker] o.h.type.descriptor.sql.BasicExtractor   : extracted value ([id1_0_] : [BIGINT]) - [1]
2023-03-01 23:07:49.468 DEBUG 51376 --- [    Test worker] org.hibernate.SQL                        : 
    insert 
    into
        post
        (id, created_time, last_modified_time, content, member_id, title) 
    values
        (default, ?, ?, ?, ?, ?)
2023-03-01 23:07:49.468 TRACE 51376 --- [    Test worker] o.h.type.descriptor.sql.BasicBinder      : binding parameter [1] as [TIMESTAMP] - [2023-03-01T23:07:49.468086]
2023-03-01 23:07:49.468 TRACE 51376 --- [    Test worker] o.h.type.descriptor.sql.BasicBinder      : binding parameter [2] as [TIMESTAMP] - [2023-03-01T23:07:49.466586]
2023-03-01 23:07:49.468 TRACE 51376 --- [    Test worker] o.h.type.descriptor.sql.BasicBinder      : binding parameter [3] as [VARCHAR] - [내용입니다.]
2023-03-01 23:07:49.469 TRACE 51376 --- [    Test worker] o.h.type.descriptor.sql.BasicBinder      : binding parameter [4] as [BIGINT] - [1]
2023-03-01 23:07:49.469 TRACE 51376 --- [    Test worker] o.h.type.descriptor.sql.BasicBinder      : binding parameter [5] as [VARCHAR] - [제목입니다.]
2023-03-01 23:07:49.473 DEBUG 51376 --- [    Test worker] org.hibernate.SQL                        : 
    select
        post0_.id as id1_1_,
        post0_.created_time as created_2_1_,
        post0_.last_modified_time as last_mod3_1_,
        post0_.content as content4_1_,
        post0_.member_id as member_i6_1_,
        post0_.title as title5_1_ 
    from
        post post0_ 
    where
        post0_.title=?
2023-03-01 23:07:49.474 TRACE 51376 --- [    Test worker] o.h.type.descriptor.sql.BasicBinder      : binding parameter [1] as [VARCHAR] - [제목입니다.]
2023-03-01 23:07:49.475 TRACE 51376 --- [    Test worker] o.h.type.descriptor.sql.BasicExtractor   : extracted value ([id1_1_] : [BIGINT]) - [1]
2023-03-01 23:07:49.476 DEBUG 51376 --- [    Test worker] org.hibernate.SQL                        : 
    select
        member0_.id as id1_0_,
        member0_.created_time as created_2_0_,
        member0_.last_modified_time as last_mod3_0_,
        member0_.member_email as member_e4_0_,
        member0_.member_nickname as member_n5_0_,
        member0_.member_password as member_p6_0_,
        member0_.member_role as member_r7_0_,
        member0_.member_username as member_u8_0_ 
    from
        member member0_ 
    where
        member0_.member_username=?
2023-03-01 23:07:49.476 TRACE 51376 --- [    Test worker] o.h.type.descriptor.sql.BasicBinder      : binding parameter [1] as [VARCHAR] - [test]
2023-03-01 23:07:49.476 TRACE 51376 --- [    Test worker] o.h.type.descriptor.sql.BasicExtractor   : extracted value ([id1_0_] : [BIGINT]) - [1]
2023-03-01 23:07:49.634 DEBUG 51376 --- [    Test worker] org.hibernate.SQL                        : 
    select
        member0_.id as id1_0_,
        member0_.created_time as created_2_0_,
        member0_.last_modified_time as last_mod3_0_,
        member0_.member_email as member_e4_0_,
        member0_.member_nickname as member_n5_0_,
        member0_.member_password as member_p6_0_,
        member0_.member_role as member_r7_0_,
        member0_.member_username as member_u8_0_ 
    from
        member member0_ 
    where
        member0_.member_username=?
2023-03-01 23:07:49.635 TRACE 51376 --- [    Test worker] o.h.type.descriptor.sql.BasicBinder      : binding parameter [1] as [VARCHAR] - [test]
2023-03-01 23:07:49.635 TRACE 51376 --- [    Test worker] o.h.type.descriptor.sql.BasicExtractor   : extracted value ([id1_0_] : [BIGINT]) - [1]
2023-03-01 23:07:49.743 DEBUG 51376 --- [    Test worker] org.hibernate.SQL                        : 
    select
        refreshtok0_.rt_key as rt_key1_2_0_,
        refreshtok0_.rt_value as rt_value2_2_0_ 
    from
        refresh_token refreshtok0_ 
    where
        refreshtok0_.rt_key=?
2023-03-01 23:07:49.744 TRACE 51376 --- [    Test worker] o.h.type.descriptor.sql.BasicBinder      : binding parameter [1] as [VARCHAR] - [test]
2023-03-01 23:07:49.797 DEBUG 51376 --- [    Test worker] org.hibernate.SQL                        : 
    select
        member0_.id as id1_0_,
        member0_.created_time as created_2_0_,
        member0_.last_modified_time as last_mod3_0_,
        member0_.member_email as member_e4_0_,
        member0_.member_nickname as member_n5_0_,
        member0_.member_password as member_p6_0_,
        member0_.member_role as member_r7_0_,
        member0_.member_username as member_u8_0_ 
    from
        member member0_ 
    where
        member0_.member_username=?
2023-03-01 23:07:49.798 TRACE 51376 --- [    Test worker] o.h.type.descriptor.sql.BasicBinder      : binding parameter [1] as [VARCHAR] - [test]
2023-03-01 23:07:49.799 TRACE 51376 --- [    Test worker] o.h.type.descriptor.sql.BasicExtractor   : extracted value ([id1_0_] : [BIGINT]) - [1]

MockHttpServletRequest:
      HTTP Method = PATCH
      Request URI = /api/posts/edit
       Parameters = {id=[1]}
          Headers = [Content-Type:"application/json;charset=UTF-8", Authorization:"Bearer eyJhbGciOiJIUzUxMiJ9.eyJzdWIiOiJ0ZXN0IiwiYXV0aCI6IlVTRVIiLCJleHAiOjE2Nzc3NjYwNjl9.qE-lYNqRiS1zQj_aNqMrqWhTwgcZH8lUOJa2bHjSsQThgWNhlmqbglho-fnbr9RFcJSfDDi0GRgt14sMVDTHSw", RefreshToken:"Bearer eyJhbGciOiJIUzUxMiJ9.eyJleHAiOjE2NzgyODQ0Njl9.LnkSDEDIg7aIQRKtYOwQtWaQYz4nR6AfUtKIQq-87VQzxASxuuSNrllwVzyS7zIEFPFYrhBEbxRn3KZlc9cAeA", Content-Length:"29"]
             Body = {"title":null,"content":null}
    Session Attrs = {}

Handler:
             Type = com.board.Board_Upgraded.controller.post.PostController
           Method = com.board.Board_Upgraded.controller.post.PostController#edit(EditPostRequestDto, Long)

Async:
    Async started = false
     Async result = null

Resolved Exception:
             Type = null

ModelAndView:
        View name = null
             View = null
            Model = null

FlashMap:
       Attributes = null

MockHttpServletResponse:
           Status = 200
    Error message = null
          Headers = [Vary:"Origin", "Access-Control-Request-Method", "Access-Control-Request-Headers", Content-Type:"application/json", X-Content-Type-Options:"nosniff", X-XSS-Protection:"1; mode=block", Cache-Control:"no-cache, no-store, max-age=0, must-revalidate", Pragma:"no-cache", Expires:"0", X-Frame-Options:"DENY"]
     Content type = application/json
             Body = {"success":true,"code":200,"result":{"data":{"writer":"test","title":"제목입니다.","content":"내용입니다.","lastModifiedDate":[2023,3,1,23,7,49,466586000]}}}
    Forwarded URL = null
   Redirected URL = null
          Cookies = []
2023-03-01 23:07:49.831  INFO 51376 --- [    Test worker] o.s.t.c.transaction.TransactionContext   : Rolled back transaction for test: [DefaultTestContext@7fcbe147 testClass = EditTest, testInstance = com.board.Board_Upgraded.controller.post.EditTest@10f64bc3, testMethod = editPost_AllNull@EditTest, testException = [null], mergedContextConfiguration = [WebMergedContextConfiguration@235f4c10 testClass = EditTest, locations = '{}', classes = '{class com.board.Board_Upgraded.BoardUpgradedApplication}', contextInitializerClasses = '[]', activeProfiles = '{}', propertySourceLocations = '{}', propertySourceProperties = '{org.springframework.boot.test.context.SpringBootTestContextBootstrapper=true}', contextCustomizers = set[org.springframework.boot.test.autoconfigure.actuate.metrics.MetricsExportContextCustomizerFactory$DisableMetricExportContextCustomizer@4b23c30a, org.springframework.boot.test.autoconfigure.properties.PropertyMappingContextCustomizer@4b3fa0b3, org.springframework.boot.test.autoconfigure.web.servlet.WebDriverContextCustomizerFactory$Customizer@e57b96d, [ImportsContextCustomizer@743cb8e0 key = [org.springframework.boot.test.autoconfigure.web.servlet.MockMvcAutoConfiguration, org.springframework.boot.test.autoconfigure.web.servlet.MockMvcWebClientAutoConfiguration, org.springframework.boot.test.autoconfigure.web.servlet.MockMvcWebDriverAutoConfiguration, org.springframework.boot.autoconfigure.security.oauth2.client.servlet.OAuth2ClientAutoConfiguration, org.springframework.boot.autoconfigure.security.oauth2.resource.servlet.OAuth2ResourceServerAutoConfiguration, org.springframework.boot.autoconfigure.security.servlet.SecurityAutoConfiguration, org.springframework.boot.autoconfigure.security.servlet.SecurityFilterAutoConfiguration, org.springframework.boot.autoconfigure.security.servlet.UserDetailsServiceAutoConfiguration, org.springframework.boot.test.autoconfigure.web.servlet.MockMvcSecurityConfiguration, org.springframework.boot.test.autoconfigure.web.reactive.WebTestClientAutoConfiguration]], org.springframework.boot.test.context.filter.ExcludeFilterContextCustomizer@19b93fa8, org.springframework.boot.test.json.DuplicateJsonObjectContextCustomizerFactory$DuplicateJsonObjectContextCustomizer@1921ad94, org.springframework.boot.test.mock.mockito.MockitoContextCustomizer@0, org.springframework.boot.test.web.client.TestRestTemplateContextCustomizer@4b6e2263, org.springframework.boot.test.context.SpringBootTestArgs@1, org.springframework.boot.test.context.SpringBootTestWebEnvironment@5ab9e72c], resourceBasePath = 'src/main/webapp', contextLoader = 'org.springframework.boot.test.context.SpringBootContextLoader', parent = [null]], attributes = map['org.springframework.test.context.web.ServletTestExecutionListener.activateListener' -> true, 'org.springframework.test.context.web.ServletTestExecutionListener.populatedRequestContextHolder' -> true, 'org.springframework.test.context.web.ServletTestExecutionListener.resetRequestContextHolder' -> true, 'org.springframework.test.context.event.ApplicationEventsTestExecutionListener.recordApplicationEvents' -> false]]
]]></system-out>
  <system-err><![CDATA[]]></system-err>
</testsuite>
