<?xml version="1.0" encoding="UTF-8"?>
<testsuite name="com.board.Board_Upgraded.repository.MemberRepositoryTest" tests="1" skipped="0" failures="0" errors="0" timestamp="2023-02-02T13:18:18" hostname="ijanghuiui-MacBookPro.local" time="0.179">
  <properties/>
  <testcase name="deleteTest()" classname="com.board.Board_Upgraded.repository.MemberRepositoryTest" time="0.179"/>
  <system-out><![CDATA[22:18:16.278 [Test worker] DEBUG org.springframework.test.context.BootstrapUtils - Instantiating CacheAwareContextLoaderDelegate from class [org.springframework.test.context.cache.DefaultCacheAwareContextLoaderDelegate]
22:18:16.282 [Test worker] DEBUG org.springframework.test.context.BootstrapUtils - Instantiating BootstrapContext using constructor [public org.springframework.test.context.support.DefaultBootstrapContext(java.lang.Class,org.springframework.test.context.CacheAwareContextLoaderDelegate)]
22:18:16.297 [Test worker] DEBUG org.springframework.test.context.BootstrapUtils - Instantiating TestContextBootstrapper for test class [com.board.Board_Upgraded.repository.MemberRepositoryTest] from class [org.springframework.boot.test.context.SpringBootTestContextBootstrapper]
22:18:16.301 [Test worker] INFO org.springframework.boot.test.context.SpringBootTestContextBootstrapper - Neither @ContextConfiguration nor @ContextHierarchy found for test class [com.board.Board_Upgraded.repository.MemberRepositoryTest], using SpringBootContextLoader
22:18:16.303 [Test worker] DEBUG org.springframework.test.context.support.AbstractContextLoader - Did not detect default resource location for test class [com.board.Board_Upgraded.repository.MemberRepositoryTest]: class path resource [com/board/Board_Upgraded/repository/MemberRepositoryTest-context.xml] does not exist
22:18:16.303 [Test worker] DEBUG org.springframework.test.context.support.AbstractContextLoader - Did not detect default resource location for test class [com.board.Board_Upgraded.repository.MemberRepositoryTest]: class path resource [com/board/Board_Upgraded/repository/MemberRepositoryTestContext.groovy] does not exist
22:18:16.303 [Test worker] INFO org.springframework.test.context.support.AbstractContextLoader - Could not detect default resource locations for test class [com.board.Board_Upgraded.repository.MemberRepositoryTest]: no resource found for suffixes {-context.xml, Context.groovy}.
22:18:16.303 [Test worker] INFO org.springframework.test.context.support.AnnotationConfigContextLoaderUtils - Could not detect default configuration classes for test class [com.board.Board_Upgraded.repository.MemberRepositoryTest]: MemberRepositoryTest does not declare any static, non-private, non-final, nested classes annotated with @Configuration.
22:18:16.325 [Test worker] DEBUG org.springframework.test.context.support.ActiveProfilesUtils - Could not find an 'annotation declaring class' for annotation type [org.springframework.test.context.ActiveProfiles] and class [com.board.Board_Upgraded.repository.MemberRepositoryTest]
22:18:16.355 [Test worker] DEBUG org.springframework.context.annotation.ClassPathScanningCandidateComponentProvider - Identified candidate component class: file [/Users/leeeehgnaj/Desktop/Coding/Board_Upgraded/build/classes/java/main/com/board/Board_Upgraded/BoardUpgradedApplication.class]
22:18:16.355 [Test worker] INFO org.springframework.boot.test.context.SpringBootTestContextBootstrapper - Found @SpringBootConfiguration com.board.Board_Upgraded.BoardUpgradedApplication for test class com.board.Board_Upgraded.repository.MemberRepositoryTest
22:18:16.393 [Test worker] DEBUG org.springframework.boot.test.context.SpringBootTestContextBootstrapper - @TestExecutionListeners is not present for class [com.board.Board_Upgraded.repository.MemberRepositoryTest]: using defaults.
22:18:16.393 [Test worker] INFO org.springframework.boot.test.context.SpringBootTestContextBootstrapper - Loaded default TestExecutionListener class names from location [META-INF/spring.factories]: [org.springframework.security.test.context.support.WithSecurityContextTestExecutionListener, org.springframework.security.test.context.support.ReactorContextTestExecutionListener, org.springframework.boot.test.autoconfigure.restdocs.RestDocsTestExecutionListener, org.springframework.boot.test.autoconfigure.web.client.MockRestServiceServerResetTestExecutionListener, org.springframework.boot.test.autoconfigure.web.servlet.MockMvcPrintOnlyOnFailureTestExecutionListener, org.springframework.boot.test.autoconfigure.web.servlet.WebDriverTestExecutionListener, org.springframework.boot.test.autoconfigure.webservices.client.MockWebServiceServerTestExecutionListener, org.springframework.boot.test.mock.mockito.MockitoTestExecutionListener, org.springframework.boot.test.mock.mockito.ResetMocksTestExecutionListener, org.springframework.test.context.web.ServletTestExecutionListener, org.springframework.test.context.support.DirtiesContextBeforeModesTestExecutionListener, org.springframework.test.context.event.ApplicationEventsTestExecutionListener, org.springframework.test.context.support.DependencyInjectionTestExecutionListener, org.springframework.test.context.support.DirtiesContextTestExecutionListener, org.springframework.test.context.transaction.TransactionalTestExecutionListener, org.springframework.test.context.jdbc.SqlScriptsTestExecutionListener, org.springframework.test.context.event.EventPublishingTestExecutionListener]
22:18:16.401 [Test worker] INFO org.springframework.boot.test.context.SpringBootTestContextBootstrapper - Using TestExecutionListeners: [org.springframework.test.context.web.ServletTestExecutionListener@9ed238c, org.springframework.test.context.support.DirtiesContextBeforeModesTestExecutionListener@56276db8, org.springframework.test.context.event.ApplicationEventsTestExecutionListener@51e8e6e6, org.springframework.boot.test.mock.mockito.MockitoTestExecutionListener@56f6d40b, org.springframework.boot.test.autoconfigure.SpringBootDependencyInjectionTestExecutionListener@36676c1a, org.springframework.test.context.support.DirtiesContextTestExecutionListener@5b408dc3, org.springframework.test.context.transaction.TransactionalTestExecutionListener@4d098f9b, org.springframework.test.context.jdbc.SqlScriptsTestExecutionListener@2dbf4cbd, org.springframework.security.test.context.support.WithSecurityContextTestExecutionListener@20b5f2ac, org.springframework.test.context.event.EventPublishingTestExecutionListener@7fc44dec, org.springframework.security.test.context.support.ReactorContextTestExecutionListener@7e3060d8, org.springframework.boot.test.autoconfigure.restdocs.RestDocsTestExecutionListener@293d0107, org.springframework.boot.test.autoconfigure.web.client.MockRestServiceServerResetTestExecutionListener@2692b61e, org.springframework.boot.test.autoconfigure.web.servlet.MockMvcPrintOnlyOnFailureTestExecutionListener@7b64240d, org.springframework.boot.test.autoconfigure.web.servlet.WebDriverTestExecutionListener@62fad19, org.springframework.boot.test.autoconfigure.webservices.client.MockWebServiceServerTestExecutionListener@47dbb1e2, org.springframework.boot.test.mock.mockito.ResetMocksTestExecutionListener@74cadd41]
22:18:16.403 [Test worker] DEBUG org.springframework.test.context.support.AbstractDirtiesContextTestExecutionListener - Before test class: context [DefaultTestContext@2364305a testClass = MemberRepositoryTest, testInstance = [null], testMethod = [null], testException = [null], mergedContextConfiguration = [WebMergedContextConfiguration@470a696f testClass = MemberRepositoryTest, locations = '{}', classes = '{class com.board.Board_Upgraded.BoardUpgradedApplication}', contextInitializerClasses = '[]', activeProfiles = '{}', propertySourceLocations = '{}', propertySourceProperties = '{org.springframework.boot.test.context.SpringBootTestContextBootstrapper=true}', contextCustomizers = set[org.springframework.boot.test.autoconfigure.actuate.metrics.MetricsExportContextCustomizerFactory$DisableMetricExportContextCustomizer@5ddf0d24, org.springframework.boot.test.autoconfigure.properties.PropertyMappingContextCustomizer@0, org.springframework.boot.test.autoconfigure.web.servlet.WebDriverContextCustomizerFactory$Customizer@5bf0fe62, org.springframework.boot.test.context.filter.ExcludeFilterContextCustomizer@6ce86ce1, org.springframework.boot.test.json.DuplicateJsonObjectContextCustomizerFactory$DuplicateJsonObjectContextCustomizer@32c4e8b2, org.springframework.boot.test.mock.mockito.MockitoContextCustomizer@0, org.springframework.boot.test.web.client.TestRestTemplateContextCustomizer@77102b91, org.springframework.boot.test.context.SpringBootTestArgs@1, org.springframework.boot.test.context.SpringBootTestWebEnvironment@5609159b], resourceBasePath = 'src/main/webapp', contextLoader = 'org.springframework.boot.test.context.SpringBootContextLoader', parent = [null]], attributes = map['org.springframework.test.context.web.ServletTestExecutionListener.activateListener' -> true]], class annotated with @DirtiesContext [false] with mode [null].

  .   ____          _            __ _ _
 /\\ / ___'_ __ _ _(_)_ __  __ _ \ \ \ \
( ( )\___ | '_ | '_| | '_ \/ _` | \ \ \ \
 \\/  ___)| |_)| | | | | || (_| |  ) ) ) )
  '  |____| .__|_| |_|_| |_\__, | / / / /
 =========|_|==============|___/=/_/_/_/
 :: Spring Boot ::                (v2.7.0)

2023-02-02 22:18:16.567  INFO 90137 --- [    Test worker] c.b.B.repository.MemberRepositoryTest    : Starting MemberRepositoryTest using Java 17.0.2 on ijanghuiui-MacBookPro.local with PID 90137 (started by leeeehgnaj in /Users/leeeehgnaj/Desktop/Coding/Board_Upgraded)
2023-02-02 22:18:16.568  INFO 90137 --- [    Test worker] c.b.B.repository.MemberRepositoryTest    : The following 1 profile is active: "local"
2023-02-02 22:18:16.934  INFO 90137 --- [    Test worker] .s.d.r.c.RepositoryConfigurationDelegate : Bootstrapping Spring Data JPA repositories in DEFAULT mode.
2023-02-02 22:18:16.956  INFO 90137 --- [    Test worker] .s.d.r.c.RepositoryConfigurationDelegate : Finished Spring Data repository scanning in 19 ms. Found 2 JPA repository interfaces.
2023-02-02 22:18:17.202  INFO 90137 --- [    Test worker] o.hibernate.jpa.internal.util.LogHelper  : HHH000204: Processing PersistenceUnitInfo [name: default]
2023-02-02 22:18:17.224  INFO 90137 --- [    Test worker] org.hibernate.Version                    : HHH000412: Hibernate ORM core version 5.6.9.Final
2023-02-02 22:18:17.299  INFO 90137 --- [    Test worker] o.hibernate.annotations.common.Version   : HCANN000001: Hibernate Commons Annotations {5.1.2.Final}
2023-02-02 22:18:17.309 DEBUG 90137 --- [    Test worker] org.hibernate.type.BasicTypeRegistry     : Adding type registration boolean -> org.hibernate.type.BooleanType@6723cce7
2023-02-02 22:18:17.309 DEBUG 90137 --- [    Test worker] org.hibernate.type.BasicTypeRegistry     : Adding type registration boolean -> org.hibernate.type.BooleanType@6723cce7
2023-02-02 22:18:17.309 DEBUG 90137 --- [    Test worker] org.hibernate.type.BasicTypeRegistry     : Adding type registration java.lang.Boolean -> org.hibernate.type.BooleanType@6723cce7
2023-02-02 22:18:17.309 DEBUG 90137 --- [    Test worker] org.hibernate.type.BasicTypeRegistry     : Adding type registration numeric_boolean -> org.hibernate.type.NumericBooleanType@7f012923
2023-02-02 22:18:17.310 DEBUG 90137 --- [    Test worker] org.hibernate.type.BasicTypeRegistry     : Adding type registration true_false -> org.hibernate.type.TrueFalseType@502c087e
2023-02-02 22:18:17.310 DEBUG 90137 --- [    Test worker] org.hibernate.type.BasicTypeRegistry     : Adding type registration yes_no -> org.hibernate.type.YesNoType@15e8c040
2023-02-02 22:18:17.310 DEBUG 90137 --- [    Test worker] org.hibernate.type.BasicTypeRegistry     : Adding type registration byte -> org.hibernate.type.ByteType@2eb6d34a
2023-02-02 22:18:17.310 DEBUG 90137 --- [    Test worker] org.hibernate.type.BasicTypeRegistry     : Adding type registration byte -> org.hibernate.type.ByteType@2eb6d34a
2023-02-02 22:18:17.310 DEBUG 90137 --- [    Test worker] org.hibernate.type.BasicTypeRegistry     : Adding type registration java.lang.Byte -> org.hibernate.type.ByteType@2eb6d34a
2023-02-02 22:18:17.310 DEBUG 90137 --- [    Test worker] org.hibernate.type.BasicTypeRegistry     : Adding type registration character -> org.hibernate.type.CharacterType@1edf71d9
2023-02-02 22:18:17.310 DEBUG 90137 --- [    Test worker] org.hibernate.type.BasicTypeRegistry     : Adding type registration char -> org.hibernate.type.CharacterType@1edf71d9
2023-02-02 22:18:17.311 DEBUG 90137 --- [    Test worker] org.hibernate.type.BasicTypeRegistry     : Adding type registration java.lang.Character -> org.hibernate.type.CharacterType@1edf71d9
2023-02-02 22:18:17.311 DEBUG 90137 --- [    Test worker] org.hibernate.type.BasicTypeRegistry     : Adding type registration short -> org.hibernate.type.ShortType@35e07e19
2023-02-02 22:18:17.311 DEBUG 90137 --- [    Test worker] org.hibernate.type.BasicTypeRegistry     : Adding type registration short -> org.hibernate.type.ShortType@35e07e19
2023-02-02 22:18:17.311 DEBUG 90137 --- [    Test worker] org.hibernate.type.BasicTypeRegistry     : Adding type registration java.lang.Short -> org.hibernate.type.ShortType@35e07e19
2023-02-02 22:18:17.311 DEBUG 90137 --- [    Test worker] org.hibernate.type.BasicTypeRegistry     : Adding type registration integer -> org.hibernate.type.IntegerType@48fc0211
2023-02-02 22:18:17.311 DEBUG 90137 --- [    Test worker] org.hibernate.type.BasicTypeRegistry     : Adding type registration int -> org.hibernate.type.IntegerType@48fc0211
2023-02-02 22:18:17.311 DEBUG 90137 --- [    Test worker] org.hibernate.type.BasicTypeRegistry     : Adding type registration java.lang.Integer -> org.hibernate.type.IntegerType@48fc0211
2023-02-02 22:18:17.312 DEBUG 90137 --- [    Test worker] org.hibernate.type.BasicTypeRegistry     : Adding type registration long -> org.hibernate.type.LongType@6dd20ec9
2023-02-02 22:18:17.312 DEBUG 90137 --- [    Test worker] org.hibernate.type.BasicTypeRegistry     : Adding type registration long -> org.hibernate.type.LongType@6dd20ec9
2023-02-02 22:18:17.312 DEBUG 90137 --- [    Test worker] org.hibernate.type.BasicTypeRegistry     : Adding type registration java.lang.Long -> org.hibernate.type.LongType@6dd20ec9
2023-02-02 22:18:17.312 DEBUG 90137 --- [    Test worker] org.hibernate.type.BasicTypeRegistry     : Adding type registration float -> org.hibernate.type.FloatType@4d4b019e
2023-02-02 22:18:17.312 DEBUG 90137 --- [    Test worker] org.hibernate.type.BasicTypeRegistry     : Adding type registration float -> org.hibernate.type.FloatType@4d4b019e
2023-02-02 22:18:17.312 DEBUG 90137 --- [    Test worker] org.hibernate.type.BasicTypeRegistry     : Adding type registration java.lang.Float -> org.hibernate.type.FloatType@4d4b019e
2023-02-02 22:18:17.312 DEBUG 90137 --- [    Test worker] org.hibernate.type.BasicTypeRegistry     : Adding type registration double -> org.hibernate.type.DoubleType@27438750
2023-02-02 22:18:17.312 DEBUG 90137 --- [    Test worker] org.hibernate.type.BasicTypeRegistry     : Adding type registration double -> org.hibernate.type.DoubleType@27438750
2023-02-02 22:18:17.312 DEBUG 90137 --- [    Test worker] org.hibernate.type.BasicTypeRegistry     : Adding type registration java.lang.Double -> org.hibernate.type.DoubleType@27438750
2023-02-02 22:18:17.313 DEBUG 90137 --- [    Test worker] org.hibernate.type.BasicTypeRegistry     : Adding type registration big_decimal -> org.hibernate.type.BigDecimalType@4756e5cc
2023-02-02 22:18:17.313 DEBUG 90137 --- [    Test worker] org.hibernate.type.BasicTypeRegistry     : Adding type registration java.math.BigDecimal -> org.hibernate.type.BigDecimalType@4756e5cc
2023-02-02 22:18:17.313 DEBUG 90137 --- [    Test worker] org.hibernate.type.BasicTypeRegistry     : Adding type registration big_integer -> org.hibernate.type.BigIntegerType@3f0c6b3c
2023-02-02 22:18:17.313 DEBUG 90137 --- [    Test worker] org.hibernate.type.BasicTypeRegistry     : Adding type registration java.math.BigInteger -> org.hibernate.type.BigIntegerType@3f0c6b3c
2023-02-02 22:18:17.313 DEBUG 90137 --- [    Test worker] org.hibernate.type.BasicTypeRegistry     : Adding type registration string -> org.hibernate.type.StringType@c6a692e
2023-02-02 22:18:17.313 DEBUG 90137 --- [    Test worker] org.hibernate.type.BasicTypeRegistry     : Adding type registration java.lang.String -> org.hibernate.type.StringType@c6a692e
2023-02-02 22:18:17.313 DEBUG 90137 --- [    Test worker] org.hibernate.type.BasicTypeRegistry     : Adding type registration nstring -> org.hibernate.type.StringNVarcharType@48ae9e8b
2023-02-02 22:18:17.314 DEBUG 90137 --- [    Test worker] org.hibernate.type.BasicTypeRegistry     : Adding type registration ncharacter -> org.hibernate.type.CharacterNCharType@3a2bb026
2023-02-02 22:18:17.314 DEBUG 90137 --- [    Test worker] org.hibernate.type.BasicTypeRegistry     : Adding type registration url -> org.hibernate.type.UrlType@79308a2
2023-02-02 22:18:17.314 DEBUG 90137 --- [    Test worker] org.hibernate.type.BasicTypeRegistry     : Adding type registration java.net.URL -> org.hibernate.type.UrlType@79308a2
2023-02-02 22:18:17.314 DEBUG 90137 --- [    Test worker] org.hibernate.type.BasicTypeRegistry     : Adding type registration Duration -> org.hibernate.type.DurationType@2987d0fa
2023-02-02 22:18:17.314 DEBUG 90137 --- [    Test worker] org.hibernate.type.BasicTypeRegistry     : Adding type registration java.time.Duration -> org.hibernate.type.DurationType@2987d0fa
2023-02-02 22:18:17.314 DEBUG 90137 --- [    Test worker] org.hibernate.type.BasicTypeRegistry     : Adding type registration Instant -> org.hibernate.type.InstantType@915d7c4
2023-02-02 22:18:17.314 DEBUG 90137 --- [    Test worker] org.hibernate.type.BasicTypeRegistry     : Adding type registration java.time.Instant -> org.hibernate.type.InstantType@915d7c4
2023-02-02 22:18:17.315 DEBUG 90137 --- [    Test worker] org.hibernate.type.BasicTypeRegistry     : Adding type registration LocalDateTime -> org.hibernate.type.LocalDateTimeType@3562e7c7
2023-02-02 22:18:17.315 DEBUG 90137 --- [    Test worker] org.hibernate.type.BasicTypeRegistry     : Adding type registration java.time.LocalDateTime -> org.hibernate.type.LocalDateTimeType@3562e7c7
2023-02-02 22:18:17.315 DEBUG 90137 --- [    Test worker] org.hibernate.type.BasicTypeRegistry     : Adding type registration LocalDate -> org.hibernate.type.LocalDateType@50bf795f
2023-02-02 22:18:17.315 DEBUG 90137 --- [    Test worker] org.hibernate.type.BasicTypeRegistry     : Adding type registration java.time.LocalDate -> org.hibernate.type.LocalDateType@50bf795f
2023-02-02 22:18:17.315 DEBUG 90137 --- [    Test worker] org.hibernate.type.BasicTypeRegistry     : Adding type registration LocalTime -> org.hibernate.type.LocalTimeType@7c226095
2023-02-02 22:18:17.315 DEBUG 90137 --- [    Test worker] org.hibernate.type.BasicTypeRegistry     : Adding type registration java.time.LocalTime -> org.hibernate.type.LocalTimeType@7c226095
2023-02-02 22:18:17.316 DEBUG 90137 --- [    Test worker] org.hibernate.type.BasicTypeRegistry     : Adding type registration OffsetDateTime -> org.hibernate.type.OffsetDateTimeType@3f322610
2023-02-02 22:18:17.316 DEBUG 90137 --- [    Test worker] org.hibernate.type.BasicTypeRegistry     : Adding type registration java.time.OffsetDateTime -> org.hibernate.type.OffsetDateTimeType@3f322610
2023-02-02 22:18:17.316 DEBUG 90137 --- [    Test worker] org.hibernate.type.BasicTypeRegistry     : Adding type registration OffsetTime -> org.hibernate.type.OffsetTimeType@708769b7
2023-02-02 22:18:17.316 DEBUG 90137 --- [    Test worker] org.hibernate.type.BasicTypeRegistry     : Adding type registration java.time.OffsetTime -> org.hibernate.type.OffsetTimeType@708769b7
2023-02-02 22:18:17.317 DEBUG 90137 --- [    Test worker] org.hibernate.type.BasicTypeRegistry     : Adding type registration ZonedDateTime -> org.hibernate.type.ZonedDateTimeType@1282f784
2023-02-02 22:18:17.317 DEBUG 90137 --- [    Test worker] org.hibernate.type.BasicTypeRegistry     : Adding type registration java.time.ZonedDateTime -> org.hibernate.type.ZonedDateTimeType@1282f784
2023-02-02 22:18:17.317 DEBUG 90137 --- [    Test worker] org.hibernate.type.BasicTypeRegistry     : Adding type registration date -> org.hibernate.type.DateType@7ba06506
2023-02-02 22:18:17.317 DEBUG 90137 --- [    Test worker] org.hibernate.type.BasicTypeRegistry     : Adding type registration java.sql.Date -> org.hibernate.type.DateType@7ba06506
2023-02-02 22:18:17.317 DEBUG 90137 --- [    Test worker] org.hibernate.type.BasicTypeRegistry     : Adding type registration time -> org.hibernate.type.TimeType@1eb906f3
2023-02-02 22:18:17.317 DEBUG 90137 --- [    Test worker] org.hibernate.type.BasicTypeRegistry     : Adding type registration java.sql.Time -> org.hibernate.type.TimeType@1eb906f3
2023-02-02 22:18:17.318 DEBUG 90137 --- [    Test worker] org.hibernate.type.BasicTypeRegistry     : Adding type registration timestamp -> org.hibernate.type.TimestampType@45707f76
2023-02-02 22:18:17.318 DEBUG 90137 --- [    Test worker] org.hibernate.type.BasicTypeRegistry     : Adding type registration java.sql.Timestamp -> org.hibernate.type.TimestampType@45707f76
2023-02-02 22:18:17.318 DEBUG 90137 --- [    Test worker] org.hibernate.type.BasicTypeRegistry     : Adding type registration java.util.Date -> org.hibernate.type.TimestampType@45707f76
2023-02-02 22:18:17.318 DEBUG 90137 --- [    Test worker] org.hibernate.type.BasicTypeRegistry     : Adding type registration dbtimestamp -> org.hibernate.type.DbTimestampType@26463a6
2023-02-02 22:18:17.319 DEBUG 90137 --- [    Test worker] org.hibernate.type.BasicTypeRegistry     : Adding type registration calendar -> org.hibernate.type.CalendarType@5dd6a4c8
2023-02-02 22:18:17.319 DEBUG 90137 --- [    Test worker] org.hibernate.type.BasicTypeRegistry     : Adding type registration java.util.Calendar -> org.hibernate.type.CalendarType@5dd6a4c8
2023-02-02 22:18:17.319 DEBUG 90137 --- [    Test worker] org.hibernate.type.BasicTypeRegistry     : Adding type registration java.util.GregorianCalendar -> org.hibernate.type.CalendarType@5dd6a4c8
2023-02-02 22:18:17.319 DEBUG 90137 --- [    Test worker] org.hibernate.type.BasicTypeRegistry     : Adding type registration calendar_date -> org.hibernate.type.CalendarDateType@4ebfb045
2023-02-02 22:18:17.319 DEBUG 90137 --- [    Test worker] org.hibernate.type.BasicTypeRegistry     : Adding type registration calendar_time -> org.hibernate.type.CalendarTimeType@14e3d439
2023-02-02 22:18:17.319 DEBUG 90137 --- [    Test worker] org.hibernate.type.BasicTypeRegistry     : Adding type registration locale -> org.hibernate.type.LocaleType@166e5a6d
2023-02-02 22:18:17.319 DEBUG 90137 --- [    Test worker] org.hibernate.type.BasicTypeRegistry     : Adding type registration java.util.Locale -> org.hibernate.type.LocaleType@166e5a6d
2023-02-02 22:18:17.320 DEBUG 90137 --- [    Test worker] org.hibernate.type.BasicTypeRegistry     : Adding type registration currency -> org.hibernate.type.CurrencyType@1201e064
2023-02-02 22:18:17.320 DEBUG 90137 --- [    Test worker] org.hibernate.type.BasicTypeRegistry     : Adding type registration java.util.Currency -> org.hibernate.type.CurrencyType@1201e064
2023-02-02 22:18:17.320 DEBUG 90137 --- [    Test worker] org.hibernate.type.BasicTypeRegistry     : Adding type registration timezone -> org.hibernate.type.TimeZoneType@28f05b0c
2023-02-02 22:18:17.320 DEBUG 90137 --- [    Test worker] org.hibernate.type.BasicTypeRegistry     : Adding type registration java.util.TimeZone -> org.hibernate.type.TimeZoneType@28f05b0c
2023-02-02 22:18:17.320 DEBUG 90137 --- [    Test worker] org.hibernate.type.BasicTypeRegistry     : Adding type registration class -> org.hibernate.type.ClassType@7540160e
2023-02-02 22:18:17.320 DEBUG 90137 --- [    Test worker] org.hibernate.type.BasicTypeRegistry     : Adding type registration java.lang.Class -> org.hibernate.type.ClassType@7540160e
2023-02-02 22:18:17.320 DEBUG 90137 --- [    Test worker] org.hibernate.type.BasicTypeRegistry     : Adding type registration uuid-binary -> org.hibernate.type.UUIDBinaryType@1bfa3893
2023-02-02 22:18:17.320 DEBUG 90137 --- [    Test worker] org.hibernate.type.BasicTypeRegistry     : Adding type registration java.util.UUID -> org.hibernate.type.UUIDBinaryType@1bfa3893
2023-02-02 22:18:17.321 DEBUG 90137 --- [    Test worker] org.hibernate.type.BasicTypeRegistry     : Adding type registration uuid-char -> org.hibernate.type.UUIDCharType@4070ace9
2023-02-02 22:18:17.321 DEBUG 90137 --- [    Test worker] org.hibernate.type.BasicTypeRegistry     : Adding type registration binary -> org.hibernate.type.BinaryType@75cacb3e
2023-02-02 22:18:17.321 DEBUG 90137 --- [    Test worker] org.hibernate.type.BasicTypeRegistry     : Adding type registration byte[] -> org.hibernate.type.BinaryType@75cacb3e
2023-02-02 22:18:17.321 DEBUG 90137 --- [    Test worker] org.hibernate.type.BasicTypeRegistry     : Adding type registration [B -> org.hibernate.type.BinaryType@75cacb3e
2023-02-02 22:18:17.321 DEBUG 90137 --- [    Test worker] org.hibernate.type.BasicTypeRegistry     : Adding type registration wrapper-binary -> org.hibernate.type.WrapperBinaryType@37e55819
2023-02-02 22:18:17.321 DEBUG 90137 --- [    Test worker] org.hibernate.type.BasicTypeRegistry     : Adding type registration Byte[] -> org.hibernate.type.WrapperBinaryType@37e55819
2023-02-02 22:18:17.321 DEBUG 90137 --- [    Test worker] org.hibernate.type.BasicTypeRegistry     : Adding type registration [Ljava.lang.Byte; -> org.hibernate.type.WrapperBinaryType@37e55819
2023-02-02 22:18:17.322 DEBUG 90137 --- [    Test worker] org.hibernate.type.BasicTypeRegistry     : Adding type registration row_version -> org.hibernate.type.RowVersionType@58f7215c
2023-02-02 22:18:17.322 DEBUG 90137 --- [    Test worker] org.hibernate.type.BasicTypeRegistry     : Adding type registration image -> org.hibernate.type.ImageType@1d7f2f0a
2023-02-02 22:18:17.322 DEBUG 90137 --- [    Test worker] org.hibernate.type.BasicTypeRegistry     : Adding type registration characters -> org.hibernate.type.CharArrayType@2a5c6b76
2023-02-02 22:18:17.322 DEBUG 90137 --- [    Test worker] org.hibernate.type.BasicTypeRegistry     : Adding type registration char[] -> org.hibernate.type.CharArrayType@2a5c6b76
2023-02-02 22:18:17.322 DEBUG 90137 --- [    Test worker] org.hibernate.type.BasicTypeRegistry     : Adding type registration [C -> org.hibernate.type.CharArrayType@2a5c6b76
2023-02-02 22:18:17.322 DEBUG 90137 --- [    Test worker] org.hibernate.type.BasicTypeRegistry     : Adding type registration wrapper-characters -> org.hibernate.type.CharacterArrayType@49122853
2023-02-02 22:18:17.322 DEBUG 90137 --- [    Test worker] org.hibernate.type.BasicTypeRegistry     : Adding type registration [Ljava.lang.Character; -> org.hibernate.type.CharacterArrayType@49122853
2023-02-02 22:18:17.322 DEBUG 90137 --- [    Test worker] org.hibernate.type.BasicTypeRegistry     : Adding type registration Character[] -> org.hibernate.type.CharacterArrayType@49122853
2023-02-02 22:18:17.322 DEBUG 90137 --- [    Test worker] org.hibernate.type.BasicTypeRegistry     : Adding type registration text -> org.hibernate.type.TextType@370225c7
2023-02-02 22:18:17.323 DEBUG 90137 --- [    Test worker] org.hibernate.type.BasicTypeRegistry     : Adding type registration ntext -> org.hibernate.type.NTextType@1e29a81a
2023-02-02 22:18:17.323 DEBUG 90137 --- [    Test worker] org.hibernate.type.BasicTypeRegistry     : Adding type registration blob -> org.hibernate.type.BlobType@40b31a16
2023-02-02 22:18:17.323 DEBUG 90137 --- [    Test worker] org.hibernate.type.BasicTypeRegistry     : Adding type registration java.sql.Blob -> org.hibernate.type.BlobType@40b31a16
2023-02-02 22:18:17.324 DEBUG 90137 --- [    Test worker] org.hibernate.type.BasicTypeRegistry     : Adding type registration materialized_blob -> org.hibernate.type.MaterializedBlobType@69d2e517
2023-02-02 22:18:17.324 DEBUG 90137 --- [    Test worker] org.hibernate.type.BasicTypeRegistry     : Adding type registration clob -> org.hibernate.type.ClobType@7e2c6fd6
2023-02-02 22:18:17.324 DEBUG 90137 --- [    Test worker] org.hibernate.type.BasicTypeRegistry     : Adding type registration java.sql.Clob -> org.hibernate.type.ClobType@7e2c6fd6
2023-02-02 22:18:17.325 DEBUG 90137 --- [    Test worker] org.hibernate.type.BasicTypeRegistry     : Adding type registration nclob -> org.hibernate.type.NClobType@7e31d53b
2023-02-02 22:18:17.325 DEBUG 90137 --- [    Test worker] org.hibernate.type.BasicTypeRegistry     : Adding type registration java.sql.NClob -> org.hibernate.type.NClobType@7e31d53b
2023-02-02 22:18:17.325 DEBUG 90137 --- [    Test worker] org.hibernate.type.BasicTypeRegistry     : Adding type registration materialized_clob -> org.hibernate.type.MaterializedClobType@702096ef
2023-02-02 22:18:17.326 DEBUG 90137 --- [    Test worker] org.hibernate.type.BasicTypeRegistry     : Adding type registration materialized_nclob -> org.hibernate.type.MaterializedNClobType@24a8e40d
2023-02-02 22:18:17.326 DEBUG 90137 --- [    Test worker] org.hibernate.type.BasicTypeRegistry     : Adding type registration serializable -> org.hibernate.type.SerializableType@52433946
2023-02-02 22:18:17.327 DEBUG 90137 --- [    Test worker] org.hibernate.type.BasicTypeRegistry     : Adding type registration object -> org.hibernate.type.ObjectType@5464b97c
2023-02-02 22:18:17.327 DEBUG 90137 --- [    Test worker] org.hibernate.type.BasicTypeRegistry     : Adding type registration java.lang.Object -> org.hibernate.type.ObjectType@5464b97c
2023-02-02 22:18:17.327 DEBUG 90137 --- [    Test worker] org.hibernate.type.BasicTypeRegistry     : Adding type registration imm_date -> org.hibernate.type.AdaptedImmutableType@29d2fa84
2023-02-02 22:18:17.327 DEBUG 90137 --- [    Test worker] org.hibernate.type.BasicTypeRegistry     : Adding type registration imm_time -> org.hibernate.type.AdaptedImmutableType@4540c7
2023-02-02 22:18:17.327 DEBUG 90137 --- [    Test worker] org.hibernate.type.BasicTypeRegistry     : Adding type registration imm_timestamp -> org.hibernate.type.AdaptedImmutableType@13c90c06
2023-02-02 22:18:17.327 DEBUG 90137 --- [    Test worker] org.hibernate.type.BasicTypeRegistry     : Adding type registration imm_dbtimestamp -> org.hibernate.type.AdaptedImmutableType@2bc0b8c8
2023-02-02 22:18:17.327 DEBUG 90137 --- [    Test worker] org.hibernate.type.BasicTypeRegistry     : Adding type registration imm_calendar -> org.hibernate.type.AdaptedImmutableType@15f861ee
2023-02-02 22:18:17.327 DEBUG 90137 --- [    Test worker] org.hibernate.type.BasicTypeRegistry     : Adding type registration imm_calendar_date -> org.hibernate.type.AdaptedImmutableType@3f1158ee
2023-02-02 22:18:17.327 DEBUG 90137 --- [    Test worker] org.hibernate.type.BasicTypeRegistry     : Adding type registration imm_binary -> org.hibernate.type.AdaptedImmutableType@6463da36
2023-02-02 22:18:17.327 DEBUG 90137 --- [    Test worker] org.hibernate.type.BasicTypeRegistry     : Adding type registration imm_serializable -> org.hibernate.type.AdaptedImmutableType@4a4b288a
2023-02-02 22:18:17.345  INFO 90137 --- [    Test worker] com.zaxxer.hikari.HikariDataSource       : HikariPool-1 - Starting...
2023-02-02 22:18:17.388  INFO 90137 --- [    Test worker] com.zaxxer.hikari.HikariDataSource       : HikariPool-1 - Start completed.
2023-02-02 22:18:17.401  INFO 90137 --- [    Test worker] org.hibernate.dialect.Dialect            : HHH000400: Using dialect: org.hibernate.dialect.H2Dialect
2023-02-02 22:18:17.416 DEBUG 90137 --- [    Test worker] o.h.type.spi.TypeConfiguration$Scope     : Scoping TypeConfiguration [org.hibernate.type.spi.TypeConfiguration@56299b0e] to MetadataBuildingContext [org.hibernate.boot.internal.MetadataBuildingContextRootImpl@3ca278bc]
2023-02-02 22:18:17.521 DEBUG 90137 --- [    Test worker] org.hibernate.type.EnumType              : Using NAMED-based conversion for Enum com.board.Board_Upgraded.entity.member.Role
2023-02-02 22:18:17.521 DEBUG 90137 --- [    Test worker] o.h.type.spi.TypeConfiguration$Scope     : Scoping TypeConfiguration [org.hibernate.type.spi.TypeConfiguration@56299b0e] to SessionFactoryImpl [org.hibernate.internal.SessionFactoryImpl@24c84e65]
2023-02-02 22:18:17.645 DEBUG 90137 --- [    Test worker] org.hibernate.SQL                        : 
    
    drop table if exists member CASCADE 
2023-02-02 22:18:17.648 DEBUG 90137 --- [    Test worker] org.hibernate.SQL                        : 
    
    drop table if exists refresh_token CASCADE 
2023-02-02 22:18:17.649 DEBUG 90137 --- [    Test worker] org.hibernate.SQL                        : 
    
    create table member (
       id bigint generated by default as identity,
        created_time timestamp not null,
        last_modified_time timestamp not null,
        member_email varchar(255),
        member_nickname varchar(255),
        member_password varchar(255),
        member_role varchar(255),
        member_username varchar(255),
        primary key (id)
    )
2023-02-02 22:18:17.650 DEBUG 90137 --- [    Test worker] org.hibernate.SQL                        : 
    
    create table refresh_token (
       rt_key varchar(255) not null,
        rt_value varchar(255),
        primary key (rt_key)
    )
2023-02-02 22:18:17.652  INFO 90137 --- [    Test worker] o.h.e.t.j.p.i.JtaPlatformInitiator       : HHH000490: Using JtaPlatform implementation: [org.hibernate.engine.transaction.jta.platform.internal.NoJtaPlatform]
2023-02-02 22:18:17.654 TRACE 90137 --- [    Test worker] o.h.type.spi.TypeConfiguration$Scope     : Handling #sessionFactoryCreated from [org.hibernate.internal.SessionFactoryImpl@24c84e65] for TypeConfiguration
2023-02-02 22:18:17.655  INFO 90137 --- [    Test worker] j.LocalContainerEntityManagerFactoryBean : Initialized JPA EntityManagerFactory for persistence unit 'default'
2023-02-02 22:18:17.937  WARN 90137 --- [    Test worker] JpaBaseConfiguration$JpaWebConfiguration : spring.jpa.open-in-view is enabled by default. Therefore, database queries may be performed during view rendering. Explicitly configure spring.jpa.open-in-view to disable this warning
2023-02-02 22:18:18.082  INFO 90137 --- [    Test worker] o.s.s.web.DefaultSecurityFilterChain     : Will secure any request with [org.springframework.security.web.session.DisableEncodeUrlFilter@6abaa14b, org.springframework.security.web.context.request.async.WebAsyncManagerIntegrationFilter@3b60be3, org.springframework.security.web.context.SecurityContextPersistenceFilter@58cd6088, org.springframework.security.web.header.HeaderWriterFilter@22a8e87b, org.springframework.security.web.csrf.CsrfFilter@27caa186, org.springframework.security.web.authentication.logout.LogoutFilter@21abd3a3, org.springframework.security.web.authentication.www.BasicAuthenticationFilter@1259b2a5, org.springframework.security.web.savedrequest.RequestCacheAwareFilter@cf0bc92, org.springframework.security.web.servletapi.SecurityContextHolderAwareRequestFilter@c2191a8, org.springframework.security.web.authentication.AnonymousAuthenticationFilter@2f3565c0, org.springframework.security.web.session.SessionManagementFilter@4def900a, org.springframework.security.web.access.ExceptionTranslationFilter@34e7cde3, org.springframework.security.web.access.intercept.AuthorizationFilter@74159dc9]
2023-02-02 22:18:18.090  WARN 90137 --- [    Test worker] o.s.s.c.a.web.builders.WebSecurity       : You are asking Spring Security to ignore Ant [pattern='/api/test/getTest']. This is not recommended -- please use permitAll via HttpSecurity#authorizeHttpRequests instead.
2023-02-02 22:18:18.090  INFO 90137 --- [    Test worker] o.s.s.web.DefaultSecurityFilterChain     : Will not secure Ant [pattern='/api/test/getTest']
2023-02-02 22:18:18.090  WARN 90137 --- [    Test worker] o.s.s.c.a.web.builders.WebSecurity       : You are asking Spring Security to ignore Ant [pattern='/api/join']. This is not recommended -- please use permitAll via HttpSecurity#authorizeHttpRequests instead.
2023-02-02 22:18:18.090  INFO 90137 --- [    Test worker] o.s.s.web.DefaultSecurityFilterChain     : Will not secure Ant [pattern='/api/join']
2023-02-02 22:18:18.448  INFO 90137 --- [    Test worker] c.b.B.repository.MemberRepositoryTest    : Started MemberRepositoryTest in 2.027 seconds (JVM running for 2.485)
2023-02-02 22:18:18.464  INFO 90137 --- [    Test worker] o.s.t.c.transaction.TransactionContext   : Began transaction (1) for test context [DefaultTestContext@2364305a testClass = MemberRepositoryTest, testInstance = com.board.Board_Upgraded.repository.MemberRepositoryTest@184e5c44, testMethod = deleteTest@MemberRepositoryTest, testException = [null], mergedContextConfiguration = [WebMergedContextConfiguration@470a696f testClass = MemberRepositoryTest, locations = '{}', classes = '{class com.board.Board_Upgraded.BoardUpgradedApplication}', contextInitializerClasses = '[]', activeProfiles = '{}', propertySourceLocations = '{}', propertySourceProperties = '{org.springframework.boot.test.context.SpringBootTestContextBootstrapper=true}', contextCustomizers = set[org.springframework.boot.test.autoconfigure.actuate.metrics.MetricsExportContextCustomizerFactory$DisableMetricExportContextCustomizer@5ddf0d24, org.springframework.boot.test.autoconfigure.properties.PropertyMappingContextCustomizer@0, org.springframework.boot.test.autoconfigure.web.servlet.WebDriverContextCustomizerFactory$Customizer@5bf0fe62, org.springframework.boot.test.context.filter.ExcludeFilterContextCustomizer@6ce86ce1, org.springframework.boot.test.json.DuplicateJsonObjectContextCustomizerFactory$DuplicateJsonObjectContextCustomizer@32c4e8b2, org.springframework.boot.test.mock.mockito.MockitoContextCustomizer@0, org.springframework.boot.test.web.client.TestRestTemplateContextCustomizer@77102b91, org.springframework.boot.test.context.SpringBootTestArgs@1, org.springframework.boot.test.context.SpringBootTestWebEnvironment@5609159b], resourceBasePath = 'src/main/webapp', contextLoader = 'org.springframework.boot.test.context.SpringBootContextLoader', parent = [null]], attributes = map['org.springframework.test.context.web.ServletTestExecutionListener.activateListener' -> true, 'org.springframework.test.context.web.ServletTestExecutionListener.populatedRequestContextHolder' -> true, 'org.springframework.test.context.web.ServletTestExecutionListener.resetRequestContextHolder' -> true, 'org.springframework.test.context.event.ApplicationEventsTestExecutionListener.recordApplicationEvents' -> false]]; transaction manager [org.springframework.orm.jpa.JpaTransactionManager@376c5950]; rollback [true]
2023-02-02 22:18:18.546 DEBUG 90137 --- [    Test worker] org.hibernate.SQL                        : 
    insert 
    into
        member
        (id, created_time, last_modified_time, member_email, member_nickname, member_password, member_role, member_username) 
    values
        (default, ?, ?, ?, ?, ?, ?, ?)
2023-02-02 22:18:18.548 TRACE 90137 --- [    Test worker] o.h.type.descriptor.sql.BasicBinder      : binding parameter [1] as [TIMESTAMP] - [2023-02-02T22:18:18.536340]
2023-02-02 22:18:18.549 TRACE 90137 --- [    Test worker] o.h.type.descriptor.sql.BasicBinder      : binding parameter [2] as [TIMESTAMP] - [2023-02-02T22:18:18.527268]
2023-02-02 22:18:18.549 TRACE 90137 --- [    Test worker] o.h.type.descriptor.sql.BasicBinder      : binding parameter [3] as [VARCHAR] - [test@test.com]
2023-02-02 22:18:18.549 TRACE 90137 --- [    Test worker] o.h.type.descriptor.sql.BasicBinder      : binding parameter [4] as [VARCHAR] - [test]
2023-02-02 22:18:18.549 TRACE 90137 --- [    Test worker] o.h.type.descriptor.sql.BasicBinder      : binding parameter [5] as [VARCHAR] - [password]
2023-02-02 22:18:18.549 TRACE 90137 --- [    Test worker] o.h.type.descriptor.sql.BasicBinder      : binding parameter [6] as [VARCHAR] - [USER]
2023-02-02 22:18:18.549 TRACE 90137 --- [    Test worker] o.h.type.descriptor.sql.BasicBinder      : binding parameter [7] as [VARCHAR] - [testUser]
2023-02-02 22:18:18.599 DEBUG 90137 --- [    Test worker] org.hibernate.SQL                        : 
    select
        member0_.id as id1_0_,
        member0_.created_time as created_2_0_,
        member0_.last_modified_time as last_mod3_0_,
        member0_.member_email as member_e4_0_,
        member0_.member_nickname as member_n5_0_,
        member0_.member_password as member_p6_0_,
        member0_.member_role as member_r7_0_,
        member0_.member_username as member_u8_0_ 
    from
        member member0_ 
    where
        member0_.member_username=?
2023-02-02 22:18:18.600 TRACE 90137 --- [    Test worker] o.h.type.descriptor.sql.BasicBinder      : binding parameter [1] as [VARCHAR] - [testUser]
2023-02-02 22:18:18.601 TRACE 90137 --- [    Test worker] o.h.type.descriptor.sql.BasicExtractor   : extracted value ([id1_0_] : [BIGINT]) - [1]
2023-02-02 22:18:18.602 TRACE 90137 --- [    Test worker] o.h.type.descriptor.sql.BasicExtractor   : extracted value ([created_2_0_] : [TIMESTAMP]) - [2023-02-02T22:18:18.536340]
2023-02-02 22:18:18.602 TRACE 90137 --- [    Test worker] o.h.type.descriptor.sql.BasicExtractor   : extracted value ([last_mod3_0_] : [TIMESTAMP]) - [2023-02-02T22:18:18.527268]
2023-02-02 22:18:18.602 TRACE 90137 --- [    Test worker] o.h.type.descriptor.sql.BasicExtractor   : extracted value ([member_e4_0_] : [VARCHAR]) - [test@test.com]
2023-02-02 22:18:18.602 TRACE 90137 --- [    Test worker] o.h.type.descriptor.sql.BasicExtractor   : extracted value ([member_n5_0_] : [VARCHAR]) - [test]
2023-02-02 22:18:18.602 TRACE 90137 --- [    Test worker] o.h.type.descriptor.sql.BasicExtractor   : extracted value ([member_p6_0_] : [VARCHAR]) - [password]
2023-02-02 22:18:18.602 TRACE 90137 --- [    Test worker] o.h.type.descriptor.sql.BasicExtractor   : extracted value ([member_r7_0_] : [VARCHAR]) - [USER]
2023-02-02 22:18:18.602 TRACE 90137 --- [    Test worker] o.h.type.descriptor.sql.BasicExtractor   : extracted value ([member_u8_0_] : [VARCHAR]) - [testUser]
2023-02-02 22:18:18.610 DEBUG 90137 --- [    Test worker] org.hibernate.SQL                        : 
    delete 
    from
        member 
    where
        id=?
2023-02-02 22:18:18.611 TRACE 90137 --- [    Test worker] o.h.type.descriptor.sql.BasicBinder      : binding parameter [1] as [BIGINT] - [1]
2023-02-02 22:18:18.612 DEBUG 90137 --- [    Test worker] org.hibernate.SQL                        : 
    select
        member0_.id as id1_0_,
        member0_.created_time as created_2_0_,
        member0_.last_modified_time as last_mod3_0_,
        member0_.member_email as member_e4_0_,
        member0_.member_nickname as member_n5_0_,
        member0_.member_password as member_p6_0_,
        member0_.member_role as member_r7_0_,
        member0_.member_username as member_u8_0_ 
    from
        member member0_
2023-02-02 22:18:18.636  INFO 90137 --- [    Test worker] o.s.t.c.transaction.TransactionContext   : Rolled back transaction for test: [DefaultTestContext@2364305a testClass = MemberRepositoryTest, testInstance = com.board.Board_Upgraded.repository.MemberRepositoryTest@184e5c44, testMethod = deleteTest@MemberRepositoryTest, testException = [null], mergedContextConfiguration = [WebMergedContextConfiguration@470a696f testClass = MemberRepositoryTest, locations = '{}', classes = '{class com.board.Board_Upgraded.BoardUpgradedApplication}', contextInitializerClasses = '[]', activeProfiles = '{}', propertySourceLocations = '{}', propertySourceProperties = '{org.springframework.boot.test.context.SpringBootTestContextBootstrapper=true}', contextCustomizers = set[org.springframework.boot.test.autoconfigure.actuate.metrics.MetricsExportContextCustomizerFactory$DisableMetricExportContextCustomizer@5ddf0d24, org.springframework.boot.test.autoconfigure.properties.PropertyMappingContextCustomizer@0, org.springframework.boot.test.autoconfigure.web.servlet.WebDriverContextCustomizerFactory$Customizer@5bf0fe62, org.springframework.boot.test.context.filter.ExcludeFilterContextCustomizer@6ce86ce1, org.springframework.boot.test.json.DuplicateJsonObjectContextCustomizerFactory$DuplicateJsonObjectContextCustomizer@32c4e8b2, org.springframework.boot.test.mock.mockito.MockitoContextCustomizer@0, org.springframework.boot.test.web.client.TestRestTemplateContextCustomizer@77102b91, org.springframework.boot.test.context.SpringBootTestArgs@1, org.springframework.boot.test.context.SpringBootTestWebEnvironment@5609159b], resourceBasePath = 'src/main/webapp', contextLoader = 'org.springframework.boot.test.context.SpringBootContextLoader', parent = [null]], attributes = map['org.springframework.test.context.web.ServletTestExecutionListener.activateListener' -> true, 'org.springframework.test.context.web.ServletTestExecutionListener.populatedRequestContextHolder' -> true, 'org.springframework.test.context.web.ServletTestExecutionListener.resetRequestContextHolder' -> true, 'org.springframework.test.context.event.ApplicationEventsTestExecutionListener.recordApplicationEvents' -> false]]
]]></system-out>
  <system-err><![CDATA[]]></system-err>
</testsuite>
