<?xml version="1.0" encoding="UTF-8"?>
<testsuite name="com.board.Board_Upgraded.repository.MemberRepositoryTest" tests="1" skipped="0" failures="0" errors="0" timestamp="2023-02-04T12:35:23" hostname="ijanghuiui-MacBookPro.local" time="0.223">
  <properties/>
  <testcase name="searchByUsernameTest()" classname="com.board.Board_Upgraded.repository.MemberRepositoryTest" time="0.223"/>
  <system-out><![CDATA[21:35:20.762 [Test worker] DEBUG org.springframework.test.context.BootstrapUtils - Instantiating CacheAwareContextLoaderDelegate from class [org.springframework.test.context.cache.DefaultCacheAwareContextLoaderDelegate]
21:35:20.767 [Test worker] DEBUG org.springframework.test.context.BootstrapUtils - Instantiating BootstrapContext using constructor [public org.springframework.test.context.support.DefaultBootstrapContext(java.lang.Class,org.springframework.test.context.CacheAwareContextLoaderDelegate)]
21:35:20.792 [Test worker] DEBUG org.springframework.test.context.BootstrapUtils - Instantiating TestContextBootstrapper for test class [com.board.Board_Upgraded.repository.MemberRepositoryTest] from class [org.springframework.boot.test.context.SpringBootTestContextBootstrapper]
21:35:20.798 [Test worker] INFO org.springframework.boot.test.context.SpringBootTestContextBootstrapper - Neither @ContextConfiguration nor @ContextHierarchy found for test class [com.board.Board_Upgraded.repository.MemberRepositoryTest], using SpringBootContextLoader
21:35:20.800 [Test worker] DEBUG org.springframework.test.context.support.AbstractContextLoader - Did not detect default resource location for test class [com.board.Board_Upgraded.repository.MemberRepositoryTest]: class path resource [com/board/Board_Upgraded/repository/MemberRepositoryTest-context.xml] does not exist
21:35:20.800 [Test worker] DEBUG org.springframework.test.context.support.AbstractContextLoader - Did not detect default resource location for test class [com.board.Board_Upgraded.repository.MemberRepositoryTest]: class path resource [com/board/Board_Upgraded/repository/MemberRepositoryTestContext.groovy] does not exist
21:35:20.801 [Test worker] INFO org.springframework.test.context.support.AbstractContextLoader - Could not detect default resource locations for test class [com.board.Board_Upgraded.repository.MemberRepositoryTest]: no resource found for suffixes {-context.xml, Context.groovy}.
21:35:20.801 [Test worker] INFO org.springframework.test.context.support.AnnotationConfigContextLoaderUtils - Could not detect default configuration classes for test class [com.board.Board_Upgraded.repository.MemberRepositoryTest]: MemberRepositoryTest does not declare any static, non-private, non-final, nested classes annotated with @Configuration.
21:35:20.823 [Test worker] DEBUG org.springframework.test.context.support.ActiveProfilesUtils - Could not find an 'annotation declaring class' for annotation type [org.springframework.test.context.ActiveProfiles] and class [com.board.Board_Upgraded.repository.MemberRepositoryTest]
21:35:20.856 [Test worker] DEBUG org.springframework.context.annotation.ClassPathScanningCandidateComponentProvider - Identified candidate component class: file [/Users/leeeehgnaj/Desktop/Coding/Board_Upgraded/build/classes/java/main/com/board/Board_Upgraded/BoardUpgradedApplication.class]
21:35:20.857 [Test worker] INFO org.springframework.boot.test.context.SpringBootTestContextBootstrapper - Found @SpringBootConfiguration com.board.Board_Upgraded.BoardUpgradedApplication for test class com.board.Board_Upgraded.repository.MemberRepositoryTest
21:35:20.899 [Test worker] DEBUG org.springframework.boot.test.context.SpringBootTestContextBootstrapper - @TestExecutionListeners is not present for class [com.board.Board_Upgraded.repository.MemberRepositoryTest]: using defaults.
21:35:20.899 [Test worker] INFO org.springframework.boot.test.context.SpringBootTestContextBootstrapper - Loaded default TestExecutionListener class names from location [META-INF/spring.factories]: [org.springframework.security.test.context.support.WithSecurityContextTestExecutionListener, org.springframework.security.test.context.support.ReactorContextTestExecutionListener, org.springframework.boot.test.autoconfigure.restdocs.RestDocsTestExecutionListener, org.springframework.boot.test.autoconfigure.web.client.MockRestServiceServerResetTestExecutionListener, org.springframework.boot.test.autoconfigure.web.servlet.MockMvcPrintOnlyOnFailureTestExecutionListener, org.springframework.boot.test.autoconfigure.web.servlet.WebDriverTestExecutionListener, org.springframework.boot.test.autoconfigure.webservices.client.MockWebServiceServerTestExecutionListener, org.springframework.boot.test.mock.mockito.MockitoTestExecutionListener, org.springframework.boot.test.mock.mockito.ResetMocksTestExecutionListener, org.springframework.test.context.web.ServletTestExecutionListener, org.springframework.test.context.support.DirtiesContextBeforeModesTestExecutionListener, org.springframework.test.context.event.ApplicationEventsTestExecutionListener, org.springframework.test.context.support.DependencyInjectionTestExecutionListener, org.springframework.test.context.support.DirtiesContextTestExecutionListener, org.springframework.test.context.transaction.TransactionalTestExecutionListener, org.springframework.test.context.jdbc.SqlScriptsTestExecutionListener, org.springframework.test.context.event.EventPublishingTestExecutionListener]
21:35:20.907 [Test worker] INFO org.springframework.boot.test.context.SpringBootTestContextBootstrapper - Using TestExecutionListeners: [org.springframework.test.context.web.ServletTestExecutionListener@51e8e6e6, org.springframework.test.context.support.DirtiesContextBeforeModesTestExecutionListener@56f6d40b, org.springframework.test.context.event.ApplicationEventsTestExecutionListener@36676c1a, org.springframework.boot.test.mock.mockito.MockitoTestExecutionListener@5b408dc3, org.springframework.boot.test.autoconfigure.SpringBootDependencyInjectionTestExecutionListener@4d098f9b, org.springframework.test.context.support.DirtiesContextTestExecutionListener@2dbf4cbd, org.springframework.test.context.transaction.TransactionalTestExecutionListener@20b5f2ac, org.springframework.test.context.jdbc.SqlScriptsTestExecutionListener@7fc44dec, org.springframework.security.test.context.support.WithSecurityContextTestExecutionListener@7e3060d8, org.springframework.test.context.event.EventPublishingTestExecutionListener@293d0107, org.springframework.security.test.context.support.ReactorContextTestExecutionListener@2692b61e, org.springframework.boot.test.autoconfigure.restdocs.RestDocsTestExecutionListener@7b64240d, org.springframework.boot.test.autoconfigure.web.client.MockRestServiceServerResetTestExecutionListener@62fad19, org.springframework.boot.test.autoconfigure.web.servlet.MockMvcPrintOnlyOnFailureTestExecutionListener@47dbb1e2, org.springframework.boot.test.autoconfigure.web.servlet.WebDriverTestExecutionListener@74cadd41, org.springframework.boot.test.autoconfigure.webservices.client.MockWebServiceServerTestExecutionListener@2e54db99, org.springframework.boot.test.mock.mockito.ResetMocksTestExecutionListener@55e8ec2f]
21:35:20.909 [Test worker] DEBUG org.springframework.test.context.support.AbstractDirtiesContextTestExecutionListener - Before test class: context [DefaultTestContext@1bc715b8 testClass = MemberRepositoryTest, testInstance = [null], testMethod = [null], testException = [null], mergedContextConfiguration = [WebMergedContextConfiguration@292d1c71 testClass = MemberRepositoryTest, locations = '{}', classes = '{class com.board.Board_Upgraded.BoardUpgradedApplication}', contextInitializerClasses = '[]', activeProfiles = '{}', propertySourceLocations = '{}', propertySourceProperties = '{org.springframework.boot.test.context.SpringBootTestContextBootstrapper=true}', contextCustomizers = set[org.springframework.boot.test.autoconfigure.actuate.metrics.MetricsExportContextCustomizerFactory$DisableMetricExportContextCustomizer@60856961, org.springframework.boot.test.autoconfigure.properties.PropertyMappingContextCustomizer@0, org.springframework.boot.test.autoconfigure.web.servlet.WebDriverContextCustomizerFactory$Customizer@673be18f, org.springframework.boot.test.context.filter.ExcludeFilterContextCustomizer@3fed2870, org.springframework.boot.test.json.DuplicateJsonObjectContextCustomizerFactory$DuplicateJsonObjectContextCustomizer@764faa6, org.springframework.boot.test.mock.mockito.MockitoContextCustomizer@0, org.springframework.boot.test.web.client.TestRestTemplateContextCustomizer@7fb95505, org.springframework.boot.test.context.SpringBootTestArgs@1, org.springframework.boot.test.context.SpringBootTestWebEnvironment@2118cddf], resourceBasePath = 'src/main/webapp', contextLoader = 'org.springframework.boot.test.context.SpringBootContextLoader', parent = [null]], attributes = map['org.springframework.test.context.web.ServletTestExecutionListener.activateListener' -> true]], class annotated with @DirtiesContext [false] with mode [null].

  .   ____          _            __ _ _
 /\\ / ___'_ __ _ _(_)_ __  __ _ \ \ \ \
( ( )\___ | '_ | '_| | '_ \/ _` | \ \ \ \
 \\/  ___)| |_)| | | | | || (_| |  ) ) ) )
  '  |____| .__|_| |_|_| |_\__, | / / / /
 =========|_|==============|___/=/_/_/_/
 :: Spring Boot ::                (v2.7.0)

2023-02-04 21:35:21.065  INFO 75021 --- [    Test worker] c.b.B.repository.MemberRepositoryTest    : Starting MemberRepositoryTest using Java 17.0.2 on ijanghuiui-MacBookPro.local with PID 75021 (started by leeeehgnaj in /Users/leeeehgnaj/Desktop/Coding/Board_Upgraded)
2023-02-04 21:35:21.066  INFO 75021 --- [    Test worker] c.b.B.repository.MemberRepositoryTest    : The following 1 profile is active: "local"
2023-02-04 21:35:21.462  INFO 75021 --- [    Test worker] .s.d.r.c.RepositoryConfigurationDelegate : Bootstrapping Spring Data JPA repositories in DEFAULT mode.
2023-02-04 21:35:21.486  INFO 75021 --- [    Test worker] .s.d.r.c.RepositoryConfigurationDelegate : Finished Spring Data repository scanning in 21 ms. Found 2 JPA repository interfaces.
2023-02-04 21:35:21.761  INFO 75021 --- [    Test worker] o.hibernate.jpa.internal.util.LogHelper  : HHH000204: Processing PersistenceUnitInfo [name: default]
2023-02-04 21:35:21.786  INFO 75021 --- [    Test worker] org.hibernate.Version                    : HHH000412: Hibernate ORM core version 5.6.9.Final
2023-02-04 21:35:21.865  INFO 75021 --- [    Test worker] o.hibernate.annotations.common.Version   : HCANN000001: Hibernate Commons Annotations {5.1.2.Final}
2023-02-04 21:35:21.877 DEBUG 75021 --- [    Test worker] org.hibernate.type.BasicTypeRegistry     : Adding type registration boolean -> org.hibernate.type.BooleanType@260d48f5
2023-02-04 21:35:21.877 DEBUG 75021 --- [    Test worker] org.hibernate.type.BasicTypeRegistry     : Adding type registration boolean -> org.hibernate.type.BooleanType@260d48f5
2023-02-04 21:35:21.877 DEBUG 75021 --- [    Test worker] org.hibernate.type.BasicTypeRegistry     : Adding type registration java.lang.Boolean -> org.hibernate.type.BooleanType@260d48f5
2023-02-04 21:35:21.877 DEBUG 75021 --- [    Test worker] org.hibernate.type.BasicTypeRegistry     : Adding type registration numeric_boolean -> org.hibernate.type.NumericBooleanType@52d9d817
2023-02-04 21:35:21.877 DEBUG 75021 --- [    Test worker] org.hibernate.type.BasicTypeRegistry     : Adding type registration true_false -> org.hibernate.type.TrueFalseType@601d295
2023-02-04 21:35:21.877 DEBUG 75021 --- [    Test worker] org.hibernate.type.BasicTypeRegistry     : Adding type registration yes_no -> org.hibernate.type.YesNoType@2036f83
2023-02-04 21:35:21.878 DEBUG 75021 --- [    Test worker] org.hibernate.type.BasicTypeRegistry     : Adding type registration byte -> org.hibernate.type.ByteType@134abd78
2023-02-04 21:35:21.878 DEBUG 75021 --- [    Test worker] org.hibernate.type.BasicTypeRegistry     : Adding type registration byte -> org.hibernate.type.ByteType@134abd78
2023-02-04 21:35:21.878 DEBUG 75021 --- [    Test worker] org.hibernate.type.BasicTypeRegistry     : Adding type registration java.lang.Byte -> org.hibernate.type.ByteType@134abd78
2023-02-04 21:35:21.878 DEBUG 75021 --- [    Test worker] org.hibernate.type.BasicTypeRegistry     : Adding type registration character -> org.hibernate.type.CharacterType@134d7ffa
2023-02-04 21:35:21.878 DEBUG 75021 --- [    Test worker] org.hibernate.type.BasicTypeRegistry     : Adding type registration char -> org.hibernate.type.CharacterType@134d7ffa
2023-02-04 21:35:21.878 DEBUG 75021 --- [    Test worker] org.hibernate.type.BasicTypeRegistry     : Adding type registration java.lang.Character -> org.hibernate.type.CharacterType@134d7ffa
2023-02-04 21:35:21.879 DEBUG 75021 --- [    Test worker] org.hibernate.type.BasicTypeRegistry     : Adding type registration short -> org.hibernate.type.ShortType@1cc708a7
2023-02-04 21:35:21.879 DEBUG 75021 --- [    Test worker] org.hibernate.type.BasicTypeRegistry     : Adding type registration short -> org.hibernate.type.ShortType@1cc708a7
2023-02-04 21:35:21.879 DEBUG 75021 --- [    Test worker] org.hibernate.type.BasicTypeRegistry     : Adding type registration java.lang.Short -> org.hibernate.type.ShortType@1cc708a7
2023-02-04 21:35:21.879 DEBUG 75021 --- [    Test worker] org.hibernate.type.BasicTypeRegistry     : Adding type registration integer -> org.hibernate.type.IntegerType@698f4aa
2023-02-04 21:35:21.879 DEBUG 75021 --- [    Test worker] org.hibernate.type.BasicTypeRegistry     : Adding type registration int -> org.hibernate.type.IntegerType@698f4aa
2023-02-04 21:35:21.879 DEBUG 75021 --- [    Test worker] org.hibernate.type.BasicTypeRegistry     : Adding type registration java.lang.Integer -> org.hibernate.type.IntegerType@698f4aa
2023-02-04 21:35:21.880 DEBUG 75021 --- [    Test worker] org.hibernate.type.BasicTypeRegistry     : Adding type registration long -> org.hibernate.type.LongType@68a426c3
2023-02-04 21:35:21.880 DEBUG 75021 --- [    Test worker] org.hibernate.type.BasicTypeRegistry     : Adding type registration long -> org.hibernate.type.LongType@68a426c3
2023-02-04 21:35:21.880 DEBUG 75021 --- [    Test worker] org.hibernate.type.BasicTypeRegistry     : Adding type registration java.lang.Long -> org.hibernate.type.LongType@68a426c3
2023-02-04 21:35:21.880 DEBUG 75021 --- [    Test worker] org.hibernate.type.BasicTypeRegistry     : Adding type registration float -> org.hibernate.type.FloatType@33215ffb
2023-02-04 21:35:21.880 DEBUG 75021 --- [    Test worker] org.hibernate.type.BasicTypeRegistry     : Adding type registration float -> org.hibernate.type.FloatType@33215ffb
2023-02-04 21:35:21.880 DEBUG 75021 --- [    Test worker] org.hibernate.type.BasicTypeRegistry     : Adding type registration java.lang.Float -> org.hibernate.type.FloatType@33215ffb
2023-02-04 21:35:21.880 DEBUG 75021 --- [    Test worker] org.hibernate.type.BasicTypeRegistry     : Adding type registration double -> org.hibernate.type.DoubleType@17d2b646
2023-02-04 21:35:21.880 DEBUG 75021 --- [    Test worker] org.hibernate.type.BasicTypeRegistry     : Adding type registration double -> org.hibernate.type.DoubleType@17d2b646
2023-02-04 21:35:21.880 DEBUG 75021 --- [    Test worker] org.hibernate.type.BasicTypeRegistry     : Adding type registration java.lang.Double -> org.hibernate.type.DoubleType@17d2b646
2023-02-04 21:35:21.881 DEBUG 75021 --- [    Test worker] org.hibernate.type.BasicTypeRegistry     : Adding type registration big_decimal -> org.hibernate.type.BigDecimalType@7de6549d
2023-02-04 21:35:21.881 DEBUG 75021 --- [    Test worker] org.hibernate.type.BasicTypeRegistry     : Adding type registration java.math.BigDecimal -> org.hibernate.type.BigDecimalType@7de6549d
2023-02-04 21:35:21.881 DEBUG 75021 --- [    Test worker] org.hibernate.type.BasicTypeRegistry     : Adding type registration big_integer -> org.hibernate.type.BigIntegerType@352e5a82
2023-02-04 21:35:21.881 DEBUG 75021 --- [    Test worker] org.hibernate.type.BasicTypeRegistry     : Adding type registration java.math.BigInteger -> org.hibernate.type.BigIntegerType@352e5a82
2023-02-04 21:35:21.882 DEBUG 75021 --- [    Test worker] org.hibernate.type.BasicTypeRegistry     : Adding type registration string -> org.hibernate.type.StringType@7254838
2023-02-04 21:35:21.882 DEBUG 75021 --- [    Test worker] org.hibernate.type.BasicTypeRegistry     : Adding type registration java.lang.String -> org.hibernate.type.StringType@7254838
2023-02-04 21:35:21.882 DEBUG 75021 --- [    Test worker] org.hibernate.type.BasicTypeRegistry     : Adding type registration nstring -> org.hibernate.type.StringNVarcharType@a95cb11
2023-02-04 21:35:21.882 DEBUG 75021 --- [    Test worker] org.hibernate.type.BasicTypeRegistry     : Adding type registration ncharacter -> org.hibernate.type.CharacterNCharType@47fa3671
2023-02-04 21:35:21.882 DEBUG 75021 --- [    Test worker] org.hibernate.type.BasicTypeRegistry     : Adding type registration url -> org.hibernate.type.UrlType@6029f2a4
2023-02-04 21:35:21.882 DEBUG 75021 --- [    Test worker] org.hibernate.type.BasicTypeRegistry     : Adding type registration java.net.URL -> org.hibernate.type.UrlType@6029f2a4
2023-02-04 21:35:21.883 DEBUG 75021 --- [    Test worker] org.hibernate.type.BasicTypeRegistry     : Adding type registration Duration -> org.hibernate.type.DurationType@2a4e939a
2023-02-04 21:35:21.883 DEBUG 75021 --- [    Test worker] org.hibernate.type.BasicTypeRegistry     : Adding type registration java.time.Duration -> org.hibernate.type.DurationType@2a4e939a
2023-02-04 21:35:21.883 DEBUG 75021 --- [    Test worker] org.hibernate.type.BasicTypeRegistry     : Adding type registration Instant -> org.hibernate.type.InstantType@65fc8edc
2023-02-04 21:35:21.883 DEBUG 75021 --- [    Test worker] org.hibernate.type.BasicTypeRegistry     : Adding type registration java.time.Instant -> org.hibernate.type.InstantType@65fc8edc
2023-02-04 21:35:21.884 DEBUG 75021 --- [    Test worker] org.hibernate.type.BasicTypeRegistry     : Adding type registration LocalDateTime -> org.hibernate.type.LocalDateTimeType@1c92a549
2023-02-04 21:35:21.884 DEBUG 75021 --- [    Test worker] org.hibernate.type.BasicTypeRegistry     : Adding type registration java.time.LocalDateTime -> org.hibernate.type.LocalDateTimeType@1c92a549
2023-02-04 21:35:21.884 DEBUG 75021 --- [    Test worker] org.hibernate.type.BasicTypeRegistry     : Adding type registration LocalDate -> org.hibernate.type.LocalDateType@5bb97fe7
2023-02-04 21:35:21.884 DEBUG 75021 --- [    Test worker] org.hibernate.type.BasicTypeRegistry     : Adding type registration java.time.LocalDate -> org.hibernate.type.LocalDateType@5bb97fe7
2023-02-04 21:35:21.884 DEBUG 75021 --- [    Test worker] org.hibernate.type.BasicTypeRegistry     : Adding type registration LocalTime -> org.hibernate.type.LocalTimeType@36238b12
2023-02-04 21:35:21.884 DEBUG 75021 --- [    Test worker] org.hibernate.type.BasicTypeRegistry     : Adding type registration java.time.LocalTime -> org.hibernate.type.LocalTimeType@36238b12
2023-02-04 21:35:21.885 DEBUG 75021 --- [    Test worker] org.hibernate.type.BasicTypeRegistry     : Adding type registration OffsetDateTime -> org.hibernate.type.OffsetDateTimeType@74764622
2023-02-04 21:35:21.885 DEBUG 75021 --- [    Test worker] org.hibernate.type.BasicTypeRegistry     : Adding type registration java.time.OffsetDateTime -> org.hibernate.type.OffsetDateTimeType@74764622
2023-02-04 21:35:21.885 DEBUG 75021 --- [    Test worker] org.hibernate.type.BasicTypeRegistry     : Adding type registration OffsetTime -> org.hibernate.type.OffsetTimeType@60c98f25
2023-02-04 21:35:21.885 DEBUG 75021 --- [    Test worker] org.hibernate.type.BasicTypeRegistry     : Adding type registration java.time.OffsetTime -> org.hibernate.type.OffsetTimeType@60c98f25
2023-02-04 21:35:21.886 DEBUG 75021 --- [    Test worker] org.hibernate.type.BasicTypeRegistry     : Adding type registration ZonedDateTime -> org.hibernate.type.ZonedDateTimeType@46e388ec
2023-02-04 21:35:21.886 DEBUG 75021 --- [    Test worker] org.hibernate.type.BasicTypeRegistry     : Adding type registration java.time.ZonedDateTime -> org.hibernate.type.ZonedDateTimeType@46e388ec
2023-02-04 21:35:21.886 DEBUG 75021 --- [    Test worker] org.hibernate.type.BasicTypeRegistry     : Adding type registration date -> org.hibernate.type.DateType@3b3546a3
2023-02-04 21:35:21.886 DEBUG 75021 --- [    Test worker] org.hibernate.type.BasicTypeRegistry     : Adding type registration java.sql.Date -> org.hibernate.type.DateType@3b3546a3
2023-02-04 21:35:21.888 DEBUG 75021 --- [    Test worker] org.hibernate.type.BasicTypeRegistry     : Adding type registration time -> org.hibernate.type.TimeType@7b3a6e95
2023-02-04 21:35:21.888 DEBUG 75021 --- [    Test worker] org.hibernate.type.BasicTypeRegistry     : Adding type registration java.sql.Time -> org.hibernate.type.TimeType@7b3a6e95
2023-02-04 21:35:21.888 DEBUG 75021 --- [    Test worker] org.hibernate.type.BasicTypeRegistry     : Adding type registration timestamp -> org.hibernate.type.TimestampType@14e3d439
2023-02-04 21:35:21.888 DEBUG 75021 --- [    Test worker] org.hibernate.type.BasicTypeRegistry     : Adding type registration java.sql.Timestamp -> org.hibernate.type.TimestampType@14e3d439
2023-02-04 21:35:21.888 DEBUG 75021 --- [    Test worker] org.hibernate.type.BasicTypeRegistry     : Adding type registration java.util.Date -> org.hibernate.type.TimestampType@14e3d439
2023-02-04 21:35:21.889 DEBUG 75021 --- [    Test worker] org.hibernate.type.BasicTypeRegistry     : Adding type registration dbtimestamp -> org.hibernate.type.DbTimestampType@47198524
2023-02-04 21:35:21.889 DEBUG 75021 --- [    Test worker] org.hibernate.type.BasicTypeRegistry     : Adding type registration calendar -> org.hibernate.type.CalendarType@37bda983
2023-02-04 21:35:21.889 DEBUG 75021 --- [    Test worker] org.hibernate.type.BasicTypeRegistry     : Adding type registration java.util.Calendar -> org.hibernate.type.CalendarType@37bda983
2023-02-04 21:35:21.890 DEBUG 75021 --- [    Test worker] org.hibernate.type.BasicTypeRegistry     : Adding type registration java.util.GregorianCalendar -> org.hibernate.type.CalendarType@37bda983
2023-02-04 21:35:21.890 DEBUG 75021 --- [    Test worker] org.hibernate.type.BasicTypeRegistry     : Adding type registration calendar_date -> org.hibernate.type.CalendarDateType@1846ad0f
2023-02-04 21:35:21.890 DEBUG 75021 --- [    Test worker] org.hibernate.type.BasicTypeRegistry     : Adding type registration calendar_time -> org.hibernate.type.CalendarTimeType@75d97e18
2023-02-04 21:35:21.891 DEBUG 75021 --- [    Test worker] org.hibernate.type.BasicTypeRegistry     : Adding type registration locale -> org.hibernate.type.LocaleType@44aed6a4
2023-02-04 21:35:21.891 DEBUG 75021 --- [    Test worker] org.hibernate.type.BasicTypeRegistry     : Adding type registration java.util.Locale -> org.hibernate.type.LocaleType@44aed6a4
2023-02-04 21:35:21.891 DEBUG 75021 --- [    Test worker] org.hibernate.type.BasicTypeRegistry     : Adding type registration currency -> org.hibernate.type.CurrencyType@a84338a
2023-02-04 21:35:21.891 DEBUG 75021 --- [    Test worker] org.hibernate.type.BasicTypeRegistry     : Adding type registration java.util.Currency -> org.hibernate.type.CurrencyType@a84338a
2023-02-04 21:35:21.891 DEBUG 75021 --- [    Test worker] org.hibernate.type.BasicTypeRegistry     : Adding type registration timezone -> org.hibernate.type.TimeZoneType@278de2b2
2023-02-04 21:35:21.891 DEBUG 75021 --- [    Test worker] org.hibernate.type.BasicTypeRegistry     : Adding type registration java.util.TimeZone -> org.hibernate.type.TimeZoneType@278de2b2
2023-02-04 21:35:21.892 DEBUG 75021 --- [    Test worker] org.hibernate.type.BasicTypeRegistry     : Adding type registration class -> org.hibernate.type.ClassType@213835b6
2023-02-04 21:35:21.892 DEBUG 75021 --- [    Test worker] org.hibernate.type.BasicTypeRegistry     : Adding type registration java.lang.Class -> org.hibernate.type.ClassType@213835b6
2023-02-04 21:35:21.892 DEBUG 75021 --- [    Test worker] org.hibernate.type.BasicTypeRegistry     : Adding type registration uuid-binary -> org.hibernate.type.UUIDBinaryType@296676c4
2023-02-04 21:35:21.892 DEBUG 75021 --- [    Test worker] org.hibernate.type.BasicTypeRegistry     : Adding type registration java.util.UUID -> org.hibernate.type.UUIDBinaryType@296676c4
2023-02-04 21:35:21.892 DEBUG 75021 --- [    Test worker] org.hibernate.type.BasicTypeRegistry     : Adding type registration uuid-char -> org.hibernate.type.UUIDCharType@4fa91d5b
2023-02-04 21:35:21.893 DEBUG 75021 --- [    Test worker] org.hibernate.type.BasicTypeRegistry     : Adding type registration binary -> org.hibernate.type.BinaryType@7019d619
2023-02-04 21:35:21.893 DEBUG 75021 --- [    Test worker] org.hibernate.type.BasicTypeRegistry     : Adding type registration byte[] -> org.hibernate.type.BinaryType@7019d619
2023-02-04 21:35:21.893 DEBUG 75021 --- [    Test worker] org.hibernate.type.BasicTypeRegistry     : Adding type registration [B -> org.hibernate.type.BinaryType@7019d619
2023-02-04 21:35:21.893 DEBUG 75021 --- [    Test worker] org.hibernate.type.BasicTypeRegistry     : Adding type registration wrapper-binary -> org.hibernate.type.WrapperBinaryType@31006a75
2023-02-04 21:35:21.893 DEBUG 75021 --- [    Test worker] org.hibernate.type.BasicTypeRegistry     : Adding type registration Byte[] -> org.hibernate.type.WrapperBinaryType@31006a75
2023-02-04 21:35:21.894 DEBUG 75021 --- [    Test worker] org.hibernate.type.BasicTypeRegistry     : Adding type registration [Ljava.lang.Byte; -> org.hibernate.type.WrapperBinaryType@31006a75
2023-02-04 21:35:21.894 DEBUG 75021 --- [    Test worker] org.hibernate.type.BasicTypeRegistry     : Adding type registration row_version -> org.hibernate.type.RowVersionType@156324b
2023-02-04 21:35:21.894 DEBUG 75021 --- [    Test worker] org.hibernate.type.BasicTypeRegistry     : Adding type registration image -> org.hibernate.type.ImageType@4bbf20d1
2023-02-04 21:35:21.894 DEBUG 75021 --- [    Test worker] org.hibernate.type.BasicTypeRegistry     : Adding type registration characters -> org.hibernate.type.CharArrayType@17d76ebb
2023-02-04 21:35:21.894 DEBUG 75021 --- [    Test worker] org.hibernate.type.BasicTypeRegistry     : Adding type registration char[] -> org.hibernate.type.CharArrayType@17d76ebb
2023-02-04 21:35:21.894 DEBUG 75021 --- [    Test worker] org.hibernate.type.BasicTypeRegistry     : Adding type registration [C -> org.hibernate.type.CharArrayType@17d76ebb
2023-02-04 21:35:21.895 DEBUG 75021 --- [    Test worker] org.hibernate.type.BasicTypeRegistry     : Adding type registration wrapper-characters -> org.hibernate.type.CharacterArrayType@3b30eec5
2023-02-04 21:35:21.895 DEBUG 75021 --- [    Test worker] org.hibernate.type.BasicTypeRegistry     : Adding type registration [Ljava.lang.Character; -> org.hibernate.type.CharacterArrayType@3b30eec5
2023-02-04 21:35:21.895 DEBUG 75021 --- [    Test worker] org.hibernate.type.BasicTypeRegistry     : Adding type registration Character[] -> org.hibernate.type.CharacterArrayType@3b30eec5
2023-02-04 21:35:21.895 DEBUG 75021 --- [    Test worker] org.hibernate.type.BasicTypeRegistry     : Adding type registration text -> org.hibernate.type.TextType@4de91056
2023-02-04 21:35:21.895 DEBUG 75021 --- [    Test worker] org.hibernate.type.BasicTypeRegistry     : Adding type registration ntext -> org.hibernate.type.NTextType@7e2c6fd6
2023-02-04 21:35:21.895 DEBUG 75021 --- [    Test worker] org.hibernate.type.BasicTypeRegistry     : Adding type registration blob -> org.hibernate.type.BlobType@7e31d53b
2023-02-04 21:35:21.896 DEBUG 75021 --- [    Test worker] org.hibernate.type.BasicTypeRegistry     : Adding type registration java.sql.Blob -> org.hibernate.type.BlobType@7e31d53b
2023-02-04 21:35:21.896 DEBUG 75021 --- [    Test worker] org.hibernate.type.BasicTypeRegistry     : Adding type registration materialized_blob -> org.hibernate.type.MaterializedBlobType@702096ef
2023-02-04 21:35:21.896 DEBUG 75021 --- [    Test worker] org.hibernate.type.BasicTypeRegistry     : Adding type registration clob -> org.hibernate.type.ClobType@779228dc
2023-02-04 21:35:21.896 DEBUG 75021 --- [    Test worker] org.hibernate.type.BasicTypeRegistry     : Adding type registration java.sql.Clob -> org.hibernate.type.ClobType@779228dc
2023-02-04 21:35:21.897 DEBUG 75021 --- [    Test worker] org.hibernate.type.BasicTypeRegistry     : Adding type registration nclob -> org.hibernate.type.NClobType@618f627b
2023-02-04 21:35:21.897 DEBUG 75021 --- [    Test worker] org.hibernate.type.BasicTypeRegistry     : Adding type registration java.sql.NClob -> org.hibernate.type.NClobType@618f627b
2023-02-04 21:35:21.897 DEBUG 75021 --- [    Test worker] org.hibernate.type.BasicTypeRegistry     : Adding type registration materialized_clob -> org.hibernate.type.MaterializedClobType@68f776ee
2023-02-04 21:35:21.897 DEBUG 75021 --- [    Test worker] org.hibernate.type.BasicTypeRegistry     : Adding type registration materialized_nclob -> org.hibernate.type.MaterializedNClobType@23469199
2023-02-04 21:35:21.898 DEBUG 75021 --- [    Test worker] org.hibernate.type.BasicTypeRegistry     : Adding type registration serializable -> org.hibernate.type.SerializableType@29d2fa84
2023-02-04 21:35:21.899 DEBUG 75021 --- [    Test worker] org.hibernate.type.BasicTypeRegistry     : Adding type registration object -> org.hibernate.type.ObjectType@da22aa
2023-02-04 21:35:21.899 DEBUG 75021 --- [    Test worker] org.hibernate.type.BasicTypeRegistry     : Adding type registration java.lang.Object -> org.hibernate.type.ObjectType@da22aa
2023-02-04 21:35:21.899 DEBUG 75021 --- [    Test worker] org.hibernate.type.BasicTypeRegistry     : Adding type registration imm_date -> org.hibernate.type.AdaptedImmutableType@14292d71
2023-02-04 21:35:21.899 DEBUG 75021 --- [    Test worker] org.hibernate.type.BasicTypeRegistry     : Adding type registration imm_time -> org.hibernate.type.AdaptedImmutableType@48e74764
2023-02-04 21:35:21.899 DEBUG 75021 --- [    Test worker] org.hibernate.type.BasicTypeRegistry     : Adding type registration imm_timestamp -> org.hibernate.type.AdaptedImmutableType@338d47b
2023-02-04 21:35:21.899 DEBUG 75021 --- [    Test worker] org.hibernate.type.BasicTypeRegistry     : Adding type registration imm_dbtimestamp -> org.hibernate.type.AdaptedImmutableType@7a3643e3
2023-02-04 21:35:21.899 DEBUG 75021 --- [    Test worker] org.hibernate.type.BasicTypeRegistry     : Adding type registration imm_calendar -> org.hibernate.type.AdaptedImmutableType@2729bb71
2023-02-04 21:35:21.899 DEBUG 75021 --- [    Test worker] org.hibernate.type.BasicTypeRegistry     : Adding type registration imm_calendar_date -> org.hibernate.type.AdaptedImmutableType@55071497
2023-02-04 21:35:21.900 DEBUG 75021 --- [    Test worker] org.hibernate.type.BasicTypeRegistry     : Adding type registration imm_binary -> org.hibernate.type.AdaptedImmutableType@10d98940
2023-02-04 21:35:21.900 DEBUG 75021 --- [    Test worker] org.hibernate.type.BasicTypeRegistry     : Adding type registration imm_serializable -> org.hibernate.type.AdaptedImmutableType@58b8f9e3
2023-02-04 21:35:21.920  INFO 75021 --- [    Test worker] com.zaxxer.hikari.HikariDataSource       : HikariPool-1 - Starting...
2023-02-04 21:35:21.962  INFO 75021 --- [    Test worker] com.zaxxer.hikari.HikariDataSource       : HikariPool-1 - Start completed.
2023-02-04 21:35:21.978  INFO 75021 --- [    Test worker] org.hibernate.dialect.Dialect            : HHH000400: Using dialect: org.hibernate.dialect.H2Dialect
2023-02-04 21:35:21.992 DEBUG 75021 --- [    Test worker] o.h.type.spi.TypeConfiguration$Scope     : Scoping TypeConfiguration [org.hibernate.type.spi.TypeConfiguration@714c74eb] to MetadataBuildingContext [org.hibernate.boot.internal.MetadataBuildingContextRootImpl@510e4d79]
2023-02-04 21:35:22.105 DEBUG 75021 --- [    Test worker] org.hibernate.type.EnumType              : Using NAMED-based conversion for Enum com.board.Board_Upgraded.entity.member.Role
2023-02-04 21:35:22.105 DEBUG 75021 --- [    Test worker] o.h.type.spi.TypeConfiguration$Scope     : Scoping TypeConfiguration [org.hibernate.type.spi.TypeConfiguration@714c74eb] to SessionFactoryImpl [org.hibernate.internal.SessionFactoryImpl@25b20860]
2023-02-04 21:35:22.232 DEBUG 75021 --- [    Test worker] org.hibernate.SQL                        : 
    
    drop table if exists member CASCADE 
2023-02-04 21:35:22.234 DEBUG 75021 --- [    Test worker] org.hibernate.SQL                        : 
    
    drop table if exists refresh_token CASCADE 
2023-02-04 21:35:22.236 DEBUG 75021 --- [    Test worker] org.hibernate.SQL                        : 
    
    create table member (
       id bigint generated by default as identity,
        created_time timestamp not null,
        last_modified_time timestamp not null,
        member_email varchar(255),
        member_nickname varchar(255),
        member_password varchar(255),
        member_role varchar(255),
        member_username varchar(255),
        primary key (id)
    )
2023-02-04 21:35:22.237 DEBUG 75021 --- [    Test worker] org.hibernate.SQL                        : 
    
    create table refresh_token (
       rt_key varchar(255) not null,
        rt_value varchar(255),
        primary key (rt_key)
    )
2023-02-04 21:35:22.239  INFO 75021 --- [    Test worker] o.h.e.t.j.p.i.JtaPlatformInitiator       : HHH000490: Using JtaPlatform implementation: [org.hibernate.engine.transaction.jta.platform.internal.NoJtaPlatform]
2023-02-04 21:35:22.242 TRACE 75021 --- [    Test worker] o.h.type.spi.TypeConfiguration$Scope     : Handling #sessionFactoryCreated from [org.hibernate.internal.SessionFactoryImpl@25b20860] for TypeConfiguration
2023-02-04 21:35:22.242  INFO 75021 --- [    Test worker] j.LocalContainerEntityManagerFactoryBean : Initialized JPA EntityManagerFactory for persistence unit 'default'
2023-02-04 21:35:22.539  WARN 75021 --- [    Test worker] JpaBaseConfiguration$JpaWebConfiguration : spring.jpa.open-in-view is enabled by default. Therefore, database queries may be performed during view rendering. Explicitly configure spring.jpa.open-in-view to disable this warning
2023-02-04 21:35:22.706  INFO 75021 --- [    Test worker] o.s.s.web.DefaultSecurityFilterChain     : Will secure any request with [org.springframework.security.web.session.DisableEncodeUrlFilter@55b78dad, org.springframework.security.web.context.request.async.WebAsyncManagerIntegrationFilter@47f4dc8d, org.springframework.security.web.context.SecurityContextPersistenceFilter@e30a8ef, org.springframework.security.web.header.HeaderWriterFilter@2d26c6a2, org.springframework.security.web.csrf.CsrfFilter@6d911985, org.springframework.security.web.authentication.logout.LogoutFilter@37fc7e3c, org.springframework.security.web.authentication.www.BasicAuthenticationFilter@cbaabfb, org.springframework.security.web.savedrequest.RequestCacheAwareFilter@34074149, org.springframework.security.web.servletapi.SecurityContextHolderAwareRequestFilter@1500edf3, org.springframework.security.web.authentication.AnonymousAuthenticationFilter@689fcf08, org.springframework.security.web.session.SessionManagementFilter@687d31a9, org.springframework.security.web.access.ExceptionTranslationFilter@6d5fea64, org.springframework.security.web.access.intercept.AuthorizationFilter@75b6bd41]
2023-02-04 21:35:22.709  WARN 75021 --- [    Test worker] o.s.s.c.a.web.builders.WebSecurity       : You are asking Spring Security to ignore Ant [pattern='/api/test/getTest']. This is not recommended -- please use permitAll via HttpSecurity#authorizeHttpRequests instead.
2023-02-04 21:35:22.710  INFO 75021 --- [    Test worker] o.s.s.web.DefaultSecurityFilterChain     : Will not secure Ant [pattern='/api/test/getTest']
2023-02-04 21:35:22.710  WARN 75021 --- [    Test worker] o.s.s.c.a.web.builders.WebSecurity       : You are asking Spring Security to ignore Ant [pattern='/api/join']. This is not recommended -- please use permitAll via HttpSecurity#authorizeHttpRequests instead.
2023-02-04 21:35:22.710  INFO 75021 --- [    Test worker] o.s.s.web.DefaultSecurityFilterChain     : Will not secure Ant [pattern='/api/join']
2023-02-04 21:35:23.081  INFO 75021 --- [    Test worker] c.b.B.repository.MemberRepositoryTest    : Started MemberRepositoryTest in 2.151 seconds (JVM running for 2.654)
2023-02-04 21:35:23.098  INFO 75021 --- [    Test worker] o.s.t.c.transaction.TransactionContext   : Began transaction (1) for test context [DefaultTestContext@1bc715b8 testClass = MemberRepositoryTest, testInstance = com.board.Board_Upgraded.repository.MemberRepositoryTest@533165e7, testMethod = searchByUsernameTest@MemberRepositoryTest, testException = [null], mergedContextConfiguration = [WebMergedContextConfiguration@292d1c71 testClass = MemberRepositoryTest, locations = '{}', classes = '{class com.board.Board_Upgraded.BoardUpgradedApplication}', contextInitializerClasses = '[]', activeProfiles = '{}', propertySourceLocations = '{}', propertySourceProperties = '{org.springframework.boot.test.context.SpringBootTestContextBootstrapper=true}', contextCustomizers = set[org.springframework.boot.test.autoconfigure.actuate.metrics.MetricsExportContextCustomizerFactory$DisableMetricExportContextCustomizer@60856961, org.springframework.boot.test.autoconfigure.properties.PropertyMappingContextCustomizer@0, org.springframework.boot.test.autoconfigure.web.servlet.WebDriverContextCustomizerFactory$Customizer@673be18f, org.springframework.boot.test.context.filter.ExcludeFilterContextCustomizer@3fed2870, org.springframework.boot.test.json.DuplicateJsonObjectContextCustomizerFactory$DuplicateJsonObjectContextCustomizer@764faa6, org.springframework.boot.test.mock.mockito.MockitoContextCustomizer@0, org.springframework.boot.test.web.client.TestRestTemplateContextCustomizer@7fb95505, org.springframework.boot.test.context.SpringBootTestArgs@1, org.springframework.boot.test.context.SpringBootTestWebEnvironment@2118cddf], resourceBasePath = 'src/main/webapp', contextLoader = 'org.springframework.boot.test.context.SpringBootContextLoader', parent = [null]], attributes = map['org.springframework.test.context.web.ServletTestExecutionListener.activateListener' -> true, 'org.springframework.test.context.web.ServletTestExecutionListener.populatedRequestContextHolder' -> true, 'org.springframework.test.context.web.ServletTestExecutionListener.resetRequestContextHolder' -> true, 'org.springframework.test.context.event.ApplicationEventsTestExecutionListener.recordApplicationEvents' -> false]]; transaction manager [org.springframework.orm.jpa.JpaTransactionManager@1d397e87]; rollback [true]
2023-02-04 21:35:23.187 DEBUG 75021 --- [    Test worker] org.hibernate.SQL                        : 
    insert 
    into
        member
        (id, created_time, last_modified_time, member_email, member_nickname, member_password, member_role, member_username) 
    values
        (default, ?, ?, ?, ?, ?, ?, ?)
2023-02-04 21:35:23.190 TRACE 75021 --- [    Test worker] o.h.type.descriptor.sql.BasicBinder      : binding parameter [1] as [TIMESTAMP] - [2023-02-04T21:35:23.176239]
2023-02-04 21:35:23.190 TRACE 75021 --- [    Test worker] o.h.type.descriptor.sql.BasicBinder      : binding parameter [2] as [TIMESTAMP] - [2023-02-04T21:35:23.166075]
2023-02-04 21:35:23.190 TRACE 75021 --- [    Test worker] o.h.type.descriptor.sql.BasicBinder      : binding parameter [3] as [VARCHAR] - [test@test.com]
2023-02-04 21:35:23.191 TRACE 75021 --- [    Test worker] o.h.type.descriptor.sql.BasicBinder      : binding parameter [4] as [VARCHAR] - [test]
2023-02-04 21:35:23.191 TRACE 75021 --- [    Test worker] o.h.type.descriptor.sql.BasicBinder      : binding parameter [5] as [VARCHAR] - [password]
2023-02-04 21:35:23.191 TRACE 75021 --- [    Test worker] o.h.type.descriptor.sql.BasicBinder      : binding parameter [6] as [VARCHAR] - [USER]
2023-02-04 21:35:23.191 TRACE 75021 --- [    Test worker] o.h.type.descriptor.sql.BasicBinder      : binding parameter [7] as [VARCHAR] - [testUser]
2023-02-04 21:35:23.204 DEBUG 75021 --- [    Test worker] org.hibernate.SQL                        : 
    insert 
    into
        member
        (id, created_time, last_modified_time, member_email, member_nickname, member_password, member_role, member_username) 
    values
        (default, ?, ?, ?, ?, ?, ?, ?)
2023-02-04 21:35:23.205 TRACE 75021 --- [    Test worker] o.h.type.descriptor.sql.BasicBinder      : binding parameter [1] as [TIMESTAMP] - [2023-02-04T21:35:23.204377]
2023-02-04 21:35:23.205 TRACE 75021 --- [    Test worker] o.h.type.descriptor.sql.BasicBinder      : binding parameter [2] as [TIMESTAMP] - [2023-02-04T21:35:23.204154]
2023-02-04 21:35:23.205 TRACE 75021 --- [    Test worker] o.h.type.descriptor.sql.BasicBinder      : binding parameter [3] as [VARCHAR] - [test0@test.com]
2023-02-04 21:35:23.205 TRACE 75021 --- [    Test worker] o.h.type.descriptor.sql.BasicBinder      : binding parameter [4] as [VARCHAR] - [test0]
2023-02-04 21:35:23.205 TRACE 75021 --- [    Test worker] o.h.type.descriptor.sql.BasicBinder      : binding parameter [5] as [VARCHAR] - [password]
2023-02-04 21:35:23.205 TRACE 75021 --- [    Test worker] o.h.type.descriptor.sql.BasicBinder      : binding parameter [6] as [VARCHAR] - [USER]
2023-02-04 21:35:23.205 TRACE 75021 --- [    Test worker] o.h.type.descriptor.sql.BasicBinder      : binding parameter [7] as [VARCHAR] - [testUser0]
2023-02-04 21:35:23.207 DEBUG 75021 --- [    Test worker] org.hibernate.SQL                        : 
    insert 
    into
        member
        (id, created_time, last_modified_time, member_email, member_nickname, member_password, member_role, member_username) 
    values
        (default, ?, ?, ?, ?, ?, ?, ?)
2023-02-04 21:35:23.208 TRACE 75021 --- [    Test worker] o.h.type.descriptor.sql.BasicBinder      : binding parameter [1] as [TIMESTAMP] - [2023-02-04T21:35:23.207468]
2023-02-04 21:35:23.208 TRACE 75021 --- [    Test worker] o.h.type.descriptor.sql.BasicBinder      : binding parameter [2] as [TIMESTAMP] - [2023-02-04T21:35:23.207281]
2023-02-04 21:35:23.208 TRACE 75021 --- [    Test worker] o.h.type.descriptor.sql.BasicBinder      : binding parameter [3] as [VARCHAR] - [test1@test.com]
2023-02-04 21:35:23.208 TRACE 75021 --- [    Test worker] o.h.type.descriptor.sql.BasicBinder      : binding parameter [4] as [VARCHAR] - [test1]
2023-02-04 21:35:23.208 TRACE 75021 --- [    Test worker] o.h.type.descriptor.sql.BasicBinder      : binding parameter [5] as [VARCHAR] - [password]
2023-02-04 21:35:23.208 TRACE 75021 --- [    Test worker] o.h.type.descriptor.sql.BasicBinder      : binding parameter [6] as [VARCHAR] - [USER]
2023-02-04 21:35:23.208 TRACE 75021 --- [    Test worker] o.h.type.descriptor.sql.BasicBinder      : binding parameter [7] as [VARCHAR] - [testUser1]
2023-02-04 21:35:23.210 DEBUG 75021 --- [    Test worker] org.hibernate.SQL                        : 
    insert 
    into
        member
        (id, created_time, last_modified_time, member_email, member_nickname, member_password, member_role, member_username) 
    values
        (default, ?, ?, ?, ?, ?, ?, ?)
2023-02-04 21:35:23.210 TRACE 75021 --- [    Test worker] o.h.type.descriptor.sql.BasicBinder      : binding parameter [1] as [TIMESTAMP] - [2023-02-04T21:35:23.210024]
2023-02-04 21:35:23.211 TRACE 75021 --- [    Test worker] o.h.type.descriptor.sql.BasicBinder      : binding parameter [2] as [TIMESTAMP] - [2023-02-04T21:35:23.209846]
2023-02-04 21:35:23.211 TRACE 75021 --- [    Test worker] o.h.type.descriptor.sql.BasicBinder      : binding parameter [3] as [VARCHAR] - [test2@test.com]
2023-02-04 21:35:23.211 TRACE 75021 --- [    Test worker] o.h.type.descriptor.sql.BasicBinder      : binding parameter [4] as [VARCHAR] - [test2]
2023-02-04 21:35:23.211 TRACE 75021 --- [    Test worker] o.h.type.descriptor.sql.BasicBinder      : binding parameter [5] as [VARCHAR] - [password]
2023-02-04 21:35:23.211 TRACE 75021 --- [    Test worker] o.h.type.descriptor.sql.BasicBinder      : binding parameter [6] as [VARCHAR] - [USER]
2023-02-04 21:35:23.211 TRACE 75021 --- [    Test worker] o.h.type.descriptor.sql.BasicBinder      : binding parameter [7] as [VARCHAR] - [testUser2]
2023-02-04 21:35:23.212 DEBUG 75021 --- [    Test worker] org.hibernate.SQL                        : 
    insert 
    into
        member
        (id, created_time, last_modified_time, member_email, member_nickname, member_password, member_role, member_username) 
    values
        (default, ?, ?, ?, ?, ?, ?, ?)
2023-02-04 21:35:23.213 TRACE 75021 --- [    Test worker] o.h.type.descriptor.sql.BasicBinder      : binding parameter [1] as [TIMESTAMP] - [2023-02-04T21:35:23.212745]
2023-02-04 21:35:23.213 TRACE 75021 --- [    Test worker] o.h.type.descriptor.sql.BasicBinder      : binding parameter [2] as [TIMESTAMP] - [2023-02-04T21:35:23.212567]
2023-02-04 21:35:23.213 TRACE 75021 --- [    Test worker] o.h.type.descriptor.sql.BasicBinder      : binding parameter [3] as [VARCHAR] - [test3@test.com]
2023-02-04 21:35:23.213 TRACE 75021 --- [    Test worker] o.h.type.descriptor.sql.BasicBinder      : binding parameter [4] as [VARCHAR] - [test3]
2023-02-04 21:35:23.213 TRACE 75021 --- [    Test worker] o.h.type.descriptor.sql.BasicBinder      : binding parameter [5] as [VARCHAR] - [password]
2023-02-04 21:35:23.213 TRACE 75021 --- [    Test worker] o.h.type.descriptor.sql.BasicBinder      : binding parameter [6] as [VARCHAR] - [USER]
2023-02-04 21:35:23.213 TRACE 75021 --- [    Test worker] o.h.type.descriptor.sql.BasicBinder      : binding parameter [7] as [VARCHAR] - [testUser3]
2023-02-04 21:35:23.215 DEBUG 75021 --- [    Test worker] org.hibernate.SQL                        : 
    insert 
    into
        member
        (id, created_time, last_modified_time, member_email, member_nickname, member_password, member_role, member_username) 
    values
        (default, ?, ?, ?, ?, ?, ?, ?)
2023-02-04 21:35:23.216 TRACE 75021 --- [    Test worker] o.h.type.descriptor.sql.BasicBinder      : binding parameter [1] as [TIMESTAMP] - [2023-02-04T21:35:23.215407]
2023-02-04 21:35:23.216 TRACE 75021 --- [    Test worker] o.h.type.descriptor.sql.BasicBinder      : binding parameter [2] as [TIMESTAMP] - [2023-02-04T21:35:23.215081]
2023-02-04 21:35:23.216 TRACE 75021 --- [    Test worker] o.h.type.descriptor.sql.BasicBinder      : binding parameter [3] as [VARCHAR] - [test4@test.com]
2023-02-04 21:35:23.216 TRACE 75021 --- [    Test worker] o.h.type.descriptor.sql.BasicBinder      : binding parameter [4] as [VARCHAR] - [test4]
2023-02-04 21:35:23.216 TRACE 75021 --- [    Test worker] o.h.type.descriptor.sql.BasicBinder      : binding parameter [5] as [VARCHAR] - [password]
2023-02-04 21:35:23.216 TRACE 75021 --- [    Test worker] o.h.type.descriptor.sql.BasicBinder      : binding parameter [6] as [VARCHAR] - [USER]
2023-02-04 21:35:23.217 TRACE 75021 --- [    Test worker] o.h.type.descriptor.sql.BasicBinder      : binding parameter [7] as [VARCHAR] - [testUser4]
2023-02-04 21:35:23.219 DEBUG 75021 --- [    Test worker] org.hibernate.SQL                        : 
    insert 
    into
        member
        (id, created_time, last_modified_time, member_email, member_nickname, member_password, member_role, member_username) 
    values
        (default, ?, ?, ?, ?, ?, ?, ?)
2023-02-04 21:35:23.220 TRACE 75021 --- [    Test worker] o.h.type.descriptor.sql.BasicBinder      : binding parameter [1] as [TIMESTAMP] - [2023-02-04T21:35:23.218972]
2023-02-04 21:35:23.220 TRACE 75021 --- [    Test worker] o.h.type.descriptor.sql.BasicBinder      : binding parameter [2] as [TIMESTAMP] - [2023-02-04T21:35:23.218648]
2023-02-04 21:35:23.220 TRACE 75021 --- [    Test worker] o.h.type.descriptor.sql.BasicBinder      : binding parameter [3] as [VARCHAR] - [test5@test.com]
2023-02-04 21:35:23.220 TRACE 75021 --- [    Test worker] o.h.type.descriptor.sql.BasicBinder      : binding parameter [4] as [VARCHAR] - [test5]
2023-02-04 21:35:23.220 TRACE 75021 --- [    Test worker] o.h.type.descriptor.sql.BasicBinder      : binding parameter [5] as [VARCHAR] - [password]
2023-02-04 21:35:23.220 TRACE 75021 --- [    Test worker] o.h.type.descriptor.sql.BasicBinder      : binding parameter [6] as [VARCHAR] - [USER]
2023-02-04 21:35:23.220 TRACE 75021 --- [    Test worker] o.h.type.descriptor.sql.BasicBinder      : binding parameter [7] as [VARCHAR] - [testUser5]
2023-02-04 21:35:23.222 DEBUG 75021 --- [    Test worker] org.hibernate.SQL                        : 
    insert 
    into
        member
        (id, created_time, last_modified_time, member_email, member_nickname, member_password, member_role, member_username) 
    values
        (default, ?, ?, ?, ?, ?, ?, ?)
2023-02-04 21:35:23.222 TRACE 75021 --- [    Test worker] o.h.type.descriptor.sql.BasicBinder      : binding parameter [1] as [TIMESTAMP] - [2023-02-04T21:35:23.221822]
2023-02-04 21:35:23.222 TRACE 75021 --- [    Test worker] o.h.type.descriptor.sql.BasicBinder      : binding parameter [2] as [TIMESTAMP] - [2023-02-04T21:35:23.221644]
2023-02-04 21:35:23.223 TRACE 75021 --- [    Test worker] o.h.type.descriptor.sql.BasicBinder      : binding parameter [3] as [VARCHAR] - [test6@test.com]
2023-02-04 21:35:23.223 TRACE 75021 --- [    Test worker] o.h.type.descriptor.sql.BasicBinder      : binding parameter [4] as [VARCHAR] - [test6]
2023-02-04 21:35:23.223 TRACE 75021 --- [    Test worker] o.h.type.descriptor.sql.BasicBinder      : binding parameter [5] as [VARCHAR] - [password]
2023-02-04 21:35:23.223 TRACE 75021 --- [    Test worker] o.h.type.descriptor.sql.BasicBinder      : binding parameter [6] as [VARCHAR] - [USER]
2023-02-04 21:35:23.223 TRACE 75021 --- [    Test worker] o.h.type.descriptor.sql.BasicBinder      : binding parameter [7] as [VARCHAR] - [testUser6]
2023-02-04 21:35:23.225 DEBUG 75021 --- [    Test worker] org.hibernate.SQL                        : 
    insert 
    into
        member
        (id, created_time, last_modified_time, member_email, member_nickname, member_password, member_role, member_username) 
    values
        (default, ?, ?, ?, ?, ?, ?, ?)
2023-02-04 21:35:23.226 TRACE 75021 --- [    Test worker] o.h.type.descriptor.sql.BasicBinder      : binding parameter [1] as [TIMESTAMP] - [2023-02-04T21:35:23.225256]
2023-02-04 21:35:23.226 TRACE 75021 --- [    Test worker] o.h.type.descriptor.sql.BasicBinder      : binding parameter [2] as [TIMESTAMP] - [2023-02-04T21:35:23.224925]
2023-02-04 21:35:23.226 TRACE 75021 --- [    Test worker] o.h.type.descriptor.sql.BasicBinder      : binding parameter [3] as [VARCHAR] - [test7@test.com]
2023-02-04 21:35:23.226 TRACE 75021 --- [    Test worker] o.h.type.descriptor.sql.BasicBinder      : binding parameter [4] as [VARCHAR] - [test7]
2023-02-04 21:35:23.226 TRACE 75021 --- [    Test worker] o.h.type.descriptor.sql.BasicBinder      : binding parameter [5] as [VARCHAR] - [password]
2023-02-04 21:35:23.226 TRACE 75021 --- [    Test worker] o.h.type.descriptor.sql.BasicBinder      : binding parameter [6] as [VARCHAR] - [USER]
2023-02-04 21:35:23.226 TRACE 75021 --- [    Test worker] o.h.type.descriptor.sql.BasicBinder      : binding parameter [7] as [VARCHAR] - [testUser7]
2023-02-04 21:35:23.227 DEBUG 75021 --- [    Test worker] org.hibernate.SQL                        : 
    insert 
    into
        member
        (id, created_time, last_modified_time, member_email, member_nickname, member_password, member_role, member_username) 
    values
        (default, ?, ?, ?, ?, ?, ?, ?)
2023-02-04 21:35:23.228 TRACE 75021 --- [    Test worker] o.h.type.descriptor.sql.BasicBinder      : binding parameter [1] as [TIMESTAMP] - [2023-02-04T21:35:23.227619]
2023-02-04 21:35:23.228 TRACE 75021 --- [    Test worker] o.h.type.descriptor.sql.BasicBinder      : binding parameter [2] as [TIMESTAMP] - [2023-02-04T21:35:23.227447]
2023-02-04 21:35:23.228 TRACE 75021 --- [    Test worker] o.h.type.descriptor.sql.BasicBinder      : binding parameter [3] as [VARCHAR] - [test8@test.com]
2023-02-04 21:35:23.228 TRACE 75021 --- [    Test worker] o.h.type.descriptor.sql.BasicBinder      : binding parameter [4] as [VARCHAR] - [test8]
2023-02-04 21:35:23.228 TRACE 75021 --- [    Test worker] o.h.type.descriptor.sql.BasicBinder      : binding parameter [5] as [VARCHAR] - [password]
2023-02-04 21:35:23.228 TRACE 75021 --- [    Test worker] o.h.type.descriptor.sql.BasicBinder      : binding parameter [6] as [VARCHAR] - [USER]
2023-02-04 21:35:23.229 TRACE 75021 --- [    Test worker] o.h.type.descriptor.sql.BasicBinder      : binding parameter [7] as [VARCHAR] - [testUser8]
2023-02-04 21:35:23.231 DEBUG 75021 --- [    Test worker] org.hibernate.SQL                        : 
    insert 
    into
        member
        (id, created_time, last_modified_time, member_email, member_nickname, member_password, member_role, member_username) 
    values
        (default, ?, ?, ?, ?, ?, ?, ?)
2023-02-04 21:35:23.231 TRACE 75021 --- [    Test worker] o.h.type.descriptor.sql.BasicBinder      : binding parameter [1] as [TIMESTAMP] - [2023-02-04T21:35:23.230634]
2023-02-04 21:35:23.231 TRACE 75021 --- [    Test worker] o.h.type.descriptor.sql.BasicBinder      : binding parameter [2] as [TIMESTAMP] - [2023-02-04T21:35:23.230328]
2023-02-04 21:35:23.231 TRACE 75021 --- [    Test worker] o.h.type.descriptor.sql.BasicBinder      : binding parameter [3] as [VARCHAR] - [test9@test.com]
2023-02-04 21:35:23.231 TRACE 75021 --- [    Test worker] o.h.type.descriptor.sql.BasicBinder      : binding parameter [4] as [VARCHAR] - [test9]
2023-02-04 21:35:23.231 TRACE 75021 --- [    Test worker] o.h.type.descriptor.sql.BasicBinder      : binding parameter [5] as [VARCHAR] - [password]
2023-02-04 21:35:23.231 TRACE 75021 --- [    Test worker] o.h.type.descriptor.sql.BasicBinder      : binding parameter [6] as [VARCHAR] - [USER]
2023-02-04 21:35:23.231 TRACE 75021 --- [    Test worker] o.h.type.descriptor.sql.BasicBinder      : binding parameter [7] as [VARCHAR] - [testUser9]
2023-02-04 21:35:23.281 DEBUG 75021 --- [    Test worker] org.hibernate.SQL                        : 
    select
        member0_.id as id1_0_,
        member0_.created_time as created_2_0_,
        member0_.last_modified_time as last_mod3_0_,
        member0_.member_email as member_e4_0_,
        member0_.member_nickname as member_n5_0_,
        member0_.member_password as member_p6_0_,
        member0_.member_role as member_r7_0_,
        member0_.member_username as member_u8_0_ 
    from
        member member0_ 
    where
        member0_.member_username=?
2023-02-04 21:35:23.282 TRACE 75021 --- [    Test worker] o.h.type.descriptor.sql.BasicBinder      : binding parameter [1] as [VARCHAR] - [testUser3]
2023-02-04 21:35:23.283 TRACE 75021 --- [    Test worker] o.h.type.descriptor.sql.BasicExtractor   : extracted value ([id1_0_] : [BIGINT]) - [5]
2023-02-04 21:35:23.284 TRACE 75021 --- [    Test worker] o.h.type.descriptor.sql.BasicExtractor   : extracted value ([created_2_0_] : [TIMESTAMP]) - [2023-02-04T21:35:23.212745]
2023-02-04 21:35:23.284 TRACE 75021 --- [    Test worker] o.h.type.descriptor.sql.BasicExtractor   : extracted value ([last_mod3_0_] : [TIMESTAMP]) - [2023-02-04T21:35:23.212567]
2023-02-04 21:35:23.284 TRACE 75021 --- [    Test worker] o.h.type.descriptor.sql.BasicExtractor   : extracted value ([member_e4_0_] : [VARCHAR]) - [test3@test.com]
2023-02-04 21:35:23.284 TRACE 75021 --- [    Test worker] o.h.type.descriptor.sql.BasicExtractor   : extracted value ([member_n5_0_] : [VARCHAR]) - [test3]
2023-02-04 21:35:23.284 TRACE 75021 --- [    Test worker] o.h.type.descriptor.sql.BasicExtractor   : extracted value ([member_p6_0_] : [VARCHAR]) - [password]
2023-02-04 21:35:23.285 TRACE 75021 --- [    Test worker] o.h.type.descriptor.sql.BasicExtractor   : extracted value ([member_r7_0_] : [VARCHAR]) - [USER]
2023-02-04 21:35:23.285 TRACE 75021 --- [    Test worker] o.h.type.descriptor.sql.BasicExtractor   : extracted value ([member_u8_0_] : [VARCHAR]) - [testUser3]
2023-02-04 21:35:23.314  INFO 75021 --- [    Test worker] o.s.t.c.transaction.TransactionContext   : Rolled back transaction for test: [DefaultTestContext@1bc715b8 testClass = MemberRepositoryTest, testInstance = com.board.Board_Upgraded.repository.MemberRepositoryTest@533165e7, testMethod = searchByUsernameTest@MemberRepositoryTest, testException = [null], mergedContextConfiguration = [WebMergedContextConfiguration@292d1c71 testClass = MemberRepositoryTest, locations = '{}', classes = '{class com.board.Board_Upgraded.BoardUpgradedApplication}', contextInitializerClasses = '[]', activeProfiles = '{}', propertySourceLocations = '{}', propertySourceProperties = '{org.springframework.boot.test.context.SpringBootTestContextBootstrapper=true}', contextCustomizers = set[org.springframework.boot.test.autoconfigure.actuate.metrics.MetricsExportContextCustomizerFactory$DisableMetricExportContextCustomizer@60856961, org.springframework.boot.test.autoconfigure.properties.PropertyMappingContextCustomizer@0, org.springframework.boot.test.autoconfigure.web.servlet.WebDriverContextCustomizerFactory$Customizer@673be18f, org.springframework.boot.test.context.filter.ExcludeFilterContextCustomizer@3fed2870, org.springframework.boot.test.json.DuplicateJsonObjectContextCustomizerFactory$DuplicateJsonObjectContextCustomizer@764faa6, org.springframework.boot.test.mock.mockito.MockitoContextCustomizer@0, org.springframework.boot.test.web.client.TestRestTemplateContextCustomizer@7fb95505, org.springframework.boot.test.context.SpringBootTestArgs@1, org.springframework.boot.test.context.SpringBootTestWebEnvironment@2118cddf], resourceBasePath = 'src/main/webapp', contextLoader = 'org.springframework.boot.test.context.SpringBootContextLoader', parent = [null]], attributes = map['org.springframework.test.context.web.ServletTestExecutionListener.activateListener' -> true, 'org.springframework.test.context.web.ServletTestExecutionListener.populatedRequestContextHolder' -> true, 'org.springframework.test.context.web.ServletTestExecutionListener.resetRequestContextHolder' -> true, 'org.springframework.test.context.event.ApplicationEventsTestExecutionListener.recordApplicationEvents' -> false]]
]]></system-out>
  <system-err><![CDATA[]]></system-err>
</testsuite>
