<?xml version="1.0" encoding="UTF-8"?>
<testsuite name="com.board.Board_Upgraded.repository.MemberRepositoryTest_Search_Contains" tests="1" skipped="0" failures="0" errors="0" timestamp="2023-02-09T04:08:22" hostname="ijanghuiui-MacBookPro.local" time="0.309">
  <properties/>
  <testcase name="testUser1로 검색하면, 1, 10, 11, 12, 13, 14, 15, 16, 17, 18이 1페이지에 나온다." classname="com.board.Board_Upgraded.repository.MemberRepositoryTest_Search_Contains" time="0.309"/>
  <system-out><![CDATA[13:08:20.091 [Test worker] DEBUG org.springframework.test.context.BootstrapUtils - Instantiating CacheAwareContextLoaderDelegate from class [org.springframework.test.context.cache.DefaultCacheAwareContextLoaderDelegate]
13:08:20.095 [Test worker] DEBUG org.springframework.test.context.BootstrapUtils - Instantiating BootstrapContext using constructor [public org.springframework.test.context.support.DefaultBootstrapContext(java.lang.Class,org.springframework.test.context.CacheAwareContextLoaderDelegate)]
13:08:20.110 [Test worker] DEBUG org.springframework.test.context.BootstrapUtils - Instantiating TestContextBootstrapper for test class [com.board.Board_Upgraded.repository.MemberRepositoryTest_Search_Contains] from class [org.springframework.boot.test.context.SpringBootTestContextBootstrapper]
13:08:20.114 [Test worker] INFO org.springframework.boot.test.context.SpringBootTestContextBootstrapper - Neither @ContextConfiguration nor @ContextHierarchy found for test class [com.board.Board_Upgraded.repository.MemberRepositoryTest_Search_Contains], using SpringBootContextLoader
13:08:20.116 [Test worker] DEBUG org.springframework.test.context.support.AbstractContextLoader - Did not detect default resource location for test class [com.board.Board_Upgraded.repository.MemberRepositoryTest_Search_Contains]: class path resource [com/board/Board_Upgraded/repository/MemberRepositoryTest_Search_Contains-context.xml] does not exist
13:08:20.116 [Test worker] DEBUG org.springframework.test.context.support.AbstractContextLoader - Did not detect default resource location for test class [com.board.Board_Upgraded.repository.MemberRepositoryTest_Search_Contains]: class path resource [com/board/Board_Upgraded/repository/MemberRepositoryTest_Search_ContainsContext.groovy] does not exist
13:08:20.116 [Test worker] INFO org.springframework.test.context.support.AbstractContextLoader - Could not detect default resource locations for test class [com.board.Board_Upgraded.repository.MemberRepositoryTest_Search_Contains]: no resource found for suffixes {-context.xml, Context.groovy}.
13:08:20.117 [Test worker] INFO org.springframework.test.context.support.AnnotationConfigContextLoaderUtils - Could not detect default configuration classes for test class [com.board.Board_Upgraded.repository.MemberRepositoryTest_Search_Contains]: MemberRepositoryTest_Search_Contains does not declare any static, non-private, non-final, nested classes annotated with @Configuration.
13:08:20.133 [Test worker] DEBUG org.springframework.test.context.support.ActiveProfilesUtils - Could not find an 'annotation declaring class' for annotation type [org.springframework.test.context.ActiveProfiles] and class [com.board.Board_Upgraded.repository.MemberRepositoryTest_Search_Contains]
13:08:20.158 [Test worker] DEBUG org.springframework.context.annotation.ClassPathScanningCandidateComponentProvider - Identified candidate component class: file [/Users/leeeehgnaj/Desktop/Coding/Board_Upgraded/build/classes/java/main/com/board/Board_Upgraded/BoardUpgradedApplication.class]
13:08:20.158 [Test worker] INFO org.springframework.boot.test.context.SpringBootTestContextBootstrapper - Found @SpringBootConfiguration com.board.Board_Upgraded.BoardUpgradedApplication for test class com.board.Board_Upgraded.repository.MemberRepositoryTest_Search_Contains
13:08:20.191 [Test worker] DEBUG org.springframework.boot.test.context.SpringBootTestContextBootstrapper - @TestExecutionListeners is not present for class [com.board.Board_Upgraded.repository.MemberRepositoryTest_Search_Contains]: using defaults.
13:08:20.191 [Test worker] INFO org.springframework.boot.test.context.SpringBootTestContextBootstrapper - Loaded default TestExecutionListener class names from location [META-INF/spring.factories]: [org.springframework.security.test.context.support.WithSecurityContextTestExecutionListener, org.springframework.security.test.context.support.ReactorContextTestExecutionListener, org.springframework.boot.test.autoconfigure.restdocs.RestDocsTestExecutionListener, org.springframework.boot.test.autoconfigure.web.client.MockRestServiceServerResetTestExecutionListener, org.springframework.boot.test.autoconfigure.web.servlet.MockMvcPrintOnlyOnFailureTestExecutionListener, org.springframework.boot.test.autoconfigure.web.servlet.WebDriverTestExecutionListener, org.springframework.boot.test.autoconfigure.webservices.client.MockWebServiceServerTestExecutionListener, org.springframework.boot.test.mock.mockito.MockitoTestExecutionListener, org.springframework.boot.test.mock.mockito.ResetMocksTestExecutionListener, org.springframework.test.context.web.ServletTestExecutionListener, org.springframework.test.context.support.DirtiesContextBeforeModesTestExecutionListener, org.springframework.test.context.event.ApplicationEventsTestExecutionListener, org.springframework.test.context.support.DependencyInjectionTestExecutionListener, org.springframework.test.context.support.DirtiesContextTestExecutionListener, org.springframework.test.context.transaction.TransactionalTestExecutionListener, org.springframework.test.context.jdbc.SqlScriptsTestExecutionListener, org.springframework.test.context.event.EventPublishingTestExecutionListener]
13:08:20.198 [Test worker] INFO org.springframework.boot.test.context.SpringBootTestContextBootstrapper - Using TestExecutionListeners: [org.springframework.test.context.web.ServletTestExecutionListener@30990c1b, org.springframework.test.context.support.DirtiesContextBeforeModesTestExecutionListener@2453f95d, org.springframework.test.context.event.ApplicationEventsTestExecutionListener@44828f6b, org.springframework.boot.test.mock.mockito.MockitoTestExecutionListener@2dbe250d, org.springframework.boot.test.autoconfigure.SpringBootDependencyInjectionTestExecutionListener@553f1d75, org.springframework.test.context.support.DirtiesContextTestExecutionListener@6e1d8f9e, org.springframework.test.context.transaction.TransactionalTestExecutionListener@3e34ace1, org.springframework.test.context.jdbc.SqlScriptsTestExecutionListener@62fe6067, org.springframework.security.test.context.support.WithSecurityContextTestExecutionListener@4f071df8, org.springframework.test.context.event.EventPublishingTestExecutionListener@4de41af9, org.springframework.security.test.context.support.ReactorContextTestExecutionListener@56ace400, org.springframework.boot.test.autoconfigure.restdocs.RestDocsTestExecutionListener@47404bea, org.springframework.boot.test.autoconfigure.web.client.MockRestServiceServerResetTestExecutionListener@305f7627, org.springframework.boot.test.autoconfigure.web.servlet.MockMvcPrintOnlyOnFailureTestExecutionListener@5d018107, org.springframework.boot.test.autoconfigure.web.servlet.WebDriverTestExecutionListener@6cbcf243, org.springframework.boot.test.autoconfigure.webservices.client.MockWebServiceServerTestExecutionListener@29e6eb25, org.springframework.boot.test.mock.mockito.ResetMocksTestExecutionListener@62435e70]
13:08:20.199 [Test worker] DEBUG org.springframework.test.context.support.AbstractDirtiesContextTestExecutionListener - Before test class: context [DefaultTestContext@3f446bef testClass = MemberRepositoryTest_Search_Contains, testInstance = [null], testMethod = [null], testException = [null], mergedContextConfiguration = [WebMergedContextConfiguration@7829b776 testClass = MemberRepositoryTest_Search_Contains, locations = '{}', classes = '{class com.board.Board_Upgraded.BoardUpgradedApplication}', contextInitializerClasses = '[]', activeProfiles = '{}', propertySourceLocations = '{}', propertySourceProperties = '{org.springframework.boot.test.context.SpringBootTestContextBootstrapper=true}', contextCustomizers = set[org.springframework.boot.test.autoconfigure.actuate.metrics.MetricsExportContextCustomizerFactory$DisableMetricExportContextCustomizer@7a67e3c6, org.springframework.boot.test.autoconfigure.properties.PropertyMappingContextCustomizer@0, org.springframework.boot.test.autoconfigure.web.servlet.WebDriverContextCustomizerFactory$Customizer@5505ae1a, org.springframework.boot.test.context.filter.ExcludeFilterContextCustomizer@60df60da, org.springframework.boot.test.json.DuplicateJsonObjectContextCustomizerFactory$DuplicateJsonObjectContextCustomizer@632ceb35, org.springframework.boot.test.mock.mockito.MockitoContextCustomizer@0, org.springframework.boot.test.web.client.TestRestTemplateContextCustomizer@1e461e41, org.springframework.boot.test.context.SpringBootTestArgs@1, org.springframework.boot.test.context.SpringBootTestWebEnvironment@fd07cbb], resourceBasePath = 'src/main/webapp', contextLoader = 'org.springframework.boot.test.context.SpringBootContextLoader', parent = [null]], attributes = map['org.springframework.test.context.web.ServletTestExecutionListener.activateListener' -> true]], class annotated with @DirtiesContext [false] with mode [null].

  .   ____          _            __ _ _
 /\\ / ___'_ __ _ _(_)_ __  __ _ \ \ \ \
( ( )\___ | '_ | '_| | '_ \/ _` | \ \ \ \
 \\/  ___)| |_)| | | | | || (_| |  ) ) ) )
  '  |____| .__|_| |_|_| |_\__, | / / / /
 =========|_|==============|___/=/_/_/_/
 :: Spring Boot ::                (v2.7.0)

2023-02-09 13:08:20.338  INFO 5839 --- [    Test worker] B.r.MemberRepositoryTest_Search_Contains : Starting MemberRepositoryTest_Search_Contains using Java 17.0.2 on ijanghuiui-MacBookPro.local with PID 5839 (started by leeeehgnaj in /Users/leeeehgnaj/Desktop/Coding/Board_Upgraded)
2023-02-09 13:08:20.339  INFO 5839 --- [    Test worker] B.r.MemberRepositoryTest_Search_Contains : The following 1 profile is active: "local"
2023-02-09 13:08:20.700  INFO 5839 --- [    Test worker] .s.d.r.c.RepositoryConfigurationDelegate : Bootstrapping Spring Data JPA repositories in DEFAULT mode.
2023-02-09 13:08:20.724  INFO 5839 --- [    Test worker] .s.d.r.c.RepositoryConfigurationDelegate : Finished Spring Data repository scanning in 22 ms. Found 2 JPA repository interfaces.
2023-02-09 13:08:20.975  INFO 5839 --- [    Test worker] o.hibernate.jpa.internal.util.LogHelper  : HHH000204: Processing PersistenceUnitInfo [name: default]
2023-02-09 13:08:20.992  INFO 5839 --- [    Test worker] org.hibernate.Version                    : HHH000412: Hibernate ORM core version 5.6.9.Final
2023-02-09 13:08:21.057  INFO 5839 --- [    Test worker] o.hibernate.annotations.common.Version   : HCANN000001: Hibernate Commons Annotations {5.1.2.Final}
2023-02-09 13:08:21.066 DEBUG 5839 --- [    Test worker] org.hibernate.type.BasicTypeRegistry     : Adding type registration boolean -> org.hibernate.type.BooleanType@131ba005
2023-02-09 13:08:21.066 DEBUG 5839 --- [    Test worker] org.hibernate.type.BasicTypeRegistry     : Adding type registration boolean -> org.hibernate.type.BooleanType@131ba005
2023-02-09 13:08:21.066 DEBUG 5839 --- [    Test worker] org.hibernate.type.BasicTypeRegistry     : Adding type registration java.lang.Boolean -> org.hibernate.type.BooleanType@131ba005
2023-02-09 13:08:21.066 DEBUG 5839 --- [    Test worker] org.hibernate.type.BasicTypeRegistry     : Adding type registration numeric_boolean -> org.hibernate.type.NumericBooleanType@485451d8
2023-02-09 13:08:21.066 DEBUG 5839 --- [    Test worker] org.hibernate.type.BasicTypeRegistry     : Adding type registration true_false -> org.hibernate.type.TrueFalseType@68b3248a
2023-02-09 13:08:21.067 DEBUG 5839 --- [    Test worker] org.hibernate.type.BasicTypeRegistry     : Adding type registration yes_no -> org.hibernate.type.YesNoType@48fc0211
2023-02-09 13:08:21.067 DEBUG 5839 --- [    Test worker] org.hibernate.type.BasicTypeRegistry     : Adding type registration byte -> org.hibernate.type.ByteType@20dd5870
2023-02-09 13:08:21.067 DEBUG 5839 --- [    Test worker] org.hibernate.type.BasicTypeRegistry     : Adding type registration byte -> org.hibernate.type.ByteType@20dd5870
2023-02-09 13:08:21.067 DEBUG 5839 --- [    Test worker] org.hibernate.type.BasicTypeRegistry     : Adding type registration java.lang.Byte -> org.hibernate.type.ByteType@20dd5870
2023-02-09 13:08:21.067 DEBUG 5839 --- [    Test worker] org.hibernate.type.BasicTypeRegistry     : Adding type registration character -> org.hibernate.type.CharacterType@7ed8b44
2023-02-09 13:08:21.067 DEBUG 5839 --- [    Test worker] org.hibernate.type.BasicTypeRegistry     : Adding type registration char -> org.hibernate.type.CharacterType@7ed8b44
2023-02-09 13:08:21.067 DEBUG 5839 --- [    Test worker] org.hibernate.type.BasicTypeRegistry     : Adding type registration java.lang.Character -> org.hibernate.type.CharacterType@7ed8b44
2023-02-09 13:08:21.068 DEBUG 5839 --- [    Test worker] org.hibernate.type.BasicTypeRegistry     : Adding type registration short -> org.hibernate.type.ShortType@39851c5
2023-02-09 13:08:21.068 DEBUG 5839 --- [    Test worker] org.hibernate.type.BasicTypeRegistry     : Adding type registration short -> org.hibernate.type.ShortType@39851c5
2023-02-09 13:08:21.068 DEBUG 5839 --- [    Test worker] org.hibernate.type.BasicTypeRegistry     : Adding type registration java.lang.Short -> org.hibernate.type.ShortType@39851c5
2023-02-09 13:08:21.068 DEBUG 5839 --- [    Test worker] org.hibernate.type.BasicTypeRegistry     : Adding type registration integer -> org.hibernate.type.IntegerType@2e349cf2
2023-02-09 13:08:21.068 DEBUG 5839 --- [    Test worker] org.hibernate.type.BasicTypeRegistry     : Adding type registration int -> org.hibernate.type.IntegerType@2e349cf2
2023-02-09 13:08:21.068 DEBUG 5839 --- [    Test worker] org.hibernate.type.BasicTypeRegistry     : Adding type registration java.lang.Integer -> org.hibernate.type.IntegerType@2e349cf2
2023-02-09 13:08:21.069 DEBUG 5839 --- [    Test worker] org.hibernate.type.BasicTypeRegistry     : Adding type registration long -> org.hibernate.type.LongType@416a4275
2023-02-09 13:08:21.069 DEBUG 5839 --- [    Test worker] org.hibernate.type.BasicTypeRegistry     : Adding type registration long -> org.hibernate.type.LongType@416a4275
2023-02-09 13:08:21.069 DEBUG 5839 --- [    Test worker] org.hibernate.type.BasicTypeRegistry     : Adding type registration java.lang.Long -> org.hibernate.type.LongType@416a4275
2023-02-09 13:08:21.069 DEBUG 5839 --- [    Test worker] org.hibernate.type.BasicTypeRegistry     : Adding type registration float -> org.hibernate.type.FloatType@27502e5c
2023-02-09 13:08:21.069 DEBUG 5839 --- [    Test worker] org.hibernate.type.BasicTypeRegistry     : Adding type registration float -> org.hibernate.type.FloatType@27502e5c
2023-02-09 13:08:21.069 DEBUG 5839 --- [    Test worker] org.hibernate.type.BasicTypeRegistry     : Adding type registration java.lang.Float -> org.hibernate.type.FloatType@27502e5c
2023-02-09 13:08:21.069 DEBUG 5839 --- [    Test worker] org.hibernate.type.BasicTypeRegistry     : Adding type registration double -> org.hibernate.type.DoubleType@3a2bb026
2023-02-09 13:08:21.069 DEBUG 5839 --- [    Test worker] org.hibernate.type.BasicTypeRegistry     : Adding type registration double -> org.hibernate.type.DoubleType@3a2bb026
2023-02-09 13:08:21.069 DEBUG 5839 --- [    Test worker] org.hibernate.type.BasicTypeRegistry     : Adding type registration java.lang.Double -> org.hibernate.type.DoubleType@3a2bb026
2023-02-09 13:08:21.070 DEBUG 5839 --- [    Test worker] org.hibernate.type.BasicTypeRegistry     : Adding type registration big_decimal -> org.hibernate.type.BigDecimalType@79308a2
2023-02-09 13:08:21.070 DEBUG 5839 --- [    Test worker] org.hibernate.type.BasicTypeRegistry     : Adding type registration java.math.BigDecimal -> org.hibernate.type.BigDecimalType@79308a2
2023-02-09 13:08:21.070 DEBUG 5839 --- [    Test worker] org.hibernate.type.BasicTypeRegistry     : Adding type registration big_integer -> org.hibernate.type.BigIntegerType@2987d0fa
2023-02-09 13:08:21.070 DEBUG 5839 --- [    Test worker] org.hibernate.type.BasicTypeRegistry     : Adding type registration java.math.BigInteger -> org.hibernate.type.BigIntegerType@2987d0fa
2023-02-09 13:08:21.070 DEBUG 5839 --- [    Test worker] org.hibernate.type.BasicTypeRegistry     : Adding type registration string -> org.hibernate.type.StringType@915d7c4
2023-02-09 13:08:21.070 DEBUG 5839 --- [    Test worker] org.hibernate.type.BasicTypeRegistry     : Adding type registration java.lang.String -> org.hibernate.type.StringType@915d7c4
2023-02-09 13:08:21.070 DEBUG 5839 --- [    Test worker] org.hibernate.type.BasicTypeRegistry     : Adding type registration nstring -> org.hibernate.type.StringNVarcharType@60f662bd
2023-02-09 13:08:21.071 DEBUG 5839 --- [    Test worker] org.hibernate.type.BasicTypeRegistry     : Adding type registration ncharacter -> org.hibernate.type.CharacterNCharType@66d2885c
2023-02-09 13:08:21.071 DEBUG 5839 --- [    Test worker] org.hibernate.type.BasicTypeRegistry     : Adding type registration url -> org.hibernate.type.UrlType@29fcfc54
2023-02-09 13:08:21.071 DEBUG 5839 --- [    Test worker] org.hibernate.type.BasicTypeRegistry     : Adding type registration java.net.URL -> org.hibernate.type.UrlType@29fcfc54
2023-02-09 13:08:21.071 DEBUG 5839 --- [    Test worker] org.hibernate.type.BasicTypeRegistry     : Adding type registration Duration -> org.hibernate.type.DurationType@7ea07516
2023-02-09 13:08:21.071 DEBUG 5839 --- [    Test worker] org.hibernate.type.BasicTypeRegistry     : Adding type registration java.time.Duration -> org.hibernate.type.DurationType@7ea07516
2023-02-09 13:08:21.072 DEBUG 5839 --- [    Test worker] org.hibernate.type.BasicTypeRegistry     : Adding type registration Instant -> org.hibernate.type.InstantType@1e477944
2023-02-09 13:08:21.072 DEBUG 5839 --- [    Test worker] org.hibernate.type.BasicTypeRegistry     : Adding type registration java.time.Instant -> org.hibernate.type.InstantType@1e477944
2023-02-09 13:08:21.072 DEBUG 5839 --- [    Test worker] org.hibernate.type.BasicTypeRegistry     : Adding type registration LocalDateTime -> org.hibernate.type.LocalDateTimeType@32e830a0
2023-02-09 13:08:21.072 DEBUG 5839 --- [    Test worker] org.hibernate.type.BasicTypeRegistry     : Adding type registration java.time.LocalDateTime -> org.hibernate.type.LocalDateTimeType@32e830a0
2023-02-09 13:08:21.072 DEBUG 5839 --- [    Test worker] org.hibernate.type.BasicTypeRegistry     : Adding type registration LocalDate -> org.hibernate.type.LocalDateType@41167ded
2023-02-09 13:08:21.072 DEBUG 5839 --- [    Test worker] org.hibernate.type.BasicTypeRegistry     : Adding type registration java.time.LocalDate -> org.hibernate.type.LocalDateType@41167ded
2023-02-09 13:08:21.073 DEBUG 5839 --- [    Test worker] org.hibernate.type.BasicTypeRegistry     : Adding type registration LocalTime -> org.hibernate.type.LocalTimeType@733fae8
2023-02-09 13:08:21.073 DEBUG 5839 --- [    Test worker] org.hibernate.type.BasicTypeRegistry     : Adding type registration java.time.LocalTime -> org.hibernate.type.LocalTimeType@733fae8
2023-02-09 13:08:21.073 DEBUG 5839 --- [    Test worker] org.hibernate.type.BasicTypeRegistry     : Adding type registration OffsetDateTime -> org.hibernate.type.OffsetDateTimeType@6caa4dc5
2023-02-09 13:08:21.073 DEBUG 5839 --- [    Test worker] org.hibernate.type.BasicTypeRegistry     : Adding type registration java.time.OffsetDateTime -> org.hibernate.type.OffsetDateTimeType@6caa4dc5
2023-02-09 13:08:21.073 DEBUG 5839 --- [    Test worker] org.hibernate.type.BasicTypeRegistry     : Adding type registration OffsetTime -> org.hibernate.type.OffsetTimeType@491893f8
2023-02-09 13:08:21.073 DEBUG 5839 --- [    Test worker] org.hibernate.type.BasicTypeRegistry     : Adding type registration java.time.OffsetTime -> org.hibernate.type.OffsetTimeType@491893f8
2023-02-09 13:08:21.074 DEBUG 5839 --- [    Test worker] org.hibernate.type.BasicTypeRegistry     : Adding type registration ZonedDateTime -> org.hibernate.type.ZonedDateTimeType@682266d8
2023-02-09 13:08:21.074 DEBUG 5839 --- [    Test worker] org.hibernate.type.BasicTypeRegistry     : Adding type registration java.time.ZonedDateTime -> org.hibernate.type.ZonedDateTimeType@682266d8
2023-02-09 13:08:21.074 DEBUG 5839 --- [    Test worker] org.hibernate.type.BasicTypeRegistry     : Adding type registration date -> org.hibernate.type.DateType@47be41c6
2023-02-09 13:08:21.074 DEBUG 5839 --- [    Test worker] org.hibernate.type.BasicTypeRegistry     : Adding type registration java.sql.Date -> org.hibernate.type.DateType@47be41c6
2023-02-09 13:08:21.075 DEBUG 5839 --- [    Test worker] org.hibernate.type.BasicTypeRegistry     : Adding type registration time -> org.hibernate.type.TimeType@6caeba36
2023-02-09 13:08:21.075 DEBUG 5839 --- [    Test worker] org.hibernate.type.BasicTypeRegistry     : Adding type registration java.sql.Time -> org.hibernate.type.TimeType@6caeba36
2023-02-09 13:08:21.075 DEBUG 5839 --- [    Test worker] org.hibernate.type.BasicTypeRegistry     : Adding type registration timestamp -> org.hibernate.type.TimestampType@67a0ff25
2023-02-09 13:08:21.075 DEBUG 5839 --- [    Test worker] org.hibernate.type.BasicTypeRegistry     : Adding type registration java.sql.Timestamp -> org.hibernate.type.TimestampType@67a0ff25
2023-02-09 13:08:21.075 DEBUG 5839 --- [    Test worker] org.hibernate.type.BasicTypeRegistry     : Adding type registration java.util.Date -> org.hibernate.type.TimestampType@67a0ff25
2023-02-09 13:08:21.076 DEBUG 5839 --- [    Test worker] org.hibernate.type.BasicTypeRegistry     : Adding type registration dbtimestamp -> org.hibernate.type.DbTimestampType@7d6c4079
2023-02-09 13:08:21.076 DEBUG 5839 --- [    Test worker] org.hibernate.type.BasicTypeRegistry     : Adding type registration calendar -> org.hibernate.type.CalendarType@1846ad0f
2023-02-09 13:08:21.076 DEBUG 5839 --- [    Test worker] org.hibernate.type.BasicTypeRegistry     : Adding type registration java.util.Calendar -> org.hibernate.type.CalendarType@1846ad0f
2023-02-09 13:08:21.076 DEBUG 5839 --- [    Test worker] org.hibernate.type.BasicTypeRegistry     : Adding type registration java.util.GregorianCalendar -> org.hibernate.type.CalendarType@1846ad0f
2023-02-09 13:08:21.076 DEBUG 5839 --- [    Test worker] org.hibernate.type.BasicTypeRegistry     : Adding type registration calendar_date -> org.hibernate.type.CalendarDateType@660296d5
2023-02-09 13:08:21.076 DEBUG 5839 --- [    Test worker] org.hibernate.type.BasicTypeRegistry     : Adding type registration calendar_time -> org.hibernate.type.CalendarTimeType@71039ce1
2023-02-09 13:08:21.077 DEBUG 5839 --- [    Test worker] org.hibernate.type.BasicTypeRegistry     : Adding type registration locale -> org.hibernate.type.LocaleType@70f85235
2023-02-09 13:08:21.077 DEBUG 5839 --- [    Test worker] org.hibernate.type.BasicTypeRegistry     : Adding type registration java.util.Locale -> org.hibernate.type.LocaleType@70f85235
2023-02-09 13:08:21.077 DEBUG 5839 --- [    Test worker] org.hibernate.type.BasicTypeRegistry     : Adding type registration currency -> org.hibernate.type.CurrencyType@1a6dc5ea
2023-02-09 13:08:21.077 DEBUG 5839 --- [    Test worker] org.hibernate.type.BasicTypeRegistry     : Adding type registration java.util.Currency -> org.hibernate.type.CurrencyType@1a6dc5ea
2023-02-09 13:08:21.077 DEBUG 5839 --- [    Test worker] org.hibernate.type.BasicTypeRegistry     : Adding type registration timezone -> org.hibernate.type.TimeZoneType@483b7dc4
2023-02-09 13:08:21.077 DEBUG 5839 --- [    Test worker] org.hibernate.type.BasicTypeRegistry     : Adding type registration java.util.TimeZone -> org.hibernate.type.TimeZoneType@483b7dc4
2023-02-09 13:08:21.077 DEBUG 5839 --- [    Test worker] org.hibernate.type.BasicTypeRegistry     : Adding type registration class -> org.hibernate.type.ClassType@5871a482
2023-02-09 13:08:21.078 DEBUG 5839 --- [    Test worker] org.hibernate.type.BasicTypeRegistry     : Adding type registration java.lang.Class -> org.hibernate.type.ClassType@5871a482
2023-02-09 13:08:21.078 DEBUG 5839 --- [    Test worker] org.hibernate.type.BasicTypeRegistry     : Adding type registration uuid-binary -> org.hibernate.type.UUIDBinaryType@7ce30c0b
2023-02-09 13:08:21.078 DEBUG 5839 --- [    Test worker] org.hibernate.type.BasicTypeRegistry     : Adding type registration java.util.UUID -> org.hibernate.type.UUIDBinaryType@7ce30c0b
2023-02-09 13:08:21.078 DEBUG 5839 --- [    Test worker] org.hibernate.type.BasicTypeRegistry     : Adding type registration uuid-char -> org.hibernate.type.UUIDCharType@377dbc50
2023-02-09 13:08:21.078 DEBUG 5839 --- [    Test worker] org.hibernate.type.BasicTypeRegistry     : Adding type registration binary -> org.hibernate.type.BinaryType@4ad1a276
2023-02-09 13:08:21.078 DEBUG 5839 --- [    Test worker] org.hibernate.type.BasicTypeRegistry     : Adding type registration byte[] -> org.hibernate.type.BinaryType@4ad1a276
2023-02-09 13:08:21.078 DEBUG 5839 --- [    Test worker] org.hibernate.type.BasicTypeRegistry     : Adding type registration [B -> org.hibernate.type.BinaryType@4ad1a276
2023-02-09 13:08:21.079 DEBUG 5839 --- [    Test worker] org.hibernate.type.BasicTypeRegistry     : Adding type registration wrapper-binary -> org.hibernate.type.WrapperBinaryType@370225c7
2023-02-09 13:08:21.079 DEBUG 5839 --- [    Test worker] org.hibernate.type.BasicTypeRegistry     : Adding type registration Byte[] -> org.hibernate.type.WrapperBinaryType@370225c7
2023-02-09 13:08:21.079 DEBUG 5839 --- [    Test worker] org.hibernate.type.BasicTypeRegistry     : Adding type registration [Ljava.lang.Byte; -> org.hibernate.type.WrapperBinaryType@370225c7
2023-02-09 13:08:21.079 DEBUG 5839 --- [    Test worker] org.hibernate.type.BasicTypeRegistry     : Adding type registration row_version -> org.hibernate.type.RowVersionType@6fced25c
2023-02-09 13:08:21.079 DEBUG 5839 --- [    Test worker] org.hibernate.type.BasicTypeRegistry     : Adding type registration image -> org.hibernate.type.ImageType@305aaedf
2023-02-09 13:08:21.079 DEBUG 5839 --- [    Test worker] org.hibernate.type.BasicTypeRegistry     : Adding type registration characters -> org.hibernate.type.CharArrayType@69d2e517
2023-02-09 13:08:21.079 DEBUG 5839 --- [    Test worker] org.hibernate.type.BasicTypeRegistry     : Adding type registration char[] -> org.hibernate.type.CharArrayType@69d2e517
2023-02-09 13:08:21.079 DEBUG 5839 --- [    Test worker] org.hibernate.type.BasicTypeRegistry     : Adding type registration [C -> org.hibernate.type.CharArrayType@69d2e517
2023-02-09 13:08:21.079 DEBUG 5839 --- [    Test worker] org.hibernate.type.BasicTypeRegistry     : Adding type registration wrapper-characters -> org.hibernate.type.CharacterArrayType@2404abe2
2023-02-09 13:08:21.080 DEBUG 5839 --- [    Test worker] org.hibernate.type.BasicTypeRegistry     : Adding type registration [Ljava.lang.Character; -> org.hibernate.type.CharacterArrayType@2404abe2
2023-02-09 13:08:21.080 DEBUG 5839 --- [    Test worker] org.hibernate.type.BasicTypeRegistry     : Adding type registration Character[] -> org.hibernate.type.CharacterArrayType@2404abe2
2023-02-09 13:08:21.080 DEBUG 5839 --- [    Test worker] org.hibernate.type.BasicTypeRegistry     : Adding type registration text -> org.hibernate.type.TextType@7ff6804a
2023-02-09 13:08:21.080 DEBUG 5839 --- [    Test worker] org.hibernate.type.BasicTypeRegistry     : Adding type registration ntext -> org.hibernate.type.NTextType@2aac8ad7
2023-02-09 13:08:21.081 DEBUG 5839 --- [    Test worker] org.hibernate.type.BasicTypeRegistry     : Adding type registration blob -> org.hibernate.type.BlobType@5f0d8937
2023-02-09 13:08:21.081 DEBUG 5839 --- [    Test worker] org.hibernate.type.BasicTypeRegistry     : Adding type registration java.sql.Blob -> org.hibernate.type.BlobType@5f0d8937
2023-02-09 13:08:21.081 DEBUG 5839 --- [    Test worker] org.hibernate.type.BasicTypeRegistry     : Adding type registration materialized_blob -> org.hibernate.type.MaterializedBlobType@175f859e
2023-02-09 13:08:21.081 DEBUG 5839 --- [    Test worker] org.hibernate.type.BasicTypeRegistry     : Adding type registration clob -> org.hibernate.type.ClobType@5403431a
2023-02-09 13:08:21.081 DEBUG 5839 --- [    Test worker] org.hibernate.type.BasicTypeRegistry     : Adding type registration java.sql.Clob -> org.hibernate.type.ClobType@5403431a
2023-02-09 13:08:21.082 DEBUG 5839 --- [    Test worker] org.hibernate.type.BasicTypeRegistry     : Adding type registration nclob -> org.hibernate.type.NClobType@5a6195b8
2023-02-09 13:08:21.082 DEBUG 5839 --- [    Test worker] org.hibernate.type.BasicTypeRegistry     : Adding type registration java.sql.NClob -> org.hibernate.type.NClobType@5a6195b8
2023-02-09 13:08:21.082 DEBUG 5839 --- [    Test worker] org.hibernate.type.BasicTypeRegistry     : Adding type registration materialized_clob -> org.hibernate.type.MaterializedClobType@75dc1c1c
2023-02-09 13:08:21.082 DEBUG 5839 --- [    Test worker] org.hibernate.type.BasicTypeRegistry     : Adding type registration materialized_nclob -> org.hibernate.type.MaterializedNClobType@59d5c537
2023-02-09 13:08:21.082 DEBUG 5839 --- [    Test worker] org.hibernate.type.BasicTypeRegistry     : Adding type registration serializable -> org.hibernate.type.SerializableType@3f1158ee
2023-02-09 13:08:21.083 DEBUG 5839 --- [    Test worker] org.hibernate.type.BasicTypeRegistry     : Adding type registration object -> org.hibernate.type.ObjectType@48e74764
2023-02-09 13:08:21.083 DEBUG 5839 --- [    Test worker] org.hibernate.type.BasicTypeRegistry     : Adding type registration java.lang.Object -> org.hibernate.type.ObjectType@48e74764
2023-02-09 13:08:21.083 DEBUG 5839 --- [    Test worker] org.hibernate.type.BasicTypeRegistry     : Adding type registration imm_date -> org.hibernate.type.AdaptedImmutableType@55071497
2023-02-09 13:08:21.083 DEBUG 5839 --- [    Test worker] org.hibernate.type.BasicTypeRegistry     : Adding type registration imm_time -> org.hibernate.type.AdaptedImmutableType@10d98940
2023-02-09 13:08:21.084 DEBUG 5839 --- [    Test worker] org.hibernate.type.BasicTypeRegistry     : Adding type registration imm_timestamp -> org.hibernate.type.AdaptedImmutableType@58b8f9e3
2023-02-09 13:08:21.084 DEBUG 5839 --- [    Test worker] org.hibernate.type.BasicTypeRegistry     : Adding type registration imm_dbtimestamp -> org.hibernate.type.AdaptedImmutableType@32a033b6
2023-02-09 13:08:21.084 DEBUG 5839 --- [    Test worker] org.hibernate.type.BasicTypeRegistry     : Adding type registration imm_calendar -> org.hibernate.type.AdaptedImmutableType@5f6e2ad9
2023-02-09 13:08:21.084 DEBUG 5839 --- [    Test worker] org.hibernate.type.BasicTypeRegistry     : Adding type registration imm_calendar_date -> org.hibernate.type.AdaptedImmutableType@3212bfd
2023-02-09 13:08:21.084 DEBUG 5839 --- [    Test worker] org.hibernate.type.BasicTypeRegistry     : Adding type registration imm_binary -> org.hibernate.type.AdaptedImmutableType@1cc9bd9b
2023-02-09 13:08:21.084 DEBUG 5839 --- [    Test worker] org.hibernate.type.BasicTypeRegistry     : Adding type registration imm_serializable -> org.hibernate.type.AdaptedImmutableType@2f471037
2023-02-09 13:08:21.099  INFO 5839 --- [    Test worker] com.zaxxer.hikari.HikariDataSource       : HikariPool-1 - Starting...
2023-02-09 13:08:21.136  INFO 5839 --- [    Test worker] com.zaxxer.hikari.HikariDataSource       : HikariPool-1 - Start completed.
2023-02-09 13:08:21.147  INFO 5839 --- [    Test worker] org.hibernate.dialect.Dialect            : HHH000400: Using dialect: org.hibernate.dialect.H2Dialect
2023-02-09 13:08:21.162 DEBUG 5839 --- [    Test worker] o.h.type.spi.TypeConfiguration$Scope     : Scoping TypeConfiguration [org.hibernate.type.spi.TypeConfiguration@459d2ee6] to MetadataBuildingContext [org.hibernate.boot.internal.MetadataBuildingContextRootImpl@5342eec5]
2023-02-09 13:08:21.261 DEBUG 5839 --- [    Test worker] org.hibernate.type.EnumType              : Using NAMED-based conversion for Enum com.board.Board_Upgraded.entity.member.Role
2023-02-09 13:08:21.262 DEBUG 5839 --- [    Test worker] o.h.type.spi.TypeConfiguration$Scope     : Scoping TypeConfiguration [org.hibernate.type.spi.TypeConfiguration@459d2ee6] to SessionFactoryImpl [org.hibernate.internal.SessionFactoryImpl@3a13f663]
2023-02-09 13:08:21.379 DEBUG 5839 --- [    Test worker] org.hibernate.SQL                        : 
    
    drop table if exists member CASCADE 
2023-02-09 13:08:21.382 DEBUG 5839 --- [    Test worker] org.hibernate.SQL                        : 
    
    drop table if exists refresh_token CASCADE 
2023-02-09 13:08:21.383 DEBUG 5839 --- [    Test worker] org.hibernate.SQL                        : 
    
    create table member (
       id bigint generated by default as identity,
        created_time timestamp not null,
        last_modified_time timestamp not null,
        member_email varchar(255),
        member_nickname varchar(255),
        member_password varchar(255),
        member_role varchar(255),
        member_username varchar(255),
        primary key (id)
    )
2023-02-09 13:08:21.385 DEBUG 5839 --- [    Test worker] org.hibernate.SQL                        : 
    
    create table refresh_token (
       rt_key varchar(255) not null,
        rt_value varchar(255),
        primary key (rt_key)
    )
2023-02-09 13:08:21.386  INFO 5839 --- [    Test worker] o.h.e.t.j.p.i.JtaPlatformInitiator       : HHH000490: Using JtaPlatform implementation: [org.hibernate.engine.transaction.jta.platform.internal.NoJtaPlatform]
2023-02-09 13:08:21.388 TRACE 5839 --- [    Test worker] o.h.type.spi.TypeConfiguration$Scope     : Handling #sessionFactoryCreated from [org.hibernate.internal.SessionFactoryImpl@3a13f663] for TypeConfiguration
2023-02-09 13:08:21.389  INFO 5839 --- [    Test worker] j.LocalContainerEntityManagerFactoryBean : Initialized JPA EntityManagerFactory for persistence unit 'default'
2023-02-09 13:08:21.671  WARN 5839 --- [    Test worker] JpaBaseConfiguration$JpaWebConfiguration : spring.jpa.open-in-view is enabled by default. Therefore, database queries may be performed during view rendering. Explicitly configure spring.jpa.open-in-view to disable this warning
2023-02-09 13:08:21.832  INFO 5839 --- [    Test worker] o.s.s.web.DefaultSecurityFilterChain     : Will secure any request with [org.springframework.security.web.session.DisableEncodeUrlFilter@3cdc5155, org.springframework.security.web.context.request.async.WebAsyncManagerIntegrationFilter@195888a6, org.springframework.security.web.context.SecurityContextPersistenceFilter@75b6bd41, org.springframework.security.web.header.HeaderWriterFilter@6c0bf8f4, org.springframework.security.web.csrf.CsrfFilter@45430a27, org.springframework.security.web.authentication.logout.LogoutFilter@6fc03cf6, org.springframework.security.web.authentication.www.BasicAuthenticationFilter@3a2881d6, org.springframework.security.web.savedrequest.RequestCacheAwareFilter@7e1ae693, org.springframework.security.web.servletapi.SecurityContextHolderAwareRequestFilter@3ef4a8fb, org.springframework.security.web.authentication.AnonymousAuthenticationFilter@2ced7cf, org.springframework.security.web.session.SessionManagementFilter@69e8f7a5, org.springframework.security.web.access.ExceptionTranslationFilter@44a1ae4e, org.springframework.security.web.access.intercept.AuthorizationFilter@4d73d3d1]
2023-02-09 13:08:21.834  WARN 5839 --- [    Test worker] o.s.s.c.a.web.builders.WebSecurity       : You are asking Spring Security to ignore Ant [pattern='/api/test/getTest']. This is not recommended -- please use permitAll via HttpSecurity#authorizeHttpRequests instead.
2023-02-09 13:08:21.835  INFO 5839 --- [    Test worker] o.s.s.web.DefaultSecurityFilterChain     : Will not secure Ant [pattern='/api/test/getTest']
2023-02-09 13:08:21.835  WARN 5839 --- [    Test worker] o.s.s.c.a.web.builders.WebSecurity       : You are asking Spring Security to ignore Ant [pattern='/api/join']. This is not recommended -- please use permitAll via HttpSecurity#authorizeHttpRequests instead.
2023-02-09 13:08:21.835  INFO 5839 --- [    Test worker] o.s.s.web.DefaultSecurityFilterChain     : Will not secure Ant [pattern='/api/join']
2023-02-09 13:08:22.143  INFO 5839 --- [    Test worker] B.r.MemberRepositoryTest_Search_Contains : Started MemberRepositoryTest_Search_Contains in 1.93 seconds (JVM running for 2.343)
2023-02-09 13:08:22.156  INFO 5839 --- [    Test worker] o.s.t.c.transaction.TransactionContext   : Began transaction (1) for test context [DefaultTestContext@3f446bef testClass = MemberRepositoryTest_Search_Contains, testInstance = com.board.Board_Upgraded.repository.MemberRepositoryTest_Search_Contains@56dae6, testMethod = searchWith_testUser1@MemberRepositoryTest_Search_Contains, testException = [null], mergedContextConfiguration = [WebMergedContextConfiguration@7829b776 testClass = MemberRepositoryTest_Search_Contains, locations = '{}', classes = '{class com.board.Board_Upgraded.BoardUpgradedApplication}', contextInitializerClasses = '[]', activeProfiles = '{}', propertySourceLocations = '{}', propertySourceProperties = '{org.springframework.boot.test.context.SpringBootTestContextBootstrapper=true}', contextCustomizers = set[org.springframework.boot.test.autoconfigure.actuate.metrics.MetricsExportContextCustomizerFactory$DisableMetricExportContextCustomizer@7a67e3c6, org.springframework.boot.test.autoconfigure.properties.PropertyMappingContextCustomizer@0, org.springframework.boot.test.autoconfigure.web.servlet.WebDriverContextCustomizerFactory$Customizer@5505ae1a, org.springframework.boot.test.context.filter.ExcludeFilterContextCustomizer@60df60da, org.springframework.boot.test.json.DuplicateJsonObjectContextCustomizerFactory$DuplicateJsonObjectContextCustomizer@632ceb35, org.springframework.boot.test.mock.mockito.MockitoContextCustomizer@0, org.springframework.boot.test.web.client.TestRestTemplateContextCustomizer@1e461e41, org.springframework.boot.test.context.SpringBootTestArgs@1, org.springframework.boot.test.context.SpringBootTestWebEnvironment@fd07cbb], resourceBasePath = 'src/main/webapp', contextLoader = 'org.springframework.boot.test.context.SpringBootContextLoader', parent = [null]], attributes = map['org.springframework.test.context.web.ServletTestExecutionListener.activateListener' -> true, 'org.springframework.test.context.web.ServletTestExecutionListener.populatedRequestContextHolder' -> true, 'org.springframework.test.context.web.ServletTestExecutionListener.resetRequestContextHolder' -> true, 'org.springframework.test.context.event.ApplicationEventsTestExecutionListener.recordApplicationEvents' -> false]]; transaction manager [org.springframework.orm.jpa.JpaTransactionManager@7c16cc25]; rollback [true]
2023-02-09 13:08:22.236 DEBUG 5839 --- [    Test worker] org.hibernate.SQL                        : 
    insert 
    into
        member
        (id, created_time, last_modified_time, member_email, member_nickname, member_password, member_role, member_username) 
    values
        (default, ?, ?, ?, ?, ?, ?, ?)
2023-02-09 13:08:22.239 TRACE 5839 --- [    Test worker] o.h.type.descriptor.sql.BasicBinder      : binding parameter [1] as [TIMESTAMP] - [2023-02-09T13:08:22.226159]
2023-02-09 13:08:22.240 TRACE 5839 --- [    Test worker] o.h.type.descriptor.sql.BasicBinder      : binding parameter [2] as [TIMESTAMP] - [2023-02-09T13:08:22.215479]
2023-02-09 13:08:22.240 TRACE 5839 --- [    Test worker] o.h.type.descriptor.sql.BasicBinder      : binding parameter [3] as [VARCHAR] - [test1@test.com]
2023-02-09 13:08:22.240 TRACE 5839 --- [    Test worker] o.h.type.descriptor.sql.BasicBinder      : binding parameter [4] as [VARCHAR] - [test1]
2023-02-09 13:08:22.240 TRACE 5839 --- [    Test worker] o.h.type.descriptor.sql.BasicBinder      : binding parameter [5] as [VARCHAR] - [password1]
2023-02-09 13:08:22.240 TRACE 5839 --- [    Test worker] o.h.type.descriptor.sql.BasicBinder      : binding parameter [6] as [VARCHAR] - [USER]
2023-02-09 13:08:22.240 TRACE 5839 --- [    Test worker] o.h.type.descriptor.sql.BasicBinder      : binding parameter [7] as [VARCHAR] - [testUser1]
2023-02-09 13:08:22.246 DEBUG 5839 --- [    Test worker] org.hibernate.SQL                        : 
    insert 
    into
        member
        (id, created_time, last_modified_time, member_email, member_nickname, member_password, member_role, member_username) 
    values
        (default, ?, ?, ?, ?, ?, ?, ?)
2023-02-09 13:08:22.247 TRACE 5839 --- [    Test worker] o.h.type.descriptor.sql.BasicBinder      : binding parameter [1] as [TIMESTAMP] - [2023-02-09T13:08:22.246522]
2023-02-09 13:08:22.247 TRACE 5839 --- [    Test worker] o.h.type.descriptor.sql.BasicBinder      : binding parameter [2] as [TIMESTAMP] - [2023-02-09T13:08:22.246346]
2023-02-09 13:08:22.247 TRACE 5839 --- [    Test worker] o.h.type.descriptor.sql.BasicBinder      : binding parameter [3] as [VARCHAR] - [test2@test.com]
2023-02-09 13:08:22.247 TRACE 5839 --- [    Test worker] o.h.type.descriptor.sql.BasicBinder      : binding parameter [4] as [VARCHAR] - [test2]
2023-02-09 13:08:22.247 TRACE 5839 --- [    Test worker] o.h.type.descriptor.sql.BasicBinder      : binding parameter [5] as [VARCHAR] - [password2]
2023-02-09 13:08:22.247 TRACE 5839 --- [    Test worker] o.h.type.descriptor.sql.BasicBinder      : binding parameter [6] as [VARCHAR] - [USER]
2023-02-09 13:08:22.247 TRACE 5839 --- [    Test worker] o.h.type.descriptor.sql.BasicBinder      : binding parameter [7] as [VARCHAR] - [testUser2]
2023-02-09 13:08:22.248 DEBUG 5839 --- [    Test worker] org.hibernate.SQL                        : 
    insert 
    into
        member
        (id, created_time, last_modified_time, member_email, member_nickname, member_password, member_role, member_username) 
    values
        (default, ?, ?, ?, ?, ?, ?, ?)
2023-02-09 13:08:22.248 TRACE 5839 --- [    Test worker] o.h.type.descriptor.sql.BasicBinder      : binding parameter [1] as [TIMESTAMP] - [2023-02-09T13:08:22.247872]
2023-02-09 13:08:22.248 TRACE 5839 --- [    Test worker] o.h.type.descriptor.sql.BasicBinder      : binding parameter [2] as [TIMESTAMP] - [2023-02-09T13:08:22.247770]
2023-02-09 13:08:22.248 TRACE 5839 --- [    Test worker] o.h.type.descriptor.sql.BasicBinder      : binding parameter [3] as [VARCHAR] - [test3@test.com]
2023-02-09 13:08:22.248 TRACE 5839 --- [    Test worker] o.h.type.descriptor.sql.BasicBinder      : binding parameter [4] as [VARCHAR] - [test3]
2023-02-09 13:08:22.248 TRACE 5839 --- [    Test worker] o.h.type.descriptor.sql.BasicBinder      : binding parameter [5] as [VARCHAR] - [password3]
2023-02-09 13:08:22.248 TRACE 5839 --- [    Test worker] o.h.type.descriptor.sql.BasicBinder      : binding parameter [6] as [VARCHAR] - [USER]
2023-02-09 13:08:22.248 TRACE 5839 --- [    Test worker] o.h.type.descriptor.sql.BasicBinder      : binding parameter [7] as [VARCHAR] - [testUser3]
2023-02-09 13:08:22.249 DEBUG 5839 --- [    Test worker] org.hibernate.SQL                        : 
    insert 
    into
        member
        (id, created_time, last_modified_time, member_email, member_nickname, member_password, member_role, member_username) 
    values
        (default, ?, ?, ?, ?, ?, ?, ?)
2023-02-09 13:08:22.249 TRACE 5839 --- [    Test worker] o.h.type.descriptor.sql.BasicBinder      : binding parameter [1] as [TIMESTAMP] - [2023-02-09T13:08:22.249080]
2023-02-09 13:08:22.249 TRACE 5839 --- [    Test worker] o.h.type.descriptor.sql.BasicBinder      : binding parameter [2] as [TIMESTAMP] - [2023-02-09T13:08:22.248957]
2023-02-09 13:08:22.249 TRACE 5839 --- [    Test worker] o.h.type.descriptor.sql.BasicBinder      : binding parameter [3] as [VARCHAR] - [test4@test.com]
2023-02-09 13:08:22.249 TRACE 5839 --- [    Test worker] o.h.type.descriptor.sql.BasicBinder      : binding parameter [4] as [VARCHAR] - [test4]
2023-02-09 13:08:22.249 TRACE 5839 --- [    Test worker] o.h.type.descriptor.sql.BasicBinder      : binding parameter [5] as [VARCHAR] - [password4]
2023-02-09 13:08:22.249 TRACE 5839 --- [    Test worker] o.h.type.descriptor.sql.BasicBinder      : binding parameter [6] as [VARCHAR] - [USER]
2023-02-09 13:08:22.249 TRACE 5839 --- [    Test worker] o.h.type.descriptor.sql.BasicBinder      : binding parameter [7] as [VARCHAR] - [testUser4]
2023-02-09 13:08:22.250 DEBUG 5839 --- [    Test worker] org.hibernate.SQL                        : 
    insert 
    into
        member
        (id, created_time, last_modified_time, member_email, member_nickname, member_password, member_role, member_username) 
    values
        (default, ?, ?, ?, ?, ?, ?, ?)
2023-02-09 13:08:22.250 TRACE 5839 --- [    Test worker] o.h.type.descriptor.sql.BasicBinder      : binding parameter [1] as [TIMESTAMP] - [2023-02-09T13:08:22.250043]
2023-02-09 13:08:22.250 TRACE 5839 --- [    Test worker] o.h.type.descriptor.sql.BasicBinder      : binding parameter [2] as [TIMESTAMP] - [2023-02-09T13:08:22.249965]
2023-02-09 13:08:22.250 TRACE 5839 --- [    Test worker] o.h.type.descriptor.sql.BasicBinder      : binding parameter [3] as [VARCHAR] - [test5@test.com]
2023-02-09 13:08:22.250 TRACE 5839 --- [    Test worker] o.h.type.descriptor.sql.BasicBinder      : binding parameter [4] as [VARCHAR] - [test5]
2023-02-09 13:08:22.250 TRACE 5839 --- [    Test worker] o.h.type.descriptor.sql.BasicBinder      : binding parameter [5] as [VARCHAR] - [password5]
2023-02-09 13:08:22.250 TRACE 5839 --- [    Test worker] o.h.type.descriptor.sql.BasicBinder      : binding parameter [6] as [VARCHAR] - [USER]
2023-02-09 13:08:22.250 TRACE 5839 --- [    Test worker] o.h.type.descriptor.sql.BasicBinder      : binding parameter [7] as [VARCHAR] - [testUser5]
2023-02-09 13:08:22.251 DEBUG 5839 --- [    Test worker] org.hibernate.SQL                        : 
    insert 
    into
        member
        (id, created_time, last_modified_time, member_email, member_nickname, member_password, member_role, member_username) 
    values
        (default, ?, ?, ?, ?, ?, ?, ?)
2023-02-09 13:08:22.251 TRACE 5839 --- [    Test worker] o.h.type.descriptor.sql.BasicBinder      : binding parameter [1] as [TIMESTAMP] - [2023-02-09T13:08:22.251054]
2023-02-09 13:08:22.251 TRACE 5839 --- [    Test worker] o.h.type.descriptor.sql.BasicBinder      : binding parameter [2] as [TIMESTAMP] - [2023-02-09T13:08:22.250981]
2023-02-09 13:08:22.251 TRACE 5839 --- [    Test worker] o.h.type.descriptor.sql.BasicBinder      : binding parameter [3] as [VARCHAR] - [test6@test.com]
2023-02-09 13:08:22.251 TRACE 5839 --- [    Test worker] o.h.type.descriptor.sql.BasicBinder      : binding parameter [4] as [VARCHAR] - [test6]
2023-02-09 13:08:22.251 TRACE 5839 --- [    Test worker] o.h.type.descriptor.sql.BasicBinder      : binding parameter [5] as [VARCHAR] - [password6]
2023-02-09 13:08:22.251 TRACE 5839 --- [    Test worker] o.h.type.descriptor.sql.BasicBinder      : binding parameter [6] as [VARCHAR] - [USER]
2023-02-09 13:08:22.251 TRACE 5839 --- [    Test worker] o.h.type.descriptor.sql.BasicBinder      : binding parameter [7] as [VARCHAR] - [testUser6]
2023-02-09 13:08:22.252 DEBUG 5839 --- [    Test worker] org.hibernate.SQL                        : 
    insert 
    into
        member
        (id, created_time, last_modified_time, member_email, member_nickname, member_password, member_role, member_username) 
    values
        (default, ?, ?, ?, ?, ?, ?, ?)
2023-02-09 13:08:22.252 TRACE 5839 --- [    Test worker] o.h.type.descriptor.sql.BasicBinder      : binding parameter [1] as [TIMESTAMP] - [2023-02-09T13:08:22.251941]
2023-02-09 13:08:22.252 TRACE 5839 --- [    Test worker] o.h.type.descriptor.sql.BasicBinder      : binding parameter [2] as [TIMESTAMP] - [2023-02-09T13:08:22.251871]
2023-02-09 13:08:22.252 TRACE 5839 --- [    Test worker] o.h.type.descriptor.sql.BasicBinder      : binding parameter [3] as [VARCHAR] - [test7@test.com]
2023-02-09 13:08:22.252 TRACE 5839 --- [    Test worker] o.h.type.descriptor.sql.BasicBinder      : binding parameter [4] as [VARCHAR] - [test7]
2023-02-09 13:08:22.252 TRACE 5839 --- [    Test worker] o.h.type.descriptor.sql.BasicBinder      : binding parameter [5] as [VARCHAR] - [password7]
2023-02-09 13:08:22.252 TRACE 5839 --- [    Test worker] o.h.type.descriptor.sql.BasicBinder      : binding parameter [6] as [VARCHAR] - [USER]
2023-02-09 13:08:22.252 TRACE 5839 --- [    Test worker] o.h.type.descriptor.sql.BasicBinder      : binding parameter [7] as [VARCHAR] - [testUser7]
2023-02-09 13:08:22.253 DEBUG 5839 --- [    Test worker] org.hibernate.SQL                        : 
    insert 
    into
        member
        (id, created_time, last_modified_time, member_email, member_nickname, member_password, member_role, member_username) 
    values
        (default, ?, ?, ?, ?, ?, ?, ?)
2023-02-09 13:08:22.253 TRACE 5839 --- [    Test worker] o.h.type.descriptor.sql.BasicBinder      : binding parameter [1] as [TIMESTAMP] - [2023-02-09T13:08:22.253158]
2023-02-09 13:08:22.253 TRACE 5839 --- [    Test worker] o.h.type.descriptor.sql.BasicBinder      : binding parameter [2] as [TIMESTAMP] - [2023-02-09T13:08:22.253032]
2023-02-09 13:08:22.253 TRACE 5839 --- [    Test worker] o.h.type.descriptor.sql.BasicBinder      : binding parameter [3] as [VARCHAR] - [test8@test.com]
2023-02-09 13:08:22.253 TRACE 5839 --- [    Test worker] o.h.type.descriptor.sql.BasicBinder      : binding parameter [4] as [VARCHAR] - [test8]
2023-02-09 13:08:22.253 TRACE 5839 --- [    Test worker] o.h.type.descriptor.sql.BasicBinder      : binding parameter [5] as [VARCHAR] - [password8]
2023-02-09 13:08:22.253 TRACE 5839 --- [    Test worker] o.h.type.descriptor.sql.BasicBinder      : binding parameter [6] as [VARCHAR] - [USER]
2023-02-09 13:08:22.253 TRACE 5839 --- [    Test worker] o.h.type.descriptor.sql.BasicBinder      : binding parameter [7] as [VARCHAR] - [testUser8]
2023-02-09 13:08:22.254 DEBUG 5839 --- [    Test worker] org.hibernate.SQL                        : 
    insert 
    into
        member
        (id, created_time, last_modified_time, member_email, member_nickname, member_password, member_role, member_username) 
    values
        (default, ?, ?, ?, ?, ?, ?, ?)
2023-02-09 13:08:22.254 TRACE 5839 --- [    Test worker] o.h.type.descriptor.sql.BasicBinder      : binding parameter [1] as [TIMESTAMP] - [2023-02-09T13:08:22.254172]
2023-02-09 13:08:22.254 TRACE 5839 --- [    Test worker] o.h.type.descriptor.sql.BasicBinder      : binding parameter [2] as [TIMESTAMP] - [2023-02-09T13:08:22.254089]
2023-02-09 13:08:22.254 TRACE 5839 --- [    Test worker] o.h.type.descriptor.sql.BasicBinder      : binding parameter [3] as [VARCHAR] - [test9@test.com]
2023-02-09 13:08:22.254 TRACE 5839 --- [    Test worker] o.h.type.descriptor.sql.BasicBinder      : binding parameter [4] as [VARCHAR] - [test9]
2023-02-09 13:08:22.254 TRACE 5839 --- [    Test worker] o.h.type.descriptor.sql.BasicBinder      : binding parameter [5] as [VARCHAR] - [password9]
2023-02-09 13:08:22.254 TRACE 5839 --- [    Test worker] o.h.type.descriptor.sql.BasicBinder      : binding parameter [6] as [VARCHAR] - [USER]
2023-02-09 13:08:22.254 TRACE 5839 --- [    Test worker] o.h.type.descriptor.sql.BasicBinder      : binding parameter [7] as [VARCHAR] - [testUser9]
2023-02-09 13:08:22.255 DEBUG 5839 --- [    Test worker] org.hibernate.SQL                        : 
    insert 
    into
        member
        (id, created_time, last_modified_time, member_email, member_nickname, member_password, member_role, member_username) 
    values
        (default, ?, ?, ?, ?, ?, ?, ?)
2023-02-09 13:08:22.255 TRACE 5839 --- [    Test worker] o.h.type.descriptor.sql.BasicBinder      : binding parameter [1] as [TIMESTAMP] - [2023-02-09T13:08:22.255155]
2023-02-09 13:08:22.255 TRACE 5839 --- [    Test worker] o.h.type.descriptor.sql.BasicBinder      : binding parameter [2] as [TIMESTAMP] - [2023-02-09T13:08:22.255057]
2023-02-09 13:08:22.255 TRACE 5839 --- [    Test worker] o.h.type.descriptor.sql.BasicBinder      : binding parameter [3] as [VARCHAR] - [test10@test.com]
2023-02-09 13:08:22.255 TRACE 5839 --- [    Test worker] o.h.type.descriptor.sql.BasicBinder      : binding parameter [4] as [VARCHAR] - [test10]
2023-02-09 13:08:22.255 TRACE 5839 --- [    Test worker] o.h.type.descriptor.sql.BasicBinder      : binding parameter [5] as [VARCHAR] - [password10]
2023-02-09 13:08:22.255 TRACE 5839 --- [    Test worker] o.h.type.descriptor.sql.BasicBinder      : binding parameter [6] as [VARCHAR] - [USER]
2023-02-09 13:08:22.255 TRACE 5839 --- [    Test worker] o.h.type.descriptor.sql.BasicBinder      : binding parameter [7] as [VARCHAR] - [testUser10]
2023-02-09 13:08:22.256 DEBUG 5839 --- [    Test worker] org.hibernate.SQL                        : 
    insert 
    into
        member
        (id, created_time, last_modified_time, member_email, member_nickname, member_password, member_role, member_username) 
    values
        (default, ?, ?, ?, ?, ?, ?, ?)
2023-02-09 13:08:22.256 TRACE 5839 --- [    Test worker] o.h.type.descriptor.sql.BasicBinder      : binding parameter [1] as [TIMESTAMP] - [2023-02-09T13:08:22.256227]
2023-02-09 13:08:22.256 TRACE 5839 --- [    Test worker] o.h.type.descriptor.sql.BasicBinder      : binding parameter [2] as [TIMESTAMP] - [2023-02-09T13:08:22.256127]
2023-02-09 13:08:22.256 TRACE 5839 --- [    Test worker] o.h.type.descriptor.sql.BasicBinder      : binding parameter [3] as [VARCHAR] - [test11@test.com]
2023-02-09 13:08:22.256 TRACE 5839 --- [    Test worker] o.h.type.descriptor.sql.BasicBinder      : binding parameter [4] as [VARCHAR] - [test11]
2023-02-09 13:08:22.256 TRACE 5839 --- [    Test worker] o.h.type.descriptor.sql.BasicBinder      : binding parameter [5] as [VARCHAR] - [password11]
2023-02-09 13:08:22.256 TRACE 5839 --- [    Test worker] o.h.type.descriptor.sql.BasicBinder      : binding parameter [6] as [VARCHAR] - [USER]
2023-02-09 13:08:22.256 TRACE 5839 --- [    Test worker] o.h.type.descriptor.sql.BasicBinder      : binding parameter [7] as [VARCHAR] - [testUser11]
2023-02-09 13:08:22.257 DEBUG 5839 --- [    Test worker] org.hibernate.SQL                        : 
    insert 
    into
        member
        (id, created_time, last_modified_time, member_email, member_nickname, member_password, member_role, member_username) 
    values
        (default, ?, ?, ?, ?, ?, ?, ?)
2023-02-09 13:08:22.257 TRACE 5839 --- [    Test worker] o.h.type.descriptor.sql.BasicBinder      : binding parameter [1] as [TIMESTAMP] - [2023-02-09T13:08:22.257303]
2023-02-09 13:08:22.257 TRACE 5839 --- [    Test worker] o.h.type.descriptor.sql.BasicBinder      : binding parameter [2] as [TIMESTAMP] - [2023-02-09T13:08:22.257201]
2023-02-09 13:08:22.257 TRACE 5839 --- [    Test worker] o.h.type.descriptor.sql.BasicBinder      : binding parameter [3] as [VARCHAR] - [test12@test.com]
2023-02-09 13:08:22.257 TRACE 5839 --- [    Test worker] o.h.type.descriptor.sql.BasicBinder      : binding parameter [4] as [VARCHAR] - [test12]
2023-02-09 13:08:22.257 TRACE 5839 --- [    Test worker] o.h.type.descriptor.sql.BasicBinder      : binding parameter [5] as [VARCHAR] - [password12]
2023-02-09 13:08:22.257 TRACE 5839 --- [    Test worker] o.h.type.descriptor.sql.BasicBinder      : binding parameter [6] as [VARCHAR] - [USER]
2023-02-09 13:08:22.257 TRACE 5839 --- [    Test worker] o.h.type.descriptor.sql.BasicBinder      : binding parameter [7] as [VARCHAR] - [testUser12]
2023-02-09 13:08:22.258 DEBUG 5839 --- [    Test worker] org.hibernate.SQL                        : 
    insert 
    into
        member
        (id, created_time, last_modified_time, member_email, member_nickname, member_password, member_role, member_username) 
    values
        (default, ?, ?, ?, ?, ?, ?, ?)
2023-02-09 13:08:22.258 TRACE 5839 --- [    Test worker] o.h.type.descriptor.sql.BasicBinder      : binding parameter [1] as [TIMESTAMP] - [2023-02-09T13:08:22.258274]
2023-02-09 13:08:22.258 TRACE 5839 --- [    Test worker] o.h.type.descriptor.sql.BasicBinder      : binding parameter [2] as [TIMESTAMP] - [2023-02-09T13:08:22.258192]
2023-02-09 13:08:22.258 TRACE 5839 --- [    Test worker] o.h.type.descriptor.sql.BasicBinder      : binding parameter [3] as [VARCHAR] - [test13@test.com]
2023-02-09 13:08:22.258 TRACE 5839 --- [    Test worker] o.h.type.descriptor.sql.BasicBinder      : binding parameter [4] as [VARCHAR] - [test13]
2023-02-09 13:08:22.258 TRACE 5839 --- [    Test worker] o.h.type.descriptor.sql.BasicBinder      : binding parameter [5] as [VARCHAR] - [password13]
2023-02-09 13:08:22.258 TRACE 5839 --- [    Test worker] o.h.type.descriptor.sql.BasicBinder      : binding parameter [6] as [VARCHAR] - [USER]
2023-02-09 13:08:22.258 TRACE 5839 --- [    Test worker] o.h.type.descriptor.sql.BasicBinder      : binding parameter [7] as [VARCHAR] - [testUser13]
2023-02-09 13:08:22.259 DEBUG 5839 --- [    Test worker] org.hibernate.SQL                        : 
    insert 
    into
        member
        (id, created_time, last_modified_time, member_email, member_nickname, member_password, member_role, member_username) 
    values
        (default, ?, ?, ?, ?, ?, ?, ?)
2023-02-09 13:08:22.260 TRACE 5839 --- [    Test worker] o.h.type.descriptor.sql.BasicBinder      : binding parameter [1] as [TIMESTAMP] - [2023-02-09T13:08:22.259636]
2023-02-09 13:08:22.260 TRACE 5839 --- [    Test worker] o.h.type.descriptor.sql.BasicBinder      : binding parameter [2] as [TIMESTAMP] - [2023-02-09T13:08:22.259377]
2023-02-09 13:08:22.260 TRACE 5839 --- [    Test worker] o.h.type.descriptor.sql.BasicBinder      : binding parameter [3] as [VARCHAR] - [test14@test.com]
2023-02-09 13:08:22.260 TRACE 5839 --- [    Test worker] o.h.type.descriptor.sql.BasicBinder      : binding parameter [4] as [VARCHAR] - [test14]
2023-02-09 13:08:22.260 TRACE 5839 --- [    Test worker] o.h.type.descriptor.sql.BasicBinder      : binding parameter [5] as [VARCHAR] - [password14]
2023-02-09 13:08:22.260 TRACE 5839 --- [    Test worker] o.h.type.descriptor.sql.BasicBinder      : binding parameter [6] as [VARCHAR] - [USER]
2023-02-09 13:08:22.260 TRACE 5839 --- [    Test worker] o.h.type.descriptor.sql.BasicBinder      : binding parameter [7] as [VARCHAR] - [testUser14]
2023-02-09 13:08:22.262 DEBUG 5839 --- [    Test worker] org.hibernate.SQL                        : 
    insert 
    into
        member
        (id, created_time, last_modified_time, member_email, member_nickname, member_password, member_role, member_username) 
    values
        (default, ?, ?, ?, ?, ?, ?, ?)
2023-02-09 13:08:22.262 TRACE 5839 --- [    Test worker] o.h.type.descriptor.sql.BasicBinder      : binding parameter [1] as [TIMESTAMP] - [2023-02-09T13:08:22.261949]
2023-02-09 13:08:22.262 TRACE 5839 --- [    Test worker] o.h.type.descriptor.sql.BasicBinder      : binding parameter [2] as [TIMESTAMP] - [2023-02-09T13:08:22.261782]
2023-02-09 13:08:22.262 TRACE 5839 --- [    Test worker] o.h.type.descriptor.sql.BasicBinder      : binding parameter [3] as [VARCHAR] - [test15@test.com]
2023-02-09 13:08:22.262 TRACE 5839 --- [    Test worker] o.h.type.descriptor.sql.BasicBinder      : binding parameter [4] as [VARCHAR] - [test15]
2023-02-09 13:08:22.262 TRACE 5839 --- [    Test worker] o.h.type.descriptor.sql.BasicBinder      : binding parameter [5] as [VARCHAR] - [password15]
2023-02-09 13:08:22.262 TRACE 5839 --- [    Test worker] o.h.type.descriptor.sql.BasicBinder      : binding parameter [6] as [VARCHAR] - [USER]
2023-02-09 13:08:22.262 TRACE 5839 --- [    Test worker] o.h.type.descriptor.sql.BasicBinder      : binding parameter [7] as [VARCHAR] - [testUser15]
2023-02-09 13:08:22.263 DEBUG 5839 --- [    Test worker] org.hibernate.SQL                        : 
    insert 
    into
        member
        (id, created_time, last_modified_time, member_email, member_nickname, member_password, member_role, member_username) 
    values
        (default, ?, ?, ?, ?, ?, ?, ?)
2023-02-09 13:08:22.263 TRACE 5839 --- [    Test worker] o.h.type.descriptor.sql.BasicBinder      : binding parameter [1] as [TIMESTAMP] - [2023-02-09T13:08:22.263318]
2023-02-09 13:08:22.263 TRACE 5839 --- [    Test worker] o.h.type.descriptor.sql.BasicBinder      : binding parameter [2] as [TIMESTAMP] - [2023-02-09T13:08:22.262956]
2023-02-09 13:08:22.263 TRACE 5839 --- [    Test worker] o.h.type.descriptor.sql.BasicBinder      : binding parameter [3] as [VARCHAR] - [test16@test.com]
2023-02-09 13:08:22.263 TRACE 5839 --- [    Test worker] o.h.type.descriptor.sql.BasicBinder      : binding parameter [4] as [VARCHAR] - [test16]
2023-02-09 13:08:22.263 TRACE 5839 --- [    Test worker] o.h.type.descriptor.sql.BasicBinder      : binding parameter [5] as [VARCHAR] - [password16]
2023-02-09 13:08:22.263 TRACE 5839 --- [    Test worker] o.h.type.descriptor.sql.BasicBinder      : binding parameter [6] as [VARCHAR] - [USER]
2023-02-09 13:08:22.263 TRACE 5839 --- [    Test worker] o.h.type.descriptor.sql.BasicBinder      : binding parameter [7] as [VARCHAR] - [testUser16]
2023-02-09 13:08:22.264 DEBUG 5839 --- [    Test worker] org.hibernate.SQL                        : 
    insert 
    into
        member
        (id, created_time, last_modified_time, member_email, member_nickname, member_password, member_role, member_username) 
    values
        (default, ?, ?, ?, ?, ?, ?, ?)
2023-02-09 13:08:22.264 TRACE 5839 --- [    Test worker] o.h.type.descriptor.sql.BasicBinder      : binding parameter [1] as [TIMESTAMP] - [2023-02-09T13:08:22.264420]
2023-02-09 13:08:22.264 TRACE 5839 --- [    Test worker] o.h.type.descriptor.sql.BasicBinder      : binding parameter [2] as [TIMESTAMP] - [2023-02-09T13:08:22.264324]
2023-02-09 13:08:22.264 TRACE 5839 --- [    Test worker] o.h.type.descriptor.sql.BasicBinder      : binding parameter [3] as [VARCHAR] - [test17@test.com]
2023-02-09 13:08:22.264 TRACE 5839 --- [    Test worker] o.h.type.descriptor.sql.BasicBinder      : binding parameter [4] as [VARCHAR] - [test17]
2023-02-09 13:08:22.264 TRACE 5839 --- [    Test worker] o.h.type.descriptor.sql.BasicBinder      : binding parameter [5] as [VARCHAR] - [password17]
2023-02-09 13:08:22.264 TRACE 5839 --- [    Test worker] o.h.type.descriptor.sql.BasicBinder      : binding parameter [6] as [VARCHAR] - [USER]
2023-02-09 13:08:22.264 TRACE 5839 --- [    Test worker] o.h.type.descriptor.sql.BasicBinder      : binding parameter [7] as [VARCHAR] - [testUser17]
2023-02-09 13:08:22.265 DEBUG 5839 --- [    Test worker] org.hibernate.SQL                        : 
    insert 
    into
        member
        (id, created_time, last_modified_time, member_email, member_nickname, member_password, member_role, member_username) 
    values
        (default, ?, ?, ?, ?, ?, ?, ?)
2023-02-09 13:08:22.265 TRACE 5839 --- [    Test worker] o.h.type.descriptor.sql.BasicBinder      : binding parameter [1] as [TIMESTAMP] - [2023-02-09T13:08:22.265317]
2023-02-09 13:08:22.265 TRACE 5839 --- [    Test worker] o.h.type.descriptor.sql.BasicBinder      : binding parameter [2] as [TIMESTAMP] - [2023-02-09T13:08:22.265237]
2023-02-09 13:08:22.265 TRACE 5839 --- [    Test worker] o.h.type.descriptor.sql.BasicBinder      : binding parameter [3] as [VARCHAR] - [test18@test.com]
2023-02-09 13:08:22.265 TRACE 5839 --- [    Test worker] o.h.type.descriptor.sql.BasicBinder      : binding parameter [4] as [VARCHAR] - [test18]
2023-02-09 13:08:22.265 TRACE 5839 --- [    Test worker] o.h.type.descriptor.sql.BasicBinder      : binding parameter [5] as [VARCHAR] - [password18]
2023-02-09 13:08:22.265 TRACE 5839 --- [    Test worker] o.h.type.descriptor.sql.BasicBinder      : binding parameter [6] as [VARCHAR] - [USER]
2023-02-09 13:08:22.265 TRACE 5839 --- [    Test worker] o.h.type.descriptor.sql.BasicBinder      : binding parameter [7] as [VARCHAR] - [testUser18]
2023-02-09 13:08:22.266 DEBUG 5839 --- [    Test worker] org.hibernate.SQL                        : 
    insert 
    into
        member
        (id, created_time, last_modified_time, member_email, member_nickname, member_password, member_role, member_username) 
    values
        (default, ?, ?, ?, ?, ?, ?, ?)
2023-02-09 13:08:22.266 TRACE 5839 --- [    Test worker] o.h.type.descriptor.sql.BasicBinder      : binding parameter [1] as [TIMESTAMP] - [2023-02-09T13:08:22.266286]
2023-02-09 13:08:22.266 TRACE 5839 --- [    Test worker] o.h.type.descriptor.sql.BasicBinder      : binding parameter [2] as [TIMESTAMP] - [2023-02-09T13:08:22.266185]
2023-02-09 13:08:22.266 TRACE 5839 --- [    Test worker] o.h.type.descriptor.sql.BasicBinder      : binding parameter [3] as [VARCHAR] - [test19@test.com]
2023-02-09 13:08:22.266 TRACE 5839 --- [    Test worker] o.h.type.descriptor.sql.BasicBinder      : binding parameter [4] as [VARCHAR] - [test19]
2023-02-09 13:08:22.266 TRACE 5839 --- [    Test worker] o.h.type.descriptor.sql.BasicBinder      : binding parameter [5] as [VARCHAR] - [password19]
2023-02-09 13:08:22.266 TRACE 5839 --- [    Test worker] o.h.type.descriptor.sql.BasicBinder      : binding parameter [6] as [VARCHAR] - [USER]
2023-02-09 13:08:22.266 TRACE 5839 --- [    Test worker] o.h.type.descriptor.sql.BasicBinder      : binding parameter [7] as [VARCHAR] - [testUser19]
2023-02-09 13:08:22.267 DEBUG 5839 --- [    Test worker] org.hibernate.SQL                        : 
    insert 
    into
        member
        (id, created_time, last_modified_time, member_email, member_nickname, member_password, member_role, member_username) 
    values
        (default, ?, ?, ?, ?, ?, ?, ?)
2023-02-09 13:08:22.267 TRACE 5839 --- [    Test worker] o.h.type.descriptor.sql.BasicBinder      : binding parameter [1] as [TIMESTAMP] - [2023-02-09T13:08:22.267199]
2023-02-09 13:08:22.267 TRACE 5839 --- [    Test worker] o.h.type.descriptor.sql.BasicBinder      : binding parameter [2] as [TIMESTAMP] - [2023-02-09T13:08:22.267113]
2023-02-09 13:08:22.267 TRACE 5839 --- [    Test worker] o.h.type.descriptor.sql.BasicBinder      : binding parameter [3] as [VARCHAR] - [test20@test.com]
2023-02-09 13:08:22.267 TRACE 5839 --- [    Test worker] o.h.type.descriptor.sql.BasicBinder      : binding parameter [4] as [VARCHAR] - [test20]
2023-02-09 13:08:22.267 TRACE 5839 --- [    Test worker] o.h.type.descriptor.sql.BasicBinder      : binding parameter [5] as [VARCHAR] - [password20]
2023-02-09 13:08:22.267 TRACE 5839 --- [    Test worker] o.h.type.descriptor.sql.BasicBinder      : binding parameter [6] as [VARCHAR] - [USER]
2023-02-09 13:08:22.267 TRACE 5839 --- [    Test worker] o.h.type.descriptor.sql.BasicBinder      : binding parameter [7] as [VARCHAR] - [testUser20]
2023-02-09 13:08:22.268 DEBUG 5839 --- [    Test worker] org.hibernate.SQL                        : 
    insert 
    into
        member
        (id, created_time, last_modified_time, member_email, member_nickname, member_password, member_role, member_username) 
    values
        (default, ?, ?, ?, ?, ?, ?, ?)
2023-02-09 13:08:22.268 TRACE 5839 --- [    Test worker] o.h.type.descriptor.sql.BasicBinder      : binding parameter [1] as [TIMESTAMP] - [2023-02-09T13:08:22.268070]
2023-02-09 13:08:22.268 TRACE 5839 --- [    Test worker] o.h.type.descriptor.sql.BasicBinder      : binding parameter [2] as [TIMESTAMP] - [2023-02-09T13:08:22.267999]
2023-02-09 13:08:22.268 TRACE 5839 --- [    Test worker] o.h.type.descriptor.sql.BasicBinder      : binding parameter [3] as [VARCHAR] - [test21@test.com]
2023-02-09 13:08:22.268 TRACE 5839 --- [    Test worker] o.h.type.descriptor.sql.BasicBinder      : binding parameter [4] as [VARCHAR] - [test21]
2023-02-09 13:08:22.268 TRACE 5839 --- [    Test worker] o.h.type.descriptor.sql.BasicBinder      : binding parameter [5] as [VARCHAR] - [password21]
2023-02-09 13:08:22.268 TRACE 5839 --- [    Test worker] o.h.type.descriptor.sql.BasicBinder      : binding parameter [6] as [VARCHAR] - [USER]
2023-02-09 13:08:22.268 TRACE 5839 --- [    Test worker] o.h.type.descriptor.sql.BasicBinder      : binding parameter [7] as [VARCHAR] - [testUser21]
2023-02-09 13:08:22.269 DEBUG 5839 --- [    Test worker] org.hibernate.SQL                        : 
    insert 
    into
        member
        (id, created_time, last_modified_time, member_email, member_nickname, member_password, member_role, member_username) 
    values
        (default, ?, ?, ?, ?, ?, ?, ?)
2023-02-09 13:08:22.269 TRACE 5839 --- [    Test worker] o.h.type.descriptor.sql.BasicBinder      : binding parameter [1] as [TIMESTAMP] - [2023-02-09T13:08:22.269115]
2023-02-09 13:08:22.269 TRACE 5839 --- [    Test worker] o.h.type.descriptor.sql.BasicBinder      : binding parameter [2] as [TIMESTAMP] - [2023-02-09T13:08:22.268926]
2023-02-09 13:08:22.269 TRACE 5839 --- [    Test worker] o.h.type.descriptor.sql.BasicBinder      : binding parameter [3] as [VARCHAR] - [test22@test.com]
2023-02-09 13:08:22.269 TRACE 5839 --- [    Test worker] o.h.type.descriptor.sql.BasicBinder      : binding parameter [4] as [VARCHAR] - [test22]
2023-02-09 13:08:22.269 TRACE 5839 --- [    Test worker] o.h.type.descriptor.sql.BasicBinder      : binding parameter [5] as [VARCHAR] - [password22]
2023-02-09 13:08:22.269 TRACE 5839 --- [    Test worker] o.h.type.descriptor.sql.BasicBinder      : binding parameter [6] as [VARCHAR] - [USER]
2023-02-09 13:08:22.269 TRACE 5839 --- [    Test worker] o.h.type.descriptor.sql.BasicBinder      : binding parameter [7] as [VARCHAR] - [testUser22]
2023-02-09 13:08:22.270 DEBUG 5839 --- [    Test worker] org.hibernate.SQL                        : 
    insert 
    into
        member
        (id, created_time, last_modified_time, member_email, member_nickname, member_password, member_role, member_username) 
    values
        (default, ?, ?, ?, ?, ?, ?, ?)
2023-02-09 13:08:22.271 TRACE 5839 --- [    Test worker] o.h.type.descriptor.sql.BasicBinder      : binding parameter [1] as [TIMESTAMP] - [2023-02-09T13:08:22.270853]
2023-02-09 13:08:22.271 TRACE 5839 --- [    Test worker] o.h.type.descriptor.sql.BasicBinder      : binding parameter [2] as [TIMESTAMP] - [2023-02-09T13:08:22.270110]
2023-02-09 13:08:22.271 TRACE 5839 --- [    Test worker] o.h.type.descriptor.sql.BasicBinder      : binding parameter [3] as [VARCHAR] - [test23@test.com]
2023-02-09 13:08:22.271 TRACE 5839 --- [    Test worker] o.h.type.descriptor.sql.BasicBinder      : binding parameter [4] as [VARCHAR] - [test23]
2023-02-09 13:08:22.271 TRACE 5839 --- [    Test worker] o.h.type.descriptor.sql.BasicBinder      : binding parameter [5] as [VARCHAR] - [password23]
2023-02-09 13:08:22.271 TRACE 5839 --- [    Test worker] o.h.type.descriptor.sql.BasicBinder      : binding parameter [6] as [VARCHAR] - [USER]
2023-02-09 13:08:22.271 TRACE 5839 --- [    Test worker] o.h.type.descriptor.sql.BasicBinder      : binding parameter [7] as [VARCHAR] - [testUser23]
2023-02-09 13:08:22.271 DEBUG 5839 --- [    Test worker] org.hibernate.SQL                        : 
    insert 
    into
        member
        (id, created_time, last_modified_time, member_email, member_nickname, member_password, member_role, member_username) 
    values
        (default, ?, ?, ?, ?, ?, ?, ?)
2023-02-09 13:08:22.272 TRACE 5839 --- [    Test worker] o.h.type.descriptor.sql.BasicBinder      : binding parameter [1] as [TIMESTAMP] - [2023-02-09T13:08:22.271861]
2023-02-09 13:08:22.272 TRACE 5839 --- [    Test worker] o.h.type.descriptor.sql.BasicBinder      : binding parameter [2] as [TIMESTAMP] - [2023-02-09T13:08:22.271780]
2023-02-09 13:08:22.272 TRACE 5839 --- [    Test worker] o.h.type.descriptor.sql.BasicBinder      : binding parameter [3] as [VARCHAR] - [test24@test.com]
2023-02-09 13:08:22.272 TRACE 5839 --- [    Test worker] o.h.type.descriptor.sql.BasicBinder      : binding parameter [4] as [VARCHAR] - [test24]
2023-02-09 13:08:22.272 TRACE 5839 --- [    Test worker] o.h.type.descriptor.sql.BasicBinder      : binding parameter [5] as [VARCHAR] - [password24]
2023-02-09 13:08:22.272 TRACE 5839 --- [    Test worker] o.h.type.descriptor.sql.BasicBinder      : binding parameter [6] as [VARCHAR] - [USER]
2023-02-09 13:08:22.272 TRACE 5839 --- [    Test worker] o.h.type.descriptor.sql.BasicBinder      : binding parameter [7] as [VARCHAR] - [testUser24]
2023-02-09 13:08:22.272 DEBUG 5839 --- [    Test worker] org.hibernate.SQL                        : 
    insert 
    into
        member
        (id, created_time, last_modified_time, member_email, member_nickname, member_password, member_role, member_username) 
    values
        (default, ?, ?, ?, ?, ?, ?, ?)
2023-02-09 13:08:22.273 TRACE 5839 --- [    Test worker] o.h.type.descriptor.sql.BasicBinder      : binding parameter [1] as [TIMESTAMP] - [2023-02-09T13:08:22.272766]
2023-02-09 13:08:22.273 TRACE 5839 --- [    Test worker] o.h.type.descriptor.sql.BasicBinder      : binding parameter [2] as [TIMESTAMP] - [2023-02-09T13:08:22.272683]
2023-02-09 13:08:22.273 TRACE 5839 --- [    Test worker] o.h.type.descriptor.sql.BasicBinder      : binding parameter [3] as [VARCHAR] - [test25@test.com]
2023-02-09 13:08:22.273 TRACE 5839 --- [    Test worker] o.h.type.descriptor.sql.BasicBinder      : binding parameter [4] as [VARCHAR] - [test25]
2023-02-09 13:08:22.273 TRACE 5839 --- [    Test worker] o.h.type.descriptor.sql.BasicBinder      : binding parameter [5] as [VARCHAR] - [password25]
2023-02-09 13:08:22.273 TRACE 5839 --- [    Test worker] o.h.type.descriptor.sql.BasicBinder      : binding parameter [6] as [VARCHAR] - [USER]
2023-02-09 13:08:22.273 TRACE 5839 --- [    Test worker] o.h.type.descriptor.sql.BasicBinder      : binding parameter [7] as [VARCHAR] - [testUser25]
2023-02-09 13:08:22.274 DEBUG 5839 --- [    Test worker] org.hibernate.SQL                        : 
    insert 
    into
        member
        (id, created_time, last_modified_time, member_email, member_nickname, member_password, member_role, member_username) 
    values
        (default, ?, ?, ?, ?, ?, ?, ?)
2023-02-09 13:08:22.274 TRACE 5839 --- [    Test worker] o.h.type.descriptor.sql.BasicBinder      : binding parameter [1] as [TIMESTAMP] - [2023-02-09T13:08:22.274015]
2023-02-09 13:08:22.274 TRACE 5839 --- [    Test worker] o.h.type.descriptor.sql.BasicBinder      : binding parameter [2] as [TIMESTAMP] - [2023-02-09T13:08:22.273897]
2023-02-09 13:08:22.274 TRACE 5839 --- [    Test worker] o.h.type.descriptor.sql.BasicBinder      : binding parameter [3] as [VARCHAR] - [test26@test.com]
2023-02-09 13:08:22.274 TRACE 5839 --- [    Test worker] o.h.type.descriptor.sql.BasicBinder      : binding parameter [4] as [VARCHAR] - [test26]
2023-02-09 13:08:22.274 TRACE 5839 --- [    Test worker] o.h.type.descriptor.sql.BasicBinder      : binding parameter [5] as [VARCHAR] - [password26]
2023-02-09 13:08:22.274 TRACE 5839 --- [    Test worker] o.h.type.descriptor.sql.BasicBinder      : binding parameter [6] as [VARCHAR] - [USER]
2023-02-09 13:08:22.274 TRACE 5839 --- [    Test worker] o.h.type.descriptor.sql.BasicBinder      : binding parameter [7] as [VARCHAR] - [testUser26]
2023-02-09 13:08:22.275 DEBUG 5839 --- [    Test worker] org.hibernate.SQL                        : 
    insert 
    into
        member
        (id, created_time, last_modified_time, member_email, member_nickname, member_password, member_role, member_username) 
    values
        (default, ?, ?, ?, ?, ?, ?, ?)
2023-02-09 13:08:22.276 TRACE 5839 --- [    Test worker] o.h.type.descriptor.sql.BasicBinder      : binding parameter [1] as [TIMESTAMP] - [2023-02-09T13:08:22.275568]
2023-02-09 13:08:22.276 TRACE 5839 --- [    Test worker] o.h.type.descriptor.sql.BasicBinder      : binding parameter [2] as [TIMESTAMP] - [2023-02-09T13:08:22.275351]
2023-02-09 13:08:22.276 TRACE 5839 --- [    Test worker] o.h.type.descriptor.sql.BasicBinder      : binding parameter [3] as [VARCHAR] - [test27@test.com]
2023-02-09 13:08:22.276 TRACE 5839 --- [    Test worker] o.h.type.descriptor.sql.BasicBinder      : binding parameter [4] as [VARCHAR] - [test27]
2023-02-09 13:08:22.276 TRACE 5839 --- [    Test worker] o.h.type.descriptor.sql.BasicBinder      : binding parameter [5] as [VARCHAR] - [password27]
2023-02-09 13:08:22.276 TRACE 5839 --- [    Test worker] o.h.type.descriptor.sql.BasicBinder      : binding parameter [6] as [VARCHAR] - [USER]
2023-02-09 13:08:22.276 TRACE 5839 --- [    Test worker] o.h.type.descriptor.sql.BasicBinder      : binding parameter [7] as [VARCHAR] - [testUser27]
2023-02-09 13:08:22.277 DEBUG 5839 --- [    Test worker] org.hibernate.SQL                        : 
    insert 
    into
        member
        (id, created_time, last_modified_time, member_email, member_nickname, member_password, member_role, member_username) 
    values
        (default, ?, ?, ?, ?, ?, ?, ?)
2023-02-09 13:08:22.277 TRACE 5839 --- [    Test worker] o.h.type.descriptor.sql.BasicBinder      : binding parameter [1] as [TIMESTAMP] - [2023-02-09T13:08:22.277186]
2023-02-09 13:08:22.277 TRACE 5839 --- [    Test worker] o.h.type.descriptor.sql.BasicBinder      : binding parameter [2] as [TIMESTAMP] - [2023-02-09T13:08:22.276957]
2023-02-09 13:08:22.277 TRACE 5839 --- [    Test worker] o.h.type.descriptor.sql.BasicBinder      : binding parameter [3] as [VARCHAR] - [test28@test.com]
2023-02-09 13:08:22.277 TRACE 5839 --- [    Test worker] o.h.type.descriptor.sql.BasicBinder      : binding parameter [4] as [VARCHAR] - [test28]
2023-02-09 13:08:22.277 TRACE 5839 --- [    Test worker] o.h.type.descriptor.sql.BasicBinder      : binding parameter [5] as [VARCHAR] - [password28]
2023-02-09 13:08:22.277 TRACE 5839 --- [    Test worker] o.h.type.descriptor.sql.BasicBinder      : binding parameter [6] as [VARCHAR] - [USER]
2023-02-09 13:08:22.277 TRACE 5839 --- [    Test worker] o.h.type.descriptor.sql.BasicBinder      : binding parameter [7] as [VARCHAR] - [testUser28]
2023-02-09 13:08:22.278 DEBUG 5839 --- [    Test worker] org.hibernate.SQL                        : 
    insert 
    into
        member
        (id, created_time, last_modified_time, member_email, member_nickname, member_password, member_role, member_username) 
    values
        (default, ?, ?, ?, ?, ?, ?, ?)
2023-02-09 13:08:22.278 TRACE 5839 --- [    Test worker] o.h.type.descriptor.sql.BasicBinder      : binding parameter [1] as [TIMESTAMP] - [2023-02-09T13:08:22.278165]
2023-02-09 13:08:22.278 TRACE 5839 --- [    Test worker] o.h.type.descriptor.sql.BasicBinder      : binding parameter [2] as [TIMESTAMP] - [2023-02-09T13:08:22.278073]
2023-02-09 13:08:22.278 TRACE 5839 --- [    Test worker] o.h.type.descriptor.sql.BasicBinder      : binding parameter [3] as [VARCHAR] - [test29@test.com]
2023-02-09 13:08:22.278 TRACE 5839 --- [    Test worker] o.h.type.descriptor.sql.BasicBinder      : binding parameter [4] as [VARCHAR] - [test29]
2023-02-09 13:08:22.278 TRACE 5839 --- [    Test worker] o.h.type.descriptor.sql.BasicBinder      : binding parameter [5] as [VARCHAR] - [password29]
2023-02-09 13:08:22.278 TRACE 5839 --- [    Test worker] o.h.type.descriptor.sql.BasicBinder      : binding parameter [6] as [VARCHAR] - [USER]
2023-02-09 13:08:22.278 TRACE 5839 --- [    Test worker] o.h.type.descriptor.sql.BasicBinder      : binding parameter [7] as [VARCHAR] - [testUser29]
2023-02-09 13:08:22.279 DEBUG 5839 --- [    Test worker] org.hibernate.SQL                        : 
    insert 
    into
        member
        (id, created_time, last_modified_time, member_email, member_nickname, member_password, member_role, member_username) 
    values
        (default, ?, ?, ?, ?, ?, ?, ?)
2023-02-09 13:08:22.279 TRACE 5839 --- [    Test worker] o.h.type.descriptor.sql.BasicBinder      : binding parameter [1] as [TIMESTAMP] - [2023-02-09T13:08:22.278991]
2023-02-09 13:08:22.279 TRACE 5839 --- [    Test worker] o.h.type.descriptor.sql.BasicBinder      : binding parameter [2] as [TIMESTAMP] - [2023-02-09T13:08:22.278910]
2023-02-09 13:08:22.279 TRACE 5839 --- [    Test worker] o.h.type.descriptor.sql.BasicBinder      : binding parameter [3] as [VARCHAR] - [test30@test.com]
2023-02-09 13:08:22.279 TRACE 5839 --- [    Test worker] o.h.type.descriptor.sql.BasicBinder      : binding parameter [4] as [VARCHAR] - [test30]
2023-02-09 13:08:22.279 TRACE 5839 --- [    Test worker] o.h.type.descriptor.sql.BasicBinder      : binding parameter [5] as [VARCHAR] - [password30]
2023-02-09 13:08:22.279 TRACE 5839 --- [    Test worker] o.h.type.descriptor.sql.BasicBinder      : binding parameter [6] as [VARCHAR] - [USER]
2023-02-09 13:08:22.279 TRACE 5839 --- [    Test worker] o.h.type.descriptor.sql.BasicBinder      : binding parameter [7] as [VARCHAR] - [testUser30]
2023-02-09 13:08:22.280 DEBUG 5839 --- [    Test worker] org.hibernate.SQL                        : 
    insert 
    into
        member
        (id, created_time, last_modified_time, member_email, member_nickname, member_password, member_role, member_username) 
    values
        (default, ?, ?, ?, ?, ?, ?, ?)
2023-02-09 13:08:22.280 TRACE 5839 --- [    Test worker] o.h.type.descriptor.sql.BasicBinder      : binding parameter [1] as [TIMESTAMP] - [2023-02-09T13:08:22.279957]
2023-02-09 13:08:22.280 TRACE 5839 --- [    Test worker] o.h.type.descriptor.sql.BasicBinder      : binding parameter [2] as [TIMESTAMP] - [2023-02-09T13:08:22.279871]
2023-02-09 13:08:22.280 TRACE 5839 --- [    Test worker] o.h.type.descriptor.sql.BasicBinder      : binding parameter [3] as [VARCHAR] - [test31@test.com]
2023-02-09 13:08:22.280 TRACE 5839 --- [    Test worker] o.h.type.descriptor.sql.BasicBinder      : binding parameter [4] as [VARCHAR] - [test31]
2023-02-09 13:08:22.280 TRACE 5839 --- [    Test worker] o.h.type.descriptor.sql.BasicBinder      : binding parameter [5] as [VARCHAR] - [password31]
2023-02-09 13:08:22.280 TRACE 5839 --- [    Test worker] o.h.type.descriptor.sql.BasicBinder      : binding parameter [6] as [VARCHAR] - [USER]
2023-02-09 13:08:22.280 TRACE 5839 --- [    Test worker] o.h.type.descriptor.sql.BasicBinder      : binding parameter [7] as [VARCHAR] - [testUser31]
2023-02-09 13:08:22.280 DEBUG 5839 --- [    Test worker] org.hibernate.SQL                        : 
    insert 
    into
        member
        (id, created_time, last_modified_time, member_email, member_nickname, member_password, member_role, member_username) 
    values
        (default, ?, ?, ?, ?, ?, ?, ?)
2023-02-09 13:08:22.280 TRACE 5839 --- [    Test worker] o.h.type.descriptor.sql.BasicBinder      : binding parameter [1] as [TIMESTAMP] - [2023-02-09T13:08:22.280685]
2023-02-09 13:08:22.281 TRACE 5839 --- [    Test worker] o.h.type.descriptor.sql.BasicBinder      : binding parameter [2] as [TIMESTAMP] - [2023-02-09T13:08:22.280611]
2023-02-09 13:08:22.281 TRACE 5839 --- [    Test worker] o.h.type.descriptor.sql.BasicBinder      : binding parameter [3] as [VARCHAR] - [test32@test.com]
2023-02-09 13:08:22.281 TRACE 5839 --- [    Test worker] o.h.type.descriptor.sql.BasicBinder      : binding parameter [4] as [VARCHAR] - [test32]
2023-02-09 13:08:22.281 TRACE 5839 --- [    Test worker] o.h.type.descriptor.sql.BasicBinder      : binding parameter [5] as [VARCHAR] - [password32]
2023-02-09 13:08:22.281 TRACE 5839 --- [    Test worker] o.h.type.descriptor.sql.BasicBinder      : binding parameter [6] as [VARCHAR] - [USER]
2023-02-09 13:08:22.281 TRACE 5839 --- [    Test worker] o.h.type.descriptor.sql.BasicBinder      : binding parameter [7] as [VARCHAR] - [testUser32]
2023-02-09 13:08:22.281 DEBUG 5839 --- [    Test worker] org.hibernate.SQL                        : 
    insert 
    into
        member
        (id, created_time, last_modified_time, member_email, member_nickname, member_password, member_role, member_username) 
    values
        (default, ?, ?, ?, ?, ?, ?, ?)
2023-02-09 13:08:22.281 TRACE 5839 --- [    Test worker] o.h.type.descriptor.sql.BasicBinder      : binding parameter [1] as [TIMESTAMP] - [2023-02-09T13:08:22.281604]
2023-02-09 13:08:22.281 TRACE 5839 --- [    Test worker] o.h.type.descriptor.sql.BasicBinder      : binding parameter [2] as [TIMESTAMP] - [2023-02-09T13:08:22.281514]
2023-02-09 13:08:22.281 TRACE 5839 --- [    Test worker] o.h.type.descriptor.sql.BasicBinder      : binding parameter [3] as [VARCHAR] - [test33@test.com]
2023-02-09 13:08:22.281 TRACE 5839 --- [    Test worker] o.h.type.descriptor.sql.BasicBinder      : binding parameter [4] as [VARCHAR] - [test33]
2023-02-09 13:08:22.282 TRACE 5839 --- [    Test worker] o.h.type.descriptor.sql.BasicBinder      : binding parameter [5] as [VARCHAR] - [password33]
2023-02-09 13:08:22.282 TRACE 5839 --- [    Test worker] o.h.type.descriptor.sql.BasicBinder      : binding parameter [6] as [VARCHAR] - [USER]
2023-02-09 13:08:22.282 TRACE 5839 --- [    Test worker] o.h.type.descriptor.sql.BasicBinder      : binding parameter [7] as [VARCHAR] - [testUser33]
2023-02-09 13:08:22.282 DEBUG 5839 --- [    Test worker] org.hibernate.SQL                        : 
    insert 
    into
        member
        (id, created_time, last_modified_time, member_email, member_nickname, member_password, member_role, member_username) 
    values
        (default, ?, ?, ?, ?, ?, ?, ?)
2023-02-09 13:08:22.282 TRACE 5839 --- [    Test worker] o.h.type.descriptor.sql.BasicBinder      : binding parameter [1] as [TIMESTAMP] - [2023-02-09T13:08:22.282628]
2023-02-09 13:08:22.282 TRACE 5839 --- [    Test worker] o.h.type.descriptor.sql.BasicBinder      : binding parameter [2] as [TIMESTAMP] - [2023-02-09T13:08:22.282555]
2023-02-09 13:08:22.282 TRACE 5839 --- [    Test worker] o.h.type.descriptor.sql.BasicBinder      : binding parameter [3] as [VARCHAR] - [test34@test.com]
2023-02-09 13:08:22.283 TRACE 5839 --- [    Test worker] o.h.type.descriptor.sql.BasicBinder      : binding parameter [4] as [VARCHAR] - [test34]
2023-02-09 13:08:22.283 TRACE 5839 --- [    Test worker] o.h.type.descriptor.sql.BasicBinder      : binding parameter [5] as [VARCHAR] - [password34]
2023-02-09 13:08:22.283 TRACE 5839 --- [    Test worker] o.h.type.descriptor.sql.BasicBinder      : binding parameter [6] as [VARCHAR] - [USER]
2023-02-09 13:08:22.283 TRACE 5839 --- [    Test worker] o.h.type.descriptor.sql.BasicBinder      : binding parameter [7] as [VARCHAR] - [testUser34]
2023-02-09 13:08:22.283 DEBUG 5839 --- [    Test worker] org.hibernate.SQL                        : 
    insert 
    into
        member
        (id, created_time, last_modified_time, member_email, member_nickname, member_password, member_role, member_username) 
    values
        (default, ?, ?, ?, ?, ?, ?, ?)
2023-02-09 13:08:22.283 TRACE 5839 --- [    Test worker] o.h.type.descriptor.sql.BasicBinder      : binding parameter [1] as [TIMESTAMP] - [2023-02-09T13:08:22.283575]
2023-02-09 13:08:22.283 TRACE 5839 --- [    Test worker] o.h.type.descriptor.sql.BasicBinder      : binding parameter [2] as [TIMESTAMP] - [2023-02-09T13:08:22.283496]
2023-02-09 13:08:22.283 TRACE 5839 --- [    Test worker] o.h.type.descriptor.sql.BasicBinder      : binding parameter [3] as [VARCHAR] - [test35@test.com]
2023-02-09 13:08:22.283 TRACE 5839 --- [    Test worker] o.h.type.descriptor.sql.BasicBinder      : binding parameter [4] as [VARCHAR] - [test35]
2023-02-09 13:08:22.283 TRACE 5839 --- [    Test worker] o.h.type.descriptor.sql.BasicBinder      : binding parameter [5] as [VARCHAR] - [password35]
2023-02-09 13:08:22.283 TRACE 5839 --- [    Test worker] o.h.type.descriptor.sql.BasicBinder      : binding parameter [6] as [VARCHAR] - [USER]
2023-02-09 13:08:22.283 TRACE 5839 --- [    Test worker] o.h.type.descriptor.sql.BasicBinder      : binding parameter [7] as [VARCHAR] - [testUser35]
2023-02-09 13:08:22.284 DEBUG 5839 --- [    Test worker] org.hibernate.SQL                        : 
    insert 
    into
        member
        (id, created_time, last_modified_time, member_email, member_nickname, member_password, member_role, member_username) 
    values
        (default, ?, ?, ?, ?, ?, ?, ?)
2023-02-09 13:08:22.284 TRACE 5839 --- [    Test worker] o.h.type.descriptor.sql.BasicBinder      : binding parameter [1] as [TIMESTAMP] - [2023-02-09T13:08:22.284457]
2023-02-09 13:08:22.284 TRACE 5839 --- [    Test worker] o.h.type.descriptor.sql.BasicBinder      : binding parameter [2] as [TIMESTAMP] - [2023-02-09T13:08:22.284374]
2023-02-09 13:08:22.284 TRACE 5839 --- [    Test worker] o.h.type.descriptor.sql.BasicBinder      : binding parameter [3] as [VARCHAR] - [test36@test.com]
2023-02-09 13:08:22.284 TRACE 5839 --- [    Test worker] o.h.type.descriptor.sql.BasicBinder      : binding parameter [4] as [VARCHAR] - [test36]
2023-02-09 13:08:22.284 TRACE 5839 --- [    Test worker] o.h.type.descriptor.sql.BasicBinder      : binding parameter [5] as [VARCHAR] - [password36]
2023-02-09 13:08:22.284 TRACE 5839 --- [    Test worker] o.h.type.descriptor.sql.BasicBinder      : binding parameter [6] as [VARCHAR] - [USER]
2023-02-09 13:08:22.284 TRACE 5839 --- [    Test worker] o.h.type.descriptor.sql.BasicBinder      : binding parameter [7] as [VARCHAR] - [testUser36]
2023-02-09 13:08:22.285 DEBUG 5839 --- [    Test worker] org.hibernate.SQL                        : 
    insert 
    into
        member
        (id, created_time, last_modified_time, member_email, member_nickname, member_password, member_role, member_username) 
    values
        (default, ?, ?, ?, ?, ?, ?, ?)
2023-02-09 13:08:22.285 TRACE 5839 --- [    Test worker] o.h.type.descriptor.sql.BasicBinder      : binding parameter [1] as [TIMESTAMP] - [2023-02-09T13:08:22.285230]
2023-02-09 13:08:22.285 TRACE 5839 --- [    Test worker] o.h.type.descriptor.sql.BasicBinder      : binding parameter [2] as [TIMESTAMP] - [2023-02-09T13:08:22.285150]
2023-02-09 13:08:22.285 TRACE 5839 --- [    Test worker] o.h.type.descriptor.sql.BasicBinder      : binding parameter [3] as [VARCHAR] - [test37@test.com]
2023-02-09 13:08:22.285 TRACE 5839 --- [    Test worker] o.h.type.descriptor.sql.BasicBinder      : binding parameter [4] as [VARCHAR] - [test37]
2023-02-09 13:08:22.285 TRACE 5839 --- [    Test worker] o.h.type.descriptor.sql.BasicBinder      : binding parameter [5] as [VARCHAR] - [password37]
2023-02-09 13:08:22.285 TRACE 5839 --- [    Test worker] o.h.type.descriptor.sql.BasicBinder      : binding parameter [6] as [VARCHAR] - [USER]
2023-02-09 13:08:22.285 TRACE 5839 --- [    Test worker] o.h.type.descriptor.sql.BasicBinder      : binding parameter [7] as [VARCHAR] - [testUser37]
2023-02-09 13:08:22.286 DEBUG 5839 --- [    Test worker] org.hibernate.SQL                        : 
    insert 
    into
        member
        (id, created_time, last_modified_time, member_email, member_nickname, member_password, member_role, member_username) 
    values
        (default, ?, ?, ?, ?, ?, ?, ?)
2023-02-09 13:08:22.286 TRACE 5839 --- [    Test worker] o.h.type.descriptor.sql.BasicBinder      : binding parameter [1] as [TIMESTAMP] - [2023-02-09T13:08:22.286218]
2023-02-09 13:08:22.286 TRACE 5839 --- [    Test worker] o.h.type.descriptor.sql.BasicBinder      : binding parameter [2] as [TIMESTAMP] - [2023-02-09T13:08:22.286121]
2023-02-09 13:08:22.286 TRACE 5839 --- [    Test worker] o.h.type.descriptor.sql.BasicBinder      : binding parameter [3] as [VARCHAR] - [test38@test.com]
2023-02-09 13:08:22.286 TRACE 5839 --- [    Test worker] o.h.type.descriptor.sql.BasicBinder      : binding parameter [4] as [VARCHAR] - [test38]
2023-02-09 13:08:22.286 TRACE 5839 --- [    Test worker] o.h.type.descriptor.sql.BasicBinder      : binding parameter [5] as [VARCHAR] - [password38]
2023-02-09 13:08:22.286 TRACE 5839 --- [    Test worker] o.h.type.descriptor.sql.BasicBinder      : binding parameter [6] as [VARCHAR] - [USER]
2023-02-09 13:08:22.286 TRACE 5839 --- [    Test worker] o.h.type.descriptor.sql.BasicBinder      : binding parameter [7] as [VARCHAR] - [testUser38]
2023-02-09 13:08:22.287 DEBUG 5839 --- [    Test worker] org.hibernate.SQL                        : 
    insert 
    into
        member
        (id, created_time, last_modified_time, member_email, member_nickname, member_password, member_role, member_username) 
    values
        (default, ?, ?, ?, ?, ?, ?, ?)
2023-02-09 13:08:22.287 TRACE 5839 --- [    Test worker] o.h.type.descriptor.sql.BasicBinder      : binding parameter [1] as [TIMESTAMP] - [2023-02-09T13:08:22.287081]
2023-02-09 13:08:22.287 TRACE 5839 --- [    Test worker] o.h.type.descriptor.sql.BasicBinder      : binding parameter [2] as [TIMESTAMP] - [2023-02-09T13:08:22.287001]
2023-02-09 13:08:22.287 TRACE 5839 --- [    Test worker] o.h.type.descriptor.sql.BasicBinder      : binding parameter [3] as [VARCHAR] - [test39@test.com]
2023-02-09 13:08:22.287 TRACE 5839 --- [    Test worker] o.h.type.descriptor.sql.BasicBinder      : binding parameter [4] as [VARCHAR] - [test39]
2023-02-09 13:08:22.287 TRACE 5839 --- [    Test worker] o.h.type.descriptor.sql.BasicBinder      : binding parameter [5] as [VARCHAR] - [password39]
2023-02-09 13:08:22.287 TRACE 5839 --- [    Test worker] o.h.type.descriptor.sql.BasicBinder      : binding parameter [6] as [VARCHAR] - [USER]
2023-02-09 13:08:22.287 TRACE 5839 --- [    Test worker] o.h.type.descriptor.sql.BasicBinder      : binding parameter [7] as [VARCHAR] - [testUser39]
2023-02-09 13:08:22.288 DEBUG 5839 --- [    Test worker] org.hibernate.SQL                        : 
    insert 
    into
        member
        (id, created_time, last_modified_time, member_email, member_nickname, member_password, member_role, member_username) 
    values
        (default, ?, ?, ?, ?, ?, ?, ?)
2023-02-09 13:08:22.288 TRACE 5839 --- [    Test worker] o.h.type.descriptor.sql.BasicBinder      : binding parameter [1] as [TIMESTAMP] - [2023-02-09T13:08:22.287937]
2023-02-09 13:08:22.288 TRACE 5839 --- [    Test worker] o.h.type.descriptor.sql.BasicBinder      : binding parameter [2] as [TIMESTAMP] - [2023-02-09T13:08:22.287860]
2023-02-09 13:08:22.288 TRACE 5839 --- [    Test worker] o.h.type.descriptor.sql.BasicBinder      : binding parameter [3] as [VARCHAR] - [test40@test.com]
2023-02-09 13:08:22.288 TRACE 5839 --- [    Test worker] o.h.type.descriptor.sql.BasicBinder      : binding parameter [4] as [VARCHAR] - [test40]
2023-02-09 13:08:22.288 TRACE 5839 --- [    Test worker] o.h.type.descriptor.sql.BasicBinder      : binding parameter [5] as [VARCHAR] - [password40]
2023-02-09 13:08:22.288 TRACE 5839 --- [    Test worker] o.h.type.descriptor.sql.BasicBinder      : binding parameter [6] as [VARCHAR] - [USER]
2023-02-09 13:08:22.288 TRACE 5839 --- [    Test worker] o.h.type.descriptor.sql.BasicBinder      : binding parameter [7] as [VARCHAR] - [testUser40]
2023-02-09 13:08:22.288 DEBUG 5839 --- [    Test worker] org.hibernate.SQL                        : 
    insert 
    into
        member
        (id, created_time, last_modified_time, member_email, member_nickname, member_password, member_role, member_username) 
    values
        (default, ?, ?, ?, ?, ?, ?, ?)
2023-02-09 13:08:22.288 TRACE 5839 --- [    Test worker] o.h.type.descriptor.sql.BasicBinder      : binding parameter [1] as [TIMESTAMP] - [2023-02-09T13:08:22.288744]
2023-02-09 13:08:22.289 TRACE 5839 --- [    Test worker] o.h.type.descriptor.sql.BasicBinder      : binding parameter [2] as [TIMESTAMP] - [2023-02-09T13:08:22.288672]
2023-02-09 13:08:22.289 TRACE 5839 --- [    Test worker] o.h.type.descriptor.sql.BasicBinder      : binding parameter [3] as [VARCHAR] - [test41@test.com]
2023-02-09 13:08:22.289 TRACE 5839 --- [    Test worker] o.h.type.descriptor.sql.BasicBinder      : binding parameter [4] as [VARCHAR] - [test41]
2023-02-09 13:08:22.289 TRACE 5839 --- [    Test worker] o.h.type.descriptor.sql.BasicBinder      : binding parameter [5] as [VARCHAR] - [password41]
2023-02-09 13:08:22.289 TRACE 5839 --- [    Test worker] o.h.type.descriptor.sql.BasicBinder      : binding parameter [6] as [VARCHAR] - [USER]
2023-02-09 13:08:22.289 TRACE 5839 --- [    Test worker] o.h.type.descriptor.sql.BasicBinder      : binding parameter [7] as [VARCHAR] - [testUser41]
2023-02-09 13:08:22.289 DEBUG 5839 --- [    Test worker] org.hibernate.SQL                        : 
    insert 
    into
        member
        (id, created_time, last_modified_time, member_email, member_nickname, member_password, member_role, member_username) 
    values
        (default, ?, ?, ?, ?, ?, ?, ?)
2023-02-09 13:08:22.289 TRACE 5839 --- [    Test worker] o.h.type.descriptor.sql.BasicBinder      : binding parameter [1] as [TIMESTAMP] - [2023-02-09T13:08:22.289461]
2023-02-09 13:08:22.289 TRACE 5839 --- [    Test worker] o.h.type.descriptor.sql.BasicBinder      : binding parameter [2] as [TIMESTAMP] - [2023-02-09T13:08:22.289394]
2023-02-09 13:08:22.289 TRACE 5839 --- [    Test worker] o.h.type.descriptor.sql.BasicBinder      : binding parameter [3] as [VARCHAR] - [test42@test.com]
2023-02-09 13:08:22.289 TRACE 5839 --- [    Test worker] o.h.type.descriptor.sql.BasicBinder      : binding parameter [4] as [VARCHAR] - [test42]
2023-02-09 13:08:22.289 TRACE 5839 --- [    Test worker] o.h.type.descriptor.sql.BasicBinder      : binding parameter [5] as [VARCHAR] - [password42]
2023-02-09 13:08:22.289 TRACE 5839 --- [    Test worker] o.h.type.descriptor.sql.BasicBinder      : binding parameter [6] as [VARCHAR] - [USER]
2023-02-09 13:08:22.289 TRACE 5839 --- [    Test worker] o.h.type.descriptor.sql.BasicBinder      : binding parameter [7] as [VARCHAR] - [testUser42]
2023-02-09 13:08:22.290 DEBUG 5839 --- [    Test worker] org.hibernate.SQL                        : 
    insert 
    into
        member
        (id, created_time, last_modified_time, member_email, member_nickname, member_password, member_role, member_username) 
    values
        (default, ?, ?, ?, ?, ?, ?, ?)
2023-02-09 13:08:22.290 TRACE 5839 --- [    Test worker] o.h.type.descriptor.sql.BasicBinder      : binding parameter [1] as [TIMESTAMP] - [2023-02-09T13:08:22.290288]
2023-02-09 13:08:22.290 TRACE 5839 --- [    Test worker] o.h.type.descriptor.sql.BasicBinder      : binding parameter [2] as [TIMESTAMP] - [2023-02-09T13:08:22.290208]
2023-02-09 13:08:22.290 TRACE 5839 --- [    Test worker] o.h.type.descriptor.sql.BasicBinder      : binding parameter [3] as [VARCHAR] - [test43@test.com]
2023-02-09 13:08:22.290 TRACE 5839 --- [    Test worker] o.h.type.descriptor.sql.BasicBinder      : binding parameter [4] as [VARCHAR] - [test43]
2023-02-09 13:08:22.290 TRACE 5839 --- [    Test worker] o.h.type.descriptor.sql.BasicBinder      : binding parameter [5] as [VARCHAR] - [password43]
2023-02-09 13:08:22.290 TRACE 5839 --- [    Test worker] o.h.type.descriptor.sql.BasicBinder      : binding parameter [6] as [VARCHAR] - [USER]
2023-02-09 13:08:22.290 TRACE 5839 --- [    Test worker] o.h.type.descriptor.sql.BasicBinder      : binding parameter [7] as [VARCHAR] - [testUser43]
2023-02-09 13:08:22.291 DEBUG 5839 --- [    Test worker] org.hibernate.SQL                        : 
    insert 
    into
        member
        (id, created_time, last_modified_time, member_email, member_nickname, member_password, member_role, member_username) 
    values
        (default, ?, ?, ?, ?, ?, ?, ?)
2023-02-09 13:08:22.291 TRACE 5839 --- [    Test worker] o.h.type.descriptor.sql.BasicBinder      : binding parameter [1] as [TIMESTAMP] - [2023-02-09T13:08:22.291040]
2023-02-09 13:08:22.291 TRACE 5839 --- [    Test worker] o.h.type.descriptor.sql.BasicBinder      : binding parameter [2] as [TIMESTAMP] - [2023-02-09T13:08:22.290970]
2023-02-09 13:08:22.291 TRACE 5839 --- [    Test worker] o.h.type.descriptor.sql.BasicBinder      : binding parameter [3] as [VARCHAR] - [test44@test.com]
2023-02-09 13:08:22.291 TRACE 5839 --- [    Test worker] o.h.type.descriptor.sql.BasicBinder      : binding parameter [4] as [VARCHAR] - [test44]
2023-02-09 13:08:22.291 TRACE 5839 --- [    Test worker] o.h.type.descriptor.sql.BasicBinder      : binding parameter [5] as [VARCHAR] - [password44]
2023-02-09 13:08:22.291 TRACE 5839 --- [    Test worker] o.h.type.descriptor.sql.BasicBinder      : binding parameter [6] as [VARCHAR] - [USER]
2023-02-09 13:08:22.291 TRACE 5839 --- [    Test worker] o.h.type.descriptor.sql.BasicBinder      : binding parameter [7] as [VARCHAR] - [testUser44]
2023-02-09 13:08:22.292 DEBUG 5839 --- [    Test worker] org.hibernate.SQL                        : 
    insert 
    into
        member
        (id, created_time, last_modified_time, member_email, member_nickname, member_password, member_role, member_username) 
    values
        (default, ?, ?, ?, ?, ?, ?, ?)
2023-02-09 13:08:22.292 TRACE 5839 --- [    Test worker] o.h.type.descriptor.sql.BasicBinder      : binding parameter [1] as [TIMESTAMP] - [2023-02-09T13:08:22.291995]
2023-02-09 13:08:22.292 TRACE 5839 --- [    Test worker] o.h.type.descriptor.sql.BasicBinder      : binding parameter [2] as [TIMESTAMP] - [2023-02-09T13:08:22.291897]
2023-02-09 13:08:22.292 TRACE 5839 --- [    Test worker] o.h.type.descriptor.sql.BasicBinder      : binding parameter [3] as [VARCHAR] - [test45@test.com]
2023-02-09 13:08:22.292 TRACE 5839 --- [    Test worker] o.h.type.descriptor.sql.BasicBinder      : binding parameter [4] as [VARCHAR] - [test45]
2023-02-09 13:08:22.292 TRACE 5839 --- [    Test worker] o.h.type.descriptor.sql.BasicBinder      : binding parameter [5] as [VARCHAR] - [password45]
2023-02-09 13:08:22.292 TRACE 5839 --- [    Test worker] o.h.type.descriptor.sql.BasicBinder      : binding parameter [6] as [VARCHAR] - [USER]
2023-02-09 13:08:22.292 TRACE 5839 --- [    Test worker] o.h.type.descriptor.sql.BasicBinder      : binding parameter [7] as [VARCHAR] - [testUser45]
2023-02-09 13:08:22.292 DEBUG 5839 --- [    Test worker] org.hibernate.SQL                        : 
    insert 
    into
        member
        (id, created_time, last_modified_time, member_email, member_nickname, member_password, member_role, member_username) 
    values
        (default, ?, ?, ?, ?, ?, ?, ?)
2023-02-09 13:08:22.293 TRACE 5839 --- [    Test worker] o.h.type.descriptor.sql.BasicBinder      : binding parameter [1] as [TIMESTAMP] - [2023-02-09T13:08:22.292879]
2023-02-09 13:08:22.293 TRACE 5839 --- [    Test worker] o.h.type.descriptor.sql.BasicBinder      : binding parameter [2] as [TIMESTAMP] - [2023-02-09T13:08:22.292810]
2023-02-09 13:08:22.293 TRACE 5839 --- [    Test worker] o.h.type.descriptor.sql.BasicBinder      : binding parameter [3] as [VARCHAR] - [test46@test.com]
2023-02-09 13:08:22.293 TRACE 5839 --- [    Test worker] o.h.type.descriptor.sql.BasicBinder      : binding parameter [4] as [VARCHAR] - [test46]
2023-02-09 13:08:22.293 TRACE 5839 --- [    Test worker] o.h.type.descriptor.sql.BasicBinder      : binding parameter [5] as [VARCHAR] - [password46]
2023-02-09 13:08:22.293 TRACE 5839 --- [    Test worker] o.h.type.descriptor.sql.BasicBinder      : binding parameter [6] as [VARCHAR] - [USER]
2023-02-09 13:08:22.293 TRACE 5839 --- [    Test worker] o.h.type.descriptor.sql.BasicBinder      : binding parameter [7] as [VARCHAR] - [testUser46]
2023-02-09 13:08:22.293 DEBUG 5839 --- [    Test worker] org.hibernate.SQL                        : 
    insert 
    into
        member
        (id, created_time, last_modified_time, member_email, member_nickname, member_password, member_role, member_username) 
    values
        (default, ?, ?, ?, ?, ?, ?, ?)
2023-02-09 13:08:22.293 TRACE 5839 --- [    Test worker] o.h.type.descriptor.sql.BasicBinder      : binding parameter [1] as [TIMESTAMP] - [2023-02-09T13:08:22.293766]
2023-02-09 13:08:22.294 TRACE 5839 --- [    Test worker] o.h.type.descriptor.sql.BasicBinder      : binding parameter [2] as [TIMESTAMP] - [2023-02-09T13:08:22.293702]
2023-02-09 13:08:22.294 TRACE 5839 --- [    Test worker] o.h.type.descriptor.sql.BasicBinder      : binding parameter [3] as [VARCHAR] - [test47@test.com]
2023-02-09 13:08:22.294 TRACE 5839 --- [    Test worker] o.h.type.descriptor.sql.BasicBinder      : binding parameter [4] as [VARCHAR] - [test47]
2023-02-09 13:08:22.294 TRACE 5839 --- [    Test worker] o.h.type.descriptor.sql.BasicBinder      : binding parameter [5] as [VARCHAR] - [password47]
2023-02-09 13:08:22.294 TRACE 5839 --- [    Test worker] o.h.type.descriptor.sql.BasicBinder      : binding parameter [6] as [VARCHAR] - [USER]
2023-02-09 13:08:22.294 TRACE 5839 --- [    Test worker] o.h.type.descriptor.sql.BasicBinder      : binding parameter [7] as [VARCHAR] - [testUser47]
2023-02-09 13:08:22.294 DEBUG 5839 --- [    Test worker] org.hibernate.SQL                        : 
    insert 
    into
        member
        (id, created_time, last_modified_time, member_email, member_nickname, member_password, member_role, member_username) 
    values
        (default, ?, ?, ?, ?, ?, ?, ?)
2023-02-09 13:08:22.294 TRACE 5839 --- [    Test worker] o.h.type.descriptor.sql.BasicBinder      : binding parameter [1] as [TIMESTAMP] - [2023-02-09T13:08:22.294478]
2023-02-09 13:08:22.294 TRACE 5839 --- [    Test worker] o.h.type.descriptor.sql.BasicBinder      : binding parameter [2] as [TIMESTAMP] - [2023-02-09T13:08:22.294413]
2023-02-09 13:08:22.294 TRACE 5839 --- [    Test worker] o.h.type.descriptor.sql.BasicBinder      : binding parameter [3] as [VARCHAR] - [test48@test.com]
2023-02-09 13:08:22.294 TRACE 5839 --- [    Test worker] o.h.type.descriptor.sql.BasicBinder      : binding parameter [4] as [VARCHAR] - [test48]
2023-02-09 13:08:22.294 TRACE 5839 --- [    Test worker] o.h.type.descriptor.sql.BasicBinder      : binding parameter [5] as [VARCHAR] - [password48]
2023-02-09 13:08:22.294 TRACE 5839 --- [    Test worker] o.h.type.descriptor.sql.BasicBinder      : binding parameter [6] as [VARCHAR] - [USER]
2023-02-09 13:08:22.294 TRACE 5839 --- [    Test worker] o.h.type.descriptor.sql.BasicBinder      : binding parameter [7] as [VARCHAR] - [testUser48]
2023-02-09 13:08:22.295 DEBUG 5839 --- [    Test worker] org.hibernate.SQL                        : 
    insert 
    into
        member
        (id, created_time, last_modified_time, member_email, member_nickname, member_password, member_role, member_username) 
    values
        (default, ?, ?, ?, ?, ?, ?, ?)
2023-02-09 13:08:22.295 TRACE 5839 --- [    Test worker] o.h.type.descriptor.sql.BasicBinder      : binding parameter [1] as [TIMESTAMP] - [2023-02-09T13:08:22.295148]
2023-02-09 13:08:22.295 TRACE 5839 --- [    Test worker] o.h.type.descriptor.sql.BasicBinder      : binding parameter [2] as [TIMESTAMP] - [2023-02-09T13:08:22.295079]
2023-02-09 13:08:22.295 TRACE 5839 --- [    Test worker] o.h.type.descriptor.sql.BasicBinder      : binding parameter [3] as [VARCHAR] - [test49@test.com]
2023-02-09 13:08:22.295 TRACE 5839 --- [    Test worker] o.h.type.descriptor.sql.BasicBinder      : binding parameter [4] as [VARCHAR] - [test49]
2023-02-09 13:08:22.295 TRACE 5839 --- [    Test worker] o.h.type.descriptor.sql.BasicBinder      : binding parameter [5] as [VARCHAR] - [password49]
2023-02-09 13:08:22.295 TRACE 5839 --- [    Test worker] o.h.type.descriptor.sql.BasicBinder      : binding parameter [6] as [VARCHAR] - [USER]
2023-02-09 13:08:22.295 TRACE 5839 --- [    Test worker] o.h.type.descriptor.sql.BasicBinder      : binding parameter [7] as [VARCHAR] - [testUser49]
2023-02-09 13:08:22.296 DEBUG 5839 --- [    Test worker] org.hibernate.SQL                        : 
    insert 
    into
        member
        (id, created_time, last_modified_time, member_email, member_nickname, member_password, member_role, member_username) 
    values
        (default, ?, ?, ?, ?, ?, ?, ?)
2023-02-09 13:08:22.296 TRACE 5839 --- [    Test worker] o.h.type.descriptor.sql.BasicBinder      : binding parameter [1] as [TIMESTAMP] - [2023-02-09T13:08:22.296044]
2023-02-09 13:08:22.296 TRACE 5839 --- [    Test worker] o.h.type.descriptor.sql.BasicBinder      : binding parameter [2] as [TIMESTAMP] - [2023-02-09T13:08:22.295961]
2023-02-09 13:08:22.296 TRACE 5839 --- [    Test worker] o.h.type.descriptor.sql.BasicBinder      : binding parameter [3] as [VARCHAR] - [test50@test.com]
2023-02-09 13:08:22.296 TRACE 5839 --- [    Test worker] o.h.type.descriptor.sql.BasicBinder      : binding parameter [4] as [VARCHAR] - [test50]
2023-02-09 13:08:22.296 TRACE 5839 --- [    Test worker] o.h.type.descriptor.sql.BasicBinder      : binding parameter [5] as [VARCHAR] - [password50]
2023-02-09 13:08:22.296 TRACE 5839 --- [    Test worker] o.h.type.descriptor.sql.BasicBinder      : binding parameter [6] as [VARCHAR] - [USER]
2023-02-09 13:08:22.296 TRACE 5839 --- [    Test worker] o.h.type.descriptor.sql.BasicBinder      : binding parameter [7] as [VARCHAR] - [testUser50]
2023-02-09 13:08:22.297 DEBUG 5839 --- [    Test worker] org.hibernate.SQL                        : 
    insert 
    into
        member
        (id, created_time, last_modified_time, member_email, member_nickname, member_password, member_role, member_username) 
    values
        (default, ?, ?, ?, ?, ?, ?, ?)
2023-02-09 13:08:22.297 TRACE 5839 --- [    Test worker] o.h.type.descriptor.sql.BasicBinder      : binding parameter [1] as [TIMESTAMP] - [2023-02-09T13:08:22.296991]
2023-02-09 13:08:22.297 TRACE 5839 --- [    Test worker] o.h.type.descriptor.sql.BasicBinder      : binding parameter [2] as [TIMESTAMP] - [2023-02-09T13:08:22.296900]
2023-02-09 13:08:22.297 TRACE 5839 --- [    Test worker] o.h.type.descriptor.sql.BasicBinder      : binding parameter [3] as [VARCHAR] - [test51@test.com]
2023-02-09 13:08:22.297 TRACE 5839 --- [    Test worker] o.h.type.descriptor.sql.BasicBinder      : binding parameter [4] as [VARCHAR] - [test51]
2023-02-09 13:08:22.297 TRACE 5839 --- [    Test worker] o.h.type.descriptor.sql.BasicBinder      : binding parameter [5] as [VARCHAR] - [password51]
2023-02-09 13:08:22.297 TRACE 5839 --- [    Test worker] o.h.type.descriptor.sql.BasicBinder      : binding parameter [6] as [VARCHAR] - [USER]
2023-02-09 13:08:22.297 TRACE 5839 --- [    Test worker] o.h.type.descriptor.sql.BasicBinder      : binding parameter [7] as [VARCHAR] - [testUser51]
2023-02-09 13:08:22.297 DEBUG 5839 --- [    Test worker] org.hibernate.SQL                        : 
    insert 
    into
        member
        (id, created_time, last_modified_time, member_email, member_nickname, member_password, member_role, member_username) 
    values
        (default, ?, ?, ?, ?, ?, ?, ?)
2023-02-09 13:08:22.298 TRACE 5839 --- [    Test worker] o.h.type.descriptor.sql.BasicBinder      : binding parameter [1] as [TIMESTAMP] - [2023-02-09T13:08:22.297849]
2023-02-09 13:08:22.298 TRACE 5839 --- [    Test worker] o.h.type.descriptor.sql.BasicBinder      : binding parameter [2] as [TIMESTAMP] - [2023-02-09T13:08:22.297765]
2023-02-09 13:08:22.298 TRACE 5839 --- [    Test worker] o.h.type.descriptor.sql.BasicBinder      : binding parameter [3] as [VARCHAR] - [test52@test.com]
2023-02-09 13:08:22.298 TRACE 5839 --- [    Test worker] o.h.type.descriptor.sql.BasicBinder      : binding parameter [4] as [VARCHAR] - [test52]
2023-02-09 13:08:22.298 TRACE 5839 --- [    Test worker] o.h.type.descriptor.sql.BasicBinder      : binding parameter [5] as [VARCHAR] - [password52]
2023-02-09 13:08:22.298 TRACE 5839 --- [    Test worker] o.h.type.descriptor.sql.BasicBinder      : binding parameter [6] as [VARCHAR] - [USER]
2023-02-09 13:08:22.298 TRACE 5839 --- [    Test worker] o.h.type.descriptor.sql.BasicBinder      : binding parameter [7] as [VARCHAR] - [testUser52]
2023-02-09 13:08:22.298 DEBUG 5839 --- [    Test worker] org.hibernate.SQL                        : 
    insert 
    into
        member
        (id, created_time, last_modified_time, member_email, member_nickname, member_password, member_role, member_username) 
    values
        (default, ?, ?, ?, ?, ?, ?, ?)
2023-02-09 13:08:22.298 TRACE 5839 --- [    Test worker] o.h.type.descriptor.sql.BasicBinder      : binding parameter [1] as [TIMESTAMP] - [2023-02-09T13:08:22.298553]
2023-02-09 13:08:22.298 TRACE 5839 --- [    Test worker] o.h.type.descriptor.sql.BasicBinder      : binding parameter [2] as [TIMESTAMP] - [2023-02-09T13:08:22.298483]
2023-02-09 13:08:22.298 TRACE 5839 --- [    Test worker] o.h.type.descriptor.sql.BasicBinder      : binding parameter [3] as [VARCHAR] - [test53@test.com]
2023-02-09 13:08:22.298 TRACE 5839 --- [    Test worker] o.h.type.descriptor.sql.BasicBinder      : binding parameter [4] as [VARCHAR] - [test53]
2023-02-09 13:08:22.298 TRACE 5839 --- [    Test worker] o.h.type.descriptor.sql.BasicBinder      : binding parameter [5] as [VARCHAR] - [password53]
2023-02-09 13:08:22.298 TRACE 5839 --- [    Test worker] o.h.type.descriptor.sql.BasicBinder      : binding parameter [6] as [VARCHAR] - [USER]
2023-02-09 13:08:22.298 TRACE 5839 --- [    Test worker] o.h.type.descriptor.sql.BasicBinder      : binding parameter [7] as [VARCHAR] - [testUser53]
2023-02-09 13:08:22.299 DEBUG 5839 --- [    Test worker] org.hibernate.SQL                        : 
    insert 
    into
        member
        (id, created_time, last_modified_time, member_email, member_nickname, member_password, member_role, member_username) 
    values
        (default, ?, ?, ?, ?, ?, ?, ?)
2023-02-09 13:08:22.299 TRACE 5839 --- [    Test worker] o.h.type.descriptor.sql.BasicBinder      : binding parameter [1] as [TIMESTAMP] - [2023-02-09T13:08:22.299312]
2023-02-09 13:08:22.299 TRACE 5839 --- [    Test worker] o.h.type.descriptor.sql.BasicBinder      : binding parameter [2] as [TIMESTAMP] - [2023-02-09T13:08:22.299238]
2023-02-09 13:08:22.299 TRACE 5839 --- [    Test worker] o.h.type.descriptor.sql.BasicBinder      : binding parameter [3] as [VARCHAR] - [test54@test.com]
2023-02-09 13:08:22.299 TRACE 5839 --- [    Test worker] o.h.type.descriptor.sql.BasicBinder      : binding parameter [4] as [VARCHAR] - [test54]
2023-02-09 13:08:22.299 TRACE 5839 --- [    Test worker] o.h.type.descriptor.sql.BasicBinder      : binding parameter [5] as [VARCHAR] - [password54]
2023-02-09 13:08:22.299 TRACE 5839 --- [    Test worker] o.h.type.descriptor.sql.BasicBinder      : binding parameter [6] as [VARCHAR] - [USER]
2023-02-09 13:08:22.299 TRACE 5839 --- [    Test worker] o.h.type.descriptor.sql.BasicBinder      : binding parameter [7] as [VARCHAR] - [testUser54]
2023-02-09 13:08:22.300 DEBUG 5839 --- [    Test worker] org.hibernate.SQL                        : 
    insert 
    into
        member
        (id, created_time, last_modified_time, member_email, member_nickname, member_password, member_role, member_username) 
    values
        (default, ?, ?, ?, ?, ?, ?, ?)
2023-02-09 13:08:22.300 TRACE 5839 --- [    Test worker] o.h.type.descriptor.sql.BasicBinder      : binding parameter [1] as [TIMESTAMP] - [2023-02-09T13:08:22.300407]
2023-02-09 13:08:22.300 TRACE 5839 --- [    Test worker] o.h.type.descriptor.sql.BasicBinder      : binding parameter [2] as [TIMESTAMP] - [2023-02-09T13:08:22.299919]
2023-02-09 13:08:22.300 TRACE 5839 --- [    Test worker] o.h.type.descriptor.sql.BasicBinder      : binding parameter [3] as [VARCHAR] - [test55@test.com]
2023-02-09 13:08:22.300 TRACE 5839 --- [    Test worker] o.h.type.descriptor.sql.BasicBinder      : binding parameter [4] as [VARCHAR] - [test55]
2023-02-09 13:08:22.300 TRACE 5839 --- [    Test worker] o.h.type.descriptor.sql.BasicBinder      : binding parameter [5] as [VARCHAR] - [password55]
2023-02-09 13:08:22.300 TRACE 5839 --- [    Test worker] o.h.type.descriptor.sql.BasicBinder      : binding parameter [6] as [VARCHAR] - [USER]
2023-02-09 13:08:22.300 TRACE 5839 --- [    Test worker] o.h.type.descriptor.sql.BasicBinder      : binding parameter [7] as [VARCHAR] - [testUser55]
2023-02-09 13:08:22.301 DEBUG 5839 --- [    Test worker] org.hibernate.SQL                        : 
    insert 
    into
        member
        (id, created_time, last_modified_time, member_email, member_nickname, member_password, member_role, member_username) 
    values
        (default, ?, ?, ?, ?, ?, ?, ?)
2023-02-09 13:08:22.301 TRACE 5839 --- [    Test worker] o.h.type.descriptor.sql.BasicBinder      : binding parameter [1] as [TIMESTAMP] - [2023-02-09T13:08:22.301331]
2023-02-09 13:08:22.301 TRACE 5839 --- [    Test worker] o.h.type.descriptor.sql.BasicBinder      : binding parameter [2] as [TIMESTAMP] - [2023-02-09T13:08:22.301260]
2023-02-09 13:08:22.301 TRACE 5839 --- [    Test worker] o.h.type.descriptor.sql.BasicBinder      : binding parameter [3] as [VARCHAR] - [test56@test.com]
2023-02-09 13:08:22.301 TRACE 5839 --- [    Test worker] o.h.type.descriptor.sql.BasicBinder      : binding parameter [4] as [VARCHAR] - [test56]
2023-02-09 13:08:22.301 TRACE 5839 --- [    Test worker] o.h.type.descriptor.sql.BasicBinder      : binding parameter [5] as [VARCHAR] - [password56]
2023-02-09 13:08:22.301 TRACE 5839 --- [    Test worker] o.h.type.descriptor.sql.BasicBinder      : binding parameter [6] as [VARCHAR] - [USER]
2023-02-09 13:08:22.301 TRACE 5839 --- [    Test worker] o.h.type.descriptor.sql.BasicBinder      : binding parameter [7] as [VARCHAR] - [testUser56]
2023-02-09 13:08:22.302 DEBUG 5839 --- [    Test worker] org.hibernate.SQL                        : 
    insert 
    into
        member
        (id, created_time, last_modified_time, member_email, member_nickname, member_password, member_role, member_username) 
    values
        (default, ?, ?, ?, ?, ?, ?, ?)
2023-02-09 13:08:22.302 TRACE 5839 --- [    Test worker] o.h.type.descriptor.sql.BasicBinder      : binding parameter [1] as [TIMESTAMP] - [2023-02-09T13:08:22.302129]
2023-02-09 13:08:22.302 TRACE 5839 --- [    Test worker] o.h.type.descriptor.sql.BasicBinder      : binding parameter [2] as [TIMESTAMP] - [2023-02-09T13:08:22.302060]
2023-02-09 13:08:22.302 TRACE 5839 --- [    Test worker] o.h.type.descriptor.sql.BasicBinder      : binding parameter [3] as [VARCHAR] - [test57@test.com]
2023-02-09 13:08:22.302 TRACE 5839 --- [    Test worker] o.h.type.descriptor.sql.BasicBinder      : binding parameter [4] as [VARCHAR] - [test57]
2023-02-09 13:08:22.302 TRACE 5839 --- [    Test worker] o.h.type.descriptor.sql.BasicBinder      : binding parameter [5] as [VARCHAR] - [password57]
2023-02-09 13:08:22.302 TRACE 5839 --- [    Test worker] o.h.type.descriptor.sql.BasicBinder      : binding parameter [6] as [VARCHAR] - [USER]
2023-02-09 13:08:22.302 TRACE 5839 --- [    Test worker] o.h.type.descriptor.sql.BasicBinder      : binding parameter [7] as [VARCHAR] - [testUser57]
2023-02-09 13:08:22.302 DEBUG 5839 --- [    Test worker] org.hibernate.SQL                        : 
    insert 
    into
        member
        (id, created_time, last_modified_time, member_email, member_nickname, member_password, member_role, member_username) 
    values
        (default, ?, ?, ?, ?, ?, ?, ?)
2023-02-09 13:08:22.303 TRACE 5839 --- [    Test worker] o.h.type.descriptor.sql.BasicBinder      : binding parameter [1] as [TIMESTAMP] - [2023-02-09T13:08:22.302840]
2023-02-09 13:08:22.303 TRACE 5839 --- [    Test worker] o.h.type.descriptor.sql.BasicBinder      : binding parameter [2] as [TIMESTAMP] - [2023-02-09T13:08:22.302773]
2023-02-09 13:08:22.303 TRACE 5839 --- [    Test worker] o.h.type.descriptor.sql.BasicBinder      : binding parameter [3] as [VARCHAR] - [test58@test.com]
2023-02-09 13:08:22.303 TRACE 5839 --- [    Test worker] o.h.type.descriptor.sql.BasicBinder      : binding parameter [4] as [VARCHAR] - [test58]
2023-02-09 13:08:22.303 TRACE 5839 --- [    Test worker] o.h.type.descriptor.sql.BasicBinder      : binding parameter [5] as [VARCHAR] - [password58]
2023-02-09 13:08:22.303 TRACE 5839 --- [    Test worker] o.h.type.descriptor.sql.BasicBinder      : binding parameter [6] as [VARCHAR] - [USER]
2023-02-09 13:08:22.303 TRACE 5839 --- [    Test worker] o.h.type.descriptor.sql.BasicBinder      : binding parameter [7] as [VARCHAR] - [testUser58]
2023-02-09 13:08:22.303 DEBUG 5839 --- [    Test worker] org.hibernate.SQL                        : 
    insert 
    into
        member
        (id, created_time, last_modified_time, member_email, member_nickname, member_password, member_role, member_username) 
    values
        (default, ?, ?, ?, ?, ?, ?, ?)
2023-02-09 13:08:22.303 TRACE 5839 --- [    Test worker] o.h.type.descriptor.sql.BasicBinder      : binding parameter [1] as [TIMESTAMP] - [2023-02-09T13:08:22.303622]
2023-02-09 13:08:22.303 TRACE 5839 --- [    Test worker] o.h.type.descriptor.sql.BasicBinder      : binding parameter [2] as [TIMESTAMP] - [2023-02-09T13:08:22.303550]
2023-02-09 13:08:22.303 TRACE 5839 --- [    Test worker] o.h.type.descriptor.sql.BasicBinder      : binding parameter [3] as [VARCHAR] - [test59@test.com]
2023-02-09 13:08:22.303 TRACE 5839 --- [    Test worker] o.h.type.descriptor.sql.BasicBinder      : binding parameter [4] as [VARCHAR] - [test59]
2023-02-09 13:08:22.303 TRACE 5839 --- [    Test worker] o.h.type.descriptor.sql.BasicBinder      : binding parameter [5] as [VARCHAR] - [password59]
2023-02-09 13:08:22.303 TRACE 5839 --- [    Test worker] o.h.type.descriptor.sql.BasicBinder      : binding parameter [6] as [VARCHAR] - [USER]
2023-02-09 13:08:22.303 TRACE 5839 --- [    Test worker] o.h.type.descriptor.sql.BasicBinder      : binding parameter [7] as [VARCHAR] - [testUser59]
2023-02-09 13:08:22.304 DEBUG 5839 --- [    Test worker] org.hibernate.SQL                        : 
    insert 
    into
        member
        (id, created_time, last_modified_time, member_email, member_nickname, member_password, member_role, member_username) 
    values
        (default, ?, ?, ?, ?, ?, ?, ?)
2023-02-09 13:08:22.304 TRACE 5839 --- [    Test worker] o.h.type.descriptor.sql.BasicBinder      : binding parameter [1] as [TIMESTAMP] - [2023-02-09T13:08:22.304295]
2023-02-09 13:08:22.304 TRACE 5839 --- [    Test worker] o.h.type.descriptor.sql.BasicBinder      : binding parameter [2] as [TIMESTAMP] - [2023-02-09T13:08:22.304232]
2023-02-09 13:08:22.304 TRACE 5839 --- [    Test worker] o.h.type.descriptor.sql.BasicBinder      : binding parameter [3] as [VARCHAR] - [test60@test.com]
2023-02-09 13:08:22.304 TRACE 5839 --- [    Test worker] o.h.type.descriptor.sql.BasicBinder      : binding parameter [4] as [VARCHAR] - [test60]
2023-02-09 13:08:22.304 TRACE 5839 --- [    Test worker] o.h.type.descriptor.sql.BasicBinder      : binding parameter [5] as [VARCHAR] - [password60]
2023-02-09 13:08:22.304 TRACE 5839 --- [    Test worker] o.h.type.descriptor.sql.BasicBinder      : binding parameter [6] as [VARCHAR] - [USER]
2023-02-09 13:08:22.304 TRACE 5839 --- [    Test worker] o.h.type.descriptor.sql.BasicBinder      : binding parameter [7] as [VARCHAR] - [testUser60]
2023-02-09 13:08:22.305 DEBUG 5839 --- [    Test worker] org.hibernate.SQL                        : 
    insert 
    into
        member
        (id, created_time, last_modified_time, member_email, member_nickname, member_password, member_role, member_username) 
    values
        (default, ?, ?, ?, ?, ?, ?, ?)
2023-02-09 13:08:22.305 TRACE 5839 --- [    Test worker] o.h.type.descriptor.sql.BasicBinder      : binding parameter [1] as [TIMESTAMP] - [2023-02-09T13:08:22.305107]
2023-02-09 13:08:22.305 TRACE 5839 --- [    Test worker] o.h.type.descriptor.sql.BasicBinder      : binding parameter [2] as [TIMESTAMP] - [2023-02-09T13:08:22.305033]
2023-02-09 13:08:22.305 TRACE 5839 --- [    Test worker] o.h.type.descriptor.sql.BasicBinder      : binding parameter [3] as [VARCHAR] - [test61@test.com]
2023-02-09 13:08:22.305 TRACE 5839 --- [    Test worker] o.h.type.descriptor.sql.BasicBinder      : binding parameter [4] as [VARCHAR] - [test61]
2023-02-09 13:08:22.305 TRACE 5839 --- [    Test worker] o.h.type.descriptor.sql.BasicBinder      : binding parameter [5] as [VARCHAR] - [password61]
2023-02-09 13:08:22.305 TRACE 5839 --- [    Test worker] o.h.type.descriptor.sql.BasicBinder      : binding parameter [6] as [VARCHAR] - [USER]
2023-02-09 13:08:22.305 TRACE 5839 --- [    Test worker] o.h.type.descriptor.sql.BasicBinder      : binding parameter [7] as [VARCHAR] - [testUser61]
2023-02-09 13:08:22.305 DEBUG 5839 --- [    Test worker] org.hibernate.SQL                        : 
    insert 
    into
        member
        (id, created_time, last_modified_time, member_email, member_nickname, member_password, member_role, member_username) 
    values
        (default, ?, ?, ?, ?, ?, ?, ?)
2023-02-09 13:08:22.306 TRACE 5839 --- [    Test worker] o.h.type.descriptor.sql.BasicBinder      : binding parameter [1] as [TIMESTAMP] - [2023-02-09T13:08:22.305845]
2023-02-09 13:08:22.306 TRACE 5839 --- [    Test worker] o.h.type.descriptor.sql.BasicBinder      : binding parameter [2] as [TIMESTAMP] - [2023-02-09T13:08:22.305778]
2023-02-09 13:08:22.306 TRACE 5839 --- [    Test worker] o.h.type.descriptor.sql.BasicBinder      : binding parameter [3] as [VARCHAR] - [test62@test.com]
2023-02-09 13:08:22.306 TRACE 5839 --- [    Test worker] o.h.type.descriptor.sql.BasicBinder      : binding parameter [4] as [VARCHAR] - [test62]
2023-02-09 13:08:22.306 TRACE 5839 --- [    Test worker] o.h.type.descriptor.sql.BasicBinder      : binding parameter [5] as [VARCHAR] - [password62]
2023-02-09 13:08:22.306 TRACE 5839 --- [    Test worker] o.h.type.descriptor.sql.BasicBinder      : binding parameter [6] as [VARCHAR] - [USER]
2023-02-09 13:08:22.306 TRACE 5839 --- [    Test worker] o.h.type.descriptor.sql.BasicBinder      : binding parameter [7] as [VARCHAR] - [testUser62]
2023-02-09 13:08:22.306 DEBUG 5839 --- [    Test worker] org.hibernate.SQL                        : 
    insert 
    into
        member
        (id, created_time, last_modified_time, member_email, member_nickname, member_password, member_role, member_username) 
    values
        (default, ?, ?, ?, ?, ?, ?, ?)
2023-02-09 13:08:22.306 TRACE 5839 --- [    Test worker] o.h.type.descriptor.sql.BasicBinder      : binding parameter [1] as [TIMESTAMP] - [2023-02-09T13:08:22.306588]
2023-02-09 13:08:22.306 TRACE 5839 --- [    Test worker] o.h.type.descriptor.sql.BasicBinder      : binding parameter [2] as [TIMESTAMP] - [2023-02-09T13:08:22.306516]
2023-02-09 13:08:22.306 TRACE 5839 --- [    Test worker] o.h.type.descriptor.sql.BasicBinder      : binding parameter [3] as [VARCHAR] - [test63@test.com]
2023-02-09 13:08:22.306 TRACE 5839 --- [    Test worker] o.h.type.descriptor.sql.BasicBinder      : binding parameter [4] as [VARCHAR] - [test63]
2023-02-09 13:08:22.306 TRACE 5839 --- [    Test worker] o.h.type.descriptor.sql.BasicBinder      : binding parameter [5] as [VARCHAR] - [password63]
2023-02-09 13:08:22.306 TRACE 5839 --- [    Test worker] o.h.type.descriptor.sql.BasicBinder      : binding parameter [6] as [VARCHAR] - [USER]
2023-02-09 13:08:22.306 TRACE 5839 --- [    Test worker] o.h.type.descriptor.sql.BasicBinder      : binding parameter [7] as [VARCHAR] - [testUser63]
2023-02-09 13:08:22.307 DEBUG 5839 --- [    Test worker] org.hibernate.SQL                        : 
    insert 
    into
        member
        (id, created_time, last_modified_time, member_email, member_nickname, member_password, member_role, member_username) 
    values
        (default, ?, ?, ?, ?, ?, ?, ?)
2023-02-09 13:08:22.307 TRACE 5839 --- [    Test worker] o.h.type.descriptor.sql.BasicBinder      : binding parameter [1] as [TIMESTAMP] - [2023-02-09T13:08:22.307250]
2023-02-09 13:08:22.307 TRACE 5839 --- [    Test worker] o.h.type.descriptor.sql.BasicBinder      : binding parameter [2] as [TIMESTAMP] - [2023-02-09T13:08:22.307181]
2023-02-09 13:08:22.307 TRACE 5839 --- [    Test worker] o.h.type.descriptor.sql.BasicBinder      : binding parameter [3] as [VARCHAR] - [test64@test.com]
2023-02-09 13:08:22.307 TRACE 5839 --- [    Test worker] o.h.type.descriptor.sql.BasicBinder      : binding parameter [4] as [VARCHAR] - [test64]
2023-02-09 13:08:22.307 TRACE 5839 --- [    Test worker] o.h.type.descriptor.sql.BasicBinder      : binding parameter [5] as [VARCHAR] - [password64]
2023-02-09 13:08:22.307 TRACE 5839 --- [    Test worker] o.h.type.descriptor.sql.BasicBinder      : binding parameter [6] as [VARCHAR] - [USER]
2023-02-09 13:08:22.307 TRACE 5839 --- [    Test worker] o.h.type.descriptor.sql.BasicBinder      : binding parameter [7] as [VARCHAR] - [testUser64]
2023-02-09 13:08:22.308 DEBUG 5839 --- [    Test worker] org.hibernate.SQL                        : 
    insert 
    into
        member
        (id, created_time, last_modified_time, member_email, member_nickname, member_password, member_role, member_username) 
    values
        (default, ?, ?, ?, ?, ?, ?, ?)
2023-02-09 13:08:22.308 TRACE 5839 --- [    Test worker] o.h.type.descriptor.sql.BasicBinder      : binding parameter [1] as [TIMESTAMP] - [2023-02-09T13:08:22.308147]
2023-02-09 13:08:22.308 TRACE 5839 --- [    Test worker] o.h.type.descriptor.sql.BasicBinder      : binding parameter [2] as [TIMESTAMP] - [2023-02-09T13:08:22.308079]
2023-02-09 13:08:22.308 TRACE 5839 --- [    Test worker] o.h.type.descriptor.sql.BasicBinder      : binding parameter [3] as [VARCHAR] - [test65@test.com]
2023-02-09 13:08:22.308 TRACE 5839 --- [    Test worker] o.h.type.descriptor.sql.BasicBinder      : binding parameter [4] as [VARCHAR] - [test65]
2023-02-09 13:08:22.308 TRACE 5839 --- [    Test worker] o.h.type.descriptor.sql.BasicBinder      : binding parameter [5] as [VARCHAR] - [password65]
2023-02-09 13:08:22.308 TRACE 5839 --- [    Test worker] o.h.type.descriptor.sql.BasicBinder      : binding parameter [6] as [VARCHAR] - [USER]
2023-02-09 13:08:22.308 TRACE 5839 --- [    Test worker] o.h.type.descriptor.sql.BasicBinder      : binding parameter [7] as [VARCHAR] - [testUser65]
2023-02-09 13:08:22.309 DEBUG 5839 --- [    Test worker] org.hibernate.SQL                        : 
    insert 
    into
        member
        (id, created_time, last_modified_time, member_email, member_nickname, member_password, member_role, member_username) 
    values
        (default, ?, ?, ?, ?, ?, ?, ?)
2023-02-09 13:08:22.309 TRACE 5839 --- [    Test worker] o.h.type.descriptor.sql.BasicBinder      : binding parameter [1] as [TIMESTAMP] - [2023-02-09T13:08:22.308960]
2023-02-09 13:08:22.309 TRACE 5839 --- [    Test worker] o.h.type.descriptor.sql.BasicBinder      : binding parameter [2] as [TIMESTAMP] - [2023-02-09T13:08:22.308892]
2023-02-09 13:08:22.309 TRACE 5839 --- [    Test worker] o.h.type.descriptor.sql.BasicBinder      : binding parameter [3] as [VARCHAR] - [test66@test.com]
2023-02-09 13:08:22.309 TRACE 5839 --- [    Test worker] o.h.type.descriptor.sql.BasicBinder      : binding parameter [4] as [VARCHAR] - [test66]
2023-02-09 13:08:22.309 TRACE 5839 --- [    Test worker] o.h.type.descriptor.sql.BasicBinder      : binding parameter [5] as [VARCHAR] - [password66]
2023-02-09 13:08:22.309 TRACE 5839 --- [    Test worker] o.h.type.descriptor.sql.BasicBinder      : binding parameter [6] as [VARCHAR] - [USER]
2023-02-09 13:08:22.309 TRACE 5839 --- [    Test worker] o.h.type.descriptor.sql.BasicBinder      : binding parameter [7] as [VARCHAR] - [testUser66]
2023-02-09 13:08:22.309 DEBUG 5839 --- [    Test worker] org.hibernate.SQL                        : 
    insert 
    into
        member
        (id, created_time, last_modified_time, member_email, member_nickname, member_password, member_role, member_username) 
    values
        (default, ?, ?, ?, ?, ?, ?, ?)
2023-02-09 13:08:22.310 TRACE 5839 --- [    Test worker] o.h.type.descriptor.sql.BasicBinder      : binding parameter [1] as [TIMESTAMP] - [2023-02-09T13:08:22.309816]
2023-02-09 13:08:22.310 TRACE 5839 --- [    Test worker] o.h.type.descriptor.sql.BasicBinder      : binding parameter [2] as [TIMESTAMP] - [2023-02-09T13:08:22.309739]
2023-02-09 13:08:22.310 TRACE 5839 --- [    Test worker] o.h.type.descriptor.sql.BasicBinder      : binding parameter [3] as [VARCHAR] - [test67@test.com]
2023-02-09 13:08:22.310 TRACE 5839 --- [    Test worker] o.h.type.descriptor.sql.BasicBinder      : binding parameter [4] as [VARCHAR] - [test67]
2023-02-09 13:08:22.310 TRACE 5839 --- [    Test worker] o.h.type.descriptor.sql.BasicBinder      : binding parameter [5] as [VARCHAR] - [password67]
2023-02-09 13:08:22.310 TRACE 5839 --- [    Test worker] o.h.type.descriptor.sql.BasicBinder      : binding parameter [6] as [VARCHAR] - [USER]
2023-02-09 13:08:22.310 TRACE 5839 --- [    Test worker] o.h.type.descriptor.sql.BasicBinder      : binding parameter [7] as [VARCHAR] - [testUser67]
2023-02-09 13:08:22.310 DEBUG 5839 --- [    Test worker] org.hibernate.SQL                        : 
    insert 
    into
        member
        (id, created_time, last_modified_time, member_email, member_nickname, member_password, member_role, member_username) 
    values
        (default, ?, ?, ?, ?, ?, ?, ?)
2023-02-09 13:08:22.310 TRACE 5839 --- [    Test worker] o.h.type.descriptor.sql.BasicBinder      : binding parameter [1] as [TIMESTAMP] - [2023-02-09T13:08:22.310545]
2023-02-09 13:08:22.310 TRACE 5839 --- [    Test worker] o.h.type.descriptor.sql.BasicBinder      : binding parameter [2] as [TIMESTAMP] - [2023-02-09T13:08:22.310474]
2023-02-09 13:08:22.310 TRACE 5839 --- [    Test worker] o.h.type.descriptor.sql.BasicBinder      : binding parameter [3] as [VARCHAR] - [test68@test.com]
2023-02-09 13:08:22.310 TRACE 5839 --- [    Test worker] o.h.type.descriptor.sql.BasicBinder      : binding parameter [4] as [VARCHAR] - [test68]
2023-02-09 13:08:22.310 TRACE 5839 --- [    Test worker] o.h.type.descriptor.sql.BasicBinder      : binding parameter [5] as [VARCHAR] - [password68]
2023-02-09 13:08:22.310 TRACE 5839 --- [    Test worker] o.h.type.descriptor.sql.BasicBinder      : binding parameter [6] as [VARCHAR] - [USER]
2023-02-09 13:08:22.310 TRACE 5839 --- [    Test worker] o.h.type.descriptor.sql.BasicBinder      : binding parameter [7] as [VARCHAR] - [testUser68]
2023-02-09 13:08:22.311 DEBUG 5839 --- [    Test worker] org.hibernate.SQL                        : 
    insert 
    into
        member
        (id, created_time, last_modified_time, member_email, member_nickname, member_password, member_role, member_username) 
    values
        (default, ?, ?, ?, ?, ?, ?, ?)
2023-02-09 13:08:22.311 TRACE 5839 --- [    Test worker] o.h.type.descriptor.sql.BasicBinder      : binding parameter [1] as [TIMESTAMP] - [2023-02-09T13:08:22.311136]
2023-02-09 13:08:22.311 TRACE 5839 --- [    Test worker] o.h.type.descriptor.sql.BasicBinder      : binding parameter [2] as [TIMESTAMP] - [2023-02-09T13:08:22.311076]
2023-02-09 13:08:22.311 TRACE 5839 --- [    Test worker] o.h.type.descriptor.sql.BasicBinder      : binding parameter [3] as [VARCHAR] - [test69@test.com]
2023-02-09 13:08:22.311 TRACE 5839 --- [    Test worker] o.h.type.descriptor.sql.BasicBinder      : binding parameter [4] as [VARCHAR] - [test69]
2023-02-09 13:08:22.311 TRACE 5839 --- [    Test worker] o.h.type.descriptor.sql.BasicBinder      : binding parameter [5] as [VARCHAR] - [password69]
2023-02-09 13:08:22.311 TRACE 5839 --- [    Test worker] o.h.type.descriptor.sql.BasicBinder      : binding parameter [6] as [VARCHAR] - [USER]
2023-02-09 13:08:22.311 TRACE 5839 --- [    Test worker] o.h.type.descriptor.sql.BasicBinder      : binding parameter [7] as [VARCHAR] - [testUser69]
2023-02-09 13:08:22.311 DEBUG 5839 --- [    Test worker] org.hibernate.SQL                        : 
    insert 
    into
        member
        (id, created_time, last_modified_time, member_email, member_nickname, member_password, member_role, member_username) 
    values
        (default, ?, ?, ?, ?, ?, ?, ?)
2023-02-09 13:08:22.312 TRACE 5839 --- [    Test worker] o.h.type.descriptor.sql.BasicBinder      : binding parameter [1] as [TIMESTAMP] - [2023-02-09T13:08:22.311800]
2023-02-09 13:08:22.312 TRACE 5839 --- [    Test worker] o.h.type.descriptor.sql.BasicBinder      : binding parameter [2] as [TIMESTAMP] - [2023-02-09T13:08:22.311735]
2023-02-09 13:08:22.312 TRACE 5839 --- [    Test worker] o.h.type.descriptor.sql.BasicBinder      : binding parameter [3] as [VARCHAR] - [test70@test.com]
2023-02-09 13:08:22.312 TRACE 5839 --- [    Test worker] o.h.type.descriptor.sql.BasicBinder      : binding parameter [4] as [VARCHAR] - [test70]
2023-02-09 13:08:22.312 TRACE 5839 --- [    Test worker] o.h.type.descriptor.sql.BasicBinder      : binding parameter [5] as [VARCHAR] - [password70]
2023-02-09 13:08:22.312 TRACE 5839 --- [    Test worker] o.h.type.descriptor.sql.BasicBinder      : binding parameter [6] as [VARCHAR] - [USER]
2023-02-09 13:08:22.312 TRACE 5839 --- [    Test worker] o.h.type.descriptor.sql.BasicBinder      : binding parameter [7] as [VARCHAR] - [testUser70]
2023-02-09 13:08:22.312 DEBUG 5839 --- [    Test worker] org.hibernate.SQL                        : 
    insert 
    into
        member
        (id, created_time, last_modified_time, member_email, member_nickname, member_password, member_role, member_username) 
    values
        (default, ?, ?, ?, ?, ?, ?, ?)
2023-02-09 13:08:22.312 TRACE 5839 --- [    Test worker] o.h.type.descriptor.sql.BasicBinder      : binding parameter [1] as [TIMESTAMP] - [2023-02-09T13:08:22.312507]
2023-02-09 13:08:22.312 TRACE 5839 --- [    Test worker] o.h.type.descriptor.sql.BasicBinder      : binding parameter [2] as [TIMESTAMP] - [2023-02-09T13:08:22.312443]
2023-02-09 13:08:22.312 TRACE 5839 --- [    Test worker] o.h.type.descriptor.sql.BasicBinder      : binding parameter [3] as [VARCHAR] - [test71@test.com]
2023-02-09 13:08:22.312 TRACE 5839 --- [    Test worker] o.h.type.descriptor.sql.BasicBinder      : binding parameter [4] as [VARCHAR] - [test71]
2023-02-09 13:08:22.312 TRACE 5839 --- [    Test worker] o.h.type.descriptor.sql.BasicBinder      : binding parameter [5] as [VARCHAR] - [password71]
2023-02-09 13:08:22.312 TRACE 5839 --- [    Test worker] o.h.type.descriptor.sql.BasicBinder      : binding parameter [6] as [VARCHAR] - [USER]
2023-02-09 13:08:22.312 TRACE 5839 --- [    Test worker] o.h.type.descriptor.sql.BasicBinder      : binding parameter [7] as [VARCHAR] - [testUser71]
2023-02-09 13:08:22.313 DEBUG 5839 --- [    Test worker] org.hibernate.SQL                        : 
    insert 
    into
        member
        (id, created_time, last_modified_time, member_email, member_nickname, member_password, member_role, member_username) 
    values
        (default, ?, ?, ?, ?, ?, ?, ?)
2023-02-09 13:08:22.313 TRACE 5839 --- [    Test worker] o.h.type.descriptor.sql.BasicBinder      : binding parameter [1] as [TIMESTAMP] - [2023-02-09T13:08:22.313183]
2023-02-09 13:08:22.313 TRACE 5839 --- [    Test worker] o.h.type.descriptor.sql.BasicBinder      : binding parameter [2] as [TIMESTAMP] - [2023-02-09T13:08:22.313123]
2023-02-09 13:08:22.313 TRACE 5839 --- [    Test worker] o.h.type.descriptor.sql.BasicBinder      : binding parameter [3] as [VARCHAR] - [test72@test.com]
2023-02-09 13:08:22.313 TRACE 5839 --- [    Test worker] o.h.type.descriptor.sql.BasicBinder      : binding parameter [4] as [VARCHAR] - [test72]
2023-02-09 13:08:22.313 TRACE 5839 --- [    Test worker] o.h.type.descriptor.sql.BasicBinder      : binding parameter [5] as [VARCHAR] - [password72]
2023-02-09 13:08:22.313 TRACE 5839 --- [    Test worker] o.h.type.descriptor.sql.BasicBinder      : binding parameter [6] as [VARCHAR] - [USER]
2023-02-09 13:08:22.313 TRACE 5839 --- [    Test worker] o.h.type.descriptor.sql.BasicBinder      : binding parameter [7] as [VARCHAR] - [testUser72]
2023-02-09 13:08:22.314 DEBUG 5839 --- [    Test worker] org.hibernate.SQL                        : 
    insert 
    into
        member
        (id, created_time, last_modified_time, member_email, member_nickname, member_password, member_role, member_username) 
    values
        (default, ?, ?, ?, ?, ?, ?, ?)
2023-02-09 13:08:22.314 TRACE 5839 --- [    Test worker] o.h.type.descriptor.sql.BasicBinder      : binding parameter [1] as [TIMESTAMP] - [2023-02-09T13:08:22.313950]
2023-02-09 13:08:22.314 TRACE 5839 --- [    Test worker] o.h.type.descriptor.sql.BasicBinder      : binding parameter [2] as [TIMESTAMP] - [2023-02-09T13:08:22.313883]
2023-02-09 13:08:22.314 TRACE 5839 --- [    Test worker] o.h.type.descriptor.sql.BasicBinder      : binding parameter [3] as [VARCHAR] - [test73@test.com]
2023-02-09 13:08:22.314 TRACE 5839 --- [    Test worker] o.h.type.descriptor.sql.BasicBinder      : binding parameter [4] as [VARCHAR] - [test73]
2023-02-09 13:08:22.314 TRACE 5839 --- [    Test worker] o.h.type.descriptor.sql.BasicBinder      : binding parameter [5] as [VARCHAR] - [password73]
2023-02-09 13:08:22.314 TRACE 5839 --- [    Test worker] o.h.type.descriptor.sql.BasicBinder      : binding parameter [6] as [VARCHAR] - [USER]
2023-02-09 13:08:22.314 TRACE 5839 --- [    Test worker] o.h.type.descriptor.sql.BasicBinder      : binding parameter [7] as [VARCHAR] - [testUser73]
2023-02-09 13:08:22.314 DEBUG 5839 --- [    Test worker] org.hibernate.SQL                        : 
    insert 
    into
        member
        (id, created_time, last_modified_time, member_email, member_nickname, member_password, member_role, member_username) 
    values
        (default, ?, ?, ?, ?, ?, ?, ?)
2023-02-09 13:08:22.315 TRACE 5839 --- [    Test worker] o.h.type.descriptor.sql.BasicBinder      : binding parameter [1] as [TIMESTAMP] - [2023-02-09T13:08:22.314792]
2023-02-09 13:08:22.315 TRACE 5839 --- [    Test worker] o.h.type.descriptor.sql.BasicBinder      : binding parameter [2] as [TIMESTAMP] - [2023-02-09T13:08:22.314718]
2023-02-09 13:08:22.315 TRACE 5839 --- [    Test worker] o.h.type.descriptor.sql.BasicBinder      : binding parameter [3] as [VARCHAR] - [test74@test.com]
2023-02-09 13:08:22.315 TRACE 5839 --- [    Test worker] o.h.type.descriptor.sql.BasicBinder      : binding parameter [4] as [VARCHAR] - [test74]
2023-02-09 13:08:22.315 TRACE 5839 --- [    Test worker] o.h.type.descriptor.sql.BasicBinder      : binding parameter [5] as [VARCHAR] - [password74]
2023-02-09 13:08:22.315 TRACE 5839 --- [    Test worker] o.h.type.descriptor.sql.BasicBinder      : binding parameter [6] as [VARCHAR] - [USER]
2023-02-09 13:08:22.315 TRACE 5839 --- [    Test worker] o.h.type.descriptor.sql.BasicBinder      : binding parameter [7] as [VARCHAR] - [testUser74]
2023-02-09 13:08:22.315 DEBUG 5839 --- [    Test worker] org.hibernate.SQL                        : 
    insert 
    into
        member
        (id, created_time, last_modified_time, member_email, member_nickname, member_password, member_role, member_username) 
    values
        (default, ?, ?, ?, ?, ?, ?, ?)
2023-02-09 13:08:22.315 TRACE 5839 --- [    Test worker] o.h.type.descriptor.sql.BasicBinder      : binding parameter [1] as [TIMESTAMP] - [2023-02-09T13:08:22.315488]
2023-02-09 13:08:22.315 TRACE 5839 --- [    Test worker] o.h.type.descriptor.sql.BasicBinder      : binding parameter [2] as [TIMESTAMP] - [2023-02-09T13:08:22.315426]
2023-02-09 13:08:22.315 TRACE 5839 --- [    Test worker] o.h.type.descriptor.sql.BasicBinder      : binding parameter [3] as [VARCHAR] - [test75@test.com]
2023-02-09 13:08:22.315 TRACE 5839 --- [    Test worker] o.h.type.descriptor.sql.BasicBinder      : binding parameter [4] as [VARCHAR] - [test75]
2023-02-09 13:08:22.315 TRACE 5839 --- [    Test worker] o.h.type.descriptor.sql.BasicBinder      : binding parameter [5] as [VARCHAR] - [password75]
2023-02-09 13:08:22.315 TRACE 5839 --- [    Test worker] o.h.type.descriptor.sql.BasicBinder      : binding parameter [6] as [VARCHAR] - [USER]
2023-02-09 13:08:22.315 TRACE 5839 --- [    Test worker] o.h.type.descriptor.sql.BasicBinder      : binding parameter [7] as [VARCHAR] - [testUser75]
2023-02-09 13:08:22.316 DEBUG 5839 --- [    Test worker] org.hibernate.SQL                        : 
    insert 
    into
        member
        (id, created_time, last_modified_time, member_email, member_nickname, member_password, member_role, member_username) 
    values
        (default, ?, ?, ?, ?, ?, ?, ?)
2023-02-09 13:08:22.316 TRACE 5839 --- [    Test worker] o.h.type.descriptor.sql.BasicBinder      : binding parameter [1] as [TIMESTAMP] - [2023-02-09T13:08:22.316113]
2023-02-09 13:08:22.316 TRACE 5839 --- [    Test worker] o.h.type.descriptor.sql.BasicBinder      : binding parameter [2] as [TIMESTAMP] - [2023-02-09T13:08:22.316048]
2023-02-09 13:08:22.316 TRACE 5839 --- [    Test worker] o.h.type.descriptor.sql.BasicBinder      : binding parameter [3] as [VARCHAR] - [test76@test.com]
2023-02-09 13:08:22.316 TRACE 5839 --- [    Test worker] o.h.type.descriptor.sql.BasicBinder      : binding parameter [4] as [VARCHAR] - [test76]
2023-02-09 13:08:22.316 TRACE 5839 --- [    Test worker] o.h.type.descriptor.sql.BasicBinder      : binding parameter [5] as [VARCHAR] - [password76]
2023-02-09 13:08:22.316 TRACE 5839 --- [    Test worker] o.h.type.descriptor.sql.BasicBinder      : binding parameter [6] as [VARCHAR] - [USER]
2023-02-09 13:08:22.316 TRACE 5839 --- [    Test worker] o.h.type.descriptor.sql.BasicBinder      : binding parameter [7] as [VARCHAR] - [testUser76]
2023-02-09 13:08:22.316 DEBUG 5839 --- [    Test worker] org.hibernate.SQL                        : 
    insert 
    into
        member
        (id, created_time, last_modified_time, member_email, member_nickname, member_password, member_role, member_username) 
    values
        (default, ?, ?, ?, ?, ?, ?, ?)
2023-02-09 13:08:22.317 TRACE 5839 --- [    Test worker] o.h.type.descriptor.sql.BasicBinder      : binding parameter [1] as [TIMESTAMP] - [2023-02-09T13:08:22.316859]
2023-02-09 13:08:22.317 TRACE 5839 --- [    Test worker] o.h.type.descriptor.sql.BasicBinder      : binding parameter [2] as [TIMESTAMP] - [2023-02-09T13:08:22.316793]
2023-02-09 13:08:22.317 TRACE 5839 --- [    Test worker] o.h.type.descriptor.sql.BasicBinder      : binding parameter [3] as [VARCHAR] - [test77@test.com]
2023-02-09 13:08:22.317 TRACE 5839 --- [    Test worker] o.h.type.descriptor.sql.BasicBinder      : binding parameter [4] as [VARCHAR] - [test77]
2023-02-09 13:08:22.317 TRACE 5839 --- [    Test worker] o.h.type.descriptor.sql.BasicBinder      : binding parameter [5] as [VARCHAR] - [password77]
2023-02-09 13:08:22.317 TRACE 5839 --- [    Test worker] o.h.type.descriptor.sql.BasicBinder      : binding parameter [6] as [VARCHAR] - [USER]
2023-02-09 13:08:22.317 TRACE 5839 --- [    Test worker] o.h.type.descriptor.sql.BasicBinder      : binding parameter [7] as [VARCHAR] - [testUser77]
2023-02-09 13:08:22.317 DEBUG 5839 --- [    Test worker] org.hibernate.SQL                        : 
    insert 
    into
        member
        (id, created_time, last_modified_time, member_email, member_nickname, member_password, member_role, member_username) 
    values
        (default, ?, ?, ?, ?, ?, ?, ?)
2023-02-09 13:08:22.317 TRACE 5839 --- [    Test worker] o.h.type.descriptor.sql.BasicBinder      : binding parameter [1] as [TIMESTAMP] - [2023-02-09T13:08:22.317546]
2023-02-09 13:08:22.317 TRACE 5839 --- [    Test worker] o.h.type.descriptor.sql.BasicBinder      : binding parameter [2] as [TIMESTAMP] - [2023-02-09T13:08:22.317481]
2023-02-09 13:08:22.317 TRACE 5839 --- [    Test worker] o.h.type.descriptor.sql.BasicBinder      : binding parameter [3] as [VARCHAR] - [test78@test.com]
2023-02-09 13:08:22.317 TRACE 5839 --- [    Test worker] o.h.type.descriptor.sql.BasicBinder      : binding parameter [4] as [VARCHAR] - [test78]
2023-02-09 13:08:22.317 TRACE 5839 --- [    Test worker] o.h.type.descriptor.sql.BasicBinder      : binding parameter [5] as [VARCHAR] - [password78]
2023-02-09 13:08:22.317 TRACE 5839 --- [    Test worker] o.h.type.descriptor.sql.BasicBinder      : binding parameter [6] as [VARCHAR] - [USER]
2023-02-09 13:08:22.317 TRACE 5839 --- [    Test worker] o.h.type.descriptor.sql.BasicBinder      : binding parameter [7] as [VARCHAR] - [testUser78]
2023-02-09 13:08:22.318 DEBUG 5839 --- [    Test worker] org.hibernate.SQL                        : 
    insert 
    into
        member
        (id, created_time, last_modified_time, member_email, member_nickname, member_password, member_role, member_username) 
    values
        (default, ?, ?, ?, ?, ?, ?, ?)
2023-02-09 13:08:22.318 TRACE 5839 --- [    Test worker] o.h.type.descriptor.sql.BasicBinder      : binding parameter [1] as [TIMESTAMP] - [2023-02-09T13:08:22.318229]
2023-02-09 13:08:22.318 TRACE 5839 --- [    Test worker] o.h.type.descriptor.sql.BasicBinder      : binding parameter [2] as [TIMESTAMP] - [2023-02-09T13:08:22.318169]
2023-02-09 13:08:22.318 TRACE 5839 --- [    Test worker] o.h.type.descriptor.sql.BasicBinder      : binding parameter [3] as [VARCHAR] - [test79@test.com]
2023-02-09 13:08:22.318 TRACE 5839 --- [    Test worker] o.h.type.descriptor.sql.BasicBinder      : binding parameter [4] as [VARCHAR] - [test79]
2023-02-09 13:08:22.318 TRACE 5839 --- [    Test worker] o.h.type.descriptor.sql.BasicBinder      : binding parameter [5] as [VARCHAR] - [password79]
2023-02-09 13:08:22.318 TRACE 5839 --- [    Test worker] o.h.type.descriptor.sql.BasicBinder      : binding parameter [6] as [VARCHAR] - [USER]
2023-02-09 13:08:22.318 TRACE 5839 --- [    Test worker] o.h.type.descriptor.sql.BasicBinder      : binding parameter [7] as [VARCHAR] - [testUser79]
2023-02-09 13:08:22.318 DEBUG 5839 --- [    Test worker] org.hibernate.SQL                        : 
    insert 
    into
        member
        (id, created_time, last_modified_time, member_email, member_nickname, member_password, member_role, member_username) 
    values
        (default, ?, ?, ?, ?, ?, ?, ?)
2023-02-09 13:08:22.319 TRACE 5839 --- [    Test worker] o.h.type.descriptor.sql.BasicBinder      : binding parameter [1] as [TIMESTAMP] - [2023-02-09T13:08:22.318891]
2023-02-09 13:08:22.319 TRACE 5839 --- [    Test worker] o.h.type.descriptor.sql.BasicBinder      : binding parameter [2] as [TIMESTAMP] - [2023-02-09T13:08:22.318833]
2023-02-09 13:08:22.319 TRACE 5839 --- [    Test worker] o.h.type.descriptor.sql.BasicBinder      : binding parameter [3] as [VARCHAR] - [test80@test.com]
2023-02-09 13:08:22.319 TRACE 5839 --- [    Test worker] o.h.type.descriptor.sql.BasicBinder      : binding parameter [4] as [VARCHAR] - [test80]
2023-02-09 13:08:22.319 TRACE 5839 --- [    Test worker] o.h.type.descriptor.sql.BasicBinder      : binding parameter [5] as [VARCHAR] - [password80]
2023-02-09 13:08:22.319 TRACE 5839 --- [    Test worker] o.h.type.descriptor.sql.BasicBinder      : binding parameter [6] as [VARCHAR] - [USER]
2023-02-09 13:08:22.319 TRACE 5839 --- [    Test worker] o.h.type.descriptor.sql.BasicBinder      : binding parameter [7] as [VARCHAR] - [testUser80]
2023-02-09 13:08:22.319 DEBUG 5839 --- [    Test worker] org.hibernate.SQL                        : 
    insert 
    into
        member
        (id, created_time, last_modified_time, member_email, member_nickname, member_password, member_role, member_username) 
    values
        (default, ?, ?, ?, ?, ?, ?, ?)
2023-02-09 13:08:22.319 TRACE 5839 --- [    Test worker] o.h.type.descriptor.sql.BasicBinder      : binding parameter [1] as [TIMESTAMP] - [2023-02-09T13:08:22.319638]
2023-02-09 13:08:22.319 TRACE 5839 --- [    Test worker] o.h.type.descriptor.sql.BasicBinder      : binding parameter [2] as [TIMESTAMP] - [2023-02-09T13:08:22.319565]
2023-02-09 13:08:22.319 TRACE 5839 --- [    Test worker] o.h.type.descriptor.sql.BasicBinder      : binding parameter [3] as [VARCHAR] - [test81@test.com]
2023-02-09 13:08:22.319 TRACE 5839 --- [    Test worker] o.h.type.descriptor.sql.BasicBinder      : binding parameter [4] as [VARCHAR] - [test81]
2023-02-09 13:08:22.319 TRACE 5839 --- [    Test worker] o.h.type.descriptor.sql.BasicBinder      : binding parameter [5] as [VARCHAR] - [password81]
2023-02-09 13:08:22.319 TRACE 5839 --- [    Test worker] o.h.type.descriptor.sql.BasicBinder      : binding parameter [6] as [VARCHAR] - [USER]
2023-02-09 13:08:22.319 TRACE 5839 --- [    Test worker] o.h.type.descriptor.sql.BasicBinder      : binding parameter [7] as [VARCHAR] - [testUser81]
2023-02-09 13:08:22.320 DEBUG 5839 --- [    Test worker] org.hibernate.SQL                        : 
    insert 
    into
        member
        (id, created_time, last_modified_time, member_email, member_nickname, member_password, member_role, member_username) 
    values
        (default, ?, ?, ?, ?, ?, ?, ?)
2023-02-09 13:08:22.320 TRACE 5839 --- [    Test worker] o.h.type.descriptor.sql.BasicBinder      : binding parameter [1] as [TIMESTAMP] - [2023-02-09T13:08:22.320339]
2023-02-09 13:08:22.320 TRACE 5839 --- [    Test worker] o.h.type.descriptor.sql.BasicBinder      : binding parameter [2] as [TIMESTAMP] - [2023-02-09T13:08:22.320273]
2023-02-09 13:08:22.320 TRACE 5839 --- [    Test worker] o.h.type.descriptor.sql.BasicBinder      : binding parameter [3] as [VARCHAR] - [test82@test.com]
2023-02-09 13:08:22.320 TRACE 5839 --- [    Test worker] o.h.type.descriptor.sql.BasicBinder      : binding parameter [4] as [VARCHAR] - [test82]
2023-02-09 13:08:22.320 TRACE 5839 --- [    Test worker] o.h.type.descriptor.sql.BasicBinder      : binding parameter [5] as [VARCHAR] - [password82]
2023-02-09 13:08:22.320 TRACE 5839 --- [    Test worker] o.h.type.descriptor.sql.BasicBinder      : binding parameter [6] as [VARCHAR] - [USER]
2023-02-09 13:08:22.320 TRACE 5839 --- [    Test worker] o.h.type.descriptor.sql.BasicBinder      : binding parameter [7] as [VARCHAR] - [testUser82]
2023-02-09 13:08:22.321 DEBUG 5839 --- [    Test worker] org.hibernate.SQL                        : 
    insert 
    into
        member
        (id, created_time, last_modified_time, member_email, member_nickname, member_password, member_role, member_username) 
    values
        (default, ?, ?, ?, ?, ?, ?, ?)
2023-02-09 13:08:22.321 TRACE 5839 --- [    Test worker] o.h.type.descriptor.sql.BasicBinder      : binding parameter [1] as [TIMESTAMP] - [2023-02-09T13:08:22.321139]
2023-02-09 13:08:22.321 TRACE 5839 --- [    Test worker] o.h.type.descriptor.sql.BasicBinder      : binding parameter [2] as [TIMESTAMP] - [2023-02-09T13:08:22.321052]
2023-02-09 13:08:22.321 TRACE 5839 --- [    Test worker] o.h.type.descriptor.sql.BasicBinder      : binding parameter [3] as [VARCHAR] - [test83@test.com]
2023-02-09 13:08:22.321 TRACE 5839 --- [    Test worker] o.h.type.descriptor.sql.BasicBinder      : binding parameter [4] as [VARCHAR] - [test83]
2023-02-09 13:08:22.321 TRACE 5839 --- [    Test worker] o.h.type.descriptor.sql.BasicBinder      : binding parameter [5] as [VARCHAR] - [password83]
2023-02-09 13:08:22.321 TRACE 5839 --- [    Test worker] o.h.type.descriptor.sql.BasicBinder      : binding parameter [6] as [VARCHAR] - [USER]
2023-02-09 13:08:22.321 TRACE 5839 --- [    Test worker] o.h.type.descriptor.sql.BasicBinder      : binding parameter [7] as [VARCHAR] - [testUser83]
2023-02-09 13:08:22.321 DEBUG 5839 --- [    Test worker] org.hibernate.SQL                        : 
    insert 
    into
        member
        (id, created_time, last_modified_time, member_email, member_nickname, member_password, member_role, member_username) 
    values
        (default, ?, ?, ?, ?, ?, ?, ?)
2023-02-09 13:08:22.322 TRACE 5839 --- [    Test worker] o.h.type.descriptor.sql.BasicBinder      : binding parameter [1] as [TIMESTAMP] - [2023-02-09T13:08:22.321849]
2023-02-09 13:08:22.322 TRACE 5839 --- [    Test worker] o.h.type.descriptor.sql.BasicBinder      : binding parameter [2] as [TIMESTAMP] - [2023-02-09T13:08:22.321777]
2023-02-09 13:08:22.322 TRACE 5839 --- [    Test worker] o.h.type.descriptor.sql.BasicBinder      : binding parameter [3] as [VARCHAR] - [test84@test.com]
2023-02-09 13:08:22.322 TRACE 5839 --- [    Test worker] o.h.type.descriptor.sql.BasicBinder      : binding parameter [4] as [VARCHAR] - [test84]
2023-02-09 13:08:22.322 TRACE 5839 --- [    Test worker] o.h.type.descriptor.sql.BasicBinder      : binding parameter [5] as [VARCHAR] - [password84]
2023-02-09 13:08:22.322 TRACE 5839 --- [    Test worker] o.h.type.descriptor.sql.BasicBinder      : binding parameter [6] as [VARCHAR] - [USER]
2023-02-09 13:08:22.322 TRACE 5839 --- [    Test worker] o.h.type.descriptor.sql.BasicBinder      : binding parameter [7] as [VARCHAR] - [testUser84]
2023-02-09 13:08:22.323 DEBUG 5839 --- [    Test worker] org.hibernate.SQL                        : 
    insert 
    into
        member
        (id, created_time, last_modified_time, member_email, member_nickname, member_password, member_role, member_username) 
    values
        (default, ?, ?, ?, ?, ?, ?, ?)
2023-02-09 13:08:22.323 TRACE 5839 --- [    Test worker] o.h.type.descriptor.sql.BasicBinder      : binding parameter [1] as [TIMESTAMP] - [2023-02-09T13:08:22.323158]
2023-02-09 13:08:22.323 TRACE 5839 --- [    Test worker] o.h.type.descriptor.sql.BasicBinder      : binding parameter [2] as [TIMESTAMP] - [2023-02-09T13:08:22.323010]
2023-02-09 13:08:22.323 TRACE 5839 --- [    Test worker] o.h.type.descriptor.sql.BasicBinder      : binding parameter [3] as [VARCHAR] - [test85@test.com]
2023-02-09 13:08:22.323 TRACE 5839 --- [    Test worker] o.h.type.descriptor.sql.BasicBinder      : binding parameter [4] as [VARCHAR] - [test85]
2023-02-09 13:08:22.323 TRACE 5839 --- [    Test worker] o.h.type.descriptor.sql.BasicBinder      : binding parameter [5] as [VARCHAR] - [password85]
2023-02-09 13:08:22.323 TRACE 5839 --- [    Test worker] o.h.type.descriptor.sql.BasicBinder      : binding parameter [6] as [VARCHAR] - [USER]
2023-02-09 13:08:22.323 TRACE 5839 --- [    Test worker] o.h.type.descriptor.sql.BasicBinder      : binding parameter [7] as [VARCHAR] - [testUser85]
2023-02-09 13:08:22.324 DEBUG 5839 --- [    Test worker] org.hibernate.SQL                        : 
    insert 
    into
        member
        (id, created_time, last_modified_time, member_email, member_nickname, member_password, member_role, member_username) 
    values
        (default, ?, ?, ?, ?, ?, ?, ?)
2023-02-09 13:08:22.324 TRACE 5839 --- [    Test worker] o.h.type.descriptor.sql.BasicBinder      : binding parameter [1] as [TIMESTAMP] - [2023-02-09T13:08:22.324285]
2023-02-09 13:08:22.324 TRACE 5839 --- [    Test worker] o.h.type.descriptor.sql.BasicBinder      : binding parameter [2] as [TIMESTAMP] - [2023-02-09T13:08:22.324165]
2023-02-09 13:08:22.324 TRACE 5839 --- [    Test worker] o.h.type.descriptor.sql.BasicBinder      : binding parameter [3] as [VARCHAR] - [test86@test.com]
2023-02-09 13:08:22.324 TRACE 5839 --- [    Test worker] o.h.type.descriptor.sql.BasicBinder      : binding parameter [4] as [VARCHAR] - [test86]
2023-02-09 13:08:22.324 TRACE 5839 --- [    Test worker] o.h.type.descriptor.sql.BasicBinder      : binding parameter [5] as [VARCHAR] - [password86]
2023-02-09 13:08:22.325 TRACE 5839 --- [    Test worker] o.h.type.descriptor.sql.BasicBinder      : binding parameter [6] as [VARCHAR] - [USER]
2023-02-09 13:08:22.325 TRACE 5839 --- [    Test worker] o.h.type.descriptor.sql.BasicBinder      : binding parameter [7] as [VARCHAR] - [testUser86]
2023-02-09 13:08:22.326 DEBUG 5839 --- [    Test worker] org.hibernate.SQL                        : 
    insert 
    into
        member
        (id, created_time, last_modified_time, member_email, member_nickname, member_password, member_role, member_username) 
    values
        (default, ?, ?, ?, ?, ?, ?, ?)
2023-02-09 13:08:22.326 TRACE 5839 --- [    Test worker] o.h.type.descriptor.sql.BasicBinder      : binding parameter [1] as [TIMESTAMP] - [2023-02-09T13:08:22.325870]
2023-02-09 13:08:22.326 TRACE 5839 --- [    Test worker] o.h.type.descriptor.sql.BasicBinder      : binding parameter [2] as [TIMESTAMP] - [2023-02-09T13:08:22.325673]
2023-02-09 13:08:22.326 TRACE 5839 --- [    Test worker] o.h.type.descriptor.sql.BasicBinder      : binding parameter [3] as [VARCHAR] - [test87@test.com]
2023-02-09 13:08:22.326 TRACE 5839 --- [    Test worker] o.h.type.descriptor.sql.BasicBinder      : binding parameter [4] as [VARCHAR] - [test87]
2023-02-09 13:08:22.326 TRACE 5839 --- [    Test worker] o.h.type.descriptor.sql.BasicBinder      : binding parameter [5] as [VARCHAR] - [password87]
2023-02-09 13:08:22.326 TRACE 5839 --- [    Test worker] o.h.type.descriptor.sql.BasicBinder      : binding parameter [6] as [VARCHAR] - [USER]
2023-02-09 13:08:22.326 TRACE 5839 --- [    Test worker] o.h.type.descriptor.sql.BasicBinder      : binding parameter [7] as [VARCHAR] - [testUser87]
2023-02-09 13:08:22.327 DEBUG 5839 --- [    Test worker] org.hibernate.SQL                        : 
    insert 
    into
        member
        (id, created_time, last_modified_time, member_email, member_nickname, member_password, member_role, member_username) 
    values
        (default, ?, ?, ?, ?, ?, ?, ?)
2023-02-09 13:08:22.327 TRACE 5839 --- [    Test worker] o.h.type.descriptor.sql.BasicBinder      : binding parameter [1] as [TIMESTAMP] - [2023-02-09T13:08:22.327175]
2023-02-09 13:08:22.327 TRACE 5839 --- [    Test worker] o.h.type.descriptor.sql.BasicBinder      : binding parameter [2] as [TIMESTAMP] - [2023-02-09T13:08:22.327026]
2023-02-09 13:08:22.327 TRACE 5839 --- [    Test worker] o.h.type.descriptor.sql.BasicBinder      : binding parameter [3] as [VARCHAR] - [test88@test.com]
2023-02-09 13:08:22.327 TRACE 5839 --- [    Test worker] o.h.type.descriptor.sql.BasicBinder      : binding parameter [4] as [VARCHAR] - [test88]
2023-02-09 13:08:22.327 TRACE 5839 --- [    Test worker] o.h.type.descriptor.sql.BasicBinder      : binding parameter [5] as [VARCHAR] - [password88]
2023-02-09 13:08:22.327 TRACE 5839 --- [    Test worker] o.h.type.descriptor.sql.BasicBinder      : binding parameter [6] as [VARCHAR] - [USER]
2023-02-09 13:08:22.327 TRACE 5839 --- [    Test worker] o.h.type.descriptor.sql.BasicBinder      : binding parameter [7] as [VARCHAR] - [testUser88]
2023-02-09 13:08:22.328 DEBUG 5839 --- [    Test worker] org.hibernate.SQL                        : 
    insert 
    into
        member
        (id, created_time, last_modified_time, member_email, member_nickname, member_password, member_role, member_username) 
    values
        (default, ?, ?, ?, ?, ?, ?, ?)
2023-02-09 13:08:22.328 TRACE 5839 --- [    Test worker] o.h.type.descriptor.sql.BasicBinder      : binding parameter [1] as [TIMESTAMP] - [2023-02-09T13:08:22.328207]
2023-02-09 13:08:22.328 TRACE 5839 --- [    Test worker] o.h.type.descriptor.sql.BasicBinder      : binding parameter [2] as [TIMESTAMP] - [2023-02-09T13:08:22.328091]
2023-02-09 13:08:22.328 TRACE 5839 --- [    Test worker] o.h.type.descriptor.sql.BasicBinder      : binding parameter [3] as [VARCHAR] - [test89@test.com]
2023-02-09 13:08:22.328 TRACE 5839 --- [    Test worker] o.h.type.descriptor.sql.BasicBinder      : binding parameter [4] as [VARCHAR] - [test89]
2023-02-09 13:08:22.328 TRACE 5839 --- [    Test worker] o.h.type.descriptor.sql.BasicBinder      : binding parameter [5] as [VARCHAR] - [password89]
2023-02-09 13:08:22.328 TRACE 5839 --- [    Test worker] o.h.type.descriptor.sql.BasicBinder      : binding parameter [6] as [VARCHAR] - [USER]
2023-02-09 13:08:22.328 TRACE 5839 --- [    Test worker] o.h.type.descriptor.sql.BasicBinder      : binding parameter [7] as [VARCHAR] - [testUser89]
2023-02-09 13:08:22.329 DEBUG 5839 --- [    Test worker] org.hibernate.SQL                        : 
    insert 
    into
        member
        (id, created_time, last_modified_time, member_email, member_nickname, member_password, member_role, member_username) 
    values
        (default, ?, ?, ?, ?, ?, ?, ?)
2023-02-09 13:08:22.329 TRACE 5839 --- [    Test worker] o.h.type.descriptor.sql.BasicBinder      : binding parameter [1] as [TIMESTAMP] - [2023-02-09T13:08:22.329110]
2023-02-09 13:08:22.329 TRACE 5839 --- [    Test worker] o.h.type.descriptor.sql.BasicBinder      : binding parameter [2] as [TIMESTAMP] - [2023-02-09T13:08:22.328998]
2023-02-09 13:08:22.329 TRACE 5839 --- [    Test worker] o.h.type.descriptor.sql.BasicBinder      : binding parameter [3] as [VARCHAR] - [test90@test.com]
2023-02-09 13:08:22.329 TRACE 5839 --- [    Test worker] o.h.type.descriptor.sql.BasicBinder      : binding parameter [4] as [VARCHAR] - [test90]
2023-02-09 13:08:22.329 TRACE 5839 --- [    Test worker] o.h.type.descriptor.sql.BasicBinder      : binding parameter [5] as [VARCHAR] - [password90]
2023-02-09 13:08:22.329 TRACE 5839 --- [    Test worker] o.h.type.descriptor.sql.BasicBinder      : binding parameter [6] as [VARCHAR] - [USER]
2023-02-09 13:08:22.329 TRACE 5839 --- [    Test worker] o.h.type.descriptor.sql.BasicBinder      : binding parameter [7] as [VARCHAR] - [testUser90]
2023-02-09 13:08:22.330 DEBUG 5839 --- [    Test worker] org.hibernate.SQL                        : 
    insert 
    into
        member
        (id, created_time, last_modified_time, member_email, member_nickname, member_password, member_role, member_username) 
    values
        (default, ?, ?, ?, ?, ?, ?, ?)
2023-02-09 13:08:22.330 TRACE 5839 --- [    Test worker] o.h.type.descriptor.sql.BasicBinder      : binding parameter [1] as [TIMESTAMP] - [2023-02-09T13:08:22.330043]
2023-02-09 13:08:22.330 TRACE 5839 --- [    Test worker] o.h.type.descriptor.sql.BasicBinder      : binding parameter [2] as [TIMESTAMP] - [2023-02-09T13:08:22.329933]
2023-02-09 13:08:22.330 TRACE 5839 --- [    Test worker] o.h.type.descriptor.sql.BasicBinder      : binding parameter [3] as [VARCHAR] - [test91@test.com]
2023-02-09 13:08:22.330 TRACE 5839 --- [    Test worker] o.h.type.descriptor.sql.BasicBinder      : binding parameter [4] as [VARCHAR] - [test91]
2023-02-09 13:08:22.330 TRACE 5839 --- [    Test worker] o.h.type.descriptor.sql.BasicBinder      : binding parameter [5] as [VARCHAR] - [password91]
2023-02-09 13:08:22.330 TRACE 5839 --- [    Test worker] o.h.type.descriptor.sql.BasicBinder      : binding parameter [6] as [VARCHAR] - [USER]
2023-02-09 13:08:22.330 TRACE 5839 --- [    Test worker] o.h.type.descriptor.sql.BasicBinder      : binding parameter [7] as [VARCHAR] - [testUser91]
2023-02-09 13:08:22.330 DEBUG 5839 --- [    Test worker] org.hibernate.SQL                        : 
    insert 
    into
        member
        (id, created_time, last_modified_time, member_email, member_nickname, member_password, member_role, member_username) 
    values
        (default, ?, ?, ?, ?, ?, ?, ?)
2023-02-09 13:08:22.330 TRACE 5839 --- [    Test worker] o.h.type.descriptor.sql.BasicBinder      : binding parameter [1] as [TIMESTAMP] - [2023-02-09T13:08:22.330730]
2023-02-09 13:08:22.330 TRACE 5839 --- [    Test worker] o.h.type.descriptor.sql.BasicBinder      : binding parameter [2] as [TIMESTAMP] - [2023-02-09T13:08:22.330662]
2023-02-09 13:08:22.330 TRACE 5839 --- [    Test worker] o.h.type.descriptor.sql.BasicBinder      : binding parameter [3] as [VARCHAR] - [test92@test.com]
2023-02-09 13:08:22.330 TRACE 5839 --- [    Test worker] o.h.type.descriptor.sql.BasicBinder      : binding parameter [4] as [VARCHAR] - [test92]
2023-02-09 13:08:22.330 TRACE 5839 --- [    Test worker] o.h.type.descriptor.sql.BasicBinder      : binding parameter [5] as [VARCHAR] - [password92]
2023-02-09 13:08:22.330 TRACE 5839 --- [    Test worker] o.h.type.descriptor.sql.BasicBinder      : binding parameter [6] as [VARCHAR] - [USER]
2023-02-09 13:08:22.331 TRACE 5839 --- [    Test worker] o.h.type.descriptor.sql.BasicBinder      : binding parameter [7] as [VARCHAR] - [testUser92]
2023-02-09 13:08:22.331 DEBUG 5839 --- [    Test worker] org.hibernate.SQL                        : 
    insert 
    into
        member
        (id, created_time, last_modified_time, member_email, member_nickname, member_password, member_role, member_username) 
    values
        (default, ?, ?, ?, ?, ?, ?, ?)
2023-02-09 13:08:22.331 TRACE 5839 --- [    Test worker] o.h.type.descriptor.sql.BasicBinder      : binding parameter [1] as [TIMESTAMP] - [2023-02-09T13:08:22.331365]
2023-02-09 13:08:22.331 TRACE 5839 --- [    Test worker] o.h.type.descriptor.sql.BasicBinder      : binding parameter [2] as [TIMESTAMP] - [2023-02-09T13:08:22.331301]
2023-02-09 13:08:22.331 TRACE 5839 --- [    Test worker] o.h.type.descriptor.sql.BasicBinder      : binding parameter [3] as [VARCHAR] - [test93@test.com]
2023-02-09 13:08:22.331 TRACE 5839 --- [    Test worker] o.h.type.descriptor.sql.BasicBinder      : binding parameter [4] as [VARCHAR] - [test93]
2023-02-09 13:08:22.331 TRACE 5839 --- [    Test worker] o.h.type.descriptor.sql.BasicBinder      : binding parameter [5] as [VARCHAR] - [password93]
2023-02-09 13:08:22.331 TRACE 5839 --- [    Test worker] o.h.type.descriptor.sql.BasicBinder      : binding parameter [6] as [VARCHAR] - [USER]
2023-02-09 13:08:22.331 TRACE 5839 --- [    Test worker] o.h.type.descriptor.sql.BasicBinder      : binding parameter [7] as [VARCHAR] - [testUser93]
2023-02-09 13:08:22.332 DEBUG 5839 --- [    Test worker] org.hibernate.SQL                        : 
    insert 
    into
        member
        (id, created_time, last_modified_time, member_email, member_nickname, member_password, member_role, member_username) 
    values
        (default, ?, ?, ?, ?, ?, ?, ?)
2023-02-09 13:08:22.332 TRACE 5839 --- [    Test worker] o.h.type.descriptor.sql.BasicBinder      : binding parameter [1] as [TIMESTAMP] - [2023-02-09T13:08:22.331939]
2023-02-09 13:08:22.332 TRACE 5839 --- [    Test worker] o.h.type.descriptor.sql.BasicBinder      : binding parameter [2] as [TIMESTAMP] - [2023-02-09T13:08:22.331875]
2023-02-09 13:08:22.332 TRACE 5839 --- [    Test worker] o.h.type.descriptor.sql.BasicBinder      : binding parameter [3] as [VARCHAR] - [test94@test.com]
2023-02-09 13:08:22.332 TRACE 5839 --- [    Test worker] o.h.type.descriptor.sql.BasicBinder      : binding parameter [4] as [VARCHAR] - [test94]
2023-02-09 13:08:22.332 TRACE 5839 --- [    Test worker] o.h.type.descriptor.sql.BasicBinder      : binding parameter [5] as [VARCHAR] - [password94]
2023-02-09 13:08:22.332 TRACE 5839 --- [    Test worker] o.h.type.descriptor.sql.BasicBinder      : binding parameter [6] as [VARCHAR] - [USER]
2023-02-09 13:08:22.332 TRACE 5839 --- [    Test worker] o.h.type.descriptor.sql.BasicBinder      : binding parameter [7] as [VARCHAR] - [testUser94]
2023-02-09 13:08:22.332 DEBUG 5839 --- [    Test worker] org.hibernate.SQL                        : 
    insert 
    into
        member
        (id, created_time, last_modified_time, member_email, member_nickname, member_password, member_role, member_username) 
    values
        (default, ?, ?, ?, ?, ?, ?, ?)
2023-02-09 13:08:22.332 TRACE 5839 --- [    Test worker] o.h.type.descriptor.sql.BasicBinder      : binding parameter [1] as [TIMESTAMP] - [2023-02-09T13:08:22.332637]
2023-02-09 13:08:22.332 TRACE 5839 --- [    Test worker] o.h.type.descriptor.sql.BasicBinder      : binding parameter [2] as [TIMESTAMP] - [2023-02-09T13:08:22.332572]
2023-02-09 13:08:22.332 TRACE 5839 --- [    Test worker] o.h.type.descriptor.sql.BasicBinder      : binding parameter [3] as [VARCHAR] - [test95@test.com]
2023-02-09 13:08:22.332 TRACE 5839 --- [    Test worker] o.h.type.descriptor.sql.BasicBinder      : binding parameter [4] as [VARCHAR] - [test95]
2023-02-09 13:08:22.332 TRACE 5839 --- [    Test worker] o.h.type.descriptor.sql.BasicBinder      : binding parameter [5] as [VARCHAR] - [password95]
2023-02-09 13:08:22.332 TRACE 5839 --- [    Test worker] o.h.type.descriptor.sql.BasicBinder      : binding parameter [6] as [VARCHAR] - [USER]
2023-02-09 13:08:22.332 TRACE 5839 --- [    Test worker] o.h.type.descriptor.sql.BasicBinder      : binding parameter [7] as [VARCHAR] - [testUser95]
2023-02-09 13:08:22.333 DEBUG 5839 --- [    Test worker] org.hibernate.SQL                        : 
    insert 
    into
        member
        (id, created_time, last_modified_time, member_email, member_nickname, member_password, member_role, member_username) 
    values
        (default, ?, ?, ?, ?, ?, ?, ?)
2023-02-09 13:08:22.333 TRACE 5839 --- [    Test worker] o.h.type.descriptor.sql.BasicBinder      : binding parameter [1] as [TIMESTAMP] - [2023-02-09T13:08:22.333218]
2023-02-09 13:08:22.333 TRACE 5839 --- [    Test worker] o.h.type.descriptor.sql.BasicBinder      : binding parameter [2] as [TIMESTAMP] - [2023-02-09T13:08:22.333157]
2023-02-09 13:08:22.333 TRACE 5839 --- [    Test worker] o.h.type.descriptor.sql.BasicBinder      : binding parameter [3] as [VARCHAR] - [test96@test.com]
2023-02-09 13:08:22.333 TRACE 5839 --- [    Test worker] o.h.type.descriptor.sql.BasicBinder      : binding parameter [4] as [VARCHAR] - [test96]
2023-02-09 13:08:22.333 TRACE 5839 --- [    Test worker] o.h.type.descriptor.sql.BasicBinder      : binding parameter [5] as [VARCHAR] - [password96]
2023-02-09 13:08:22.333 TRACE 5839 --- [    Test worker] o.h.type.descriptor.sql.BasicBinder      : binding parameter [6] as [VARCHAR] - [USER]
2023-02-09 13:08:22.333 TRACE 5839 --- [    Test worker] o.h.type.descriptor.sql.BasicBinder      : binding parameter [7] as [VARCHAR] - [testUser96]
2023-02-09 13:08:22.333 DEBUG 5839 --- [    Test worker] org.hibernate.SQL                        : 
    insert 
    into
        member
        (id, created_time, last_modified_time, member_email, member_nickname, member_password, member_role, member_username) 
    values
        (default, ?, ?, ?, ?, ?, ?, ?)
2023-02-09 13:08:22.334 TRACE 5839 --- [    Test worker] o.h.type.descriptor.sql.BasicBinder      : binding parameter [1] as [TIMESTAMP] - [2023-02-09T13:08:22.333872]
2023-02-09 13:08:22.334 TRACE 5839 --- [    Test worker] o.h.type.descriptor.sql.BasicBinder      : binding parameter [2] as [TIMESTAMP] - [2023-02-09T13:08:22.333806]
2023-02-09 13:08:22.334 TRACE 5839 --- [    Test worker] o.h.type.descriptor.sql.BasicBinder      : binding parameter [3] as [VARCHAR] - [test97@test.com]
2023-02-09 13:08:22.334 TRACE 5839 --- [    Test worker] o.h.type.descriptor.sql.BasicBinder      : binding parameter [4] as [VARCHAR] - [test97]
2023-02-09 13:08:22.334 TRACE 5839 --- [    Test worker] o.h.type.descriptor.sql.BasicBinder      : binding parameter [5] as [VARCHAR] - [password97]
2023-02-09 13:08:22.334 TRACE 5839 --- [    Test worker] o.h.type.descriptor.sql.BasicBinder      : binding parameter [6] as [VARCHAR] - [USER]
2023-02-09 13:08:22.334 TRACE 5839 --- [    Test worker] o.h.type.descriptor.sql.BasicBinder      : binding parameter [7] as [VARCHAR] - [testUser97]
2023-02-09 13:08:22.334 DEBUG 5839 --- [    Test worker] org.hibernate.SQL                        : 
    insert 
    into
        member
        (id, created_time, last_modified_time, member_email, member_nickname, member_password, member_role, member_username) 
    values
        (default, ?, ?, ?, ?, ?, ?, ?)
2023-02-09 13:08:22.335 TRACE 5839 --- [    Test worker] o.h.type.descriptor.sql.BasicBinder      : binding parameter [1] as [TIMESTAMP] - [2023-02-09T13:08:22.334819]
2023-02-09 13:08:22.335 TRACE 5839 --- [    Test worker] o.h.type.descriptor.sql.BasicBinder      : binding parameter [2] as [TIMESTAMP] - [2023-02-09T13:08:22.334746]
2023-02-09 13:08:22.335 TRACE 5839 --- [    Test worker] o.h.type.descriptor.sql.BasicBinder      : binding parameter [3] as [VARCHAR] - [test98@test.com]
2023-02-09 13:08:22.335 TRACE 5839 --- [    Test worker] o.h.type.descriptor.sql.BasicBinder      : binding parameter [4] as [VARCHAR] - [test98]
2023-02-09 13:08:22.335 TRACE 5839 --- [    Test worker] o.h.type.descriptor.sql.BasicBinder      : binding parameter [5] as [VARCHAR] - [password98]
2023-02-09 13:08:22.335 TRACE 5839 --- [    Test worker] o.h.type.descriptor.sql.BasicBinder      : binding parameter [6] as [VARCHAR] - [USER]
2023-02-09 13:08:22.335 TRACE 5839 --- [    Test worker] o.h.type.descriptor.sql.BasicBinder      : binding parameter [7] as [VARCHAR] - [testUser98]
2023-02-09 13:08:22.338 DEBUG 5839 --- [    Test worker] org.hibernate.SQL                        : 
    insert 
    into
        member
        (id, created_time, last_modified_time, member_email, member_nickname, member_password, member_role, member_username) 
    values
        (default, ?, ?, ?, ?, ?, ?, ?)
2023-02-09 13:08:22.339 TRACE 5839 --- [    Test worker] o.h.type.descriptor.sql.BasicBinder      : binding parameter [1] as [TIMESTAMP] - [2023-02-09T13:08:22.338591]
2023-02-09 13:08:22.339 TRACE 5839 --- [    Test worker] o.h.type.descriptor.sql.BasicBinder      : binding parameter [2] as [TIMESTAMP] - [2023-02-09T13:08:22.338366]
2023-02-09 13:08:22.339 TRACE 5839 --- [    Test worker] o.h.type.descriptor.sql.BasicBinder      : binding parameter [3] as [VARCHAR] - [test99@test.com]
2023-02-09 13:08:22.339 TRACE 5839 --- [    Test worker] o.h.type.descriptor.sql.BasicBinder      : binding parameter [4] as [VARCHAR] - [test99]
2023-02-09 13:08:22.339 TRACE 5839 --- [    Test worker] o.h.type.descriptor.sql.BasicBinder      : binding parameter [5] as [VARCHAR] - [password99]
2023-02-09 13:08:22.339 TRACE 5839 --- [    Test worker] o.h.type.descriptor.sql.BasicBinder      : binding parameter [6] as [VARCHAR] - [USER]
2023-02-09 13:08:22.339 TRACE 5839 --- [    Test worker] o.h.type.descriptor.sql.BasicBinder      : binding parameter [7] as [VARCHAR] - [testUser99]
2023-02-09 13:08:22.340 DEBUG 5839 --- [    Test worker] org.hibernate.SQL                        : 
    insert 
    into
        member
        (id, created_time, last_modified_time, member_email, member_nickname, member_password, member_role, member_username) 
    values
        (default, ?, ?, ?, ?, ?, ?, ?)
2023-02-09 13:08:22.340 TRACE 5839 --- [    Test worker] o.h.type.descriptor.sql.BasicBinder      : binding parameter [1] as [TIMESTAMP] - [2023-02-09T13:08:22.340080]
2023-02-09 13:08:22.340 TRACE 5839 --- [    Test worker] o.h.type.descriptor.sql.BasicBinder      : binding parameter [2] as [TIMESTAMP] - [2023-02-09T13:08:22.339954]
2023-02-09 13:08:22.340 TRACE 5839 --- [    Test worker] o.h.type.descriptor.sql.BasicBinder      : binding parameter [3] as [VARCHAR] - [test100@test.com]
2023-02-09 13:08:22.340 TRACE 5839 --- [    Test worker] o.h.type.descriptor.sql.BasicBinder      : binding parameter [4] as [VARCHAR] - [test100]
2023-02-09 13:08:22.340 TRACE 5839 --- [    Test worker] o.h.type.descriptor.sql.BasicBinder      : binding parameter [5] as [VARCHAR] - [password100]
2023-02-09 13:08:22.340 TRACE 5839 --- [    Test worker] o.h.type.descriptor.sql.BasicBinder      : binding parameter [6] as [VARCHAR] - [USER]
2023-02-09 13:08:22.340 TRACE 5839 --- [    Test worker] o.h.type.descriptor.sql.BasicBinder      : binding parameter [7] as [VARCHAR] - [testUser100]
2023-02-09 13:08:22.418 DEBUG 5839 --- [    Test worker] org.hibernate.SQL                        : 
    select
        count(member0_.id) as col_0_0_ 
    from
        member member0_ 
    where
        member0_.member_username like ? escape '!'
2023-02-09 13:08:22.419 TRACE 5839 --- [    Test worker] o.h.type.descriptor.sql.BasicBinder      : binding parameter [1] as [VARCHAR] - [%testUser1%]
2023-02-09 13:08:22.420 TRACE 5839 --- [    Test worker] o.h.type.descriptor.sql.BasicExtractor   : extracted value ([col_0_0_] : [BIGINT]) - [12]
2023-02-09 13:08:22.424 DEBUG 5839 --- [    Test worker] org.hibernate.SQL                        : 
    select
        member0_.member_username as col_0_0_,
        member0_.member_nickname as col_1_0_,
        member0_.member_email as col_2_0_ 
    from
        member member0_ 
    where
        member0_.member_username like ? escape '!' limit ?
2023-02-09 13:08:22.425 TRACE 5839 --- [    Test worker] o.h.type.descriptor.sql.BasicBinder      : binding parameter [1] as [VARCHAR] - [%testUser1%]
2023-02-09 13:08:22.425 TRACE 5839 --- [    Test worker] o.h.type.descriptor.sql.BasicExtractor   : extracted value ([col_0_0_] : [VARCHAR]) - [testUser1]
2023-02-09 13:08:22.425 TRACE 5839 --- [    Test worker] o.h.type.descriptor.sql.BasicExtractor   : extracted value ([col_1_0_] : [VARCHAR]) - [test1]
2023-02-09 13:08:22.425 TRACE 5839 --- [    Test worker] o.h.type.descriptor.sql.BasicExtractor   : extracted value ([col_2_0_] : [VARCHAR]) - [test1@test.com]
2023-02-09 13:08:22.425 TRACE 5839 --- [    Test worker] o.h.type.descriptor.sql.BasicExtractor   : extracted value ([col_0_0_] : [VARCHAR]) - [testUser10]
2023-02-09 13:08:22.425 TRACE 5839 --- [    Test worker] o.h.type.descriptor.sql.BasicExtractor   : extracted value ([col_1_0_] : [VARCHAR]) - [test10]
2023-02-09 13:08:22.425 TRACE 5839 --- [    Test worker] o.h.type.descriptor.sql.BasicExtractor   : extracted value ([col_2_0_] : [VARCHAR]) - [test10@test.com]
2023-02-09 13:08:22.425 TRACE 5839 --- [    Test worker] o.h.type.descriptor.sql.BasicExtractor   : extracted value ([col_0_0_] : [VARCHAR]) - [testUser11]
2023-02-09 13:08:22.425 TRACE 5839 --- [    Test worker] o.h.type.descriptor.sql.BasicExtractor   : extracted value ([col_1_0_] : [VARCHAR]) - [test11]
2023-02-09 13:08:22.425 TRACE 5839 --- [    Test worker] o.h.type.descriptor.sql.BasicExtractor   : extracted value ([col_2_0_] : [VARCHAR]) - [test11@test.com]
2023-02-09 13:08:22.425 TRACE 5839 --- [    Test worker] o.h.type.descriptor.sql.BasicExtractor   : extracted value ([col_0_0_] : [VARCHAR]) - [testUser12]
2023-02-09 13:08:22.425 TRACE 5839 --- [    Test worker] o.h.type.descriptor.sql.BasicExtractor   : extracted value ([col_1_0_] : [VARCHAR]) - [test12]
2023-02-09 13:08:22.425 TRACE 5839 --- [    Test worker] o.h.type.descriptor.sql.BasicExtractor   : extracted value ([col_2_0_] : [VARCHAR]) - [test12@test.com]
2023-02-09 13:08:22.425 TRACE 5839 --- [    Test worker] o.h.type.descriptor.sql.BasicExtractor   : extracted value ([col_0_0_] : [VARCHAR]) - [testUser13]
2023-02-09 13:08:22.425 TRACE 5839 --- [    Test worker] o.h.type.descriptor.sql.BasicExtractor   : extracted value ([col_1_0_] : [VARCHAR]) - [test13]
2023-02-09 13:08:22.425 TRACE 5839 --- [    Test worker] o.h.type.descriptor.sql.BasicExtractor   : extracted value ([col_2_0_] : [VARCHAR]) - [test13@test.com]
2023-02-09 13:08:22.425 TRACE 5839 --- [    Test worker] o.h.type.descriptor.sql.BasicExtractor   : extracted value ([col_0_0_] : [VARCHAR]) - [testUser14]
2023-02-09 13:08:22.425 TRACE 5839 --- [    Test worker] o.h.type.descriptor.sql.BasicExtractor   : extracted value ([col_1_0_] : [VARCHAR]) - [test14]
2023-02-09 13:08:22.425 TRACE 5839 --- [    Test worker] o.h.type.descriptor.sql.BasicExtractor   : extracted value ([col_2_0_] : [VARCHAR]) - [test14@test.com]
2023-02-09 13:08:22.425 TRACE 5839 --- [    Test worker] o.h.type.descriptor.sql.BasicExtractor   : extracted value ([col_0_0_] : [VARCHAR]) - [testUser15]
2023-02-09 13:08:22.425 TRACE 5839 --- [    Test worker] o.h.type.descriptor.sql.BasicExtractor   : extracted value ([col_1_0_] : [VARCHAR]) - [test15]
2023-02-09 13:08:22.425 TRACE 5839 --- [    Test worker] o.h.type.descriptor.sql.BasicExtractor   : extracted value ([col_2_0_] : [VARCHAR]) - [test15@test.com]
2023-02-09 13:08:22.426 TRACE 5839 --- [    Test worker] o.h.type.descriptor.sql.BasicExtractor   : extracted value ([col_0_0_] : [VARCHAR]) - [testUser16]
2023-02-09 13:08:22.426 TRACE 5839 --- [    Test worker] o.h.type.descriptor.sql.BasicExtractor   : extracted value ([col_1_0_] : [VARCHAR]) - [test16]
2023-02-09 13:08:22.426 TRACE 5839 --- [    Test worker] o.h.type.descriptor.sql.BasicExtractor   : extracted value ([col_2_0_] : [VARCHAR]) - [test16@test.com]
2023-02-09 13:08:22.426 TRACE 5839 --- [    Test worker] o.h.type.descriptor.sql.BasicExtractor   : extracted value ([col_0_0_] : [VARCHAR]) - [testUser17]
2023-02-09 13:08:22.426 TRACE 5839 --- [    Test worker] o.h.type.descriptor.sql.BasicExtractor   : extracted value ([col_1_0_] : [VARCHAR]) - [test17]
2023-02-09 13:08:22.426 TRACE 5839 --- [    Test worker] o.h.type.descriptor.sql.BasicExtractor   : extracted value ([col_2_0_] : [VARCHAR]) - [test17@test.com]
2023-02-09 13:08:22.426 TRACE 5839 --- [    Test worker] o.h.type.descriptor.sql.BasicExtractor   : extracted value ([col_0_0_] : [VARCHAR]) - [testUser18]
2023-02-09 13:08:22.426 TRACE 5839 --- [    Test worker] o.h.type.descriptor.sql.BasicExtractor   : extracted value ([col_1_0_] : [VARCHAR]) - [test18]
2023-02-09 13:08:22.426 TRACE 5839 --- [    Test worker] o.h.type.descriptor.sql.BasicExtractor   : extracted value ([col_2_0_] : [VARCHAR]) - [test18@test.com]
2023-02-09 13:08:22.428 DEBUG 5839 --- [    Test worker] org.hibernate.SQL                        : 
    select
        count(member0_.id) as col_0_0_ 
    from
        member member0_ 
    where
        member0_.member_username like ? escape '!'
2023-02-09 13:08:22.428 TRACE 5839 --- [    Test worker] o.h.type.descriptor.sql.BasicBinder      : binding parameter [1] as [VARCHAR] - [%testUser1%]
2023-02-09 13:08:22.429 TRACE 5839 --- [    Test worker] o.h.type.descriptor.sql.BasicExtractor   : extracted value ([col_0_0_] : [BIGINT]) - [12]
2023-02-09 13:08:22.430 DEBUG 5839 --- [    Test worker] org.hibernate.SQL                        : 
    select
        member0_.member_username as col_0_0_,
        member0_.member_nickname as col_1_0_,
        member0_.member_email as col_2_0_ 
    from
        member member0_ 
    where
        member0_.member_username like ? escape '!' limit ? offset ?
2023-02-09 13:08:22.430 TRACE 5839 --- [    Test worker] o.h.type.descriptor.sql.BasicBinder      : binding parameter [1] as [VARCHAR] - [%testUser1%]
2023-02-09 13:08:22.430 TRACE 5839 --- [    Test worker] o.h.type.descriptor.sql.BasicExtractor   : extracted value ([col_0_0_] : [VARCHAR]) - [testUser19]
2023-02-09 13:08:22.431 TRACE 5839 --- [    Test worker] o.h.type.descriptor.sql.BasicExtractor   : extracted value ([col_1_0_] : [VARCHAR]) - [test19]
2023-02-09 13:08:22.431 TRACE 5839 --- [    Test worker] o.h.type.descriptor.sql.BasicExtractor   : extracted value ([col_2_0_] : [VARCHAR]) - [test19@test.com]
2023-02-09 13:08:22.431 TRACE 5839 --- [    Test worker] o.h.type.descriptor.sql.BasicExtractor   : extracted value ([col_0_0_] : [VARCHAR]) - [testUser100]
2023-02-09 13:08:22.431 TRACE 5839 --- [    Test worker] o.h.type.descriptor.sql.BasicExtractor   : extracted value ([col_1_0_] : [VARCHAR]) - [test100]
2023-02-09 13:08:22.431 TRACE 5839 --- [    Test worker] o.h.type.descriptor.sql.BasicExtractor   : extracted value ([col_2_0_] : [VARCHAR]) - [test100@test.com]
result1 : [SearchMemberDto(username=testUser1, nickname=test1, email=test1@test.com), SearchMemberDto(username=testUser10, nickname=test10, email=test10@test.com), SearchMemberDto(username=testUser11, nickname=test11, email=test11@test.com), SearchMemberDto(username=testUser12, nickname=test12, email=test12@test.com), SearchMemberDto(username=testUser13, nickname=test13, email=test13@test.com), SearchMemberDto(username=testUser14, nickname=test14, email=test14@test.com), SearchMemberDto(username=testUser15, nickname=test15, email=test15@test.com), SearchMemberDto(username=testUser16, nickname=test16, email=test16@test.com), SearchMemberDto(username=testUser17, nickname=test17, email=test17@test.com), SearchMemberDto(username=testUser18, nickname=test18, email=test18@test.com)]
2023-02-09 13:08:22.458  INFO 5839 --- [    Test worker] o.s.t.c.transaction.TransactionContext   : Rolled back transaction for test: [DefaultTestContext@3f446bef testClass = MemberRepositoryTest_Search_Contains, testInstance = com.board.Board_Upgraded.repository.MemberRepositoryTest_Search_Contains@56dae6, testMethod = searchWith_testUser1@MemberRepositoryTest_Search_Contains, testException = [null], mergedContextConfiguration = [WebMergedContextConfiguration@7829b776 testClass = MemberRepositoryTest_Search_Contains, locations = '{}', classes = '{class com.board.Board_Upgraded.BoardUpgradedApplication}', contextInitializerClasses = '[]', activeProfiles = '{}', propertySourceLocations = '{}', propertySourceProperties = '{org.springframework.boot.test.context.SpringBootTestContextBootstrapper=true}', contextCustomizers = set[org.springframework.boot.test.autoconfigure.actuate.metrics.MetricsExportContextCustomizerFactory$DisableMetricExportContextCustomizer@7a67e3c6, org.springframework.boot.test.autoconfigure.properties.PropertyMappingContextCustomizer@0, org.springframework.boot.test.autoconfigure.web.servlet.WebDriverContextCustomizerFactory$Customizer@5505ae1a, org.springframework.boot.test.context.filter.ExcludeFilterContextCustomizer@60df60da, org.springframework.boot.test.json.DuplicateJsonObjectContextCustomizerFactory$DuplicateJsonObjectContextCustomizer@632ceb35, org.springframework.boot.test.mock.mockito.MockitoContextCustomizer@0, org.springframework.boot.test.web.client.TestRestTemplateContextCustomizer@1e461e41, org.springframework.boot.test.context.SpringBootTestArgs@1, org.springframework.boot.test.context.SpringBootTestWebEnvironment@fd07cbb], resourceBasePath = 'src/main/webapp', contextLoader = 'org.springframework.boot.test.context.SpringBootContextLoader', parent = [null]], attributes = map['org.springframework.test.context.web.ServletTestExecutionListener.activateListener' -> true, 'org.springframework.test.context.web.ServletTestExecutionListener.populatedRequestContextHolder' -> true, 'org.springframework.test.context.web.ServletTestExecutionListener.resetRequestContextHolder' -> true, 'org.springframework.test.context.event.ApplicationEventsTestExecutionListener.recordApplicationEvents' -> false]]
]]></system-out>
  <system-err><![CDATA[]]></system-err>
</testsuite>
