<?xml version="1.0" encoding="UTF-8"?>
<testsuite name="com.board.Board_Upgraded.controller.post.CreateEditDeleteTest" tests="1" skipped="0" failures="0" errors="0" timestamp="2023-02-27T14:29:24" hostname="ijanghuiui-MacBookPro.local" time="0.598">
  <properties/>
  <testcase name="게시물을 작성할 때, 회원권한이 있으면 정상적으로 게시물을 생성한다." classname="com.board.Board_Upgraded.controller.post.CreateEditDeleteTest" time="0.598"/>
  <system-out><![CDATA[23:29:21.716 [Test worker] DEBUG org.springframework.test.context.BootstrapUtils - Instantiating CacheAwareContextLoaderDelegate from class [org.springframework.test.context.cache.DefaultCacheAwareContextLoaderDelegate]
23:29:21.720 [Test worker] DEBUG org.springframework.test.context.BootstrapUtils - Instantiating BootstrapContext using constructor [public org.springframework.test.context.support.DefaultBootstrapContext(java.lang.Class,org.springframework.test.context.CacheAwareContextLoaderDelegate)]
23:29:21.736 [Test worker] DEBUG org.springframework.test.context.BootstrapUtils - Instantiating TestContextBootstrapper for test class [com.board.Board_Upgraded.controller.post.CreateEditDeleteTest] from class [org.springframework.boot.test.context.SpringBootTestContextBootstrapper]
23:29:21.740 [Test worker] INFO org.springframework.boot.test.context.SpringBootTestContextBootstrapper - Neither @ContextConfiguration nor @ContextHierarchy found for test class [com.board.Board_Upgraded.controller.post.CreateEditDeleteTest], using SpringBootContextLoader
23:29:21.742 [Test worker] DEBUG org.springframework.test.context.support.AbstractContextLoader - Did not detect default resource location for test class [com.board.Board_Upgraded.controller.post.CreateEditDeleteTest]: class path resource [com/board/Board_Upgraded/controller/post/CreateEditDeleteTest-context.xml] does not exist
23:29:21.742 [Test worker] DEBUG org.springframework.test.context.support.AbstractContextLoader - Did not detect default resource location for test class [com.board.Board_Upgraded.controller.post.CreateEditDeleteTest]: class path resource [com/board/Board_Upgraded/controller/post/CreateEditDeleteTestContext.groovy] does not exist
23:29:21.742 [Test worker] INFO org.springframework.test.context.support.AbstractContextLoader - Could not detect default resource locations for test class [com.board.Board_Upgraded.controller.post.CreateEditDeleteTest]: no resource found for suffixes {-context.xml, Context.groovy}.
23:29:21.742 [Test worker] INFO org.springframework.test.context.support.AnnotationConfigContextLoaderUtils - Could not detect default configuration classes for test class [com.board.Board_Upgraded.controller.post.CreateEditDeleteTest]: CreateEditDeleteTest does not declare any static, non-private, non-final, nested classes annotated with @Configuration.
23:29:21.764 [Test worker] DEBUG org.springframework.test.context.support.ActiveProfilesUtils - Could not find an 'annotation declaring class' for annotation type [org.springframework.test.context.ActiveProfiles] and class [com.board.Board_Upgraded.controller.post.CreateEditDeleteTest]
23:29:21.798 [Test worker] DEBUG org.springframework.context.annotation.ClassPathScanningCandidateComponentProvider - Identified candidate component class: file [/Users/leeeehgnaj/Desktop/Coding/Board_Upgraded/build/classes/java/main/com/board/Board_Upgraded/BoardUpgradedApplication.class]
23:29:21.798 [Test worker] INFO org.springframework.boot.test.context.SpringBootTestContextBootstrapper - Found @SpringBootConfiguration com.board.Board_Upgraded.BoardUpgradedApplication for test class com.board.Board_Upgraded.controller.post.CreateEditDeleteTest
23:29:21.829 [Test worker] DEBUG org.springframework.boot.test.context.SpringBootTestContextBootstrapper - @TestExecutionListeners is not present for class [com.board.Board_Upgraded.controller.post.CreateEditDeleteTest]: using defaults.
23:29:21.829 [Test worker] INFO org.springframework.boot.test.context.SpringBootTestContextBootstrapper - Loaded default TestExecutionListener class names from location [META-INF/spring.factories]: [org.springframework.security.test.context.support.WithSecurityContextTestExecutionListener, org.springframework.security.test.context.support.ReactorContextTestExecutionListener, org.springframework.boot.test.autoconfigure.restdocs.RestDocsTestExecutionListener, org.springframework.boot.test.autoconfigure.web.client.MockRestServiceServerResetTestExecutionListener, org.springframework.boot.test.autoconfigure.web.servlet.MockMvcPrintOnlyOnFailureTestExecutionListener, org.springframework.boot.test.autoconfigure.web.servlet.WebDriverTestExecutionListener, org.springframework.boot.test.autoconfigure.webservices.client.MockWebServiceServerTestExecutionListener, org.springframework.boot.test.mock.mockito.MockitoTestExecutionListener, org.springframework.boot.test.mock.mockito.ResetMocksTestExecutionListener, org.springframework.test.context.web.ServletTestExecutionListener, org.springframework.test.context.support.DirtiesContextBeforeModesTestExecutionListener, org.springframework.test.context.event.ApplicationEventsTestExecutionListener, org.springframework.test.context.support.DependencyInjectionTestExecutionListener, org.springframework.test.context.support.DirtiesContextTestExecutionListener, org.springframework.test.context.transaction.TransactionalTestExecutionListener, org.springframework.test.context.jdbc.SqlScriptsTestExecutionListener, org.springframework.test.context.event.EventPublishingTestExecutionListener]
23:29:21.836 [Test worker] INFO org.springframework.boot.test.context.SpringBootTestContextBootstrapper - Using TestExecutionListeners: [org.springframework.test.context.web.ServletTestExecutionListener@21d8bcbe, org.springframework.test.context.support.DirtiesContextBeforeModesTestExecutionListener@5be067de, org.springframework.test.context.event.ApplicationEventsTestExecutionListener@7383eae2, org.springframework.boot.test.mock.mockito.MockitoTestExecutionListener@18245eb0, org.springframework.boot.test.autoconfigure.SpringBootDependencyInjectionTestExecutionListener@7c7d3c46, org.springframework.test.context.support.DirtiesContextTestExecutionListener@24fb6a80, org.springframework.test.context.transaction.TransactionalTestExecutionListener@48c35007, org.springframework.test.context.jdbc.SqlScriptsTestExecutionListener@72a85671, org.springframework.security.test.context.support.WithSecurityContextTestExecutionListener@6722db6e, org.springframework.test.context.event.EventPublishingTestExecutionListener@18f20260, org.springframework.security.test.context.support.ReactorContextTestExecutionListener@4ae33a11, org.springframework.boot.test.autoconfigure.restdocs.RestDocsTestExecutionListener@7a48e6e2, org.springframework.boot.test.autoconfigure.web.client.MockRestServiceServerResetTestExecutionListener@b40bb6e, org.springframework.boot.test.autoconfigure.web.servlet.MockMvcPrintOnlyOnFailureTestExecutionListener@3a94964, org.springframework.boot.test.autoconfigure.web.servlet.WebDriverTestExecutionListener@5049d8b2, org.springframework.boot.test.autoconfigure.webservices.client.MockWebServiceServerTestExecutionListener@6d0b5baf, org.springframework.boot.test.mock.mockito.ResetMocksTestExecutionListener@631e06ab]
23:29:21.837 [Test worker] DEBUG org.springframework.test.context.support.AbstractDirtiesContextTestExecutionListener - Before test class: context [DefaultTestContext@3185fa6b testClass = CreateEditDeleteTest, testInstance = [null], testMethod = [null], testException = [null], mergedContextConfiguration = [WebMergedContextConfiguration@6d366c9b testClass = CreateEditDeleteTest, locations = '{}', classes = '{class com.board.Board_Upgraded.BoardUpgradedApplication}', contextInitializerClasses = '[]', activeProfiles = '{}', propertySourceLocations = '{}', propertySourceProperties = '{org.springframework.boot.test.context.SpringBootTestContextBootstrapper=true}', contextCustomizers = set[org.springframework.boot.test.autoconfigure.actuate.metrics.MetricsExportContextCustomizerFactory$DisableMetricExportContextCustomizer@5505ae1a, org.springframework.boot.test.autoconfigure.properties.PropertyMappingContextCustomizer@4b3fa0b3, org.springframework.boot.test.autoconfigure.web.servlet.WebDriverContextCustomizerFactory$Customizer@7a1a14a4, [ImportsContextCustomizer@5b58ed3c key = [org.springframework.boot.test.autoconfigure.web.servlet.MockMvcAutoConfiguration, org.springframework.boot.test.autoconfigure.web.servlet.MockMvcWebClientAutoConfiguration, org.springframework.boot.test.autoconfigure.web.servlet.MockMvcWebDriverAutoConfiguration, org.springframework.boot.autoconfigure.security.oauth2.client.servlet.OAuth2ClientAutoConfiguration, org.springframework.boot.autoconfigure.security.oauth2.resource.servlet.OAuth2ResourceServerAutoConfiguration, org.springframework.boot.autoconfigure.security.servlet.SecurityAutoConfiguration, org.springframework.boot.autoconfigure.security.servlet.SecurityFilterAutoConfiguration, org.springframework.boot.autoconfigure.security.servlet.UserDetailsServiceAutoConfiguration, org.springframework.boot.test.autoconfigure.web.servlet.MockMvcSecurityConfiguration, org.springframework.boot.test.autoconfigure.web.reactive.WebTestClientAutoConfiguration]], org.springframework.boot.test.context.filter.ExcludeFilterContextCustomizer@554e218, org.springframework.boot.test.json.DuplicateJsonObjectContextCustomizerFactory$DuplicateJsonObjectContextCustomizer@5812f68b, org.springframework.boot.test.mock.mockito.MockitoContextCustomizer@0, org.springframework.boot.test.web.client.TestRestTemplateContextCustomizer@5a1de7fb, org.springframework.boot.test.context.SpringBootTestArgs@1, org.springframework.boot.test.context.SpringBootTestWebEnvironment@5552768b], resourceBasePath = 'src/main/webapp', contextLoader = 'org.springframework.boot.test.context.SpringBootContextLoader', parent = [null]], attributes = map['org.springframework.test.context.web.ServletTestExecutionListener.activateListener' -> true]], class annotated with @DirtiesContext [false] with mode [null].

  .   ____          _            __ _ _
 /\\ / ___'_ __ _ _(_)_ __  __ _ \ \ \ \
( ( )\___ | '_ | '_| | '_ \/ _` | \ \ \ \
 \\/  ___)| |_)| | | | | || (_| |  ) ) ) )
  '  |____| .__|_| |_|_| |_\__, | / / / /
 =========|_|==============|___/=/_/_/_/
 :: Spring Boot ::                (v2.7.0)

2023-02-27 23:29:21.985  INFO 27078 --- [    Test worker] c.b.B.c.post.CreateEditDeleteTest        : Starting CreateEditDeleteTest using Java 17.0.2 on ijanghuiui-MacBookPro.local with PID 27078 (started by leeeehgnaj in /Users/leeeehgnaj/Desktop/Coding/Board_Upgraded)
2023-02-27 23:29:21.985  INFO 27078 --- [    Test worker] c.b.B.c.post.CreateEditDeleteTest        : The following 1 profile is active: "local"
2023-02-27 23:29:22.350  INFO 27078 --- [    Test worker] .s.d.r.c.RepositoryConfigurationDelegate : Bootstrapping Spring Data JPA repositories in DEFAULT mode.
2023-02-27 23:29:22.381  INFO 27078 --- [    Test worker] .s.d.r.c.RepositoryConfigurationDelegate : Finished Spring Data repository scanning in 28 ms. Found 3 JPA repository interfaces.
2023-02-27 23:29:22.645  INFO 27078 --- [    Test worker] o.hibernate.jpa.internal.util.LogHelper  : HHH000204: Processing PersistenceUnitInfo [name: default]
2023-02-27 23:29:22.663  INFO 27078 --- [    Test worker] org.hibernate.Version                    : HHH000412: Hibernate ORM core version 5.6.9.Final
2023-02-27 23:29:22.750  INFO 27078 --- [    Test worker] o.hibernate.annotations.common.Version   : HCANN000001: Hibernate Commons Annotations {5.1.2.Final}
2023-02-27 23:29:22.761 DEBUG 27078 --- [    Test worker] org.hibernate.type.BasicTypeRegistry     : Adding type registration boolean -> org.hibernate.type.BooleanType@740c4868
2023-02-27 23:29:22.761 DEBUG 27078 --- [    Test worker] org.hibernate.type.BasicTypeRegistry     : Adding type registration boolean -> org.hibernate.type.BooleanType@740c4868
2023-02-27 23:29:22.762 DEBUG 27078 --- [    Test worker] org.hibernate.type.BasicTypeRegistry     : Adding type registration java.lang.Boolean -> org.hibernate.type.BooleanType@740c4868
2023-02-27 23:29:22.762 DEBUG 27078 --- [    Test worker] org.hibernate.type.BasicTypeRegistry     : Adding type registration numeric_boolean -> org.hibernate.type.NumericBooleanType@278de2b2
2023-02-27 23:29:22.762 DEBUG 27078 --- [    Test worker] org.hibernate.type.BasicTypeRegistry     : Adding type registration true_false -> org.hibernate.type.TrueFalseType@29c59b6e
2023-02-27 23:29:22.762 DEBUG 27078 --- [    Test worker] org.hibernate.type.BasicTypeRegistry     : Adding type registration yes_no -> org.hibernate.type.YesNoType@24a3d414
2023-02-27 23:29:22.763 DEBUG 27078 --- [    Test worker] org.hibernate.type.BasicTypeRegistry     : Adding type registration byte -> org.hibernate.type.ByteType@58f7215c
2023-02-27 23:29:22.763 DEBUG 27078 --- [    Test worker] org.hibernate.type.BasicTypeRegistry     : Adding type registration byte -> org.hibernate.type.ByteType@58f7215c
2023-02-27 23:29:22.763 DEBUG 27078 --- [    Test worker] org.hibernate.type.BasicTypeRegistry     : Adding type registration java.lang.Byte -> org.hibernate.type.ByteType@58f7215c
2023-02-27 23:29:22.763 DEBUG 27078 --- [    Test worker] org.hibernate.type.BasicTypeRegistry     : Adding type registration character -> org.hibernate.type.CharacterType@377dbc50
2023-02-27 23:29:22.763 DEBUG 27078 --- [    Test worker] org.hibernate.type.BasicTypeRegistry     : Adding type registration char -> org.hibernate.type.CharacterType@377dbc50
2023-02-27 23:29:22.763 DEBUG 27078 --- [    Test worker] org.hibernate.type.BasicTypeRegistry     : Adding type registration java.lang.Character -> org.hibernate.type.CharacterType@377dbc50
2023-02-27 23:29:22.764 DEBUG 27078 --- [    Test worker] org.hibernate.type.BasicTypeRegistry     : Adding type registration short -> org.hibernate.type.ShortType@31f7eb8
2023-02-27 23:29:22.764 DEBUG 27078 --- [    Test worker] org.hibernate.type.BasicTypeRegistry     : Adding type registration short -> org.hibernate.type.ShortType@31f7eb8
2023-02-27 23:29:22.764 DEBUG 27078 --- [    Test worker] org.hibernate.type.BasicTypeRegistry     : Adding type registration java.lang.Short -> org.hibernate.type.ShortType@31f7eb8
2023-02-27 23:29:22.764 DEBUG 27078 --- [    Test worker] org.hibernate.type.BasicTypeRegistry     : Adding type registration integer -> org.hibernate.type.IntegerType@6f8ac8d5
2023-02-27 23:29:22.764 DEBUG 27078 --- [    Test worker] org.hibernate.type.BasicTypeRegistry     : Adding type registration int -> org.hibernate.type.IntegerType@6f8ac8d5
2023-02-27 23:29:22.764 DEBUG 27078 --- [    Test worker] org.hibernate.type.BasicTypeRegistry     : Adding type registration java.lang.Integer -> org.hibernate.type.IntegerType@6f8ac8d5
2023-02-27 23:29:22.765 DEBUG 27078 --- [    Test worker] org.hibernate.type.BasicTypeRegistry     : Adding type registration long -> org.hibernate.type.LongType@4bbf20d1
2023-02-27 23:29:22.765 DEBUG 27078 --- [    Test worker] org.hibernate.type.BasicTypeRegistry     : Adding type registration long -> org.hibernate.type.LongType@4bbf20d1
2023-02-27 23:29:22.765 DEBUG 27078 --- [    Test worker] org.hibernate.type.BasicTypeRegistry     : Adding type registration java.lang.Long -> org.hibernate.type.LongType@4bbf20d1
2023-02-27 23:29:22.765 DEBUG 27078 --- [    Test worker] org.hibernate.type.BasicTypeRegistry     : Adding type registration float -> org.hibernate.type.FloatType@17d76ebb
2023-02-27 23:29:22.765 DEBUG 27078 --- [    Test worker] org.hibernate.type.BasicTypeRegistry     : Adding type registration float -> org.hibernate.type.FloatType@17d76ebb
2023-02-27 23:29:22.765 DEBUG 27078 --- [    Test worker] org.hibernate.type.BasicTypeRegistry     : Adding type registration java.lang.Float -> org.hibernate.type.FloatType@17d76ebb
2023-02-27 23:29:22.765 DEBUG 27078 --- [    Test worker] org.hibernate.type.BasicTypeRegistry     : Adding type registration double -> org.hibernate.type.DoubleType@3b30eec5
2023-02-27 23:29:22.766 DEBUG 27078 --- [    Test worker] org.hibernate.type.BasicTypeRegistry     : Adding type registration double -> org.hibernate.type.DoubleType@3b30eec5
2023-02-27 23:29:22.766 DEBUG 27078 --- [    Test worker] org.hibernate.type.BasicTypeRegistry     : Adding type registration java.lang.Double -> org.hibernate.type.DoubleType@3b30eec5
2023-02-27 23:29:22.766 DEBUG 27078 --- [    Test worker] org.hibernate.type.BasicTypeRegistry     : Adding type registration big_decimal -> org.hibernate.type.BigDecimalType@7bc2bb58
2023-02-27 23:29:22.766 DEBUG 27078 --- [    Test worker] org.hibernate.type.BasicTypeRegistry     : Adding type registration java.math.BigDecimal -> org.hibernate.type.BigDecimalType@7bc2bb58
2023-02-27 23:29:22.766 DEBUG 27078 --- [    Test worker] org.hibernate.type.BasicTypeRegistry     : Adding type registration big_integer -> org.hibernate.type.BigIntegerType@6a4a2090
2023-02-27 23:29:22.766 DEBUG 27078 --- [    Test worker] org.hibernate.type.BasicTypeRegistry     : Adding type registration java.math.BigInteger -> org.hibernate.type.BigIntegerType@6a4a2090
2023-02-27 23:29:22.767 DEBUG 27078 --- [    Test worker] org.hibernate.type.BasicTypeRegistry     : Adding type registration string -> org.hibernate.type.StringType@4813d0
2023-02-27 23:29:22.767 DEBUG 27078 --- [    Test worker] org.hibernate.type.BasicTypeRegistry     : Adding type registration java.lang.String -> org.hibernate.type.StringType@4813d0
2023-02-27 23:29:22.767 DEBUG 27078 --- [    Test worker] org.hibernate.type.BasicTypeRegistry     : Adding type registration nstring -> org.hibernate.type.StringNVarcharType@504b8705
2023-02-27 23:29:22.767 DEBUG 27078 --- [    Test worker] org.hibernate.type.BasicTypeRegistry     : Adding type registration ncharacter -> org.hibernate.type.CharacterNCharType@6501b105
2023-02-27 23:29:22.767 DEBUG 27078 --- [    Test worker] org.hibernate.type.BasicTypeRegistry     : Adding type registration url -> org.hibernate.type.UrlType@52433946
2023-02-27 23:29:22.767 DEBUG 27078 --- [    Test worker] org.hibernate.type.BasicTypeRegistry     : Adding type registration java.net.URL -> org.hibernate.type.UrlType@52433946
2023-02-27 23:29:22.768 DEBUG 27078 --- [    Test worker] org.hibernate.type.BasicTypeRegistry     : Adding type registration Duration -> org.hibernate.type.DurationType@10745a02
2023-02-27 23:29:22.768 DEBUG 27078 --- [    Test worker] org.hibernate.type.BasicTypeRegistry     : Adding type registration java.time.Duration -> org.hibernate.type.DurationType@10745a02
2023-02-27 23:29:22.768 DEBUG 27078 --- [    Test worker] org.hibernate.type.BasicTypeRegistry     : Adding type registration Instant -> org.hibernate.type.InstantType@23469199
2023-02-27 23:29:22.768 DEBUG 27078 --- [    Test worker] org.hibernate.type.BasicTypeRegistry     : Adding type registration java.time.Instant -> org.hibernate.type.InstantType@23469199
2023-02-27 23:29:22.768 DEBUG 27078 --- [    Test worker] org.hibernate.type.BasicTypeRegistry     : Adding type registration LocalDateTime -> org.hibernate.type.LocalDateTimeType@3355168
2023-02-27 23:29:22.768 DEBUG 27078 --- [    Test worker] org.hibernate.type.BasicTypeRegistry     : Adding type registration java.time.LocalDateTime -> org.hibernate.type.LocalDateTimeType@3355168
2023-02-27 23:29:22.769 DEBUG 27078 --- [    Test worker] org.hibernate.type.BasicTypeRegistry     : Adding type registration LocalDate -> org.hibernate.type.LocalDateType@15f861ee
2023-02-27 23:29:22.769 DEBUG 27078 --- [    Test worker] org.hibernate.type.BasicTypeRegistry     : Adding type registration java.time.LocalDate -> org.hibernate.type.LocalDateType@15f861ee
2023-02-27 23:29:22.769 DEBUG 27078 --- [    Test worker] org.hibernate.type.BasicTypeRegistry     : Adding type registration LocalTime -> org.hibernate.type.LocalTimeType@405d8a80
2023-02-27 23:29:22.769 DEBUG 27078 --- [    Test worker] org.hibernate.type.BasicTypeRegistry     : Adding type registration java.time.LocalTime -> org.hibernate.type.LocalTimeType@405d8a80
2023-02-27 23:29:22.770 DEBUG 27078 --- [    Test worker] org.hibernate.type.BasicTypeRegistry     : Adding type registration OffsetDateTime -> org.hibernate.type.OffsetDateTimeType@416b1265
2023-02-27 23:29:22.770 DEBUG 27078 --- [    Test worker] org.hibernate.type.BasicTypeRegistry     : Adding type registration java.time.OffsetDateTime -> org.hibernate.type.OffsetDateTimeType@416b1265
2023-02-27 23:29:22.770 DEBUG 27078 --- [    Test worker] org.hibernate.type.BasicTypeRegistry     : Adding type registration OffsetTime -> org.hibernate.type.OffsetTimeType@48e74764
2023-02-27 23:29:22.770 DEBUG 27078 --- [    Test worker] org.hibernate.type.BasicTypeRegistry     : Adding type registration java.time.OffsetTime -> org.hibernate.type.OffsetTimeType@48e74764
2023-02-27 23:29:22.771 DEBUG 27078 --- [    Test worker] org.hibernate.type.BasicTypeRegistry     : Adding type registration ZonedDateTime -> org.hibernate.type.ZonedDateTimeType@32a033b6
2023-02-27 23:29:22.771 DEBUG 27078 --- [    Test worker] org.hibernate.type.BasicTypeRegistry     : Adding type registration java.time.ZonedDateTime -> org.hibernate.type.ZonedDateTimeType@32a033b6
2023-02-27 23:29:22.771 DEBUG 27078 --- [    Test worker] org.hibernate.type.BasicTypeRegistry     : Adding type registration date -> org.hibernate.type.DateType@312a738d
2023-02-27 23:29:22.771 DEBUG 27078 --- [    Test worker] org.hibernate.type.BasicTypeRegistry     : Adding type registration java.sql.Date -> org.hibernate.type.DateType@312a738d
2023-02-27 23:29:22.772 DEBUG 27078 --- [    Test worker] org.hibernate.type.BasicTypeRegistry     : Adding type registration time -> org.hibernate.type.TimeType@7858d31d
2023-02-27 23:29:22.772 DEBUG 27078 --- [    Test worker] org.hibernate.type.BasicTypeRegistry     : Adding type registration java.sql.Time -> org.hibernate.type.TimeType@7858d31d
2023-02-27 23:29:22.772 DEBUG 27078 --- [    Test worker] org.hibernate.type.BasicTypeRegistry     : Adding type registration timestamp -> org.hibernate.type.TimestampType@5db9f51f
2023-02-27 23:29:22.772 DEBUG 27078 --- [    Test worker] org.hibernate.type.BasicTypeRegistry     : Adding type registration java.sql.Timestamp -> org.hibernate.type.TimestampType@5db9f51f
2023-02-27 23:29:22.772 DEBUG 27078 --- [    Test worker] org.hibernate.type.BasicTypeRegistry     : Adding type registration java.util.Date -> org.hibernate.type.TimestampType@5db9f51f
2023-02-27 23:29:22.773 DEBUG 27078 --- [    Test worker] org.hibernate.type.BasicTypeRegistry     : Adding type registration dbtimestamp -> org.hibernate.type.DbTimestampType@2a631049
2023-02-27 23:29:22.773 DEBUG 27078 --- [    Test worker] org.hibernate.type.BasicTypeRegistry     : Adding type registration calendar -> org.hibernate.type.CalendarType@59a94d0f
2023-02-27 23:29:22.773 DEBUG 27078 --- [    Test worker] org.hibernate.type.BasicTypeRegistry     : Adding type registration java.util.Calendar -> org.hibernate.type.CalendarType@59a94d0f
2023-02-27 23:29:22.773 DEBUG 27078 --- [    Test worker] org.hibernate.type.BasicTypeRegistry     : Adding type registration java.util.GregorianCalendar -> org.hibernate.type.CalendarType@59a94d0f
2023-02-27 23:29:22.773 DEBUG 27078 --- [    Test worker] org.hibernate.type.BasicTypeRegistry     : Adding type registration calendar_date -> org.hibernate.type.CalendarDateType@6e364f1f
2023-02-27 23:29:22.774 DEBUG 27078 --- [    Test worker] org.hibernate.type.BasicTypeRegistry     : Adding type registration calendar_time -> org.hibernate.type.CalendarTimeType@280484c7
2023-02-27 23:29:22.774 DEBUG 27078 --- [    Test worker] org.hibernate.type.BasicTypeRegistry     : Adding type registration locale -> org.hibernate.type.LocaleType@4fa8bebb
2023-02-27 23:29:22.774 DEBUG 27078 --- [    Test worker] org.hibernate.type.BasicTypeRegistry     : Adding type registration java.util.Locale -> org.hibernate.type.LocaleType@4fa8bebb
2023-02-27 23:29:22.774 DEBUG 27078 --- [    Test worker] org.hibernate.type.BasicTypeRegistry     : Adding type registration currency -> org.hibernate.type.CurrencyType@a4df251
2023-02-27 23:29:22.774 DEBUG 27078 --- [    Test worker] org.hibernate.type.BasicTypeRegistry     : Adding type registration java.util.Currency -> org.hibernate.type.CurrencyType@a4df251
2023-02-27 23:29:22.774 DEBUG 27078 --- [    Test worker] org.hibernate.type.BasicTypeRegistry     : Adding type registration timezone -> org.hibernate.type.TimeZoneType@16391278
2023-02-27 23:29:22.774 DEBUG 27078 --- [    Test worker] org.hibernate.type.BasicTypeRegistry     : Adding type registration java.util.TimeZone -> org.hibernate.type.TimeZoneType@16391278
2023-02-27 23:29:22.775 DEBUG 27078 --- [    Test worker] org.hibernate.type.BasicTypeRegistry     : Adding type registration class -> org.hibernate.type.ClassType@6728370a
2023-02-27 23:29:22.775 DEBUG 27078 --- [    Test worker] org.hibernate.type.BasicTypeRegistry     : Adding type registration java.lang.Class -> org.hibernate.type.ClassType@6728370a
2023-02-27 23:29:22.775 DEBUG 27078 --- [    Test worker] org.hibernate.type.BasicTypeRegistry     : Adding type registration uuid-binary -> org.hibernate.type.UUIDBinaryType@1aeff8ca
2023-02-27 23:29:22.775 DEBUG 27078 --- [    Test worker] org.hibernate.type.BasicTypeRegistry     : Adding type registration java.util.UUID -> org.hibernate.type.UUIDBinaryType@1aeff8ca
2023-02-27 23:29:22.775 DEBUG 27078 --- [    Test worker] org.hibernate.type.BasicTypeRegistry     : Adding type registration uuid-char -> org.hibernate.type.UUIDCharType@5a466dd
2023-02-27 23:29:22.775 DEBUG 27078 --- [    Test worker] org.hibernate.type.BasicTypeRegistry     : Adding type registration binary -> org.hibernate.type.BinaryType@1760e594
2023-02-27 23:29:22.776 DEBUG 27078 --- [    Test worker] org.hibernate.type.BasicTypeRegistry     : Adding type registration byte[] -> org.hibernate.type.BinaryType@1760e594
2023-02-27 23:29:22.776 DEBUG 27078 --- [    Test worker] org.hibernate.type.BasicTypeRegistry     : Adding type registration [B -> org.hibernate.type.BinaryType@1760e594
2023-02-27 23:29:22.776 DEBUG 27078 --- [    Test worker] org.hibernate.type.BasicTypeRegistry     : Adding type registration wrapper-binary -> org.hibernate.type.WrapperBinaryType@4fa5cc73
2023-02-27 23:29:22.776 DEBUG 27078 --- [    Test worker] org.hibernate.type.BasicTypeRegistry     : Adding type registration Byte[] -> org.hibernate.type.WrapperBinaryType@4fa5cc73
2023-02-27 23:29:22.776 DEBUG 27078 --- [    Test worker] org.hibernate.type.BasicTypeRegistry     : Adding type registration [Ljava.lang.Byte; -> org.hibernate.type.WrapperBinaryType@4fa5cc73
2023-02-27 23:29:22.776 DEBUG 27078 --- [    Test worker] org.hibernate.type.BasicTypeRegistry     : Adding type registration row_version -> org.hibernate.type.RowVersionType@12aa381f
2023-02-27 23:29:22.776 DEBUG 27078 --- [    Test worker] org.hibernate.type.BasicTypeRegistry     : Adding type registration image -> org.hibernate.type.ImageType@14590fe2
2023-02-27 23:29:22.777 DEBUG 27078 --- [    Test worker] org.hibernate.type.BasicTypeRegistry     : Adding type registration characters -> org.hibernate.type.CharArrayType@542ff147
2023-02-27 23:29:22.777 DEBUG 27078 --- [    Test worker] org.hibernate.type.BasicTypeRegistry     : Adding type registration char[] -> org.hibernate.type.CharArrayType@542ff147
2023-02-27 23:29:22.777 DEBUG 27078 --- [    Test worker] org.hibernate.type.BasicTypeRegistry     : Adding type registration [C -> org.hibernate.type.CharArrayType@542ff147
2023-02-27 23:29:22.777 DEBUG 27078 --- [    Test worker] org.hibernate.type.BasicTypeRegistry     : Adding type registration wrapper-characters -> org.hibernate.type.CharacterArrayType@3d8d52be
2023-02-27 23:29:22.777 DEBUG 27078 --- [    Test worker] org.hibernate.type.BasicTypeRegistry     : Adding type registration [Ljava.lang.Character; -> org.hibernate.type.CharacterArrayType@3d8d52be
2023-02-27 23:29:22.777 DEBUG 27078 --- [    Test worker] org.hibernate.type.BasicTypeRegistry     : Adding type registration Character[] -> org.hibernate.type.CharacterArrayType@3d8d52be
2023-02-27 23:29:22.777 DEBUG 27078 --- [    Test worker] org.hibernate.type.BasicTypeRegistry     : Adding type registration text -> org.hibernate.type.TextType@6a1d1467
2023-02-27 23:29:22.777 DEBUG 27078 --- [    Test worker] org.hibernate.type.BasicTypeRegistry     : Adding type registration ntext -> org.hibernate.type.NTextType@72f3f14c
2023-02-27 23:29:22.778 DEBUG 27078 --- [    Test worker] org.hibernate.type.BasicTypeRegistry     : Adding type registration blob -> org.hibernate.type.BlobType@5cbe95b1
2023-02-27 23:29:22.778 DEBUG 27078 --- [    Test worker] org.hibernate.type.BasicTypeRegistry     : Adding type registration java.sql.Blob -> org.hibernate.type.BlobType@5cbe95b1
2023-02-27 23:29:22.778 DEBUG 27078 --- [    Test worker] org.hibernate.type.BasicTypeRegistry     : Adding type registration materialized_blob -> org.hibernate.type.MaterializedBlobType@6210666c
2023-02-27 23:29:22.778 DEBUG 27078 --- [    Test worker] org.hibernate.type.BasicTypeRegistry     : Adding type registration clob -> org.hibernate.type.ClobType@2c2a903f
2023-02-27 23:29:22.778 DEBUG 27078 --- [    Test worker] org.hibernate.type.BasicTypeRegistry     : Adding type registration java.sql.Clob -> org.hibernate.type.ClobType@2c2a903f
2023-02-27 23:29:22.779 DEBUG 27078 --- [    Test worker] org.hibernate.type.BasicTypeRegistry     : Adding type registration nclob -> org.hibernate.type.NClobType@399f5daf
2023-02-27 23:29:22.779 DEBUG 27078 --- [    Test worker] org.hibernate.type.BasicTypeRegistry     : Adding type registration java.sql.NClob -> org.hibernate.type.NClobType@399f5daf
2023-02-27 23:29:22.779 DEBUG 27078 --- [    Test worker] org.hibernate.type.BasicTypeRegistry     : Adding type registration materialized_clob -> org.hibernate.type.MaterializedClobType@370a8b6e
2023-02-27 23:29:22.779 DEBUG 27078 --- [    Test worker] org.hibernate.type.BasicTypeRegistry     : Adding type registration materialized_nclob -> org.hibernate.type.MaterializedNClobType@693f2c89
2023-02-27 23:29:22.779 DEBUG 27078 --- [    Test worker] org.hibernate.type.BasicTypeRegistry     : Adding type registration serializable -> org.hibernate.type.SerializableType@550fa96f
2023-02-27 23:29:22.780 DEBUG 27078 --- [    Test worker] org.hibernate.type.BasicTypeRegistry     : Adding type registration object -> org.hibernate.type.ObjectType@586737ff
2023-02-27 23:29:22.780 DEBUG 27078 --- [    Test worker] org.hibernate.type.BasicTypeRegistry     : Adding type registration java.lang.Object -> org.hibernate.type.ObjectType@586737ff
2023-02-27 23:29:22.781 DEBUG 27078 --- [    Test worker] org.hibernate.type.BasicTypeRegistry     : Adding type registration imm_date -> org.hibernate.type.AdaptedImmutableType@4e8d9bb6
2023-02-27 23:29:22.781 DEBUG 27078 --- [    Test worker] org.hibernate.type.BasicTypeRegistry     : Adding type registration imm_time -> org.hibernate.type.AdaptedImmutableType@3de56885
2023-02-27 23:29:22.781 DEBUG 27078 --- [    Test worker] org.hibernate.type.BasicTypeRegistry     : Adding type registration imm_timestamp -> org.hibernate.type.AdaptedImmutableType@2673487b
2023-02-27 23:29:22.781 DEBUG 27078 --- [    Test worker] org.hibernate.type.BasicTypeRegistry     : Adding type registration imm_dbtimestamp -> org.hibernate.type.AdaptedImmutableType@2d07aacc
2023-02-27 23:29:22.781 DEBUG 27078 --- [    Test worker] org.hibernate.type.BasicTypeRegistry     : Adding type registration imm_calendar -> org.hibernate.type.AdaptedImmutableType@ff5d4f1
2023-02-27 23:29:22.781 DEBUG 27078 --- [    Test worker] org.hibernate.type.BasicTypeRegistry     : Adding type registration imm_calendar_date -> org.hibernate.type.AdaptedImmutableType@194224ca
2023-02-27 23:29:22.781 DEBUG 27078 --- [    Test worker] org.hibernate.type.BasicTypeRegistry     : Adding type registration imm_binary -> org.hibernate.type.AdaptedImmutableType@254e9709
2023-02-27 23:29:22.781 DEBUG 27078 --- [    Test worker] org.hibernate.type.BasicTypeRegistry     : Adding type registration imm_serializable -> org.hibernate.type.AdaptedImmutableType@350f18a6
2023-02-27 23:29:22.796  INFO 27078 --- [    Test worker] com.zaxxer.hikari.HikariDataSource       : HikariPool-1 - Starting...
2023-02-27 23:29:22.835  INFO 27078 --- [    Test worker] com.zaxxer.hikari.HikariDataSource       : HikariPool-1 - Start completed.
2023-02-27 23:29:22.847  INFO 27078 --- [    Test worker] org.hibernate.dialect.Dialect            : HHH000400: Using dialect: org.hibernate.dialect.H2Dialect
2023-02-27 23:29:22.864 DEBUG 27078 --- [    Test worker] o.h.type.spi.TypeConfiguration$Scope     : Scoping TypeConfiguration [org.hibernate.type.spi.TypeConfiguration@1dfcf85a] to MetadataBuildingContext [org.hibernate.boot.internal.MetadataBuildingContextRootImpl@590dea35]
2023-02-27 23:29:22.978 DEBUG 27078 --- [    Test worker] org.hibernate.type.EnumType              : Using NAMED-based conversion for Enum com.board.Board_Upgraded.entity.member.Role
2023-02-27 23:29:22.979 DEBUG 27078 --- [    Test worker] o.h.type.spi.TypeConfiguration$Scope     : Scoping TypeConfiguration [org.hibernate.type.spi.TypeConfiguration@1dfcf85a] to SessionFactoryImpl [org.hibernate.internal.SessionFactoryImpl@7178d811]
2023-02-27 23:29:23.111 DEBUG 27078 --- [    Test worker] org.hibernate.SQL                        : 
    
    drop table if exists member CASCADE 
2023-02-27 23:29:23.113 DEBUG 27078 --- [    Test worker] org.hibernate.SQL                        : 
    
    drop table if exists post CASCADE 
2023-02-27 23:29:23.114 DEBUG 27078 --- [    Test worker] org.hibernate.SQL                        : 
    
    drop table if exists refresh_token CASCADE 
2023-02-27 23:29:23.115 DEBUG 27078 --- [    Test worker] org.hibernate.SQL                        : 
    
    create table member (
       id bigint generated by default as identity,
        created_time timestamp not null,
        last_modified_time timestamp not null,
        member_email varchar(255),
        member_nickname varchar(255),
        member_password varchar(255),
        member_role varchar(255),
        member_username varchar(255),
        primary key (id)
    )
2023-02-27 23:29:23.116 DEBUG 27078 --- [    Test worker] org.hibernate.SQL                        : 
    
    create table post (
       id bigint generated by default as identity,
        created_time timestamp not null,
        last_modified_time timestamp not null,
        content varchar(255),
        title varchar(255),
        member_id bigint,
        primary key (id)
    )
2023-02-27 23:29:23.118 DEBUG 27078 --- [    Test worker] org.hibernate.SQL                        : 
    
    create table refresh_token (
       rt_key varchar(255) not null,
        rt_value varchar(255),
        primary key (rt_key)
    )
2023-02-27 23:29:23.118 DEBUG 27078 --- [    Test worker] org.hibernate.SQL                        : 
    
    alter table post 
       add constraint FK83s99f4kx8oiqm3ro0sasmpww 
       foreign key (member_id) 
       references member
2023-02-27 23:29:23.120  INFO 27078 --- [    Test worker] o.h.e.t.j.p.i.JtaPlatformInitiator       : HHH000490: Using JtaPlatform implementation: [org.hibernate.engine.transaction.jta.platform.internal.NoJtaPlatform]
2023-02-27 23:29:23.122 TRACE 27078 --- [    Test worker] o.h.type.spi.TypeConfiguration$Scope     : Handling #sessionFactoryCreated from [org.hibernate.internal.SessionFactoryImpl@7178d811] for TypeConfiguration
2023-02-27 23:29:23.123  INFO 27078 --- [    Test worker] j.LocalContainerEntityManagerFactoryBean : Initialized JPA EntityManagerFactory for persistence unit 'default'
2023-02-27 23:29:23.457  WARN 27078 --- [    Test worker] JpaBaseConfiguration$JpaWebConfiguration : spring.jpa.open-in-view is enabled by default. Therefore, database queries may be performed during view rendering. Explicitly configure spring.jpa.open-in-view to disable this warning
2023-02-27 23:29:23.623  INFO 27078 --- [    Test worker] o.s.s.web.DefaultSecurityFilterChain     : Will secure any request with [org.springframework.security.web.session.DisableEncodeUrlFilter@40273969, org.springframework.security.web.context.request.async.WebAsyncManagerIntegrationFilter@5ec25b61, org.springframework.security.web.context.SecurityContextPersistenceFilter@76b6bad3, org.springframework.security.web.header.HeaderWriterFilter@77902ed6, org.springframework.web.filter.CorsFilter@4fce655d, org.springframework.security.web.authentication.logout.LogoutFilter@78d52d4c, com.board.Board_Upgraded.config.jwt.JwtFilter@7da40bf4, org.springframework.security.web.savedrequest.RequestCacheAwareFilter@f943847, org.springframework.security.web.servletapi.SecurityContextHolderAwareRequestFilter@4c376b44, org.springframework.security.web.authentication.AnonymousAuthenticationFilter@75708130, org.springframework.security.web.session.SessionManagementFilter@19439ec4, org.springframework.security.web.access.ExceptionTranslationFilter@2f6352a3, org.springframework.security.web.access.intercept.FilterSecurityInterceptor@7c4de811]
2023-02-27 23:29:23.889  INFO 27078 --- [    Test worker] o.s.b.t.m.w.SpringBootMockServletContext : Initializing Spring TestDispatcherServlet ''
2023-02-27 23:29:23.889  INFO 27078 --- [    Test worker] o.s.t.web.servlet.TestDispatcherServlet  : Initializing Servlet ''
2023-02-27 23:29:23.890  INFO 27078 --- [    Test worker] o.s.t.web.servlet.TestDispatcherServlet  : Completed initialization in 1 ms
2023-02-27 23:29:24.031  INFO 27078 --- [    Test worker] c.b.B.c.post.CreateEditDeleteTest        : Started CreateEditDeleteTest in 2.177 seconds (JVM running for 2.619)
2023-02-27 23:29:24.161 DEBUG 27078 --- [    Test worker] org.hibernate.SQL                        : 
    select
        member0_.id as id1_0_,
        member0_.created_time as created_2_0_,
        member0_.last_modified_time as last_mod3_0_,
        member0_.member_email as member_e4_0_,
        member0_.member_nickname as member_n5_0_,
        member0_.member_password as member_p6_0_,
        member0_.member_role as member_r7_0_,
        member0_.member_username as member_u8_0_ 
    from
        member member0_
2023-02-27 23:29:24.171 DEBUG 27078 --- [    Test worker] org.hibernate.SQL                        : 
    select
        post0_.id as id1_1_,
        post0_.created_time as created_2_1_,
        post0_.last_modified_time as last_mod3_1_,
        post0_.content as content4_1_,
        post0_.member_id as member_i6_1_,
        post0_.title as title5_1_ 
    from
        post post0_
2023-02-27 23:29:24.181 DEBUG 27078 --- [    Test worker] org.hibernate.SQL                        : 
    select
        member0_.id as id1_0_,
        member0_.created_time as created_2_0_,
        member0_.last_modified_time as last_mod3_0_,
        member0_.member_email as member_e4_0_,
        member0_.member_nickname as member_n5_0_,
        member0_.member_password as member_p6_0_,
        member0_.member_role as member_r7_0_,
        member0_.member_username as member_u8_0_ 
    from
        member member0_ 
    where
        member0_.member_username=?
2023-02-27 23:29:24.182 TRACE 27078 --- [    Test worker] o.h.type.descriptor.sql.BasicBinder      : binding parameter [1] as [VARCHAR] - [test]
2023-02-27 23:29:24.186 DEBUG 27078 --- [    Test worker] org.hibernate.SQL                        : 
    select
        member0_.id as id1_0_,
        member0_.created_time as created_2_0_,
        member0_.last_modified_time as last_mod3_0_,
        member0_.member_email as member_e4_0_,
        member0_.member_nickname as member_n5_0_,
        member0_.member_password as member_p6_0_,
        member0_.member_role as member_r7_0_,
        member0_.member_username as member_u8_0_ 
    from
        member member0_ 
    where
        member0_.member_nickname=?
2023-02-27 23:29:24.186 TRACE 27078 --- [    Test worker] o.h.type.descriptor.sql.BasicBinder      : binding parameter [1] as [VARCHAR] - [test]
2023-02-27 23:29:24.188 DEBUG 27078 --- [    Test worker] org.hibernate.SQL                        : 
    select
        member0_.id as id1_0_,
        member0_.created_time as created_2_0_,
        member0_.last_modified_time as last_mod3_0_,
        member0_.member_email as member_e4_0_,
        member0_.member_nickname as member_n5_0_,
        member0_.member_password as member_p6_0_,
        member0_.member_role as member_r7_0_,
        member0_.member_username as member_u8_0_ 
    from
        member member0_ 
    where
        member0_.member_email=?
2023-02-27 23:29:24.189 TRACE 27078 --- [    Test worker] o.h.type.descriptor.sql.BasicBinder      : binding parameter [1] as [VARCHAR] - [test@test.com]
2023-02-27 23:29:24.293 DEBUG 27078 --- [    Test worker] org.hibernate.SQL                        : 
    insert 
    into
        member
        (id, created_time, last_modified_time, member_email, member_nickname, member_password, member_role, member_username) 
    values
        (default, ?, ?, ?, ?, ?, ?, ?)
2023-02-27 23:29:24.294 TRACE 27078 --- [    Test worker] o.h.type.descriptor.sql.BasicBinder      : binding parameter [1] as [TIMESTAMP] - [2023-02-27T23:29:24.279193]
2023-02-27 23:29:24.294 TRACE 27078 --- [    Test worker] o.h.type.descriptor.sql.BasicBinder      : binding parameter [2] as [TIMESTAMP] - [2023-02-27T23:29:24.267054]
2023-02-27 23:29:24.294 TRACE 27078 --- [    Test worker] o.h.type.descriptor.sql.BasicBinder      : binding parameter [3] as [VARCHAR] - [test@test.com]
2023-02-27 23:29:24.295 TRACE 27078 --- [    Test worker] o.h.type.descriptor.sql.BasicBinder      : binding parameter [4] as [VARCHAR] - [test]
2023-02-27 23:29:24.295 TRACE 27078 --- [    Test worker] o.h.type.descriptor.sql.BasicBinder      : binding parameter [5] as [VARCHAR] - [$2a$10$P4PBVuugU55fzHP1CAyIIOsF.RI/6oEiQjgV1hPC05BNfPqKarBQG]
2023-02-27 23:29:24.295 TRACE 27078 --- [    Test worker] o.h.type.descriptor.sql.BasicBinder      : binding parameter [6] as [VARCHAR] - [USER]
2023-02-27 23:29:24.295 TRACE 27078 --- [    Test worker] o.h.type.descriptor.sql.BasicBinder      : binding parameter [7] as [VARCHAR] - [test]
2023-02-27 23:29:24.301 DEBUG 27078 --- [    Test worker] org.hibernate.SQL                        : 
    select
        member0_.id as id1_0_,
        member0_.created_time as created_2_0_,
        member0_.last_modified_time as last_mod3_0_,
        member0_.member_email as member_e4_0_,
        member0_.member_nickname as member_n5_0_,
        member0_.member_password as member_p6_0_,
        member0_.member_role as member_r7_0_,
        member0_.member_username as member_u8_0_ 
    from
        member member0_ 
    where
        member0_.member_username=?
2023-02-27 23:29:24.302 TRACE 27078 --- [    Test worker] o.h.type.descriptor.sql.BasicBinder      : binding parameter [1] as [VARCHAR] - [test]
2023-02-27 23:29:24.302 TRACE 27078 --- [    Test worker] o.h.type.descriptor.sql.BasicExtractor   : extracted value ([id1_0_] : [BIGINT]) - [1]
2023-02-27 23:29:24.303 TRACE 27078 --- [    Test worker] o.h.type.descriptor.sql.BasicExtractor   : extracted value ([created_2_0_] : [TIMESTAMP]) - [2023-02-27T23:29:24.279193]
2023-02-27 23:29:24.303 TRACE 27078 --- [    Test worker] o.h.type.descriptor.sql.BasicExtractor   : extracted value ([last_mod3_0_] : [TIMESTAMP]) - [2023-02-27T23:29:24.267054]
2023-02-27 23:29:24.303 TRACE 27078 --- [    Test worker] o.h.type.descriptor.sql.BasicExtractor   : extracted value ([member_e4_0_] : [VARCHAR]) - [test@test.com]
2023-02-27 23:29:24.303 TRACE 27078 --- [    Test worker] o.h.type.descriptor.sql.BasicExtractor   : extracted value ([member_n5_0_] : [VARCHAR]) - [test]
2023-02-27 23:29:24.303 TRACE 27078 --- [    Test worker] o.h.type.descriptor.sql.BasicExtractor   : extracted value ([member_p6_0_] : [VARCHAR]) - [$2a$10$P4PBVuugU55fzHP1CAyIIOsF.RI/6oEiQjgV1hPC05BNfPqKarBQG]
2023-02-27 23:29:24.303 TRACE 27078 --- [    Test worker] o.h.type.descriptor.sql.BasicExtractor   : extracted value ([member_r7_0_] : [VARCHAR]) - [USER]
2023-02-27 23:29:24.303 TRACE 27078 --- [    Test worker] o.h.type.descriptor.sql.BasicExtractor   : extracted value ([member_u8_0_] : [VARCHAR]) - [test]
2023-02-27 23:29:24.304 TRACE 27078 --- [    Test worker] org.hibernate.type.CollectionType        : Created collection wrapper: [com.board.Board_Upgraded.entity.member.Member.posts#1]
2023-02-27 23:29:24.462 DEBUG 27078 --- [    Test worker] org.hibernate.SQL                        : 
    select
        member0_.id as id1_0_,
        member0_.created_time as created_2_0_,
        member0_.last_modified_time as last_mod3_0_,
        member0_.member_email as member_e4_0_,
        member0_.member_nickname as member_n5_0_,
        member0_.member_password as member_p6_0_,
        member0_.member_role as member_r7_0_,
        member0_.member_username as member_u8_0_ 
    from
        member member0_ 
    where
        member0_.member_username=?
2023-02-27 23:29:24.463 TRACE 27078 --- [    Test worker] o.h.type.descriptor.sql.BasicBinder      : binding parameter [1] as [VARCHAR] - [test]
2023-02-27 23:29:24.463 TRACE 27078 --- [    Test worker] o.h.type.descriptor.sql.BasicExtractor   : extracted value ([id1_0_] : [BIGINT]) - [1]
2023-02-27 23:29:24.571 DEBUG 27078 --- [    Test worker] org.hibernate.SQL                        : 
    select
        refreshtok0_.rt_key as rt_key1_2_0_,
        refreshtok0_.rt_value as rt_value2_2_0_ 
    from
        refresh_token refreshtok0_ 
    where
        refreshtok0_.rt_key=?
2023-02-27 23:29:24.572 TRACE 27078 --- [    Test worker] o.h.type.descriptor.sql.BasicBinder      : binding parameter [1] as [VARCHAR] - [test]
2023-02-27 23:29:24.575 DEBUG 27078 --- [    Test worker] org.hibernate.SQL                        : 
    insert 
    into
        refresh_token
        (rt_value, rt_key) 
    values
        (?, ?)
2023-02-27 23:29:24.575 TRACE 27078 --- [    Test worker] o.h.type.descriptor.sql.BasicBinder      : binding parameter [1] as [VARCHAR] - [eyJhbGciOiJIUzUxMiJ9.eyJleHAiOjE2NzgxMTI5NjR9.CvQ7vkZFQsNoUxibivzi5rJ13G6y8mmwvZjUhIzbEpSRo1fl9RP3T_p-HzhfemotzgXFBEFmHxiqA2GJBZj3tA]
2023-02-27 23:29:24.575 TRACE 27078 --- [    Test worker] o.h.type.descriptor.sql.BasicBinder      : binding parameter [2] as [VARCHAR] - [test]
2023-02-27 23:29:24.618 DEBUG 27078 --- [    Test worker] org.hibernate.SQL                        : 
    select
        member0_.id as id1_0_,
        member0_.created_time as created_2_0_,
        member0_.last_modified_time as last_mod3_0_,
        member0_.member_email as member_e4_0_,
        member0_.member_nickname as member_n5_0_,
        member0_.member_password as member_p6_0_,
        member0_.member_role as member_r7_0_,
        member0_.member_username as member_u8_0_ 
    from
        member member0_ 
    where
        member0_.member_username=?
2023-02-27 23:29:24.619 TRACE 27078 --- [    Test worker] o.h.type.descriptor.sql.BasicBinder      : binding parameter [1] as [VARCHAR] - [test]
2023-02-27 23:29:24.619 TRACE 27078 --- [    Test worker] o.h.type.descriptor.sql.BasicExtractor   : extracted value ([id1_0_] : [BIGINT]) - [1]
2023-02-27 23:29:24.619 TRACE 27078 --- [    Test worker] o.h.type.descriptor.sql.BasicExtractor   : extracted value ([created_2_0_] : [TIMESTAMP]) - [2023-02-27T23:29:24.279193]
2023-02-27 23:29:24.619 TRACE 27078 --- [    Test worker] o.h.type.descriptor.sql.BasicExtractor   : extracted value ([last_mod3_0_] : [TIMESTAMP]) - [2023-02-27T23:29:24.267054]
2023-02-27 23:29:24.619 TRACE 27078 --- [    Test worker] o.h.type.descriptor.sql.BasicExtractor   : extracted value ([member_e4_0_] : [VARCHAR]) - [test@test.com]
2023-02-27 23:29:24.619 TRACE 27078 --- [    Test worker] o.h.type.descriptor.sql.BasicExtractor   : extracted value ([member_n5_0_] : [VARCHAR]) - [test]
2023-02-27 23:29:24.619 TRACE 27078 --- [    Test worker] o.h.type.descriptor.sql.BasicExtractor   : extracted value ([member_p6_0_] : [VARCHAR]) - [$2a$10$P4PBVuugU55fzHP1CAyIIOsF.RI/6oEiQjgV1hPC05BNfPqKarBQG]
2023-02-27 23:29:24.619 TRACE 27078 --- [    Test worker] o.h.type.descriptor.sql.BasicExtractor   : extracted value ([member_r7_0_] : [VARCHAR]) - [USER]
2023-02-27 23:29:24.619 TRACE 27078 --- [    Test worker] o.h.type.descriptor.sql.BasicExtractor   : extracted value ([member_u8_0_] : [VARCHAR]) - [test]
2023-02-27 23:29:24.619 TRACE 27078 --- [    Test worker] org.hibernate.type.CollectionType        : Created collection wrapper: [com.board.Board_Upgraded.entity.member.Member.posts#1]
2023-02-27 23:29:24.624 DEBUG 27078 --- [    Test worker] org.hibernate.SQL                        : 
    insert 
    into
        post
        (id, created_time, last_modified_time, content, member_id, title) 
    values
        (default, ?, ?, ?, ?, ?)
2023-02-27 23:29:24.624 TRACE 27078 --- [    Test worker] o.h.type.descriptor.sql.BasicBinder      : binding parameter [1] as [TIMESTAMP] - [2023-02-27T23:29:24.624116]
2023-02-27 23:29:24.624 TRACE 27078 --- [    Test worker] o.h.type.descriptor.sql.BasicBinder      : binding parameter [2] as [TIMESTAMP] - [2023-02-27T23:29:24.622372]
2023-02-27 23:29:24.624 TRACE 27078 --- [    Test worker] o.h.type.descriptor.sql.BasicBinder      : binding parameter [3] as [VARCHAR] - [내용입니다.]
2023-02-27 23:29:24.625 TRACE 27078 --- [    Test worker] o.h.type.descriptor.sql.BasicBinder      : binding parameter [4] as [BIGINT] - [1]
2023-02-27 23:29:24.625 TRACE 27078 --- [    Test worker] o.h.type.descriptor.sql.BasicBinder      : binding parameter [5] as [VARCHAR] - [제목입니다.]

MockHttpServletRequest:
      HTTP Method = POST
      Request URI = /api/posts/write
       Parameters = {}
          Headers = [Content-Type:"application/json;charset=UTF-8", Authorization:"Bearer eyJhbGciOiJIUzUxMiJ9.eyJzdWIiOiJ0ZXN0IiwiYXV0aCI6IlVTRVIiLCJleHAiOjE2Nzc1OTQ1NjR9.KHXPi0achdrqV06LEbpQlhrZgGbs98dUE7MJBgNM1oimuDcZVxP5I4GCZkcyRHUbXJob5h9z7ytih992KBOYaA", RefreshToken:"Bearer eyJhbGciOiJIUzUxMiJ9.eyJleHAiOjE2NzgxMTI5NjR9.CvQ7vkZFQsNoUxibivzi5rJ13G6y8mmwvZjUhIzbEpSRo1fl9RP3T_p-HzhfemotzgXFBEFmHxiqA2GJBZj3tA", Content-Length:"57"]
             Body = {"title":"제목입니다.","content":"내용입니다."}
    Session Attrs = {}

Handler:
             Type = com.board.Board_Upgraded.controller.post.PostController
           Method = com.board.Board_Upgraded.controller.post.PostController#write(WritePostRequestDto)

Async:
    Async started = false
     Async result = null

Resolved Exception:
             Type = null

ModelAndView:
        View name = null
             View = null
            Model = null

FlashMap:
       Attributes = null

MockHttpServletResponse:
           Status = 200
    Error message = null
          Headers = [Vary:"Origin", "Access-Control-Request-Method", "Access-Control-Request-Headers", Content-Type:"application/json", X-Content-Type-Options:"nosniff", X-XSS-Protection:"1; mode=block", Cache-Control:"no-cache, no-store, max-age=0, must-revalidate", Pragma:"no-cache", Expires:"0", X-Frame-Options:"DENY"]
     Content type = application/json
             Body = {"success":true,"code":200,"result":{"data":{"writer":"test","title":"제목입니다.","content":"내용입니다.","lastModifiedDate":[2023,2,27,23,29,24,622372000]}}}
    Forwarded URL = null
   Redirected URL = null
          Cookies = []
]]></system-out>
  <system-err><![CDATA[]]></system-err>
</testsuite>
