<?xml version="1.0" encoding="UTF-8"?>
<testsuite name="로그인 기능 테스트" tests="1" skipped="0" failures="0" errors="0" timestamp="2023-02-15T07:45:06" hostname="ijanghuiui-MacBookPro.local" time="0.592">
  <properties/>
  <testcase name="로그인을 성공했을 경우, 코드 200과 로그인 성공을 바디에 반환한다." classname="com.board.Board_Upgraded.controller.AuthControllerTest_SignIn" time="0.592"/>
  <system-out><![CDATA[16:45:04.211 [Test worker] DEBUG org.springframework.test.context.BootstrapUtils - Instantiating CacheAwareContextLoaderDelegate from class [org.springframework.test.context.cache.DefaultCacheAwareContextLoaderDelegate]
16:45:04.215 [Test worker] DEBUG org.springframework.test.context.BootstrapUtils - Instantiating BootstrapContext using constructor [public org.springframework.test.context.support.DefaultBootstrapContext(java.lang.Class,org.springframework.test.context.CacheAwareContextLoaderDelegate)]
16:45:04.231 [Test worker] DEBUG org.springframework.test.context.BootstrapUtils - Instantiating TestContextBootstrapper for test class [com.board.Board_Upgraded.controller.AuthControllerTest_SignIn] from class [org.springframework.boot.test.context.SpringBootTestContextBootstrapper]
16:45:04.238 [Test worker] INFO org.springframework.boot.test.context.SpringBootTestContextBootstrapper - Neither @ContextConfiguration nor @ContextHierarchy found for test class [com.board.Board_Upgraded.controller.AuthControllerTest_SignIn], using SpringBootContextLoader
16:45:04.239 [Test worker] DEBUG org.springframework.test.context.support.AbstractContextLoader - Did not detect default resource location for test class [com.board.Board_Upgraded.controller.AuthControllerTest_SignIn]: class path resource [com/board/Board_Upgraded/controller/AuthControllerTest_SignIn-context.xml] does not exist
16:45:04.240 [Test worker] DEBUG org.springframework.test.context.support.AbstractContextLoader - Did not detect default resource location for test class [com.board.Board_Upgraded.controller.AuthControllerTest_SignIn]: class path resource [com/board/Board_Upgraded/controller/AuthControllerTest_SignInContext.groovy] does not exist
16:45:04.240 [Test worker] INFO org.springframework.test.context.support.AbstractContextLoader - Could not detect default resource locations for test class [com.board.Board_Upgraded.controller.AuthControllerTest_SignIn]: no resource found for suffixes {-context.xml, Context.groovy}.
16:45:04.240 [Test worker] INFO org.springframework.test.context.support.AnnotationConfigContextLoaderUtils - Could not detect default configuration classes for test class [com.board.Board_Upgraded.controller.AuthControllerTest_SignIn]: AuthControllerTest_SignIn does not declare any static, non-private, non-final, nested classes annotated with @Configuration.
16:45:04.261 [Test worker] DEBUG org.springframework.test.context.support.ActiveProfilesUtils - Could not find an 'annotation declaring class' for annotation type [org.springframework.test.context.ActiveProfiles] and class [com.board.Board_Upgraded.controller.AuthControllerTest_SignIn]
16:45:04.292 [Test worker] DEBUG org.springframework.context.annotation.ClassPathScanningCandidateComponentProvider - Identified candidate component class: file [/Users/leeeehgnaj/Desktop/Coding/Board_Upgraded/build/classes/java/main/com/board/Board_Upgraded/BoardUpgradedApplication.class]
16:45:04.292 [Test worker] INFO org.springframework.boot.test.context.SpringBootTestContextBootstrapper - Found @SpringBootConfiguration com.board.Board_Upgraded.BoardUpgradedApplication for test class com.board.Board_Upgraded.controller.AuthControllerTest_SignIn
16:45:04.322 [Test worker] DEBUG org.springframework.boot.test.context.SpringBootTestContextBootstrapper - @TestExecutionListeners is not present for class [com.board.Board_Upgraded.controller.AuthControllerTest_SignIn]: using defaults.
16:45:04.322 [Test worker] INFO org.springframework.boot.test.context.SpringBootTestContextBootstrapper - Loaded default TestExecutionListener class names from location [META-INF/spring.factories]: [org.springframework.security.test.context.support.WithSecurityContextTestExecutionListener, org.springframework.security.test.context.support.ReactorContextTestExecutionListener, org.springframework.boot.test.autoconfigure.restdocs.RestDocsTestExecutionListener, org.springframework.boot.test.autoconfigure.web.client.MockRestServiceServerResetTestExecutionListener, org.springframework.boot.test.autoconfigure.web.servlet.MockMvcPrintOnlyOnFailureTestExecutionListener, org.springframework.boot.test.autoconfigure.web.servlet.WebDriverTestExecutionListener, org.springframework.boot.test.autoconfigure.webservices.client.MockWebServiceServerTestExecutionListener, org.springframework.boot.test.mock.mockito.MockitoTestExecutionListener, org.springframework.boot.test.mock.mockito.ResetMocksTestExecutionListener, org.springframework.test.context.web.ServletTestExecutionListener, org.springframework.test.context.support.DirtiesContextBeforeModesTestExecutionListener, org.springframework.test.context.event.ApplicationEventsTestExecutionListener, org.springframework.test.context.support.DependencyInjectionTestExecutionListener, org.springframework.test.context.support.DirtiesContextTestExecutionListener, org.springframework.test.context.transaction.TransactionalTestExecutionListener, org.springframework.test.context.jdbc.SqlScriptsTestExecutionListener, org.springframework.test.context.event.EventPublishingTestExecutionListener]
16:45:04.328 [Test worker] INFO org.springframework.boot.test.context.SpringBootTestContextBootstrapper - Using TestExecutionListeners: [org.springframework.test.context.web.ServletTestExecutionListener@21d8bcbe, org.springframework.test.context.support.DirtiesContextBeforeModesTestExecutionListener@5be067de, org.springframework.test.context.event.ApplicationEventsTestExecutionListener@7383eae2, org.springframework.boot.test.mock.mockito.MockitoTestExecutionListener@18245eb0, org.springframework.boot.test.autoconfigure.SpringBootDependencyInjectionTestExecutionListener@7c7d3c46, org.springframework.test.context.support.DirtiesContextTestExecutionListener@24fb6a80, org.springframework.test.context.transaction.TransactionalTestExecutionListener@48c35007, org.springframework.test.context.jdbc.SqlScriptsTestExecutionListener@72a85671, org.springframework.security.test.context.support.WithSecurityContextTestExecutionListener@6722db6e, org.springframework.test.context.event.EventPublishingTestExecutionListener@18f20260, org.springframework.security.test.context.support.ReactorContextTestExecutionListener@4ae33a11, org.springframework.boot.test.autoconfigure.restdocs.RestDocsTestExecutionListener@7a48e6e2, org.springframework.boot.test.autoconfigure.web.client.MockRestServiceServerResetTestExecutionListener@b40bb6e, org.springframework.boot.test.autoconfigure.web.servlet.MockMvcPrintOnlyOnFailureTestExecutionListener@3a94964, org.springframework.boot.test.autoconfigure.web.servlet.WebDriverTestExecutionListener@5049d8b2, org.springframework.boot.test.autoconfigure.webservices.client.MockWebServiceServerTestExecutionListener@6d0b5baf, org.springframework.boot.test.mock.mockito.ResetMocksTestExecutionListener@631e06ab]
16:45:04.330 [Test worker] DEBUG org.springframework.test.context.support.AbstractDirtiesContextTestExecutionListener - Before test class: context [DefaultTestContext@3185fa6b testClass = AuthControllerTest_SignIn, testInstance = [null], testMethod = [null], testException = [null], mergedContextConfiguration = [WebMergedContextConfiguration@6d366c9b testClass = AuthControllerTest_SignIn, locations = '{}', classes = '{class com.board.Board_Upgraded.BoardUpgradedApplication}', contextInitializerClasses = '[]', activeProfiles = '{}', propertySourceLocations = '{}', propertySourceProperties = '{org.springframework.boot.test.context.SpringBootTestContextBootstrapper=true}', contextCustomizers = set[org.springframework.boot.test.autoconfigure.actuate.metrics.MetricsExportContextCustomizerFactory$DisableMetricExportContextCustomizer@14fc1f0, org.springframework.boot.test.autoconfigure.properties.PropertyMappingContextCustomizer@4b3fa0b3, org.springframework.boot.test.autoconfigure.web.servlet.WebDriverContextCustomizerFactory$Customizer@1e461e41, [ImportsContextCustomizer@5b58ed3c key = [org.springframework.boot.test.autoconfigure.web.servlet.MockMvcAutoConfiguration, org.springframework.boot.test.autoconfigure.web.servlet.MockMvcWebClientAutoConfiguration, org.springframework.boot.test.autoconfigure.web.servlet.MockMvcWebDriverAutoConfiguration, org.springframework.boot.autoconfigure.security.oauth2.client.servlet.OAuth2ClientAutoConfiguration, org.springframework.boot.autoconfigure.security.oauth2.resource.servlet.OAuth2ResourceServerAutoConfiguration, org.springframework.boot.autoconfigure.security.servlet.SecurityAutoConfiguration, org.springframework.boot.autoconfigure.security.servlet.SecurityFilterAutoConfiguration, org.springframework.boot.autoconfigure.security.servlet.UserDetailsServiceAutoConfiguration, org.springframework.boot.test.autoconfigure.web.servlet.MockMvcSecurityConfiguration, org.springframework.boot.test.autoconfigure.web.reactive.WebTestClientAutoConfiguration]], org.springframework.boot.test.context.filter.ExcludeFilterContextCustomizer@3c7c886c, org.springframework.boot.test.json.DuplicateJsonObjectContextCustomizerFactory$DuplicateJsonObjectContextCustomizer@2f16c6b3, org.springframework.boot.test.mock.mockito.MockitoContextCustomizer@0, org.springframework.boot.test.web.client.TestRestTemplateContextCustomizer@3a4621bd, org.springframework.boot.test.context.SpringBootTestArgs@1, org.springframework.boot.test.context.SpringBootTestWebEnvironment@2f54a33d], resourceBasePath = 'src/main/webapp', contextLoader = 'org.springframework.boot.test.context.SpringBootContextLoader', parent = [null]], attributes = map['org.springframework.test.context.web.ServletTestExecutionListener.activateListener' -> true]], class annotated with @DirtiesContext [false] with mode [null].

  .   ____          _            __ _ _
 /\\ / ___'_ __ _ _(_)_ __  __ _ \ \ \ \
( ( )\___ | '_ | '_| | '_ \/ _` | \ \ \ \
 \\/  ___)| |_)| | | | | || (_| |  ) ) ) )
  '  |____| .__|_| |_|_| |_\__, | / / / /
 =========|_|==============|___/=/_/_/_/
 :: Spring Boot ::                (v2.7.0)

2023-02-15 16:45:04.491  INFO 12074 --- [    Test worker] c.b.B.c.AuthControllerTest_SignIn        : Starting AuthControllerTest_SignIn using Java 17.0.2 on ijanghuiui-MacBookPro.local with PID 12074 (started by leeeehgnaj in /Users/leeeehgnaj/Desktop/Coding/Board_Upgraded)
2023-02-15 16:45:04.491  INFO 12074 --- [    Test worker] c.b.B.c.AuthControllerTest_SignIn        : The following 1 profile is active: "local"
2023-02-15 16:45:04.854  INFO 12074 --- [    Test worker] .s.d.r.c.RepositoryConfigurationDelegate : Bootstrapping Spring Data JPA repositories in DEFAULT mode.
2023-02-15 16:45:04.879  INFO 12074 --- [    Test worker] .s.d.r.c.RepositoryConfigurationDelegate : Finished Spring Data repository scanning in 22 ms. Found 2 JPA repository interfaces.
2023-02-15 16:45:05.132  INFO 12074 --- [    Test worker] o.hibernate.jpa.internal.util.LogHelper  : HHH000204: Processing PersistenceUnitInfo [name: default]
2023-02-15 16:45:05.151  INFO 12074 --- [    Test worker] org.hibernate.Version                    : HHH000412: Hibernate ORM core version 5.6.9.Final
2023-02-15 16:45:05.225  INFO 12074 --- [    Test worker] o.hibernate.annotations.common.Version   : HCANN000001: Hibernate Commons Annotations {5.1.2.Final}
2023-02-15 16:45:05.235 DEBUG 12074 --- [    Test worker] org.hibernate.type.BasicTypeRegistry     : Adding type registration boolean -> org.hibernate.type.BooleanType@1d55dd21
2023-02-15 16:45:05.236 DEBUG 12074 --- [    Test worker] org.hibernate.type.BasicTypeRegistry     : Adding type registration boolean -> org.hibernate.type.BooleanType@1d55dd21
2023-02-15 16:45:05.236 DEBUG 12074 --- [    Test worker] org.hibernate.type.BasicTypeRegistry     : Adding type registration java.lang.Boolean -> org.hibernate.type.BooleanType@1d55dd21
2023-02-15 16:45:05.237 DEBUG 12074 --- [    Test worker] org.hibernate.type.BasicTypeRegistry     : Adding type registration numeric_boolean -> org.hibernate.type.NumericBooleanType@37bda983
2023-02-15 16:45:05.237 DEBUG 12074 --- [    Test worker] org.hibernate.type.BasicTypeRegistry     : Adding type registration true_false -> org.hibernate.type.TrueFalseType@5a8dcfbb
2023-02-15 16:45:05.237 DEBUG 12074 --- [    Test worker] org.hibernate.type.BasicTypeRegistry     : Adding type registration yes_no -> org.hibernate.type.YesNoType@573a078
2023-02-15 16:45:05.238 DEBUG 12074 --- [    Test worker] org.hibernate.type.BasicTypeRegistry     : Adding type registration byte -> org.hibernate.type.ByteType@7540160e
2023-02-15 16:45:05.238 DEBUG 12074 --- [    Test worker] org.hibernate.type.BasicTypeRegistry     : Adding type registration byte -> org.hibernate.type.ByteType@7540160e
2023-02-15 16:45:05.238 DEBUG 12074 --- [    Test worker] org.hibernate.type.BasicTypeRegistry     : Adding type registration java.lang.Byte -> org.hibernate.type.ByteType@7540160e
2023-02-15 16:45:05.238 DEBUG 12074 --- [    Test worker] org.hibernate.type.BasicTypeRegistry     : Adding type registration character -> org.hibernate.type.CharacterType@1bfa3893
2023-02-15 16:45:05.238 DEBUG 12074 --- [    Test worker] org.hibernate.type.BasicTypeRegistry     : Adding type registration char -> org.hibernate.type.CharacterType@1bfa3893
2023-02-15 16:45:05.238 DEBUG 12074 --- [    Test worker] org.hibernate.type.BasicTypeRegistry     : Adding type registration java.lang.Character -> org.hibernate.type.CharacterType@1bfa3893
2023-02-15 16:45:05.238 DEBUG 12074 --- [    Test worker] org.hibernate.type.BasicTypeRegistry     : Adding type registration short -> org.hibernate.type.ShortType@5f3f3d00
2023-02-15 16:45:05.239 DEBUG 12074 --- [    Test worker] org.hibernate.type.BasicTypeRegistry     : Adding type registration short -> org.hibernate.type.ShortType@5f3f3d00
2023-02-15 16:45:05.239 DEBUG 12074 --- [    Test worker] org.hibernate.type.BasicTypeRegistry     : Adding type registration java.lang.Short -> org.hibernate.type.ShortType@5f3f3d00
2023-02-15 16:45:05.239 DEBUG 12074 --- [    Test worker] org.hibernate.type.BasicTypeRegistry     : Adding type registration integer -> org.hibernate.type.IntegerType@29c59b6e
2023-02-15 16:45:05.239 DEBUG 12074 --- [    Test worker] org.hibernate.type.BasicTypeRegistry     : Adding type registration int -> org.hibernate.type.IntegerType@29c59b6e
2023-02-15 16:45:05.239 DEBUG 12074 --- [    Test worker] org.hibernate.type.BasicTypeRegistry     : Adding type registration java.lang.Integer -> org.hibernate.type.IntegerType@29c59b6e
2023-02-15 16:45:05.239 DEBUG 12074 --- [    Test worker] org.hibernate.type.BasicTypeRegistry     : Adding type registration long -> org.hibernate.type.LongType@6248cfab
2023-02-15 16:45:05.240 DEBUG 12074 --- [    Test worker] org.hibernate.type.BasicTypeRegistry     : Adding type registration long -> org.hibernate.type.LongType@6248cfab
2023-02-15 16:45:05.240 DEBUG 12074 --- [    Test worker] org.hibernate.type.BasicTypeRegistry     : Adding type registration java.lang.Long -> org.hibernate.type.LongType@6248cfab
2023-02-15 16:45:05.240 DEBUG 12074 --- [    Test worker] org.hibernate.type.BasicTypeRegistry     : Adding type registration float -> org.hibernate.type.FloatType@4fa91d5b
2023-02-15 16:45:05.240 DEBUG 12074 --- [    Test worker] org.hibernate.type.BasicTypeRegistry     : Adding type registration float -> org.hibernate.type.FloatType@4fa91d5b
2023-02-15 16:45:05.240 DEBUG 12074 --- [    Test worker] org.hibernate.type.BasicTypeRegistry     : Adding type registration java.lang.Float -> org.hibernate.type.FloatType@4fa91d5b
2023-02-15 16:45:05.240 DEBUG 12074 --- [    Test worker] org.hibernate.type.BasicTypeRegistry     : Adding type registration double -> org.hibernate.type.DoubleType@70884875
2023-02-15 16:45:05.240 DEBUG 12074 --- [    Test worker] org.hibernate.type.BasicTypeRegistry     : Adding type registration double -> org.hibernate.type.DoubleType@70884875
2023-02-15 16:45:05.240 DEBUG 12074 --- [    Test worker] org.hibernate.type.BasicTypeRegistry     : Adding type registration java.lang.Double -> org.hibernate.type.DoubleType@70884875
2023-02-15 16:45:05.241 DEBUG 12074 --- [    Test worker] org.hibernate.type.BasicTypeRegistry     : Adding type registration big_decimal -> org.hibernate.type.BigDecimalType@4a833595
2023-02-15 16:45:05.241 DEBUG 12074 --- [    Test worker] org.hibernate.type.BasicTypeRegistry     : Adding type registration java.math.BigDecimal -> org.hibernate.type.BigDecimalType@4a833595
2023-02-15 16:45:05.241 DEBUG 12074 --- [    Test worker] org.hibernate.type.BasicTypeRegistry     : Adding type registration big_integer -> org.hibernate.type.BigIntegerType@6ac756b
2023-02-15 16:45:05.241 DEBUG 12074 --- [    Test worker] org.hibernate.type.BasicTypeRegistry     : Adding type registration java.math.BigInteger -> org.hibernate.type.BigIntegerType@6ac756b
2023-02-15 16:45:05.241 DEBUG 12074 --- [    Test worker] org.hibernate.type.BasicTypeRegistry     : Adding type registration string -> org.hibernate.type.StringType@3cf4dec7
2023-02-15 16:45:05.241 DEBUG 12074 --- [    Test worker] org.hibernate.type.BasicTypeRegistry     : Adding type registration java.lang.String -> org.hibernate.type.StringType@3cf4dec7
2023-02-15 16:45:05.242 DEBUG 12074 --- [    Test worker] org.hibernate.type.BasicTypeRegistry     : Adding type registration nstring -> org.hibernate.type.StringNVarcharType@2a425cf5
2023-02-15 16:45:05.242 DEBUG 12074 --- [    Test worker] org.hibernate.type.BasicTypeRegistry     : Adding type registration ncharacter -> org.hibernate.type.CharacterNCharType@1de73d37
2023-02-15 16:45:05.242 DEBUG 12074 --- [    Test worker] org.hibernate.type.BasicTypeRegistry     : Adding type registration url -> org.hibernate.type.UrlType@71139e77
2023-02-15 16:45:05.242 DEBUG 12074 --- [    Test worker] org.hibernate.type.BasicTypeRegistry     : Adding type registration java.net.URL -> org.hibernate.type.UrlType@71139e77
2023-02-15 16:45:05.242 DEBUG 12074 --- [    Test worker] org.hibernate.type.BasicTypeRegistry     : Adding type registration Duration -> org.hibernate.type.DurationType@12aa519b
2023-02-15 16:45:05.242 DEBUG 12074 --- [    Test worker] org.hibernate.type.BasicTypeRegistry     : Adding type registration java.time.Duration -> org.hibernate.type.DurationType@12aa519b
2023-02-15 16:45:05.243 DEBUG 12074 --- [    Test worker] org.hibernate.type.BasicTypeRegistry     : Adding type registration Instant -> org.hibernate.type.InstantType@45c423b3
2023-02-15 16:45:05.243 DEBUG 12074 --- [    Test worker] org.hibernate.type.BasicTypeRegistry     : Adding type registration java.time.Instant -> org.hibernate.type.InstantType@45c423b3
2023-02-15 16:45:05.243 DEBUG 12074 --- [    Test worker] org.hibernate.type.BasicTypeRegistry     : Adding type registration LocalDateTime -> org.hibernate.type.LocalDateTimeType@105dc04d
2023-02-15 16:45:05.243 DEBUG 12074 --- [    Test worker] org.hibernate.type.BasicTypeRegistry     : Adding type registration java.time.LocalDateTime -> org.hibernate.type.LocalDateTimeType@105dc04d
2023-02-15 16:45:05.243 DEBUG 12074 --- [    Test worker] org.hibernate.type.BasicTypeRegistry     : Adding type registration LocalDate -> org.hibernate.type.LocalDateType@6df2af02
2023-02-15 16:45:05.243 DEBUG 12074 --- [    Test worker] org.hibernate.type.BasicTypeRegistry     : Adding type registration java.time.LocalDate -> org.hibernate.type.LocalDateType@6df2af02
2023-02-15 16:45:05.244 DEBUG 12074 --- [    Test worker] org.hibernate.type.BasicTypeRegistry     : Adding type registration LocalTime -> org.hibernate.type.LocalTimeType@ab327c
2023-02-15 16:45:05.244 DEBUG 12074 --- [    Test worker] org.hibernate.type.BasicTypeRegistry     : Adding type registration java.time.LocalTime -> org.hibernate.type.LocalTimeType@ab327c
2023-02-15 16:45:05.244 DEBUG 12074 --- [    Test worker] org.hibernate.type.BasicTypeRegistry     : Adding type registration OffsetDateTime -> org.hibernate.type.OffsetDateTimeType@72715e61
2023-02-15 16:45:05.244 DEBUG 12074 --- [    Test worker] org.hibernate.type.BasicTypeRegistry     : Adding type registration java.time.OffsetDateTime -> org.hibernate.type.OffsetDateTimeType@72715e61
2023-02-15 16:45:05.244 DEBUG 12074 --- [    Test worker] org.hibernate.type.BasicTypeRegistry     : Adding type registration OffsetTime -> org.hibernate.type.OffsetTimeType@5611bba
2023-02-15 16:45:05.244 DEBUG 12074 --- [    Test worker] org.hibernate.type.BasicTypeRegistry     : Adding type registration java.time.OffsetTime -> org.hibernate.type.OffsetTimeType@5611bba
2023-02-15 16:45:05.245 DEBUG 12074 --- [    Test worker] org.hibernate.type.BasicTypeRegistry     : Adding type registration ZonedDateTime -> org.hibernate.type.ZonedDateTimeType@580c17a0
2023-02-15 16:45:05.245 DEBUG 12074 --- [    Test worker] org.hibernate.type.BasicTypeRegistry     : Adding type registration java.time.ZonedDateTime -> org.hibernate.type.ZonedDateTimeType@580c17a0
2023-02-15 16:45:05.245 DEBUG 12074 --- [    Test worker] org.hibernate.type.BasicTypeRegistry     : Adding type registration date -> org.hibernate.type.DateType@5341e71a
2023-02-15 16:45:05.245 DEBUG 12074 --- [    Test worker] org.hibernate.type.BasicTypeRegistry     : Adding type registration java.sql.Date -> org.hibernate.type.DateType@5341e71a
2023-02-15 16:45:05.246 DEBUG 12074 --- [    Test worker] org.hibernate.type.BasicTypeRegistry     : Adding type registration time -> org.hibernate.type.TimeType@416b1265
2023-02-15 16:45:05.246 DEBUG 12074 --- [    Test worker] org.hibernate.type.BasicTypeRegistry     : Adding type registration java.sql.Time -> org.hibernate.type.TimeType@416b1265
2023-02-15 16:45:05.246 DEBUG 12074 --- [    Test worker] org.hibernate.type.BasicTypeRegistry     : Adding type registration timestamp -> org.hibernate.type.TimestampType@338d47b
2023-02-15 16:45:05.246 DEBUG 12074 --- [    Test worker] org.hibernate.type.BasicTypeRegistry     : Adding type registration java.sql.Timestamp -> org.hibernate.type.TimestampType@338d47b
2023-02-15 16:45:05.246 DEBUG 12074 --- [    Test worker] org.hibernate.type.BasicTypeRegistry     : Adding type registration java.util.Date -> org.hibernate.type.TimestampType@338d47b
2023-02-15 16:45:05.247 DEBUG 12074 --- [    Test worker] org.hibernate.type.BasicTypeRegistry     : Adding type registration dbtimestamp -> org.hibernate.type.DbTimestampType@10d98940
2023-02-15 16:45:05.247 DEBUG 12074 --- [    Test worker] org.hibernate.type.BasicTypeRegistry     : Adding type registration calendar -> org.hibernate.type.CalendarType@ba562e0
2023-02-15 16:45:05.247 DEBUG 12074 --- [    Test worker] org.hibernate.type.BasicTypeRegistry     : Adding type registration java.util.Calendar -> org.hibernate.type.CalendarType@ba562e0
2023-02-15 16:45:05.247 DEBUG 12074 --- [    Test worker] org.hibernate.type.BasicTypeRegistry     : Adding type registration java.util.GregorianCalendar -> org.hibernate.type.CalendarType@ba562e0
2023-02-15 16:45:05.248 DEBUG 12074 --- [    Test worker] org.hibernate.type.BasicTypeRegistry     : Adding type registration calendar_date -> org.hibernate.type.CalendarDateType@312a738d
2023-02-15 16:45:05.248 DEBUG 12074 --- [    Test worker] org.hibernate.type.BasicTypeRegistry     : Adding type registration calendar_time -> org.hibernate.type.CalendarTimeType@61dd1c3d
2023-02-15 16:45:05.248 DEBUG 12074 --- [    Test worker] org.hibernate.type.BasicTypeRegistry     : Adding type registration locale -> org.hibernate.type.LocaleType@14656be5
2023-02-15 16:45:05.248 DEBUG 12074 --- [    Test worker] org.hibernate.type.BasicTypeRegistry     : Adding type registration java.util.Locale -> org.hibernate.type.LocaleType@14656be5
2023-02-15 16:45:05.248 DEBUG 12074 --- [    Test worker] org.hibernate.type.BasicTypeRegistry     : Adding type registration currency -> org.hibernate.type.CurrencyType@425b5fe2
2023-02-15 16:45:05.248 DEBUG 12074 --- [    Test worker] org.hibernate.type.BasicTypeRegistry     : Adding type registration java.util.Currency -> org.hibernate.type.CurrencyType@425b5fe2
2023-02-15 16:45:05.249 DEBUG 12074 --- [    Test worker] org.hibernate.type.BasicTypeRegistry     : Adding type registration timezone -> org.hibernate.type.TimeZoneType@59a94d0f
2023-02-15 16:45:05.249 DEBUG 12074 --- [    Test worker] org.hibernate.type.BasicTypeRegistry     : Adding type registration java.util.TimeZone -> org.hibernate.type.TimeZoneType@59a94d0f
2023-02-15 16:45:05.249 DEBUG 12074 --- [    Test worker] org.hibernate.type.BasicTypeRegistry     : Adding type registration class -> org.hibernate.type.ClassType@298263fa
2023-02-15 16:45:05.249 DEBUG 12074 --- [    Test worker] org.hibernate.type.BasicTypeRegistry     : Adding type registration java.lang.Class -> org.hibernate.type.ClassType@298263fa
2023-02-15 16:45:05.249 DEBUG 12074 --- [    Test worker] org.hibernate.type.BasicTypeRegistry     : Adding type registration uuid-binary -> org.hibernate.type.UUIDBinaryType@258a8584
2023-02-15 16:45:05.249 DEBUG 12074 --- [    Test worker] org.hibernate.type.BasicTypeRegistry     : Adding type registration java.util.UUID -> org.hibernate.type.UUIDBinaryType@258a8584
2023-02-15 16:45:05.249 DEBUG 12074 --- [    Test worker] org.hibernate.type.BasicTypeRegistry     : Adding type registration uuid-char -> org.hibernate.type.UUIDCharType@5c0e2ec
2023-02-15 16:45:05.250 DEBUG 12074 --- [    Test worker] org.hibernate.type.BasicTypeRegistry     : Adding type registration binary -> org.hibernate.type.BinaryType@a4df251
2023-02-15 16:45:05.250 DEBUG 12074 --- [    Test worker] org.hibernate.type.BasicTypeRegistry     : Adding type registration byte[] -> org.hibernate.type.BinaryType@a4df251
2023-02-15 16:45:05.250 DEBUG 12074 --- [    Test worker] org.hibernate.type.BasicTypeRegistry     : Adding type registration [B -> org.hibernate.type.BinaryType@a4df251
2023-02-15 16:45:05.250 DEBUG 12074 --- [    Test worker] org.hibernate.type.BasicTypeRegistry     : Adding type registration wrapper-binary -> org.hibernate.type.WrapperBinaryType@16391278
2023-02-15 16:45:05.250 DEBUG 12074 --- [    Test worker] org.hibernate.type.BasicTypeRegistry     : Adding type registration Byte[] -> org.hibernate.type.WrapperBinaryType@16391278
2023-02-15 16:45:05.250 DEBUG 12074 --- [    Test worker] org.hibernate.type.BasicTypeRegistry     : Adding type registration [Ljava.lang.Byte; -> org.hibernate.type.WrapperBinaryType@16391278
2023-02-15 16:45:05.250 DEBUG 12074 --- [    Test worker] org.hibernate.type.BasicTypeRegistry     : Adding type registration row_version -> org.hibernate.type.RowVersionType@6728370a
2023-02-15 16:45:05.251 DEBUG 12074 --- [    Test worker] org.hibernate.type.BasicTypeRegistry     : Adding type registration image -> org.hibernate.type.ImageType@55061418
2023-02-15 16:45:05.251 DEBUG 12074 --- [    Test worker] org.hibernate.type.BasicTypeRegistry     : Adding type registration characters -> org.hibernate.type.CharArrayType@5a466dd
2023-02-15 16:45:05.251 DEBUG 12074 --- [    Test worker] org.hibernate.type.BasicTypeRegistry     : Adding type registration char[] -> org.hibernate.type.CharArrayType@5a466dd
2023-02-15 16:45:05.251 DEBUG 12074 --- [    Test worker] org.hibernate.type.BasicTypeRegistry     : Adding type registration [C -> org.hibernate.type.CharArrayType@5a466dd
2023-02-15 16:45:05.251 DEBUG 12074 --- [    Test worker] org.hibernate.type.BasicTypeRegistry     : Adding type registration wrapper-characters -> org.hibernate.type.CharacterArrayType@a03529c
2023-02-15 16:45:05.251 DEBUG 12074 --- [    Test worker] org.hibernate.type.BasicTypeRegistry     : Adding type registration [Ljava.lang.Character; -> org.hibernate.type.CharacterArrayType@a03529c
2023-02-15 16:45:05.251 DEBUG 12074 --- [    Test worker] org.hibernate.type.BasicTypeRegistry     : Adding type registration Character[] -> org.hibernate.type.CharacterArrayType@a03529c
2023-02-15 16:45:05.251 DEBUG 12074 --- [    Test worker] org.hibernate.type.BasicTypeRegistry     : Adding type registration text -> org.hibernate.type.TextType@4b32465
2023-02-15 16:45:05.251 DEBUG 12074 --- [    Test worker] org.hibernate.type.BasicTypeRegistry     : Adding type registration ntext -> org.hibernate.type.NTextType@4fa5cc73
2023-02-15 16:45:05.252 DEBUG 12074 --- [    Test worker] org.hibernate.type.BasicTypeRegistry     : Adding type registration blob -> org.hibernate.type.BlobType@57f0bfc3
2023-02-15 16:45:05.252 DEBUG 12074 --- [    Test worker] org.hibernate.type.BasicTypeRegistry     : Adding type registration java.sql.Blob -> org.hibernate.type.BlobType@57f0bfc3
2023-02-15 16:45:05.252 DEBUG 12074 --- [    Test worker] org.hibernate.type.BasicTypeRegistry     : Adding type registration materialized_blob -> org.hibernate.type.MaterializedBlobType@70c56434
2023-02-15 16:45:05.253 DEBUG 12074 --- [    Test worker] org.hibernate.type.BasicTypeRegistry     : Adding type registration clob -> org.hibernate.type.ClobType@3c6bd624
2023-02-15 16:45:05.253 DEBUG 12074 --- [    Test worker] org.hibernate.type.BasicTypeRegistry     : Adding type registration java.sql.Clob -> org.hibernate.type.ClobType@3c6bd624
2023-02-15 16:45:05.253 DEBUG 12074 --- [    Test worker] org.hibernate.type.BasicTypeRegistry     : Adding type registration nclob -> org.hibernate.type.NClobType@4cb4c4cc
2023-02-15 16:45:05.253 DEBUG 12074 --- [    Test worker] org.hibernate.type.BasicTypeRegistry     : Adding type registration java.sql.NClob -> org.hibernate.type.NClobType@4cb4c4cc
2023-02-15 16:45:05.253 DEBUG 12074 --- [    Test worker] org.hibernate.type.BasicTypeRegistry     : Adding type registration materialized_clob -> org.hibernate.type.MaterializedClobType@46524ebe
2023-02-15 16:45:05.253 DEBUG 12074 --- [    Test worker] org.hibernate.type.BasicTypeRegistry     : Adding type registration materialized_nclob -> org.hibernate.type.MaterializedNClobType@3c27f72
2023-02-15 16:45:05.254 DEBUG 12074 --- [    Test worker] org.hibernate.type.BasicTypeRegistry     : Adding type registration serializable -> org.hibernate.type.SerializableType@6c830ebd
2023-02-15 16:45:05.255 DEBUG 12074 --- [    Test worker] org.hibernate.type.BasicTypeRegistry     : Adding type registration object -> org.hibernate.type.ObjectType@118fbaf0
2023-02-15 16:45:05.255 DEBUG 12074 --- [    Test worker] org.hibernate.type.BasicTypeRegistry     : Adding type registration java.lang.Object -> org.hibernate.type.ObjectType@118fbaf0
2023-02-15 16:45:05.255 DEBUG 12074 --- [    Test worker] org.hibernate.type.BasicTypeRegistry     : Adding type registration imm_date -> org.hibernate.type.AdaptedImmutableType@50b4364
2023-02-15 16:45:05.255 DEBUG 12074 --- [    Test worker] org.hibernate.type.BasicTypeRegistry     : Adding type registration imm_time -> org.hibernate.type.AdaptedImmutableType@5e541ef9
2023-02-15 16:45:05.255 DEBUG 12074 --- [    Test worker] org.hibernate.type.BasicTypeRegistry     : Adding type registration imm_timestamp -> org.hibernate.type.AdaptedImmutableType@38054d01
2023-02-15 16:45:05.255 DEBUG 12074 --- [    Test worker] org.hibernate.type.BasicTypeRegistry     : Adding type registration imm_dbtimestamp -> org.hibernate.type.AdaptedImmutableType@28ce75ec
2023-02-15 16:45:05.255 DEBUG 12074 --- [    Test worker] org.hibernate.type.BasicTypeRegistry     : Adding type registration imm_calendar -> org.hibernate.type.AdaptedImmutableType@778113f2
2023-02-15 16:45:05.255 DEBUG 12074 --- [    Test worker] org.hibernate.type.BasicTypeRegistry     : Adding type registration imm_calendar_date -> org.hibernate.type.AdaptedImmutableType@9dc782d
2023-02-15 16:45:05.255 DEBUG 12074 --- [    Test worker] org.hibernate.type.BasicTypeRegistry     : Adding type registration imm_binary -> org.hibernate.type.AdaptedImmutableType@1ba35152
2023-02-15 16:45:05.255 DEBUG 12074 --- [    Test worker] org.hibernate.type.BasicTypeRegistry     : Adding type registration imm_serializable -> org.hibernate.type.AdaptedImmutableType@401926df
2023-02-15 16:45:05.270  INFO 12074 --- [    Test worker] com.zaxxer.hikari.HikariDataSource       : HikariPool-1 - Starting...
2023-02-15 16:45:05.306  INFO 12074 --- [    Test worker] com.zaxxer.hikari.HikariDataSource       : HikariPool-1 - Start completed.
2023-02-15 16:45:05.318  INFO 12074 --- [    Test worker] org.hibernate.dialect.Dialect            : HHH000400: Using dialect: org.hibernate.dialect.H2Dialect
2023-02-15 16:45:05.332 DEBUG 12074 --- [    Test worker] o.h.type.spi.TypeConfiguration$Scope     : Scoping TypeConfiguration [org.hibernate.type.spi.TypeConfiguration@5599dc60] to MetadataBuildingContext [org.hibernate.boot.internal.MetadataBuildingContextRootImpl@35554635]
2023-02-15 16:45:05.433 DEBUG 12074 --- [    Test worker] org.hibernate.type.EnumType              : Using NAMED-based conversion for Enum com.board.Board_Upgraded.entity.member.Role
2023-02-15 16:45:05.433 DEBUG 12074 --- [    Test worker] o.h.type.spi.TypeConfiguration$Scope     : Scoping TypeConfiguration [org.hibernate.type.spi.TypeConfiguration@5599dc60] to SessionFactoryImpl [org.hibernate.internal.SessionFactoryImpl@1feb76b9]
2023-02-15 16:45:05.549 DEBUG 12074 --- [    Test worker] org.hibernate.SQL                        : 
    
    drop table if exists member CASCADE 
2023-02-15 16:45:05.551 DEBUG 12074 --- [    Test worker] org.hibernate.SQL                        : 
    
    drop table if exists refresh_token CASCADE 
2023-02-15 16:45:05.552 DEBUG 12074 --- [    Test worker] org.hibernate.SQL                        : 
    
    create table member (
       id bigint generated by default as identity,
        created_time timestamp not null,
        last_modified_time timestamp not null,
        member_email varchar(255),
        member_nickname varchar(255),
        member_password varchar(255),
        member_role varchar(255),
        member_username varchar(255),
        primary key (id)
    )
2023-02-15 16:45:05.553 DEBUG 12074 --- [    Test worker] org.hibernate.SQL                        : 
    
    create table refresh_token (
       rt_key varchar(255) not null,
        rt_value varchar(255),
        primary key (rt_key)
    )
2023-02-15 16:45:05.554  INFO 12074 --- [    Test worker] o.h.e.t.j.p.i.JtaPlatformInitiator       : HHH000490: Using JtaPlatform implementation: [org.hibernate.engine.transaction.jta.platform.internal.NoJtaPlatform]
2023-02-15 16:45:05.556 TRACE 12074 --- [    Test worker] o.h.type.spi.TypeConfiguration$Scope     : Handling #sessionFactoryCreated from [org.hibernate.internal.SessionFactoryImpl@1feb76b9] for TypeConfiguration
2023-02-15 16:45:05.557  INFO 12074 --- [    Test worker] j.LocalContainerEntityManagerFactoryBean : Initialized JPA EntityManagerFactory for persistence unit 'default'
2023-02-15 16:45:05.832  WARN 12074 --- [    Test worker] JpaBaseConfiguration$JpaWebConfiguration : spring.jpa.open-in-view is enabled by default. Therefore, database queries may be performed during view rendering. Explicitly configure spring.jpa.open-in-view to disable this warning
2023-02-15 16:45:05.981  INFO 12074 --- [    Test worker] o.s.s.web.DefaultSecurityFilterChain     : Will secure any request with [org.springframework.security.web.session.DisableEncodeUrlFilter@7dbe858f, org.springframework.security.web.context.request.async.WebAsyncManagerIntegrationFilter@387ef6a7, org.springframework.security.web.context.SecurityContextPersistenceFilter@58a0f75b, org.springframework.security.web.header.HeaderWriterFilter@732bb49d, org.springframework.security.web.csrf.CsrfFilter@df5f657, org.springframework.security.web.authentication.logout.LogoutFilter@e75bae7, org.springframework.security.web.authentication.www.BasicAuthenticationFilter@75c45c4b, org.springframework.security.web.savedrequest.RequestCacheAwareFilter@41d8ac75, org.springframework.security.web.servletapi.SecurityContextHolderAwareRequestFilter@3891db3a, org.springframework.security.web.authentication.AnonymousAuthenticationFilter@2330c995, org.springframework.security.web.session.SessionManagementFilter@7962a364, org.springframework.security.web.access.ExceptionTranslationFilter@24d7c365, org.springframework.security.web.access.intercept.AuthorizationFilter@4767be27]
2023-02-15 16:45:05.984  WARN 12074 --- [    Test worker] o.s.s.c.a.web.builders.WebSecurity       : You are asking Spring Security to ignore Ant [pattern='/auth/sign_in']. This is not recommended -- please use permitAll via HttpSecurity#authorizeHttpRequests instead.
2023-02-15 16:45:05.984  INFO 12074 --- [    Test worker] o.s.s.web.DefaultSecurityFilterChain     : Will not secure Ant [pattern='/auth/sign_in']
2023-02-15 16:45:05.984  WARN 12074 --- [    Test worker] o.s.s.c.a.web.builders.WebSecurity       : You are asking Spring Security to ignore Ant [pattern='/auth/join']. This is not recommended -- please use permitAll via HttpSecurity#authorizeHttpRequests instead.
2023-02-15 16:45:05.984  INFO 12074 --- [    Test worker] o.s.s.web.DefaultSecurityFilterChain     : Will not secure Ant [pattern='/auth/join']
2023-02-15 16:45:06.252  INFO 12074 --- [    Test worker] o.s.b.t.m.w.SpringBootMockServletContext : Initializing Spring TestDispatcherServlet ''
2023-02-15 16:45:06.252  INFO 12074 --- [    Test worker] o.s.t.web.servlet.TestDispatcherServlet  : Initializing Servlet ''
2023-02-15 16:45:06.253  INFO 12074 --- [    Test worker] o.s.t.web.servlet.TestDispatcherServlet  : Completed initialization in 1 ms
2023-02-15 16:45:06.371  INFO 12074 --- [    Test worker] c.b.B.c.AuthControllerTest_SignIn        : Started AuthControllerTest_SignIn in 2.024 seconds (JVM running for 2.46)
2023-02-15 16:45:06.482 DEBUG 12074 --- [    Test worker] org.hibernate.SQL                        : 
    select
        member0_.id as id1_0_,
        member0_.created_time as created_2_0_,
        member0_.last_modified_time as last_mod3_0_,
        member0_.member_email as member_e4_0_,
        member0_.member_nickname as member_n5_0_,
        member0_.member_password as member_p6_0_,
        member0_.member_role as member_r7_0_,
        member0_.member_username as member_u8_0_ 
    from
        member member0_
2023-02-15 16:45:06.499 DEBUG 12074 --- [    Test worker] org.hibernate.SQL                        : 
    select
        member0_.id as id1_0_,
        member0_.created_time as created_2_0_,
        member0_.last_modified_time as last_mod3_0_,
        member0_.member_email as member_e4_0_,
        member0_.member_nickname as member_n5_0_,
        member0_.member_password as member_p6_0_,
        member0_.member_role as member_r7_0_,
        member0_.member_username as member_u8_0_ 
    from
        member member0_ 
    where
        member0_.member_username=?
2023-02-15 16:45:06.500 TRACE 12074 --- [    Test worker] o.h.type.descriptor.sql.BasicBinder      : binding parameter [1] as [VARCHAR] - [testUser]
2023-02-15 16:45:06.502 DEBUG 12074 --- [    Test worker] org.hibernate.SQL                        : 
    select
        member0_.id as id1_0_,
        member0_.created_time as created_2_0_,
        member0_.last_modified_time as last_mod3_0_,
        member0_.member_email as member_e4_0_,
        member0_.member_nickname as member_n5_0_,
        member0_.member_password as member_p6_0_,
        member0_.member_role as member_r7_0_,
        member0_.member_username as member_u8_0_ 
    from
        member member0_ 
    where
        member0_.member_nickname=?
2023-02-15 16:45:06.503 TRACE 12074 --- [    Test worker] o.h.type.descriptor.sql.BasicBinder      : binding parameter [1] as [VARCHAR] - [test]
2023-02-15 16:45:06.504 DEBUG 12074 --- [    Test worker] org.hibernate.SQL                        : 
    select
        member0_.id as id1_0_,
        member0_.created_time as created_2_0_,
        member0_.last_modified_time as last_mod3_0_,
        member0_.member_email as member_e4_0_,
        member0_.member_nickname as member_n5_0_,
        member0_.member_password as member_p6_0_,
        member0_.member_role as member_r7_0_,
        member0_.member_username as member_u8_0_ 
    from
        member member0_ 
    where
        member0_.member_email=?
2023-02-15 16:45:06.505 TRACE 12074 --- [    Test worker] o.h.type.descriptor.sql.BasicBinder      : binding parameter [1] as [VARCHAR] - [test@test.com]
2023-02-15 16:45:06.604 DEBUG 12074 --- [    Test worker] org.hibernate.SQL                        : 
    insert 
    into
        member
        (id, created_time, last_modified_time, member_email, member_nickname, member_password, member_role, member_username) 
    values
        (default, ?, ?, ?, ?, ?, ?, ?)
2023-02-15 16:45:06.605 TRACE 12074 --- [    Test worker] o.h.type.descriptor.sql.BasicBinder      : binding parameter [1] as [TIMESTAMP] - [2023-02-15T16:45:06.593047]
2023-02-15 16:45:06.605 TRACE 12074 --- [    Test worker] o.h.type.descriptor.sql.BasicBinder      : binding parameter [2] as [TIMESTAMP] - [2023-02-15T16:45:06.583315]
2023-02-15 16:45:06.605 TRACE 12074 --- [    Test worker] o.h.type.descriptor.sql.BasicBinder      : binding parameter [3] as [VARCHAR] - [test@test.com]
2023-02-15 16:45:06.605 TRACE 12074 --- [    Test worker] o.h.type.descriptor.sql.BasicBinder      : binding parameter [4] as [VARCHAR] - [test]
2023-02-15 16:45:06.605 TRACE 12074 --- [    Test worker] o.h.type.descriptor.sql.BasicBinder      : binding parameter [5] as [VARCHAR] - [$2a$10$67Z1f90DxYZHhAZFI54MFeHLXu7nYUy49z/8D8167HzkuspLyKcYG]
2023-02-15 16:45:06.605 TRACE 12074 --- [    Test worker] o.h.type.descriptor.sql.BasicBinder      : binding parameter [6] as [VARCHAR] - [USER]
2023-02-15 16:45:06.605 TRACE 12074 --- [    Test worker] o.h.type.descriptor.sql.BasicBinder      : binding parameter [7] as [VARCHAR] - [testUser]
2023-02-15 16:45:06.656 DEBUG 12074 --- [    Test worker] org.hibernate.SQL                        : 
    select
        member0_.id as id1_0_,
        member0_.created_time as created_2_0_,
        member0_.last_modified_time as last_mod3_0_,
        member0_.member_email as member_e4_0_,
        member0_.member_nickname as member_n5_0_,
        member0_.member_password as member_p6_0_,
        member0_.member_role as member_r7_0_,
        member0_.member_username as member_u8_0_ 
    from
        member member0_ 
    where
        member0_.member_username=?
2023-02-15 16:45:06.656 TRACE 12074 --- [    Test worker] o.h.type.descriptor.sql.BasicBinder      : binding parameter [1] as [VARCHAR] - [testUser]
2023-02-15 16:45:06.657 TRACE 12074 --- [    Test worker] o.h.type.descriptor.sql.BasicExtractor   : extracted value ([id1_0_] : [BIGINT]) - [1]
2023-02-15 16:45:06.658 TRACE 12074 --- [    Test worker] o.h.type.descriptor.sql.BasicExtractor   : extracted value ([created_2_0_] : [TIMESTAMP]) - [2023-02-15T16:45:06.593047]
2023-02-15 16:45:06.658 TRACE 12074 --- [    Test worker] o.h.type.descriptor.sql.BasicExtractor   : extracted value ([last_mod3_0_] : [TIMESTAMP]) - [2023-02-15T16:45:06.583315]
2023-02-15 16:45:06.658 TRACE 12074 --- [    Test worker] o.h.type.descriptor.sql.BasicExtractor   : extracted value ([member_e4_0_] : [VARCHAR]) - [test@test.com]
2023-02-15 16:45:06.658 TRACE 12074 --- [    Test worker] o.h.type.descriptor.sql.BasicExtractor   : extracted value ([member_n5_0_] : [VARCHAR]) - [test]
2023-02-15 16:45:06.658 TRACE 12074 --- [    Test worker] o.h.type.descriptor.sql.BasicExtractor   : extracted value ([member_p6_0_] : [VARCHAR]) - [$2a$10$67Z1f90DxYZHhAZFI54MFeHLXu7nYUy49z/8D8167HzkuspLyKcYG]
2023-02-15 16:45:06.658 TRACE 12074 --- [    Test worker] o.h.type.descriptor.sql.BasicExtractor   : extracted value ([member_r7_0_] : [VARCHAR]) - [USER]
2023-02-15 16:45:06.658 TRACE 12074 --- [    Test worker] o.h.type.descriptor.sql.BasicExtractor   : extracted value ([member_u8_0_] : [VARCHAR]) - [testUser]
2023-02-15 16:45:06.819 DEBUG 12074 --- [    Test worker] org.hibernate.SQL                        : 
    select
        member0_.id as id1_0_,
        member0_.created_time as created_2_0_,
        member0_.last_modified_time as last_mod3_0_,
        member0_.member_email as member_e4_0_,
        member0_.member_nickname as member_n5_0_,
        member0_.member_password as member_p6_0_,
        member0_.member_role as member_r7_0_,
        member0_.member_username as member_u8_0_ 
    from
        member member0_ 
    where
        member0_.member_username=?
2023-02-15 16:45:06.819 TRACE 12074 --- [    Test worker] o.h.type.descriptor.sql.BasicBinder      : binding parameter [1] as [VARCHAR] - [testUser]
2023-02-15 16:45:06.820 TRACE 12074 --- [    Test worker] o.h.type.descriptor.sql.BasicExtractor   : extracted value ([id1_0_] : [BIGINT]) - [1]
2023-02-15 16:45:06.930 DEBUG 12074 --- [    Test worker] org.hibernate.SQL                        : 
    select
        refreshtok0_.rt_key as rt_key1_1_0_,
        refreshtok0_.rt_value as rt_value2_1_0_ 
    from
        refresh_token refreshtok0_ 
    where
        refreshtok0_.rt_key=?
2023-02-15 16:45:06.931 TRACE 12074 --- [    Test worker] o.h.type.descriptor.sql.BasicBinder      : binding parameter [1] as [VARCHAR] - [testUser]
2023-02-15 16:45:06.936 DEBUG 12074 --- [    Test worker] org.hibernate.SQL                        : 
    insert 
    into
        refresh_token
        (rt_value, rt_key) 
    values
        (?, ?)
2023-02-15 16:45:06.936 TRACE 12074 --- [    Test worker] o.h.type.descriptor.sql.BasicBinder      : binding parameter [1] as [VARCHAR] - [eyJhbGciOiJIUzUxMiJ9.eyJleHAiOjE2NzcwNTE5MDZ9.hforPqcKbOcT7_xMWDIUMstRZGiw4y7ldGGNLeVI3y2clLXgQOZ8F1ytvUurMY_IZuo6aOAZXB8fME1T4vqOcw]
2023-02-15 16:45:06.936 TRACE 12074 --- [    Test worker] o.h.type.descriptor.sql.BasicBinder      : binding parameter [2] as [VARCHAR] - [testUser]

MockHttpServletRequest:
      HTTP Method = POST
      Request URI = /auth/sign_in
       Parameters = {}
          Headers = [Content-Type:"application/json;charset=UTF-8", Content-Length:"41"]
             Body = {"username":"testUser","password":"test"}
    Session Attrs = {}

Handler:
             Type = com.board.Board_Upgraded.controller.AuthController
           Method = com.board.Board_Upgraded.controller.AuthController#signIn(SignInRequestDto)

Async:
    Async started = false
     Async result = null

Resolved Exception:
             Type = null

ModelAndView:
        View name = null
             View = null
            Model = null

FlashMap:
       Attributes = null

MockHttpServletResponse:
           Status = 200
    Error message = null
          Headers = [Vary:"Origin", "Access-Control-Request-Method", "Access-Control-Request-Headers", Content-Type:"application/json"]
     Content type = application/json
             Body = {"success":true,"code":200,"result":{"data":{"accessToken":"eyJhbGciOiJIUzUxMiJ9.eyJzdWIiOiJ0ZXN0VXNlciIsImF1dGgiOiJVU0VSIiwiZXhwIjoxNjc2NTMzNTA2fQ.kMm8nOycR5vA6dBSrH37ZxDdVcvuL-7RkVixgFcnRLp7kIAporYusCiHlhsjrL6_aKxYy4HI5h7YVk88hErF_w","refreshToken":"eyJhbGciOiJIUzUxMiJ9.eyJleHAiOjE2NzcwNTE5MDZ9.hforPqcKbOcT7_xMWDIUMstRZGiw4y7ldGGNLeVI3y2clLXgQOZ8F1ytvUurMY_IZuo6aOAZXB8fME1T4vqOcw"}}}
    Forwarded URL = null
   Redirected URL = null
          Cookies = []
]]></system-out>
  <system-err><![CDATA[]]></system-err>
</testsuite>
