<?xml version="1.0" encoding="UTF-8"?>
<testsuite name="com.board.Board_Upgraded.controller.member.EditTest" tests="1" skipped="0" failures="0" errors="0" timestamp="2023-02-18T08:03:48" hostname="ijanghuiui-MacBookPro.local" time="0.681">
  <properties/>
  <testcase name="비밀번호가 서로 다를 경우 400에러와 예외를 반환하며 비밀번호는 바뀌지 않는다." classname="com.board.Board_Upgraded.controller.member.EditTest" time="0.681"/>
  <system-out><![CDATA[17:03:46.443 [Test worker] DEBUG org.springframework.test.context.BootstrapUtils - Instantiating CacheAwareContextLoaderDelegate from class [org.springframework.test.context.cache.DefaultCacheAwareContextLoaderDelegate]
17:03:46.447 [Test worker] DEBUG org.springframework.test.context.BootstrapUtils - Instantiating BootstrapContext using constructor [public org.springframework.test.context.support.DefaultBootstrapContext(java.lang.Class,org.springframework.test.context.CacheAwareContextLoaderDelegate)]
17:03:46.461 [Test worker] DEBUG org.springframework.test.context.BootstrapUtils - Instantiating TestContextBootstrapper for test class [com.board.Board_Upgraded.controller.member.EditTest] from class [org.springframework.boot.test.context.SpringBootTestContextBootstrapper]
17:03:46.466 [Test worker] INFO org.springframework.boot.test.context.SpringBootTestContextBootstrapper - Neither @ContextConfiguration nor @ContextHierarchy found for test class [com.board.Board_Upgraded.controller.member.EditTest], using SpringBootContextLoader
17:03:46.468 [Test worker] DEBUG org.springframework.test.context.support.AbstractContextLoader - Did not detect default resource location for test class [com.board.Board_Upgraded.controller.member.EditTest]: class path resource [com/board/Board_Upgraded/controller/member/EditTest-context.xml] does not exist
17:03:46.468 [Test worker] DEBUG org.springframework.test.context.support.AbstractContextLoader - Did not detect default resource location for test class [com.board.Board_Upgraded.controller.member.EditTest]: class path resource [com/board/Board_Upgraded/controller/member/EditTestContext.groovy] does not exist
17:03:46.468 [Test worker] INFO org.springframework.test.context.support.AbstractContextLoader - Could not detect default resource locations for test class [com.board.Board_Upgraded.controller.member.EditTest]: no resource found for suffixes {-context.xml, Context.groovy}.
17:03:46.469 [Test worker] INFO org.springframework.test.context.support.AnnotationConfigContextLoaderUtils - Could not detect default configuration classes for test class [com.board.Board_Upgraded.controller.member.EditTest]: EditTest does not declare any static, non-private, non-final, nested classes annotated with @Configuration.
17:03:46.491 [Test worker] DEBUG org.springframework.test.context.support.ActiveProfilesUtils - Could not find an 'annotation declaring class' for annotation type [org.springframework.test.context.ActiveProfiles] and class [com.board.Board_Upgraded.controller.member.EditTest]
17:03:46.526 [Test worker] DEBUG org.springframework.context.annotation.ClassPathScanningCandidateComponentProvider - Identified candidate component class: file [/Users/leeeehgnaj/Desktop/Coding/Board_Upgraded/build/classes/java/main/com/board/Board_Upgraded/BoardUpgradedApplication.class]
17:03:46.528 [Test worker] INFO org.springframework.boot.test.context.SpringBootTestContextBootstrapper - Found @SpringBootConfiguration com.board.Board_Upgraded.BoardUpgradedApplication for test class com.board.Board_Upgraded.controller.member.EditTest
17:03:46.563 [Test worker] DEBUG org.springframework.boot.test.context.SpringBootTestContextBootstrapper - @TestExecutionListeners is not present for class [com.board.Board_Upgraded.controller.member.EditTest]: using defaults.
17:03:46.564 [Test worker] INFO org.springframework.boot.test.context.SpringBootTestContextBootstrapper - Loaded default TestExecutionListener class names from location [META-INF/spring.factories]: [org.springframework.security.test.context.support.WithSecurityContextTestExecutionListener, org.springframework.security.test.context.support.ReactorContextTestExecutionListener, org.springframework.boot.test.autoconfigure.restdocs.RestDocsTestExecutionListener, org.springframework.boot.test.autoconfigure.web.client.MockRestServiceServerResetTestExecutionListener, org.springframework.boot.test.autoconfigure.web.servlet.MockMvcPrintOnlyOnFailureTestExecutionListener, org.springframework.boot.test.autoconfigure.web.servlet.WebDriverTestExecutionListener, org.springframework.boot.test.autoconfigure.webservices.client.MockWebServiceServerTestExecutionListener, org.springframework.boot.test.mock.mockito.MockitoTestExecutionListener, org.springframework.boot.test.mock.mockito.ResetMocksTestExecutionListener, org.springframework.test.context.web.ServletTestExecutionListener, org.springframework.test.context.support.DirtiesContextBeforeModesTestExecutionListener, org.springframework.test.context.event.ApplicationEventsTestExecutionListener, org.springframework.test.context.support.DependencyInjectionTestExecutionListener, org.springframework.test.context.support.DirtiesContextTestExecutionListener, org.springframework.test.context.transaction.TransactionalTestExecutionListener, org.springframework.test.context.jdbc.SqlScriptsTestExecutionListener, org.springframework.test.context.event.EventPublishingTestExecutionListener]
17:03:46.570 [Test worker] INFO org.springframework.boot.test.context.SpringBootTestContextBootstrapper - Using TestExecutionListeners: [org.springframework.test.context.web.ServletTestExecutionListener@132ddbab, org.springframework.test.context.support.DirtiesContextBeforeModesTestExecutionListener@297ea53a, org.springframework.test.context.event.ApplicationEventsTestExecutionListener@acb0951, org.springframework.boot.test.mock.mockito.MockitoTestExecutionListener@5bf22f18, org.springframework.boot.test.autoconfigure.SpringBootDependencyInjectionTestExecutionListener@267f474e, org.springframework.test.context.support.DirtiesContextTestExecutionListener@7a7471ce, org.springframework.test.context.transaction.TransactionalTestExecutionListener@28276e50, org.springframework.test.context.jdbc.SqlScriptsTestExecutionListener@62e70ea3, org.springframework.security.test.context.support.WithSecurityContextTestExecutionListener@3efe7086, org.springframework.test.context.event.EventPublishingTestExecutionListener@675d8c96, org.springframework.security.test.context.support.ReactorContextTestExecutionListener@741b3bc3, org.springframework.boot.test.autoconfigure.restdocs.RestDocsTestExecutionListener@2ed3b1f5, org.springframework.boot.test.autoconfigure.web.client.MockRestServiceServerResetTestExecutionListener@63648ee9, org.springframework.boot.test.autoconfigure.web.servlet.MockMvcPrintOnlyOnFailureTestExecutionListener@68d6972f, org.springframework.boot.test.autoconfigure.web.servlet.WebDriverTestExecutionListener@45be7cd5, org.springframework.boot.test.autoconfigure.webservices.client.MockWebServiceServerTestExecutionListener@7651218e, org.springframework.boot.test.mock.mockito.ResetMocksTestExecutionListener@3185fa6b]
17:03:46.571 [Test worker] DEBUG org.springframework.test.context.support.AbstractDirtiesContextTestExecutionListener - Before test class: context [DefaultTestContext@319988b0 testClass = EditTest, testInstance = [null], testMethod = [null], testException = [null], mergedContextConfiguration = [WebMergedContextConfiguration@d5ae57e testClass = EditTest, locations = '{}', classes = '{class com.board.Board_Upgraded.BoardUpgradedApplication}', contextInitializerClasses = '[]', activeProfiles = '{}', propertySourceLocations = '{}', propertySourceProperties = '{org.springframework.boot.test.context.SpringBootTestContextBootstrapper=true}', contextCustomizers = set[org.springframework.boot.test.autoconfigure.actuate.metrics.MetricsExportContextCustomizerFactory$DisableMetricExportContextCustomizer@61fe30, org.springframework.boot.test.autoconfigure.properties.PropertyMappingContextCustomizer@4b3fa0b3, org.springframework.boot.test.autoconfigure.web.servlet.WebDriverContextCustomizerFactory$Customizer@39de3d36, [ImportsContextCustomizer@68759011 key = [org.springframework.boot.test.autoconfigure.web.servlet.MockMvcAutoConfiguration, org.springframework.boot.test.autoconfigure.web.servlet.MockMvcWebClientAutoConfiguration, org.springframework.boot.test.autoconfigure.web.servlet.MockMvcWebDriverAutoConfiguration, org.springframework.boot.autoconfigure.security.oauth2.client.servlet.OAuth2ClientAutoConfiguration, org.springframework.boot.autoconfigure.security.oauth2.resource.servlet.OAuth2ResourceServerAutoConfiguration, org.springframework.boot.autoconfigure.security.servlet.SecurityAutoConfiguration, org.springframework.boot.autoconfigure.security.servlet.SecurityFilterAutoConfiguration, org.springframework.boot.autoconfigure.security.servlet.UserDetailsServiceAutoConfiguration, org.springframework.boot.test.autoconfigure.web.servlet.MockMvcSecurityConfiguration, org.springframework.boot.test.autoconfigure.web.reactive.WebTestClientAutoConfiguration]], org.springframework.boot.test.context.filter.ExcludeFilterContextCustomizer@27d4a09, org.springframework.boot.test.json.DuplicateJsonObjectContextCustomizerFactory$DuplicateJsonObjectContextCustomizer@72437d8d, org.springframework.boot.test.mock.mockito.MockitoContextCustomizer@0, org.springframework.boot.test.web.client.TestRestTemplateContextCustomizer@68b32e3e, org.springframework.boot.test.context.SpringBootTestArgs@1, org.springframework.boot.test.context.SpringBootTestWebEnvironment@32910148], resourceBasePath = 'src/main/webapp', contextLoader = 'org.springframework.boot.test.context.SpringBootContextLoader', parent = [null]], attributes = map['org.springframework.test.context.web.ServletTestExecutionListener.activateListener' -> true]], class annotated with @DirtiesContext [false] with mode [null].

  .   ____          _            __ _ _
 /\\ / ___'_ __ _ _(_)_ __  __ _ \ \ \ \
( ( )\___ | '_ | '_| | '_ \/ _` | \ \ \ \
 \\/  ___)| |_)| | | | | || (_| |  ) ) ) )
  '  |____| .__|_| |_|_| |_\__, | / / / /
 =========|_|==============|___/=/_/_/_/
 :: Spring Boot ::                (v2.7.0)

2023-02-18 17:03:46.716  INFO 32530 --- [    Test worker] c.b.B.controller.member.EditTest         : Starting EditTest using Java 17.0.2 on ijanghuiui-MacBookPro.local with PID 32530 (started by leeeehgnaj in /Users/leeeehgnaj/Desktop/Coding/Board_Upgraded)
2023-02-18 17:03:46.716  INFO 32530 --- [    Test worker] c.b.B.controller.member.EditTest         : The following 1 profile is active: "local"
2023-02-18 17:03:47.091  INFO 32530 --- [    Test worker] .s.d.r.c.RepositoryConfigurationDelegate : Bootstrapping Spring Data JPA repositories in DEFAULT mode.
2023-02-18 17:03:47.117  INFO 32530 --- [    Test worker] .s.d.r.c.RepositoryConfigurationDelegate : Finished Spring Data repository scanning in 23 ms. Found 2 JPA repository interfaces.
2023-02-18 17:03:47.384  INFO 32530 --- [    Test worker] o.hibernate.jpa.internal.util.LogHelper  : HHH000204: Processing PersistenceUnitInfo [name: default]
2023-02-18 17:03:47.401  INFO 32530 --- [    Test worker] org.hibernate.Version                    : HHH000412: Hibernate ORM core version 5.6.9.Final
2023-02-18 17:03:47.471  INFO 32530 --- [    Test worker] o.hibernate.annotations.common.Version   : HCANN000001: Hibernate Commons Annotations {5.1.2.Final}
2023-02-18 17:03:47.482 DEBUG 32530 --- [    Test worker] org.hibernate.type.BasicTypeRegistry     : Adding type registration boolean -> org.hibernate.type.BooleanType@4b5798c2
2023-02-18 17:03:47.482 DEBUG 32530 --- [    Test worker] org.hibernate.type.BasicTypeRegistry     : Adding type registration boolean -> org.hibernate.type.BooleanType@4b5798c2
2023-02-18 17:03:47.482 DEBUG 32530 --- [    Test worker] org.hibernate.type.BasicTypeRegistry     : Adding type registration java.lang.Boolean -> org.hibernate.type.BooleanType@4b5798c2
2023-02-18 17:03:47.482 DEBUG 32530 --- [    Test worker] org.hibernate.type.BasicTypeRegistry     : Adding type registration numeric_boolean -> org.hibernate.type.NumericBooleanType@44aed6a4
2023-02-18 17:03:47.482 DEBUG 32530 --- [    Test worker] org.hibernate.type.BasicTypeRegistry     : Adding type registration true_false -> org.hibernate.type.TrueFalseType@1bfa3893
2023-02-18 17:03:47.482 DEBUG 32530 --- [    Test worker] org.hibernate.type.BasicTypeRegistry     : Adding type registration yes_no -> org.hibernate.type.YesNoType@4070ace9
2023-02-18 17:03:47.483 DEBUG 32530 --- [    Test worker] org.hibernate.type.BasicTypeRegistry     : Adding type registration byte -> org.hibernate.type.ByteType@75cacb3e
2023-02-18 17:03:47.483 DEBUG 32530 --- [    Test worker] org.hibernate.type.BasicTypeRegistry     : Adding type registration byte -> org.hibernate.type.ByteType@75cacb3e
2023-02-18 17:03:47.483 DEBUG 32530 --- [    Test worker] org.hibernate.type.BasicTypeRegistry     : Adding type registration java.lang.Byte -> org.hibernate.type.ByteType@75cacb3e
2023-02-18 17:03:47.483 DEBUG 32530 --- [    Test worker] org.hibernate.type.BasicTypeRegistry     : Adding type registration character -> org.hibernate.type.CharacterType@37e55819
2023-02-18 17:03:47.483 DEBUG 32530 --- [    Test worker] org.hibernate.type.BasicTypeRegistry     : Adding type registration char -> org.hibernate.type.CharacterType@37e55819
2023-02-18 17:03:47.483 DEBUG 32530 --- [    Test worker] org.hibernate.type.BasicTypeRegistry     : Adding type registration java.lang.Character -> org.hibernate.type.CharacterType@37e55819
2023-02-18 17:03:47.484 DEBUG 32530 --- [    Test worker] org.hibernate.type.BasicTypeRegistry     : Adding type registration short -> org.hibernate.type.ShortType@58f7215c
2023-02-18 17:03:47.484 DEBUG 32530 --- [    Test worker] org.hibernate.type.BasicTypeRegistry     : Adding type registration short -> org.hibernate.type.ShortType@58f7215c
2023-02-18 17:03:47.484 DEBUG 32530 --- [    Test worker] org.hibernate.type.BasicTypeRegistry     : Adding type registration java.lang.Short -> org.hibernate.type.ShortType@58f7215c
2023-02-18 17:03:47.484 DEBUG 32530 --- [    Test worker] org.hibernate.type.BasicTypeRegistry     : Adding type registration integer -> org.hibernate.type.IntegerType@377dbc50
2023-02-18 17:03:47.484 DEBUG 32530 --- [    Test worker] org.hibernate.type.BasicTypeRegistry     : Adding type registration int -> org.hibernate.type.IntegerType@377dbc50
2023-02-18 17:03:47.484 DEBUG 32530 --- [    Test worker] org.hibernate.type.BasicTypeRegistry     : Adding type registration java.lang.Integer -> org.hibernate.type.IntegerType@377dbc50
2023-02-18 17:03:47.484 DEBUG 32530 --- [    Test worker] org.hibernate.type.BasicTypeRegistry     : Adding type registration long -> org.hibernate.type.LongType@31f7eb8
2023-02-18 17:03:47.484 DEBUG 32530 --- [    Test worker] org.hibernate.type.BasicTypeRegistry     : Adding type registration long -> org.hibernate.type.LongType@31f7eb8
2023-02-18 17:03:47.484 DEBUG 32530 --- [    Test worker] org.hibernate.type.BasicTypeRegistry     : Adding type registration java.lang.Long -> org.hibernate.type.LongType@31f7eb8
2023-02-18 17:03:47.485 DEBUG 32530 --- [    Test worker] org.hibernate.type.BasicTypeRegistry     : Adding type registration float -> org.hibernate.type.FloatType@6f8ac8d5
2023-02-18 17:03:47.485 DEBUG 32530 --- [    Test worker] org.hibernate.type.BasicTypeRegistry     : Adding type registration float -> org.hibernate.type.FloatType@6f8ac8d5
2023-02-18 17:03:47.485 DEBUG 32530 --- [    Test worker] org.hibernate.type.BasicTypeRegistry     : Adding type registration java.lang.Float -> org.hibernate.type.FloatType@6f8ac8d5
2023-02-18 17:03:47.485 DEBUG 32530 --- [    Test worker] org.hibernate.type.BasicTypeRegistry     : Adding type registration double -> org.hibernate.type.DoubleType@4bbf20d1
2023-02-18 17:03:47.485 DEBUG 32530 --- [    Test worker] org.hibernate.type.BasicTypeRegistry     : Adding type registration double -> org.hibernate.type.DoubleType@4bbf20d1
2023-02-18 17:03:47.485 DEBUG 32530 --- [    Test worker] org.hibernate.type.BasicTypeRegistry     : Adding type registration java.lang.Double -> org.hibernate.type.DoubleType@4bbf20d1
2023-02-18 17:03:47.485 DEBUG 32530 --- [    Test worker] org.hibernate.type.BasicTypeRegistry     : Adding type registration big_decimal -> org.hibernate.type.BigDecimalType@17d76ebb
2023-02-18 17:03:47.485 DEBUG 32530 --- [    Test worker] org.hibernate.type.BasicTypeRegistry     : Adding type registration java.math.BigDecimal -> org.hibernate.type.BigDecimalType@17d76ebb
2023-02-18 17:03:47.486 DEBUG 32530 --- [    Test worker] org.hibernate.type.BasicTypeRegistry     : Adding type registration big_integer -> org.hibernate.type.BigIntegerType@3b30eec5
2023-02-18 17:03:47.486 DEBUG 32530 --- [    Test worker] org.hibernate.type.BasicTypeRegistry     : Adding type registration java.math.BigInteger -> org.hibernate.type.BigIntegerType@3b30eec5
2023-02-18 17:03:47.486 DEBUG 32530 --- [    Test worker] org.hibernate.type.BasicTypeRegistry     : Adding type registration string -> org.hibernate.type.StringType@7bc2bb58
2023-02-18 17:03:47.486 DEBUG 32530 --- [    Test worker] org.hibernate.type.BasicTypeRegistry     : Adding type registration java.lang.String -> org.hibernate.type.StringType@7bc2bb58
2023-02-18 17:03:47.486 DEBUG 32530 --- [    Test worker] org.hibernate.type.BasicTypeRegistry     : Adding type registration nstring -> org.hibernate.type.StringNVarcharType@7c5c20ed
2023-02-18 17:03:47.486 DEBUG 32530 --- [    Test worker] org.hibernate.type.BasicTypeRegistry     : Adding type registration ncharacter -> org.hibernate.type.CharacterNCharType@778c2e7c
2023-02-18 17:03:47.487 DEBUG 32530 --- [    Test worker] org.hibernate.type.BasicTypeRegistry     : Adding type registration url -> org.hibernate.type.UrlType@702096ef
2023-02-18 17:03:47.487 DEBUG 32530 --- [    Test worker] org.hibernate.type.BasicTypeRegistry     : Adding type registration java.net.URL -> org.hibernate.type.UrlType@702096ef
2023-02-18 17:03:47.487 DEBUG 32530 --- [    Test worker] org.hibernate.type.BasicTypeRegistry     : Adding type registration Duration -> org.hibernate.type.DurationType@6501b105
2023-02-18 17:03:47.487 DEBUG 32530 --- [    Test worker] org.hibernate.type.BasicTypeRegistry     : Adding type registration java.time.Duration -> org.hibernate.type.DurationType@6501b105
2023-02-18 17:03:47.487 DEBUG 32530 --- [    Test worker] org.hibernate.type.BasicTypeRegistry     : Adding type registration Instant -> org.hibernate.type.InstantType@52433946
2023-02-18 17:03:47.487 DEBUG 32530 --- [    Test worker] org.hibernate.type.BasicTypeRegistry     : Adding type registration java.time.Instant -> org.hibernate.type.InstantType@52433946
2023-02-18 17:03:47.488 DEBUG 32530 --- [    Test worker] org.hibernate.type.BasicTypeRegistry     : Adding type registration LocalDateTime -> org.hibernate.type.LocalDateTimeType@10745a02
2023-02-18 17:03:47.488 DEBUG 32530 --- [    Test worker] org.hibernate.type.BasicTypeRegistry     : Adding type registration java.time.LocalDateTime -> org.hibernate.type.LocalDateTimeType@10745a02
2023-02-18 17:03:47.488 DEBUG 32530 --- [    Test worker] org.hibernate.type.BasicTypeRegistry     : Adding type registration LocalDate -> org.hibernate.type.LocalDateType@23469199
2023-02-18 17:03:47.488 DEBUG 32530 --- [    Test worker] org.hibernate.type.BasicTypeRegistry     : Adding type registration java.time.LocalDate -> org.hibernate.type.LocalDateType@23469199
2023-02-18 17:03:47.488 DEBUG 32530 --- [    Test worker] org.hibernate.type.BasicTypeRegistry     : Adding type registration LocalTime -> org.hibernate.type.LocalTimeType@3355168
2023-02-18 17:03:47.488 DEBUG 32530 --- [    Test worker] org.hibernate.type.BasicTypeRegistry     : Adding type registration java.time.LocalTime -> org.hibernate.type.LocalTimeType@3355168
2023-02-18 17:03:47.489 DEBUG 32530 --- [    Test worker] org.hibernate.type.BasicTypeRegistry     : Adding type registration OffsetDateTime -> org.hibernate.type.OffsetDateTimeType@15f861ee
2023-02-18 17:03:47.489 DEBUG 32530 --- [    Test worker] org.hibernate.type.BasicTypeRegistry     : Adding type registration java.time.OffsetDateTime -> org.hibernate.type.OffsetDateTimeType@15f861ee
2023-02-18 17:03:47.489 DEBUG 32530 --- [    Test worker] org.hibernate.type.BasicTypeRegistry     : Adding type registration OffsetTime -> org.hibernate.type.OffsetTimeType@405d8a80
2023-02-18 17:03:47.489 DEBUG 32530 --- [    Test worker] org.hibernate.type.BasicTypeRegistry     : Adding type registration java.time.OffsetTime -> org.hibernate.type.OffsetTimeType@405d8a80
2023-02-18 17:03:47.489 DEBUG 32530 --- [    Test worker] org.hibernate.type.BasicTypeRegistry     : Adding type registration ZonedDateTime -> org.hibernate.type.ZonedDateTimeType@416b1265
2023-02-18 17:03:47.489 DEBUG 32530 --- [    Test worker] org.hibernate.type.BasicTypeRegistry     : Adding type registration java.time.ZonedDateTime -> org.hibernate.type.ZonedDateTimeType@416b1265
2023-02-18 17:03:47.490 DEBUG 32530 --- [    Test worker] org.hibernate.type.BasicTypeRegistry     : Adding type registration date -> org.hibernate.type.DateType@55071497
2023-02-18 17:03:47.490 DEBUG 32530 --- [    Test worker] org.hibernate.type.BasicTypeRegistry     : Adding type registration java.sql.Date -> org.hibernate.type.DateType@55071497
2023-02-18 17:03:47.490 DEBUG 32530 --- [    Test worker] org.hibernate.type.BasicTypeRegistry     : Adding type registration time -> org.hibernate.type.TimeType@1d1cfe4
2023-02-18 17:03:47.490 DEBUG 32530 --- [    Test worker] org.hibernate.type.BasicTypeRegistry     : Adding type registration java.sql.Time -> org.hibernate.type.TimeType@1d1cfe4
2023-02-18 17:03:47.491 DEBUG 32530 --- [    Test worker] org.hibernate.type.BasicTypeRegistry     : Adding type registration timestamp -> org.hibernate.type.TimestampType@34cb0e49
2023-02-18 17:03:47.491 DEBUG 32530 --- [    Test worker] org.hibernate.type.BasicTypeRegistry     : Adding type registration java.sql.Timestamp -> org.hibernate.type.TimestampType@34cb0e49
2023-02-18 17:03:47.491 DEBUG 32530 --- [    Test worker] org.hibernate.type.BasicTypeRegistry     : Adding type registration java.util.Date -> org.hibernate.type.TimestampType@34cb0e49
2023-02-18 17:03:47.492 DEBUG 32530 --- [    Test worker] org.hibernate.type.BasicTypeRegistry     : Adding type registration dbtimestamp -> org.hibernate.type.DbTimestampType@3f6f9cef
2023-02-18 17:03:47.492 DEBUG 32530 --- [    Test worker] org.hibernate.type.BasicTypeRegistry     : Adding type registration calendar -> org.hibernate.type.CalendarType@14656be5
2023-02-18 17:03:47.492 DEBUG 32530 --- [    Test worker] org.hibernate.type.BasicTypeRegistry     : Adding type registration java.util.Calendar -> org.hibernate.type.CalendarType@14656be5
2023-02-18 17:03:47.492 DEBUG 32530 --- [    Test worker] org.hibernate.type.BasicTypeRegistry     : Adding type registration java.util.GregorianCalendar -> org.hibernate.type.CalendarType@14656be5
2023-02-18 17:03:47.492 DEBUG 32530 --- [    Test worker] org.hibernate.type.BasicTypeRegistry     : Adding type registration calendar_date -> org.hibernate.type.CalendarDateType@38e00b47
2023-02-18 17:03:47.492 DEBUG 32530 --- [    Test worker] org.hibernate.type.BasicTypeRegistry     : Adding type registration calendar_time -> org.hibernate.type.CalendarTimeType@769b0752
2023-02-18 17:03:47.493 DEBUG 32530 --- [    Test worker] org.hibernate.type.BasicTypeRegistry     : Adding type registration locale -> org.hibernate.type.LocaleType@6e364f1f
2023-02-18 17:03:47.493 DEBUG 32530 --- [    Test worker] org.hibernate.type.BasicTypeRegistry     : Adding type registration java.util.Locale -> org.hibernate.type.LocaleType@6e364f1f
2023-02-18 17:03:47.493 DEBUG 32530 --- [    Test worker] org.hibernate.type.BasicTypeRegistry     : Adding type registration currency -> org.hibernate.type.CurrencyType@280484c7
2023-02-18 17:03:47.493 DEBUG 32530 --- [    Test worker] org.hibernate.type.BasicTypeRegistry     : Adding type registration java.util.Currency -> org.hibernate.type.CurrencyType@280484c7
2023-02-18 17:03:47.493 DEBUG 32530 --- [    Test worker] org.hibernate.type.BasicTypeRegistry     : Adding type registration timezone -> org.hibernate.type.TimeZoneType@4fa8bebb
2023-02-18 17:03:47.493 DEBUG 32530 --- [    Test worker] org.hibernate.type.BasicTypeRegistry     : Adding type registration java.util.TimeZone -> org.hibernate.type.TimeZoneType@4fa8bebb
2023-02-18 17:03:47.494 DEBUG 32530 --- [    Test worker] org.hibernate.type.BasicTypeRegistry     : Adding type registration class -> org.hibernate.type.ClassType@a4df251
2023-02-18 17:03:47.494 DEBUG 32530 --- [    Test worker] org.hibernate.type.BasicTypeRegistry     : Adding type registration java.lang.Class -> org.hibernate.type.ClassType@a4df251
2023-02-18 17:03:47.494 DEBUG 32530 --- [    Test worker] org.hibernate.type.BasicTypeRegistry     : Adding type registration uuid-binary -> org.hibernate.type.UUIDBinaryType@16391278
2023-02-18 17:03:47.494 DEBUG 32530 --- [    Test worker] org.hibernate.type.BasicTypeRegistry     : Adding type registration java.util.UUID -> org.hibernate.type.UUIDBinaryType@16391278
2023-02-18 17:03:47.494 DEBUG 32530 --- [    Test worker] org.hibernate.type.BasicTypeRegistry     : Adding type registration uuid-char -> org.hibernate.type.UUIDCharType@34cf0e80
2023-02-18 17:03:47.495 DEBUG 32530 --- [    Test worker] org.hibernate.type.BasicTypeRegistry     : Adding type registration binary -> org.hibernate.type.BinaryType@27db45f
2023-02-18 17:03:47.495 DEBUG 32530 --- [    Test worker] org.hibernate.type.BasicTypeRegistry     : Adding type registration byte[] -> org.hibernate.type.BinaryType@27db45f
2023-02-18 17:03:47.495 DEBUG 32530 --- [    Test worker] org.hibernate.type.BasicTypeRegistry     : Adding type registration [B -> org.hibernate.type.BinaryType@27db45f
2023-02-18 17:03:47.495 DEBUG 32530 --- [    Test worker] org.hibernate.type.BasicTypeRegistry     : Adding type registration wrapper-binary -> org.hibernate.type.WrapperBinaryType@1ed9d173
2023-02-18 17:03:47.495 DEBUG 32530 --- [    Test worker] org.hibernate.type.BasicTypeRegistry     : Adding type registration Byte[] -> org.hibernate.type.WrapperBinaryType@1ed9d173
2023-02-18 17:03:47.495 DEBUG 32530 --- [    Test worker] org.hibernate.type.BasicTypeRegistry     : Adding type registration [Ljava.lang.Byte; -> org.hibernate.type.WrapperBinaryType@1ed9d173
2023-02-18 17:03:47.496 DEBUG 32530 --- [    Test worker] org.hibernate.type.BasicTypeRegistry     : Adding type registration row_version -> org.hibernate.type.RowVersionType@1760e594
2023-02-18 17:03:47.496 DEBUG 32530 --- [    Test worker] org.hibernate.type.BasicTypeRegistry     : Adding type registration image -> org.hibernate.type.ImageType@146f3d22
2023-02-18 17:03:47.496 DEBUG 32530 --- [    Test worker] org.hibernate.type.BasicTypeRegistry     : Adding type registration characters -> org.hibernate.type.CharArrayType@15e5246
2023-02-18 17:03:47.496 DEBUG 32530 --- [    Test worker] org.hibernate.type.BasicTypeRegistry     : Adding type registration char[] -> org.hibernate.type.CharArrayType@15e5246
2023-02-18 17:03:47.497 DEBUG 32530 --- [    Test worker] org.hibernate.type.BasicTypeRegistry     : Adding type registration [C -> org.hibernate.type.CharArrayType@15e5246
2023-02-18 17:03:47.497 DEBUG 32530 --- [    Test worker] org.hibernate.type.BasicTypeRegistry     : Adding type registration wrapper-characters -> org.hibernate.type.CharacterArrayType@14590fe2
2023-02-18 17:03:47.497 DEBUG 32530 --- [    Test worker] org.hibernate.type.BasicTypeRegistry     : Adding type registration [Ljava.lang.Character; -> org.hibernate.type.CharacterArrayType@14590fe2
2023-02-18 17:03:47.497 DEBUG 32530 --- [    Test worker] org.hibernate.type.BasicTypeRegistry     : Adding type registration Character[] -> org.hibernate.type.CharacterArrayType@14590fe2
2023-02-18 17:03:47.497 DEBUG 32530 --- [    Test worker] org.hibernate.type.BasicTypeRegistry     : Adding type registration text -> org.hibernate.type.TextType@2c3f43d1
2023-02-18 17:03:47.497 DEBUG 32530 --- [    Test worker] org.hibernate.type.BasicTypeRegistry     : Adding type registration ntext -> org.hibernate.type.NTextType@2d801d8
2023-02-18 17:03:47.498 DEBUG 32530 --- [    Test worker] org.hibernate.type.BasicTypeRegistry     : Adding type registration blob -> org.hibernate.type.BlobType@6a1d1467
2023-02-18 17:03:47.498 DEBUG 32530 --- [    Test worker] org.hibernate.type.BasicTypeRegistry     : Adding type registration java.sql.Blob -> org.hibernate.type.BlobType@6a1d1467
2023-02-18 17:03:47.498 DEBUG 32530 --- [    Test worker] org.hibernate.type.BasicTypeRegistry     : Adding type registration materialized_blob -> org.hibernate.type.MaterializedBlobType@72f3f14c
2023-02-18 17:03:47.499 DEBUG 32530 --- [    Test worker] org.hibernate.type.BasicTypeRegistry     : Adding type registration clob -> org.hibernate.type.ClobType@5cbe95b1
2023-02-18 17:03:47.499 DEBUG 32530 --- [    Test worker] org.hibernate.type.BasicTypeRegistry     : Adding type registration java.sql.Clob -> org.hibernate.type.ClobType@5cbe95b1
2023-02-18 17:03:47.499 DEBUG 32530 --- [    Test worker] org.hibernate.type.BasicTypeRegistry     : Adding type registration nclob -> org.hibernate.type.NClobType@15f519f7
2023-02-18 17:03:47.499 DEBUG 32530 --- [    Test worker] org.hibernate.type.BasicTypeRegistry     : Adding type registration java.sql.NClob -> org.hibernate.type.NClobType@15f519f7
2023-02-18 17:03:47.500 DEBUG 32530 --- [    Test worker] org.hibernate.type.BasicTypeRegistry     : Adding type registration materialized_clob -> org.hibernate.type.MaterializedClobType@2c2a903f
2023-02-18 17:03:47.500 DEBUG 32530 --- [    Test worker] org.hibernate.type.BasicTypeRegistry     : Adding type registration materialized_nclob -> org.hibernate.type.MaterializedNClobType@6181bc4a
2023-02-18 17:03:47.500 DEBUG 32530 --- [    Test worker] org.hibernate.type.BasicTypeRegistry     : Adding type registration serializable -> org.hibernate.type.SerializableType@370a8b6e
2023-02-18 17:03:47.501 DEBUG 32530 --- [    Test worker] org.hibernate.type.BasicTypeRegistry     : Adding type registration object -> org.hibernate.type.ObjectType@31b6b0c7
2023-02-18 17:03:47.501 DEBUG 32530 --- [    Test worker] org.hibernate.type.BasicTypeRegistry     : Adding type registration java.lang.Object -> org.hibernate.type.ObjectType@31b6b0c7
2023-02-18 17:03:47.501 DEBUG 32530 --- [    Test worker] org.hibernate.type.BasicTypeRegistry     : Adding type registration imm_date -> org.hibernate.type.AdaptedImmutableType@12f8682a
2023-02-18 17:03:47.501 DEBUG 32530 --- [    Test worker] org.hibernate.type.BasicTypeRegistry     : Adding type registration imm_time -> org.hibernate.type.AdaptedImmutableType@6f7a20da
2023-02-18 17:03:47.502 DEBUG 32530 --- [    Test worker] org.hibernate.type.BasicTypeRegistry     : Adding type registration imm_timestamp -> org.hibernate.type.AdaptedImmutableType@7752c0e7
2023-02-18 17:03:47.502 DEBUG 32530 --- [    Test worker] org.hibernate.type.BasicTypeRegistry     : Adding type registration imm_dbtimestamp -> org.hibernate.type.AdaptedImmutableType@77ba583
2023-02-18 17:03:47.502 DEBUG 32530 --- [    Test worker] org.hibernate.type.BasicTypeRegistry     : Adding type registration imm_calendar -> org.hibernate.type.AdaptedImmutableType@5613247e
2023-02-18 17:03:47.502 DEBUG 32530 --- [    Test worker] org.hibernate.type.BasicTypeRegistry     : Adding type registration imm_calendar_date -> org.hibernate.type.AdaptedImmutableType@6851b296
2023-02-18 17:03:47.502 DEBUG 32530 --- [    Test worker] org.hibernate.type.BasicTypeRegistry     : Adding type registration imm_binary -> org.hibernate.type.AdaptedImmutableType@9e50283
2023-02-18 17:03:47.502 DEBUG 32530 --- [    Test worker] org.hibernate.type.BasicTypeRegistry     : Adding type registration imm_serializable -> org.hibernate.type.AdaptedImmutableType@5368e981
2023-02-18 17:03:47.518  INFO 32530 --- [    Test worker] com.zaxxer.hikari.HikariDataSource       : HikariPool-1 - Starting...
2023-02-18 17:03:47.556  INFO 32530 --- [    Test worker] com.zaxxer.hikari.HikariDataSource       : HikariPool-1 - Start completed.
2023-02-18 17:03:47.568  INFO 32530 --- [    Test worker] org.hibernate.dialect.Dialect            : HHH000400: Using dialect: org.hibernate.dialect.H2Dialect
2023-02-18 17:03:47.582 DEBUG 32530 --- [    Test worker] o.h.type.spi.TypeConfiguration$Scope     : Scoping TypeConfiguration [org.hibernate.type.spi.TypeConfiguration@5bbf744b] to MetadataBuildingContext [org.hibernate.boot.internal.MetadataBuildingContextRootImpl@55881f40]
2023-02-18 17:03:47.677 DEBUG 32530 --- [    Test worker] org.hibernate.type.EnumType              : Using NAMED-based conversion for Enum com.board.Board_Upgraded.entity.member.Role
2023-02-18 17:03:47.678 DEBUG 32530 --- [    Test worker] o.h.type.spi.TypeConfiguration$Scope     : Scoping TypeConfiguration [org.hibernate.type.spi.TypeConfiguration@5bbf744b] to SessionFactoryImpl [org.hibernate.internal.SessionFactoryImpl@5a57cf90]
2023-02-18 17:03:47.800 DEBUG 32530 --- [    Test worker] org.hibernate.SQL                        : 
    
    drop table if exists member CASCADE 
2023-02-18 17:03:47.802 DEBUG 32530 --- [    Test worker] org.hibernate.SQL                        : 
    
    drop table if exists refresh_token CASCADE 
2023-02-18 17:03:47.803 DEBUG 32530 --- [    Test worker] org.hibernate.SQL                        : 
    
    create table member (
       id bigint generated by default as identity,
        created_time timestamp not null,
        last_modified_time timestamp not null,
        member_email varchar(255),
        member_nickname varchar(255),
        member_password varchar(255),
        member_role varchar(255),
        member_username varchar(255),
        primary key (id)
    )
2023-02-18 17:03:47.804 DEBUG 32530 --- [    Test worker] org.hibernate.SQL                        : 
    
    create table refresh_token (
       rt_key varchar(255) not null,
        rt_value varchar(255),
        primary key (rt_key)
    )
2023-02-18 17:03:47.805  INFO 32530 --- [    Test worker] o.h.e.t.j.p.i.JtaPlatformInitiator       : HHH000490: Using JtaPlatform implementation: [org.hibernate.engine.transaction.jta.platform.internal.NoJtaPlatform]
2023-02-18 17:03:47.807 TRACE 32530 --- [    Test worker] o.h.type.spi.TypeConfiguration$Scope     : Handling #sessionFactoryCreated from [org.hibernate.internal.SessionFactoryImpl@5a57cf90] for TypeConfiguration
2023-02-18 17:03:47.808  INFO 32530 --- [    Test worker] j.LocalContainerEntityManagerFactoryBean : Initialized JPA EntityManagerFactory for persistence unit 'default'
2023-02-18 17:03:48.104  WARN 32530 --- [    Test worker] JpaBaseConfiguration$JpaWebConfiguration : spring.jpa.open-in-view is enabled by default. Therefore, database queries may be performed during view rendering. Explicitly configure spring.jpa.open-in-view to disable this warning
2023-02-18 17:03:48.284  INFO 32530 --- [    Test worker] o.s.s.web.DefaultSecurityFilterChain     : Will secure any request with [org.springframework.security.web.session.DisableEncodeUrlFilter@d408c5d, org.springframework.security.web.context.request.async.WebAsyncManagerIntegrationFilter@74ed1d35, org.springframework.security.web.context.SecurityContextPersistenceFilter@258ac1e6, org.springframework.security.web.header.HeaderWriterFilter@5de14222, org.springframework.web.filter.CorsFilter@524418a2, org.springframework.security.web.authentication.logout.LogoutFilter@82382d1, com.board.Board_Upgraded.config.jwt.JwtFilter@7acf07b2, org.springframework.security.web.savedrequest.RequestCacheAwareFilter@58a0f75b, org.springframework.security.web.servletapi.SecurityContextHolderAwareRequestFilter@2b569858, org.springframework.security.web.authentication.AnonymousAuthenticationFilter@5d50e7f6, org.springframework.security.web.session.SessionManagementFilter@721fc228, org.springframework.security.web.access.ExceptionTranslationFilter@684eb4a0, org.springframework.security.web.access.intercept.FilterSecurityInterceptor@1e284d90]
2023-02-18 17:03:48.287  WARN 32530 --- [    Test worker] o.s.s.c.a.web.builders.WebSecurity       : You are asking Spring Security to ignore Ant [pattern='/api/auth/sign_in']. This is not recommended -- please use permitAll via HttpSecurity#authorizeHttpRequests instead.
2023-02-18 17:03:48.287  INFO 32530 --- [    Test worker] o.s.s.web.DefaultSecurityFilterChain     : Will not secure Ant [pattern='/api/auth/sign_in']
2023-02-18 17:03:48.287  WARN 32530 --- [    Test worker] o.s.s.c.a.web.builders.WebSecurity       : You are asking Spring Security to ignore Ant [pattern='/api/auth/join']. This is not recommended -- please use permitAll via HttpSecurity#authorizeHttpRequests instead.
2023-02-18 17:03:48.287  INFO 32530 --- [    Test worker] o.s.s.web.DefaultSecurityFilterChain     : Will not secure Ant [pattern='/api/auth/join']
2023-02-18 17:03:48.564  INFO 32530 --- [    Test worker] o.s.b.t.m.w.SpringBootMockServletContext : Initializing Spring TestDispatcherServlet ''
2023-02-18 17:03:48.564  INFO 32530 --- [    Test worker] o.s.t.web.servlet.TestDispatcherServlet  : Initializing Servlet ''
2023-02-18 17:03:48.565  INFO 32530 --- [    Test worker] o.s.t.web.servlet.TestDispatcherServlet  : Completed initialization in 1 ms
2023-02-18 17:03:48.689  INFO 32530 --- [    Test worker] c.b.B.controller.member.EditTest         : Started EditTest in 2.099 seconds (JVM running for 2.537)
2023-02-18 17:03:48.816 DEBUG 32530 --- [    Test worker] org.hibernate.SQL                        : 
    select
        member0_.id as id1_0_,
        member0_.created_time as created_2_0_,
        member0_.last_modified_time as last_mod3_0_,
        member0_.member_email as member_e4_0_,
        member0_.member_nickname as member_n5_0_,
        member0_.member_password as member_p6_0_,
        member0_.member_role as member_r7_0_,
        member0_.member_username as member_u8_0_ 
    from
        member member0_
2023-02-18 17:03:48.833 DEBUG 32530 --- [    Test worker] org.hibernate.SQL                        : 
    select
        member0_.id as id1_0_,
        member0_.created_time as created_2_0_,
        member0_.last_modified_time as last_mod3_0_,
        member0_.member_email as member_e4_0_,
        member0_.member_nickname as member_n5_0_,
        member0_.member_password as member_p6_0_,
        member0_.member_role as member_r7_0_,
        member0_.member_username as member_u8_0_ 
    from
        member member0_ 
    where
        member0_.member_username=?
2023-02-18 17:03:48.834 TRACE 32530 --- [    Test worker] o.h.type.descriptor.sql.BasicBinder      : binding parameter [1] as [VARCHAR] - [test]
2023-02-18 17:03:48.836 DEBUG 32530 --- [    Test worker] org.hibernate.SQL                        : 
    select
        member0_.id as id1_0_,
        member0_.created_time as created_2_0_,
        member0_.last_modified_time as last_mod3_0_,
        member0_.member_email as member_e4_0_,
        member0_.member_nickname as member_n5_0_,
        member0_.member_password as member_p6_0_,
        member0_.member_role as member_r7_0_,
        member0_.member_username as member_u8_0_ 
    from
        member member0_ 
    where
        member0_.member_nickname=?
2023-02-18 17:03:48.836 TRACE 32530 --- [    Test worker] o.h.type.descriptor.sql.BasicBinder      : binding parameter [1] as [VARCHAR] - [test]
2023-02-18 17:03:48.837 DEBUG 32530 --- [    Test worker] org.hibernate.SQL                        : 
    select
        member0_.id as id1_0_,
        member0_.created_time as created_2_0_,
        member0_.last_modified_time as last_mod3_0_,
        member0_.member_email as member_e4_0_,
        member0_.member_nickname as member_n5_0_,
        member0_.member_password as member_p6_0_,
        member0_.member_role as member_r7_0_,
        member0_.member_username as member_u8_0_ 
    from
        member member0_ 
    where
        member0_.member_email=?
2023-02-18 17:03:48.838 TRACE 32530 --- [    Test worker] o.h.type.descriptor.sql.BasicBinder      : binding parameter [1] as [VARCHAR] - [test@test.com]
2023-02-18 17:03:48.938 DEBUG 32530 --- [    Test worker] org.hibernate.SQL                        : 
    insert 
    into
        member
        (id, created_time, last_modified_time, member_email, member_nickname, member_password, member_role, member_username) 
    values
        (default, ?, ?, ?, ?, ?, ?, ?)
2023-02-18 17:03:48.939 TRACE 32530 --- [    Test worker] o.h.type.descriptor.sql.BasicBinder      : binding parameter [1] as [TIMESTAMP] - [2023-02-18T17:03:48.927411]
2023-02-18 17:03:48.939 TRACE 32530 --- [    Test worker] o.h.type.descriptor.sql.BasicBinder      : binding parameter [2] as [TIMESTAMP] - [2023-02-18T17:03:48.916740]
2023-02-18 17:03:48.939 TRACE 32530 --- [    Test worker] o.h.type.descriptor.sql.BasicBinder      : binding parameter [3] as [VARCHAR] - [test@test.com]
2023-02-18 17:03:48.939 TRACE 32530 --- [    Test worker] o.h.type.descriptor.sql.BasicBinder      : binding parameter [4] as [VARCHAR] - [test]
2023-02-18 17:03:48.939 TRACE 32530 --- [    Test worker] o.h.type.descriptor.sql.BasicBinder      : binding parameter [5] as [VARCHAR] - [$2a$10$SLdMUYtveDQSNn90bqmpsuZh8UDAZ3QYTNAt5ecWcc63JM6lvofCC]
2023-02-18 17:03:48.940 TRACE 32530 --- [    Test worker] o.h.type.descriptor.sql.BasicBinder      : binding parameter [6] as [VARCHAR] - [USER]
2023-02-18 17:03:48.940 TRACE 32530 --- [    Test worker] o.h.type.descriptor.sql.BasicBinder      : binding parameter [7] as [VARCHAR] - [test]
2023-02-18 17:03:48.945 DEBUG 32530 --- [    Test worker] org.hibernate.SQL                        : 
    select
        member0_.id as id1_0_,
        member0_.created_time as created_2_0_,
        member0_.last_modified_time as last_mod3_0_,
        member0_.member_email as member_e4_0_,
        member0_.member_nickname as member_n5_0_,
        member0_.member_password as member_p6_0_,
        member0_.member_role as member_r7_0_,
        member0_.member_username as member_u8_0_ 
    from
        member member0_ 
    where
        member0_.member_username=?
2023-02-18 17:03:48.946 TRACE 32530 --- [    Test worker] o.h.type.descriptor.sql.BasicBinder      : binding parameter [1] as [VARCHAR] - [test]
2023-02-18 17:03:48.946 TRACE 32530 --- [    Test worker] o.h.type.descriptor.sql.BasicExtractor   : extracted value ([id1_0_] : [BIGINT]) - [1]
2023-02-18 17:03:48.947 TRACE 32530 --- [    Test worker] o.h.type.descriptor.sql.BasicExtractor   : extracted value ([created_2_0_] : [TIMESTAMP]) - [2023-02-18T17:03:48.927411]
2023-02-18 17:03:48.947 TRACE 32530 --- [    Test worker] o.h.type.descriptor.sql.BasicExtractor   : extracted value ([last_mod3_0_] : [TIMESTAMP]) - [2023-02-18T17:03:48.916740]
2023-02-18 17:03:48.947 TRACE 32530 --- [    Test worker] o.h.type.descriptor.sql.BasicExtractor   : extracted value ([member_e4_0_] : [VARCHAR]) - [test@test.com]
2023-02-18 17:03:48.947 TRACE 32530 --- [    Test worker] o.h.type.descriptor.sql.BasicExtractor   : extracted value ([member_n5_0_] : [VARCHAR]) - [test]
2023-02-18 17:03:48.947 TRACE 32530 --- [    Test worker] o.h.type.descriptor.sql.BasicExtractor   : extracted value ([member_p6_0_] : [VARCHAR]) - [$2a$10$SLdMUYtveDQSNn90bqmpsuZh8UDAZ3QYTNAt5ecWcc63JM6lvofCC]
2023-02-18 17:03:48.947 TRACE 32530 --- [    Test worker] o.h.type.descriptor.sql.BasicExtractor   : extracted value ([member_r7_0_] : [VARCHAR]) - [USER]
2023-02-18 17:03:48.947 TRACE 32530 --- [    Test worker] o.h.type.descriptor.sql.BasicExtractor   : extracted value ([member_u8_0_] : [VARCHAR]) - [test]
2023-02-18 17:03:49.103 DEBUG 32530 --- [    Test worker] org.hibernate.SQL                        : 
    select
        member0_.id as id1_0_,
        member0_.created_time as created_2_0_,
        member0_.last_modified_time as last_mod3_0_,
        member0_.member_email as member_e4_0_,
        member0_.member_nickname as member_n5_0_,
        member0_.member_password as member_p6_0_,
        member0_.member_role as member_r7_0_,
        member0_.member_username as member_u8_0_ 
    from
        member member0_ 
    where
        member0_.member_username=?
2023-02-18 17:03:49.104 TRACE 32530 --- [    Test worker] o.h.type.descriptor.sql.BasicBinder      : binding parameter [1] as [VARCHAR] - [test]
2023-02-18 17:03:49.104 TRACE 32530 --- [    Test worker] o.h.type.descriptor.sql.BasicExtractor   : extracted value ([id1_0_] : [BIGINT]) - [1]
2023-02-18 17:03:49.217 DEBUG 32530 --- [    Test worker] org.hibernate.SQL                        : 
    select
        refreshtok0_.rt_key as rt_key1_1_0_,
        refreshtok0_.rt_value as rt_value2_1_0_ 
    from
        refresh_token refreshtok0_ 
    where
        refreshtok0_.rt_key=?
2023-02-18 17:03:49.218 TRACE 32530 --- [    Test worker] o.h.type.descriptor.sql.BasicBinder      : binding parameter [1] as [VARCHAR] - [test]
2023-02-18 17:03:49.221 DEBUG 32530 --- [    Test worker] org.hibernate.SQL                        : 
    insert 
    into
        refresh_token
        (rt_value, rt_key) 
    values
        (?, ?)
2023-02-18 17:03:49.221 TRACE 32530 --- [    Test worker] o.h.type.descriptor.sql.BasicBinder      : binding parameter [1] as [VARCHAR] - [eyJhbGciOiJIUzUxMiJ9.eyJleHAiOjE2NzczMTIyMjl9.ONbk6wMVWeZr0uyrCrd2xQyzBchzvz52YXmKxOznLkp3PS8z13SsX9clo5kR8o_D_Ox1Opk0hosb94-peTdgdg]
2023-02-18 17:03:49.221 TRACE 32530 --- [    Test worker] o.h.type.descriptor.sql.BasicBinder      : binding parameter [2] as [VARCHAR] - [test]
2023-02-18 17:03:49.268 DEBUG 32530 --- [    Test worker] org.hibernate.SQL                        : 
    select
        member0_.id as id1_0_,
        member0_.created_time as created_2_0_,
        member0_.last_modified_time as last_mod3_0_,
        member0_.member_email as member_e4_0_,
        member0_.member_nickname as member_n5_0_,
        member0_.member_password as member_p6_0_,
        member0_.member_role as member_r7_0_,
        member0_.member_username as member_u8_0_ 
    from
        member member0_ 
    where
        member0_.member_username=?
2023-02-18 17:03:49.269 TRACE 32530 --- [    Test worker] o.h.type.descriptor.sql.BasicBinder      : binding parameter [1] as [VARCHAR] - [test]
2023-02-18 17:03:49.269 TRACE 32530 --- [    Test worker] o.h.type.descriptor.sql.BasicExtractor   : extracted value ([id1_0_] : [BIGINT]) - [1]
2023-02-18 17:03:49.269 TRACE 32530 --- [    Test worker] o.h.type.descriptor.sql.BasicExtractor   : extracted value ([created_2_0_] : [TIMESTAMP]) - [2023-02-18T17:03:48.927411]
2023-02-18 17:03:49.269 TRACE 32530 --- [    Test worker] o.h.type.descriptor.sql.BasicExtractor   : extracted value ([last_mod3_0_] : [TIMESTAMP]) - [2023-02-18T17:03:48.916740]
2023-02-18 17:03:49.269 TRACE 32530 --- [    Test worker] o.h.type.descriptor.sql.BasicExtractor   : extracted value ([member_e4_0_] : [VARCHAR]) - [test@test.com]
2023-02-18 17:03:49.269 TRACE 32530 --- [    Test worker] o.h.type.descriptor.sql.BasicExtractor   : extracted value ([member_n5_0_] : [VARCHAR]) - [test]
2023-02-18 17:03:49.269 TRACE 32530 --- [    Test worker] o.h.type.descriptor.sql.BasicExtractor   : extracted value ([member_p6_0_] : [VARCHAR]) - [$2a$10$SLdMUYtveDQSNn90bqmpsuZh8UDAZ3QYTNAt5ecWcc63JM6lvofCC]
2023-02-18 17:03:49.269 TRACE 32530 --- [    Test worker] o.h.type.descriptor.sql.BasicExtractor   : extracted value ([member_r7_0_] : [VARCHAR]) - [USER]
2023-02-18 17:03:49.269 TRACE 32530 --- [    Test worker] o.h.type.descriptor.sql.BasicExtractor   : extracted value ([member_u8_0_] : [VARCHAR]) - [test]

MockHttpServletRequest:
      HTTP Method = PATCH
      Request URI = /api/members/edit
       Parameters = {}
          Headers = [Content-Type:"application/json;charset=UTF-8", Authorization:"Bearer eyJhbGciOiJIUzUxMiJ9.eyJzdWIiOiJ0ZXN0IiwiYXV0aCI6IlVTRVIiLCJleHAiOjE2NzY3OTM4Mjl9.cNBxpHuBEp7Hqges_5wRfvmTVdyK-bYTQGIqMyPRJdJeJSRDeVJeit1NDYuY6Szoh7IJWJIQaR-H78DHYG6zPg", RefreshToken:"Bearer eyJhbGciOiJIUzUxMiJ9.eyJleHAiOjE2NzczMTIyMjl9.ONbk6wMVWeZr0uyrCrd2xQyzBchzvz52YXmKxOznLkp3PS8z13SsX9clo5kR8o_D_Ox1Opk0hosb94-peTdgdg", Content-Length:"71"]
             Body = {"nickname":null,"email":null,"password":"test","passwordCheck":"test"}
    Session Attrs = {}

Handler:
             Type = com.board.Board_Upgraded.controller.member.MemberController
           Method = com.board.Board_Upgraded.controller.member.MemberController#edit(EditMemberRequestDto)

Async:
    Async started = false
     Async result = null

Resolved Exception:
             Type = com.board.Board_Upgraded.exception.member.PasswordNotChangedException

ModelAndView:
        View name = null
             View = null
            Model = null

FlashMap:
       Attributes = null

MockHttpServletResponse:
           Status = 400
    Error message = null
          Headers = [Vary:"Origin", "Access-Control-Request-Method", "Access-Control-Request-Headers", Content-Type:"application/json", X-Content-Type-Options:"nosniff", X-XSS-Protection:"1; mode=block", Cache-Control:"no-cache, no-store, max-age=0, must-revalidate", Pragma:"no-cache", Expires:"0", X-Frame-Options:"DENY"]
     Content type = application/json
             Body = {"success":false,"code":400,"result":{"failMessage":"같은 비밀번호로 변경할 수 없습니다."}}
    Forwarded URL = null
   Redirected URL = null
          Cookies = []
]]></system-out>
  <system-err><![CDATA[]]></system-err>
</testsuite>
