<?xml version="1.0" encoding="UTF-8"?>
<testsuite name="로그인 기능 테스트" tests="7" skipped="0" failures="0" errors="0" timestamp="2023-02-15T08:00:25" hostname="ijanghuiui-MacBookPro.local" time="1.247">
  <properties/>
  <testcase name="회원의 아이디가 존재할 때, 비밀번호가 틀리면 400에러와 함께 비밀번호가 틀렸음을 반환한다." classname="com.board.Board_Upgraded.controller.AuthControllerTest_SignIn" time="0.415"/>
  <testcase name="입력중에 아이디가 null값일 때 validation으로 예외처리된다." classname="com.board.Board_Upgraded.controller.AuthControllerTest_SignIn" time="0.106"/>
  <testcase name="입력중에 비밀번호가 null값일 때 validation으로 예외처리된다." classname="com.board.Board_Upgraded.controller.AuthControllerTest_SignIn" time="0.095"/>
  <testcase name="입력중에 비밀번호가 null값일 때 validation으로 예외처리된다." classname="com.board.Board_Upgraded.controller.AuthControllerTest_SignIn" time="0.087"/>
  <testcase name="존재하지 않는 아이디로 로그인을 요청할 때, 404에러와 회원이 없음을 바디에 반환한다." classname="com.board.Board_Upgraded.controller.AuthControllerTest_SignIn" time="0.088"/>
  <testcase name="로그인을 성공했을 경우, 코드 200과 로그인 성공을 바디에 반환한다." classname="com.board.Board_Upgraded.controller.AuthControllerTest_SignIn" time="0.367"/>
  <testcase name="입력중에 아이디가 공백문자열일 때 validation으로 예외처리된다." classname="com.board.Board_Upgraded.controller.AuthControllerTest_SignIn" time="0.087"/>
  <system-out><![CDATA[17:00:23.039 [Test worker] DEBUG org.springframework.test.context.BootstrapUtils - Instantiating CacheAwareContextLoaderDelegate from class [org.springframework.test.context.cache.DefaultCacheAwareContextLoaderDelegate]
17:00:23.043 [Test worker] DEBUG org.springframework.test.context.BootstrapUtils - Instantiating BootstrapContext using constructor [public org.springframework.test.context.support.DefaultBootstrapContext(java.lang.Class,org.springframework.test.context.CacheAwareContextLoaderDelegate)]
17:00:23.060 [Test worker] DEBUG org.springframework.test.context.BootstrapUtils - Instantiating TestContextBootstrapper for test class [com.board.Board_Upgraded.controller.AuthControllerTest_SignIn] from class [org.springframework.boot.test.context.SpringBootTestContextBootstrapper]
17:00:23.065 [Test worker] INFO org.springframework.boot.test.context.SpringBootTestContextBootstrapper - Neither @ContextConfiguration nor @ContextHierarchy found for test class [com.board.Board_Upgraded.controller.AuthControllerTest_SignIn], using SpringBootContextLoader
17:00:23.066 [Test worker] DEBUG org.springframework.test.context.support.AbstractContextLoader - Did not detect default resource location for test class [com.board.Board_Upgraded.controller.AuthControllerTest_SignIn]: class path resource [com/board/Board_Upgraded/controller/AuthControllerTest_SignIn-context.xml] does not exist
17:00:23.067 [Test worker] DEBUG org.springframework.test.context.support.AbstractContextLoader - Did not detect default resource location for test class [com.board.Board_Upgraded.controller.AuthControllerTest_SignIn]: class path resource [com/board/Board_Upgraded/controller/AuthControllerTest_SignInContext.groovy] does not exist
17:00:23.067 [Test worker] INFO org.springframework.test.context.support.AbstractContextLoader - Could not detect default resource locations for test class [com.board.Board_Upgraded.controller.AuthControllerTest_SignIn]: no resource found for suffixes {-context.xml, Context.groovy}.
17:00:23.067 [Test worker] INFO org.springframework.test.context.support.AnnotationConfigContextLoaderUtils - Could not detect default configuration classes for test class [com.board.Board_Upgraded.controller.AuthControllerTest_SignIn]: AuthControllerTest_SignIn does not declare any static, non-private, non-final, nested classes annotated with @Configuration.
17:00:23.091 [Test worker] DEBUG org.springframework.test.context.support.ActiveProfilesUtils - Could not find an 'annotation declaring class' for annotation type [org.springframework.test.context.ActiveProfiles] and class [com.board.Board_Upgraded.controller.AuthControllerTest_SignIn]
17:00:23.125 [Test worker] DEBUG org.springframework.context.annotation.ClassPathScanningCandidateComponentProvider - Identified candidate component class: file [/Users/leeeehgnaj/Desktop/Coding/Board_Upgraded/build/classes/java/main/com/board/Board_Upgraded/BoardUpgradedApplication.class]
17:00:23.126 [Test worker] INFO org.springframework.boot.test.context.SpringBootTestContextBootstrapper - Found @SpringBootConfiguration com.board.Board_Upgraded.BoardUpgradedApplication for test class com.board.Board_Upgraded.controller.AuthControllerTest_SignIn
17:00:23.159 [Test worker] DEBUG org.springframework.boot.test.context.SpringBootTestContextBootstrapper - @TestExecutionListeners is not present for class [com.board.Board_Upgraded.controller.AuthControllerTest_SignIn]: using defaults.
17:00:23.159 [Test worker] INFO org.springframework.boot.test.context.SpringBootTestContextBootstrapper - Loaded default TestExecutionListener class names from location [META-INF/spring.factories]: [org.springframework.security.test.context.support.WithSecurityContextTestExecutionListener, org.springframework.security.test.context.support.ReactorContextTestExecutionListener, org.springframework.boot.test.autoconfigure.restdocs.RestDocsTestExecutionListener, org.springframework.boot.test.autoconfigure.web.client.MockRestServiceServerResetTestExecutionListener, org.springframework.boot.test.autoconfigure.web.servlet.MockMvcPrintOnlyOnFailureTestExecutionListener, org.springframework.boot.test.autoconfigure.web.servlet.WebDriverTestExecutionListener, org.springframework.boot.test.autoconfigure.webservices.client.MockWebServiceServerTestExecutionListener, org.springframework.boot.test.mock.mockito.MockitoTestExecutionListener, org.springframework.boot.test.mock.mockito.ResetMocksTestExecutionListener, org.springframework.test.context.web.ServletTestExecutionListener, org.springframework.test.context.support.DirtiesContextBeforeModesTestExecutionListener, org.springframework.test.context.event.ApplicationEventsTestExecutionListener, org.springframework.test.context.support.DependencyInjectionTestExecutionListener, org.springframework.test.context.support.DirtiesContextTestExecutionListener, org.springframework.test.context.transaction.TransactionalTestExecutionListener, org.springframework.test.context.jdbc.SqlScriptsTestExecutionListener, org.springframework.test.context.event.EventPublishingTestExecutionListener]
17:00:23.166 [Test worker] INFO org.springframework.boot.test.context.SpringBootTestContextBootstrapper - Using TestExecutionListeners: [org.springframework.test.context.web.ServletTestExecutionListener@4ae33a11, org.springframework.test.context.support.DirtiesContextBeforeModesTestExecutionListener@7a48e6e2, org.springframework.test.context.event.ApplicationEventsTestExecutionListener@b40bb6e, org.springframework.boot.test.mock.mockito.MockitoTestExecutionListener@3a94964, org.springframework.boot.test.autoconfigure.SpringBootDependencyInjectionTestExecutionListener@5049d8b2, org.springframework.test.context.support.DirtiesContextTestExecutionListener@6d0b5baf, org.springframework.test.context.transaction.TransactionalTestExecutionListener@631e06ab, org.springframework.test.context.jdbc.SqlScriptsTestExecutionListener@2a3591c5, org.springframework.security.test.context.support.WithSecurityContextTestExecutionListener@34a75079, org.springframework.test.context.event.EventPublishingTestExecutionListener@346a361, org.springframework.security.test.context.support.ReactorContextTestExecutionListener@107ed6fc, org.springframework.boot.test.autoconfigure.restdocs.RestDocsTestExecutionListener@1643d68f, org.springframework.boot.test.autoconfigure.web.client.MockRestServiceServerResetTestExecutionListener@186978a6, org.springframework.boot.test.autoconfigure.web.servlet.MockMvcPrintOnlyOnFailureTestExecutionListener@2e029d61, org.springframework.boot.test.autoconfigure.web.servlet.WebDriverTestExecutionListener@482d776b, org.springframework.boot.test.autoconfigure.webservices.client.MockWebServiceServerTestExecutionListener@4052274f, org.springframework.boot.test.mock.mockito.ResetMocksTestExecutionListener@132ddbab]
17:00:23.167 [Test worker] DEBUG org.springframework.test.context.support.AbstractDirtiesContextTestExecutionListener - Before test class: context [DefaultTestContext@545de5a4 testClass = AuthControllerTest_SignIn, testInstance = [null], testMethod = [null], testException = [null], mergedContextConfiguration = [WebMergedContextConfiguration@29ef6856 testClass = AuthControllerTest_SignIn, locations = '{}', classes = '{class com.board.Board_Upgraded.BoardUpgradedApplication}', contextInitializerClasses = '[]', activeProfiles = '{}', propertySourceLocations = '{}', propertySourceProperties = '{org.springframework.boot.test.context.SpringBootTestContextBootstrapper=true}', contextCustomizers = set[org.springframework.boot.test.autoconfigure.actuate.metrics.MetricsExportContextCustomizerFactory$DisableMetricExportContextCustomizer@5ddf0d24, org.springframework.boot.test.autoconfigure.properties.PropertyMappingContextCustomizer@4b3fa0b3, org.springframework.boot.test.autoconfigure.web.servlet.WebDriverContextCustomizerFactory$Customizer@332796d3, [ImportsContextCustomizer@ab7a938 key = [org.springframework.boot.test.autoconfigure.web.servlet.MockMvcAutoConfiguration, org.springframework.boot.test.autoconfigure.web.servlet.MockMvcWebClientAutoConfiguration, org.springframework.boot.test.autoconfigure.web.servlet.MockMvcWebDriverAutoConfiguration, org.springframework.boot.autoconfigure.security.oauth2.client.servlet.OAuth2ClientAutoConfiguration, org.springframework.boot.autoconfigure.security.oauth2.resource.servlet.OAuth2ResourceServerAutoConfiguration, org.springframework.boot.autoconfigure.security.servlet.SecurityAutoConfiguration, org.springframework.boot.autoconfigure.security.servlet.SecurityFilterAutoConfiguration, org.springframework.boot.autoconfigure.security.servlet.UserDetailsServiceAutoConfiguration, org.springframework.boot.test.autoconfigure.web.servlet.MockMvcSecurityConfiguration, org.springframework.boot.test.autoconfigure.web.reactive.WebTestClientAutoConfiguration]], org.springframework.boot.test.context.filter.ExcludeFilterContextCustomizer@53941c2f, org.springframework.boot.test.json.DuplicateJsonObjectContextCustomizerFactory$DuplicateJsonObjectContextCustomizer@65a15628, org.springframework.boot.test.mock.mockito.MockitoContextCustomizer@0, org.springframework.boot.test.web.client.TestRestTemplateContextCustomizer@ee86bcb, org.springframework.boot.test.context.SpringBootTestArgs@1, org.springframework.boot.test.context.SpringBootTestWebEnvironment@55740540], resourceBasePath = 'src/main/webapp', contextLoader = 'org.springframework.boot.test.context.SpringBootContextLoader', parent = [null]], attributes = map['org.springframework.test.context.web.ServletTestExecutionListener.activateListener' -> true]], class annotated with @DirtiesContext [false] with mode [null].

  .   ____          _            __ _ _
 /\\ / ___'_ __ _ _(_)_ __  __ _ \ \ \ \
( ( )\___ | '_ | '_| | '_ \/ _` | \ \ \ \
 \\/  ___)| |_)| | | | | || (_| |  ) ) ) )
  '  |____| .__|_| |_|_| |_\__, | / / / /
 =========|_|==============|___/=/_/_/_/
 :: Spring Boot ::                (v2.7.0)

2023-02-15 17:00:23.335  INFO 12613 --- [    Test worker] c.b.B.c.AuthControllerTest_SignIn        : Starting AuthControllerTest_SignIn using Java 17.0.2 on ijanghuiui-MacBookPro.local with PID 12613 (started by leeeehgnaj in /Users/leeeehgnaj/Desktop/Coding/Board_Upgraded)
2023-02-15 17:00:23.336  INFO 12613 --- [    Test worker] c.b.B.c.AuthControllerTest_SignIn        : The following 1 profile is active: "local"
2023-02-15 17:00:23.737  INFO 12613 --- [    Test worker] .s.d.r.c.RepositoryConfigurationDelegate : Bootstrapping Spring Data JPA repositories in DEFAULT mode.
2023-02-15 17:00:23.767  INFO 12613 --- [    Test worker] .s.d.r.c.RepositoryConfigurationDelegate : Finished Spring Data repository scanning in 25 ms. Found 2 JPA repository interfaces.
2023-02-15 17:00:24.048  INFO 12613 --- [    Test worker] o.hibernate.jpa.internal.util.LogHelper  : HHH000204: Processing PersistenceUnitInfo [name: default]
2023-02-15 17:00:24.069  INFO 12613 --- [    Test worker] org.hibernate.Version                    : HHH000412: Hibernate ORM core version 5.6.9.Final
2023-02-15 17:00:24.137  INFO 12613 --- [    Test worker] o.hibernate.annotations.common.Version   : HCANN000001: Hibernate Commons Annotations {5.1.2.Final}
2023-02-15 17:00:24.147 DEBUG 12613 --- [    Test worker] org.hibernate.type.BasicTypeRegistry     : Adding type registration boolean -> org.hibernate.type.BooleanType@5597ca3
2023-02-15 17:00:24.147 DEBUG 12613 --- [    Test worker] org.hibernate.type.BasicTypeRegistry     : Adding type registration boolean -> org.hibernate.type.BooleanType@5597ca3
2023-02-15 17:00:24.148 DEBUG 12613 --- [    Test worker] org.hibernate.type.BasicTypeRegistry     : Adding type registration java.lang.Boolean -> org.hibernate.type.BooleanType@5597ca3
2023-02-15 17:00:24.148 DEBUG 12613 --- [    Test worker] org.hibernate.type.BasicTypeRegistry     : Adding type registration numeric_boolean -> org.hibernate.type.NumericBooleanType@660296d5
2023-02-15 17:00:24.148 DEBUG 12613 --- [    Test worker] org.hibernate.type.BasicTypeRegistry     : Adding type registration true_false -> org.hibernate.type.TrueFalseType@2d9de284
2023-02-15 17:00:24.148 DEBUG 12613 --- [    Test worker] org.hibernate.type.BasicTypeRegistry     : Adding type registration yes_no -> org.hibernate.type.YesNoType@3348c987
2023-02-15 17:00:24.148 DEBUG 12613 --- [    Test worker] org.hibernate.type.BasicTypeRegistry     : Adding type registration byte -> org.hibernate.type.ByteType@a84338a
2023-02-15 17:00:24.148 DEBUG 12613 --- [    Test worker] org.hibernate.type.BasicTypeRegistry     : Adding type registration byte -> org.hibernate.type.ByteType@a84338a
2023-02-15 17:00:24.148 DEBUG 12613 --- [    Test worker] org.hibernate.type.BasicTypeRegistry     : Adding type registration java.lang.Byte -> org.hibernate.type.ByteType@a84338a
2023-02-15 17:00:24.149 DEBUG 12613 --- [    Test worker] org.hibernate.type.BasicTypeRegistry     : Adding type registration character -> org.hibernate.type.CharacterType@278de2b2
2023-02-15 17:00:24.149 DEBUG 12613 --- [    Test worker] org.hibernate.type.BasicTypeRegistry     : Adding type registration char -> org.hibernate.type.CharacterType@278de2b2
2023-02-15 17:00:24.149 DEBUG 12613 --- [    Test worker] org.hibernate.type.BasicTypeRegistry     : Adding type registration java.lang.Character -> org.hibernate.type.CharacterType@278de2b2
2023-02-15 17:00:24.149 DEBUG 12613 --- [    Test worker] org.hibernate.type.BasicTypeRegistry     : Adding type registration short -> org.hibernate.type.ShortType@213835b6
2023-02-15 17:00:24.149 DEBUG 12613 --- [    Test worker] org.hibernate.type.BasicTypeRegistry     : Adding type registration short -> org.hibernate.type.ShortType@213835b6
2023-02-15 17:00:24.149 DEBUG 12613 --- [    Test worker] org.hibernate.type.BasicTypeRegistry     : Adding type registration java.lang.Short -> org.hibernate.type.ShortType@213835b6
2023-02-15 17:00:24.149 DEBUG 12613 --- [    Test worker] org.hibernate.type.BasicTypeRegistry     : Adding type registration integer -> org.hibernate.type.IntegerType@296676c4
2023-02-15 17:00:24.150 DEBUG 12613 --- [    Test worker] org.hibernate.type.BasicTypeRegistry     : Adding type registration int -> org.hibernate.type.IntegerType@296676c4
2023-02-15 17:00:24.150 DEBUG 12613 --- [    Test worker] org.hibernate.type.BasicTypeRegistry     : Adding type registration java.lang.Integer -> org.hibernate.type.IntegerType@296676c4
2023-02-15 17:00:24.150 DEBUG 12613 --- [    Test worker] org.hibernate.type.BasicTypeRegistry     : Adding type registration long -> org.hibernate.type.LongType@54defd69
2023-02-15 17:00:24.150 DEBUG 12613 --- [    Test worker] org.hibernate.type.BasicTypeRegistry     : Adding type registration long -> org.hibernate.type.LongType@54defd69
2023-02-15 17:00:24.150 DEBUG 12613 --- [    Test worker] org.hibernate.type.BasicTypeRegistry     : Adding type registration java.lang.Long -> org.hibernate.type.LongType@54defd69
2023-02-15 17:00:24.150 DEBUG 12613 --- [    Test worker] org.hibernate.type.BasicTypeRegistry     : Adding type registration float -> org.hibernate.type.FloatType@ff1f465
2023-02-15 17:00:24.150 DEBUG 12613 --- [    Test worker] org.hibernate.type.BasicTypeRegistry     : Adding type registration float -> org.hibernate.type.FloatType@ff1f465
2023-02-15 17:00:24.151 DEBUG 12613 --- [    Test worker] org.hibernate.type.BasicTypeRegistry     : Adding type registration java.lang.Float -> org.hibernate.type.FloatType@ff1f465
2023-02-15 17:00:24.151 DEBUG 12613 --- [    Test worker] org.hibernate.type.BasicTypeRegistry     : Adding type registration double -> org.hibernate.type.DoubleType@e97f115
2023-02-15 17:00:24.151 DEBUG 12613 --- [    Test worker] org.hibernate.type.BasicTypeRegistry     : Adding type registration double -> org.hibernate.type.DoubleType@e97f115
2023-02-15 17:00:24.151 DEBUG 12613 --- [    Test worker] org.hibernate.type.BasicTypeRegistry     : Adding type registration java.lang.Double -> org.hibernate.type.DoubleType@e97f115
2023-02-15 17:00:24.151 DEBUG 12613 --- [    Test worker] org.hibernate.type.BasicTypeRegistry     : Adding type registration big_decimal -> org.hibernate.type.BigDecimalType@1e29a81a
2023-02-15 17:00:24.152 DEBUG 12613 --- [    Test worker] org.hibernate.type.BasicTypeRegistry     : Adding type registration java.math.BigDecimal -> org.hibernate.type.BigDecimalType@1e29a81a
2023-02-15 17:00:24.152 DEBUG 12613 --- [    Test worker] org.hibernate.type.BasicTypeRegistry     : Adding type registration big_integer -> org.hibernate.type.BigIntegerType@305aaedf
2023-02-15 17:00:24.152 DEBUG 12613 --- [    Test worker] org.hibernate.type.BasicTypeRegistry     : Adding type registration java.math.BigInteger -> org.hibernate.type.BigIntegerType@305aaedf
2023-02-15 17:00:24.152 DEBUG 12613 --- [    Test worker] org.hibernate.type.BasicTypeRegistry     : Adding type registration string -> org.hibernate.type.StringType@69d2e517
2023-02-15 17:00:24.152 DEBUG 12613 --- [    Test worker] org.hibernate.type.BasicTypeRegistry     : Adding type registration java.lang.String -> org.hibernate.type.StringType@69d2e517
2023-02-15 17:00:24.153 DEBUG 12613 --- [    Test worker] org.hibernate.type.BasicTypeRegistry     : Adding type registration nstring -> org.hibernate.type.StringNVarcharType@3d71e10b
2023-02-15 17:00:24.153 DEBUG 12613 --- [    Test worker] org.hibernate.type.BasicTypeRegistry     : Adding type registration ncharacter -> org.hibernate.type.CharacterNCharType@16cf7fd0
2023-02-15 17:00:24.153 DEBUG 12613 --- [    Test worker] org.hibernate.type.BasicTypeRegistry     : Adding type registration url -> org.hibernate.type.UrlType@2aac8ad7
2023-02-15 17:00:24.153 DEBUG 12613 --- [    Test worker] org.hibernate.type.BasicTypeRegistry     : Adding type registration java.net.URL -> org.hibernate.type.UrlType@2aac8ad7
2023-02-15 17:00:24.154 DEBUG 12613 --- [    Test worker] org.hibernate.type.BasicTypeRegistry     : Adding type registration Duration -> org.hibernate.type.DurationType@64757d56
2023-02-15 17:00:24.154 DEBUG 12613 --- [    Test worker] org.hibernate.type.BasicTypeRegistry     : Adding type registration java.time.Duration -> org.hibernate.type.DurationType@64757d56
2023-02-15 17:00:24.154 DEBUG 12613 --- [    Test worker] org.hibernate.type.BasicTypeRegistry     : Adding type registration Instant -> org.hibernate.type.InstantType@175f859e
2023-02-15 17:00:24.154 DEBUG 12613 --- [    Test worker] org.hibernate.type.BasicTypeRegistry     : Adding type registration java.time.Instant -> org.hibernate.type.InstantType@175f859e
2023-02-15 17:00:24.155 DEBUG 12613 --- [    Test worker] org.hibernate.type.BasicTypeRegistry     : Adding type registration LocalDateTime -> org.hibernate.type.LocalDateTimeType@4c030fe1
2023-02-15 17:00:24.155 DEBUG 12613 --- [    Test worker] org.hibernate.type.BasicTypeRegistry     : Adding type registration java.time.LocalDateTime -> org.hibernate.type.LocalDateTimeType@4c030fe1
2023-02-15 17:00:24.155 DEBUG 12613 --- [    Test worker] org.hibernate.type.BasicTypeRegistry     : Adding type registration LocalDate -> org.hibernate.type.LocalDateType@386e9fd8
2023-02-15 17:00:24.155 DEBUG 12613 --- [    Test worker] org.hibernate.type.BasicTypeRegistry     : Adding type registration java.time.LocalDate -> org.hibernate.type.LocalDateType@386e9fd8
2023-02-15 17:00:24.155 DEBUG 12613 --- [    Test worker] org.hibernate.type.BasicTypeRegistry     : Adding type registration LocalTime -> org.hibernate.type.LocalTimeType@8af1c49
2023-02-15 17:00:24.155 DEBUG 12613 --- [    Test worker] org.hibernate.type.BasicTypeRegistry     : Adding type registration java.time.LocalTime -> org.hibernate.type.LocalTimeType@8af1c49
2023-02-15 17:00:24.156 DEBUG 12613 --- [    Test worker] org.hibernate.type.BasicTypeRegistry     : Adding type registration OffsetDateTime -> org.hibernate.type.OffsetDateTimeType@59d5c537
2023-02-15 17:00:24.156 DEBUG 12613 --- [    Test worker] org.hibernate.type.BasicTypeRegistry     : Adding type registration java.time.OffsetDateTime -> org.hibernate.type.OffsetDateTimeType@59d5c537
2023-02-15 17:00:24.157 DEBUG 12613 --- [    Test worker] org.hibernate.type.BasicTypeRegistry     : Adding type registration OffsetTime -> org.hibernate.type.OffsetTimeType@13c90c06
2023-02-15 17:00:24.157 DEBUG 12613 --- [    Test worker] org.hibernate.type.BasicTypeRegistry     : Adding type registration java.time.OffsetTime -> org.hibernate.type.OffsetTimeType@13c90c06
2023-02-15 17:00:24.158 DEBUG 12613 --- [    Test worker] org.hibernate.type.BasicTypeRegistry     : Adding type registration ZonedDateTime -> org.hibernate.type.ZonedDateTimeType@29892a77
2023-02-15 17:00:24.159 DEBUG 12613 --- [    Test worker] org.hibernate.type.BasicTypeRegistry     : Adding type registration java.time.ZonedDateTime -> org.hibernate.type.ZonedDateTimeType@29892a77
2023-02-15 17:00:24.160 DEBUG 12613 --- [    Test worker] org.hibernate.type.BasicTypeRegistry     : Adding type registration date -> org.hibernate.type.DateType@da22aa
2023-02-15 17:00:24.160 DEBUG 12613 --- [    Test worker] org.hibernate.type.BasicTypeRegistry     : Adding type registration java.sql.Date -> org.hibernate.type.DateType@da22aa
2023-02-15 17:00:24.160 DEBUG 12613 --- [    Test worker] org.hibernate.type.BasicTypeRegistry     : Adding type registration time -> org.hibernate.type.TimeType@2729bb71
2023-02-15 17:00:24.160 DEBUG 12613 --- [    Test worker] org.hibernate.type.BasicTypeRegistry     : Adding type registration java.sql.Time -> org.hibernate.type.TimeType@2729bb71
2023-02-15 17:00:24.160 DEBUG 12613 --- [    Test worker] org.hibernate.type.BasicTypeRegistry     : Adding type registration timestamp -> org.hibernate.type.TimestampType@2f471037
2023-02-15 17:00:24.160 DEBUG 12613 --- [    Test worker] org.hibernate.type.BasicTypeRegistry     : Adding type registration java.sql.Timestamp -> org.hibernate.type.TimestampType@2f471037
2023-02-15 17:00:24.160 DEBUG 12613 --- [    Test worker] org.hibernate.type.BasicTypeRegistry     : Adding type registration java.util.Date -> org.hibernate.type.TimestampType@2f471037
2023-02-15 17:00:24.161 DEBUG 12613 --- [    Test worker] org.hibernate.type.BasicTypeRegistry     : Adding type registration dbtimestamp -> org.hibernate.type.DbTimestampType@4d8056bf
2023-02-15 17:00:24.162 DEBUG 12613 --- [    Test worker] org.hibernate.type.BasicTypeRegistry     : Adding type registration calendar -> org.hibernate.type.CalendarType@53ba7997
2023-02-15 17:00:24.162 DEBUG 12613 --- [    Test worker] org.hibernate.type.BasicTypeRegistry     : Adding type registration java.util.Calendar -> org.hibernate.type.CalendarType@53ba7997
2023-02-15 17:00:24.162 DEBUG 12613 --- [    Test worker] org.hibernate.type.BasicTypeRegistry     : Adding type registration java.util.GregorianCalendar -> org.hibernate.type.CalendarType@53ba7997
2023-02-15 17:00:24.162 DEBUG 12613 --- [    Test worker] org.hibernate.type.BasicTypeRegistry     : Adding type registration calendar_date -> org.hibernate.type.CalendarDateType@3b65084e
2023-02-15 17:00:24.163 DEBUG 12613 --- [    Test worker] org.hibernate.type.BasicTypeRegistry     : Adding type registration calendar_time -> org.hibernate.type.CalendarTimeType@534762ed
2023-02-15 17:00:24.163 DEBUG 12613 --- [    Test worker] org.hibernate.type.BasicTypeRegistry     : Adding type registration locale -> org.hibernate.type.LocaleType@343db2f6
2023-02-15 17:00:24.163 DEBUG 12613 --- [    Test worker] org.hibernate.type.BasicTypeRegistry     : Adding type registration java.util.Locale -> org.hibernate.type.LocaleType@343db2f6
2023-02-15 17:00:24.163 DEBUG 12613 --- [    Test worker] org.hibernate.type.BasicTypeRegistry     : Adding type registration currency -> org.hibernate.type.CurrencyType@65db548
2023-02-15 17:00:24.164 DEBUG 12613 --- [    Test worker] org.hibernate.type.BasicTypeRegistry     : Adding type registration java.util.Currency -> org.hibernate.type.CurrencyType@65db548
2023-02-15 17:00:24.164 DEBUG 12613 --- [    Test worker] org.hibernate.type.BasicTypeRegistry     : Adding type registration timezone -> org.hibernate.type.TimeZoneType@2b1a901d
2023-02-15 17:00:24.164 DEBUG 12613 --- [    Test worker] org.hibernate.type.BasicTypeRegistry     : Adding type registration java.util.TimeZone -> org.hibernate.type.TimeZoneType@2b1a901d
2023-02-15 17:00:24.165 DEBUG 12613 --- [    Test worker] org.hibernate.type.BasicTypeRegistry     : Adding type registration class -> org.hibernate.type.ClassType@7417ef4f
2023-02-15 17:00:24.165 DEBUG 12613 --- [    Test worker] org.hibernate.type.BasicTypeRegistry     : Adding type registration java.lang.Class -> org.hibernate.type.ClassType@7417ef4f
2023-02-15 17:00:24.165 DEBUG 12613 --- [    Test worker] org.hibernate.type.BasicTypeRegistry     : Adding type registration uuid-binary -> org.hibernate.type.UUIDBinaryType@222d9d4f
2023-02-15 17:00:24.165 DEBUG 12613 --- [    Test worker] org.hibernate.type.BasicTypeRegistry     : Adding type registration java.util.UUID -> org.hibernate.type.UUIDBinaryType@222d9d4f
2023-02-15 17:00:24.165 DEBUG 12613 --- [    Test worker] org.hibernate.type.BasicTypeRegistry     : Adding type registration uuid-char -> org.hibernate.type.UUIDCharType@3feebf9c
2023-02-15 17:00:24.165 DEBUG 12613 --- [    Test worker] org.hibernate.type.BasicTypeRegistry     : Adding type registration binary -> org.hibernate.type.BinaryType@6abb7b7d
2023-02-15 17:00:24.165 DEBUG 12613 --- [    Test worker] org.hibernate.type.BasicTypeRegistry     : Adding type registration byte[] -> org.hibernate.type.BinaryType@6abb7b7d
2023-02-15 17:00:24.166 DEBUG 12613 --- [    Test worker] org.hibernate.type.BasicTypeRegistry     : Adding type registration [B -> org.hibernate.type.BinaryType@6abb7b7d
2023-02-15 17:00:24.166 DEBUG 12613 --- [    Test worker] org.hibernate.type.BasicTypeRegistry     : Adding type registration wrapper-binary -> org.hibernate.type.WrapperBinaryType@73b0ed03
2023-02-15 17:00:24.166 DEBUG 12613 --- [    Test worker] org.hibernate.type.BasicTypeRegistry     : Adding type registration Byte[] -> org.hibernate.type.WrapperBinaryType@73b0ed03
2023-02-15 17:00:24.166 DEBUG 12613 --- [    Test worker] org.hibernate.type.BasicTypeRegistry     : Adding type registration [Ljava.lang.Byte; -> org.hibernate.type.WrapperBinaryType@73b0ed03
2023-02-15 17:00:24.166 DEBUG 12613 --- [    Test worker] org.hibernate.type.BasicTypeRegistry     : Adding type registration row_version -> org.hibernate.type.RowVersionType@6068ebb2
2023-02-15 17:00:24.166 DEBUG 12613 --- [    Test worker] org.hibernate.type.BasicTypeRegistry     : Adding type registration image -> org.hibernate.type.ImageType@498a4d62
2023-02-15 17:00:24.166 DEBUG 12613 --- [    Test worker] org.hibernate.type.BasicTypeRegistry     : Adding type registration characters -> org.hibernate.type.CharArrayType@143413cd
2023-02-15 17:00:24.166 DEBUG 12613 --- [    Test worker] org.hibernate.type.BasicTypeRegistry     : Adding type registration char[] -> org.hibernate.type.CharArrayType@143413cd
2023-02-15 17:00:24.167 DEBUG 12613 --- [    Test worker] org.hibernate.type.BasicTypeRegistry     : Adding type registration [C -> org.hibernate.type.CharArrayType@143413cd
2023-02-15 17:00:24.167 DEBUG 12613 --- [    Test worker] org.hibernate.type.BasicTypeRegistry     : Adding type registration wrapper-characters -> org.hibernate.type.CharacterArrayType@70139a81
2023-02-15 17:00:24.167 DEBUG 12613 --- [    Test worker] org.hibernate.type.BasicTypeRegistry     : Adding type registration [Ljava.lang.Character; -> org.hibernate.type.CharacterArrayType@70139a81
2023-02-15 17:00:24.167 DEBUG 12613 --- [    Test worker] org.hibernate.type.BasicTypeRegistry     : Adding type registration Character[] -> org.hibernate.type.CharacterArrayType@70139a81
2023-02-15 17:00:24.167 DEBUG 12613 --- [    Test worker] org.hibernate.type.BasicTypeRegistry     : Adding type registration text -> org.hibernate.type.TextType@3c9e19de
2023-02-15 17:00:24.167 DEBUG 12613 --- [    Test worker] org.hibernate.type.BasicTypeRegistry     : Adding type registration ntext -> org.hibernate.type.NTextType@57f0bfc3
2023-02-15 17:00:24.168 DEBUG 12613 --- [    Test worker] org.hibernate.type.BasicTypeRegistry     : Adding type registration blob -> org.hibernate.type.BlobType@b9b97ad
2023-02-15 17:00:24.169 DEBUG 12613 --- [    Test worker] org.hibernate.type.BasicTypeRegistry     : Adding type registration java.sql.Blob -> org.hibernate.type.BlobType@b9b97ad
2023-02-15 17:00:24.169 DEBUG 12613 --- [    Test worker] org.hibernate.type.BasicTypeRegistry     : Adding type registration materialized_blob -> org.hibernate.type.MaterializedBlobType@3c6bd624
2023-02-15 17:00:24.169 DEBUG 12613 --- [    Test worker] org.hibernate.type.BasicTypeRegistry     : Adding type registration clob -> org.hibernate.type.ClobType@4cb4c4cc
2023-02-15 17:00:24.169 DEBUG 12613 --- [    Test worker] org.hibernate.type.BasicTypeRegistry     : Adding type registration java.sql.Clob -> org.hibernate.type.ClobType@4cb4c4cc
2023-02-15 17:00:24.169 DEBUG 12613 --- [    Test worker] org.hibernate.type.BasicTypeRegistry     : Adding type registration nclob -> org.hibernate.type.NClobType@28fa541
2023-02-15 17:00:24.169 DEBUG 12613 --- [    Test worker] org.hibernate.type.BasicTypeRegistry     : Adding type registration java.sql.NClob -> org.hibernate.type.NClobType@28fa541
2023-02-15 17:00:24.170 DEBUG 12613 --- [    Test worker] org.hibernate.type.BasicTypeRegistry     : Adding type registration materialized_clob -> org.hibernate.type.MaterializedClobType@1dca62c2
2023-02-15 17:00:24.170 DEBUG 12613 --- [    Test worker] org.hibernate.type.BasicTypeRegistry     : Adding type registration materialized_nclob -> org.hibernate.type.MaterializedNClobType@6c830ebd
2023-02-15 17:00:24.170 DEBUG 12613 --- [    Test worker] org.hibernate.type.BasicTypeRegistry     : Adding type registration serializable -> org.hibernate.type.SerializableType@70485aa
2023-02-15 17:00:24.173 DEBUG 12613 --- [    Test worker] org.hibernate.type.BasicTypeRegistry     : Adding type registration object -> org.hibernate.type.ObjectType@1ba35152
2023-02-15 17:00:24.173 DEBUG 12613 --- [    Test worker] org.hibernate.type.BasicTypeRegistry     : Adding type registration java.lang.Object -> org.hibernate.type.ObjectType@1ba35152
2023-02-15 17:00:24.174 DEBUG 12613 --- [    Test worker] org.hibernate.type.BasicTypeRegistry     : Adding type registration imm_date -> org.hibernate.type.AdaptedImmutableType@54275b5d
2023-02-15 17:00:24.174 DEBUG 12613 --- [    Test worker] org.hibernate.type.BasicTypeRegistry     : Adding type registration imm_time -> org.hibernate.type.AdaptedImmutableType@5d01b0d8
2023-02-15 17:00:24.174 DEBUG 12613 --- [    Test worker] org.hibernate.type.BasicTypeRegistry     : Adding type registration imm_timestamp -> org.hibernate.type.AdaptedImmutableType@271e851e
2023-02-15 17:00:24.174 DEBUG 12613 --- [    Test worker] org.hibernate.type.BasicTypeRegistry     : Adding type registration imm_dbtimestamp -> org.hibernate.type.AdaptedImmutableType@ff21443
2023-02-15 17:00:24.174 DEBUG 12613 --- [    Test worker] org.hibernate.type.BasicTypeRegistry     : Adding type registration imm_calendar -> org.hibernate.type.AdaptedImmutableType@61e14b53
2023-02-15 17:00:24.174 DEBUG 12613 --- [    Test worker] org.hibernate.type.BasicTypeRegistry     : Adding type registration imm_calendar_date -> org.hibernate.type.AdaptedImmutableType@31b6b0c7
2023-02-15 17:00:24.174 DEBUG 12613 --- [    Test worker] org.hibernate.type.BasicTypeRegistry     : Adding type registration imm_binary -> org.hibernate.type.AdaptedImmutableType@6253e59a
2023-02-15 17:00:24.174 DEBUG 12613 --- [    Test worker] org.hibernate.type.BasicTypeRegistry     : Adding type registration imm_serializable -> org.hibernate.type.AdaptedImmutableType@7d1cb59f
2023-02-15 17:00:24.191  INFO 12613 --- [    Test worker] com.zaxxer.hikari.HikariDataSource       : HikariPool-1 - Starting...
2023-02-15 17:00:24.228  INFO 12613 --- [    Test worker] com.zaxxer.hikari.HikariDataSource       : HikariPool-1 - Start completed.
2023-02-15 17:00:24.238  INFO 12613 --- [    Test worker] org.hibernate.dialect.Dialect            : HHH000400: Using dialect: org.hibernate.dialect.H2Dialect
2023-02-15 17:00:24.252 DEBUG 12613 --- [    Test worker] o.h.type.spi.TypeConfiguration$Scope     : Scoping TypeConfiguration [org.hibernate.type.spi.TypeConfiguration@54d60fa1] to MetadataBuildingContext [org.hibernate.boot.internal.MetadataBuildingContextRootImpl@1cb849b2]
2023-02-15 17:00:24.352 DEBUG 12613 --- [    Test worker] org.hibernate.type.EnumType              : Using NAMED-based conversion for Enum com.board.Board_Upgraded.entity.member.Role
2023-02-15 17:00:24.352 DEBUG 12613 --- [    Test worker] o.h.type.spi.TypeConfiguration$Scope     : Scoping TypeConfiguration [org.hibernate.type.spi.TypeConfiguration@54d60fa1] to SessionFactoryImpl [org.hibernate.internal.SessionFactoryImpl@75f65d54]
2023-02-15 17:00:24.461 DEBUG 12613 --- [    Test worker] org.hibernate.SQL                        : 
    
    drop table if exists member CASCADE 
2023-02-15 17:00:24.463 DEBUG 12613 --- [    Test worker] org.hibernate.SQL                        : 
    
    drop table if exists refresh_token CASCADE 
2023-02-15 17:00:24.464 DEBUG 12613 --- [    Test worker] org.hibernate.SQL                        : 
    
    create table member (
       id bigint generated by default as identity,
        created_time timestamp not null,
        last_modified_time timestamp not null,
        member_email varchar(255),
        member_nickname varchar(255),
        member_password varchar(255),
        member_role varchar(255),
        member_username varchar(255),
        primary key (id)
    )
2023-02-15 17:00:24.465 DEBUG 12613 --- [    Test worker] org.hibernate.SQL                        : 
    
    create table refresh_token (
       rt_key varchar(255) not null,
        rt_value varchar(255),
        primary key (rt_key)
    )
2023-02-15 17:00:24.466  INFO 12613 --- [    Test worker] o.h.e.t.j.p.i.JtaPlatformInitiator       : HHH000490: Using JtaPlatform implementation: [org.hibernate.engine.transaction.jta.platform.internal.NoJtaPlatform]
2023-02-15 17:00:24.469 TRACE 12613 --- [    Test worker] o.h.type.spi.TypeConfiguration$Scope     : Handling #sessionFactoryCreated from [org.hibernate.internal.SessionFactoryImpl@75f65d54] for TypeConfiguration
2023-02-15 17:00:24.469  INFO 12613 --- [    Test worker] j.LocalContainerEntityManagerFactoryBean : Initialized JPA EntityManagerFactory for persistence unit 'default'
2023-02-15 17:00:24.814  WARN 12613 --- [    Test worker] JpaBaseConfiguration$JpaWebConfiguration : spring.jpa.open-in-view is enabled by default. Therefore, database queries may be performed during view rendering. Explicitly configure spring.jpa.open-in-view to disable this warning
2023-02-15 17:00:25.012  INFO 12613 --- [    Test worker] o.s.s.web.DefaultSecurityFilterChain     : Will secure any request with [org.springframework.security.web.session.DisableEncodeUrlFilter@20dc763b, org.springframework.security.web.context.request.async.WebAsyncManagerIntegrationFilter@4c81e7c2, org.springframework.security.web.context.SecurityContextPersistenceFilter@3891db3a, org.springframework.security.web.header.HeaderWriterFilter@5de14222, org.springframework.security.web.csrf.CsrfFilter@175745fc, org.springframework.security.web.authentication.logout.LogoutFilter@53570fff, org.springframework.security.web.authentication.www.BasicAuthenticationFilter@387ef6a7, org.springframework.security.web.savedrequest.RequestCacheAwareFilter@365a4b9b, org.springframework.security.web.servletapi.SecurityContextHolderAwareRequestFilter@44c54463, org.springframework.security.web.authentication.AnonymousAuthenticationFilter@4fe8e318, org.springframework.security.web.session.SessionManagementFilter@2b569858, org.springframework.security.web.access.ExceptionTranslationFilter@19a4cdea, org.springframework.security.web.access.intercept.AuthorizationFilter@93c66ef]
2023-02-15 17:00:25.015  WARN 12613 --- [    Test worker] o.s.s.c.a.web.builders.WebSecurity       : You are asking Spring Security to ignore Ant [pattern='/auth/sign_in']. This is not recommended -- please use permitAll via HttpSecurity#authorizeHttpRequests instead.
2023-02-15 17:00:25.015  INFO 12613 --- [    Test worker] o.s.s.web.DefaultSecurityFilterChain     : Will not secure Ant [pattern='/auth/sign_in']
2023-02-15 17:00:25.015  WARN 12613 --- [    Test worker] o.s.s.c.a.web.builders.WebSecurity       : You are asking Spring Security to ignore Ant [pattern='/auth/join']. This is not recommended -- please use permitAll via HttpSecurity#authorizeHttpRequests instead.
2023-02-15 17:00:25.015  INFO 12613 --- [    Test worker] o.s.s.web.DefaultSecurityFilterChain     : Will not secure Ant [pattern='/auth/join']
2023-02-15 17:00:25.294  INFO 12613 --- [    Test worker] o.s.b.t.m.w.SpringBootMockServletContext : Initializing Spring TestDispatcherServlet ''
2023-02-15 17:00:25.294  INFO 12613 --- [    Test worker] o.s.t.web.servlet.TestDispatcherServlet  : Initializing Servlet ''
2023-02-15 17:00:25.295  INFO 12613 --- [    Test worker] o.s.t.web.servlet.TestDispatcherServlet  : Completed initialization in 1 ms
2023-02-15 17:00:25.440  INFO 12613 --- [    Test worker] c.b.B.c.AuthControllerTest_SignIn        : Started AuthControllerTest_SignIn in 2.252 seconds (JVM running for 2.705)
2023-02-15 17:00:25.561 DEBUG 12613 --- [    Test worker] org.hibernate.SQL                        : 
    select
        member0_.id as id1_0_,
        member0_.created_time as created_2_0_,
        member0_.last_modified_time as last_mod3_0_,
        member0_.member_email as member_e4_0_,
        member0_.member_nickname as member_n5_0_,
        member0_.member_password as member_p6_0_,
        member0_.member_role as member_r7_0_,
        member0_.member_username as member_u8_0_ 
    from
        member member0_
2023-02-15 17:00:25.586 DEBUG 12613 --- [    Test worker] org.hibernate.SQL                        : 
    select
        member0_.id as id1_0_,
        member0_.created_time as created_2_0_,
        member0_.last_modified_time as last_mod3_0_,
        member0_.member_email as member_e4_0_,
        member0_.member_nickname as member_n5_0_,
        member0_.member_password as member_p6_0_,
        member0_.member_role as member_r7_0_,
        member0_.member_username as member_u8_0_ 
    from
        member member0_ 
    where
        member0_.member_username=?
2023-02-15 17:00:25.587 TRACE 12613 --- [    Test worker] o.h.type.descriptor.sql.BasicBinder      : binding parameter [1] as [VARCHAR] - [testUser]
2023-02-15 17:00:25.590 DEBUG 12613 --- [    Test worker] org.hibernate.SQL                        : 
    select
        member0_.id as id1_0_,
        member0_.created_time as created_2_0_,
        member0_.last_modified_time as last_mod3_0_,
        member0_.member_email as member_e4_0_,
        member0_.member_nickname as member_n5_0_,
        member0_.member_password as member_p6_0_,
        member0_.member_role as member_r7_0_,
        member0_.member_username as member_u8_0_ 
    from
        member member0_ 
    where
        member0_.member_nickname=?
2023-02-15 17:00:25.591 TRACE 12613 --- [    Test worker] o.h.type.descriptor.sql.BasicBinder      : binding parameter [1] as [VARCHAR] - [test]
2023-02-15 17:00:25.593 DEBUG 12613 --- [    Test worker] org.hibernate.SQL                        : 
    select
        member0_.id as id1_0_,
        member0_.created_time as created_2_0_,
        member0_.last_modified_time as last_mod3_0_,
        member0_.member_email as member_e4_0_,
        member0_.member_nickname as member_n5_0_,
        member0_.member_password as member_p6_0_,
        member0_.member_role as member_r7_0_,
        member0_.member_username as member_u8_0_ 
    from
        member member0_ 
    where
        member0_.member_email=?
2023-02-15 17:00:25.594 TRACE 12613 --- [    Test worker] o.h.type.descriptor.sql.BasicBinder      : binding parameter [1] as [VARCHAR] - [test@test.com]
2023-02-15 17:00:25.695 DEBUG 12613 --- [    Test worker] org.hibernate.SQL                        : 
    insert 
    into
        member
        (id, created_time, last_modified_time, member_email, member_nickname, member_password, member_role, member_username) 
    values
        (default, ?, ?, ?, ?, ?, ?, ?)
2023-02-15 17:00:25.696 TRACE 12613 --- [    Test worker] o.h.type.descriptor.sql.BasicBinder      : binding parameter [1] as [TIMESTAMP] - [2023-02-15T17:00:25.685403]
2023-02-15 17:00:25.696 TRACE 12613 --- [    Test worker] o.h.type.descriptor.sql.BasicBinder      : binding parameter [2] as [TIMESTAMP] - [2023-02-15T17:00:25.677253]
2023-02-15 17:00:25.696 TRACE 12613 --- [    Test worker] o.h.type.descriptor.sql.BasicBinder      : binding parameter [3] as [VARCHAR] - [test@test.com]
2023-02-15 17:00:25.696 TRACE 12613 --- [    Test worker] o.h.type.descriptor.sql.BasicBinder      : binding parameter [4] as [VARCHAR] - [test]
2023-02-15 17:00:25.696 TRACE 12613 --- [    Test worker] o.h.type.descriptor.sql.BasicBinder      : binding parameter [5] as [VARCHAR] - [$2a$10$RKiYrhNkxdmxm0fKnWyZwOugRsj.OpxM3sbfWwqod2belRZFEa3Yy]
2023-02-15 17:00:25.696 TRACE 12613 --- [    Test worker] o.h.type.descriptor.sql.BasicBinder      : binding parameter [6] as [VARCHAR] - [USER]
2023-02-15 17:00:25.696 TRACE 12613 --- [    Test worker] o.h.type.descriptor.sql.BasicBinder      : binding parameter [7] as [VARCHAR] - [testUser]
2023-02-15 17:00:25.749 DEBUG 12613 --- [    Test worker] org.hibernate.SQL                        : 
    select
        member0_.id as id1_0_,
        member0_.created_time as created_2_0_,
        member0_.last_modified_time as last_mod3_0_,
        member0_.member_email as member_e4_0_,
        member0_.member_nickname as member_n5_0_,
        member0_.member_password as member_p6_0_,
        member0_.member_role as member_r7_0_,
        member0_.member_username as member_u8_0_ 
    from
        member member0_ 
    where
        member0_.member_username=?
2023-02-15 17:00:25.749 TRACE 12613 --- [    Test worker] o.h.type.descriptor.sql.BasicBinder      : binding parameter [1] as [VARCHAR] - [testUser]
2023-02-15 17:00:25.750 TRACE 12613 --- [    Test worker] o.h.type.descriptor.sql.BasicExtractor   : extracted value ([id1_0_] : [BIGINT]) - [1]
2023-02-15 17:00:25.751 TRACE 12613 --- [    Test worker] o.h.type.descriptor.sql.BasicExtractor   : extracted value ([created_2_0_] : [TIMESTAMP]) - [2023-02-15T17:00:25.685403]
2023-02-15 17:00:25.751 TRACE 12613 --- [    Test worker] o.h.type.descriptor.sql.BasicExtractor   : extracted value ([last_mod3_0_] : [TIMESTAMP]) - [2023-02-15T17:00:25.677253]
2023-02-15 17:00:25.751 TRACE 12613 --- [    Test worker] o.h.type.descriptor.sql.BasicExtractor   : extracted value ([member_e4_0_] : [VARCHAR]) - [test@test.com]
2023-02-15 17:00:25.751 TRACE 12613 --- [    Test worker] o.h.type.descriptor.sql.BasicExtractor   : extracted value ([member_n5_0_] : [VARCHAR]) - [test]
2023-02-15 17:00:25.751 TRACE 12613 --- [    Test worker] o.h.type.descriptor.sql.BasicExtractor   : extracted value ([member_p6_0_] : [VARCHAR]) - [$2a$10$RKiYrhNkxdmxm0fKnWyZwOugRsj.OpxM3sbfWwqod2belRZFEa3Yy]
2023-02-15 17:00:25.752 TRACE 12613 --- [    Test worker] o.h.type.descriptor.sql.BasicExtractor   : extracted value ([member_r7_0_] : [VARCHAR]) - [USER]
2023-02-15 17:00:25.752 TRACE 12613 --- [    Test worker] o.h.type.descriptor.sql.BasicExtractor   : extracted value ([member_u8_0_] : [VARCHAR]) - [testUser]

MockHttpServletRequest:
      HTTP Method = POST
      Request URI = /auth/sign_in
       Parameters = {}
          Headers = [Content-Type:"application/json;charset=UTF-8", Content-Length:"42"]
             Body = {"username":"testUser","password":"test1"}
    Session Attrs = {}

Handler:
             Type = com.board.Board_Upgraded.controller.AuthController
           Method = com.board.Board_Upgraded.controller.AuthController#signIn(SignInRequestDto)

Async:
    Async started = false
     Async result = null

Resolved Exception:
             Type = com.board.Board_Upgraded.exception.member.PasswordNotMatchingException

ModelAndView:
        View name = null
             View = null
            Model = null

FlashMap:
       Attributes = null

MockHttpServletResponse:
           Status = 400
    Error message = null
          Headers = [Vary:"Origin", "Access-Control-Request-Method", "Access-Control-Request-Headers", Content-Type:"application/json"]
     Content type = application/json
             Body = {"success":false,"code":400,"result":{"failMessage":"비밀번호가 일치하지 않습니다."}}
    Forwarded URL = null
   Redirected URL = null
          Cookies = []
2023-02-15 17:00:25.867 DEBUG 12613 --- [    Test worker] org.hibernate.SQL                        : 
    select
        member0_.id as id1_0_,
        member0_.created_time as created_2_0_,
        member0_.last_modified_time as last_mod3_0_,
        member0_.member_email as member_e4_0_,
        member0_.member_nickname as member_n5_0_,
        member0_.member_password as member_p6_0_,
        member0_.member_role as member_r7_0_,
        member0_.member_username as member_u8_0_ 
    from
        member member0_
2023-02-15 17:00:25.867 TRACE 12613 --- [    Test worker] o.h.type.descriptor.sql.BasicExtractor   : extracted value ([id1_0_] : [BIGINT]) - [1]
2023-02-15 17:00:25.867 TRACE 12613 --- [    Test worker] o.h.type.descriptor.sql.BasicExtractor   : extracted value ([created_2_0_] : [TIMESTAMP]) - [2023-02-15T17:00:25.685403]
2023-02-15 17:00:25.868 TRACE 12613 --- [    Test worker] o.h.type.descriptor.sql.BasicExtractor   : extracted value ([last_mod3_0_] : [TIMESTAMP]) - [2023-02-15T17:00:25.677253]
2023-02-15 17:00:25.868 TRACE 12613 --- [    Test worker] o.h.type.descriptor.sql.BasicExtractor   : extracted value ([member_e4_0_] : [VARCHAR]) - [test@test.com]
2023-02-15 17:00:25.868 TRACE 12613 --- [    Test worker] o.h.type.descriptor.sql.BasicExtractor   : extracted value ([member_n5_0_] : [VARCHAR]) - [test]
2023-02-15 17:00:25.868 TRACE 12613 --- [    Test worker] o.h.type.descriptor.sql.BasicExtractor   : extracted value ([member_p6_0_] : [VARCHAR]) - [$2a$10$RKiYrhNkxdmxm0fKnWyZwOugRsj.OpxM3sbfWwqod2belRZFEa3Yy]
2023-02-15 17:00:25.868 TRACE 12613 --- [    Test worker] o.h.type.descriptor.sql.BasicExtractor   : extracted value ([member_r7_0_] : [VARCHAR]) - [USER]
2023-02-15 17:00:25.868 TRACE 12613 --- [    Test worker] o.h.type.descriptor.sql.BasicExtractor   : extracted value ([member_u8_0_] : [VARCHAR]) - [testUser]
2023-02-15 17:00:25.874 DEBUG 12613 --- [    Test worker] org.hibernate.SQL                        : 
    delete 
    from
        member 
    where
        id=?
2023-02-15 17:00:25.875 TRACE 12613 --- [    Test worker] o.h.type.descriptor.sql.BasicBinder      : binding parameter [1] as [BIGINT] - [1]
2023-02-15 17:00:25.877 DEBUG 12613 --- [    Test worker] org.hibernate.SQL                        : 
    select
        member0_.id as id1_0_,
        member0_.created_time as created_2_0_,
        member0_.last_modified_time as last_mod3_0_,
        member0_.member_email as member_e4_0_,
        member0_.member_nickname as member_n5_0_,
        member0_.member_password as member_p6_0_,
        member0_.member_role as member_r7_0_,
        member0_.member_username as member_u8_0_ 
    from
        member member0_ 
    where
        member0_.member_username=?
2023-02-15 17:00:25.877 TRACE 12613 --- [    Test worker] o.h.type.descriptor.sql.BasicBinder      : binding parameter [1] as [VARCHAR] - [testUser]
2023-02-15 17:00:25.878 DEBUG 12613 --- [    Test worker] org.hibernate.SQL                        : 
    select
        member0_.id as id1_0_,
        member0_.created_time as created_2_0_,
        member0_.last_modified_time as last_mod3_0_,
        member0_.member_email as member_e4_0_,
        member0_.member_nickname as member_n5_0_,
        member0_.member_password as member_p6_0_,
        member0_.member_role as member_r7_0_,
        member0_.member_username as member_u8_0_ 
    from
        member member0_ 
    where
        member0_.member_nickname=?
2023-02-15 17:00:25.878 TRACE 12613 --- [    Test worker] o.h.type.descriptor.sql.BasicBinder      : binding parameter [1] as [VARCHAR] - [test]
2023-02-15 17:00:25.879 DEBUG 12613 --- [    Test worker] org.hibernate.SQL                        : 
    select
        member0_.id as id1_0_,
        member0_.created_time as created_2_0_,
        member0_.last_modified_time as last_mod3_0_,
        member0_.member_email as member_e4_0_,
        member0_.member_nickname as member_n5_0_,
        member0_.member_password as member_p6_0_,
        member0_.member_role as member_r7_0_,
        member0_.member_username as member_u8_0_ 
    from
        member member0_ 
    where
        member0_.member_email=?
2023-02-15 17:00:25.879 TRACE 12613 --- [    Test worker] o.h.type.descriptor.sql.BasicBinder      : binding parameter [1] as [VARCHAR] - [test@test.com]
2023-02-15 17:00:25.960 DEBUG 12613 --- [    Test worker] org.hibernate.SQL                        : 
    insert 
    into
        member
        (id, created_time, last_modified_time, member_email, member_nickname, member_password, member_role, member_username) 
    values
        (default, ?, ?, ?, ?, ?, ?, ?)
2023-02-15 17:00:25.961 TRACE 12613 --- [    Test worker] o.h.type.descriptor.sql.BasicBinder      : binding parameter [1] as [TIMESTAMP] - [2023-02-15T17:00:25.960385]
2023-02-15 17:00:25.961 TRACE 12613 --- [    Test worker] o.h.type.descriptor.sql.BasicBinder      : binding parameter [2] as [TIMESTAMP] - [2023-02-15T17:00:25.960144]
2023-02-15 17:00:25.961 TRACE 12613 --- [    Test worker] o.h.type.descriptor.sql.BasicBinder      : binding parameter [3] as [VARCHAR] - [test@test.com]
2023-02-15 17:00:25.961 TRACE 12613 --- [    Test worker] o.h.type.descriptor.sql.BasicBinder      : binding parameter [4] as [VARCHAR] - [test]
2023-02-15 17:00:25.961 TRACE 12613 --- [    Test worker] o.h.type.descriptor.sql.BasicBinder      : binding parameter [5] as [VARCHAR] - [$2a$10$t7kepwHJfSo1qPjbKGO96uftdHOTlGuVbkBolYH8.zb5Fs.jzvRNi]
2023-02-15 17:00:25.961 TRACE 12613 --- [    Test worker] o.h.type.descriptor.sql.BasicBinder      : binding parameter [6] as [VARCHAR] - [USER]
2023-02-15 17:00:25.961 TRACE 12613 --- [    Test worker] o.h.type.descriptor.sql.BasicBinder      : binding parameter [7] as [VARCHAR] - [testUser]

MockHttpServletRequest:
      HTTP Method = POST
      Request URI = /auth/sign_in
       Parameters = {}
          Headers = [Content-Type:"application/json;charset=UTF-8", Content-Length:"35"]
             Body = {"username":null,"password":"test"}
    Session Attrs = {}

Handler:
             Type = com.board.Board_Upgraded.controller.AuthController
           Method = com.board.Board_Upgraded.controller.AuthController#signIn(SignInRequestDto)

Async:
    Async started = false
     Async result = null

Resolved Exception:
             Type = org.springframework.web.bind.MethodArgumentNotValidException

ModelAndView:
        View name = null
             View = null
            Model = null

FlashMap:
       Attributes = null

MockHttpServletResponse:
           Status = 400
    Error message = null
          Headers = [Vary:"Origin", "Access-Control-Request-Method", "Access-Control-Request-Headers", Content-Type:"application/json"]
     Content type = application/json
             Body = {"success":false,"code":400,"result":{"failMessage":"아이디를 입력해야 합니다."}}
    Forwarded URL = null
   Redirected URL = null
          Cookies = []
2023-02-15 17:00:25.974 DEBUG 12613 --- [    Test worker] org.hibernate.SQL                        : 
    select
        member0_.id as id1_0_,
        member0_.created_time as created_2_0_,
        member0_.last_modified_time as last_mod3_0_,
        member0_.member_email as member_e4_0_,
        member0_.member_nickname as member_n5_0_,
        member0_.member_password as member_p6_0_,
        member0_.member_role as member_r7_0_,
        member0_.member_username as member_u8_0_ 
    from
        member member0_
2023-02-15 17:00:25.975 TRACE 12613 --- [    Test worker] o.h.type.descriptor.sql.BasicExtractor   : extracted value ([id1_0_] : [BIGINT]) - [2]
2023-02-15 17:00:25.975 TRACE 12613 --- [    Test worker] o.h.type.descriptor.sql.BasicExtractor   : extracted value ([created_2_0_] : [TIMESTAMP]) - [2023-02-15T17:00:25.960385]
2023-02-15 17:00:25.975 TRACE 12613 --- [    Test worker] o.h.type.descriptor.sql.BasicExtractor   : extracted value ([last_mod3_0_] : [TIMESTAMP]) - [2023-02-15T17:00:25.960144]
2023-02-15 17:00:25.976 TRACE 12613 --- [    Test worker] o.h.type.descriptor.sql.BasicExtractor   : extracted value ([member_e4_0_] : [VARCHAR]) - [test@test.com]
2023-02-15 17:00:25.976 TRACE 12613 --- [    Test worker] o.h.type.descriptor.sql.BasicExtractor   : extracted value ([member_n5_0_] : [VARCHAR]) - [test]
2023-02-15 17:00:25.976 TRACE 12613 --- [    Test worker] o.h.type.descriptor.sql.BasicExtractor   : extracted value ([member_p6_0_] : [VARCHAR]) - [$2a$10$t7kepwHJfSo1qPjbKGO96uftdHOTlGuVbkBolYH8.zb5Fs.jzvRNi]
2023-02-15 17:00:25.976 TRACE 12613 --- [    Test worker] o.h.type.descriptor.sql.BasicExtractor   : extracted value ([member_r7_0_] : [VARCHAR]) - [USER]
2023-02-15 17:00:25.976 TRACE 12613 --- [    Test worker] o.h.type.descriptor.sql.BasicExtractor   : extracted value ([member_u8_0_] : [VARCHAR]) - [testUser]
2023-02-15 17:00:25.976 DEBUG 12613 --- [    Test worker] org.hibernate.SQL                        : 
    delete 
    from
        member 
    where
        id=?
2023-02-15 17:00:25.976 TRACE 12613 --- [    Test worker] o.h.type.descriptor.sql.BasicBinder      : binding parameter [1] as [BIGINT] - [2]
2023-02-15 17:00:25.978 DEBUG 12613 --- [    Test worker] org.hibernate.SQL                        : 
    select
        member0_.id as id1_0_,
        member0_.created_time as created_2_0_,
        member0_.last_modified_time as last_mod3_0_,
        member0_.member_email as member_e4_0_,
        member0_.member_nickname as member_n5_0_,
        member0_.member_password as member_p6_0_,
        member0_.member_role as member_r7_0_,
        member0_.member_username as member_u8_0_ 
    from
        member member0_ 
    where
        member0_.member_username=?
2023-02-15 17:00:25.979 TRACE 12613 --- [    Test worker] o.h.type.descriptor.sql.BasicBinder      : binding parameter [1] as [VARCHAR] - [testUser]
2023-02-15 17:00:25.982 DEBUG 12613 --- [    Test worker] org.hibernate.SQL                        : 
    select
        member0_.id as id1_0_,
        member0_.created_time as created_2_0_,
        member0_.last_modified_time as last_mod3_0_,
        member0_.member_email as member_e4_0_,
        member0_.member_nickname as member_n5_0_,
        member0_.member_password as member_p6_0_,
        member0_.member_role as member_r7_0_,
        member0_.member_username as member_u8_0_ 
    from
        member member0_ 
    where
        member0_.member_nickname=?
2023-02-15 17:00:25.982 TRACE 12613 --- [    Test worker] o.h.type.descriptor.sql.BasicBinder      : binding parameter [1] as [VARCHAR] - [test]
2023-02-15 17:00:25.983 DEBUG 12613 --- [    Test worker] org.hibernate.SQL                        : 
    select
        member0_.id as id1_0_,
        member0_.created_time as created_2_0_,
        member0_.last_modified_time as last_mod3_0_,
        member0_.member_email as member_e4_0_,
        member0_.member_nickname as member_n5_0_,
        member0_.member_password as member_p6_0_,
        member0_.member_role as member_r7_0_,
        member0_.member_username as member_u8_0_ 
    from
        member member0_ 
    where
        member0_.member_email=?
2023-02-15 17:00:25.983 TRACE 12613 --- [    Test worker] o.h.type.descriptor.sql.BasicBinder      : binding parameter [1] as [VARCHAR] - [test@test.com]
2023-02-15 17:00:26.061 DEBUG 12613 --- [    Test worker] org.hibernate.SQL                        : 
    insert 
    into
        member
        (id, created_time, last_modified_time, member_email, member_nickname, member_password, member_role, member_username) 
    values
        (default, ?, ?, ?, ?, ?, ?, ?)
2023-02-15 17:00:26.062 TRACE 12613 --- [    Test worker] o.h.type.descriptor.sql.BasicBinder      : binding parameter [1] as [TIMESTAMP] - [2023-02-15T17:00:26.061752]
2023-02-15 17:00:26.062 TRACE 12613 --- [    Test worker] o.h.type.descriptor.sql.BasicBinder      : binding parameter [2] as [TIMESTAMP] - [2023-02-15T17:00:26.061541]
2023-02-15 17:00:26.062 TRACE 12613 --- [    Test worker] o.h.type.descriptor.sql.BasicBinder      : binding parameter [3] as [VARCHAR] - [test@test.com]
2023-02-15 17:00:26.062 TRACE 12613 --- [    Test worker] o.h.type.descriptor.sql.BasicBinder      : binding parameter [4] as [VARCHAR] - [test]
2023-02-15 17:00:26.062 TRACE 12613 --- [    Test worker] o.h.type.descriptor.sql.BasicBinder      : binding parameter [5] as [VARCHAR] - [$2a$10$u1wLZiBoZ5.3FhyJ26YMz.P.M38CUa/cmDvhY/onvHHdSoCnaOwh.]
2023-02-15 17:00:26.062 TRACE 12613 --- [    Test worker] o.h.type.descriptor.sql.BasicBinder      : binding parameter [6] as [VARCHAR] - [USER]
2023-02-15 17:00:26.062 TRACE 12613 --- [    Test worker] o.h.type.descriptor.sql.BasicBinder      : binding parameter [7] as [VARCHAR] - [testUser]

MockHttpServletRequest:
      HTTP Method = POST
      Request URI = /auth/sign_in
       Parameters = {}
          Headers = [Content-Type:"application/json;charset=UTF-8", Content-Length:"39"]
             Body = {"username":"testUser","password":"  "}
    Session Attrs = {}

Handler:
             Type = com.board.Board_Upgraded.controller.AuthController
           Method = com.board.Board_Upgraded.controller.AuthController#signIn(SignInRequestDto)

Async:
    Async started = false
     Async result = null

Resolved Exception:
             Type = org.springframework.web.bind.MethodArgumentNotValidException

ModelAndView:
        View name = null
             View = null
            Model = null

FlashMap:
       Attributes = null

MockHttpServletResponse:
           Status = 400
    Error message = null
          Headers = [Vary:"Origin", "Access-Control-Request-Method", "Access-Control-Request-Headers", Content-Type:"application/json"]
     Content type = application/json
             Body = {"success":false,"code":400,"result":{"failMessage":"비밀번호를 입력해야 합니다."}}
    Forwarded URL = null
   Redirected URL = null
          Cookies = []
2023-02-15 17:00:26.068 DEBUG 12613 --- [    Test worker] org.hibernate.SQL                        : 
    select
        member0_.id as id1_0_,
        member0_.created_time as created_2_0_,
        member0_.last_modified_time as last_mod3_0_,
        member0_.member_email as member_e4_0_,
        member0_.member_nickname as member_n5_0_,
        member0_.member_password as member_p6_0_,
        member0_.member_role as member_r7_0_,
        member0_.member_username as member_u8_0_ 
    from
        member member0_
2023-02-15 17:00:26.069 TRACE 12613 --- [    Test worker] o.h.type.descriptor.sql.BasicExtractor   : extracted value ([id1_0_] : [BIGINT]) - [3]
2023-02-15 17:00:26.069 TRACE 12613 --- [    Test worker] o.h.type.descriptor.sql.BasicExtractor   : extracted value ([created_2_0_] : [TIMESTAMP]) - [2023-02-15T17:00:26.061752]
2023-02-15 17:00:26.069 TRACE 12613 --- [    Test worker] o.h.type.descriptor.sql.BasicExtractor   : extracted value ([last_mod3_0_] : [TIMESTAMP]) - [2023-02-15T17:00:26.061541]
2023-02-15 17:00:26.069 TRACE 12613 --- [    Test worker] o.h.type.descriptor.sql.BasicExtractor   : extracted value ([member_e4_0_] : [VARCHAR]) - [test@test.com]
2023-02-15 17:00:26.069 TRACE 12613 --- [    Test worker] o.h.type.descriptor.sql.BasicExtractor   : extracted value ([member_n5_0_] : [VARCHAR]) - [test]
2023-02-15 17:00:26.069 TRACE 12613 --- [    Test worker] o.h.type.descriptor.sql.BasicExtractor   : extracted value ([member_p6_0_] : [VARCHAR]) - [$2a$10$u1wLZiBoZ5.3FhyJ26YMz.P.M38CUa/cmDvhY/onvHHdSoCnaOwh.]
2023-02-15 17:00:26.069 TRACE 12613 --- [    Test worker] o.h.type.descriptor.sql.BasicExtractor   : extracted value ([member_r7_0_] : [VARCHAR]) - [USER]
2023-02-15 17:00:26.069 TRACE 12613 --- [    Test worker] o.h.type.descriptor.sql.BasicExtractor   : extracted value ([member_u8_0_] : [VARCHAR]) - [testUser]
2023-02-15 17:00:26.070 DEBUG 12613 --- [    Test worker] org.hibernate.SQL                        : 
    delete 
    from
        member 
    where
        id=?
2023-02-15 17:00:26.070 TRACE 12613 --- [    Test worker] o.h.type.descriptor.sql.BasicBinder      : binding parameter [1] as [BIGINT] - [3]
2023-02-15 17:00:26.071 DEBUG 12613 --- [    Test worker] org.hibernate.SQL                        : 
    select
        member0_.id as id1_0_,
        member0_.created_time as created_2_0_,
        member0_.last_modified_time as last_mod3_0_,
        member0_.member_email as member_e4_0_,
        member0_.member_nickname as member_n5_0_,
        member0_.member_password as member_p6_0_,
        member0_.member_role as member_r7_0_,
        member0_.member_username as member_u8_0_ 
    from
        member member0_ 
    where
        member0_.member_username=?
2023-02-15 17:00:26.071 TRACE 12613 --- [    Test worker] o.h.type.descriptor.sql.BasicBinder      : binding parameter [1] as [VARCHAR] - [testUser]
2023-02-15 17:00:26.072 DEBUG 12613 --- [    Test worker] org.hibernate.SQL                        : 
    select
        member0_.id as id1_0_,
        member0_.created_time as created_2_0_,
        member0_.last_modified_time as last_mod3_0_,
        member0_.member_email as member_e4_0_,
        member0_.member_nickname as member_n5_0_,
        member0_.member_password as member_p6_0_,
        member0_.member_role as member_r7_0_,
        member0_.member_username as member_u8_0_ 
    from
        member member0_ 
    where
        member0_.member_nickname=?
2023-02-15 17:00:26.072 TRACE 12613 --- [    Test worker] o.h.type.descriptor.sql.BasicBinder      : binding parameter [1] as [VARCHAR] - [test]
2023-02-15 17:00:26.073 DEBUG 12613 --- [    Test worker] org.hibernate.SQL                        : 
    select
        member0_.id as id1_0_,
        member0_.created_time as created_2_0_,
        member0_.last_modified_time as last_mod3_0_,
        member0_.member_email as member_e4_0_,
        member0_.member_nickname as member_n5_0_,
        member0_.member_password as member_p6_0_,
        member0_.member_role as member_r7_0_,
        member0_.member_username as member_u8_0_ 
    from
        member member0_ 
    where
        member0_.member_email=?
2023-02-15 17:00:26.074 TRACE 12613 --- [    Test worker] o.h.type.descriptor.sql.BasicBinder      : binding parameter [1] as [VARCHAR] - [test@test.com]
2023-02-15 17:00:26.149 DEBUG 12613 --- [    Test worker] org.hibernate.SQL                        : 
    insert 
    into
        member
        (id, created_time, last_modified_time, member_email, member_nickname, member_password, member_role, member_username) 
    values
        (default, ?, ?, ?, ?, ?, ?, ?)
2023-02-15 17:00:26.149 TRACE 12613 --- [    Test worker] o.h.type.descriptor.sql.BasicBinder      : binding parameter [1] as [TIMESTAMP] - [2023-02-15T17:00:26.149255]
2023-02-15 17:00:26.149 TRACE 12613 --- [    Test worker] o.h.type.descriptor.sql.BasicBinder      : binding parameter [2] as [TIMESTAMP] - [2023-02-15T17:00:26.148885]
2023-02-15 17:00:26.149 TRACE 12613 --- [    Test worker] o.h.type.descriptor.sql.BasicBinder      : binding parameter [3] as [VARCHAR] - [test@test.com]
2023-02-15 17:00:26.150 TRACE 12613 --- [    Test worker] o.h.type.descriptor.sql.BasicBinder      : binding parameter [4] as [VARCHAR] - [test]
2023-02-15 17:00:26.150 TRACE 12613 --- [    Test worker] o.h.type.descriptor.sql.BasicBinder      : binding parameter [5] as [VARCHAR] - [$2a$10$Owb2hCH57bmDzBklI1a9oeymIIli78hWKlOIiS803ClsNvpzcXo/S]
2023-02-15 17:00:26.150 TRACE 12613 --- [    Test worker] o.h.type.descriptor.sql.BasicBinder      : binding parameter [6] as [VARCHAR] - [USER]
2023-02-15 17:00:26.150 TRACE 12613 --- [    Test worker] o.h.type.descriptor.sql.BasicBinder      : binding parameter [7] as [VARCHAR] - [testUser]

MockHttpServletRequest:
      HTTP Method = POST
      Request URI = /auth/sign_in
       Parameters = {}
          Headers = [Content-Type:"application/json;charset=UTF-8", Content-Length:"39"]
             Body = {"username":"testUser","password":null}
    Session Attrs = {}

Handler:
             Type = com.board.Board_Upgraded.controller.AuthController
           Method = com.board.Board_Upgraded.controller.AuthController#signIn(SignInRequestDto)

Async:
    Async started = false
     Async result = null

Resolved Exception:
             Type = org.springframework.web.bind.MethodArgumentNotValidException

ModelAndView:
        View name = null
             View = null
            Model = null

FlashMap:
       Attributes = null

MockHttpServletResponse:
           Status = 400
    Error message = null
          Headers = [Vary:"Origin", "Access-Control-Request-Method", "Access-Control-Request-Headers", Content-Type:"application/json"]
     Content type = application/json
             Body = {"success":false,"code":400,"result":{"failMessage":"비밀번호를 입력해야 합니다."}}
    Forwarded URL = null
   Redirected URL = null
          Cookies = []
2023-02-15 17:00:26.156 DEBUG 12613 --- [    Test worker] org.hibernate.SQL                        : 
    select
        member0_.id as id1_0_,
        member0_.created_time as created_2_0_,
        member0_.last_modified_time as last_mod3_0_,
        member0_.member_email as member_e4_0_,
        member0_.member_nickname as member_n5_0_,
        member0_.member_password as member_p6_0_,
        member0_.member_role as member_r7_0_,
        member0_.member_username as member_u8_0_ 
    from
        member member0_
2023-02-15 17:00:26.156 TRACE 12613 --- [    Test worker] o.h.type.descriptor.sql.BasicExtractor   : extracted value ([id1_0_] : [BIGINT]) - [4]
2023-02-15 17:00:26.157 TRACE 12613 --- [    Test worker] o.h.type.descriptor.sql.BasicExtractor   : extracted value ([created_2_0_] : [TIMESTAMP]) - [2023-02-15T17:00:26.149255]
2023-02-15 17:00:26.157 TRACE 12613 --- [    Test worker] o.h.type.descriptor.sql.BasicExtractor   : extracted value ([last_mod3_0_] : [TIMESTAMP]) - [2023-02-15T17:00:26.148885]
2023-02-15 17:00:26.157 TRACE 12613 --- [    Test worker] o.h.type.descriptor.sql.BasicExtractor   : extracted value ([member_e4_0_] : [VARCHAR]) - [test@test.com]
2023-02-15 17:00:26.157 TRACE 12613 --- [    Test worker] o.h.type.descriptor.sql.BasicExtractor   : extracted value ([member_n5_0_] : [VARCHAR]) - [test]
2023-02-15 17:00:26.157 TRACE 12613 --- [    Test worker] o.h.type.descriptor.sql.BasicExtractor   : extracted value ([member_p6_0_] : [VARCHAR]) - [$2a$10$Owb2hCH57bmDzBklI1a9oeymIIli78hWKlOIiS803ClsNvpzcXo/S]
2023-02-15 17:00:26.157 TRACE 12613 --- [    Test worker] o.h.type.descriptor.sql.BasicExtractor   : extracted value ([member_r7_0_] : [VARCHAR]) - [USER]
2023-02-15 17:00:26.157 TRACE 12613 --- [    Test worker] o.h.type.descriptor.sql.BasicExtractor   : extracted value ([member_u8_0_] : [VARCHAR]) - [testUser]
2023-02-15 17:00:26.157 DEBUG 12613 --- [    Test worker] org.hibernate.SQL                        : 
    delete 
    from
        member 
    where
        id=?
2023-02-15 17:00:26.157 TRACE 12613 --- [    Test worker] o.h.type.descriptor.sql.BasicBinder      : binding parameter [1] as [BIGINT] - [4]
2023-02-15 17:00:26.158 DEBUG 12613 --- [    Test worker] org.hibernate.SQL                        : 
    select
        member0_.id as id1_0_,
        member0_.created_time as created_2_0_,
        member0_.last_modified_time as last_mod3_0_,
        member0_.member_email as member_e4_0_,
        member0_.member_nickname as member_n5_0_,
        member0_.member_password as member_p6_0_,
        member0_.member_role as member_r7_0_,
        member0_.member_username as member_u8_0_ 
    from
        member member0_ 
    where
        member0_.member_username=?
2023-02-15 17:00:26.158 TRACE 12613 --- [    Test worker] o.h.type.descriptor.sql.BasicBinder      : binding parameter [1] as [VARCHAR] - [testUser]
2023-02-15 17:00:26.159 DEBUG 12613 --- [    Test worker] org.hibernate.SQL                        : 
    select
        member0_.id as id1_0_,
        member0_.created_time as created_2_0_,
        member0_.last_modified_time as last_mod3_0_,
        member0_.member_email as member_e4_0_,
        member0_.member_nickname as member_n5_0_,
        member0_.member_password as member_p6_0_,
        member0_.member_role as member_r7_0_,
        member0_.member_username as member_u8_0_ 
    from
        member member0_ 
    where
        member0_.member_nickname=?
2023-02-15 17:00:26.160 TRACE 12613 --- [    Test worker] o.h.type.descriptor.sql.BasicBinder      : binding parameter [1] as [VARCHAR] - [test]
2023-02-15 17:00:26.160 DEBUG 12613 --- [    Test worker] org.hibernate.SQL                        : 
    select
        member0_.id as id1_0_,
        member0_.created_time as created_2_0_,
        member0_.last_modified_time as last_mod3_0_,
        member0_.member_email as member_e4_0_,
        member0_.member_nickname as member_n5_0_,
        member0_.member_password as member_p6_0_,
        member0_.member_role as member_r7_0_,
        member0_.member_username as member_u8_0_ 
    from
        member member0_ 
    where
        member0_.member_email=?
2023-02-15 17:00:26.160 TRACE 12613 --- [    Test worker] o.h.type.descriptor.sql.BasicBinder      : binding parameter [1] as [VARCHAR] - [test@test.com]
2023-02-15 17:00:26.237 DEBUG 12613 --- [    Test worker] org.hibernate.SQL                        : 
    insert 
    into
        member
        (id, created_time, last_modified_time, member_email, member_nickname, member_password, member_role, member_username) 
    values
        (default, ?, ?, ?, ?, ?, ?, ?)
2023-02-15 17:00:26.237 TRACE 12613 --- [    Test worker] o.h.type.descriptor.sql.BasicBinder      : binding parameter [1] as [TIMESTAMP] - [2023-02-15T17:00:26.236808]
2023-02-15 17:00:26.237 TRACE 12613 --- [    Test worker] o.h.type.descriptor.sql.BasicBinder      : binding parameter [2] as [TIMESTAMP] - [2023-02-15T17:00:26.236592]
2023-02-15 17:00:26.237 TRACE 12613 --- [    Test worker] o.h.type.descriptor.sql.BasicBinder      : binding parameter [3] as [VARCHAR] - [test@test.com]
2023-02-15 17:00:26.237 TRACE 12613 --- [    Test worker] o.h.type.descriptor.sql.BasicBinder      : binding parameter [4] as [VARCHAR] - [test]
2023-02-15 17:00:26.237 TRACE 12613 --- [    Test worker] o.h.type.descriptor.sql.BasicBinder      : binding parameter [5] as [VARCHAR] - [$2a$10$hXA31Z5P1wOSjfemM/YQme4ZTjc8ap3cSiXqmajEfcOyWHXmVW2ke]
2023-02-15 17:00:26.237 TRACE 12613 --- [    Test worker] o.h.type.descriptor.sql.BasicBinder      : binding parameter [6] as [VARCHAR] - [USER]
2023-02-15 17:00:26.237 TRACE 12613 --- [    Test worker] o.h.type.descriptor.sql.BasicBinder      : binding parameter [7] as [VARCHAR] - [testUser]
2023-02-15 17:00:26.239 DEBUG 12613 --- [    Test worker] org.hibernate.SQL                        : 
    select
        member0_.id as id1_0_,
        member0_.created_time as created_2_0_,
        member0_.last_modified_time as last_mod3_0_,
        member0_.member_email as member_e4_0_,
        member0_.member_nickname as member_n5_0_,
        member0_.member_password as member_p6_0_,
        member0_.member_role as member_r7_0_,
        member0_.member_username as member_u8_0_ 
    from
        member member0_ 
    where
        member0_.member_username=?
2023-02-15 17:00:26.240 TRACE 12613 --- [    Test worker] o.h.type.descriptor.sql.BasicBinder      : binding parameter [1] as [VARCHAR] - [testUser1]

MockHttpServletRequest:
      HTTP Method = POST
      Request URI = /auth/sign_in
       Parameters = {}
          Headers = [Content-Type:"application/json;charset=UTF-8", Content-Length:"42"]
             Body = {"username":"testUser1","password":"test"}
    Session Attrs = {}

Handler:
             Type = com.board.Board_Upgraded.controller.AuthController
           Method = com.board.Board_Upgraded.controller.AuthController#signIn(SignInRequestDto)

Async:
    Async started = false
     Async result = null

Resolved Exception:
             Type = com.board.Board_Upgraded.exception.member.MemberNotFoundException

ModelAndView:
        View name = null
             View = null
            Model = null

FlashMap:
       Attributes = null

MockHttpServletResponse:
           Status = 404
    Error message = null
          Headers = [Vary:"Origin", "Access-Control-Request-Method", "Access-Control-Request-Headers", Content-Type:"application/json"]
     Content type = application/json
             Body = {"success":false,"code":404,"result":{"failMessage":"해당 사용자를 찾을 수 없습니다."}}
    Forwarded URL = null
   Redirected URL = null
          Cookies = []
2023-02-15 17:00:26.244 DEBUG 12613 --- [    Test worker] org.hibernate.SQL                        : 
    select
        member0_.id as id1_0_,
        member0_.created_time as created_2_0_,
        member0_.last_modified_time as last_mod3_0_,
        member0_.member_email as member_e4_0_,
        member0_.member_nickname as member_n5_0_,
        member0_.member_password as member_p6_0_,
        member0_.member_role as member_r7_0_,
        member0_.member_username as member_u8_0_ 
    from
        member member0_
2023-02-15 17:00:26.245 TRACE 12613 --- [    Test worker] o.h.type.descriptor.sql.BasicExtractor   : extracted value ([id1_0_] : [BIGINT]) - [5]
2023-02-15 17:00:26.245 TRACE 12613 --- [    Test worker] o.h.type.descriptor.sql.BasicExtractor   : extracted value ([created_2_0_] : [TIMESTAMP]) - [2023-02-15T17:00:26.236808]
2023-02-15 17:00:26.245 TRACE 12613 --- [    Test worker] o.h.type.descriptor.sql.BasicExtractor   : extracted value ([last_mod3_0_] : [TIMESTAMP]) - [2023-02-15T17:00:26.236592]
2023-02-15 17:00:26.245 TRACE 12613 --- [    Test worker] o.h.type.descriptor.sql.BasicExtractor   : extracted value ([member_e4_0_] : [VARCHAR]) - [test@test.com]
2023-02-15 17:00:26.245 TRACE 12613 --- [    Test worker] o.h.type.descriptor.sql.BasicExtractor   : extracted value ([member_n5_0_] : [VARCHAR]) - [test]
2023-02-15 17:00:26.245 TRACE 12613 --- [    Test worker] o.h.type.descriptor.sql.BasicExtractor   : extracted value ([member_p6_0_] : [VARCHAR]) - [$2a$10$hXA31Z5P1wOSjfemM/YQme4ZTjc8ap3cSiXqmajEfcOyWHXmVW2ke]
2023-02-15 17:00:26.245 TRACE 12613 --- [    Test worker] o.h.type.descriptor.sql.BasicExtractor   : extracted value ([member_r7_0_] : [VARCHAR]) - [USER]
2023-02-15 17:00:26.245 TRACE 12613 --- [    Test worker] o.h.type.descriptor.sql.BasicExtractor   : extracted value ([member_u8_0_] : [VARCHAR]) - [testUser]
2023-02-15 17:00:26.246 DEBUG 12613 --- [    Test worker] org.hibernate.SQL                        : 
    delete 
    from
        member 
    where
        id=?
2023-02-15 17:00:26.246 TRACE 12613 --- [    Test worker] o.h.type.descriptor.sql.BasicBinder      : binding parameter [1] as [BIGINT] - [5]
2023-02-15 17:00:26.247 DEBUG 12613 --- [    Test worker] org.hibernate.SQL                        : 
    select
        member0_.id as id1_0_,
        member0_.created_time as created_2_0_,
        member0_.last_modified_time as last_mod3_0_,
        member0_.member_email as member_e4_0_,
        member0_.member_nickname as member_n5_0_,
        member0_.member_password as member_p6_0_,
        member0_.member_role as member_r7_0_,
        member0_.member_username as member_u8_0_ 
    from
        member member0_ 
    where
        member0_.member_username=?
2023-02-15 17:00:26.248 TRACE 12613 --- [    Test worker] o.h.type.descriptor.sql.BasicBinder      : binding parameter [1] as [VARCHAR] - [testUser]
2023-02-15 17:00:26.248 DEBUG 12613 --- [    Test worker] org.hibernate.SQL                        : 
    select
        member0_.id as id1_0_,
        member0_.created_time as created_2_0_,
        member0_.last_modified_time as last_mod3_0_,
        member0_.member_email as member_e4_0_,
        member0_.member_nickname as member_n5_0_,
        member0_.member_password as member_p6_0_,
        member0_.member_role as member_r7_0_,
        member0_.member_username as member_u8_0_ 
    from
        member member0_ 
    where
        member0_.member_nickname=?
2023-02-15 17:00:26.248 TRACE 12613 --- [    Test worker] o.h.type.descriptor.sql.BasicBinder      : binding parameter [1] as [VARCHAR] - [test]
2023-02-15 17:00:26.249 DEBUG 12613 --- [    Test worker] org.hibernate.SQL                        : 
    select
        member0_.id as id1_0_,
        member0_.created_time as created_2_0_,
        member0_.last_modified_time as last_mod3_0_,
        member0_.member_email as member_e4_0_,
        member0_.member_nickname as member_n5_0_,
        member0_.member_password as member_p6_0_,
        member0_.member_role as member_r7_0_,
        member0_.member_username as member_u8_0_ 
    from
        member member0_ 
    where
        member0_.member_email=?
2023-02-15 17:00:26.249 TRACE 12613 --- [    Test worker] o.h.type.descriptor.sql.BasicBinder      : binding parameter [1] as [VARCHAR] - [test@test.com]
2023-02-15 17:00:26.325 DEBUG 12613 --- [    Test worker] org.hibernate.SQL                        : 
    insert 
    into
        member
        (id, created_time, last_modified_time, member_email, member_nickname, member_password, member_role, member_username) 
    values
        (default, ?, ?, ?, ?, ?, ?, ?)
2023-02-15 17:00:26.325 TRACE 12613 --- [    Test worker] o.h.type.descriptor.sql.BasicBinder      : binding parameter [1] as [TIMESTAMP] - [2023-02-15T17:00:26.324916]
2023-02-15 17:00:26.325 TRACE 12613 --- [    Test worker] o.h.type.descriptor.sql.BasicBinder      : binding parameter [2] as [TIMESTAMP] - [2023-02-15T17:00:26.324560]
2023-02-15 17:00:26.325 TRACE 12613 --- [    Test worker] o.h.type.descriptor.sql.BasicBinder      : binding parameter [3] as [VARCHAR] - [test@test.com]
2023-02-15 17:00:26.325 TRACE 12613 --- [    Test worker] o.h.type.descriptor.sql.BasicBinder      : binding parameter [4] as [VARCHAR] - [test]
2023-02-15 17:00:26.325 TRACE 12613 --- [    Test worker] o.h.type.descriptor.sql.BasicBinder      : binding parameter [5] as [VARCHAR] - [$2a$10$XOMVgkg5.Gc8i1uJO3UH7.atfwfucEg5l5NAimCipaU3/Gh5XdItm]
2023-02-15 17:00:26.325 TRACE 12613 --- [    Test worker] o.h.type.descriptor.sql.BasicBinder      : binding parameter [6] as [VARCHAR] - [USER]
2023-02-15 17:00:26.325 TRACE 12613 --- [    Test worker] o.h.type.descriptor.sql.BasicBinder      : binding parameter [7] as [VARCHAR] - [testUser]
2023-02-15 17:00:26.328 DEBUG 12613 --- [    Test worker] org.hibernate.SQL                        : 
    select
        member0_.id as id1_0_,
        member0_.created_time as created_2_0_,
        member0_.last_modified_time as last_mod3_0_,
        member0_.member_email as member_e4_0_,
        member0_.member_nickname as member_n5_0_,
        member0_.member_password as member_p6_0_,
        member0_.member_role as member_r7_0_,
        member0_.member_username as member_u8_0_ 
    from
        member member0_ 
    where
        member0_.member_username=?
2023-02-15 17:00:26.328 TRACE 12613 --- [    Test worker] o.h.type.descriptor.sql.BasicBinder      : binding parameter [1] as [VARCHAR] - [testUser]
2023-02-15 17:00:26.328 TRACE 12613 --- [    Test worker] o.h.type.descriptor.sql.BasicExtractor   : extracted value ([id1_0_] : [BIGINT]) - [6]
2023-02-15 17:00:26.328 TRACE 12613 --- [    Test worker] o.h.type.descriptor.sql.BasicExtractor   : extracted value ([created_2_0_] : [TIMESTAMP]) - [2023-02-15T17:00:26.324916]
2023-02-15 17:00:26.328 TRACE 12613 --- [    Test worker] o.h.type.descriptor.sql.BasicExtractor   : extracted value ([last_mod3_0_] : [TIMESTAMP]) - [2023-02-15T17:00:26.324560]
2023-02-15 17:00:26.328 TRACE 12613 --- [    Test worker] o.h.type.descriptor.sql.BasicExtractor   : extracted value ([member_e4_0_] : [VARCHAR]) - [test@test.com]
2023-02-15 17:00:26.328 TRACE 12613 --- [    Test worker] o.h.type.descriptor.sql.BasicExtractor   : extracted value ([member_n5_0_] : [VARCHAR]) - [test]
2023-02-15 17:00:26.328 TRACE 12613 --- [    Test worker] o.h.type.descriptor.sql.BasicExtractor   : extracted value ([member_p6_0_] : [VARCHAR]) - [$2a$10$XOMVgkg5.Gc8i1uJO3UH7.atfwfucEg5l5NAimCipaU3/Gh5XdItm]
2023-02-15 17:00:26.328 TRACE 12613 --- [    Test worker] o.h.type.descriptor.sql.BasicExtractor   : extracted value ([member_r7_0_] : [VARCHAR]) - [USER]
2023-02-15 17:00:26.328 TRACE 12613 --- [    Test worker] o.h.type.descriptor.sql.BasicExtractor   : extracted value ([member_u8_0_] : [VARCHAR]) - [testUser]
2023-02-15 17:00:26.480 DEBUG 12613 --- [    Test worker] org.hibernate.SQL                        : 
    select
        member0_.id as id1_0_,
        member0_.created_time as created_2_0_,
        member0_.last_modified_time as last_mod3_0_,
        member0_.member_email as member_e4_0_,
        member0_.member_nickname as member_n5_0_,
        member0_.member_password as member_p6_0_,
        member0_.member_role as member_r7_0_,
        member0_.member_username as member_u8_0_ 
    from
        member member0_ 
    where
        member0_.member_username=?
2023-02-15 17:00:26.480 TRACE 12613 --- [    Test worker] o.h.type.descriptor.sql.BasicBinder      : binding parameter [1] as [VARCHAR] - [testUser]
2023-02-15 17:00:26.481 TRACE 12613 --- [    Test worker] o.h.type.descriptor.sql.BasicExtractor   : extracted value ([id1_0_] : [BIGINT]) - [6]
2023-02-15 17:00:26.596 DEBUG 12613 --- [    Test worker] org.hibernate.SQL                        : 
    select
        refreshtok0_.rt_key as rt_key1_1_0_,
        refreshtok0_.rt_value as rt_value2_1_0_ 
    from
        refresh_token refreshtok0_ 
    where
        refreshtok0_.rt_key=?
2023-02-15 17:00:26.596 TRACE 12613 --- [    Test worker] o.h.type.descriptor.sql.BasicBinder      : binding parameter [1] as [VARCHAR] - [testUser]
2023-02-15 17:00:26.598 DEBUG 12613 --- [    Test worker] org.hibernate.SQL                        : 
    insert 
    into
        refresh_token
        (rt_value, rt_key) 
    values
        (?, ?)
2023-02-15 17:00:26.598 TRACE 12613 --- [    Test worker] o.h.type.descriptor.sql.BasicBinder      : binding parameter [1] as [VARCHAR] - [eyJhbGciOiJIUzUxMiJ9.eyJleHAiOjE2NzcwNTI4MjZ9.PKzaxP4DfjtOXFSE7AjnJNZCewKeQnRXHGxcDfKU83xnLKQYMRSuQx75GxQc_FUKTRauP_G2Rj0_YA8J7pOlJg]
2023-02-15 17:00:26.599 TRACE 12613 --- [    Test worker] o.h.type.descriptor.sql.BasicBinder      : binding parameter [2] as [VARCHAR] - [testUser]

MockHttpServletRequest:
      HTTP Method = POST
      Request URI = /auth/sign_in
       Parameters = {}
          Headers = [Content-Type:"application/json;charset=UTF-8", Content-Length:"41"]
             Body = {"username":"testUser","password":"test"}
    Session Attrs = {}

Handler:
             Type = com.board.Board_Upgraded.controller.AuthController
           Method = com.board.Board_Upgraded.controller.AuthController#signIn(SignInRequestDto)

Async:
    Async started = false
     Async result = null

Resolved Exception:
             Type = null

ModelAndView:
        View name = null
             View = null
            Model = null

FlashMap:
       Attributes = null

MockHttpServletResponse:
           Status = 200
    Error message = null
          Headers = [Vary:"Origin", "Access-Control-Request-Method", "Access-Control-Request-Headers", Content-Type:"application/json"]
     Content type = application/json
             Body = {"success":true,"code":200,"result":{"data":{"accessToken":"eyJhbGciOiJIUzUxMiJ9.eyJzdWIiOiJ0ZXN0VXNlciIsImF1dGgiOiJVU0VSIiwiZXhwIjoxNjc2NTM0NDI2fQ.rWc2To4VMLga6j-XM2C7P37SGFZhDjg1ogWt6Q544LwY0DqBdk-JNF4HCKrcMKMSjYIJunKd_WufSsUoxAEYYw","refreshToken":"eyJhbGciOiJIUzUxMiJ9.eyJleHAiOjE2NzcwNTI4MjZ9.PKzaxP4DfjtOXFSE7AjnJNZCewKeQnRXHGxcDfKU83xnLKQYMRSuQx75GxQc_FUKTRauP_G2Rj0_YA8J7pOlJg"}}}
    Forwarded URL = null
   Redirected URL = null
          Cookies = []
2023-02-15 17:00:26.611 DEBUG 12613 --- [    Test worker] org.hibernate.SQL                        : 
    select
        member0_.id as id1_0_,
        member0_.created_time as created_2_0_,
        member0_.last_modified_time as last_mod3_0_,
        member0_.member_email as member_e4_0_,
        member0_.member_nickname as member_n5_0_,
        member0_.member_password as member_p6_0_,
        member0_.member_role as member_r7_0_,
        member0_.member_username as member_u8_0_ 
    from
        member member0_
2023-02-15 17:00:26.612 TRACE 12613 --- [    Test worker] o.h.type.descriptor.sql.BasicExtractor   : extracted value ([id1_0_] : [BIGINT]) - [6]
2023-02-15 17:00:26.612 TRACE 12613 --- [    Test worker] o.h.type.descriptor.sql.BasicExtractor   : extracted value ([created_2_0_] : [TIMESTAMP]) - [2023-02-15T17:00:26.324916]
2023-02-15 17:00:26.612 TRACE 12613 --- [    Test worker] o.h.type.descriptor.sql.BasicExtractor   : extracted value ([last_mod3_0_] : [TIMESTAMP]) - [2023-02-15T17:00:26.324560]
2023-02-15 17:00:26.612 TRACE 12613 --- [    Test worker] o.h.type.descriptor.sql.BasicExtractor   : extracted value ([member_e4_0_] : [VARCHAR]) - [test@test.com]
2023-02-15 17:00:26.612 TRACE 12613 --- [    Test worker] o.h.type.descriptor.sql.BasicExtractor   : extracted value ([member_n5_0_] : [VARCHAR]) - [test]
2023-02-15 17:00:26.612 TRACE 12613 --- [    Test worker] o.h.type.descriptor.sql.BasicExtractor   : extracted value ([member_p6_0_] : [VARCHAR]) - [$2a$10$XOMVgkg5.Gc8i1uJO3UH7.atfwfucEg5l5NAimCipaU3/Gh5XdItm]
2023-02-15 17:00:26.612 TRACE 12613 --- [    Test worker] o.h.type.descriptor.sql.BasicExtractor   : extracted value ([member_r7_0_] : [VARCHAR]) - [USER]
2023-02-15 17:00:26.612 TRACE 12613 --- [    Test worker] o.h.type.descriptor.sql.BasicExtractor   : extracted value ([member_u8_0_] : [VARCHAR]) - [testUser]
2023-02-15 17:00:26.612 DEBUG 12613 --- [    Test worker] org.hibernate.SQL                        : 
    delete 
    from
        member 
    where
        id=?
2023-02-15 17:00:26.613 TRACE 12613 --- [    Test worker] o.h.type.descriptor.sql.BasicBinder      : binding parameter [1] as [BIGINT] - [6]
2023-02-15 17:00:26.614 DEBUG 12613 --- [    Test worker] org.hibernate.SQL                        : 
    select
        member0_.id as id1_0_,
        member0_.created_time as created_2_0_,
        member0_.last_modified_time as last_mod3_0_,
        member0_.member_email as member_e4_0_,
        member0_.member_nickname as member_n5_0_,
        member0_.member_password as member_p6_0_,
        member0_.member_role as member_r7_0_,
        member0_.member_username as member_u8_0_ 
    from
        member member0_ 
    where
        member0_.member_username=?
2023-02-15 17:00:26.614 TRACE 12613 --- [    Test worker] o.h.type.descriptor.sql.BasicBinder      : binding parameter [1] as [VARCHAR] - [testUser]
2023-02-15 17:00:26.615 DEBUG 12613 --- [    Test worker] org.hibernate.SQL                        : 
    select
        member0_.id as id1_0_,
        member0_.created_time as created_2_0_,
        member0_.last_modified_time as last_mod3_0_,
        member0_.member_email as member_e4_0_,
        member0_.member_nickname as member_n5_0_,
        member0_.member_password as member_p6_0_,
        member0_.member_role as member_r7_0_,
        member0_.member_username as member_u8_0_ 
    from
        member member0_ 
    where
        member0_.member_nickname=?
2023-02-15 17:00:26.615 TRACE 12613 --- [    Test worker] o.h.type.descriptor.sql.BasicBinder      : binding parameter [1] as [VARCHAR] - [test]
2023-02-15 17:00:26.615 DEBUG 12613 --- [    Test worker] org.hibernate.SQL                        : 
    select
        member0_.id as id1_0_,
        member0_.created_time as created_2_0_,
        member0_.last_modified_time as last_mod3_0_,
        member0_.member_email as member_e4_0_,
        member0_.member_nickname as member_n5_0_,
        member0_.member_password as member_p6_0_,
        member0_.member_role as member_r7_0_,
        member0_.member_username as member_u8_0_ 
    from
        member member0_ 
    where
        member0_.member_email=?
2023-02-15 17:00:26.616 TRACE 12613 --- [    Test worker] o.h.type.descriptor.sql.BasicBinder      : binding parameter [1] as [VARCHAR] - [test@test.com]
2023-02-15 17:00:26.692 DEBUG 12613 --- [    Test worker] org.hibernate.SQL                        : 
    insert 
    into
        member
        (id, created_time, last_modified_time, member_email, member_nickname, member_password, member_role, member_username) 
    values
        (default, ?, ?, ?, ?, ?, ?, ?)
2023-02-15 17:00:26.692 TRACE 12613 --- [    Test worker] o.h.type.descriptor.sql.BasicBinder      : binding parameter [1] as [TIMESTAMP] - [2023-02-15T17:00:26.692109]
2023-02-15 17:00:26.692 TRACE 12613 --- [    Test worker] o.h.type.descriptor.sql.BasicBinder      : binding parameter [2] as [TIMESTAMP] - [2023-02-15T17:00:26.691878]
2023-02-15 17:00:26.692 TRACE 12613 --- [    Test worker] o.h.type.descriptor.sql.BasicBinder      : binding parameter [3] as [VARCHAR] - [test@test.com]
2023-02-15 17:00:26.692 TRACE 12613 --- [    Test worker] o.h.type.descriptor.sql.BasicBinder      : binding parameter [4] as [VARCHAR] - [test]
2023-02-15 17:00:26.692 TRACE 12613 --- [    Test worker] o.h.type.descriptor.sql.BasicBinder      : binding parameter [5] as [VARCHAR] - [$2a$10$Cn9XrgE/Z.WwAYmaZJ5lnuui1AC6XiPRpj7UcwUK.L867RW0EHElu]
2023-02-15 17:00:26.692 TRACE 12613 --- [    Test worker] o.h.type.descriptor.sql.BasicBinder      : binding parameter [6] as [VARCHAR] - [USER]
2023-02-15 17:00:26.692 TRACE 12613 --- [    Test worker] o.h.type.descriptor.sql.BasicBinder      : binding parameter [7] as [VARCHAR] - [testUser]

MockHttpServletRequest:
      HTTP Method = POST
      Request URI = /auth/sign_in
       Parameters = {}
          Headers = [Content-Type:"application/json;charset=UTF-8", Content-Length:"35"]
             Body = {"username":"  ","password":"test"}
    Session Attrs = {}

Handler:
             Type = com.board.Board_Upgraded.controller.AuthController
           Method = com.board.Board_Upgraded.controller.AuthController#signIn(SignInRequestDto)

Async:
    Async started = false
     Async result = null

Resolved Exception:
             Type = org.springframework.web.bind.MethodArgumentNotValidException

ModelAndView:
        View name = null
             View = null
            Model = null

FlashMap:
       Attributes = null

MockHttpServletResponse:
           Status = 400
    Error message = null
          Headers = [Vary:"Origin", "Access-Control-Request-Method", "Access-Control-Request-Headers", Content-Type:"application/json"]
     Content type = application/json
             Body = {"success":false,"code":400,"result":{"failMessage":"아이디를 입력해야 합니다."}}
    Forwarded URL = null
   Redirected URL = null
          Cookies = []
]]></system-out>
  <system-err><![CDATA[]]></system-err>
</testsuite>
