<?xml version="1.0" encoding="UTF-8"?>
<testsuite name="com.board.Board_Upgraded.controller.AuthControllerTest" tests="1" skipped="0" failures="0" errors="0" timestamp="2023-02-14T12:11:19" hostname="ijanghuiui-MacBookPro.local" time="0.22">
  <properties/>
  <testcase name="회원가입 요청에 공백값이 존재한다면 400(Bad Request)에러를 반환한다." classname="com.board.Board_Upgraded.controller.AuthControllerTest" time="0.22"/>
  <system-out><![CDATA[21:11:17.096 [Test worker] DEBUG org.springframework.test.context.BootstrapUtils - Instantiating CacheAwareContextLoaderDelegate from class [org.springframework.test.context.cache.DefaultCacheAwareContextLoaderDelegate]
21:11:17.100 [Test worker] DEBUG org.springframework.test.context.BootstrapUtils - Instantiating BootstrapContext using constructor [public org.springframework.test.context.support.DefaultBootstrapContext(java.lang.Class,org.springframework.test.context.CacheAwareContextLoaderDelegate)]
21:11:17.115 [Test worker] DEBUG org.springframework.test.context.BootstrapUtils - Instantiating TestContextBootstrapper for test class [com.board.Board_Upgraded.controller.AuthControllerTest] from class [org.springframework.boot.test.context.SpringBootTestContextBootstrapper]
21:11:17.120 [Test worker] INFO org.springframework.boot.test.context.SpringBootTestContextBootstrapper - Neither @ContextConfiguration nor @ContextHierarchy found for test class [com.board.Board_Upgraded.controller.AuthControllerTest], using SpringBootContextLoader
21:11:17.122 [Test worker] DEBUG org.springframework.test.context.support.AbstractContextLoader - Did not detect default resource location for test class [com.board.Board_Upgraded.controller.AuthControllerTest]: class path resource [com/board/Board_Upgraded/controller/AuthControllerTest-context.xml] does not exist
21:11:17.122 [Test worker] DEBUG org.springframework.test.context.support.AbstractContextLoader - Did not detect default resource location for test class [com.board.Board_Upgraded.controller.AuthControllerTest]: class path resource [com/board/Board_Upgraded/controller/AuthControllerTestContext.groovy] does not exist
21:11:17.122 [Test worker] INFO org.springframework.test.context.support.AbstractContextLoader - Could not detect default resource locations for test class [com.board.Board_Upgraded.controller.AuthControllerTest]: no resource found for suffixes {-context.xml, Context.groovy}.
21:11:17.123 [Test worker] INFO org.springframework.test.context.support.AnnotationConfigContextLoaderUtils - Could not detect default configuration classes for test class [com.board.Board_Upgraded.controller.AuthControllerTest]: AuthControllerTest does not declare any static, non-private, non-final, nested classes annotated with @Configuration.
21:11:17.147 [Test worker] DEBUG org.springframework.test.context.support.ActiveProfilesUtils - Could not find an 'annotation declaring class' for annotation type [org.springframework.test.context.ActiveProfiles] and class [com.board.Board_Upgraded.controller.AuthControllerTest]
21:11:17.180 [Test worker] DEBUG org.springframework.context.annotation.ClassPathScanningCandidateComponentProvider - Identified candidate component class: file [/Users/leeeehgnaj/Desktop/Coding/Board_Upgraded/build/classes/java/main/com/board/Board_Upgraded/BoardUpgradedApplication.class]
21:11:17.180 [Test worker] INFO org.springframework.boot.test.context.SpringBootTestContextBootstrapper - Found @SpringBootConfiguration com.board.Board_Upgraded.BoardUpgradedApplication for test class com.board.Board_Upgraded.controller.AuthControllerTest
21:11:17.217 [Test worker] DEBUG org.springframework.boot.test.context.SpringBootTestContextBootstrapper - @TestExecutionListeners is not present for class [com.board.Board_Upgraded.controller.AuthControllerTest]: using defaults.
21:11:17.217 [Test worker] INFO org.springframework.boot.test.context.SpringBootTestContextBootstrapper - Loaded default TestExecutionListener class names from location [META-INF/spring.factories]: [org.springframework.security.test.context.support.WithSecurityContextTestExecutionListener, org.springframework.security.test.context.support.ReactorContextTestExecutionListener, org.springframework.boot.test.autoconfigure.restdocs.RestDocsTestExecutionListener, org.springframework.boot.test.autoconfigure.web.client.MockRestServiceServerResetTestExecutionListener, org.springframework.boot.test.autoconfigure.web.servlet.MockMvcPrintOnlyOnFailureTestExecutionListener, org.springframework.boot.test.autoconfigure.web.servlet.WebDriverTestExecutionListener, org.springframework.boot.test.autoconfigure.webservices.client.MockWebServiceServerTestExecutionListener, org.springframework.boot.test.mock.mockito.MockitoTestExecutionListener, org.springframework.boot.test.mock.mockito.ResetMocksTestExecutionListener, org.springframework.test.context.web.ServletTestExecutionListener, org.springframework.test.context.support.DirtiesContextBeforeModesTestExecutionListener, org.springframework.test.context.event.ApplicationEventsTestExecutionListener, org.springframework.test.context.support.DependencyInjectionTestExecutionListener, org.springframework.test.context.support.DirtiesContextTestExecutionListener, org.springframework.test.context.transaction.TransactionalTestExecutionListener, org.springframework.test.context.jdbc.SqlScriptsTestExecutionListener, org.springframework.test.context.event.EventPublishingTestExecutionListener]
21:11:17.224 [Test worker] INFO org.springframework.boot.test.context.SpringBootTestContextBootstrapper - Using TestExecutionListeners: [org.springframework.test.context.web.ServletTestExecutionListener@7383eae2, org.springframework.test.context.support.DirtiesContextBeforeModesTestExecutionListener@18245eb0, org.springframework.test.context.event.ApplicationEventsTestExecutionListener@7c7d3c46, org.springframework.boot.test.mock.mockito.MockitoTestExecutionListener@24fb6a80, org.springframework.boot.test.autoconfigure.SpringBootDependencyInjectionTestExecutionListener@48c35007, org.springframework.test.context.support.DirtiesContextTestExecutionListener@72a85671, org.springframework.test.context.transaction.TransactionalTestExecutionListener@6722db6e, org.springframework.test.context.jdbc.SqlScriptsTestExecutionListener@18f20260, org.springframework.security.test.context.support.WithSecurityContextTestExecutionListener@4ae33a11, org.springframework.test.context.event.EventPublishingTestExecutionListener@7a48e6e2, org.springframework.security.test.context.support.ReactorContextTestExecutionListener@b40bb6e, org.springframework.boot.test.autoconfigure.restdocs.RestDocsTestExecutionListener@3a94964, org.springframework.boot.test.autoconfigure.web.client.MockRestServiceServerResetTestExecutionListener@5049d8b2, org.springframework.boot.test.autoconfigure.web.servlet.MockMvcPrintOnlyOnFailureTestExecutionListener@6d0b5baf, org.springframework.boot.test.autoconfigure.web.servlet.WebDriverTestExecutionListener@631e06ab, org.springframework.boot.test.autoconfigure.webservices.client.MockWebServiceServerTestExecutionListener@2a3591c5, org.springframework.boot.test.mock.mockito.ResetMocksTestExecutionListener@34a75079]
21:11:17.226 [Test worker] DEBUG org.springframework.test.context.support.AbstractDirtiesContextTestExecutionListener - Before test class: context [DefaultTestContext@5b58ed3c testClass = AuthControllerTest, testInstance = [null], testMethod = [null], testException = [null], mergedContextConfiguration = [WebMergedContextConfiguration@24faea88 testClass = AuthControllerTest, locations = '{}', classes = '{class com.board.Board_Upgraded.BoardUpgradedApplication}', contextInitializerClasses = '[]', activeProfiles = '{}', propertySourceLocations = '{}', propertySourceProperties = '{org.springframework.boot.test.context.SpringBootTestContextBootstrapper=true}', contextCustomizers = set[org.springframework.boot.test.autoconfigure.actuate.metrics.MetricsExportContextCustomizerFactory$DisableMetricExportContextCustomizer@512baff6, org.springframework.boot.test.autoconfigure.properties.PropertyMappingContextCustomizer@4b3fa0b3, org.springframework.boot.test.autoconfigure.web.servlet.WebDriverContextCustomizerFactory$Customizer@56928307, [ImportsContextCustomizer@3a320ade key = [org.springframework.boot.test.autoconfigure.web.servlet.MockMvcAutoConfiguration, org.springframework.boot.test.autoconfigure.web.servlet.MockMvcWebClientAutoConfiguration, org.springframework.boot.test.autoconfigure.web.servlet.MockMvcWebDriverAutoConfiguration, org.springframework.boot.autoconfigure.security.oauth2.client.servlet.OAuth2ClientAutoConfiguration, org.springframework.boot.autoconfigure.security.oauth2.resource.servlet.OAuth2ResourceServerAutoConfiguration, org.springframework.boot.autoconfigure.security.servlet.SecurityAutoConfiguration, org.springframework.boot.autoconfigure.security.servlet.SecurityFilterAutoConfiguration, org.springframework.boot.autoconfigure.security.servlet.UserDetailsServiceAutoConfiguration, org.springframework.boot.test.autoconfigure.web.servlet.MockMvcSecurityConfiguration, org.springframework.boot.test.autoconfigure.web.reactive.WebTestClientAutoConfiguration]], org.springframework.boot.test.context.filter.ExcludeFilterContextCustomizer@1a20270e, org.springframework.boot.test.json.DuplicateJsonObjectContextCustomizerFactory$DuplicateJsonObjectContextCustomizer@19e4fcac, org.springframework.boot.test.mock.mockito.MockitoContextCustomizer@0, org.springframework.boot.test.web.client.TestRestTemplateContextCustomizer@4ed5eb72, org.springframework.boot.test.context.SpringBootTestArgs@1, org.springframework.boot.test.context.SpringBootTestWebEnvironment@11fc564b], resourceBasePath = 'src/main/webapp', contextLoader = 'org.springframework.boot.test.context.SpringBootContextLoader', parent = [null]], attributes = map['org.springframework.test.context.web.ServletTestExecutionListener.activateListener' -> true]], class annotated with @DirtiesContext [false] with mode [null].

  .   ____          _            __ _ _
 /\\ / ___'_ __ _ _(_)_ __  __ _ \ \ \ \
( ( )\___ | '_ | '_| | '_ \/ _` | \ \ \ \
 \\/  ___)| |_)| | | | | || (_| |  ) ) ) )
  '  |____| .__|_| |_|_| |_\__, | / / / /
 =========|_|==============|___/=/_/_/_/
 :: Spring Boot ::                (v2.7.0)

2023-02-14 21:11:17.410  INFO 6727 --- [    Test worker] c.b.B.controller.AuthControllerTest      : Starting AuthControllerTest using Java 17.0.2 on ijanghuiui-MacBookPro.local with PID 6727 (started by leeeehgnaj in /Users/leeeehgnaj/Desktop/Coding/Board_Upgraded)
2023-02-14 21:11:17.411  INFO 6727 --- [    Test worker] c.b.B.controller.AuthControllerTest      : The following 1 profile is active: "local"
2023-02-14 21:11:17.833  INFO 6727 --- [    Test worker] .s.d.r.c.RepositoryConfigurationDelegate : Bootstrapping Spring Data JPA repositories in DEFAULT mode.
2023-02-14 21:11:17.860  INFO 6727 --- [    Test worker] .s.d.r.c.RepositoryConfigurationDelegate : Finished Spring Data repository scanning in 24 ms. Found 2 JPA repository interfaces.
2023-02-14 21:11:18.158  INFO 6727 --- [    Test worker] o.hibernate.jpa.internal.util.LogHelper  : HHH000204: Processing PersistenceUnitInfo [name: default]
2023-02-14 21:11:18.182  INFO 6727 --- [    Test worker] org.hibernate.Version                    : HHH000412: Hibernate ORM core version 5.6.9.Final
2023-02-14 21:11:18.257  INFO 6727 --- [    Test worker] o.hibernate.annotations.common.Version   : HCANN000001: Hibernate Commons Annotations {5.1.2.Final}
2023-02-14 21:11:18.268 DEBUG 6727 --- [    Test worker] org.hibernate.type.BasicTypeRegistry     : Adding type registration boolean -> org.hibernate.type.BooleanType@55e91e61
2023-02-14 21:11:18.268 DEBUG 6727 --- [    Test worker] org.hibernate.type.BasicTypeRegistry     : Adding type registration boolean -> org.hibernate.type.BooleanType@55e91e61
2023-02-14 21:11:18.268 DEBUG 6727 --- [    Test worker] org.hibernate.type.BasicTypeRegistry     : Adding type registration java.lang.Boolean -> org.hibernate.type.BooleanType@55e91e61
2023-02-14 21:11:18.268 DEBUG 6727 --- [    Test worker] org.hibernate.type.BasicTypeRegistry     : Adding type registration numeric_boolean -> org.hibernate.type.NumericBooleanType@606b53a3
2023-02-14 21:11:18.268 DEBUG 6727 --- [    Test worker] org.hibernate.type.BasicTypeRegistry     : Adding type registration true_false -> org.hibernate.type.TrueFalseType@1201e064
2023-02-14 21:11:18.268 DEBUG 6727 --- [    Test worker] org.hibernate.type.BasicTypeRegistry     : Adding type registration yes_no -> org.hibernate.type.YesNoType@5597ca3
2023-02-14 21:11:18.269 DEBUG 6727 --- [    Test worker] org.hibernate.type.BasicTypeRegistry     : Adding type registration byte -> org.hibernate.type.ByteType@2d9de284
2023-02-14 21:11:18.269 DEBUG 6727 --- [    Test worker] org.hibernate.type.BasicTypeRegistry     : Adding type registration byte -> org.hibernate.type.ByteType@2d9de284
2023-02-14 21:11:18.269 DEBUG 6727 --- [    Test worker] org.hibernate.type.BasicTypeRegistry     : Adding type registration java.lang.Byte -> org.hibernate.type.ByteType@2d9de284
2023-02-14 21:11:18.270 DEBUG 6727 --- [    Test worker] org.hibernate.type.BasicTypeRegistry     : Adding type registration character -> org.hibernate.type.CharacterType@5ca22e19
2023-02-14 21:11:18.270 DEBUG 6727 --- [    Test worker] org.hibernate.type.BasicTypeRegistry     : Adding type registration char -> org.hibernate.type.CharacterType@5ca22e19
2023-02-14 21:11:18.270 DEBUG 6727 --- [    Test worker] org.hibernate.type.BasicTypeRegistry     : Adding type registration java.lang.Character -> org.hibernate.type.CharacterType@5ca22e19
2023-02-14 21:11:18.270 DEBUG 6727 --- [    Test worker] org.hibernate.type.BasicTypeRegistry     : Adding type registration short -> org.hibernate.type.ShortType@722b2728
2023-02-14 21:11:18.270 DEBUG 6727 --- [    Test worker] org.hibernate.type.BasicTypeRegistry     : Adding type registration short -> org.hibernate.type.ShortType@722b2728
2023-02-14 21:11:18.270 DEBUG 6727 --- [    Test worker] org.hibernate.type.BasicTypeRegistry     : Adding type registration java.lang.Short -> org.hibernate.type.ShortType@722b2728
2023-02-14 21:11:18.270 DEBUG 6727 --- [    Test worker] org.hibernate.type.BasicTypeRegistry     : Adding type registration integer -> org.hibernate.type.IntegerType@75cacb3e
2023-02-14 21:11:18.270 DEBUG 6727 --- [    Test worker] org.hibernate.type.BasicTypeRegistry     : Adding type registration int -> org.hibernate.type.IntegerType@75cacb3e
2023-02-14 21:11:18.270 DEBUG 6727 --- [    Test worker] org.hibernate.type.BasicTypeRegistry     : Adding type registration java.lang.Integer -> org.hibernate.type.IntegerType@75cacb3e
2023-02-14 21:11:18.271 DEBUG 6727 --- [    Test worker] org.hibernate.type.BasicTypeRegistry     : Adding type registration long -> org.hibernate.type.LongType@37e55819
2023-02-14 21:11:18.271 DEBUG 6727 --- [    Test worker] org.hibernate.type.BasicTypeRegistry     : Adding type registration long -> org.hibernate.type.LongType@37e55819
2023-02-14 21:11:18.271 DEBUG 6727 --- [    Test worker] org.hibernate.type.BasicTypeRegistry     : Adding type registration java.lang.Long -> org.hibernate.type.LongType@37e55819
2023-02-14 21:11:18.271 DEBUG 6727 --- [    Test worker] org.hibernate.type.BasicTypeRegistry     : Adding type registration float -> org.hibernate.type.FloatType@58f7215c
2023-02-14 21:11:18.271 DEBUG 6727 --- [    Test worker] org.hibernate.type.BasicTypeRegistry     : Adding type registration float -> org.hibernate.type.FloatType@58f7215c
2023-02-14 21:11:18.271 DEBUG 6727 --- [    Test worker] org.hibernate.type.BasicTypeRegistry     : Adding type registration java.lang.Float -> org.hibernate.type.FloatType@58f7215c
2023-02-14 21:11:18.272 DEBUG 6727 --- [    Test worker] org.hibernate.type.BasicTypeRegistry     : Adding type registration double -> org.hibernate.type.DoubleType@377dbc50
2023-02-14 21:11:18.272 DEBUG 6727 --- [    Test worker] org.hibernate.type.BasicTypeRegistry     : Adding type registration double -> org.hibernate.type.DoubleType@377dbc50
2023-02-14 21:11:18.272 DEBUG 6727 --- [    Test worker] org.hibernate.type.BasicTypeRegistry     : Adding type registration java.lang.Double -> org.hibernate.type.DoubleType@377dbc50
2023-02-14 21:11:18.272 DEBUG 6727 --- [    Test worker] org.hibernate.type.BasicTypeRegistry     : Adding type registration big_decimal -> org.hibernate.type.BigDecimalType@31f7eb8
2023-02-14 21:11:18.272 DEBUG 6727 --- [    Test worker] org.hibernate.type.BasicTypeRegistry     : Adding type registration java.math.BigDecimal -> org.hibernate.type.BigDecimalType@31f7eb8
2023-02-14 21:11:18.272 DEBUG 6727 --- [    Test worker] org.hibernate.type.BasicTypeRegistry     : Adding type registration big_integer -> org.hibernate.type.BigIntegerType@6f8ac8d5
2023-02-14 21:11:18.272 DEBUG 6727 --- [    Test worker] org.hibernate.type.BasicTypeRegistry     : Adding type registration java.math.BigInteger -> org.hibernate.type.BigIntegerType@6f8ac8d5
2023-02-14 21:11:18.273 DEBUG 6727 --- [    Test worker] org.hibernate.type.BasicTypeRegistry     : Adding type registration string -> org.hibernate.type.StringType@4bbf20d1
2023-02-14 21:11:18.273 DEBUG 6727 --- [    Test worker] org.hibernate.type.BasicTypeRegistry     : Adding type registration java.lang.String -> org.hibernate.type.StringType@4bbf20d1
2023-02-14 21:11:18.273 DEBUG 6727 --- [    Test worker] org.hibernate.type.BasicTypeRegistry     : Adding type registration nstring -> org.hibernate.type.StringNVarcharType@299fc582
2023-02-14 21:11:18.273 DEBUG 6727 --- [    Test worker] org.hibernate.type.BasicTypeRegistry     : Adding type registration ncharacter -> org.hibernate.type.CharacterNCharType@40b31a16
2023-02-14 21:11:18.273 DEBUG 6727 --- [    Test worker] org.hibernate.type.BasicTypeRegistry     : Adding type registration url -> org.hibernate.type.UrlType@43755e2f
2023-02-14 21:11:18.273 DEBUG 6727 --- [    Test worker] org.hibernate.type.BasicTypeRegistry     : Adding type registration java.net.URL -> org.hibernate.type.UrlType@43755e2f
2023-02-14 21:11:18.274 DEBUG 6727 --- [    Test worker] org.hibernate.type.BasicTypeRegistry     : Adding type registration Duration -> org.hibernate.type.DurationType@7e2c6fd6
2023-02-14 21:11:18.274 DEBUG 6727 --- [    Test worker] org.hibernate.type.BasicTypeRegistry     : Adding type registration java.time.Duration -> org.hibernate.type.DurationType@7e2c6fd6
2023-02-14 21:11:18.274 DEBUG 6727 --- [    Test worker] org.hibernate.type.BasicTypeRegistry     : Adding type registration Instant -> org.hibernate.type.InstantType@778c2e7c
2023-02-14 21:11:18.274 DEBUG 6727 --- [    Test worker] org.hibernate.type.BasicTypeRegistry     : Adding type registration java.time.Instant -> org.hibernate.type.InstantType@778c2e7c
2023-02-14 21:11:18.274 DEBUG 6727 --- [    Test worker] org.hibernate.type.BasicTypeRegistry     : Adding type registration LocalDateTime -> org.hibernate.type.LocalDateTimeType@702096ef
2023-02-14 21:11:18.274 DEBUG 6727 --- [    Test worker] org.hibernate.type.BasicTypeRegistry     : Adding type registration java.time.LocalDateTime -> org.hibernate.type.LocalDateTimeType@702096ef
2023-02-14 21:11:18.275 DEBUG 6727 --- [    Test worker] org.hibernate.type.BasicTypeRegistry     : Adding type registration LocalDate -> org.hibernate.type.LocalDateType@6501b105
2023-02-14 21:11:18.275 DEBUG 6727 --- [    Test worker] org.hibernate.type.BasicTypeRegistry     : Adding type registration java.time.LocalDate -> org.hibernate.type.LocalDateType@6501b105
2023-02-14 21:11:18.275 DEBUG 6727 --- [    Test worker] org.hibernate.type.BasicTypeRegistry     : Adding type registration LocalTime -> org.hibernate.type.LocalTimeType@52433946
2023-02-14 21:11:18.275 DEBUG 6727 --- [    Test worker] org.hibernate.type.BasicTypeRegistry     : Adding type registration java.time.LocalTime -> org.hibernate.type.LocalTimeType@52433946
2023-02-14 21:11:18.275 DEBUG 6727 --- [    Test worker] org.hibernate.type.BasicTypeRegistry     : Adding type registration OffsetDateTime -> org.hibernate.type.OffsetDateTimeType@10745a02
2023-02-14 21:11:18.275 DEBUG 6727 --- [    Test worker] org.hibernate.type.BasicTypeRegistry     : Adding type registration java.time.OffsetDateTime -> org.hibernate.type.OffsetDateTimeType@10745a02
2023-02-14 21:11:18.276 DEBUG 6727 --- [    Test worker] org.hibernate.type.BasicTypeRegistry     : Adding type registration OffsetTime -> org.hibernate.type.OffsetTimeType@23469199
2023-02-14 21:11:18.276 DEBUG 6727 --- [    Test worker] org.hibernate.type.BasicTypeRegistry     : Adding type registration java.time.OffsetTime -> org.hibernate.type.OffsetTimeType@23469199
2023-02-14 21:11:18.276 DEBUG 6727 --- [    Test worker] org.hibernate.type.BasicTypeRegistry     : Adding type registration ZonedDateTime -> org.hibernate.type.ZonedDateTimeType@3355168
2023-02-14 21:11:18.276 DEBUG 6727 --- [    Test worker] org.hibernate.type.BasicTypeRegistry     : Adding type registration java.time.ZonedDateTime -> org.hibernate.type.ZonedDateTimeType@3355168
2023-02-14 21:11:18.276 DEBUG 6727 --- [    Test worker] org.hibernate.type.BasicTypeRegistry     : Adding type registration date -> org.hibernate.type.DateType@1c6ac73c
2023-02-14 21:11:18.276 DEBUG 6727 --- [    Test worker] org.hibernate.type.BasicTypeRegistry     : Adding type registration java.sql.Date -> org.hibernate.type.DateType@1c6ac73c
2023-02-14 21:11:18.277 DEBUG 6727 --- [    Test worker] org.hibernate.type.BasicTypeRegistry     : Adding type registration time -> org.hibernate.type.TimeType@37a3ec27
2023-02-14 21:11:18.277 DEBUG 6727 --- [    Test worker] org.hibernate.type.BasicTypeRegistry     : Adding type registration java.sql.Time -> org.hibernate.type.TimeType@37a3ec27
2023-02-14 21:11:18.277 DEBUG 6727 --- [    Test worker] org.hibernate.type.BasicTypeRegistry     : Adding type registration timestamp -> org.hibernate.type.TimestampType@14292d71
2023-02-14 21:11:18.277 DEBUG 6727 --- [    Test worker] org.hibernate.type.BasicTypeRegistry     : Adding type registration java.sql.Timestamp -> org.hibernate.type.TimestampType@14292d71
2023-02-14 21:11:18.277 DEBUG 6727 --- [    Test worker] org.hibernate.type.BasicTypeRegistry     : Adding type registration java.util.Date -> org.hibernate.type.TimestampType@14292d71
2023-02-14 21:11:18.278 DEBUG 6727 --- [    Test worker] org.hibernate.type.BasicTypeRegistry     : Adding type registration dbtimestamp -> org.hibernate.type.DbTimestampType@2729bb71
2023-02-14 21:11:18.278 DEBUG 6727 --- [    Test worker] org.hibernate.type.BasicTypeRegistry     : Adding type registration calendar -> org.hibernate.type.CalendarType@2f471037
2023-02-14 21:11:18.278 DEBUG 6727 --- [    Test worker] org.hibernate.type.BasicTypeRegistry     : Adding type registration java.util.Calendar -> org.hibernate.type.CalendarType@2f471037
2023-02-14 21:11:18.278 DEBUG 6727 --- [    Test worker] org.hibernate.type.BasicTypeRegistry     : Adding type registration java.util.GregorianCalendar -> org.hibernate.type.CalendarType@2f471037
2023-02-14 21:11:18.279 DEBUG 6727 --- [    Test worker] org.hibernate.type.BasicTypeRegistry     : Adding type registration calendar_date -> org.hibernate.type.CalendarDateType@42211e04
2023-02-14 21:11:18.279 DEBUG 6727 --- [    Test worker] org.hibernate.type.BasicTypeRegistry     : Adding type registration calendar_time -> org.hibernate.type.CalendarTimeType@53ba7997
2023-02-14 21:11:18.279 DEBUG 6727 --- [    Test worker] org.hibernate.type.BasicTypeRegistry     : Adding type registration locale -> org.hibernate.type.LocaleType@cae2a97
2023-02-14 21:11:18.279 DEBUG 6727 --- [    Test worker] org.hibernate.type.BasicTypeRegistry     : Adding type registration java.util.Locale -> org.hibernate.type.LocaleType@cae2a97
2023-02-14 21:11:18.279 DEBUG 6727 --- [    Test worker] org.hibernate.type.BasicTypeRegistry     : Adding type registration currency -> org.hibernate.type.CurrencyType@38e00b47
2023-02-14 21:11:18.279 DEBUG 6727 --- [    Test worker] org.hibernate.type.BasicTypeRegistry     : Adding type registration java.util.Currency -> org.hibernate.type.CurrencyType@38e00b47
2023-02-14 21:11:18.280 DEBUG 6727 --- [    Test worker] org.hibernate.type.BasicTypeRegistry     : Adding type registration timezone -> org.hibernate.type.TimeZoneType@769b0752
2023-02-14 21:11:18.280 DEBUG 6727 --- [    Test worker] org.hibernate.type.BasicTypeRegistry     : Adding type registration java.util.TimeZone -> org.hibernate.type.TimeZoneType@769b0752
2023-02-14 21:11:18.280 DEBUG 6727 --- [    Test worker] org.hibernate.type.BasicTypeRegistry     : Adding type registration class -> org.hibernate.type.ClassType@6e364f1f
2023-02-14 21:11:18.280 DEBUG 6727 --- [    Test worker] org.hibernate.type.BasicTypeRegistry     : Adding type registration java.lang.Class -> org.hibernate.type.ClassType@6e364f1f
2023-02-14 21:11:18.280 DEBUG 6727 --- [    Test worker] org.hibernate.type.BasicTypeRegistry     : Adding type registration uuid-binary -> org.hibernate.type.UUIDBinaryType@280484c7
2023-02-14 21:11:18.280 DEBUG 6727 --- [    Test worker] org.hibernate.type.BasicTypeRegistry     : Adding type registration java.util.UUID -> org.hibernate.type.UUIDBinaryType@280484c7
2023-02-14 21:11:18.280 DEBUG 6727 --- [    Test worker] org.hibernate.type.BasicTypeRegistry     : Adding type registration uuid-char -> org.hibernate.type.UUIDCharType@553ce348
2023-02-14 21:11:18.281 DEBUG 6727 --- [    Test worker] org.hibernate.type.BasicTypeRegistry     : Adding type registration binary -> org.hibernate.type.BinaryType@222d9d4f
2023-02-14 21:11:18.281 DEBUG 6727 --- [    Test worker] org.hibernate.type.BasicTypeRegistry     : Adding type registration byte[] -> org.hibernate.type.BinaryType@222d9d4f
2023-02-14 21:11:18.281 DEBUG 6727 --- [    Test worker] org.hibernate.type.BasicTypeRegistry     : Adding type registration [B -> org.hibernate.type.BinaryType@222d9d4f
2023-02-14 21:11:18.281 DEBUG 6727 --- [    Test worker] org.hibernate.type.BasicTypeRegistry     : Adding type registration wrapper-binary -> org.hibernate.type.WrapperBinaryType@18d610e1
2023-02-14 21:11:18.281 DEBUG 6727 --- [    Test worker] org.hibernate.type.BasicTypeRegistry     : Adding type registration Byte[] -> org.hibernate.type.WrapperBinaryType@18d610e1
2023-02-14 21:11:18.281 DEBUG 6727 --- [    Test worker] org.hibernate.type.BasicTypeRegistry     : Adding type registration [Ljava.lang.Byte; -> org.hibernate.type.WrapperBinaryType@18d610e1
2023-02-14 21:11:18.281 DEBUG 6727 --- [    Test worker] org.hibernate.type.BasicTypeRegistry     : Adding type registration row_version -> org.hibernate.type.RowVersionType@38ef1a0a
2023-02-14 21:11:18.281 DEBUG 6727 --- [    Test worker] org.hibernate.type.BasicTypeRegistry     : Adding type registration image -> org.hibernate.type.ImageType@6ba0ee4a
2023-02-14 21:11:18.282 DEBUG 6727 --- [    Test worker] org.hibernate.type.BasicTypeRegistry     : Adding type registration characters -> org.hibernate.type.CharArrayType@101c15ad
2023-02-14 21:11:18.282 DEBUG 6727 --- [    Test worker] org.hibernate.type.BasicTypeRegistry     : Adding type registration char[] -> org.hibernate.type.CharArrayType@101c15ad
2023-02-14 21:11:18.282 DEBUG 6727 --- [    Test worker] org.hibernate.type.BasicTypeRegistry     : Adding type registration [C -> org.hibernate.type.CharArrayType@101c15ad
2023-02-14 21:11:18.282 DEBUG 6727 --- [    Test worker] org.hibernate.type.BasicTypeRegistry     : Adding type registration wrapper-characters -> org.hibernate.type.CharacterArrayType@3f3c5ecd
2023-02-14 21:11:18.282 DEBUG 6727 --- [    Test worker] org.hibernate.type.BasicTypeRegistry     : Adding type registration [Ljava.lang.Character; -> org.hibernate.type.CharacterArrayType@3f3c5ecd
2023-02-14 21:11:18.282 DEBUG 6727 --- [    Test worker] org.hibernate.type.BasicTypeRegistry     : Adding type registration Character[] -> org.hibernate.type.CharacterArrayType@3f3c5ecd
2023-02-14 21:11:18.282 DEBUG 6727 --- [    Test worker] org.hibernate.type.BasicTypeRegistry     : Adding type registration text -> org.hibernate.type.TextType@4af70b83
2023-02-14 21:11:18.282 DEBUG 6727 --- [    Test worker] org.hibernate.type.BasicTypeRegistry     : Adding type registration ntext -> org.hibernate.type.NTextType@66b6873f
2023-02-14 21:11:18.283 DEBUG 6727 --- [    Test worker] org.hibernate.type.BasicTypeRegistry     : Adding type registration blob -> org.hibernate.type.BlobType@6115846e
2023-02-14 21:11:18.283 DEBUG 6727 --- [    Test worker] org.hibernate.type.BasicTypeRegistry     : Adding type registration java.sql.Blob -> org.hibernate.type.BlobType@6115846e
2023-02-14 21:11:18.283 DEBUG 6727 --- [    Test worker] org.hibernate.type.BasicTypeRegistry     : Adding type registration materialized_blob -> org.hibernate.type.MaterializedBlobType@5922cff3
2023-02-14 21:11:18.283 DEBUG 6727 --- [    Test worker] org.hibernate.type.BasicTypeRegistry     : Adding type registration clob -> org.hibernate.type.ClobType@298e002d
2023-02-14 21:11:18.283 DEBUG 6727 --- [    Test worker] org.hibernate.type.BasicTypeRegistry     : Adding type registration java.sql.Clob -> org.hibernate.type.ClobType@298e002d
2023-02-14 21:11:18.284 DEBUG 6727 --- [    Test worker] org.hibernate.type.BasicTypeRegistry     : Adding type registration nclob -> org.hibernate.type.NClobType@70cf7d1e
2023-02-14 21:11:18.284 DEBUG 6727 --- [    Test worker] org.hibernate.type.BasicTypeRegistry     : Adding type registration java.sql.NClob -> org.hibernate.type.NClobType@70cf7d1e
2023-02-14 21:11:18.284 DEBUG 6727 --- [    Test worker] org.hibernate.type.BasicTypeRegistry     : Adding type registration materialized_clob -> org.hibernate.type.MaterializedClobType@41be8db9
2023-02-14 21:11:18.284 DEBUG 6727 --- [    Test worker] org.hibernate.type.BasicTypeRegistry     : Adding type registration materialized_nclob -> org.hibernate.type.MaterializedNClobType@280ecc33
2023-02-14 21:11:18.284 DEBUG 6727 --- [    Test worker] org.hibernate.type.BasicTypeRegistry     : Adding type registration serializable -> org.hibernate.type.SerializableType@43d3995f
2023-02-14 21:11:18.285 DEBUG 6727 --- [    Test worker] org.hibernate.type.BasicTypeRegistry     : Adding type registration object -> org.hibernate.type.ObjectType@74bbc273
2023-02-14 21:11:18.285 DEBUG 6727 --- [    Test worker] org.hibernate.type.BasicTypeRegistry     : Adding type registration java.lang.Object -> org.hibernate.type.ObjectType@74bbc273
2023-02-14 21:11:18.286 DEBUG 6727 --- [    Test worker] org.hibernate.type.BasicTypeRegistry     : Adding type registration imm_date -> org.hibernate.type.AdaptedImmutableType@a0d875d
2023-02-14 21:11:18.286 DEBUG 6727 --- [    Test worker] org.hibernate.type.BasicTypeRegistry     : Adding type registration imm_time -> org.hibernate.type.AdaptedImmutableType@693f2c89
2023-02-14 21:11:18.286 DEBUG 6727 --- [    Test worker] org.hibernate.type.BasicTypeRegistry     : Adding type registration imm_timestamp -> org.hibernate.type.AdaptedImmutableType@50b4364
2023-02-14 21:11:18.286 DEBUG 6727 --- [    Test worker] org.hibernate.type.BasicTypeRegistry     : Adding type registration imm_dbtimestamp -> org.hibernate.type.AdaptedImmutableType@5e541ef9
2023-02-14 21:11:18.286 DEBUG 6727 --- [    Test worker] org.hibernate.type.BasicTypeRegistry     : Adding type registration imm_calendar -> org.hibernate.type.AdaptedImmutableType@38054d01
2023-02-14 21:11:18.286 DEBUG 6727 --- [    Test worker] org.hibernate.type.BasicTypeRegistry     : Adding type registration imm_calendar_date -> org.hibernate.type.AdaptedImmutableType@28ce75ec
2023-02-14 21:11:18.286 DEBUG 6727 --- [    Test worker] org.hibernate.type.BasicTypeRegistry     : Adding type registration imm_binary -> org.hibernate.type.AdaptedImmutableType@778113f2
2023-02-14 21:11:18.286 DEBUG 6727 --- [    Test worker] org.hibernate.type.BasicTypeRegistry     : Adding type registration imm_serializable -> org.hibernate.type.AdaptedImmutableType@9dc782d
2023-02-14 21:11:18.301  INFO 6727 --- [    Test worker] com.zaxxer.hikari.HikariDataSource       : HikariPool-1 - Starting...
2023-02-14 21:11:18.346  INFO 6727 --- [    Test worker] com.zaxxer.hikari.HikariDataSource       : HikariPool-1 - Start completed.
2023-02-14 21:11:18.360  INFO 6727 --- [    Test worker] org.hibernate.dialect.Dialect            : HHH000400: Using dialect: org.hibernate.dialect.H2Dialect
2023-02-14 21:11:18.378 DEBUG 6727 --- [    Test worker] o.h.type.spi.TypeConfiguration$Scope     : Scoping TypeConfiguration [org.hibernate.type.spi.TypeConfiguration@7be7c052] to MetadataBuildingContext [org.hibernate.boot.internal.MetadataBuildingContextRootImpl@4ab9d160]
2023-02-14 21:11:18.491 DEBUG 6727 --- [    Test worker] org.hibernate.type.EnumType              : Using NAMED-based conversion for Enum com.board.Board_Upgraded.entity.member.Role
2023-02-14 21:11:18.492 DEBUG 6727 --- [    Test worker] o.h.type.spi.TypeConfiguration$Scope     : Scoping TypeConfiguration [org.hibernate.type.spi.TypeConfiguration@7be7c052] to SessionFactoryImpl [org.hibernate.internal.SessionFactoryImpl@3eadad14]
2023-02-14 21:11:18.607 DEBUG 6727 --- [    Test worker] org.hibernate.SQL                        : 
    
    drop table if exists member CASCADE 
2023-02-14 21:11:18.609 DEBUG 6727 --- [    Test worker] org.hibernate.SQL                        : 
    
    drop table if exists refresh_token CASCADE 
2023-02-14 21:11:18.610 DEBUG 6727 --- [    Test worker] org.hibernate.SQL                        : 
    
    create table member (
       id bigint generated by default as identity,
        created_time timestamp not null,
        last_modified_time timestamp not null,
        member_email varchar(255),
        member_nickname varchar(255),
        member_password varchar(255),
        member_role varchar(255),
        member_username varchar(255),
        primary key (id)
    )
2023-02-14 21:11:18.611 DEBUG 6727 --- [    Test worker] org.hibernate.SQL                        : 
    
    create table refresh_token (
       rt_key varchar(255) not null,
        rt_value varchar(255),
        primary key (rt_key)
    )
2023-02-14 21:11:18.613  INFO 6727 --- [    Test worker] o.h.e.t.j.p.i.JtaPlatformInitiator       : HHH000490: Using JtaPlatform implementation: [org.hibernate.engine.transaction.jta.platform.internal.NoJtaPlatform]
2023-02-14 21:11:18.616 TRACE 6727 --- [    Test worker] o.h.type.spi.TypeConfiguration$Scope     : Handling #sessionFactoryCreated from [org.hibernate.internal.SessionFactoryImpl@3eadad14] for TypeConfiguration
2023-02-14 21:11:18.617  INFO 6727 --- [    Test worker] j.LocalContainerEntityManagerFactoryBean : Initialized JPA EntityManagerFactory for persistence unit 'default'
2023-02-14 21:11:18.949  WARN 6727 --- [    Test worker] JpaBaseConfiguration$JpaWebConfiguration : spring.jpa.open-in-view is enabled by default. Therefore, database queries may be performed during view rendering. Explicitly configure spring.jpa.open-in-view to disable this warning
2023-02-14 21:11:19.109  INFO 6727 --- [    Test worker] o.s.s.web.DefaultSecurityFilterChain     : Will secure any request with [org.springframework.security.web.session.DisableEncodeUrlFilter@6fc3f1a7, org.springframework.security.web.context.request.async.WebAsyncManagerIntegrationFilter@7151dd9d, org.springframework.security.web.context.SecurityContextPersistenceFilter@4e7b89b6, org.springframework.security.web.header.HeaderWriterFilter@1bcca516, org.springframework.security.web.csrf.CsrfFilter@6ff87203, org.springframework.security.web.authentication.logout.LogoutFilter@45e68fac, org.springframework.security.web.authentication.www.BasicAuthenticationFilter@365a4b9b, org.springframework.security.web.savedrequest.RequestCacheAwareFilter@4cf1ec2, org.springframework.security.web.servletapi.SecurityContextHolderAwareRequestFilter@27c49f54, org.springframework.security.web.authentication.AnonymousAuthenticationFilter@1f596988, org.springframework.security.web.session.SessionManagementFilter@48619f15, org.springframework.security.web.access.ExceptionTranslationFilter@306c8e09, org.springframework.security.web.access.intercept.AuthorizationFilter@722d3ddb]
2023-02-14 21:11:19.116  WARN 6727 --- [    Test worker] o.s.s.c.a.web.builders.WebSecurity       : You are asking Spring Security to ignore Ant [pattern='/api/test/getTest']. This is not recommended -- please use permitAll via HttpSecurity#authorizeHttpRequests instead.
2023-02-14 21:11:19.117  INFO 6727 --- [    Test worker] o.s.s.web.DefaultSecurityFilterChain     : Will not secure Ant [pattern='/api/test/getTest']
2023-02-14 21:11:19.117  WARN 6727 --- [    Test worker] o.s.s.c.a.web.builders.WebSecurity       : You are asking Spring Security to ignore Ant [pattern='/auth/join']. This is not recommended -- please use permitAll via HttpSecurity#authorizeHttpRequests instead.
2023-02-14 21:11:19.117  INFO 6727 --- [    Test worker] o.s.s.web.DefaultSecurityFilterChain     : Will not secure Ant [pattern='/auth/join']
2023-02-14 21:11:19.415  INFO 6727 --- [    Test worker] o.s.b.t.m.w.SpringBootMockServletContext : Initializing Spring TestDispatcherServlet ''
2023-02-14 21:11:19.416  INFO 6727 --- [    Test worker] o.s.t.web.servlet.TestDispatcherServlet  : Initializing Servlet ''
2023-02-14 21:11:19.416  INFO 6727 --- [    Test worker] o.s.t.web.servlet.TestDispatcherServlet  : Completed initialization in 0 ms
2023-02-14 21:11:19.547  INFO 6727 --- [    Test worker] c.b.B.controller.AuthControllerTest      : Started AuthControllerTest in 2.3 seconds (JVM running for 2.757)
2023-02-14 21:11:19.677 DEBUG 6727 --- [    Test worker] org.hibernate.SQL                        : 
    select
        member0_.id as id1_0_,
        member0_.created_time as created_2_0_,
        member0_.last_modified_time as last_mod3_0_,
        member0_.member_email as member_e4_0_,
        member0_.member_nickname as member_n5_0_,
        member0_.member_password as member_p6_0_,
        member0_.member_role as member_r7_0_,
        member0_.member_username as member_u8_0_ 
    from
        member member0_

MockHttpServletRequest:
      HTTP Method = POST
      Request URI = /auth/join
       Parameters = {}
          Headers = [Content-Type:"application/json;charset=UTF-8", Content-Length:"99"]
             Body = {"username":" ","nickname":"test","email":"test@test.com","password":"test","passwordCheck":"test"}
    Session Attrs = {}

Handler:
             Type = com.board.Board_Upgraded.controller.AuthController
           Method = com.board.Board_Upgraded.controller.AuthController#register(RegisterRequestDto)

Async:
    Async started = false
     Async result = null

Resolved Exception:
             Type = org.springframework.web.bind.MethodArgumentNotValidException

ModelAndView:
        View name = null
             View = null
            Model = null

FlashMap:
       Attributes = null

MockHttpServletResponse:
           Status = 400
    Error message = null
          Headers = [Vary:"Origin", "Access-Control-Request-Method", "Access-Control-Request-Headers", Content-Type:"application/json"]
     Content type = application/json
             Body = {"success":false,"code":400,"result":{"failMessage":"아이디를 입력해야 합니다."}}
    Forwarded URL = null
   Redirected URL = null
          Cookies = []
]]></system-out>
  <system-err><![CDATA[]]></system-err>
</testsuite>
