<?xml version="1.0" encoding="UTF-8"?>
<testsuite name="com.board.Board_Upgraded.controller.MemberControllerTest_Register_ETC" tests="1" skipped="0" failures="0" errors="0" timestamp="2023-02-12T08:30:22" hostname="ijanghuiui-MacBookPro.local" time="0.292">
  <properties/>
  <testcase name="이메일 형식이 맞지 않을 경우 400에러를 발생시키며 형식이상을 body 에 출력시킨다" classname="com.board.Board_Upgraded.controller.MemberControllerTest_Register_ETC" time="0.292"/>
  <system-out><![CDATA[17:30:20.358 [Test worker] DEBUG org.springframework.test.context.BootstrapUtils - Instantiating CacheAwareContextLoaderDelegate from class [org.springframework.test.context.cache.DefaultCacheAwareContextLoaderDelegate]
17:30:20.363 [Test worker] DEBUG org.springframework.test.context.BootstrapUtils - Instantiating BootstrapContext using constructor [public org.springframework.test.context.support.DefaultBootstrapContext(java.lang.Class,org.springframework.test.context.CacheAwareContextLoaderDelegate)]
17:30:20.377 [Test worker] DEBUG org.springframework.test.context.BootstrapUtils - Instantiating TestContextBootstrapper for test class [com.board.Board_Upgraded.controller.MemberControllerTest_Register_ETC] from class [org.springframework.boot.test.context.SpringBootTestContextBootstrapper]
17:30:20.381 [Test worker] INFO org.springframework.boot.test.context.SpringBootTestContextBootstrapper - Neither @ContextConfiguration nor @ContextHierarchy found for test class [com.board.Board_Upgraded.controller.MemberControllerTest_Register_ETC], using SpringBootContextLoader
17:30:20.382 [Test worker] DEBUG org.springframework.test.context.support.AbstractContextLoader - Did not detect default resource location for test class [com.board.Board_Upgraded.controller.MemberControllerTest_Register_ETC]: class path resource [com/board/Board_Upgraded/controller/MemberControllerTest_Register_ETC-context.xml] does not exist
17:30:20.383 [Test worker] DEBUG org.springframework.test.context.support.AbstractContextLoader - Did not detect default resource location for test class [com.board.Board_Upgraded.controller.MemberControllerTest_Register_ETC]: class path resource [com/board/Board_Upgraded/controller/MemberControllerTest_Register_ETCContext.groovy] does not exist
17:30:20.383 [Test worker] INFO org.springframework.test.context.support.AbstractContextLoader - Could not detect default resource locations for test class [com.board.Board_Upgraded.controller.MemberControllerTest_Register_ETC]: no resource found for suffixes {-context.xml, Context.groovy}.
17:30:20.383 [Test worker] INFO org.springframework.test.context.support.AnnotationConfigContextLoaderUtils - Could not detect default configuration classes for test class [com.board.Board_Upgraded.controller.MemberControllerTest_Register_ETC]: MemberControllerTest_Register_ETC does not declare any static, non-private, non-final, nested classes annotated with @Configuration.
17:30:20.403 [Test worker] DEBUG org.springframework.test.context.support.ActiveProfilesUtils - Could not find an 'annotation declaring class' for annotation type [org.springframework.test.context.ActiveProfiles] and class [com.board.Board_Upgraded.controller.MemberControllerTest_Register_ETC]
17:30:20.432 [Test worker] DEBUG org.springframework.context.annotation.ClassPathScanningCandidateComponentProvider - Identified candidate component class: file [/Users/leeeehgnaj/Desktop/Coding/Board_Upgraded/build/classes/java/main/com/board/Board_Upgraded/BoardUpgradedApplication.class]
17:30:20.432 [Test worker] INFO org.springframework.boot.test.context.SpringBootTestContextBootstrapper - Found @SpringBootConfiguration com.board.Board_Upgraded.BoardUpgradedApplication for test class com.board.Board_Upgraded.controller.MemberControllerTest_Register_ETC
17:30:20.464 [Test worker] DEBUG org.springframework.boot.test.context.SpringBootTestContextBootstrapper - @TestExecutionListeners is not present for class [com.board.Board_Upgraded.controller.MemberControllerTest_Register_ETC]: using defaults.
17:30:20.464 [Test worker] INFO org.springframework.boot.test.context.SpringBootTestContextBootstrapper - Loaded default TestExecutionListener class names from location [META-INF/spring.factories]: [org.springframework.security.test.context.support.WithSecurityContextTestExecutionListener, org.springframework.security.test.context.support.ReactorContextTestExecutionListener, org.springframework.boot.test.autoconfigure.restdocs.RestDocsTestExecutionListener, org.springframework.boot.test.autoconfigure.web.client.MockRestServiceServerResetTestExecutionListener, org.springframework.boot.test.autoconfigure.web.servlet.MockMvcPrintOnlyOnFailureTestExecutionListener, org.springframework.boot.test.autoconfigure.web.servlet.WebDriverTestExecutionListener, org.springframework.boot.test.autoconfigure.webservices.client.MockWebServiceServerTestExecutionListener, org.springframework.boot.test.mock.mockito.MockitoTestExecutionListener, org.springframework.boot.test.mock.mockito.ResetMocksTestExecutionListener, org.springframework.test.context.web.ServletTestExecutionListener, org.springframework.test.context.support.DirtiesContextBeforeModesTestExecutionListener, org.springframework.test.context.event.ApplicationEventsTestExecutionListener, org.springframework.test.context.support.DependencyInjectionTestExecutionListener, org.springframework.test.context.support.DirtiesContextTestExecutionListener, org.springframework.test.context.transaction.TransactionalTestExecutionListener, org.springframework.test.context.jdbc.SqlScriptsTestExecutionListener, org.springframework.test.context.event.EventPublishingTestExecutionListener]
17:30:20.474 [Test worker] INFO org.springframework.boot.test.context.SpringBootTestContextBootstrapper - Using TestExecutionListeners: [org.springframework.test.context.web.ServletTestExecutionListener@162be91c, org.springframework.test.context.support.DirtiesContextBeforeModesTestExecutionListener@2488b073, org.springframework.test.context.event.ApplicationEventsTestExecutionListener@1c9f0a20, org.springframework.boot.test.mock.mockito.MockitoTestExecutionListener@55787112, org.springframework.boot.test.autoconfigure.SpringBootDependencyInjectionTestExecutionListener@1cd201a8, org.springframework.test.context.support.DirtiesContextTestExecutionListener@7db82169, org.springframework.test.context.transaction.TransactionalTestExecutionListener@1992eaf4, org.springframework.test.context.jdbc.SqlScriptsTestExecutionListener@f74e835, org.springframework.security.test.context.support.WithSecurityContextTestExecutionListener@3276732, org.springframework.test.context.event.EventPublishingTestExecutionListener@3f28bd56, org.springframework.security.test.context.support.ReactorContextTestExecutionListener@31e3250d, org.springframework.boot.test.autoconfigure.restdocs.RestDocsTestExecutionListener@19fe4644, org.springframework.boot.test.autoconfigure.web.client.MockRestServiceServerResetTestExecutionListener@21d8bcbe, org.springframework.boot.test.autoconfigure.web.servlet.MockMvcPrintOnlyOnFailureTestExecutionListener@5be067de, org.springframework.boot.test.autoconfigure.web.servlet.WebDriverTestExecutionListener@7383eae2, org.springframework.boot.test.autoconfigure.webservices.client.MockWebServiceServerTestExecutionListener@18245eb0, org.springframework.boot.test.mock.mockito.ResetMocksTestExecutionListener@7c7d3c46]
17:30:20.476 [Test worker] DEBUG org.springframework.test.context.support.AbstractDirtiesContextTestExecutionListener - Before test class: context [DefaultTestContext@267f474e testClass = MemberControllerTest_Register_ETC, testInstance = [null], testMethod = [null], testException = [null], mergedContextConfiguration = [WebMergedContextConfiguration@7a7471ce testClass = MemberControllerTest_Register_ETC, locations = '{}', classes = '{class com.board.Board_Upgraded.BoardUpgradedApplication}', contextInitializerClasses = '[]', activeProfiles = '{}', propertySourceLocations = '{}', propertySourceProperties = '{org.springframework.boot.test.context.SpringBootTestContextBootstrapper=true}', contextCustomizers = set[org.springframework.boot.test.autoconfigure.actuate.metrics.MetricsExportContextCustomizerFactory$DisableMetricExportContextCustomizer@4716be8b, org.springframework.boot.test.autoconfigure.properties.PropertyMappingContextCustomizer@4b3fa0b3, org.springframework.boot.test.autoconfigure.web.servlet.WebDriverContextCustomizerFactory$Customizer@2fd953a6, [ImportsContextCustomizer@28276e50 key = [org.springframework.boot.test.autoconfigure.web.servlet.MockMvcAutoConfiguration, org.springframework.boot.test.autoconfigure.web.servlet.MockMvcWebClientAutoConfiguration, org.springframework.boot.test.autoconfigure.web.servlet.MockMvcWebDriverAutoConfiguration, org.springframework.boot.autoconfigure.security.oauth2.client.servlet.OAuth2ClientAutoConfiguration, org.springframework.boot.autoconfigure.security.oauth2.resource.servlet.OAuth2ResourceServerAutoConfiguration, org.springframework.boot.autoconfigure.security.servlet.SecurityAutoConfiguration, org.springframework.boot.autoconfigure.security.servlet.SecurityFilterAutoConfiguration, org.springframework.boot.autoconfigure.security.servlet.UserDetailsServiceAutoConfiguration, org.springframework.boot.test.autoconfigure.web.servlet.MockMvcSecurityConfiguration, org.springframework.boot.test.autoconfigure.web.reactive.WebTestClientAutoConfiguration]], org.springframework.boot.test.context.filter.ExcludeFilterContextCustomizer@38aa816f, org.springframework.boot.test.json.DuplicateJsonObjectContextCustomizerFactory$DuplicateJsonObjectContextCustomizer@13330ac6, org.springframework.boot.test.mock.mockito.MockitoContextCustomizer@0, org.springframework.boot.test.web.client.TestRestTemplateContextCustomizer@65a15628, org.springframework.boot.test.context.SpringBootTestArgs@1, org.springframework.boot.test.context.SpringBootTestWebEnvironment@672872e1], resourceBasePath = 'src/main/webapp', contextLoader = 'org.springframework.boot.test.context.SpringBootContextLoader', parent = [null]], attributes = map['org.springframework.test.context.web.ServletTestExecutionListener.activateListener' -> true]], class annotated with @DirtiesContext [false] with mode [null].

  .   ____          _            __ _ _
 /\\ / ___'_ __ _ _(_)_ __  __ _ \ \ \ \
( ( )\___ | '_ | '_| | '_ \/ _` | \ \ \ \
 \\/  ___)| |_)| | | | | || (_| |  ) ) ) )
  '  |____| .__|_| |_|_| |_\__, | / / / /
 =========|_|==============|___/=/_/_/_/
 :: Spring Boot ::                (v2.7.0)

2023-02-12 17:30:20.634  INFO 14360 --- [    Test worker] .b.B.c.MemberControllerTest_Register_ETC : Starting MemberControllerTest_Register_ETC using Java 17.0.2 on ijanghuiui-MacBookPro.local with PID 14360 (started by leeeehgnaj in /Users/leeeehgnaj/Desktop/Coding/Board_Upgraded)
2023-02-12 17:30:20.634  INFO 14360 --- [    Test worker] .b.B.c.MemberControllerTest_Register_ETC : The following 1 profile is active: "local"
2023-02-12 17:30:20.997  INFO 14360 --- [    Test worker] .s.d.r.c.RepositoryConfigurationDelegate : Bootstrapping Spring Data JPA repositories in DEFAULT mode.
2023-02-12 17:30:21.026  INFO 14360 --- [    Test worker] .s.d.r.c.RepositoryConfigurationDelegate : Finished Spring Data repository scanning in 26 ms. Found 2 JPA repository interfaces.
2023-02-12 17:30:21.301  INFO 14360 --- [    Test worker] o.hibernate.jpa.internal.util.LogHelper  : HHH000204: Processing PersistenceUnitInfo [name: default]
2023-02-12 17:30:21.324  INFO 14360 --- [    Test worker] org.hibernate.Version                    : HHH000412: Hibernate ORM core version 5.6.9.Final
2023-02-12 17:30:21.398  INFO 14360 --- [    Test worker] o.hibernate.annotations.common.Version   : HCANN000001: Hibernate Commons Annotations {5.1.2.Final}
2023-02-12 17:30:21.408 DEBUG 14360 --- [    Test worker] org.hibernate.type.BasicTypeRegistry     : Adding type registration boolean -> org.hibernate.type.BooleanType@77a2688d
2023-02-12 17:30:21.408 DEBUG 14360 --- [    Test worker] org.hibernate.type.BasicTypeRegistry     : Adding type registration boolean -> org.hibernate.type.BooleanType@77a2688d
2023-02-12 17:30:21.408 DEBUG 14360 --- [    Test worker] org.hibernate.type.BasicTypeRegistry     : Adding type registration java.lang.Boolean -> org.hibernate.type.BooleanType@77a2688d
2023-02-12 17:30:21.408 DEBUG 14360 --- [    Test worker] org.hibernate.type.BasicTypeRegistry     : Adding type registration numeric_boolean -> org.hibernate.type.NumericBooleanType@8ac512e
2023-02-12 17:30:21.409 DEBUG 14360 --- [    Test worker] org.hibernate.type.BasicTypeRegistry     : Adding type registration true_false -> org.hibernate.type.TrueFalseType@674aa626
2023-02-12 17:30:21.409 DEBUG 14360 --- [    Test worker] org.hibernate.type.BasicTypeRegistry     : Adding type registration yes_no -> org.hibernate.type.YesNoType@55e91e61
2023-02-12 17:30:21.409 DEBUG 14360 --- [    Test worker] org.hibernate.type.BasicTypeRegistry     : Adding type registration byte -> org.hibernate.type.ByteType@1201e064
2023-02-12 17:30:21.409 DEBUG 14360 --- [    Test worker] org.hibernate.type.BasicTypeRegistry     : Adding type registration byte -> org.hibernate.type.ByteType@1201e064
2023-02-12 17:30:21.409 DEBUG 14360 --- [    Test worker] org.hibernate.type.BasicTypeRegistry     : Adding type registration java.lang.Byte -> org.hibernate.type.ByteType@1201e064
2023-02-12 17:30:21.409 DEBUG 14360 --- [    Test worker] org.hibernate.type.BasicTypeRegistry     : Adding type registration character -> org.hibernate.type.CharacterType@28f05b0c
2023-02-12 17:30:21.409 DEBUG 14360 --- [    Test worker] org.hibernate.type.BasicTypeRegistry     : Adding type registration char -> org.hibernate.type.CharacterType@28f05b0c
2023-02-12 17:30:21.409 DEBUG 14360 --- [    Test worker] org.hibernate.type.BasicTypeRegistry     : Adding type registration java.lang.Character -> org.hibernate.type.CharacterType@28f05b0c
2023-02-12 17:30:21.410 DEBUG 14360 --- [    Test worker] org.hibernate.type.BasicTypeRegistry     : Adding type registration short -> org.hibernate.type.ShortType@7540160e
2023-02-12 17:30:21.410 DEBUG 14360 --- [    Test worker] org.hibernate.type.BasicTypeRegistry     : Adding type registration short -> org.hibernate.type.ShortType@7540160e
2023-02-12 17:30:21.410 DEBUG 14360 --- [    Test worker] org.hibernate.type.BasicTypeRegistry     : Adding type registration java.lang.Short -> org.hibernate.type.ShortType@7540160e
2023-02-12 17:30:21.410 DEBUG 14360 --- [    Test worker] org.hibernate.type.BasicTypeRegistry     : Adding type registration integer -> org.hibernate.type.IntegerType@1bfa3893
2023-02-12 17:30:21.410 DEBUG 14360 --- [    Test worker] org.hibernate.type.BasicTypeRegistry     : Adding type registration int -> org.hibernate.type.IntegerType@1bfa3893
2023-02-12 17:30:21.410 DEBUG 14360 --- [    Test worker] org.hibernate.type.BasicTypeRegistry     : Adding type registration java.lang.Integer -> org.hibernate.type.IntegerType@1bfa3893
2023-02-12 17:30:21.411 DEBUG 14360 --- [    Test worker] org.hibernate.type.BasicTypeRegistry     : Adding type registration long -> org.hibernate.type.LongType@5f3f3d00
2023-02-12 17:30:21.411 DEBUG 14360 --- [    Test worker] org.hibernate.type.BasicTypeRegistry     : Adding type registration long -> org.hibernate.type.LongType@5f3f3d00
2023-02-12 17:30:21.411 DEBUG 14360 --- [    Test worker] org.hibernate.type.BasicTypeRegistry     : Adding type registration java.lang.Long -> org.hibernate.type.LongType@5f3f3d00
2023-02-12 17:30:21.411 DEBUG 14360 --- [    Test worker] org.hibernate.type.BasicTypeRegistry     : Adding type registration float -> org.hibernate.type.FloatType@29c59b6e
2023-02-12 17:30:21.411 DEBUG 14360 --- [    Test worker] org.hibernate.type.BasicTypeRegistry     : Adding type registration float -> org.hibernate.type.FloatType@29c59b6e
2023-02-12 17:30:21.411 DEBUG 14360 --- [    Test worker] org.hibernate.type.BasicTypeRegistry     : Adding type registration java.lang.Float -> org.hibernate.type.FloatType@29c59b6e
2023-02-12 17:30:21.411 DEBUG 14360 --- [    Test worker] org.hibernate.type.BasicTypeRegistry     : Adding type registration double -> org.hibernate.type.DoubleType@6248cfab
2023-02-12 17:30:21.411 DEBUG 14360 --- [    Test worker] org.hibernate.type.BasicTypeRegistry     : Adding type registration double -> org.hibernate.type.DoubleType@6248cfab
2023-02-12 17:30:21.411 DEBUG 14360 --- [    Test worker] org.hibernate.type.BasicTypeRegistry     : Adding type registration java.lang.Double -> org.hibernate.type.DoubleType@6248cfab
2023-02-12 17:30:21.412 DEBUG 14360 --- [    Test worker] org.hibernate.type.BasicTypeRegistry     : Adding type registration big_decimal -> org.hibernate.type.BigDecimalType@4fa91d5b
2023-02-12 17:30:21.412 DEBUG 14360 --- [    Test worker] org.hibernate.type.BasicTypeRegistry     : Adding type registration java.math.BigDecimal -> org.hibernate.type.BigDecimalType@4fa91d5b
2023-02-12 17:30:21.412 DEBUG 14360 --- [    Test worker] org.hibernate.type.BasicTypeRegistry     : Adding type registration big_integer -> org.hibernate.type.BigIntegerType@70884875
2023-02-12 17:30:21.412 DEBUG 14360 --- [    Test worker] org.hibernate.type.BasicTypeRegistry     : Adding type registration java.math.BigInteger -> org.hibernate.type.BigIntegerType@70884875
2023-02-12 17:30:21.412 DEBUG 14360 --- [    Test worker] org.hibernate.type.BasicTypeRegistry     : Adding type registration string -> org.hibernate.type.StringType@4a833595
2023-02-12 17:30:21.412 DEBUG 14360 --- [    Test worker] org.hibernate.type.BasicTypeRegistry     : Adding type registration java.lang.String -> org.hibernate.type.StringType@4a833595
2023-02-12 17:30:21.413 DEBUG 14360 --- [    Test worker] org.hibernate.type.BasicTypeRegistry     : Adding type registration nstring -> org.hibernate.type.StringNVarcharType@5d6b42cf
2023-02-12 17:30:21.413 DEBUG 14360 --- [    Test worker] org.hibernate.type.BasicTypeRegistry     : Adding type registration ncharacter -> org.hibernate.type.CharacterNCharType@156324b
2023-02-12 17:30:21.413 DEBUG 14360 --- [    Test worker] org.hibernate.type.BasicTypeRegistry     : Adding type registration url -> org.hibernate.type.UrlType@1b94c789
2023-02-12 17:30:21.413 DEBUG 14360 --- [    Test worker] org.hibernate.type.BasicTypeRegistry     : Adding type registration java.net.URL -> org.hibernate.type.UrlType@1b94c789
2023-02-12 17:30:21.413 DEBUG 14360 --- [    Test worker] org.hibernate.type.BasicTypeRegistry     : Adding type registration Duration -> org.hibernate.type.DurationType@1de73d37
2023-02-12 17:30:21.413 DEBUG 14360 --- [    Test worker] org.hibernate.type.BasicTypeRegistry     : Adding type registration java.time.Duration -> org.hibernate.type.DurationType@1de73d37
2023-02-12 17:30:21.414 DEBUG 14360 --- [    Test worker] org.hibernate.type.BasicTypeRegistry     : Adding type registration Instant -> org.hibernate.type.InstantType@71139e77
2023-02-12 17:30:21.414 DEBUG 14360 --- [    Test worker] org.hibernate.type.BasicTypeRegistry     : Adding type registration java.time.Instant -> org.hibernate.type.InstantType@71139e77
2023-02-12 17:30:21.414 DEBUG 14360 --- [    Test worker] org.hibernate.type.BasicTypeRegistry     : Adding type registration LocalDateTime -> org.hibernate.type.LocalDateTimeType@12aa519b
2023-02-12 17:30:21.414 DEBUG 14360 --- [    Test worker] org.hibernate.type.BasicTypeRegistry     : Adding type registration java.time.LocalDateTime -> org.hibernate.type.LocalDateTimeType@12aa519b
2023-02-12 17:30:21.414 DEBUG 14360 --- [    Test worker] org.hibernate.type.BasicTypeRegistry     : Adding type registration LocalDate -> org.hibernate.type.LocalDateType@45c423b3
2023-02-12 17:30:21.414 DEBUG 14360 --- [    Test worker] org.hibernate.type.BasicTypeRegistry     : Adding type registration java.time.LocalDate -> org.hibernate.type.LocalDateType@45c423b3
2023-02-12 17:30:21.415 DEBUG 14360 --- [    Test worker] org.hibernate.type.BasicTypeRegistry     : Adding type registration LocalTime -> org.hibernate.type.LocalTimeType@105dc04d
2023-02-12 17:30:21.415 DEBUG 14360 --- [    Test worker] org.hibernate.type.BasicTypeRegistry     : Adding type registration java.time.LocalTime -> org.hibernate.type.LocalTimeType@105dc04d
2023-02-12 17:30:21.415 DEBUG 14360 --- [    Test worker] org.hibernate.type.BasicTypeRegistry     : Adding type registration OffsetDateTime -> org.hibernate.type.OffsetDateTimeType@6df2af02
2023-02-12 17:30:21.415 DEBUG 14360 --- [    Test worker] org.hibernate.type.BasicTypeRegistry     : Adding type registration java.time.OffsetDateTime -> org.hibernate.type.OffsetDateTimeType@6df2af02
2023-02-12 17:30:21.416 DEBUG 14360 --- [    Test worker] org.hibernate.type.BasicTypeRegistry     : Adding type registration OffsetTime -> org.hibernate.type.OffsetTimeType@ab327c
2023-02-12 17:30:21.416 DEBUG 14360 --- [    Test worker] org.hibernate.type.BasicTypeRegistry     : Adding type registration java.time.OffsetTime -> org.hibernate.type.OffsetTimeType@ab327c
2023-02-12 17:30:21.417 DEBUG 14360 --- [    Test worker] org.hibernate.type.BasicTypeRegistry     : Adding type registration ZonedDateTime -> org.hibernate.type.ZonedDateTimeType@72715e61
2023-02-12 17:30:21.417 DEBUG 14360 --- [    Test worker] org.hibernate.type.BasicTypeRegistry     : Adding type registration java.time.ZonedDateTime -> org.hibernate.type.ZonedDateTimeType@72715e61
2023-02-12 17:30:21.417 DEBUG 14360 --- [    Test worker] org.hibernate.type.BasicTypeRegistry     : Adding type registration date -> org.hibernate.type.DateType@5464b97c
2023-02-12 17:30:21.417 DEBUG 14360 --- [    Test worker] org.hibernate.type.BasicTypeRegistry     : Adding type registration java.sql.Date -> org.hibernate.type.DateType@5464b97c
2023-02-12 17:30:21.418 DEBUG 14360 --- [    Test worker] org.hibernate.type.BasicTypeRegistry     : Adding type registration time -> org.hibernate.type.TimeType@15f861ee
2023-02-12 17:30:21.418 DEBUG 14360 --- [    Test worker] org.hibernate.type.BasicTypeRegistry     : Adding type registration java.sql.Time -> org.hibernate.type.TimeType@15f861ee
2023-02-12 17:30:21.418 DEBUG 14360 --- [    Test worker] org.hibernate.type.BasicTypeRegistry     : Adding type registration timestamp -> org.hibernate.type.TimestampType@ac4e690
2023-02-12 17:30:21.418 DEBUG 14360 --- [    Test worker] org.hibernate.type.BasicTypeRegistry     : Adding type registration java.sql.Timestamp -> org.hibernate.type.TimestampType@ac4e690
2023-02-12 17:30:21.418 DEBUG 14360 --- [    Test worker] org.hibernate.type.BasicTypeRegistry     : Adding type registration java.util.Date -> org.hibernate.type.TimestampType@ac4e690
2023-02-12 17:30:21.419 DEBUG 14360 --- [    Test worker] org.hibernate.type.BasicTypeRegistry     : Adding type registration dbtimestamp -> org.hibernate.type.DbTimestampType@37a3ec27
2023-02-12 17:30:21.419 DEBUG 14360 --- [    Test worker] org.hibernate.type.BasicTypeRegistry     : Adding type registration calendar -> org.hibernate.type.CalendarType@14292d71
2023-02-12 17:30:21.419 DEBUG 14360 --- [    Test worker] org.hibernate.type.BasicTypeRegistry     : Adding type registration java.util.Calendar -> org.hibernate.type.CalendarType@14292d71
2023-02-12 17:30:21.419 DEBUG 14360 --- [    Test worker] org.hibernate.type.BasicTypeRegistry     : Adding type registration java.util.GregorianCalendar -> org.hibernate.type.CalendarType@14292d71
2023-02-12 17:30:21.420 DEBUG 14360 --- [    Test worker] org.hibernate.type.BasicTypeRegistry     : Adding type registration calendar_date -> org.hibernate.type.CalendarDateType@55071497
2023-02-12 17:30:21.420 DEBUG 14360 --- [    Test worker] org.hibernate.type.BasicTypeRegistry     : Adding type registration calendar_time -> org.hibernate.type.CalendarTimeType@2f471037
2023-02-12 17:30:21.420 DEBUG 14360 --- [    Test worker] org.hibernate.type.BasicTypeRegistry     : Adding type registration locale -> org.hibernate.type.LocaleType@312a738d
2023-02-12 17:30:21.420 DEBUG 14360 --- [    Test worker] org.hibernate.type.BasicTypeRegistry     : Adding type registration java.util.Locale -> org.hibernate.type.LocaleType@312a738d
2023-02-12 17:30:21.420 DEBUG 14360 --- [    Test worker] org.hibernate.type.BasicTypeRegistry     : Adding type registration currency -> org.hibernate.type.CurrencyType@61dd1c3d
2023-02-12 17:30:21.420 DEBUG 14360 --- [    Test worker] org.hibernate.type.BasicTypeRegistry     : Adding type registration java.util.Currency -> org.hibernate.type.CurrencyType@61dd1c3d
2023-02-12 17:30:21.421 DEBUG 14360 --- [    Test worker] org.hibernate.type.BasicTypeRegistry     : Adding type registration timezone -> org.hibernate.type.TimeZoneType@14656be5
2023-02-12 17:30:21.421 DEBUG 14360 --- [    Test worker] org.hibernate.type.BasicTypeRegistry     : Adding type registration java.util.TimeZone -> org.hibernate.type.TimeZoneType@14656be5
2023-02-12 17:30:21.421 DEBUG 14360 --- [    Test worker] org.hibernate.type.BasicTypeRegistry     : Adding type registration class -> org.hibernate.type.ClassType@425b5fe2
2023-02-12 17:30:21.421 DEBUG 14360 --- [    Test worker] org.hibernate.type.BasicTypeRegistry     : Adding type registration java.lang.Class -> org.hibernate.type.ClassType@425b5fe2
2023-02-12 17:30:21.421 DEBUG 14360 --- [    Test worker] org.hibernate.type.BasicTypeRegistry     : Adding type registration uuid-binary -> org.hibernate.type.UUIDBinaryType@59a94d0f
2023-02-12 17:30:21.421 DEBUG 14360 --- [    Test worker] org.hibernate.type.BasicTypeRegistry     : Adding type registration java.util.UUID -> org.hibernate.type.UUIDBinaryType@59a94d0f
2023-02-12 17:30:21.421 DEBUG 14360 --- [    Test worker] org.hibernate.type.BasicTypeRegistry     : Adding type registration uuid-char -> org.hibernate.type.UUIDCharType@150f41b9
2023-02-12 17:30:21.422 DEBUG 14360 --- [    Test worker] org.hibernate.type.BasicTypeRegistry     : Adding type registration binary -> org.hibernate.type.BinaryType@280484c7
2023-02-12 17:30:21.422 DEBUG 14360 --- [    Test worker] org.hibernate.type.BasicTypeRegistry     : Adding type registration byte[] -> org.hibernate.type.BinaryType@280484c7
2023-02-12 17:30:21.422 DEBUG 14360 --- [    Test worker] org.hibernate.type.BasicTypeRegistry     : Adding type registration [B -> org.hibernate.type.BinaryType@280484c7
2023-02-12 17:30:21.422 DEBUG 14360 --- [    Test worker] org.hibernate.type.BasicTypeRegistry     : Adding type registration wrapper-binary -> org.hibernate.type.WrapperBinaryType@4fa8bebb
2023-02-12 17:30:21.422 DEBUG 14360 --- [    Test worker] org.hibernate.type.BasicTypeRegistry     : Adding type registration Byte[] -> org.hibernate.type.WrapperBinaryType@4fa8bebb
2023-02-12 17:30:21.422 DEBUG 14360 --- [    Test worker] org.hibernate.type.BasicTypeRegistry     : Adding type registration [Ljava.lang.Byte; -> org.hibernate.type.WrapperBinaryType@4fa8bebb
2023-02-12 17:30:21.422 DEBUG 14360 --- [    Test worker] org.hibernate.type.BasicTypeRegistry     : Adding type registration row_version -> org.hibernate.type.RowVersionType@a4df251
2023-02-12 17:30:21.423 DEBUG 14360 --- [    Test worker] org.hibernate.type.BasicTypeRegistry     : Adding type registration image -> org.hibernate.type.ImageType@55e42684
2023-02-12 17:30:21.423 DEBUG 14360 --- [    Test worker] org.hibernate.type.BasicTypeRegistry     : Adding type registration characters -> org.hibernate.type.CharArrayType@34cf0e80
2023-02-12 17:30:21.423 DEBUG 14360 --- [    Test worker] org.hibernate.type.BasicTypeRegistry     : Adding type registration char[] -> org.hibernate.type.CharArrayType@34cf0e80
2023-02-12 17:30:21.423 DEBUG 14360 --- [    Test worker] org.hibernate.type.BasicTypeRegistry     : Adding type registration [C -> org.hibernate.type.CharArrayType@34cf0e80
2023-02-12 17:30:21.423 DEBUG 14360 --- [    Test worker] org.hibernate.type.BasicTypeRegistry     : Adding type registration wrapper-characters -> org.hibernate.type.CharacterArrayType@55061418
2023-02-12 17:30:21.423 DEBUG 14360 --- [    Test worker] org.hibernate.type.BasicTypeRegistry     : Adding type registration [Ljava.lang.Character; -> org.hibernate.type.CharacterArrayType@55061418
2023-02-12 17:30:21.423 DEBUG 14360 --- [    Test worker] org.hibernate.type.BasicTypeRegistry     : Adding type registration Character[] -> org.hibernate.type.CharacterArrayType@55061418
2023-02-12 17:30:21.424 DEBUG 14360 --- [    Test worker] org.hibernate.type.BasicTypeRegistry     : Adding type registration text -> org.hibernate.type.TextType@7f2c995b
2023-02-12 17:30:21.424 DEBUG 14360 --- [    Test worker] org.hibernate.type.BasicTypeRegistry     : Adding type registration ntext -> org.hibernate.type.NTextType@1ed9d173
2023-02-12 17:30:21.424 DEBUG 14360 --- [    Test worker] org.hibernate.type.BasicTypeRegistry     : Adding type registration blob -> org.hibernate.type.BlobType@4b32465
2023-02-12 17:30:21.424 DEBUG 14360 --- [    Test worker] org.hibernate.type.BasicTypeRegistry     : Adding type registration java.sql.Blob -> org.hibernate.type.BlobType@4b32465
2023-02-12 17:30:21.424 DEBUG 14360 --- [    Test worker] org.hibernate.type.BasicTypeRegistry     : Adding type registration materialized_blob -> org.hibernate.type.MaterializedBlobType@4fa5cc73
2023-02-12 17:30:21.425 DEBUG 14360 --- [    Test worker] org.hibernate.type.BasicTypeRegistry     : Adding type registration clob -> org.hibernate.type.ClobType@57f0bfc3
2023-02-12 17:30:21.425 DEBUG 14360 --- [    Test worker] org.hibernate.type.BasicTypeRegistry     : Adding type registration java.sql.Clob -> org.hibernate.type.ClobType@57f0bfc3
2023-02-12 17:30:21.425 DEBUG 14360 --- [    Test worker] org.hibernate.type.BasicTypeRegistry     : Adding type registration nclob -> org.hibernate.type.NClobType@b9b97ad
2023-02-12 17:30:21.425 DEBUG 14360 --- [    Test worker] org.hibernate.type.BasicTypeRegistry     : Adding type registration java.sql.NClob -> org.hibernate.type.NClobType@b9b97ad
2023-02-12 17:30:21.426 DEBUG 14360 --- [    Test worker] org.hibernate.type.BasicTypeRegistry     : Adding type registration materialized_clob -> org.hibernate.type.MaterializedClobType@3c6bd624
2023-02-12 17:30:21.426 DEBUG 14360 --- [    Test worker] org.hibernate.type.BasicTypeRegistry     : Adding type registration materialized_nclob -> org.hibernate.type.MaterializedNClobType@3dd2b9c1
2023-02-12 17:30:21.426 DEBUG 14360 --- [    Test worker] org.hibernate.type.BasicTypeRegistry     : Adding type registration serializable -> org.hibernate.type.SerializableType@46524ebe
2023-02-12 17:30:21.427 DEBUG 14360 --- [    Test worker] org.hibernate.type.BasicTypeRegistry     : Adding type registration object -> org.hibernate.type.ObjectType@7d537616
2023-02-12 17:30:21.427 DEBUG 14360 --- [    Test worker] org.hibernate.type.BasicTypeRegistry     : Adding type registration java.lang.Object -> org.hibernate.type.ObjectType@7d537616
2023-02-12 17:30:21.427 DEBUG 14360 --- [    Test worker] org.hibernate.type.BasicTypeRegistry     : Adding type registration imm_date -> org.hibernate.type.AdaptedImmutableType@70485aa
2023-02-12 17:30:21.427 DEBUG 14360 --- [    Test worker] org.hibernate.type.BasicTypeRegistry     : Adding type registration imm_time -> org.hibernate.type.AdaptedImmutableType@4bf8b77
2023-02-12 17:30:21.428 DEBUG 14360 --- [    Test worker] org.hibernate.type.BasicTypeRegistry     : Adding type registration imm_timestamp -> org.hibernate.type.AdaptedImmutableType@e06ec83
2023-02-12 17:30:21.428 DEBUG 14360 --- [    Test worker] org.hibernate.type.BasicTypeRegistry     : Adding type registration imm_dbtimestamp -> org.hibernate.type.AdaptedImmutableType@628962e5
2023-02-12 17:30:21.428 DEBUG 14360 --- [    Test worker] org.hibernate.type.BasicTypeRegistry     : Adding type registration imm_calendar -> org.hibernate.type.AdaptedImmutableType@410382cb
2023-02-12 17:30:21.428 DEBUG 14360 --- [    Test worker] org.hibernate.type.BasicTypeRegistry     : Adding type registration imm_calendar_date -> org.hibernate.type.AdaptedImmutableType@399f5daf
2023-02-12 17:30:21.428 DEBUG 14360 --- [    Test worker] org.hibernate.type.BasicTypeRegistry     : Adding type registration imm_binary -> org.hibernate.type.AdaptedImmutableType@c4cceb
2023-02-12 17:30:21.428 DEBUG 14360 --- [    Test worker] org.hibernate.type.BasicTypeRegistry     : Adding type registration imm_serializable -> org.hibernate.type.AdaptedImmutableType@29f3185c
2023-02-12 17:30:21.444  INFO 14360 --- [    Test worker] com.zaxxer.hikari.HikariDataSource       : HikariPool-1 - Starting...
2023-02-12 17:30:21.486  INFO 14360 --- [    Test worker] com.zaxxer.hikari.HikariDataSource       : HikariPool-1 - Start completed.
2023-02-12 17:30:21.499  INFO 14360 --- [    Test worker] org.hibernate.dialect.Dialect            : HHH000400: Using dialect: org.hibernate.dialect.H2Dialect
2023-02-12 17:30:21.513 DEBUG 14360 --- [    Test worker] o.h.type.spi.TypeConfiguration$Scope     : Scoping TypeConfiguration [org.hibernate.type.spi.TypeConfiguration@43fe2008] to MetadataBuildingContext [org.hibernate.boot.internal.MetadataBuildingContextRootImpl@552bee2f]
2023-02-12 17:30:21.628 DEBUG 14360 --- [    Test worker] org.hibernate.type.EnumType              : Using NAMED-based conversion for Enum com.board.Board_Upgraded.entity.member.Role
2023-02-12 17:30:21.629 DEBUG 14360 --- [    Test worker] o.h.type.spi.TypeConfiguration$Scope     : Scoping TypeConfiguration [org.hibernate.type.spi.TypeConfiguration@43fe2008] to SessionFactoryImpl [org.hibernate.internal.SessionFactoryImpl@2919aff3]
2023-02-12 17:30:21.752 DEBUG 14360 --- [    Test worker] org.hibernate.SQL                        : 
    
    drop table if exists member CASCADE 
2023-02-12 17:30:21.755 DEBUG 14360 --- [    Test worker] org.hibernate.SQL                        : 
    
    drop table if exists refresh_token CASCADE 
2023-02-12 17:30:21.756 DEBUG 14360 --- [    Test worker] org.hibernate.SQL                        : 
    
    create table member (
       id bigint generated by default as identity,
        created_time timestamp not null,
        last_modified_time timestamp not null,
        member_email varchar(255),
        member_nickname varchar(255),
        member_password varchar(255),
        member_role varchar(255),
        member_username varchar(255),
        primary key (id)
    )
2023-02-12 17:30:21.756 DEBUG 14360 --- [    Test worker] org.hibernate.SQL                        : 
    
    create table refresh_token (
       rt_key varchar(255) not null,
        rt_value varchar(255),
        primary key (rt_key)
    )
2023-02-12 17:30:21.757  INFO 14360 --- [    Test worker] o.h.e.t.j.p.i.JtaPlatformInitiator       : HHH000490: Using JtaPlatform implementation: [org.hibernate.engine.transaction.jta.platform.internal.NoJtaPlatform]
2023-02-12 17:30:21.760 TRACE 14360 --- [    Test worker] o.h.type.spi.TypeConfiguration$Scope     : Handling #sessionFactoryCreated from [org.hibernate.internal.SessionFactoryImpl@2919aff3] for TypeConfiguration
2023-02-12 17:30:21.761  INFO 14360 --- [    Test worker] j.LocalContainerEntityManagerFactoryBean : Initialized JPA EntityManagerFactory for persistence unit 'default'
2023-02-12 17:30:22.040  WARN 14360 --- [    Test worker] JpaBaseConfiguration$JpaWebConfiguration : spring.jpa.open-in-view is enabled by default. Therefore, database queries may be performed during view rendering. Explicitly configure spring.jpa.open-in-view to disable this warning
2023-02-12 17:30:22.201  INFO 14360 --- [    Test worker] o.s.s.web.DefaultSecurityFilterChain     : Will secure any request with [org.springframework.security.web.session.DisableEncodeUrlFilter@44ba9f25, org.springframework.security.web.context.request.async.WebAsyncManagerIntegrationFilter@53570fff, org.springframework.security.web.context.SecurityContextPersistenceFilter@83bbab, org.springframework.security.web.header.HeaderWriterFilter@1c149539, org.springframework.security.web.csrf.CsrfFilter@1e4bf55b, org.springframework.security.web.authentication.logout.LogoutFilter@3891db3a, org.springframework.security.web.authentication.www.BasicAuthenticationFilter@e75bae7, org.springframework.security.web.savedrequest.RequestCacheAwareFilter@48f95f96, org.springframework.security.web.servletapi.SecurityContextHolderAwareRequestFilter@24d7c365, org.springframework.security.web.authentication.AnonymousAuthenticationFilter@6e5df971, org.springframework.security.web.session.SessionManagementFilter@175745fc, org.springframework.security.web.access.ExceptionTranslationFilter@16eb01d4, org.springframework.security.web.access.intercept.AuthorizationFilter@1f596988]
2023-02-12 17:30:22.204  WARN 14360 --- [    Test worker] o.s.s.c.a.web.builders.WebSecurity       : You are asking Spring Security to ignore Ant [pattern='/api/test/getTest']. This is not recommended -- please use permitAll via HttpSecurity#authorizeHttpRequests instead.
2023-02-12 17:30:22.204  INFO 14360 --- [    Test worker] o.s.s.web.DefaultSecurityFilterChain     : Will not secure Ant [pattern='/api/test/getTest']
2023-02-12 17:30:22.205  WARN 14360 --- [    Test worker] o.s.s.c.a.web.builders.WebSecurity       : You are asking Spring Security to ignore Ant [pattern='/join']. This is not recommended -- please use permitAll via HttpSecurity#authorizeHttpRequests instead.
2023-02-12 17:30:22.205  INFO 14360 --- [    Test worker] o.s.s.web.DefaultSecurityFilterChain     : Will not secure Ant [pattern='/join']
2023-02-12 17:30:22.469  INFO 14360 --- [    Test worker] o.s.b.t.m.w.SpringBootMockServletContext : Initializing Spring TestDispatcherServlet ''
2023-02-12 17:30:22.469  INFO 14360 --- [    Test worker] o.s.t.web.servlet.TestDispatcherServlet  : Initializing Servlet ''
2023-02-12 17:30:22.470  INFO 14360 --- [    Test worker] o.s.t.web.servlet.TestDispatcherServlet  : Completed initialization in 1 ms
2023-02-12 17:30:22.563  INFO 14360 --- [    Test worker] .b.B.c.MemberControllerTest_Register_ETC : Started MemberControllerTest_Register_ETC in 2.073 seconds (JVM running for 2.504)
2023-02-12 17:30:22.743 DEBUG 14360 --- [    Test worker] org.hibernate.SQL                        : 
    select
        member0_.id as id1_0_,
        member0_.created_time as created_2_0_,
        member0_.last_modified_time as last_mod3_0_,
        member0_.member_email as member_e4_0_,
        member0_.member_nickname as member_n5_0_,
        member0_.member_password as member_p6_0_,
        member0_.member_role as member_r7_0_,
        member0_.member_username as member_u8_0_ 
    from
        member member0_ 
    where
        member0_.member_username=?
2023-02-12 17:30:22.747 TRACE 14360 --- [    Test worker] o.h.type.descriptor.sql.BasicBinder      : binding parameter [1] as [VARCHAR] - [test]
2023-02-12 17:30:22.757 DEBUG 14360 --- [    Test worker] org.hibernate.SQL                        : 
    select
        member0_.id as id1_0_,
        member0_.created_time as created_2_0_,
        member0_.last_modified_time as last_mod3_0_,
        member0_.member_email as member_e4_0_,
        member0_.member_nickname as member_n5_0_,
        member0_.member_password as member_p6_0_,
        member0_.member_role as member_r7_0_,
        member0_.member_username as member_u8_0_ 
    from
        member member0_ 
    where
        member0_.member_nickname=?
2023-02-12 17:30:22.758 TRACE 14360 --- [    Test worker] o.h.type.descriptor.sql.BasicBinder      : binding parameter [1] as [VARCHAR] - [test]
2023-02-12 17:30:22.760 DEBUG 14360 --- [    Test worker] org.hibernate.SQL                        : 
    select
        member0_.id as id1_0_,
        member0_.created_time as created_2_0_,
        member0_.last_modified_time as last_mod3_0_,
        member0_.member_email as member_e4_0_,
        member0_.member_nickname as member_n5_0_,
        member0_.member_password as member_p6_0_,
        member0_.member_role as member_r7_0_,
        member0_.member_username as member_u8_0_ 
    from
        member member0_ 
    where
        member0_.member_email=?
2023-02-12 17:30:22.761 TRACE 14360 --- [    Test worker] o.h.type.descriptor.sql.BasicBinder      : binding parameter [1] as [VARCHAR] - [test]

MockHttpServletRequest:
      HTTP Method = POST
      Request URI = /join
       Parameters = {}
          Headers = [Content-Type:"application/json;charset=UTF-8", Content-Length:"93"]
             Body = {"username":"test","nickname":"test","email":"test","password":"test","passwordCheck":"test"}
    Session Attrs = {}

Handler:
             Type = com.board.Board_Upgraded.controller.MemberController
           Method = com.board.Board_Upgraded.controller.MemberController#register(RegisterRequestDto)

Async:
    Async started = false
     Async result = null

Resolved Exception:
             Type = com.board.Board_Upgraded.exception.member.EmailNotFormatException

ModelAndView:
        View name = null
             View = null
            Model = null

FlashMap:
       Attributes = null

MockHttpServletResponse:
           Status = 400
    Error message = null
          Headers = [Vary:"Origin", "Access-Control-Request-Method", "Access-Control-Request-Headers", Content-Type:"application/json"]
     Content type = application/json
             Body = {"success":false,"code":400,"result":{"failMessage":"올바르지 않은 이메일 형식입니다."}}
    Forwarded URL = null
   Redirected URL = null
          Cookies = []
]]></system-out>
  <system-err><![CDATA[]]></system-err>
</testsuite>
