<?xml version="1.0" encoding="UTF-8"?>
<testsuite name="com.board.Board_Upgraded.domainTest.MemberTest" tests="1" skipped="0" failures="0" errors="0" timestamp="2023-01-11T06:48:47" hostname="ijanghuiui-MacBookPro.local" time="0.124">
  <properties/>
  <testcase name="회원가입상의 문제가 없을 경우, 회원가입이 진행된다." classname="com.board.Board_Upgraded.domainTest.MemberTest" time="0.124"/>
  <system-out><![CDATA[]]></system-out>
  <system-err><![CDATA[]]></system-err>
</testsuite>
