<?xml version="1.0" encoding="UTF-8"?>
<testsuite name="com.board.Board_Upgraded.domainTest.MemberTest" tests="5" skipped="0" failures="0" errors="0" timestamp="2023-02-18T06:23:17" hostname="ijanghuiui-MacBookPro.local" time="0.033">
  <properties/>
  <testcase name="회원가입상의 문제가 없을 경우, 회원가입이 진행된다." classname="com.board.Board_Upgraded.domainTest.MemberTest" time="0.03"/>
  <testcase name="최종 수정일이 한달이 되지 않았을 경우, 거짓을 반환한다." classname="com.board.Board_Upgraded.domainTest.MemberTest" time="0.001"/>
  <testcase name="비밀번호를 정상적으로 수정하면, 성공되고, 로그인시 다른 비밀번호로 로그인해야한다." classname="com.board.Board_Upgraded.domainTest.MemberTest" time="0.0"/>
  <testcase name="닉네임을 수정하면, 변경된 닉네임이 나온다." classname="com.board.Board_Upgraded.domainTest.MemberTest" time="0.001"/>
  <testcase name="이메일을 수정하면, 변경된 이메일이 나온다." classname="com.board.Board_Upgraded.domainTest.MemberTest" time="0.0"/>
  <system-out><![CDATA[]]></system-out>
  <system-err><![CDATA[]]></system-err>
</testsuite>
