<?xml version="1.0" encoding="UTF-8"?>
<testsuite name="com.board.Board_Upgraded.domainTest.MemberTest" tests="12" skipped="0" failures="0" errors="0" timestamp="2023-01-11T07:26:25" hostname="ijanghuiui-MacBookPro.local" time="0.04">
  <properties/>
  <testcase name="비밀 번호수정시, 두번 쓴 비밀번호가 서로 다르면 예외처리한다." classname="com.board.Board_Upgraded.domainTest.MemberTest" time="0.028"/>
  <testcase name="회원가입상의 문제가 없을 경우, 회원가입이 진행된다." classname="com.board.Board_Upgraded.domainTest.MemberTest" time="0.003"/>
  <testcase name="비밀번호가 이전에 사용하던 비밀번호와 같으면 예외처리한다." classname="com.board.Board_Upgraded.domainTest.MemberTest" time="0.001"/>
  <testcase name="최종 수정일이 한달이 되지 않았을 경우, 거짓을 반환한다." classname="com.board.Board_Upgraded.domainTest.MemberTest" time="0.001"/>
  <testcase name="비밀번호를 정상적으로 수정하면, 성공되고, 로그인시 다른 비밀번호로 로그인해야한다." classname="com.board.Board_Upgraded.domainTest.MemberTest" time="0.0"/>
  <testcase name="기존의 이메일로 이메일을 수정하면 예외처리된다." classname="com.board.Board_Upgraded.domainTest.MemberTest" time="0.001"/>
  <testcase name="닉네임을 수정하면, 변경된 닉네임이 나온다." classname="com.board.Board_Upgraded.domainTest.MemberTest" time="0.001"/>
  <testcase name="이메일 형식이 올바르지 않을 경우 예외처리된다." classname="com.board.Board_Upgraded.domainTest.MemberTest" time="0.0"/>
  <testcase name="기존의 닉네임으로 닉네임을 수정하면 예외처리된다." classname="com.board.Board_Upgraded.domainTest.MemberTest" time="0.0"/>
  <testcase name="비밀번호와 비밀번호 확인이 다를 경우 회원가입에 예외가 발생된다." classname="com.board.Board_Upgraded.domainTest.MemberTest" time="0.001"/>
  <testcase name="수정하려는 이메일의 형식이 올바르지 않으면 예외처리한다." classname="com.board.Board_Upgraded.domainTest.MemberTest" time="0.001"/>
  <testcase name="이메일을 수정하면, 변경된 이메일이 나온다." classname="com.board.Board_Upgraded.domainTest.MemberTest" time="0.001"/>
  <system-out><![CDATA[]]></system-out>
  <system-err><![CDATA[]]></system-err>
</testsuite>
