<?xml version="1.0" encoding="UTF-8"?>
<testsuite name="com.board.Board_Upgraded.controller.post.EditTest" tests="1" skipped="0" failures="0" errors="0" timestamp="2023-03-01T14:01:44" hostname="ijanghuiui-MacBookPro.local" time="0.662">
  <properties/>
  <testcase name="제목만 존재하고, 내용이 null이면 제목만 변경된다." classname="com.board.Board_Upgraded.controller.post.EditTest" time="0.662"/>
  <system-out><![CDATA[23:01:42.047 [Test worker] DEBUG org.springframework.test.context.BootstrapUtils - Instantiating CacheAwareContextLoaderDelegate from class [org.springframework.test.context.cache.DefaultCacheAwareContextLoaderDelegate]
23:01:42.052 [Test worker] DEBUG org.springframework.test.context.BootstrapUtils - Instantiating BootstrapContext using constructor [public org.springframework.test.context.support.DefaultBootstrapContext(java.lang.Class,org.springframework.test.context.CacheAwareContextLoaderDelegate)]
23:01:42.068 [Test worker] DEBUG org.springframework.test.context.BootstrapUtils - Instantiating TestContextBootstrapper for test class [com.board.Board_Upgraded.controller.post.EditTest] from class [org.springframework.boot.test.context.SpringBootTestContextBootstrapper]
23:01:42.074 [Test worker] INFO org.springframework.boot.test.context.SpringBootTestContextBootstrapper - Neither @ContextConfiguration nor @ContextHierarchy found for test class [com.board.Board_Upgraded.controller.post.EditTest], using SpringBootContextLoader
23:01:42.076 [Test worker] DEBUG org.springframework.test.context.support.AbstractContextLoader - Did not detect default resource location for test class [com.board.Board_Upgraded.controller.post.EditTest]: class path resource [com/board/Board_Upgraded/controller/post/EditTest-context.xml] does not exist
23:01:42.076 [Test worker] DEBUG org.springframework.test.context.support.AbstractContextLoader - Did not detect default resource location for test class [com.board.Board_Upgraded.controller.post.EditTest]: class path resource [com/board/Board_Upgraded/controller/post/EditTestContext.groovy] does not exist
23:01:42.076 [Test worker] INFO org.springframework.test.context.support.AbstractContextLoader - Could not detect default resource locations for test class [com.board.Board_Upgraded.controller.post.EditTest]: no resource found for suffixes {-context.xml, Context.groovy}.
23:01:42.077 [Test worker] INFO org.springframework.test.context.support.AnnotationConfigContextLoaderUtils - Could not detect default configuration classes for test class [com.board.Board_Upgraded.controller.post.EditTest]: EditTest does not declare any static, non-private, non-final, nested classes annotated with @Configuration.
23:01:42.102 [Test worker] DEBUG org.springframework.test.context.support.ActiveProfilesUtils - Could not find an 'annotation declaring class' for annotation type [org.springframework.test.context.ActiveProfiles] and class [com.board.Board_Upgraded.controller.post.EditTest]
23:01:42.138 [Test worker] DEBUG org.springframework.context.annotation.ClassPathScanningCandidateComponentProvider - Identified candidate component class: file [/Users/leeeehgnaj/Desktop/Coding/Board_Upgraded/build/classes/java/main/com/board/Board_Upgraded/BoardUpgradedApplication.class]
23:01:42.138 [Test worker] INFO org.springframework.boot.test.context.SpringBootTestContextBootstrapper - Found @SpringBootConfiguration com.board.Board_Upgraded.BoardUpgradedApplication for test class com.board.Board_Upgraded.controller.post.EditTest
23:01:42.173 [Test worker] DEBUG org.springframework.boot.test.context.SpringBootTestContextBootstrapper - @TestExecutionListeners is not present for class [com.board.Board_Upgraded.controller.post.EditTest]: using defaults.
23:01:42.173 [Test worker] INFO org.springframework.boot.test.context.SpringBootTestContextBootstrapper - Loaded default TestExecutionListener class names from location [META-INF/spring.factories]: [org.springframework.security.test.context.support.WithSecurityContextTestExecutionListener, org.springframework.security.test.context.support.ReactorContextTestExecutionListener, org.springframework.boot.test.autoconfigure.restdocs.RestDocsTestExecutionListener, org.springframework.boot.test.autoconfigure.web.client.MockRestServiceServerResetTestExecutionListener, org.springframework.boot.test.autoconfigure.web.servlet.MockMvcPrintOnlyOnFailureTestExecutionListener, org.springframework.boot.test.autoconfigure.web.servlet.WebDriverTestExecutionListener, org.springframework.boot.test.autoconfigure.webservices.client.MockWebServiceServerTestExecutionListener, org.springframework.boot.test.mock.mockito.MockitoTestExecutionListener, org.springframework.boot.test.mock.mockito.ResetMocksTestExecutionListener, org.springframework.test.context.web.ServletTestExecutionListener, org.springframework.test.context.support.DirtiesContextBeforeModesTestExecutionListener, org.springframework.test.context.event.ApplicationEventsTestExecutionListener, org.springframework.test.context.support.DependencyInjectionTestExecutionListener, org.springframework.test.context.support.DirtiesContextTestExecutionListener, org.springframework.test.context.transaction.TransactionalTestExecutionListener, org.springframework.test.context.jdbc.SqlScriptsTestExecutionListener, org.springframework.test.context.event.EventPublishingTestExecutionListener]
23:01:42.182 [Test worker] INFO org.springframework.boot.test.context.SpringBootTestContextBootstrapper - Using TestExecutionListeners: [org.springframework.test.context.web.ServletTestExecutionListener@63648ee9, org.springframework.test.context.support.DirtiesContextBeforeModesTestExecutionListener@68d6972f, org.springframework.test.context.event.ApplicationEventsTestExecutionListener@45be7cd5, org.springframework.boot.test.mock.mockito.MockitoTestExecutionListener@7651218e, org.springframework.boot.test.autoconfigure.SpringBootDependencyInjectionTestExecutionListener@3185fa6b, org.springframework.test.context.support.DirtiesContextTestExecutionListener@6d366c9b, org.springframework.test.context.transaction.TransactionalTestExecutionListener@5b58ed3c, org.springframework.test.context.jdbc.SqlScriptsTestExecutionListener@24faea88, org.springframework.security.test.context.support.WithSecurityContextTestExecutionListener@3a320ade, org.springframework.test.context.event.EventPublishingTestExecutionListener@64beebb7, org.springframework.security.test.context.support.ReactorContextTestExecutionListener@7813cb11, org.springframework.boot.test.autoconfigure.restdocs.RestDocsTestExecutionListener@bcec031, org.springframework.boot.test.autoconfigure.web.client.MockRestServiceServerResetTestExecutionListener@21005f6c, org.springframework.boot.test.autoconfigure.web.servlet.MockMvcPrintOnlyOnFailureTestExecutionListener@32f0fba8, org.springframework.boot.test.autoconfigure.web.servlet.WebDriverTestExecutionListener@545de5a4, org.springframework.boot.test.autoconfigure.webservices.client.MockWebServiceServerTestExecutionListener@29ef6856, org.springframework.boot.test.mock.mockito.ResetMocksTestExecutionListener@ab7a938]
23:01:42.183 [Test worker] DEBUG org.springframework.test.context.support.AbstractDirtiesContextTestExecutionListener - Before test class: context [DefaultTestContext@4ebea12c testClass = EditTest, testInstance = [null], testMethod = [null], testException = [null], mergedContextConfiguration = [WebMergedContextConfiguration@2a1edad4 testClass = EditTest, locations = '{}', classes = '{class com.board.Board_Upgraded.BoardUpgradedApplication}', contextInitializerClasses = '[]', activeProfiles = '{}', propertySourceLocations = '{}', propertySourceProperties = '{org.springframework.boot.test.context.SpringBootTestContextBootstrapper=true}', contextCustomizers = set[org.springframework.boot.test.autoconfigure.actuate.metrics.MetricsExportContextCustomizerFactory$DisableMetricExportContextCustomizer@56928307, org.springframework.boot.test.autoconfigure.properties.PropertyMappingContextCustomizer@4b3fa0b3, org.springframework.boot.test.autoconfigure.web.servlet.WebDriverContextCustomizerFactory$Customizer@38234a38, [ImportsContextCustomizer@6256ac4f key = [org.springframework.boot.test.autoconfigure.web.servlet.MockMvcAutoConfiguration, org.springframework.boot.test.autoconfigure.web.servlet.MockMvcWebClientAutoConfiguration, org.springframework.boot.test.autoconfigure.web.servlet.MockMvcWebDriverAutoConfiguration, org.springframework.boot.autoconfigure.security.oauth2.client.servlet.OAuth2ClientAutoConfiguration, org.springframework.boot.autoconfigure.security.oauth2.resource.servlet.OAuth2ResourceServerAutoConfiguration, org.springframework.boot.autoconfigure.security.servlet.SecurityAutoConfiguration, org.springframework.boot.autoconfigure.security.servlet.SecurityFilterAutoConfiguration, org.springframework.boot.autoconfigure.security.servlet.UserDetailsServiceAutoConfiguration, org.springframework.boot.test.autoconfigure.web.servlet.MockMvcSecurityConfiguration, org.springframework.boot.test.autoconfigure.web.reactive.WebTestClientAutoConfiguration]], org.springframework.boot.test.context.filter.ExcludeFilterContextCustomizer@3a4621bd, org.springframework.boot.test.json.DuplicateJsonObjectContextCustomizerFactory$DuplicateJsonObjectContextCustomizer@7e6ef134, org.springframework.boot.test.mock.mockito.MockitoContextCustomizer@0, org.springframework.boot.test.web.client.TestRestTemplateContextCustomizer@34f22f9d, org.springframework.boot.test.context.SpringBootTestArgs@1, org.springframework.boot.test.context.SpringBootTestWebEnvironment@50caa560], resourceBasePath = 'src/main/webapp', contextLoader = 'org.springframework.boot.test.context.SpringBootContextLoader', parent = [null]], attributes = map['org.springframework.test.context.web.ServletTestExecutionListener.activateListener' -> true]], class annotated with @DirtiesContext [false] with mode [null].

  .   ____          _            __ _ _
 /\\ / ___'_ __ _ _(_)_ __  __ _ \ \ \ \
( ( )\___ | '_ | '_| | '_ \/ _` | \ \ \ \
 \\/  ___)| |_)| | | | | || (_| |  ) ) ) )
  '  |____| .__|_| |_|_| |_\__, | / / / /
 =========|_|==============|___/=/_/_/_/
 :: Spring Boot ::                (v2.7.0)

2023-03-01 23:01:42.350  INFO 49523 --- [    Test worker] c.b.B.controller.post.EditTest           : Starting EditTest using Java 17.0.2 on ijanghuiui-MacBookPro.local with PID 49523 (started by leeeehgnaj in /Users/leeeehgnaj/Desktop/Coding/Board_Upgraded)
2023-03-01 23:01:42.350  INFO 49523 --- [    Test worker] c.b.B.controller.post.EditTest           : The following 1 profile is active: "local"
2023-03-01 23:01:42.754  INFO 49523 --- [    Test worker] .s.d.r.c.RepositoryConfigurationDelegate : Bootstrapping Spring Data JPA repositories in DEFAULT mode.
2023-03-01 23:01:42.786  INFO 49523 --- [    Test worker] .s.d.r.c.RepositoryConfigurationDelegate : Finished Spring Data repository scanning in 28 ms. Found 3 JPA repository interfaces.
2023-03-01 23:01:43.065  INFO 49523 --- [    Test worker] o.hibernate.jpa.internal.util.LogHelper  : HHH000204: Processing PersistenceUnitInfo [name: default]
2023-03-01 23:01:43.089  INFO 49523 --- [    Test worker] org.hibernate.Version                    : HHH000412: Hibernate ORM core version 5.6.9.Final
2023-03-01 23:01:43.171  INFO 49523 --- [    Test worker] o.hibernate.annotations.common.Version   : HCANN000001: Hibernate Commons Annotations {5.1.2.Final}
2023-03-01 23:01:43.183 DEBUG 49523 --- [    Test worker] org.hibernate.type.BasicTypeRegistry     : Adding type registration boolean -> org.hibernate.type.BooleanType@377dbc50
2023-03-01 23:01:43.184 DEBUG 49523 --- [    Test worker] org.hibernate.type.BasicTypeRegistry     : Adding type registration boolean -> org.hibernate.type.BooleanType@377dbc50
2023-03-01 23:01:43.184 DEBUG 49523 --- [    Test worker] org.hibernate.type.BasicTypeRegistry     : Adding type registration java.lang.Boolean -> org.hibernate.type.BooleanType@377dbc50
2023-03-01 23:01:43.184 DEBUG 49523 --- [    Test worker] org.hibernate.type.BasicTypeRegistry     : Adding type registration numeric_boolean -> org.hibernate.type.NumericBooleanType@2a5c6b76
2023-03-01 23:01:43.184 DEBUG 49523 --- [    Test worker] org.hibernate.type.BasicTypeRegistry     : Adding type registration true_false -> org.hibernate.type.TrueFalseType@4ad1a276
2023-03-01 23:01:43.184 DEBUG 49523 --- [    Test worker] org.hibernate.type.BasicTypeRegistry     : Adding type registration yes_no -> org.hibernate.type.YesNoType@e97f115
2023-03-01 23:01:43.184 DEBUG 49523 --- [    Test worker] org.hibernate.type.BasicTypeRegistry     : Adding type registration byte -> org.hibernate.type.ByteType@7b4b8199
2023-03-01 23:01:43.184 DEBUG 49523 --- [    Test worker] org.hibernate.type.BasicTypeRegistry     : Adding type registration byte -> org.hibernate.type.ByteType@7b4b8199
2023-03-01 23:01:43.184 DEBUG 49523 --- [    Test worker] org.hibernate.type.BasicTypeRegistry     : Adding type registration java.lang.Byte -> org.hibernate.type.ByteType@7b4b8199
2023-03-01 23:01:43.185 DEBUG 49523 --- [    Test worker] org.hibernate.type.BasicTypeRegistry     : Adding type registration character -> org.hibernate.type.CharacterType@2a425cf5
2023-03-01 23:01:43.185 DEBUG 49523 --- [    Test worker] org.hibernate.type.BasicTypeRegistry     : Adding type registration char -> org.hibernate.type.CharacterType@2a425cf5
2023-03-01 23:01:43.185 DEBUG 49523 --- [    Test worker] org.hibernate.type.BasicTypeRegistry     : Adding type registration java.lang.Character -> org.hibernate.type.CharacterType@2a425cf5
2023-03-01 23:01:43.185 DEBUG 49523 --- [    Test worker] org.hibernate.type.BasicTypeRegistry     : Adding type registration short -> org.hibernate.type.ShortType@1f9a7684
2023-03-01 23:01:43.185 DEBUG 49523 --- [    Test worker] org.hibernate.type.BasicTypeRegistry     : Adding type registration short -> org.hibernate.type.ShortType@1f9a7684
2023-03-01 23:01:43.185 DEBUG 49523 --- [    Test worker] org.hibernate.type.BasicTypeRegistry     : Adding type registration java.lang.Short -> org.hibernate.type.ShortType@1f9a7684
2023-03-01 23:01:43.186 DEBUG 49523 --- [    Test worker] org.hibernate.type.BasicTypeRegistry     : Adding type registration integer -> org.hibernate.type.IntegerType@16cf7fd0
2023-03-01 23:01:43.186 DEBUG 49523 --- [    Test worker] org.hibernate.type.BasicTypeRegistry     : Adding type registration int -> org.hibernate.type.IntegerType@16cf7fd0
2023-03-01 23:01:43.186 DEBUG 49523 --- [    Test worker] org.hibernate.type.BasicTypeRegistry     : Adding type registration java.lang.Integer -> org.hibernate.type.IntegerType@16cf7fd0
2023-03-01 23:01:43.186 DEBUG 49523 --- [    Test worker] org.hibernate.type.BasicTypeRegistry     : Adding type registration long -> org.hibernate.type.LongType@2aac8ad7
2023-03-01 23:01:43.186 DEBUG 49523 --- [    Test worker] org.hibernate.type.BasicTypeRegistry     : Adding type registration long -> org.hibernate.type.LongType@2aac8ad7
2023-03-01 23:01:43.186 DEBUG 49523 --- [    Test worker] org.hibernate.type.BasicTypeRegistry     : Adding type registration java.lang.Long -> org.hibernate.type.LongType@2aac8ad7
2023-03-01 23:01:43.187 DEBUG 49523 --- [    Test worker] org.hibernate.type.BasicTypeRegistry     : Adding type registration float -> org.hibernate.type.FloatType@64757d56
2023-03-01 23:01:43.187 DEBUG 49523 --- [    Test worker] org.hibernate.type.BasicTypeRegistry     : Adding type registration float -> org.hibernate.type.FloatType@64757d56
2023-03-01 23:01:43.187 DEBUG 49523 --- [    Test worker] org.hibernate.type.BasicTypeRegistry     : Adding type registration java.lang.Float -> org.hibernate.type.FloatType@64757d56
2023-03-01 23:01:43.187 DEBUG 49523 --- [    Test worker] org.hibernate.type.BasicTypeRegistry     : Adding type registration double -> org.hibernate.type.DoubleType@175f859e
2023-03-01 23:01:43.187 DEBUG 49523 --- [    Test worker] org.hibernate.type.BasicTypeRegistry     : Adding type registration double -> org.hibernate.type.DoubleType@175f859e
2023-03-01 23:01:43.187 DEBUG 49523 --- [    Test worker] org.hibernate.type.BasicTypeRegistry     : Adding type registration java.lang.Double -> org.hibernate.type.DoubleType@175f859e
2023-03-01 23:01:43.187 DEBUG 49523 --- [    Test worker] org.hibernate.type.BasicTypeRegistry     : Adding type registration big_decimal -> org.hibernate.type.BigDecimalType@4c030fe1
2023-03-01 23:01:43.187 DEBUG 49523 --- [    Test worker] org.hibernate.type.BasicTypeRegistry     : Adding type registration java.math.BigDecimal -> org.hibernate.type.BigDecimalType@4c030fe1
2023-03-01 23:01:43.188 DEBUG 49523 --- [    Test worker] org.hibernate.type.BasicTypeRegistry     : Adding type registration big_integer -> org.hibernate.type.BigIntegerType@386e9fd8
2023-03-01 23:01:43.188 DEBUG 49523 --- [    Test worker] org.hibernate.type.BasicTypeRegistry     : Adding type registration java.math.BigInteger -> org.hibernate.type.BigIntegerType@386e9fd8
2023-03-01 23:01:43.188 DEBUG 49523 --- [    Test worker] org.hibernate.type.BasicTypeRegistry     : Adding type registration string -> org.hibernate.type.StringType@8af1c49
2023-03-01 23:01:43.188 DEBUG 49523 --- [    Test worker] org.hibernate.type.BasicTypeRegistry     : Adding type registration java.lang.String -> org.hibernate.type.StringType@8af1c49
2023-03-01 23:01:43.188 DEBUG 49523 --- [    Test worker] org.hibernate.type.BasicTypeRegistry     : Adding type registration nstring -> org.hibernate.type.StringNVarcharType@5611bba
2023-03-01 23:01:43.188 DEBUG 49523 --- [    Test worker] org.hibernate.type.BasicTypeRegistry     : Adding type registration ncharacter -> org.hibernate.type.CharacterNCharType@5464b97c
2023-03-01 23:01:43.189 DEBUG 49523 --- [    Test worker] org.hibernate.type.BasicTypeRegistry     : Adding type registration url -> org.hibernate.type.UrlType@2bc0b8c8
2023-03-01 23:01:43.189 DEBUG 49523 --- [    Test worker] org.hibernate.type.BasicTypeRegistry     : Adding type registration java.net.URL -> org.hibernate.type.UrlType@2bc0b8c8
2023-03-01 23:01:43.189 DEBUG 49523 --- [    Test worker] org.hibernate.type.BasicTypeRegistry     : Adding type registration Duration -> org.hibernate.type.DurationType@5341e71a
2023-03-01 23:01:43.189 DEBUG 49523 --- [    Test worker] org.hibernate.type.BasicTypeRegistry     : Adding type registration java.time.Duration -> org.hibernate.type.DurationType@5341e71a
2023-03-01 23:01:43.189 DEBUG 49523 --- [    Test worker] org.hibernate.type.BasicTypeRegistry     : Adding type registration Instant -> org.hibernate.type.InstantType@283baa39
2023-03-01 23:01:43.189 DEBUG 49523 --- [    Test worker] org.hibernate.type.BasicTypeRegistry     : Adding type registration java.time.Instant -> org.hibernate.type.InstantType@283baa39
2023-03-01 23:01:43.190 DEBUG 49523 --- [    Test worker] org.hibernate.type.BasicTypeRegistry     : Adding type registration LocalDateTime -> org.hibernate.type.LocalDateTimeType@14292d71
2023-03-01 23:01:43.190 DEBUG 49523 --- [    Test worker] org.hibernate.type.BasicTypeRegistry     : Adding type registration java.time.LocalDateTime -> org.hibernate.type.LocalDateTimeType@14292d71
2023-03-01 23:01:43.190 DEBUG 49523 --- [    Test worker] org.hibernate.type.BasicTypeRegistry     : Adding type registration LocalDate -> org.hibernate.type.LocalDateType@58b8f9e3
2023-03-01 23:01:43.190 DEBUG 49523 --- [    Test worker] org.hibernate.type.BasicTypeRegistry     : Adding type registration java.time.LocalDate -> org.hibernate.type.LocalDateType@58b8f9e3
2023-03-01 23:01:43.191 DEBUG 49523 --- [    Test worker] org.hibernate.type.BasicTypeRegistry     : Adding type registration LocalTime -> org.hibernate.type.LocalTimeType@ba562e0
2023-03-01 23:01:43.191 DEBUG 49523 --- [    Test worker] org.hibernate.type.BasicTypeRegistry     : Adding type registration java.time.LocalTime -> org.hibernate.type.LocalTimeType@ba562e0
2023-03-01 23:01:43.191 DEBUG 49523 --- [    Test worker] org.hibernate.type.BasicTypeRegistry     : Adding type registration OffsetDateTime -> org.hibernate.type.OffsetDateTimeType@34cb0e49
2023-03-01 23:01:43.191 DEBUG 49523 --- [    Test worker] org.hibernate.type.BasicTypeRegistry     : Adding type registration java.time.OffsetDateTime -> org.hibernate.type.OffsetDateTimeType@34cb0e49
2023-03-01 23:01:43.192 DEBUG 49523 --- [    Test worker] org.hibernate.type.BasicTypeRegistry     : Adding type registration OffsetTime -> org.hibernate.type.OffsetTimeType@782e6b40
2023-03-01 23:01:43.192 DEBUG 49523 --- [    Test worker] org.hibernate.type.BasicTypeRegistry     : Adding type registration java.time.OffsetTime -> org.hibernate.type.OffsetTimeType@782e6b40
2023-03-01 23:01:43.192 DEBUG 49523 --- [    Test worker] org.hibernate.type.BasicTypeRegistry     : Adding type registration ZonedDateTime -> org.hibernate.type.ZonedDateTimeType@5db9f51f
2023-03-01 23:01:43.192 DEBUG 49523 --- [    Test worker] org.hibernate.type.BasicTypeRegistry     : Adding type registration java.time.ZonedDateTime -> org.hibernate.type.ZonedDateTimeType@5db9f51f
2023-03-01 23:01:43.192 DEBUG 49523 --- [    Test worker] org.hibernate.type.BasicTypeRegistry     : Adding type registration date -> org.hibernate.type.DateType@dae5e0
2023-03-01 23:01:43.193 DEBUG 49523 --- [    Test worker] org.hibernate.type.BasicTypeRegistry     : Adding type registration java.sql.Date -> org.hibernate.type.DateType@dae5e0
2023-03-01 23:01:43.193 DEBUG 49523 --- [    Test worker] org.hibernate.type.BasicTypeRegistry     : Adding type registration time -> org.hibernate.type.TimeType@298263fa
2023-03-01 23:01:43.194 DEBUG 49523 --- [    Test worker] org.hibernate.type.BasicTypeRegistry     : Adding type registration java.sql.Time -> org.hibernate.type.TimeType@298263fa
2023-03-01 23:01:43.195 DEBUG 49523 --- [    Test worker] org.hibernate.type.BasicTypeRegistry     : Adding type registration timestamp -> org.hibernate.type.TimestampType@59127611
2023-03-01 23:01:43.195 DEBUG 49523 --- [    Test worker] org.hibernate.type.BasicTypeRegistry     : Adding type registration java.sql.Timestamp -> org.hibernate.type.TimestampType@59127611
2023-03-01 23:01:43.195 DEBUG 49523 --- [    Test worker] org.hibernate.type.BasicTypeRegistry     : Adding type registration java.util.Date -> org.hibernate.type.TimestampType@59127611
2023-03-01 23:01:43.195 DEBUG 49523 --- [    Test worker] org.hibernate.type.BasicTypeRegistry     : Adding type registration dbtimestamp -> org.hibernate.type.DbTimestampType@4fa8bebb
2023-03-01 23:01:43.196 DEBUG 49523 --- [    Test worker] org.hibernate.type.BasicTypeRegistry     : Adding type registration calendar -> org.hibernate.type.CalendarType@71e7830a
2023-03-01 23:01:43.196 DEBUG 49523 --- [    Test worker] org.hibernate.type.BasicTypeRegistry     : Adding type registration java.util.Calendar -> org.hibernate.type.CalendarType@71e7830a
2023-03-01 23:01:43.196 DEBUG 49523 --- [    Test worker] org.hibernate.type.BasicTypeRegistry     : Adding type registration java.util.GregorianCalendar -> org.hibernate.type.CalendarType@71e7830a
2023-03-01 23:01:43.196 DEBUG 49523 --- [    Test worker] org.hibernate.type.BasicTypeRegistry     : Adding type registration calendar_date -> org.hibernate.type.CalendarDateType@528e5e38
2023-03-01 23:01:43.196 DEBUG 49523 --- [    Test worker] org.hibernate.type.BasicTypeRegistry     : Adding type registration calendar_time -> org.hibernate.type.CalendarTimeType@56f9de3b
2023-03-01 23:01:43.196 DEBUG 49523 --- [    Test worker] org.hibernate.type.BasicTypeRegistry     : Adding type registration locale -> org.hibernate.type.LocaleType@6ec3d8e4
2023-03-01 23:01:43.196 DEBUG 49523 --- [    Test worker] org.hibernate.type.BasicTypeRegistry     : Adding type registration java.util.Locale -> org.hibernate.type.LocaleType@6ec3d8e4
2023-03-01 23:01:43.197 DEBUG 49523 --- [    Test worker] org.hibernate.type.BasicTypeRegistry     : Adding type registration currency -> org.hibernate.type.CurrencyType@6e981e78
2023-03-01 23:01:43.197 DEBUG 49523 --- [    Test worker] org.hibernate.type.BasicTypeRegistry     : Adding type registration java.util.Currency -> org.hibernate.type.CurrencyType@6e981e78
2023-03-01 23:01:43.197 DEBUG 49523 --- [    Test worker] org.hibernate.type.BasicTypeRegistry     : Adding type registration timezone -> org.hibernate.type.TimeZoneType@4af70b83
2023-03-01 23:01:43.198 DEBUG 49523 --- [    Test worker] org.hibernate.type.BasicTypeRegistry     : Adding type registration java.util.TimeZone -> org.hibernate.type.TimeZoneType@4af70b83
2023-03-01 23:01:43.198 DEBUG 49523 --- [    Test worker] org.hibernate.type.BasicTypeRegistry     : Adding type registration class -> org.hibernate.type.ClassType@224e6e88
2023-03-01 23:01:43.198 DEBUG 49523 --- [    Test worker] org.hibernate.type.BasicTypeRegistry     : Adding type registration java.lang.Class -> org.hibernate.type.ClassType@224e6e88
2023-03-01 23:01:43.198 DEBUG 49523 --- [    Test worker] org.hibernate.type.BasicTypeRegistry     : Adding type registration uuid-binary -> org.hibernate.type.UUIDBinaryType@6115846e
2023-03-01 23:01:43.198 DEBUG 49523 --- [    Test worker] org.hibernate.type.BasicTypeRegistry     : Adding type registration java.util.UUID -> org.hibernate.type.UUIDBinaryType@6115846e
2023-03-01 23:01:43.199 DEBUG 49523 --- [    Test worker] org.hibernate.type.BasicTypeRegistry     : Adding type registration uuid-char -> org.hibernate.type.UUIDCharType@5922cff3
2023-03-01 23:01:43.199 DEBUG 49523 --- [    Test worker] org.hibernate.type.BasicTypeRegistry     : Adding type registration binary -> org.hibernate.type.BinaryType@b9b97ad
2023-03-01 23:01:43.199 DEBUG 49523 --- [    Test worker] org.hibernate.type.BasicTypeRegistry     : Adding type registration byte[] -> org.hibernate.type.BinaryType@b9b97ad
2023-03-01 23:01:43.199 DEBUG 49523 --- [    Test worker] org.hibernate.type.BasicTypeRegistry     : Adding type registration [B -> org.hibernate.type.BinaryType@b9b97ad
2023-03-01 23:01:43.199 DEBUG 49523 --- [    Test worker] org.hibernate.type.BasicTypeRegistry     : Adding type registration wrapper-binary -> org.hibernate.type.WrapperBinaryType@5f6a8efe
2023-03-01 23:01:43.199 DEBUG 49523 --- [    Test worker] org.hibernate.type.BasicTypeRegistry     : Adding type registration Byte[] -> org.hibernate.type.WrapperBinaryType@5f6a8efe
2023-03-01 23:01:43.199 DEBUG 49523 --- [    Test worker] org.hibernate.type.BasicTypeRegistry     : Adding type registration [Ljava.lang.Byte; -> org.hibernate.type.WrapperBinaryType@5f6a8efe
2023-03-01 23:01:43.200 DEBUG 49523 --- [    Test worker] org.hibernate.type.BasicTypeRegistry     : Adding type registration row_version -> org.hibernate.type.RowVersionType@4cb4c4cc
2023-03-01 23:01:43.200 DEBUG 49523 --- [    Test worker] org.hibernate.type.BasicTypeRegistry     : Adding type registration image -> org.hibernate.type.ImageType@46524ebe
2023-03-01 23:01:43.200 DEBUG 49523 --- [    Test worker] org.hibernate.type.BasicTypeRegistry     : Adding type registration characters -> org.hibernate.type.CharArrayType@5a82bc58
2023-03-01 23:01:43.200 DEBUG 49523 --- [    Test worker] org.hibernate.type.BasicTypeRegistry     : Adding type registration char[] -> org.hibernate.type.CharArrayType@5a82bc58
2023-03-01 23:01:43.200 DEBUG 49523 --- [    Test worker] org.hibernate.type.BasicTypeRegistry     : Adding type registration [C -> org.hibernate.type.CharArrayType@5a82bc58
2023-03-01 23:01:43.200 DEBUG 49523 --- [    Test worker] org.hibernate.type.BasicTypeRegistry     : Adding type registration wrapper-characters -> org.hibernate.type.CharacterArrayType@6c830ebd
2023-03-01 23:01:43.200 DEBUG 49523 --- [    Test worker] org.hibernate.type.BasicTypeRegistry     : Adding type registration [Ljava.lang.Character; -> org.hibernate.type.CharacterArrayType@6c830ebd
2023-03-01 23:01:43.200 DEBUG 49523 --- [    Test worker] org.hibernate.type.BasicTypeRegistry     : Adding type registration Character[] -> org.hibernate.type.CharacterArrayType@6c830ebd
2023-03-01 23:01:43.201 DEBUG 49523 --- [    Test worker] org.hibernate.type.BasicTypeRegistry     : Adding type registration text -> org.hibernate.type.TextType@11ad095c
2023-03-01 23:01:43.201 DEBUG 49523 --- [    Test worker] org.hibernate.type.BasicTypeRegistry     : Adding type registration ntext -> org.hibernate.type.NTextType@19d27c27
2023-03-01 23:01:43.202 DEBUG 49523 --- [    Test worker] org.hibernate.type.BasicTypeRegistry     : Adding type registration blob -> org.hibernate.type.BlobType@74bbc273
2023-03-01 23:01:43.202 DEBUG 49523 --- [    Test worker] org.hibernate.type.BasicTypeRegistry     : Adding type registration java.sql.Blob -> org.hibernate.type.BlobType@74bbc273
2023-03-01 23:01:43.202 DEBUG 49523 --- [    Test worker] org.hibernate.type.BasicTypeRegistry     : Adding type registration materialized_blob -> org.hibernate.type.MaterializedBlobType@a0d875d
2023-03-01 23:01:43.202 DEBUG 49523 --- [    Test worker] org.hibernate.type.BasicTypeRegistry     : Adding type registration clob -> org.hibernate.type.ClobType@3ff8a3ad
2023-03-01 23:01:43.202 DEBUG 49523 --- [    Test worker] org.hibernate.type.BasicTypeRegistry     : Adding type registration java.sql.Clob -> org.hibernate.type.ClobType@3ff8a3ad
2023-03-01 23:01:43.203 DEBUG 49523 --- [    Test worker] org.hibernate.type.BasicTypeRegistry     : Adding type registration nclob -> org.hibernate.type.NClobType@16ccd2bc
2023-03-01 23:01:43.203 DEBUG 49523 --- [    Test worker] org.hibernate.type.BasicTypeRegistry     : Adding type registration java.sql.NClob -> org.hibernate.type.NClobType@16ccd2bc
2023-03-01 23:01:43.203 DEBUG 49523 --- [    Test worker] org.hibernate.type.BasicTypeRegistry     : Adding type registration materialized_clob -> org.hibernate.type.MaterializedClobType@77ba583
2023-03-01 23:01:43.203 DEBUG 49523 --- [    Test worker] org.hibernate.type.BasicTypeRegistry     : Adding type registration materialized_nclob -> org.hibernate.type.MaterializedNClobType@5368e981
2023-03-01 23:01:43.203 DEBUG 49523 --- [    Test worker] org.hibernate.type.BasicTypeRegistry     : Adding type registration serializable -> org.hibernate.type.SerializableType@2d07aacc
2023-03-01 23:01:43.205 DEBUG 49523 --- [    Test worker] org.hibernate.type.BasicTypeRegistry     : Adding type registration object -> org.hibernate.type.ObjectType@318e3942
2023-03-01 23:01:43.205 DEBUG 49523 --- [    Test worker] org.hibernate.type.BasicTypeRegistry     : Adding type registration java.lang.Object -> org.hibernate.type.ObjectType@318e3942
2023-03-01 23:01:43.205 DEBUG 49523 --- [    Test worker] org.hibernate.type.BasicTypeRegistry     : Adding type registration imm_date -> org.hibernate.type.AdaptedImmutableType@1c18ee69
2023-03-01 23:01:43.205 DEBUG 49523 --- [    Test worker] org.hibernate.type.BasicTypeRegistry     : Adding type registration imm_time -> org.hibernate.type.AdaptedImmutableType@2f99d8c
2023-03-01 23:01:43.205 DEBUG 49523 --- [    Test worker] org.hibernate.type.BasicTypeRegistry     : Adding type registration imm_timestamp -> org.hibernate.type.AdaptedImmutableType@65d7eea4
2023-03-01 23:01:43.205 DEBUG 49523 --- [    Test worker] org.hibernate.type.BasicTypeRegistry     : Adding type registration imm_dbtimestamp -> org.hibernate.type.AdaptedImmutableType@5d37aa0f
2023-03-01 23:01:43.206 DEBUG 49523 --- [    Test worker] org.hibernate.type.BasicTypeRegistry     : Adding type registration imm_calendar -> org.hibernate.type.AdaptedImmutableType@6076c66
2023-03-01 23:01:43.206 DEBUG 49523 --- [    Test worker] org.hibernate.type.BasicTypeRegistry     : Adding type registration imm_calendar_date -> org.hibernate.type.AdaptedImmutableType@485c84d7
2023-03-01 23:01:43.206 DEBUG 49523 --- [    Test worker] org.hibernate.type.BasicTypeRegistry     : Adding type registration imm_binary -> org.hibernate.type.AdaptedImmutableType@1224e1b6
2023-03-01 23:01:43.206 DEBUG 49523 --- [    Test worker] org.hibernate.type.BasicTypeRegistry     : Adding type registration imm_serializable -> org.hibernate.type.AdaptedImmutableType@72a3462f
2023-03-01 23:01:43.225  INFO 49523 --- [    Test worker] com.zaxxer.hikari.HikariDataSource       : HikariPool-1 - Starting...
2023-03-01 23:01:43.268  INFO 49523 --- [    Test worker] com.zaxxer.hikari.HikariDataSource       : HikariPool-1 - Start completed.
2023-03-01 23:01:43.282  INFO 49523 --- [    Test worker] org.hibernate.dialect.Dialect            : HHH000400: Using dialect: org.hibernate.dialect.H2Dialect
2023-03-01 23:01:43.297 DEBUG 49523 --- [    Test worker] o.h.type.spi.TypeConfiguration$Scope     : Scoping TypeConfiguration [org.hibernate.type.spi.TypeConfiguration@5f33e6d] to MetadataBuildingContext [org.hibernate.boot.internal.MetadataBuildingContextRootImpl@151a6598]
2023-03-01 23:01:43.421 DEBUG 49523 --- [    Test worker] org.hibernate.type.EnumType              : Using NAMED-based conversion for Enum com.board.Board_Upgraded.entity.member.Role
2023-03-01 23:01:43.421 DEBUG 49523 --- [    Test worker] o.h.type.spi.TypeConfiguration$Scope     : Scoping TypeConfiguration [org.hibernate.type.spi.TypeConfiguration@5f33e6d] to SessionFactoryImpl [org.hibernate.internal.SessionFactoryImpl@2524d07a]
2023-03-01 23:01:43.577 DEBUG 49523 --- [    Test worker] org.hibernate.SQL                        : 
    
    drop table if exists member CASCADE 
2023-03-01 23:01:43.580 DEBUG 49523 --- [    Test worker] org.hibernate.SQL                        : 
    
    drop table if exists post CASCADE 
2023-03-01 23:01:43.581 DEBUG 49523 --- [    Test worker] org.hibernate.SQL                        : 
    
    drop table if exists refresh_token CASCADE 
2023-03-01 23:01:43.582 DEBUG 49523 --- [    Test worker] org.hibernate.SQL                        : 
    
    create table member (
       id bigint generated by default as identity,
        created_time timestamp not null,
        last_modified_time timestamp not null,
        member_email varchar(255),
        member_nickname varchar(255),
        member_password varchar(255),
        member_role varchar(255),
        member_username varchar(255),
        primary key (id)
    )
2023-03-01 23:01:43.584 DEBUG 49523 --- [    Test worker] org.hibernate.SQL                        : 
    
    create table post (
       id bigint generated by default as identity,
        created_time timestamp not null,
        last_modified_time timestamp not null,
        content varchar(255),
        title varchar(255),
        member_id bigint,
        primary key (id)
    )
2023-03-01 23:01:43.585 DEBUG 49523 --- [    Test worker] org.hibernate.SQL                        : 
    
    create table refresh_token (
       rt_key varchar(255) not null,
        rt_value varchar(255),
        primary key (rt_key)
    )
2023-03-01 23:01:43.585 DEBUG 49523 --- [    Test worker] org.hibernate.SQL                        : 
    
    alter table post 
       add constraint FK83s99f4kx8oiqm3ro0sasmpww 
       foreign key (member_id) 
       references member
2023-03-01 23:01:43.588  INFO 49523 --- [    Test worker] o.h.e.t.j.p.i.JtaPlatformInitiator       : HHH000490: Using JtaPlatform implementation: [org.hibernate.engine.transaction.jta.platform.internal.NoJtaPlatform]
2023-03-01 23:01:43.591 TRACE 49523 --- [    Test worker] o.h.type.spi.TypeConfiguration$Scope     : Handling #sessionFactoryCreated from [org.hibernate.internal.SessionFactoryImpl@2524d07a] for TypeConfiguration
2023-03-01 23:01:43.592  INFO 49523 --- [    Test worker] j.LocalContainerEntityManagerFactoryBean : Initialized JPA EntityManagerFactory for persistence unit 'default'
2023-03-01 23:01:43.916  WARN 49523 --- [    Test worker] JpaBaseConfiguration$JpaWebConfiguration : spring.jpa.open-in-view is enabled by default. Therefore, database queries may be performed during view rendering. Explicitly configure spring.jpa.open-in-view to disable this warning
2023-03-01 23:01:44.083  INFO 49523 --- [    Test worker] o.s.s.web.DefaultSecurityFilterChain     : Will secure any request with [org.springframework.security.web.session.DisableEncodeUrlFilter@1e86b2d1, org.springframework.security.web.context.request.async.WebAsyncManagerIntegrationFilter@65029fc, org.springframework.security.web.context.SecurityContextPersistenceFilter@16160a37, org.springframework.security.web.header.HeaderWriterFilter@6f09cb98, org.springframework.web.filter.CorsFilter@2c1a0f82, org.springframework.security.web.authentication.logout.LogoutFilter@1c0a4f87, com.board.Board_Upgraded.config.jwt.JwtFilter@4865434e, org.springframework.security.web.savedrequest.RequestCacheAwareFilter@7b45f7ef, org.springframework.security.web.servletapi.SecurityContextHolderAwareRequestFilter@5da41d02, org.springframework.security.web.authentication.AnonymousAuthenticationFilter@3c6e407, org.springframework.security.web.session.SessionManagementFilter@4b20a8e4, org.springframework.security.web.access.ExceptionTranslationFilter@fe38d1e, org.springframework.security.web.access.intercept.FilterSecurityInterceptor@6195ce27]
2023-03-01 23:01:44.350  INFO 49523 --- [    Test worker] o.s.b.t.m.w.SpringBootMockServletContext : Initializing Spring TestDispatcherServlet ''
2023-03-01 23:01:44.350  INFO 49523 --- [    Test worker] o.s.t.web.servlet.TestDispatcherServlet  : Initializing Servlet ''
2023-03-01 23:01:44.350  INFO 49523 --- [    Test worker] o.s.t.web.servlet.TestDispatcherServlet  : Completed initialization in 0 ms
2023-03-01 23:01:44.478  INFO 49523 --- [    Test worker] c.b.B.controller.post.EditTest           : Started EditTest in 2.276 seconds (JVM running for 2.841)
2023-03-01 23:01:44.497  INFO 49523 --- [    Test worker] o.s.t.c.transaction.TransactionContext   : Began transaction (1) for test context [DefaultTestContext@4ebea12c testClass = EditTest, testInstance = com.board.Board_Upgraded.controller.post.EditTest@73e0c775, testMethod = editPost_OnlyTitle@EditTest, testException = [null], mergedContextConfiguration = [WebMergedContextConfiguration@2a1edad4 testClass = EditTest, locations = '{}', classes = '{class com.board.Board_Upgraded.BoardUpgradedApplication}', contextInitializerClasses = '[]', activeProfiles = '{}', propertySourceLocations = '{}', propertySourceProperties = '{org.springframework.boot.test.context.SpringBootTestContextBootstrapper=true}', contextCustomizers = set[org.springframework.boot.test.autoconfigure.actuate.metrics.MetricsExportContextCustomizerFactory$DisableMetricExportContextCustomizer@56928307, org.springframework.boot.test.autoconfigure.properties.PropertyMappingContextCustomizer@4b3fa0b3, org.springframework.boot.test.autoconfigure.web.servlet.WebDriverContextCustomizerFactory$Customizer@38234a38, [ImportsContextCustomizer@6256ac4f key = [org.springframework.boot.test.autoconfigure.web.servlet.MockMvcAutoConfiguration, org.springframework.boot.test.autoconfigure.web.servlet.MockMvcWebClientAutoConfiguration, org.springframework.boot.test.autoconfigure.web.servlet.MockMvcWebDriverAutoConfiguration, org.springframework.boot.autoconfigure.security.oauth2.client.servlet.OAuth2ClientAutoConfiguration, org.springframework.boot.autoconfigure.security.oauth2.resource.servlet.OAuth2ResourceServerAutoConfiguration, org.springframework.boot.autoconfigure.security.servlet.SecurityAutoConfiguration, org.springframework.boot.autoconfigure.security.servlet.SecurityFilterAutoConfiguration, org.springframework.boot.autoconfigure.security.servlet.UserDetailsServiceAutoConfiguration, org.springframework.boot.test.autoconfigure.web.servlet.MockMvcSecurityConfiguration, org.springframework.boot.test.autoconfigure.web.reactive.WebTestClientAutoConfiguration]], org.springframework.boot.test.context.filter.ExcludeFilterContextCustomizer@3a4621bd, org.springframework.boot.test.json.DuplicateJsonObjectContextCustomizerFactory$DuplicateJsonObjectContextCustomizer@7e6ef134, org.springframework.boot.test.mock.mockito.MockitoContextCustomizer@0, org.springframework.boot.test.web.client.TestRestTemplateContextCustomizer@34f22f9d, org.springframework.boot.test.context.SpringBootTestArgs@1, org.springframework.boot.test.context.SpringBootTestWebEnvironment@50caa560], resourceBasePath = 'src/main/webapp', contextLoader = 'org.springframework.boot.test.context.SpringBootContextLoader', parent = [null]], attributes = map['org.springframework.test.context.web.ServletTestExecutionListener.activateListener' -> true, 'org.springframework.test.context.web.ServletTestExecutionListener.populatedRequestContextHolder' -> true, 'org.springframework.test.context.web.ServletTestExecutionListener.resetRequestContextHolder' -> true, 'org.springframework.test.context.event.ApplicationEventsTestExecutionListener.recordApplicationEvents' -> false]]; transaction manager [org.springframework.orm.jpa.JpaTransactionManager@25c756f0]; rollback [true]
2023-03-01 23:01:44.605 DEBUG 49523 --- [    Test worker] org.hibernate.SQL                        : 
    select
        post0_.id as id1_1_,
        post0_.created_time as created_2_1_,
        post0_.last_modified_time as last_mod3_1_,
        post0_.content as content4_1_,
        post0_.member_id as member_i6_1_,
        post0_.title as title5_1_ 
    from
        post post0_
2023-03-01 23:01:44.615 DEBUG 49523 --- [    Test worker] org.hibernate.SQL                        : 
    select
        member0_.id as id1_0_,
        member0_.created_time as created_2_0_,
        member0_.last_modified_time as last_mod3_0_,
        member0_.member_email as member_e4_0_,
        member0_.member_nickname as member_n5_0_,
        member0_.member_password as member_p6_0_,
        member0_.member_role as member_r7_0_,
        member0_.member_username as member_u8_0_ 
    from
        member member0_
2023-03-01 23:01:44.624 DEBUG 49523 --- [    Test worker] org.hibernate.SQL                        : 
    select
        member0_.id as id1_0_,
        member0_.created_time as created_2_0_,
        member0_.last_modified_time as last_mod3_0_,
        member0_.member_email as member_e4_0_,
        member0_.member_nickname as member_n5_0_,
        member0_.member_password as member_p6_0_,
        member0_.member_role as member_r7_0_,
        member0_.member_username as member_u8_0_ 
    from
        member member0_ 
    where
        member0_.member_username=?
2023-03-01 23:01:44.625 TRACE 49523 --- [    Test worker] o.h.type.descriptor.sql.BasicBinder      : binding parameter [1] as [VARCHAR] - [test]
2023-03-01 23:01:44.628 DEBUG 49523 --- [    Test worker] org.hibernate.SQL                        : 
    select
        member0_.id as id1_0_,
        member0_.created_time as created_2_0_,
        member0_.last_modified_time as last_mod3_0_,
        member0_.member_email as member_e4_0_,
        member0_.member_nickname as member_n5_0_,
        member0_.member_password as member_p6_0_,
        member0_.member_role as member_r7_0_,
        member0_.member_username as member_u8_0_ 
    from
        member member0_ 
    where
        member0_.member_nickname=?
2023-03-01 23:01:44.628 TRACE 49523 --- [    Test worker] o.h.type.descriptor.sql.BasicBinder      : binding parameter [1] as [VARCHAR] - [test]
2023-03-01 23:01:44.630 DEBUG 49523 --- [    Test worker] org.hibernate.SQL                        : 
    select
        member0_.id as id1_0_,
        member0_.created_time as created_2_0_,
        member0_.last_modified_time as last_mod3_0_,
        member0_.member_email as member_e4_0_,
        member0_.member_nickname as member_n5_0_,
        member0_.member_password as member_p6_0_,
        member0_.member_role as member_r7_0_,
        member0_.member_username as member_u8_0_ 
    from
        member member0_ 
    where
        member0_.member_email=?
2023-03-01 23:01:44.631 TRACE 49523 --- [    Test worker] o.h.type.descriptor.sql.BasicBinder      : binding parameter [1] as [VARCHAR] - [test@test.com]
2023-03-01 23:01:44.739 DEBUG 49523 --- [    Test worker] org.hibernate.SQL                        : 
    insert 
    into
        member
        (id, created_time, last_modified_time, member_email, member_nickname, member_password, member_role, member_username) 
    values
        (default, ?, ?, ?, ?, ?, ?, ?)
2023-03-01 23:01:44.739 TRACE 49523 --- [    Test worker] o.h.type.descriptor.sql.BasicBinder      : binding parameter [1] as [TIMESTAMP] - [2023-03-01T23:01:44.723054]
2023-03-01 23:01:44.740 TRACE 49523 --- [    Test worker] o.h.type.descriptor.sql.BasicBinder      : binding parameter [2] as [TIMESTAMP] - [2023-03-01T23:01:44.714802]
2023-03-01 23:01:44.740 TRACE 49523 --- [    Test worker] o.h.type.descriptor.sql.BasicBinder      : binding parameter [3] as [VARCHAR] - [test@test.com]
2023-03-01 23:01:44.740 TRACE 49523 --- [    Test worker] o.h.type.descriptor.sql.BasicBinder      : binding parameter [4] as [VARCHAR] - [test]
2023-03-01 23:01:44.740 TRACE 49523 --- [    Test worker] o.h.type.descriptor.sql.BasicBinder      : binding parameter [5] as [VARCHAR] - [$2a$10$T.VfpUdnYkKjc1lGXYguHO4D3ubtyFwp/wbBeK7Usexo4G/kWxvlK]
2023-03-01 23:01:44.740 TRACE 49523 --- [    Test worker] o.h.type.descriptor.sql.BasicBinder      : binding parameter [6] as [VARCHAR] - [USER]
2023-03-01 23:01:44.741 TRACE 49523 --- [    Test worker] o.h.type.descriptor.sql.BasicBinder      : binding parameter [7] as [VARCHAR] - [test]
2023-03-01 23:01:44.746 DEBUG 49523 --- [    Test worker] org.hibernate.SQL                        : 
    select
        member0_.id as id1_0_,
        member0_.created_time as created_2_0_,
        member0_.last_modified_time as last_mod3_0_,
        member0_.member_email as member_e4_0_,
        member0_.member_nickname as member_n5_0_,
        member0_.member_password as member_p6_0_,
        member0_.member_role as member_r7_0_,
        member0_.member_username as member_u8_0_ 
    from
        member member0_ 
    where
        member0_.member_username=?
2023-03-01 23:01:44.746 TRACE 49523 --- [    Test worker] o.h.type.descriptor.sql.BasicBinder      : binding parameter [1] as [VARCHAR] - [test]
2023-03-01 23:01:44.747 TRACE 49523 --- [    Test worker] o.h.type.descriptor.sql.BasicExtractor   : extracted value ([id1_0_] : [BIGINT]) - [1]
2023-03-01 23:01:44.751 DEBUG 49523 --- [    Test worker] org.hibernate.SQL                        : 
    insert 
    into
        post
        (id, created_time, last_modified_time, content, member_id, title) 
    values
        (default, ?, ?, ?, ?, ?)
2023-03-01 23:01:44.752 TRACE 49523 --- [    Test worker] o.h.type.descriptor.sql.BasicBinder      : binding parameter [1] as [TIMESTAMP] - [2023-03-01T23:01:44.751218]
2023-03-01 23:01:44.752 TRACE 49523 --- [    Test worker] o.h.type.descriptor.sql.BasicBinder      : binding parameter [2] as [TIMESTAMP] - [2023-03-01T23:01:44.749659]
2023-03-01 23:01:44.752 TRACE 49523 --- [    Test worker] o.h.type.descriptor.sql.BasicBinder      : binding parameter [3] as [VARCHAR] - [내용입니다.]
2023-03-01 23:01:44.753 TRACE 49523 --- [    Test worker] o.h.type.descriptor.sql.BasicBinder      : binding parameter [4] as [BIGINT] - [1]
2023-03-01 23:01:44.753 TRACE 49523 --- [    Test worker] o.h.type.descriptor.sql.BasicBinder      : binding parameter [5] as [VARCHAR] - [제목입니다.]
2023-03-01 23:01:44.757 DEBUG 49523 --- [    Test worker] org.hibernate.SQL                        : 
    select
        post0_.id as id1_1_,
        post0_.created_time as created_2_1_,
        post0_.last_modified_time as last_mod3_1_,
        post0_.content as content4_1_,
        post0_.member_id as member_i6_1_,
        post0_.title as title5_1_ 
    from
        post post0_ 
    where
        post0_.title=?
2023-03-01 23:01:44.758 TRACE 49523 --- [    Test worker] o.h.type.descriptor.sql.BasicBinder      : binding parameter [1] as [VARCHAR] - [제목입니다.]
2023-03-01 23:01:44.759 TRACE 49523 --- [    Test worker] o.h.type.descriptor.sql.BasicExtractor   : extracted value ([id1_1_] : [BIGINT]) - [1]
2023-03-01 23:01:44.761 DEBUG 49523 --- [    Test worker] org.hibernate.SQL                        : 
    select
        member0_.id as id1_0_,
        member0_.created_time as created_2_0_,
        member0_.last_modified_time as last_mod3_0_,
        member0_.member_email as member_e4_0_,
        member0_.member_nickname as member_n5_0_,
        member0_.member_password as member_p6_0_,
        member0_.member_role as member_r7_0_,
        member0_.member_username as member_u8_0_ 
    from
        member member0_ 
    where
        member0_.member_username=?
2023-03-01 23:01:44.761 TRACE 49523 --- [    Test worker] o.h.type.descriptor.sql.BasicBinder      : binding parameter [1] as [VARCHAR] - [test]
2023-03-01 23:01:44.762 TRACE 49523 --- [    Test worker] o.h.type.descriptor.sql.BasicExtractor   : extracted value ([id1_0_] : [BIGINT]) - [1]
2023-03-01 23:01:44.936 DEBUG 49523 --- [    Test worker] org.hibernate.SQL                        : 
    select
        member0_.id as id1_0_,
        member0_.created_time as created_2_0_,
        member0_.last_modified_time as last_mod3_0_,
        member0_.member_email as member_e4_0_,
        member0_.member_nickname as member_n5_0_,
        member0_.member_password as member_p6_0_,
        member0_.member_role as member_r7_0_,
        member0_.member_username as member_u8_0_ 
    from
        member member0_ 
    where
        member0_.member_username=?
2023-03-01 23:01:44.936 TRACE 49523 --- [    Test worker] o.h.type.descriptor.sql.BasicBinder      : binding parameter [1] as [VARCHAR] - [test]
2023-03-01 23:01:44.937 TRACE 49523 --- [    Test worker] o.h.type.descriptor.sql.BasicExtractor   : extracted value ([id1_0_] : [BIGINT]) - [1]
2023-03-01 23:01:45.052 DEBUG 49523 --- [    Test worker] org.hibernate.SQL                        : 
    select
        refreshtok0_.rt_key as rt_key1_2_0_,
        refreshtok0_.rt_value as rt_value2_2_0_ 
    from
        refresh_token refreshtok0_ 
    where
        refreshtok0_.rt_key=?
2023-03-01 23:01:45.053 TRACE 49523 --- [    Test worker] o.h.type.descriptor.sql.BasicBinder      : binding parameter [1] as [VARCHAR] - [test]
2023-03-01 23:01:45.105 DEBUG 49523 --- [    Test worker] org.hibernate.SQL                        : 
    select
        member0_.id as id1_0_,
        member0_.created_time as created_2_0_,
        member0_.last_modified_time as last_mod3_0_,
        member0_.member_email as member_e4_0_,
        member0_.member_nickname as member_n5_0_,
        member0_.member_password as member_p6_0_,
        member0_.member_role as member_r7_0_,
        member0_.member_username as member_u8_0_ 
    from
        member member0_ 
    where
        member0_.member_username=?
2023-03-01 23:01:45.106 TRACE 49523 --- [    Test worker] o.h.type.descriptor.sql.BasicBinder      : binding parameter [1] as [VARCHAR] - [test]
2023-03-01 23:01:45.106 TRACE 49523 --- [    Test worker] o.h.type.descriptor.sql.BasicExtractor   : extracted value ([id1_0_] : [BIGINT]) - [1]

MockHttpServletRequest:
      HTTP Method = PATCH
      Request URI = /api/posts/edit
       Parameters = {id=[1]}
          Headers = [Content-Type:"application/json;charset=UTF-8", Authorization:"Bearer eyJhbGciOiJIUzUxMiJ9.eyJzdWIiOiJ0ZXN0IiwiYXV0aCI6IlVTRVIiLCJleHAiOjE2Nzc3NjU3MDV9.UP4vatVeUbG95_TMcJg2p-nPpvzWDMOTf7-5egrrFggaFRGJhxpdDO2eIlQPZsDdTlR-8oqKxA-L9Z_JJBmDcQ", RefreshToken:"Bearer eyJhbGciOiJIUzUxMiJ9.eyJleHAiOjE2NzgyODQxMDV9.pSWmoEg-kBoJpr7rERYKV6jrVc4X0mW-8CGiMxYRibdGjPKGLHV2cW37odTyaYN99QDGIl4cOthbIdz9M_A5cw", Content-Length:"50"]
             Body = {"title":"바뀐 제목입니다.","content":null}
    Session Attrs = {}

Handler:
             Type = com.board.Board_Upgraded.controller.post.PostController
           Method = com.board.Board_Upgraded.controller.post.PostController#edit(EditPostRequestDto, Long)

Async:
    Async started = false
     Async result = null

Resolved Exception:
             Type = null

ModelAndView:
        View name = null
             View = null
            Model = null

FlashMap:
       Attributes = null

MockHttpServletResponse:
           Status = 200
    Error message = null
          Headers = [Vary:"Origin", "Access-Control-Request-Method", "Access-Control-Request-Headers", Content-Type:"application/json", X-Content-Type-Options:"nosniff", X-XSS-Protection:"1; mode=block", Cache-Control:"no-cache, no-store, max-age=0, must-revalidate", Pragma:"no-cache", Expires:"0", X-Frame-Options:"DENY"]
     Content type = application/json
             Body = {"success":true,"code":200,"result":{"data":{"writer":"test","title":"바뀐 제목입니다.","content":"내용입니다.","lastModifiedDate":[2023,3,1,23,1,45,107961000]}}}
    Forwarded URL = null
   Redirected URL = null
          Cookies = []
2023-03-01 23:01:45.150  INFO 49523 --- [    Test worker] o.s.t.c.transaction.TransactionContext   : Rolled back transaction for test: [DefaultTestContext@4ebea12c testClass = EditTest, testInstance = com.board.Board_Upgraded.controller.post.EditTest@73e0c775, testMethod = editPost_OnlyTitle@EditTest, testException = [null], mergedContextConfiguration = [WebMergedContextConfiguration@2a1edad4 testClass = EditTest, locations = '{}', classes = '{class com.board.Board_Upgraded.BoardUpgradedApplication}', contextInitializerClasses = '[]', activeProfiles = '{}', propertySourceLocations = '{}', propertySourceProperties = '{org.springframework.boot.test.context.SpringBootTestContextBootstrapper=true}', contextCustomizers = set[org.springframework.boot.test.autoconfigure.actuate.metrics.MetricsExportContextCustomizerFactory$DisableMetricExportContextCustomizer@56928307, org.springframework.boot.test.autoconfigure.properties.PropertyMappingContextCustomizer@4b3fa0b3, org.springframework.boot.test.autoconfigure.web.servlet.WebDriverContextCustomizerFactory$Customizer@38234a38, [ImportsContextCustomizer@6256ac4f key = [org.springframework.boot.test.autoconfigure.web.servlet.MockMvcAutoConfiguration, org.springframework.boot.test.autoconfigure.web.servlet.MockMvcWebClientAutoConfiguration, org.springframework.boot.test.autoconfigure.web.servlet.MockMvcWebDriverAutoConfiguration, org.springframework.boot.autoconfigure.security.oauth2.client.servlet.OAuth2ClientAutoConfiguration, org.springframework.boot.autoconfigure.security.oauth2.resource.servlet.OAuth2ResourceServerAutoConfiguration, org.springframework.boot.autoconfigure.security.servlet.SecurityAutoConfiguration, org.springframework.boot.autoconfigure.security.servlet.SecurityFilterAutoConfiguration, org.springframework.boot.autoconfigure.security.servlet.UserDetailsServiceAutoConfiguration, org.springframework.boot.test.autoconfigure.web.servlet.MockMvcSecurityConfiguration, org.springframework.boot.test.autoconfigure.web.reactive.WebTestClientAutoConfiguration]], org.springframework.boot.test.context.filter.ExcludeFilterContextCustomizer@3a4621bd, org.springframework.boot.test.json.DuplicateJsonObjectContextCustomizerFactory$DuplicateJsonObjectContextCustomizer@7e6ef134, org.springframework.boot.test.mock.mockito.MockitoContextCustomizer@0, org.springframework.boot.test.web.client.TestRestTemplateContextCustomizer@34f22f9d, org.springframework.boot.test.context.SpringBootTestArgs@1, org.springframework.boot.test.context.SpringBootTestWebEnvironment@50caa560], resourceBasePath = 'src/main/webapp', contextLoader = 'org.springframework.boot.test.context.SpringBootContextLoader', parent = [null]], attributes = map['org.springframework.test.context.web.ServletTestExecutionListener.activateListener' -> true, 'org.springframework.test.context.web.ServletTestExecutionListener.populatedRequestContextHolder' -> true, 'org.springframework.test.context.web.ServletTestExecutionListener.resetRequestContextHolder' -> true, 'org.springframework.test.context.event.ApplicationEventsTestExecutionListener.recordApplicationEvents' -> false]]
]]></system-out>
  <system-err><![CDATA[]]></system-err>
</testsuite>
